		g3log created log at: Mon Mar 09 15:40:34 2020
		LOG format: [YYYY/MM/DD hh:mm:ss uuu* LEVEL FILE->FUNCTION:LINE] message		(uuu*: microseconds fractions of the seconds value)

2020/03/09 15:40:34 771691	INFO [g3logger.h->logBanner:29]	Starting log.
2020/03/09 15:40:34 775673	DEBUG [main.cpp->main:48]	Filepath: /home/mitchell/KITTI/data_odometry_gray/dataset/sequences/00/
2020/03/09 15:40:34 775678	DEBUG [main.cpp->main:52]	Calibration Filepath: /home/mitchell/visual_odom_catkin_ws/tank_downsized.yaml
2020/03/09 15:40:34 775778	INFO [main.cpp->main:66]	P_left: 
[409.41, 0, 251.22, 0;
 0, 408.72, 191.78999, 0;
 0, 0, 1, 0]
2020/03/09 15:40:34 775789	INFO [main.cpp->main:67]	P_right: 
[409.41, 0, 251.22, -73.940002;
 0, 408.72, 191.78999, 0;
 0, 0, 1, 0]
2020/03/09 15:40:34 932424	INFO [input.cpp->Input:22]	frame_pose [1, 0, 0, 0;
 0, 1, 0, 0;
 0, 0, 1, 0;
 0, 0, 0, 1]
2020/03/09 15:40:35 370534	INFO [input.cpp->run:173]	
frame_id 1
2020/03/09 15:40:35 521864	INFO [input.cpp->run:235]	rotation: 
[0.9999943424951924, -0.002389669691018333, 0.002367373307213145;
 0.002422620346874447, 0.9998988506625034, -0.0140149689425172;
 -0.002333642702469017, 0.01402062489950573, 0.9998989829923643]
2020/03/09 15:40:35 521956	INFO [input.cpp->run:256]	frame times (ms): 601.83
2020/03/09 15:40:35 521961	INFO [input.cpp->run:257]	FPS: 1.6616
2020/03/09 15:40:35 533920	INFO [input.cpp->run:173]	
frame_id 2
2020/03/09 15:40:35 624362	INFO [input.cpp->run:235]	rotation: 
[-0.9720352794351838, -0.004906193045021723, -0.234783612722799;
 -0.01468124948705596, -0.9965564486516129, 0.08160701908772364;
 -0.2343755030861014, 0.08277181839666356, 0.968615996993879]
2020/03/09 15:40:35 624423	INFO [input.cpp->run:256]	frame times (ms): 609.254
2020/03/09 15:40:35 624428	INFO [input.cpp->run:257]	FPS: 1.64135
2020/03/09 15:40:35 636871	INFO [input.cpp->run:173]	
frame_id 3
2020/03/09 15:40:35 726799	INFO [input.cpp->run:235]	rotation: 
[0.9999711418266187, 0.006973647998917183, 0.00301392560552098;
 -0.006920889255532104, 0.999828553128786, -0.01717456375896825;
 -0.003133178239595847, 0.01715320908708932, 0.9998479637485559]
2020/03/09 15:40:35 726861	INFO [input.cpp->run:256]	frame times (ms): 586.285
2020/03/09 15:40:35 726863	INFO [input.cpp->run:257]	FPS: 1.70566
2020/03/09 15:40:35 770220	INFO [input.cpp->run:173]	
frame_id 4
2020/03/09 15:40:35 858431	INFO [input.cpp->run:235]	rotation: 
[0.9999944909443621, -0.002550902694443872, 0.002123905922941095;
 0.002579828766756037, 0.9999024138464663, -0.0137297948835519;
 -0.002088675288368994, 0.01373519855894587, 0.9999034862205882]
2020/03/09 15:40:35 858505	INFO [input.cpp->run:256]	frame times (ms): 597.279
2020/03/09 15:40:35 858511	INFO [input.cpp->run:257]	FPS: 1.67426
2020/03/09 15:40:35 902472	INFO [input.cpp->run:173]	
frame_id 5
2020/03/09 15:40:36 035382	INFO [input.cpp->run:235]	rotation: 
[0.9999755551955175, -0.003538576233681985, 0.006030546381123206;
 0.003652034303472172, 0.9998145597147527, -0.0189079038457842;
 -0.005962521015704657, 0.01892946540802406, 0.9998030424451126]
2020/03/09 15:40:36 035439	INFO [input.cpp->run:256]	frame times (ms): 620.091
2020/03/09 15:40:36 035444	INFO [input.cpp->run:257]	FPS: 1.61267
2020/03/09 15:40:36 041850	INFO [input.cpp->run:173]	
frame_id 6
2020/03/09 15:40:36 123901	INFO [input.cpp->run:235]	rotation: 
[0.9999970763959843, -0.001808618845089143, 0.001605022540993809;
 0.001828270978743474, 0.9999223317342872, -0.01232833826167833;
 -0.001582600616767915, 0.01233123663463101, 0.9999227150026888]
2020/03/09 15:40:36 123977	INFO [input.cpp->run:256]	frame times (ms): 593.928
2020/03/09 15:40:36 123984	INFO [input.cpp->run:257]	FPS: 1.68371
2020/03/09 15:40:36 170982	INFO [input.cpp->run:173]	
frame_id 7
2020/03/09 15:40:36 256452	INFO [input.cpp->run:235]	rotation: 
[-0.9393036114182844, -0.02023339492913584, -0.3424899054077507;
 -0.02475699072051594, -0.9916598564712343, 0.1264824907800097;
 -0.3421926606270694, 0.1272844797808931, 0.9309687665114631]
2020/03/09 15:40:36 256511	INFO [input.cpp->run:256]	frame times (ms): 582.753
2020/03/09 15:40:36 256522	INFO [input.cpp->run:257]	FPS: 1.71599
2020/03/09 15:40:36 305223	INFO [input.cpp->run:173]	
frame_id 8
2020/03/09 15:40:36 393883	INFO [input.cpp->run:235]	rotation: 
[-0.9469946489618695, -0.03148773714993094, -0.319702451111596;
 -0.03573860869211825, -0.9786810251277515, 0.2022528192724276;
 -0.3192552062008343, 0.2029580583866293, 0.9256803659198956]
2020/03/09 15:40:36 393948	INFO [input.cpp->run:256]	frame times (ms): 609.007
2020/03/09 15:40:36 393954	INFO [input.cpp->run:257]	FPS: 1.64202
2020/03/09 15:40:36 440001	INFO [input.cpp->run:173]	
frame_id 9
2020/03/09 15:40:36 523979	INFO [input.cpp->run:235]	rotation: 
[-0.9722855253147641, -0.009087619517625161, -0.2336199315873886;
 -0.01722008939699039, -0.9937466076566345, 0.1103229273183536;
 -0.2331615872834823, 0.1112883414488416, 0.9660489528346963]
2020/03/09 15:40:36 524040	INFO [input.cpp->run:256]	frame times (ms): 593.317
2020/03/09 15:40:36 524045	INFO [input.cpp->run:257]	FPS: 1.68544
2020/03/09 15:40:36 571441	INFO [input.cpp->run:173]	
frame_id 10
2020/03/09 15:40:36 652024	INFO [input.cpp->run:235]	rotation: 
[-0.973235017248115, -0.01537856780886029, -0.2292969708788355;
 -0.01202588269137112, -0.9929833971052208, 0.1176407719239751;
 -0.2294972316773225, 0.1172496171657871, 0.9662212727563604]
2020/03/09 15:40:36 652100	INFO [input.cpp->run:256]	frame times (ms): 599.523
2020/03/09 15:40:36 652105	INFO [input.cpp->run:257]	FPS: 1.66799
2020/03/09 15:40:36 705250	INFO [input.cpp->run:173]	
frame_id 11
2020/03/09 15:40:36 786914	INFO [input.cpp->run:235]	rotation: 
[-0.9875204415449411, -0.01036086460523868, -0.1571497057442886;
 -0.00960883134517241, -0.9920110433866398, 0.1257845783835613;
 -0.1571974805493543, 0.125724867403319, 0.9795316277820502]
2020/03/09 15:40:36 786980	INFO [input.cpp->run:256]	frame times (ms): 607.888
2020/03/09 15:40:36 786983	INFO [input.cpp->run:257]	FPS: 1.64504
2020/03/09 15:40:36 838421	INFO [input.cpp->run:173]	
frame_id 12
2020/03/09 15:40:36 915446	INFO [input.cpp->run:235]	rotation: 
[-0.9862298667811825, -0.01056739864442275, -0.1650423580619862;
 -0.01031218687008029, -0.9920850837410724, 0.1251432995426679;
 -0.1650585007526954, 0.1251220072743369, 0.9783149669840046]
2020/03/09 15:40:36 915502	INFO [input.cpp->run:256]	frame times (ms): 586.525
2020/03/09 15:40:36 915507	INFO [input.cpp->run:257]	FPS: 1.70496
2020/03/09 15:40:36 971991	INFO [input.cpp->run:173]	
frame_id 13
2020/03/09 15:40:37 051931	INFO [input.cpp->run:235]	rotation: 
[0.9999965115203605, -0.001142914773012552, 0.00238132167737152;
 0.001171443470681453, 0.9999271497979011, -0.01201344318839653;
 -0.002367417855911295, 0.01201619086347511, 0.9999250004324465]
2020/03/09 15:40:37 051994	INFO [input.cpp->run:256]	frame times (ms): 591.631
2020/03/09 15:40:37 051999	INFO [input.cpp->run:257]	FPS: 1.69024
2020/03/09 15:40:37 105881	INFO [input.cpp->run:173]	
frame_id 14
2020/03/09 15:40:37 196026	INFO [input.cpp->run:235]	rotation: 
[-0.9425249220296674, -0.01176019170901715, -0.3339288385928003;
 -0.01585899711979848, -0.996679664050424, 0.07986325487161312;
 -0.3337592898532168, 0.0805688845603635, 0.9392089178012391]
2020/03/09 15:40:37 196088	INFO [input.cpp->run:256]	frame times (ms): 622.288
2020/03/09 15:40:37 196091	INFO [input.cpp->run:257]	FPS: 1.60697
2020/03/09 15:40:37 238815	INFO [input.cpp->run:173]	
frame_id 15
2020/03/09 15:40:37 318218	INFO [input.cpp->run:235]	rotation: 
[-0.9856586991279227, -0.006758406722235587, -0.1686156955091311;
 -0.01081057666939261, -0.9946163754894108, 0.103060162237319;
 -0.1684044544111774, 0.1034049783467129, 0.9802792205221891]
2020/03/09 15:40:37 318286	INFO [input.cpp->run:256]	frame times (ms): 615.153
2020/03/09 15:40:37 318291	INFO [input.cpp->run:257]	FPS: 1.62561
2020/03/09 15:40:37 372430	INFO [input.cpp->run:173]	
frame_id 16
2020/03/09 15:40:37 451808	INFO [input.cpp->run:235]	rotation: 
[-0.9859750193897331, 0.005346061686983236, -0.1668073162779574;
 -0.01259313069089789, -0.9990205698086784, 0.04241832338206716;
 -0.1664171691828026, 0.04392403355319989, 0.9850766493413594]
2020/03/09 15:40:37 451882	INFO [input.cpp->run:256]	frame times (ms): 608.251
2020/03/09 15:40:37 451889	INFO [input.cpp->run:257]	FPS: 1.64406
2020/03/09 15:40:37 506613	INFO [input.cpp->run:173]	
frame_id 17
2020/03/09 15:40:37 585719	INFO [input.cpp->run:235]	rotation: 
[-0.9375923196470879, -0.02617241412855849, -0.3467501216690142;
 -0.02994416523790457, -0.9873828633662057, 0.1554941416869385;
 -0.3464447850769268, 0.1561732559353101, 0.9249788781499642]
2020/03/09 15:40:37 585801	INFO [input.cpp->run:256]	frame times (ms): 595.318
2020/03/09 15:40:37 585807	INFO [input.cpp->run:257]	FPS: 1.67977
2020/03/09 15:40:37 639817	INFO [input.cpp->run:173]	
frame_id 18
2020/03/09 15:40:37 724296	INFO [input.cpp->run:235]	rotation: 
[0.9999945752611344, 0.003282463138755441, 0.0002736494948709416;
 -0.003280248825560777, 0.9999647153226592, -0.007733568213674736;
 -0.0002990249918292487, 0.007732628622652512, 0.9999700580710597]
2020/03/09 15:40:37 724360	INFO [input.cpp->run:256]	frame times (ms): 621.867
2020/03/09 15:40:37 724364	INFO [input.cpp->run:257]	FPS: 1.60806
2020/03/09 15:40:37 771871	INFO [input.cpp->run:173]	
frame_id 19
2020/03/09 15:40:37 857885	INFO [input.cpp->run:235]	rotation: 
[0.9999579163009366, 0.009173803166142181, -8.344194370955587e-05;
 -0.009173636659701903, 0.9999562743566294, 0.001814873341340607;
 0.0001000875859618206, -0.001814031498683301, 0.9999983496347367]
2020/03/09 15:40:37 857947	INFO [input.cpp->run:256]	frame times (ms): 637.531
2020/03/09 15:40:37 857951	INFO [input.cpp->run:257]	FPS: 1.56855
2020/03/09 15:40:37 905701	INFO [input.cpp->run:173]	
frame_id 20
2020/03/09 15:40:37 995345	INFO [input.cpp->run:235]	rotation: 
[-0.9394312763267727, -0.02796677232096017, -0.3415944037963712;
 -0.02262290251462513, -0.989431970115549, 0.1432221379364143;
 -0.3419898848516787, 0.1422752127364816, 0.9288706489602978]
2020/03/09 15:40:37 995415	INFO [input.cpp->run:256]	frame times (ms): 626.983
2020/03/09 15:40:37 995420	INFO [input.cpp->run:257]	FPS: 1.59494
2020/03/09 15:40:38 038705	INFO [input.cpp->run:173]	
frame_id 21
2020/03/09 15:40:38 118725	INFO [input.cpp->run:235]	rotation: 
[0.999997837389496, 0.001923331835704417, 0.000791208557160151;
 -0.001914510152551351, 0.9999376296385529, -0.01100324877969536;
 -0.0008123221078706248, 0.0110017102071385, 0.9999391494012579]
2020/03/09 15:40:38 118784	INFO [input.cpp->run:256]	frame times (ms): 608.294
2020/03/09 15:40:38 118792	INFO [input.cpp->run:257]	FPS: 1.64394
2020/03/09 15:40:38 171496	INFO [input.cpp->run:173]	
frame_id 22
2020/03/09 15:40:38 288139	INFO [input.cpp->run:235]	rotation: 
[-0.9349873567663531, -0.03216848293632172, -0.353219239839287;
 -0.0285444865657336, -0.9858235032528118, 0.1653397493679369;
 -0.3535305573408992, 0.1646730370762898, 0.9208142787154768]
2020/03/09 15:40:38 288200	INFO [input.cpp->run:256]	frame times (ms): 649.493
2020/03/09 15:40:38 288215	INFO [input.cpp->run:257]	FPS: 1.53966
2020/03/09 15:40:38 306877	INFO [input.cpp->run:173]	
frame_id 23
2020/03/09 15:40:38 402886	INFO [input.cpp->run:235]	rotation: 
[0.9999821915785406, 0.005967808293572303, -4.230780037277296e-05;
 -0.00596792826481593, 0.9999745137119773, -0.003918642458864878;
 1.892101513842866e-05, 0.00391882516394609, 0.9999923211961828]
2020/03/09 15:40:38 402948	INFO [input.cpp->run:256]	frame times (ms): 600.617
2020/03/09 15:40:38 402952	INFO [input.cpp->run:257]	FPS: 1.66495
2020/03/09 15:40:38 437963	INFO [input.cpp->run:173]	
frame_id 24
2020/03/09 15:40:38 524801	INFO [input.cpp->run:235]	rotation: 
[-0.9676139614396659, -0.0207838195824323, -0.2515775317284945;
 -0.02584179699989975, -0.9832135001489548, 0.1806195300975428;
 -0.2511083892562188, 0.1812711945357179, 0.950834018573558]
2020/03/09 15:40:38 524860	INFO [input.cpp->run:256]	frame times (ms): 634.998
2020/03/09 15:40:38 524866	INFO [input.cpp->run:257]	FPS: 1.57481
2020/03/09 15:40:38 572027	INFO [input.cpp->run:173]	
frame_id 25
2020/03/09 15:40:38 658138	INFO [input.cpp->run:235]	rotation: 
[0.9998662432902574, 0.0157040917286394, 0.004569139044300187;
 -0.01590581767462907, 0.9987160132415136, 0.04809708784404912;
 -0.003807951250886248, -0.04816333042839957, 0.9988322146933967]
2020/03/09 15:40:38 658199	INFO [input.cpp->run:256]	frame times (ms): 608.529
2020/03/09 15:40:38 658204	INFO [input.cpp->run:257]	FPS: 1.64331
2020/03/09 15:40:38 703710	INFO [input.cpp->run:173]	
frame_id 26
2020/03/09 15:40:38 787005	INFO [input.cpp->run:235]	rotation: 
[0.9999997493949705, -0.0005448532712310573, 0.0004520452512064524;
 0.0005507638338160891, 0.9999129919963359, -0.01317972291571238;
 -0.0004448249045070342, 0.01317996858298314, 0.9999130414985875]
2020/03/09 15:40:38 787066	INFO [input.cpp->run:256]	frame times (ms): 621.38
2020/03/09 15:40:38 787080	INFO [input.cpp->run:257]	FPS: 1.60932
2020/03/09 15:40:38 836474	INFO [input.cpp->run:173]	
frame_id 27
2020/03/09 15:40:38 920089	INFO [input.cpp->run:235]	rotation: 
[-0.9780341515307042, -0.01293196773509893, -0.2080431749664334;
 -0.01634126706454277, -0.9902449751719871, 0.1383757642701786;
 -0.2078031795481988, 0.1387359122834787, 0.9682820793614484]
2020/03/09 15:40:38 920148	INFO [input.cpp->run:256]	frame times (ms): 616.438
2020/03/09 15:40:38 920151	INFO [input.cpp->run:257]	FPS: 1.62222
2020/03/09 15:40:38 969926	INFO [input.cpp->run:173]	
frame_id 28
2020/03/09 15:40:39 055313	INFO [input.cpp->run:235]	rotation: 
[0.999997785710238, -0.001573727881082313, 0.001397123894759102;
 0.001595986757315734, 0.9998694925452474, -0.01607640207197999;
 -0.001371641677507459, 0.01607859626540184, 0.9998697901933244]
2020/03/09 15:40:39 055375	INFO [input.cpp->run:256]	frame times (ms): 626.196
2020/03/09 15:40:39 055380	INFO [input.cpp->run:257]	FPS: 1.59694
2020/03/09 15:40:39 106022	INFO [input.cpp->run:173]	
frame_id 29
2020/03/09 15:40:39 188044	INFO [input.cpp->run:235]	rotation: 
[0.999990482217181, 0.00435798561559609, -0.000208414068841182;
 -0.004359147747144796, 0.999972825734518, -0.005945218536100296;
 0.0001824992284800448, 0.005946070458520121, 0.999982305313516]
2020/03/09 15:40:39 188115	INFO [input.cpp->run:256]	frame times (ms): 618.582
2020/03/09 15:40:39 188120	INFO [input.cpp->run:257]	FPS: 1.6166
2020/03/09 15:40:39 239946	INFO [input.cpp->run:173]	
frame_id 30
2020/03/09 15:40:39 325229	INFO [input.cpp->run:235]	rotation: 
[0.9999397540084873, 0.01091043813447877, -0.001204447242371368;
 -0.0109046768620572, 0.9999295409897064, 0.004690530742800232;
 0.001255538123697912, -0.004677114049149456, 0.9999882740453466]
2020/03/09 15:40:39 325292	INFO [input.cpp->run:256]	frame times (ms): 622.157
2020/03/09 15:40:39 325297	INFO [input.cpp->run:257]	FPS: 1.60731
2020/03/09 15:40:39 372222	INFO [input.cpp->run:173]	
frame_id 31
2020/03/09 15:40:39 462326	INFO [input.cpp->run:235]	rotation: 
[-0.9814876362591828, 0.006991832324893416, -0.1913978425978271;
 -0.01441130044300884, -0.9991964504845554, 0.03740010372454559;
 -0.1909825496999748, 0.03946603121427351, 0.9807997237409328]
2020/03/09 15:40:39 462395	INFO [input.cpp->run:256]	frame times (ms): 627.037
2020/03/09 15:40:39 462400	INFO [input.cpp->run:257]	FPS: 1.5948
2020/03/09 15:40:39 506370	INFO [input.cpp->run:173]	
frame_id 32
2020/03/09 15:40:39 599704	INFO [input.cpp->run:235]	rotation: 
[-0.9829189769877725, -0.01279516738678496, -0.1835934867277563;
 -0.01232107453154876, -0.9907671132419544, 0.1350137712997913;
 -0.1836259126585861, 0.1349696669987315, 0.9736861471698943]
2020/03/09 15:40:39 599782	INFO [input.cpp->run:256]	frame times (ms): 616.608
2020/03/09 15:40:39 599788	INFO [input.cpp->run:257]	FPS: 1.62178
2020/03/09 15:40:39 640109	INFO [input.cpp->run:173]	
frame_id 33
2020/03/09 15:40:39 728344	INFO [input.cpp->run:235]	rotation: 
[0.9996291322666838, 0.01903344763734729, -0.01947628801371421;
 -0.01975837773639399, 0.9990925493554181, -0.03773174170002316;
 0.0187404491136888, 0.03810256806998256, 0.9990980882143102]
2020/03/09 15:40:39 728415	INFO [input.cpp->run:256]	frame times (ms): 646.877
2020/03/09 15:40:39 728420	INFO [input.cpp->run:257]	FPS: 1.54589
2020/03/09 15:40:39 771370	INFO [input.cpp->run:173]	
frame_id 34
2020/03/09 15:40:39 855066	INFO [input.cpp->run:235]	rotation: 
[0.9998316243064008, 0.01747636389907071, -0.005594617206875883;
 -0.01765277682180166, 0.9992924334785033, -0.03321162240979412;
 0.005010240244127614, 0.0333047909087917, 0.9994326832734748]
2020/03/09 15:40:39 855139	INFO [input.cpp->run:256]	frame times (ms): 624.319
2020/03/09 15:40:39 855146	INFO [input.cpp->run:257]	FPS: 1.60175
2020/03/09 15:40:39 906579	INFO [input.cpp->run:173]	
frame_id 35
2020/03/09 15:40:39 992509	INFO [input.cpp->run:235]	rotation: 
[0.9999715625911044, -0.007390045815751883, 0.001503739321138301;
 0.007422884962774805, 0.9997044340690312, -0.02315049203683364;
 -0.001332211670216514, 0.02316099578082027, 0.9997308605252249]
2020/03/09 15:40:39 992568	INFO [input.cpp->run:256]	frame times (ms): 638.081
2020/03/09 15:40:39 992570	INFO [input.cpp->run:257]	FPS: 1.5672
2020/03/09 15:40:40 039085	INFO [input.cpp->run:173]	
frame_id 36
2020/03/09 15:40:40 122537	INFO [input.cpp->run:235]	rotation: 
[-0.9284867093527561, -0.03888664494507831, -0.3693240574349389;
 -0.04184635228316054, -0.9772131507190785, 0.2080945478917817;
 -0.3690004246012248, 0.2086678866203586, 0.9057021584039143]
2020/03/09 15:40:40 122604	INFO [input.cpp->run:256]	frame times (ms): 601.35
2020/03/09 15:40:40 122608	INFO [input.cpp->run:257]	FPS: 1.66293
2020/03/09 15:40:40 171303	INFO [input.cpp->run:173]	
frame_id 37
2020/03/09 15:40:40 252629	INFO [input.cpp->run:235]	rotation: 
[-0.9555384603252632, -0.01568816841185707, -0.294448861792853;
 -0.03332484308430789, -0.9864401786559267, 0.1607022985730749;
 -0.292977312556163, 0.1633696890648466, 0.9420587237652567]
2020/03/09 15:40:40 252690	INFO [input.cpp->run:256]	frame times (ms): 616.807
2020/03/09 15:40:40 252693	INFO [input.cpp->run:257]	FPS: 1.62125
2020/03/09 15:40:40 305346	INFO [input.cpp->run:173]	
frame_id 38
2020/03/09 15:40:40 392357	INFO [input.cpp->run:235]	rotation: 
[-0.9801627876882746, -0.003321618038911486, -0.1981662849345316;
 -0.01751019869614513, -0.9944984049429062, 0.1032778558435291;
 -0.1974191038698431, 0.1046990421141418, 0.9747121667485275]
2020/03/09 15:40:40 392418	INFO [input.cpp->run:256]	frame times (ms): 617.005
2020/03/09 15:40:40 392421	INFO [input.cpp->run:257]	FPS: 1.62073
2020/03/09 15:40:40 440276	INFO [input.cpp->run:173]	
frame_id 39
2020/03/09 15:40:40 524851	INFO [input.cpp->run:235]	rotation: 
[0.999999979488933, 0.000201405542406657, 2.139955784344413e-05;
 -0.0002011747831332672, 0.9999470824374511, -0.01028551668784492;
 -2.346998549845156e-05, 0.01028551217182659, 0.9999471024451858]
2020/03/09 15:40:40 524911	INFO [input.cpp->run:256]	frame times (ms): 615.951
2020/03/09 15:40:40 524919	INFO [input.cpp->run:257]	FPS: 1.62351
2020/03/09 15:40:40 572269	INFO [input.cpp->run:173]	
frame_id 40
2020/03/09 15:40:40 656440	INFO [input.cpp->run:235]	rotation: 
[0.9999954764957624, -0.002960457768504321, 0.0005316745378110715;
 0.00296777583920379, 0.9998928348816298, -0.01433565690667607;
 -0.0004891774539903108, 0.01433716995011894, 0.9998970978371924]
2020/03/09 15:40:40 656507	INFO [input.cpp->run:256]	frame times (ms): 636.419
2020/03/09 15:40:40 656512	INFO [input.cpp->run:257]	FPS: 1.57129
2020/03/09 15:40:40 703557	INFO [input.cpp->run:173]	
frame_id 41
2020/03/09 15:40:40 793330	INFO [input.cpp->run:235]	rotation: 
[-0.9622034151571079, -0.02047596635009405, -0.2715609004662267;
 -0.02569139787957449, -0.9858972038496674, 0.1653682421639682;
 -0.2711172070064743, 0.1660946665111113, 0.9481076003395245]
2020/03/09 15:40:40 793395	INFO [input.cpp->run:256]	frame times (ms): 635.771
2020/03/09 15:40:40 793399	INFO [input.cpp->run:257]	FPS: 1.57289
2020/03/09 15:40:40 839816	INFO [input.cpp->run:173]	
frame_id 42
2020/03/09 15:40:40 922876	INFO [input.cpp->run:235]	rotation: 
[0.9999968524926025, -0.002465413251350122, -0.0004655559991509062;
 0.00247087753234525, 0.9999234255681174, 0.0121259129281774;
 0.0004356249630469153, -0.0121270250936351, 0.9999263700359492]
2020/03/09 15:40:40 922943	INFO [input.cpp->run:256]	frame times (ms): 607.574
2020/03/09 15:40:40 922948	INFO [input.cpp->run:257]	FPS: 1.64589
2020/03/09 15:40:40 972219	INFO [input.cpp->run:173]	
frame_id 43
2020/03/09 15:40:41 061992	INFO [input.cpp->run:235]	rotation: 
[-0.9426976243018083, -0.02742684376978089, -0.332519108287862;
 -0.03337701183701858, -0.9838642887908197, 0.175775528225536;
 -0.3319746439361873, 0.1768016670819671, 0.9265711015893375]
2020/03/09 15:40:41 062058	INFO [input.cpp->run:256]	frame times (ms): 642.656
2020/03/09 15:40:41 062071	INFO [input.cpp->run:257]	FPS: 1.55604
2020/03/09 15:40:41 106381	INFO [input.cpp->run:173]	
frame_id 44
2020/03/09 15:40:41 189208	INFO [input.cpp->run:235]	rotation: 
[0.9997984010982174, 0.02005615475181422, -0.0009527948464160175;
 -0.01998885629156967, 0.9986856568030141, 0.0471953866398734;
 0.001898100525012514, -0.04716682682249723, 0.9988852224664722]
2020/03/09 15:40:41 189265	INFO [input.cpp->run:256]	frame times (ms): 619.655
2020/03/09 15:40:41 189268	INFO [input.cpp->run:257]	FPS: 1.6138
2020/03/09 15:40:41 236267	INFO [input.cpp->run:173]	
frame_id 45
2020/03/09 15:40:41 322929	INFO [input.cpp->run:235]	rotation: 
[-0.9762099450048525, -0.002830613359168599, -0.2168089732959268;
 -0.015432143834994, -0.9964719950247637, 0.08249492146807269;
 -0.216277581386234, 0.08387819001014699, 0.9727221890295006]
2020/03/09 15:40:41 322994	INFO [input.cpp->run:256]	frame times (ms): 639.065
2020/03/09 15:40:41 322999	INFO [input.cpp->run:257]	FPS: 1.56479
2020/03/09 15:40:41 372877	INFO [input.cpp->run:173]	
frame_id 46
2020/03/09 15:40:41 456240	INFO [input.cpp->run:235]	rotation: 
[0.9999869070998012, -0.005025057281331775, 0.0009666583123949595;
 0.005039987378961346, 0.9998573920666477, -0.01611812820714311;
 -0.0008855259417420275, 0.01612278911979334, 0.9998696272588767]
2020/03/09 15:40:41 456309	INFO [input.cpp->run:256]	frame times (ms): 613.991
2020/03/09 15:40:41 456312	INFO [input.cpp->run:257]	FPS: 1.62869
2020/03/09 15:40:41 507039	INFO [input.cpp->run:173]	
frame_id 47
2020/03/09 15:40:41 595116	INFO [input.cpp->run:235]	rotation: 
[-0.9608102003891228, -0.01716879324727812, -0.2766748838739177;
 -0.02198136709788902, -0.99021865143627, 0.1377818632775838;
 -0.276334178719755, 0.1384639118549204, 0.9510347873685339]
2020/03/09 15:40:41 595173	INFO [input.cpp->run:256]	frame times (ms): 640.498
2020/03/09 15:40:41 595177	INFO [input.cpp->run:257]	FPS: 1.56129
2020/03/09 15:40:41 639614	INFO [input.cpp->run:173]	
frame_id 48
2020/03/09 15:40:41 723757	INFO [input.cpp->run:235]	rotation: 
[-0.9567517116984945, -0.01543682072865599, -0.2904958979534688;
 -0.01296003797463171, -0.99533777998843, 0.09557583974729125;
 -0.2906169292689209, 0.0952071861441936, 0.9520910629392589]
2020/03/09 15:40:41 723821	INFO [input.cpp->run:256]	frame times (ms): 630.05
2020/03/09 15:40:41 723826	INFO [input.cpp->run:257]	FPS: 1.58718
2020/03/09 15:40:41 769806	INFO [input.cpp->run:173]	
frame_id 49
2020/03/09 15:40:41 856684	INFO [input.cpp->run:235]	rotation: 
[0.9999845511598658, 0.005358357773981734, -0.001478324581314325;
 -0.005349536252330924, 0.999968238358988, 0.005908022944033409;
 0.001509934927970698, -0.005900023320990985, 0.9999814547386991]
2020/03/09 15:40:41 856749	INFO [input.cpp->run:256]	frame times (ms): 616.968
2020/03/09 15:40:41 856753	INFO [input.cpp->run:257]	FPS: 1.62083
2020/03/09 15:40:41 905973	INFO [input.cpp->run:173]	
frame_id 50
2020/03/09 15:40:41 989778	INFO [input.cpp->run:235]	rotation: 
[-0.9870408621618693, -0.009946747732950798, -0.1601605401848126;
 -0.001532149752646613, -0.9974473954419402, 0.07138869548622699;
 -0.1604617990049015, 0.07070894947336455, 0.9845060972510453]
2020/03/09 15:40:41 989876	INFO [input.cpp->run:256]	frame times (ms): 597.158
2020/03/09 15:40:41 989881	INFO [input.cpp->run:257]	FPS: 1.6746
2020/03/09 15:40:42 040700	INFO [input.cpp->run:173]	
frame_id 51
2020/03/09 15:40:42 126941	INFO [input.cpp->run:235]	rotation: 
[-0.9808408525019555, -0.01178708848290084, -0.1944538161320917;
 -0.01271474956256489, -0.9921662505996839, 0.1242757672055439;
 -0.1943953631309099, 0.1243671810248248, 0.9730073211837311]
2020/03/09 15:40:42 127000	INFO [input.cpp->run:256]	frame times (ms): 613.362
2020/03/09 15:40:42 127004	INFO [input.cpp->run:257]	FPS: 1.63036
2020/03/09 15:40:42 173487	INFO [input.cpp->run:173]	
frame_id 52
2020/03/09 15:40:42 254049	INFO [input.cpp->run:235]	rotation: 
[-0.9516145018195615, -0.02582677980097599, -0.306207147813077;
 -0.02932393597953257, -0.9842824475896261, 0.1741498496859622;
 -0.3058920507391062, 0.1747027212498044, 0.9359001081752993]
2020/03/09 15:40:42 254115	INFO [input.cpp->run:256]	frame times (ms): 603.782
2020/03/09 15:40:42 254119	INFO [input.cpp->run:257]	FPS: 1.65623
2020/03/09 15:40:42 308470	INFO [input.cpp->run:173]	
frame_id 53
2020/03/09 15:40:42 401804	INFO [input.cpp->run:235]	rotation: 
[-0.9584843671094848, -0.01035743317194444, -0.2849569118039058;
 -0.01650824382822095, -0.9956483109091558, 0.09171651361370532;
 -0.2846668155799658, 0.09261298268511652, 0.9541423581131527]
2020/03/09 15:40:42 401862	INFO [input.cpp->run:256]	frame times (ms): 606.476
2020/03/09 15:40:42 401865	INFO [input.cpp->run:257]	FPS: 1.64887
2020/03/09 15:40:42 437490	INFO [input.cpp->run:173]	
frame_id 54
2020/03/09 15:40:42 520987	INFO [input.cpp->run:235]	rotation: 
[-0.981982595439546, -0.008993374617594368, -0.1887572554017473;
 -0.03394102629374107, -0.9742295236376123, 0.2229906769507607;
 -0.1858983297072366, 0.2253795786796544, 0.9563711918111292]
2020/03/09 15:40:42 521055	INFO [input.cpp->run:256]	frame times (ms): 617.78
2020/03/09 15:40:42 521059	INFO [input.cpp->run:257]	FPS: 1.6187
2020/03/09 15:40:42 570878	INFO [input.cpp->run:173]	
frame_id 55
2020/03/09 15:40:42 654712	INFO [input.cpp->run:235]	rotation: 
[-0.9792805685642223, -0.01457708484144246, -0.2019828622187016;
 -0.0140881130945178, -0.9900854266391059, 0.139758266397003;
 -0.202017556420153, 0.1397081119848986, 0.9693660559064599]
2020/03/09 15:40:42 654774	INFO [input.cpp->run:256]	frame times (ms): 622.866
2020/03/09 15:40:42 654778	INFO [input.cpp->run:257]	FPS: 1.60548
2020/03/09 15:40:42 703495	INFO [input.cpp->run:173]	
frame_id 56
2020/03/09 15:40:42 789712	INFO [input.cpp->run:235]	rotation: 
[0.9999984035689415, 0.001561609623716074, -0.000868467012242594;
 -0.001561348043671285, 0.99999873555556, 0.0003017939161735608;
 0.0008689371983981846, -0.0003004374551098217, 0.9999995773426511]
2020/03/09 15:40:42 789772	INFO [input.cpp->run:256]	frame times (ms): 623.188
2020/03/09 15:40:42 789776	INFO [input.cpp->run:257]	FPS: 1.60465
2020/03/09 15:40:42 838034	INFO [input.cpp->run:173]	
frame_id 57
2020/03/09 15:40:42 921410	INFO [input.cpp->run:235]	rotation: 
[0.9999037893943651, 0.01374347176411719, -0.001878546953946265;
 -0.0137803785101334, 0.9996782725322284, -0.0212944263857242;
 0.001585283226026409, 0.02131826472413942, 0.9997714831231409]
2020/03/09 15:40:42 921470	INFO [input.cpp->run:256]	frame times (ms): 600.93
2020/03/09 15:40:42 921474	INFO [input.cpp->run:257]	FPS: 1.66409
2020/03/09 15:40:42 974172	INFO [input.cpp->run:173]	
frame_id 58
2020/03/09 15:40:43 063701	INFO [input.cpp->run:235]	rotation: 
[0.9998056300898427, 0.01961669138775209, 0.001971664182930833;
 -0.01968885669851015, 0.9986477916786025, 0.04811379321313283;
 -0.001025164649259524, -0.04814326115302397, 0.9988399148226875]
2020/03/09 15:40:43 063763	INFO [input.cpp->run:256]	frame times (ms): 635.897
2020/03/09 15:40:43 063768	INFO [input.cpp->run:257]	FPS: 1.57258
2020/03/09 15:40:43 104856	INFO [input.cpp->run:173]	
frame_id 59
2020/03/09 15:40:43 192669	INFO [input.cpp->run:235]	rotation: 
[-0.9629263812103095, -0.01492745460932057, -0.269350989357946;
 -0.01290928875611838, -0.9947740987426745, 0.1012810087553973;
 -0.2694552553449809, 0.1010032849445323, 0.9577015202020853]
2020/03/09 15:40:43 192733	INFO [input.cpp->run:256]	frame times (ms): 626.71
2020/03/09 15:40:43 192738	INFO [input.cpp->run:257]	FPS: 1.59563
2020/03/09 15:40:43 241120	INFO [input.cpp->run:173]	
frame_id 60
2020/03/09 15:40:43 327423	INFO [input.cpp->run:235]	rotation: 
[-0.9331074850621834, -0.03302411075108024, -0.3580779655745764;
 -0.03660555307647285, -0.9818781686167944, 0.1859443343522338;
 -0.3577295833515767, 0.1866136921633302, 0.9149890027165772]
2020/03/09 15:40:43 327483	INFO [input.cpp->run:256]	frame times (ms): 628.237
2020/03/09 15:40:43 327488	INFO [input.cpp->run:257]	FPS: 1.59176
2020/03/09 15:40:43 372504	INFO [input.cpp->run:173]	
frame_id 61
2020/03/09 15:40:43 464524	INFO [input.cpp->run:235]	rotation: 
[-0.9430721618465983, -0.02437988875751522, -0.3316934105075872;
 -0.02864163051921977, -0.9876513263834922, 0.1540276419806819;
 -0.331352613617554, 0.1547594214162737, 0.930728191757248]
2020/03/09 15:40:43 464582	INFO [input.cpp->run:256]	frame times (ms): 629.292
2020/03/09 15:40:43 464589	INFO [input.cpp->run:257]	FPS: 1.58909
2020/03/09 15:40:43 507145	INFO [input.cpp->run:173]	
frame_id 62
2020/03/09 15:40:43 595611	INFO [input.cpp->run:235]	rotation: 
[0.9999981012182105, -0.001289279085899602, 0.001461273216112826;
 0.001311978582259904, 0.9998768107264677, -0.01564103844593434;
 -0.001440927539176806, 0.01564292590617774, 0.9998766036851351]
2020/03/09 15:40:43 595677	INFO [input.cpp->run:256]	frame times (ms): 602.948
2020/03/09 15:40:43 595682	INFO [input.cpp->run:257]	FPS: 1.65852
2020/03/09 15:40:43 639569	INFO [input.cpp->run:173]	
frame_id 63
2020/03/09 15:40:43 727011	INFO [input.cpp->run:235]	rotation: 
[0.9999974814225623, 0.002123592982494491, 0.0007262929001405522;
 -0.002122384778119484, 0.9999963694917884, -0.001660266875015163;
 -0.0007298159944130643, 0.001658721220508756, 0.9999983580049154]
2020/03/09 15:40:43 727074	INFO [input.cpp->run:256]	frame times (ms): 623.46
2020/03/09 15:40:43 727081	INFO [input.cpp->run:257]	FPS: 1.60395
2020/03/09 15:40:43 772194	INFO [input.cpp->run:173]	
frame_id 64
2020/03/09 15:40:43 865412	INFO [input.cpp->run:235]	rotation: 
[-0.9832021987213349, -0.01079435499368478, -0.1822002149554252;
 -0.009623927284422396, -0.9937949886526664, 0.1108102005795081;
 -0.1822657851961168, 0.1107023144704616, 0.9769975338340033]
2020/03/09 15:40:43 865488	INFO [input.cpp->run:256]	frame times (ms): 640.375
2020/03/09 15:40:43 865495	INFO [input.cpp->run:257]	FPS: 1.56158
2020/03/09 15:40:43 905670	INFO [input.cpp->run:173]	
frame_id 65
2020/03/09 15:40:43 989521	INFO [input.cpp->run:235]	rotation: 
[0.999890004546929, 0.0146452857290905, 0.002344016436696487;
 -0.01457305819937601, 0.9994924881503108, -0.0283265265399506;
 -0.002757676895469239, 0.02828925126287764, 0.9995959751225122]
2020/03/09 15:40:43 989585	INFO [input.cpp->run:256]	frame times (ms): 610.502
2020/03/09 15:40:43 989589	INFO [input.cpp->run:257]	FPS: 1.638
2020/03/09 15:40:44 037156	INFO [input.cpp->run:173]	
frame_id 66
2020/03/09 15:40:44 122957	INFO [input.cpp->run:235]	rotation: 
[0.9999873863849341, 0.005005781271590748, 0.0004113695292080773;
 -0.005003350201203557, 0.999971167822798, -0.005712268364980372;
 -0.0004399520345286347, 0.005710138086809331, 0.9999836002481425]
2020/03/09 15:40:44 123014	INFO [input.cpp->run:256]	frame times (ms): 626.613
2020/03/09 15:40:44 123018	INFO [input.cpp->run:257]	FPS: 1.59588
2020/03/09 15:40:44 171840	INFO [input.cpp->run:173]	
frame_id 67
2020/03/09 15:40:44 255313	INFO [input.cpp->run:235]	rotation: 
[0.9999914017697416, -0.00400960274199376, 0.00105805124581193;
 0.004028416384155137, 0.9998221747441981, -0.01842256092995875;
 -0.0009839959467591826, 0.01842666479951183, 0.9998297303923019]
2020/03/09 15:40:44 255375	INFO [input.cpp->run:256]	frame times (ms): 610.951
2020/03/09 15:40:44 255378	INFO [input.cpp->run:257]	FPS: 1.63679
2020/03/09 15:40:44 304589	INFO [input.cpp->run:173]	
frame_id 68
2020/03/09 15:40:44 394205	INFO [input.cpp->run:235]	rotation: 
[0.9999850904590254, 0.005134986572870864, 0.001857625514239149;
 -0.005118328863886965, 0.9999476192492708, -0.008863490698171567;
 -0.001903042116144016, 0.008853850609306001, 0.9999589930392607]
2020/03/09 15:40:44 394265	INFO [input.cpp->run:256]	frame times (ms): 639.043
2020/03/09 15:40:44 394269	INFO [input.cpp->run:257]	FPS: 1.56484
2020/03/09 15:40:44 440541	INFO [input.cpp->run:173]	
frame_id 69
2020/03/09 15:40:44 527492	INFO [input.cpp->run:235]	rotation: 
[0.9998380135257857, 0.01733202390920346, -0.004852592711286727;
 -0.01748166844946029, 0.9993119174044519, -0.03271212316039827;
 0.004282286425961975, 0.03279165565580244, 0.99945303508585]
2020/03/09 15:40:44 527556	INFO [input.cpp->run:256]	frame times (ms): 636.528
2020/03/09 15:40:44 527561	INFO [input.cpp->run:257]	FPS: 1.57102
2020/03/09 15:40:44 575004	INFO [input.cpp->run:173]	
frame_id 70
2020/03/09 15:40:44 663951	INFO [input.cpp->run:235]	rotation: 
[-0.9864285739931582, -0.01070181816537952, -0.1638418124221638;
 -0.008001435120624248, -0.9935547414250073, 0.1130705657007928;
 -0.163995870209694, 0.1128470065169742, 0.979985156864288]
2020/03/09 15:40:44 664008	INFO [input.cpp->run:256]	frame times (ms): 608.185
2020/03/09 15:40:44 664022	INFO [input.cpp->run:257]	FPS: 1.64424
2020/03/09 15:40:44 706213	INFO [input.cpp->run:173]	
frame_id 71
2020/03/09 15:40:44 789214	INFO [input.cpp->run:235]	rotation: 
[0.999940381801616, 0.01089436315267568, -0.0007387109963043212;
 -0.0109061329341488, 0.9997705478688985, -0.01843659074625963;
 0.0005376865826049388, 0.0184435480702606, 0.9998297587228132]
2020/03/09 15:40:44 789287	INFO [input.cpp->run:256]	frame times (ms): 603.907
2020/03/09 15:40:44 789292	INFO [input.cpp->run:257]	FPS: 1.65588
2020/03/09 15:40:44 840413	INFO [input.cpp->run:173]	
frame_id 72
2020/03/09 15:40:44 925575	INFO [input.cpp->run:235]	rotation: 
[0.9999976270546701, 0.00214227967253098, 0.0003956296673570794;
 -0.002140914361575682, 0.9999918608615628, -0.003419750915663396;
 -0.0004029525101441917, 0.00341889579154472, 0.999994074372864]
2020/03/09 15:40:44 925649	INFO [input.cpp->run:256]	frame times (ms): 605.755
2020/03/09 15:40:44 925654	INFO [input.cpp->run:257]	FPS: 1.65083
2020/03/09 15:40:44 973261	INFO [input.cpp->run:173]	
frame_id 73
2020/03/09 15:40:45 058383	INFO [input.cpp->run:235]	rotation: 
[-0.9846211103135486, -0.003451874539654233, -0.1746692694410707;
 -0.01041184001377469, -0.9968681913630205, 0.07839261850549313;
 -0.1743928401983361, 0.07900565556200841, 0.9815015250506615]
2020/03/09 15:40:45 058453	INFO [input.cpp->run:256]	frame times (ms): 608.57
2020/03/09 15:40:45 058458	INFO [input.cpp->run:257]	FPS: 1.6432
2020/03/09 15:40:45 107514	INFO [input.cpp->run:173]	
frame_id 74
2020/03/09 15:40:45 196626	INFO [input.cpp->run:235]	rotation: 
[0.9999469411355844, 0.01030068959200553, 0.0001034771348023452;
 -0.01030076334049124, 0.999946672342531, 0.0007394225464089427;
 -9.585505448125574e-05, -0.0007404492069650581, 0.9999997212733513]
2020/03/09 15:40:45 196693	INFO [input.cpp->run:256]	frame times (ms): 646.617
2020/03/09 15:40:45 196698	INFO [input.cpp->run:257]	FPS: 1.54651
2020/03/09 15:40:45 239608	INFO [input.cpp->run:173]	
frame_id 75
2020/03/09 15:40:45 326688	INFO [input.cpp->run:235]	rotation: 
[-0.9801379995356837, -0.01108001015194887, -0.1980069070543266;
 -0.01430552980931778, -0.991886854196114, 0.1263163500494357;
 -0.1978000345881232, 0.1266400483574195, 0.9720274916220051]
2020/03/09 15:40:45 326759	INFO [input.cpp->run:256]	frame times (ms): 615.718
2020/03/09 15:40:45 326761	INFO [input.cpp->run:257]	FPS: 1.62412
2020/03/09 15:40:45 372917	INFO [input.cpp->run:173]	
frame_id 76
2020/03/09 15:40:45 461417	INFO [input.cpp->run:235]	rotation: 
[-0.9506099970141157, -0.01840712247405359, -0.3098415908477236;
 -0.0265061663688218, -0.9897792152752796, 0.1401232605725406;
 -0.3092540326677266, 0.1414152850694611, 0.9404061146267986]
2020/03/09 15:40:45 461482	INFO [input.cpp->run:256]	frame times (ms): 623.817
2020/03/09 15:40:45 461487	INFO [input.cpp->run:257]	FPS: 1.60303
2020/03/09 15:40:45 506465	INFO [input.cpp->run:173]	
frame_id 77
2020/03/09 15:40:45 594793	INFO [input.cpp->run:235]	rotation: 
[-0.984634686103449, -0.007392583833582681, -0.1744702972606686;
 -0.008803559116343356, -0.9957317047747472, 0.0918742045040979;
 -0.1744047942828627, 0.0919984880888768, 0.9803668935253342]
2020/03/09 15:40:45 594866	INFO [input.cpp->run:256]	frame times (ms): 630.351
2020/03/09 15:40:45 594873	INFO [input.cpp->run:257]	FPS: 1.58642
2020/03/09 15:40:45 639771	INFO [input.cpp->run:173]	
frame_id 78
2020/03/09 15:40:45 725689	INFO [input.cpp->run:235]	rotation: 
[0.9999970878047768, -0.001877070113379463, 0.001516901366267276;
 0.001898223208641056, 0.9998992679219799, -0.01406594318696334;
 -0.001490345804067758, 0.01406878164156945, 0.9998999191181616]
2020/03/09 15:40:45 725751	INFO [input.cpp->run:256]	frame times (ms): 617.708
2020/03/09 15:40:45 725754	INFO [input.cpp->run:257]	FPS: 1.61889
2020/03/09 15:40:45 772927	INFO [input.cpp->run:173]	
frame_id 79
2020/03/09 15:40:45 856657	INFO [input.cpp->run:235]	rotation: 
[-0.9831417852995135, -0.0003380314552860874, -0.1828445124492956;
 -0.01302893212230004, -0.9973267867311697, 0.07189942556260415;
 -0.1823800343399405, 0.07306959835126503, 0.9805092334450232]
2020/03/09 15:40:45 856713	INFO [input.cpp->run:256]	frame times (ms): 604.377
2020/03/09 15:40:45 856718	INFO [input.cpp->run:257]	FPS: 1.6546
2020/03/09 15:40:45 906218	INFO [input.cpp->run:173]	
frame_id 80
2020/03/09 15:40:45 991186	INFO [input.cpp->run:235]	rotation: 
[-0.946425796633126, -0.02332268076408127, -0.3220780402780196;
 -0.02876178226999026, -0.9873362345785835, 0.1560125628558093;
 -0.3216379507272215, 0.1569178525540065, 0.9337696804896984]
2020/03/09 15:40:45 991268	INFO [input.cpp->run:256]	frame times (ms): 594.672
2020/03/09 15:40:45 991272	INFO [input.cpp->run:257]	FPS: 1.6816
2020/03/09 15:40:46 039257	INFO [input.cpp->run:173]	
frame_id 81
2020/03/09 15:40:46 127761	INFO [input.cpp->run:235]	rotation: 
[-0.9468630703857117, -0.03118438182665164, -0.3201216335548603;
 -0.03110532983548308, -0.981745236135938, 0.187639947186672;
 -0.3201293244855405, 0.1876268255193826, 0.9286083081417855]
2020/03/09 15:40:46 127828	INFO [input.cpp->run:256]	frame times (ms): 600.698
2020/03/09 15:40:46 127834	INFO [input.cpp->run:257]	FPS: 1.66473
2020/03/09 15:40:46 171352	INFO [input.cpp->run:173]	
frame_id 82
2020/03/09 15:40:46 260288	INFO [input.cpp->run:235]	rotation: 
[0.9999953703829623, 0.003040491488491965, -0.0001209303544264682;
 -0.003041119950491604, 0.9999797543703648, -0.005589493611377751;
 0.0001039330983649266, 0.00558983549787636, 0.9999843713463815]
2020/03/09 15:40:46 260351	INFO [input.cpp->run:256]	frame times (ms): 621.998
2020/03/09 15:40:46 260356	INFO [input.cpp->run:257]	FPS: 1.60772
2020/03/09 15:40:46 307494	INFO [input.cpp->run:173]	
frame_id 83
2020/03/09 15:40:46 393982	INFO [input.cpp->run:235]	rotation: 
[-0.9713988852021938, -0.01243190751093779, -0.2371279264523154;
 -0.01387014603098409, -0.9939527314537393, 0.1089292737730775;
 -0.2370481488580208, 0.1091027740769702, 0.9653521429052178]
2020/03/09 15:40:46 394055	INFO [input.cpp->run:256]	frame times (ms): 630.225
2020/03/09 15:40:46 394059	INFO [input.cpp->run:257]	FPS: 1.58674
2020/03/09 15:40:46 438511	INFO [input.cpp->run:173]	
frame_id 84
2020/03/09 15:40:46 524520	INFO [input.cpp->run:235]	rotation: 
[-0.9770086185434298, 0.001779936935751779, -0.2131923805307397;
 -0.01344621389536048, -0.9984888463300443, 0.05328436061714051;
 -0.2127753712809337, 0.0549259099059998, 0.9755561417966976]
2020/03/09 15:40:46 524582	INFO [input.cpp->run:256]	frame times (ms): 603.343
2020/03/09 15:40:46 524585	INFO [input.cpp->run:257]	FPS: 1.65743
2020/03/09 15:40:46 571579	INFO [input.cpp->run:173]	
frame_id 85
2020/03/09 15:40:46 661157	INFO [input.cpp->run:235]	rotation: 
[-0.9792193991530799, -0.01381699702629979, -0.2023325453688963;
 -0.01405044503264051, -0.990657209986215, 0.135649833382548;
 -0.2023164682290248, 0.1356738106470939, 0.9698766229721341]
2020/03/09 15:40:46 661217	INFO [input.cpp->run:256]	frame times (ms): 623.223
2020/03/09 15:40:46 661221	INFO [input.cpp->run:257]	FPS: 1.60456
2020/03/09 15:40:46 704370	INFO [input.cpp->run:173]	
frame_id 86
2020/03/09 15:40:46 791187	INFO [input.cpp->run:235]	rotation: 
[0.9999905283674542, -0.004075677771753718, 0.001527097272838477;
 0.004086875247233963, 0.9999642489120206, -0.007402590663542347;
 -0.001496872103228731, 0.007408761604968176, 0.999971434404697]
2020/03/09 15:40:46 791272	INFO [input.cpp->run:256]	frame times (ms): 622.597
2020/03/09 15:40:46 791277	INFO [input.cpp->run:257]	FPS: 1.60618
2020/03/09 15:40:46 839674	INFO [input.cpp->run:173]	
frame_id 87
2020/03/09 15:40:46 927473	INFO [input.cpp->run:235]	rotation: 
[0.999946060050414, 0.01038305853583172, 0.0002628404372895517;
 -0.01038116025541868, 0.9999255570559864, -0.006411852932398238;
 -0.0003293955149938292, 0.006408778488673203, 0.9999794093164508]
2020/03/09 15:40:46 927558	INFO [input.cpp->run:256]	frame times (ms): 610.782
2020/03/09 15:40:46 927562	INFO [input.cpp->run:257]	FPS: 1.63725
2020/03/09 15:40:46 972413	INFO [input.cpp->run:173]	
frame_id 88
2020/03/09 15:40:47 061081	INFO [input.cpp->run:235]	rotation: 
[0.9999960087830078, -0.002737092728215838, 0.0007005294081909319;
 0.002749073173330242, 0.9998393126801564, -0.017714158629755;
 -0.0006519315472258938, 0.01771601373530726, 0.9998428465726942]
2020/03/09 15:40:47 061153	INFO [input.cpp->run:256]	frame times (ms): 630.92
2020/03/09 15:40:47 061156	INFO [input.cpp->run:257]	FPS: 1.58499
2020/03/09 15:40:47 105154	INFO [input.cpp->run:173]	
frame_id 89
2020/03/09 15:40:47 189081	INFO [input.cpp->run:235]	rotation: 
[0.9999922579158391, 0.003930015361954303, 0.0001977059347545603;
 -0.003928809526346299, 0.999975642376711, -0.005768804814676948;
 -0.0002203726106496759, 0.005767983403144687, 0.9999833407629217]
2020/03/09 15:40:47 189153	INFO [input.cpp->run:256]	frame times (ms): 618.718
2020/03/09 15:40:47 189157	INFO [input.cpp->run:257]	FPS: 1.61625
2020/03/09 15:40:47 240083	INFO [input.cpp->run:173]	
frame_id 90
2020/03/09 15:40:47 323024	INFO [input.cpp->run:235]	rotation: 
[-0.9421127152246465, -0.0212031927224747, -0.3346252477480111;
 -0.0274403256002253, -0.9897751149811718, 0.1399723197455904;
 -0.3341716031367683, 0.141051927964072, 0.93189789852463]
2020/03/09 15:40:47 323081	INFO [input.cpp->run:256]	frame times (ms): 602.385
2020/03/09 15:40:47 323084	INFO [input.cpp->run:257]	FPS: 1.66007
2020/03/09 15:40:47 373702	INFO [input.cpp->run:173]	
frame_id 91
2020/03/09 15:40:47 457952	INFO [input.cpp->run:235]	rotation: 
[0.9999792210356058, 0.00641359074350395, -0.0006506541307626302;
 -0.006416240418767254, 0.9999707817104434, -0.00415542829240059;
 0.0006239839033304016, 0.004159516700236497, 0.999991154493333]
2020/03/09 15:40:47 458011	INFO [input.cpp->run:256]	frame times (ms): 603.083
2020/03/09 15:40:47 458014	INFO [input.cpp->run:257]	FPS: 1.65815
2020/03/09 15:40:47 506911	INFO [input.cpp->run:173]	
frame_id 92
2020/03/09 15:40:47 590605	INFO [input.cpp->run:235]	rotation: 
[-0.9544914849082288, -0.0208370514339206, -0.2975093654411985;
 -0.02752050229648909, -0.9871463861394429, 0.1574313637277742;
 -0.2969657003612259, 0.1584545033105021, 0.9416493738061891]
2020/03/09 15:40:47 590666	INFO [input.cpp->run:256]	frame times (ms): 603.215
2020/03/09 15:40:47 590670	INFO [input.cpp->run:257]	FPS: 1.65778
2020/03/09 15:40:47 639798	INFO [input.cpp->run:173]	
frame_id 93
2020/03/09 15:40:47 728564	INFO [input.cpp->run:235]	rotation: 
[-0.9913367257462947, -0.01573755084571061, -0.1303987180918365;
 0.005527855545013033, -0.9969152280587603, 0.0782909373913955;
 -0.1312285753930486, 0.07689185625232764, 0.988365672938099]
2020/03/09 15:40:47 728645	INFO [input.cpp->run:256]	frame times (ms): 592.16
2020/03/09 15:40:47 728650	INFO [input.cpp->run:257]	FPS: 1.68873
2020/03/09 15:40:47 773099	INFO [input.cpp->run:173]	
frame_id 94
2020/03/09 15:40:47 862680	INFO [input.cpp->run:235]	rotation: 
[-0.9673967345907738, -0.0221262663563771, -0.2522974162377303;
 -0.01997637552273802, -0.9864067163614609, 0.1631034467384882;
 -0.2524767362037192, 0.1628257297054951, 0.9538046337808341]
2020/03/09 15:40:47 862750	INFO [input.cpp->run:256]	frame times (ms): 606.574
2020/03/09 15:40:47 862754	INFO [input.cpp->run:257]	FPS: 1.6486
2020/03/09 15:40:47 906294	INFO [input.cpp->run:173]	
frame_id 95
2020/03/09 15:40:47 990429	INFO [input.cpp->run:235]	rotation: 
[-0.905718118147484, -0.04340793349398461, -0.4216520387347391;
 -0.04985387128631422, -0.9769299416485596, 0.2076595305501518;
 -0.420938572688638, 0.2091019856919671, 0.8826590947826507]
2020/03/09 15:40:47 990488	INFO [input.cpp->run:256]	frame times (ms): 614.583
2020/03/09 15:40:47 990494	INFO [input.cpp->run:257]	FPS: 1.62712
2020/03/09 15:40:48 038976	INFO [input.cpp->run:173]	
frame_id 96
2020/03/09 15:40:48 121843	INFO [input.cpp->run:235]	rotation: 
[0.9999974350108681, -0.002226820278912544, 0.0004138153332873583;
 0.00223375893286516, 0.9998426011412868, -0.01760066089825888;
 -0.000374556690615675, 0.01760154011645225, 0.9998450107355712]
2020/03/09 15:40:48 121905	INFO [input.cpp->run:256]	frame times (ms): 599.63
2020/03/09 15:40:48 121910	INFO [input.cpp->run:257]	FPS: 1.6677
2020/03/09 15:40:48 173100	INFO [input.cpp->run:173]	
frame_id 97
2020/03/09 15:40:48 263761	INFO [input.cpp->run:235]	rotation: 
[-0.9834191991219843, -0.01233876559333628, -0.1809265974419122;
 -0.01198991173634761, -0.9910757309465397, 0.1327596984982141;
 -0.1809500506074249, 0.132727730306876, 0.9744949608862814]
2020/03/09 15:40:48 263823	INFO [input.cpp->run:256]	frame times (ms): 589.851
2020/03/09 15:40:48 263828	INFO [input.cpp->run:257]	FPS: 1.69534
2020/03/09 15:40:48 306082	INFO [input.cpp->run:173]	
frame_id 98
2020/03/09 15:40:48 401703	INFO [input.cpp->run:235]	rotation: 
[0.9999986335091673, 0.001182547824385499, -0.001155231769501776;
 -0.001162903492019873, 0.9998571863136143, 0.01685985268294635;
 0.001175004368703822, -0.01685848622105337, 0.9998571952069296]
2020/03/09 15:40:48 401804	INFO [input.cpp->run:256]	frame times (ms): 636.696
2020/03/09 15:40:48 401810	INFO [input.cpp->run:257]	FPS: 1.57061
2020/03/09 15:40:48 438410	INFO [input.cpp->run:173]	
frame_id 99
2020/03/09 15:40:48 527121	INFO [input.cpp->run:235]	rotation: 
[-0.9727641994262973, -0.004278097056555502, -0.2317574382842751;
 -0.005699914147953205, -0.9990858579068277, 0.04236696247412727;
 -0.2317268290319894, 0.04253406183463832, 0.9718505699389317]
2020/03/09 15:40:48 527195	INFO [input.cpp->run:256]	frame times (ms): 607.037
2020/03/09 15:40:48 527203	INFO [input.cpp->run:257]	FPS: 1.64735
2020/03/09 15:40:48 573532	INFO [input.cpp->run:173]	
frame_id 100
2020/03/09 15:40:48 659306	INFO [input.cpp->run:235]	rotation: 
[-0.968030247344919, -0.01096677533647355, -0.2505936353223163;
 -0.01136524128585698, -0.9961000490728589, 0.08749584863044822;
 -0.2505758797567096, 0.08754668512152457, 0.9641303368364587]
2020/03/09 15:40:48 659363	INFO [input.cpp->run:256]	frame times (ms): 618.699
2020/03/09 15:40:48 659367	INFO [input.cpp->run:257]	FPS: 1.61629
2020/03/09 15:40:48 704399	INFO [input.cpp->run:173]	
frame_id 101
2020/03/09 15:40:48 790260	INFO [input.cpp->run:235]	rotation: 
[0.999995610638577, 0.002961778307784454, 8.107302325952579e-05;
 -0.002961047096187267, 0.9999645371446649, -0.007883949083438001;
 -0.0001044206575536342, 0.007883674416895931, 0.999968917903959]
2020/03/09 15:40:48 790322	INFO [input.cpp->run:256]	frame times (ms): 602.439
2020/03/09 15:40:48 790326	INFO [input.cpp->run:257]	FPS: 1.65992
2020/03/09 15:40:48 839629	INFO [input.cpp->run:173]	
frame_id 102
2020/03/09 15:40:48 923140	INFO [input.cpp->run:235]	rotation: 
[0.9999893854416645, 0.004607017050980879, 6.631661994918398e-05;
 -0.004606539777664599, 0.9999716149912254, -0.005962298476027353;
 -9.378314829344013e-05, 0.005961929698714648, 0.999982223141486]
2020/03/09 15:40:48 923202	INFO [input.cpp->run:256]	frame times (ms): 604.063
2020/03/09 15:40:48 923207	INFO [input.cpp->run:257]	FPS: 1.65546
2020/03/09 15:40:48 971033	INFO [input.cpp->run:173]	
frame_id 103
2020/03/09 15:40:49 057789	INFO [input.cpp->run:235]	rotation: 
[-0.9261026145899509, -0.03386785882655335, -0.3757484735673074;
 -0.02804623189080317, -0.987026288347602, 0.1580902115486086;
 -0.3762277981840047, 0.1569460870785289, 0.9131377604854342]
2020/03/09 15:40:49 057851	INFO [input.cpp->run:256]	frame times (ms): 599.456
2020/03/09 15:40:49 057855	INFO [input.cpp->run:257]	FPS: 1.66818
2020/03/09 15:40:49 107315	INFO [input.cpp->run:173]	
frame_id 104
2020/03/09 15:40:49 189458	INFO [input.cpp->run:235]	rotation: 
[0.9998062630243361, 0.01885720218597767, -0.005642902004235064;
 -0.01899111453362042, 0.9995144656096051, -0.02470163164482205;
 0.005174358519000426, 0.02480401102367764, 0.9996789419864031]
2020/03/09 15:40:49 189518	INFO [input.cpp->run:256]	frame times (ms): 603.321
2020/03/09 15:40:49 189524	INFO [input.cpp->run:257]	FPS: 1.65749
2020/03/09 15:40:49 241358	INFO [input.cpp->run:173]	
frame_id 105
2020/03/09 15:40:49 322696	INFO [input.cpp->run:235]	rotation: 
[-0.9552874099375239, -0.02464956191681048, -0.2946495605158209;
 -0.02762522515519517, -0.9847194762450177, 0.1719430139286352;
 -0.2943854808749607, 0.1723947568838664, 0.9400091682792087]
2020/03/09 15:40:49 322752	INFO [input.cpp->run:256]	frame times (ms): 589.974
2020/03/09 15:40:49 322756	INFO [input.cpp->run:257]	FPS: 1.69499
2020/03/09 15:40:49 372186	INFO [input.cpp->run:173]	
frame_id 106
2020/03/09 15:40:49 458232	INFO [input.cpp->run:235]	rotation: 
[0.9999955737838575, -0.002637184112020738, 0.001377560399011592;
 0.002658916593770141, 0.999868136854739, -0.01601995833890909;
 -0.001335131169957986, 0.01602355024931474, 0.9998707232748475]
2020/03/09 15:40:49 458303	INFO [input.cpp->run:256]	frame times (ms): 611.444
2020/03/09 15:40:49 458307	INFO [input.cpp->run:257]	FPS: 1.63547
2020/03/09 15:40:49 506288	INFO [input.cpp->run:173]	
frame_id 107
2020/03/09 15:40:49 587027	INFO [input.cpp->run:235]	rotation: 
[0.9999994430464164, 0.0009353036945330163, -0.0004889926952159976;
 -0.0009360548508123066, 0.9999983789245388, -0.001538164364035223;
 0.0004875532517094574, 0.001538621231333437, 0.9999986974674183]
2020/03/09 15:40:49 587087	INFO [input.cpp->run:256]	frame times (ms): 583.505
2020/03/09 15:40:49 587089	INFO [input.cpp->run:257]	FPS: 1.71378
2020/03/09 15:40:49 638755	INFO [input.cpp->run:173]	
frame_id 108
2020/03/09 15:40:49 724155	INFO [input.cpp->run:235]	rotation: 
[-0.9606832192846612, -0.01893235596549317, -0.2770005741554618;
 -0.02457706951390138, -0.9879573696319505, 0.1527619175188187;
 -0.2765569016296077, 0.153563673072486, 0.9486487645454021]
2020/03/09 15:40:49 724211	INFO [input.cpp->run:256]	frame times (ms): 593.247
2020/03/09 15:40:49 724227	INFO [input.cpp->run:257]	FPS: 1.68564
2020/03/09 15:40:49 771403	INFO [input.cpp->run:173]	
frame_id 109
2020/03/09 15:40:49 853711	INFO [input.cpp->run:235]	rotation: 
[0.9999993081271485, 0.0005342529678910534, 0.001048007151911019;
 -0.0005012372470159139, 0.9995113314415265, -0.03125455296767319;
 -0.001064192861449912, 0.03125400604327683, 0.9995109076942584]
2020/03/09 15:40:49 853768	INFO [input.cpp->run:256]	frame times (ms): 602.286
2020/03/09 15:40:49 853776	INFO [input.cpp->run:257]	FPS: 1.66034
2020/03/09 15:40:49 905381	INFO [input.cpp->run:173]	
frame_id 110
2020/03/09 15:40:49 997359	INFO [input.cpp->run:235]	rotation: 
[-0.9602795184271639, -0.02344364266044544, -0.2780533080330166;
 -0.02796422779458317, -0.9833627289760365, 0.1794874514406368;
 -0.2776350994617701, 0.1801336694780063, 0.9436475044566385]
2020/03/09 15:40:49 997414	INFO [input.cpp->run:256]	frame times (ms): 605.461
2020/03/09 15:40:49 997418	INFO [input.cpp->run:257]	FPS: 1.65163
2020/03/09 15:40:50 040815	INFO [input.cpp->run:173]	
frame_id 111
2020/03/09 15:40:50 125052	INFO [input.cpp->run:235]	rotation: 
[-0.9925042086986947, -0.01996141031005675, -0.1205692241569609;
 0.007494363466656896, -0.9946549281074963, 0.1029825640955837;
 -0.1219804502025122, 0.1013070386987248, 0.9873488004137578]
2020/03/09 15:40:50 125120	INFO [input.cpp->run:256]	frame times (ms): 589.898
2020/03/09 15:40:50 125126	INFO [input.cpp->run:257]	FPS: 1.69521
2020/03/09 15:40:50 171812	INFO [input.cpp->run:173]	
frame_id 112
2020/03/09 15:40:50 258989	INFO [input.cpp->run:235]	rotation: 
[-0.9828498096800075, -0.01198961740032862, -0.1840176640612712;
 -0.01402787670989015, -0.9901317874818782, 0.1394355123092856;
 -0.1838735170898333, 0.1396255438397091, 0.9729826500099993]
2020/03/09 15:40:50 259049	INFO [input.cpp->run:256]	frame times (ms): 591.147
2020/03/09 15:40:50 259054	INFO [input.cpp->run:257]	FPS: 1.69163
2020/03/09 15:40:50 306416	INFO [input.cpp->run:173]	
frame_id 113
2020/03/09 15:40:50 400301	INFO [input.cpp->run:235]	rotation: 
[-0.9626074129344285, -0.0214552690315563, -0.2700493288169221;
 -0.02623270803506192, -0.9847913731220193, 0.1717492254817908;
 -0.2696271751749696, 0.1724112028124372, 0.9474046461528121]
2020/03/09 15:40:50 400357	INFO [input.cpp->run:256]	frame times (ms): 616.388
2020/03/09 15:40:50 400363	INFO [input.cpp->run:257]	FPS: 1.62235
2020/03/09 15:40:50 438593	INFO [input.cpp->run:173]	
frame_id 114
2020/03/09 15:40:50 528808	INFO [input.cpp->run:235]	rotation: 
[-0.9966381930043323, -0.01424785730706268, -0.08068029999458833;
 0.002083393195633484, -0.9888513209402263, 0.1488916537202868;
 -0.08190220825992163, 0.1482230199291831, 0.9855566775407798]
2020/03/09 15:40:50 528868	INFO [input.cpp->run:256]	frame times (ms): 604.243
2020/03/09 15:40:50 528872	INFO [input.cpp->run:257]	FPS: 1.65496
2020/03/09 15:40:50 574786	INFO [input.cpp->run:173]	
frame_id 115
2020/03/09 15:40:50 658536	INFO [input.cpp->run:235]	rotation: 
[-0.9626099231583577, -0.01915603239768393, -0.2702132162937992;
 -0.01703104254328521, -0.9912435922047154, 0.1309430582466316;
 -0.2703554686462796, 0.1306491000193681, 0.9538546709206698]
2020/03/09 15:40:50 658593	INFO [input.cpp->run:256]	frame times (ms): 603.195
2020/03/09 15:40:50 658597	INFO [input.cpp->run:257]	FPS: 1.65784
2020/03/09 15:40:50 705589	INFO [input.cpp->run:173]	
frame_id 116
2020/03/09 15:40:50 786616	INFO [input.cpp->run:235]	rotation: 
[-0.9858421534293851, 0.002557520982315592, -0.1676565167481951;
 -0.01332689193148646, -0.9979156235991404, 0.06314112865783324;
 -0.1671455726998453, 0.06448152652631282, 0.9838213711155479]
2020/03/09 15:40:50 786672	INFO [input.cpp->run:256]	frame times (ms): 587.63
2020/03/09 15:40:50 786676	INFO [input.cpp->run:257]	FPS: 1.70175
2020/03/09 15:40:50 839111	INFO [input.cpp->run:173]	
frame_id 117
2020/03/09 15:40:50 928493	INFO [input.cpp->run:235]	rotation: 
[-0.9335750390937103, -0.03282264924202603, -0.3568757768158443;
 -0.03699929075259076, -0.9816489337084984, 0.1870733103164998;
 -0.3564669674247287, 0.1878511236210822, 0.9152285269206345]
2020/03/09 15:40:50 928565	INFO [input.cpp->run:256]	frame times (ms): 609.955
2020/03/09 15:40:50 928569	INFO [input.cpp->run:257]	FPS: 1.63947
2020/03/09 15:40:50 974341	INFO [input.cpp->run:173]	
frame_id 118
2020/03/09 15:40:51 065887	INFO [input.cpp->run:235]	rotation: 
[0.9999573860470639, 0.009179130054956153, -0.0009847138455023232;
 -0.009174990700341968, 0.999949384799248, 0.004128847933022671;
 0.001022563236167702, -0.004119637246116191, 0.9999909914361171]
2020/03/09 15:40:51 065945	INFO [input.cpp->run:256]	frame times (ms): 619.098
2020/03/09 15:40:51 065947	INFO [input.cpp->run:257]	FPS: 1.61525
2020/03/09 15:40:51 104981	INFO [input.cpp->run:173]	
frame_id 119
2020/03/09 15:40:51 190965	INFO [input.cpp->run:235]	rotation: 
[-0.9710028816728038, -0.01266961981566788, -0.2387318255215201;
 -0.01674117529839557, -0.9925397530951963, 0.1207665995851305;
 -0.2384808940622696, 0.1212613675473491, 0.9635468561039504]
2020/03/09 15:40:51 191021	INFO [input.cpp->run:256]	frame times (ms): 606.149
2020/03/09 15:40:51 191024	INFO [input.cpp->run:257]	FPS: 1.64976
2020/03/09 15:40:51 241190	INFO [input.cpp->run:173]	
frame_id 120
2020/03/09 15:40:51 331304	INFO [input.cpp->run:235]	rotation: 
[-0.999845847327857, 0.001614031468424312, 0.01748360613999861;
 -0.001712455115171125, -0.9999827640152833, -0.005615974522096736;
 0.01747424043322586, -0.005645048695383545, 0.9998313779565576]
2020/03/09 15:40:51 331363	INFO [input.cpp->run:256]	frame times (ms): 614.749
2020/03/09 15:40:51 331368	INFO [input.cpp->run:257]	FPS: 1.62668
2020/03/09 15:40:51 373550	INFO [input.cpp->run:173]	
frame_id 121
2020/03/09 15:40:51 466940	INFO [input.cpp->run:235]	rotation: 
[0.9999967773291243, -8.009853245492084e-05, 0.002537501840587353;
 9.042645875833874e-05, 0.9999917123585654, -0.004070262551702659;
 -0.002537154788624861, 0.004070478891891615, 0.9999884969574246]
2020/03/09 15:40:51 466997	INFO [input.cpp->run:256]	frame times (ms): 632.657
2020/03/09 15:40:51 467000	INFO [input.cpp->run:257]	FPS: 1.58064
2020/03/09 15:40:51 507484	INFO [input.cpp->run:173]	
frame_id 122
2020/03/09 15:40:51 594381	INFO [input.cpp->run:235]	rotation: 
[0.999974763090186, 0.007102938038310825, -0.0001464716710030898;
 -0.007102938917704613, 0.999974773796145, -5.484526977332482e-06;
 0.0001464290198235687, 6.524767897128855e-06, 0.9999999892579847]
2020/03/09 15:40:51 594442	INFO [input.cpp->run:256]	frame times (ms): 614.027
2020/03/09 15:40:51 594446	INFO [input.cpp->run:257]	FPS: 1.62859
2020/03/09 15:40:51 639911	INFO [input.cpp->run:173]	
frame_id 123
2020/03/09 15:40:51 722192	INFO [input.cpp->run:235]	rotation: 
[0.9999970590675613, 0.002414750503163683, -0.0002254689243428445;
 -0.002416368040162753, 0.9999691580022299, -0.007472898353780824;
 0.0002074167853708994, 0.007473421192394476, 0.9999720520864361]
2020/03/09 15:40:51 722267	INFO [input.cpp->run:256]	frame times (ms): 603.028
2020/03/09 15:40:51 722274	INFO [input.cpp->run:257]	FPS: 1.6583
2020/03/09 15:40:51 774202	INFO [input.cpp->run:173]	
frame_id 124
2020/03/09 15:40:51 859136	INFO [input.cpp->run:235]	rotation: 
[-0.9589710414070686, -0.0103224427120851, -0.2833160583502073;
 -0.01979408171533755, -0.9944603567061805, 0.1032317454510136;
 -0.2828121922260228, 0.1046042356516793, 0.9534543606340258]
2020/03/09 15:40:51 859203	INFO [input.cpp->run:256]	frame times (ms): 631.696
2020/03/09 15:40:51 859276	INFO [input.cpp->run:257]	FPS: 1.58304
2020/03/09 15:40:51 907332	INFO [input.cpp->run:173]	
frame_id 125
2020/03/09 15:40:51 995449	INFO [input.cpp->run:235]	rotation: 
[-0.9503743911228859, -0.02477558071113739, -0.3101204399878051;
 -0.02739859906637675, -0.9862854576620191, 0.1627584491620066;
 -0.3098997151773519, 0.1631783276199615, 0.9366616250963571]
2020/03/09 15:40:51 995507	INFO [input.cpp->run:256]	frame times (ms): 614.937
2020/03/09 15:40:51 995512	INFO [input.cpp->run:257]	FPS: 1.62618
2020/03/09 15:40:52 041087	INFO [input.cpp->run:173]	
frame_id 126
2020/03/09 15:40:52 140718	INFO [input.cpp->run:235]	rotation: 
[0.9999361671353253, -0.003243987676739794, 0.01082304017676956;
 0.00265286753415424, 0.9985270644980143, 0.05419099333675838;
 -0.01098289345122851, -0.05415882207850832, 0.998471931524621]
2020/03/09 15:40:52 140777	INFO [input.cpp->run:256]	frame times (ms): 620.767
2020/03/09 15:40:52 140781	INFO [input.cpp->run:257]	FPS: 1.61091
2020/03/09 15:40:52 175179	INFO [input.cpp->run:173]	
frame_id 127
2020/03/09 15:40:52 267470	INFO [input.cpp->run:235]	rotation: 
[-0.9566729141780987, -0.02478448402866584, -0.2901080223458443;
 -0.02991002237801563, -0.9827341851154017, 0.182589462913154;
 -0.2896244565628578, 0.183355531023747, 0.9394138722648659]
2020/03/09 15:40:52 267538	INFO [input.cpp->run:256]	frame times (ms): 611.521
2020/03/09 15:40:52 267544	INFO [input.cpp->run:257]	FPS: 1.63527
2020/03/09 15:40:52 308057	INFO [input.cpp->run:173]	
frame_id 128
2020/03/09 15:40:52 399733	INFO [input.cpp->run:235]	rotation: 
[-0.9859000219101942, -0.01796963506345576, -0.1663677823773724;
 -0.00836655749009059, -0.9876803178897009, 0.1562612887732098;
 -0.1671261425188876, 0.1554499336409819, 0.9736037030628893]
2020/03/09 15:40:52 399794	INFO [input.cpp->run:256]	frame times (ms): 608.683
2020/03/09 15:40:52 399799	INFO [input.cpp->run:257]	FPS: 1.64289
2020/03/09 15:40:52 441697	INFO [input.cpp->run:173]	
frame_id 129
2020/03/09 15:40:52 530116	INFO [input.cpp->run:235]	rotation: 
[0.9999996746346004, 0.0006095809527976995, 0.0005283386747797437;
 -0.0006039134558116815, 0.9999429811561206, -0.01066160049655617;
 -0.0005348076581083701, 0.01066127795680534, 0.9999430239434127]
2020/03/09 15:40:52 530198	INFO [input.cpp->run:256]	frame times (ms): 615.818
2020/03/09 15:40:52 530205	INFO [input.cpp->run:257]	FPS: 1.62386
2020/03/09 15:40:52 574820	INFO [input.cpp->run:173]	
frame_id 130
2020/03/09 15:40:52 668345	INFO [input.cpp->run:235]	rotation: 
[-0.9825712061874017, -0.01200030372694136, -0.1854988341793442;
 -0.01302064483228992, -0.9910197199443433, 0.1330803422357585;
 -0.1854300072253302, 0.1331762268270746, 0.9735911898885061]
2020/03/09 15:40:52 668403	INFO [input.cpp->run:256]	frame times (ms): 646.946
2020/03/09 15:40:52 668408	INFO [input.cpp->run:257]	FPS: 1.54572
2020/03/09 15:40:52 707940	INFO [input.cpp->run:173]	
frame_id 131
2020/03/09 15:40:52 796136	INFO [input.cpp->run:235]	rotation: 
[-0.9731541442944327, -0.02468945474149642, -0.2288262272274271;
 -0.0006455400537850355, -0.9939328357852268, 0.1099868229651907;
 -0.2301534156179514, 0.1071818490813852, 0.96723392026277]
2020/03/09 15:40:52 796199	INFO [input.cpp->run:256]	frame times (ms): 614.054
2020/03/09 15:40:52 796205	INFO [input.cpp->run:257]	FPS: 1.62852
2020/03/09 15:40:52 841954	INFO [input.cpp->run:173]	
frame_id 132
2020/03/09 15:40:52 932396	INFO [input.cpp->run:235]	rotation: 
[0.9999585343676751, 0.008905184454621804, -0.001904530146874596;
 -0.008937426031662548, 0.9998042915195527, -0.01764939304944068;
 0.001746986313556196, 0.01766568280351049, 0.9998424234297653]
2020/03/09 15:40:52 932458	INFO [input.cpp->run:256]	frame times (ms): 635.079
2020/03/09 15:40:52 932463	INFO [input.cpp->run:257]	FPS: 1.57461
2020/03/09 15:40:52 975153	INFO [input.cpp->run:173]	
frame_id 133
2020/03/09 15:40:53 062393	INFO [input.cpp->run:235]	rotation: 
[-0.9491748661027213, -0.02118963224683488, -0.3140351461924684;
 -0.03025082763208145, -0.9869708740345243, 0.1580296846643097;
 -0.3132921336172601, 0.1594976278593853, 0.936166943296319]
2020/03/09 15:40:53 062456	INFO [input.cpp->run:256]	frame times (ms): 601.488
2020/03/09 15:40:53 062461	INFO [input.cpp->run:257]	FPS: 1.66254
2020/03/09 15:40:53 107066	INFO [input.cpp->run:173]	
frame_id 134
2020/03/09 15:40:53 196570	INFO [input.cpp->run:235]	rotation: 
[-0.9575007175723333, -0.02682372372332222, -0.2871808901965476;
 -0.02899827209296172, -0.9816688460824849, 0.1883756269975099;
 -0.2869694688709745, 0.1886975476170724, 0.9391707829033078]
2020/03/09 15:40:53 196632	INFO [input.cpp->run:256]	frame times (ms): 612.716
2020/03/09 15:40:53 196646	INFO [input.cpp->run:257]	FPS: 1.63208
2020/03/09 15:40:53 239462	INFO [input.cpp->run:173]	
frame_id 135
2020/03/09 15:40:53 331372	INFO [input.cpp->run:235]	rotation: 
[-0.9836440436275676, -0.01277404653464886, -0.1796697502951971;
 -0.005364799569888869, -0.9949619099092443, 0.1001100232510399;
 -0.1800433680022198, 0.09943652027740844, 0.9786198261191821]
2020/03/09 15:40:53 331518	INFO [input.cpp->run:256]	frame times (ms): 621.618
2020/03/09 15:40:53 331526	INFO [input.cpp->run:257]	FPS: 1.60871
2020/03/09 15:40:53 372921	INFO [input.cpp->run:173]	
frame_id 136
2020/03/09 15:40:53 467064	INFO [input.cpp->run:235]	rotation: 
[0.9999954942504219, 0.002668297280700502, 0.001375379393547754;
 -0.002638948421059838, 0.9997777494296037, -0.02091620655633793;
 -0.001430884371769873, 0.0209124827578701, 0.9997802861803269]
2020/03/09 15:40:53 467135	INFO [input.cpp->run:256]	frame times (ms): 633.863
2020/03/09 15:40:53 467139	INFO [input.cpp->run:257]	FPS: 1.57763
2020/03/09 15:40:53 508877	INFO [input.cpp->run:173]	
frame_id 137
2020/03/09 15:40:53 593282	INFO [input.cpp->run:235]	rotation: 
[-0.9716383228168441, -0.01243370282752442, -0.2361448129171312;
 -0.01395822735196658, -0.993859894359949, 0.1097619163099012;
 -0.2360596058686469, 0.1099450472592001, 0.9654988084199334]
2020/03/09 15:40:53 593346	INFO [input.cpp->run:256]	frame times (ms): 621.908
2020/03/09 15:40:53 593350	INFO [input.cpp->run:257]	FPS: 1.60795
2020/03/09 15:40:53 639372	INFO [input.cpp->run:173]	
frame_id 138
2020/03/09 15:40:53 725679	INFO [input.cpp->run:235]	rotation: 
[0.9999964119862522, 0.002669723975747357, 0.0002204280268844399;
 -0.002667223347093519, 0.9999396555906913, -0.01065697409147258;
 -0.0002488659045262852, 0.01065634792332337, 0.9999431885435786]
2020/03/09 15:40:53 725740	INFO [input.cpp->run:256]	frame times (ms): 597.433
2020/03/09 15:40:53 725745	INFO [input.cpp->run:257]	FPS: 1.67383
2020/03/09 15:40:53 774016	INFO [input.cpp->run:173]	
frame_id 139
2020/03/09 15:40:53 864886	INFO [input.cpp->run:235]	rotation: 
[0.9999964177768097, -0.002569223711838834, 0.0007506817346900732;
 0.002580548989498173, 0.9998765885943209, -0.01549672055293886;
 -0.0007107745501016269, 0.01549860221121901, 0.9998796368208712]
2020/03/09 15:40:53 864943	INFO [input.cpp->run:256]	frame times (ms): 595.971
2020/03/09 15:40:53 864945	INFO [input.cpp->run:257]	FPS: 1.67793
2020/03/09 15:40:53 906386	INFO [input.cpp->run:173]	
frame_id 140
2020/03/09 15:40:53 992846	INFO [input.cpp->run:235]	rotation: 
[-0.959674095375422, -0.02690487436268235, -0.27982451358109;
 -0.03280490258413117, -0.9778902721886814, 0.20652954734176;
 -0.2791943212742891, 0.2073806724221784, 0.9375733505565926]
2020/03/09 15:40:53 992904	INFO [input.cpp->run:256]	frame times (ms): 613.832
2020/03/09 15:40:53 992906	INFO [input.cpp->run:257]	FPS: 1.62911
2020/03/09 15:40:54 039665	INFO [input.cpp->run:173]	
frame_id 141
2020/03/09 15:40:54 129295	INFO [input.cpp->run:235]	rotation: 
[-0.9450016628682324, -0.02378478598420497, -0.3261995418941622;
 -0.03095308951170108, -0.9863720395788591, 0.1615924063399092;
 -0.3255975482493016, 0.1628019763170191, 0.9313870049991655]
2020/03/09 15:40:54 129364	INFO [input.cpp->run:256]	frame times (ms): 640.416
2020/03/09 15:40:54 129369	INFO [input.cpp->run:257]	FPS: 1.56149
2020/03/09 15:40:54 172402	INFO [input.cpp->run:173]	
frame_id 142
2020/03/09 15:40:54 262615	INFO [input.cpp->run:235]	rotation: 
[0.9999761646652346, 0.006904149279303828, -5.314260563797873e-05;
 -0.006904279955358877, 0.9999714470316454, -0.003071813753346273;
 3.193282754752041e-05, 0.003072107447064007, 0.9999952805569275]
2020/03/09 15:40:54 262683	INFO [input.cpp->run:256]	frame times (ms): 606.011
2020/03/09 15:40:54 262687	INFO [input.cpp->run:257]	FPS: 1.65014
2020/03/09 15:40:54 308480	INFO [input.cpp->run:173]	
frame_id 143
2020/03/09 15:40:54 393834	INFO [input.cpp->run:235]	rotation: 
[-0.9399911501907237, -0.02907980480390721, -0.3399573539661807;
 -0.03678681714294596, -0.9819158958396804, 0.1857091908922369;
 -0.3392099167884274, 0.1870709449645361, 0.9219224988590222]
2020/03/09 15:40:54 393903	INFO [input.cpp->run:256]	frame times (ms): 598.056
2020/03/09 15:40:54 393906	INFO [input.cpp->run:257]	FPS: 1.67208
2020/03/09 15:40:54 439283	INFO [input.cpp->run:173]	
frame_id 144
2020/03/09 15:40:54 528007	INFO [input.cpp->run:235]	rotation: 
[0.9998458284139057, 0.01699950572475724, -0.00439729558075602;
 -0.01705230874521609, 0.9997793939138958, -0.01226304495714667;
 0.004187859807636535, 0.01233613838594231, 0.9999151371591264]
2020/03/09 15:40:54 528072	INFO [input.cpp->run:256]	frame times (ms): 626.086
2020/03/09 15:40:54 528077	INFO [input.cpp->run:257]	FPS: 1.59722
2020/03/09 15:40:54 572853	INFO [input.cpp->run:173]	
frame_id 145
2020/03/09 15:40:54 661114	INFO [input.cpp->run:235]	rotation: 
[0.9999935486386534, 0.003546584082789684, 0.0005695809132568779;
 -0.00354241231714613, 0.9999680531435473, -0.007165473276700637;
 -0.0005949756704060051, 0.007163409359200576, 0.9999741654514401]
2020/03/09 15:40:54 661172	INFO [input.cpp->run:256]	frame times (ms): 608.457
2020/03/09 15:40:54 661177	INFO [input.cpp->run:257]	FPS: 1.6435
2020/03/09 15:40:54 708909	INFO [input.cpp->run:173]	
frame_id 146
2020/03/09 15:40:54 793307	INFO [input.cpp->run:235]	rotation: 
[-0.9095770308754983, -0.04566883744901801, -0.4130181378459885;
 -0.05324468897546913, -0.972939764793021, 0.2248404260367929;
 -0.4121099707597698, 0.2265007094261652, 0.8825320394352971]
2020/03/09 15:40:54 793365	INFO [input.cpp->run:256]	frame times (ms): 606.716
2020/03/09 15:40:54 793369	INFO [input.cpp->run:257]	FPS: 1.64822
2020/03/09 15:40:54 838971	INFO [input.cpp->run:173]	
frame_id 147
2020/03/09 15:40:54 925701	INFO [input.cpp->run:235]	rotation: 
[0.9999997773952315, -0.0006520851031623943, 0.0001414019293312578;
 0.0006539097277464264, 0.9999111719356356, -0.0133124242860472;
 -0.0001327085353076693, 0.01331251378673518, 0.999911375755433]
2020/03/09 15:40:54 925760	INFO [input.cpp->run:256]	frame times (ms): 649.307
2020/03/09 15:40:54 925762	INFO [input.cpp->run:257]	FPS: 1.5401
2020/03/09 15:40:54 974401	INFO [input.cpp->run:173]	
frame_id 148
2020/03/09 15:40:55 065541	INFO [input.cpp->run:235]	rotation: 
[-0.9517041633924055, -0.02348902099726282, -0.3061167281841223;
 -0.02790378097343901, -0.9863246840879192, 0.1624345916553885;
 -0.305745914754307, 0.1631314912929341, 0.9380338758059841]
2020/03/09 15:40:55 065604	INFO [input.cpp->run:256]	frame times (ms): 654.642
2020/03/09 15:40:55 065610	INFO [input.cpp->run:257]	FPS: 1.52755
2020/03/09 15:40:55 108290	INFO [input.cpp->run:173]	
frame_id 149
2020/03/09 15:40:55 195326	INFO [input.cpp->run:235]	rotation: 
[0.9999502228043178, 0.009944252104317678, -0.0008147169331140286;
 -0.009940521456003775, 0.9999406372215542, 0.004461845597377232;
 0.0008590382867240912, -0.004453524788061637, 0.9999897140321915]
2020/03/09 15:40:55 195386	INFO [input.cpp->run:256]	frame times (ms): 622.151
2020/03/09 15:40:55 195390	INFO [input.cpp->run:257]	FPS: 1.60733
2020/03/09 15:40:55 239483	INFO [input.cpp->run:173]	
frame_id 150
2020/03/09 15:40:55 326675	INFO [input.cpp->run:235]	rotation: 
[0.9999736586029144, 0.007219682241117012, -0.0007471871514635759;
 -0.007219748155782179, 0.9999739336185195, -8.555741821516691e-05;
 0.0007465499776253648, 9.094966757204337e-05, 0.9999997171956044]
2020/03/09 15:40:55 326733	INFO [input.cpp->run:256]	frame times (ms): 600.529
2020/03/09 15:40:55 326740	INFO [input.cpp->run:257]	FPS: 1.6652
2020/03/09 15:40:55 376016	INFO [input.cpp->run:173]	
frame_id 151
2020/03/09 15:40:55 467016	INFO [input.cpp->run:235]	rotation: 
[0.9999978974430386, 0.001846543304438189, -0.000891844900765569;
 -0.001844541262337091, 0.9999957889900837, 0.002240461923692446;
 0.0008959782551618911, -0.002238812168274565, 0.9999970924672938]
2020/03/09 15:40:55 467075	INFO [input.cpp->run:256]	frame times (ms): 606.528
2020/03/09 15:40:55 467078	INFO [input.cpp->run:257]	FPS: 1.64873
2020/03/09 15:40:55 506852	INFO [input.cpp->run:173]	
frame_id 152
2020/03/09 15:40:55 599612	INFO [input.cpp->run:235]	rotation: 
[0.9999945312040502, -0.002690734757823287, -0.001922890650744939;
 0.002710935515375174, 0.999940342943026, 0.01058118063426385;
 0.001894304786236412, -0.01058633560050334, 0.999942168881746]
2020/03/09 15:40:55 599690	INFO [input.cpp->run:256]	frame times (ms): 608.31
2020/03/09 15:40:55 599694	INFO [input.cpp->run:257]	FPS: 1.6439
2020/03/09 15:40:55 639691	INFO [input.cpp->run:173]	
frame_id 153
2020/03/09 15:40:55 730874	INFO [input.cpp->run:235]	rotation: 
[-0.9715598091048915, 0.006778204313914403, -0.2366972608171577;
 -0.01258347121020496, -0.9996557159432814, 0.02302402732424292;
 -0.2364597081626565, 0.02534769275899433, 0.9713106098913092]
2020/03/09 15:40:55 730947	INFO [input.cpp->run:256]	frame times (ms): 605.59
2020/03/09 15:40:55 730956	INFO [input.cpp->run:257]	FPS: 1.65128
2020/03/09 15:40:55 773301	INFO [input.cpp->run:173]	
frame_id 154
2020/03/09 15:40:55 862262	INFO [input.cpp->run:235]	rotation: 
[-0.9569064479297871, -0.00609205020261294, -0.2903324591476582;
 -0.0203879019608189, -0.9959035418289058, 0.08809352318006564;
 -0.2896797945387869, 0.09021653006500288, 0.9528623165699214]
2020/03/09 15:40:55 862323	INFO [input.cpp->run:256]	frame times (ms): 615.649
2020/03/09 15:40:55 862327	INFO [input.cpp->run:257]	FPS: 1.6243
2020/03/09 15:40:55 908273	INFO [input.cpp->run:173]	
frame_id 155
2020/03/09 15:40:55 996284	INFO [input.cpp->run:235]	rotation: 
[-0.9510812096373549, -0.020933202168781, -0.3082309746305632;
 -0.02454832945491897, -0.9894265047897935, 0.1429425448927837;
 -0.3079641410874304, 0.1435165240187125, 0.9405110818793514]
2020/03/09 15:40:55 996350	INFO [input.cpp->run:256]	frame times (ms): 604.81
2020/03/09 15:40:55 996354	INFO [input.cpp->run:257]	FPS: 1.65341
2020/03/09 15:40:56 041588	INFO [input.cpp->run:173]	
frame_id 156
2020/03/09 15:40:56 123938	INFO [input.cpp->run:235]	rotation: 
[-0.9995863453098965, 0.001802839216158944, -0.02870344998018409;
 -0.002401600205668631, -0.9997799504933728, 0.02083945555721892;
 -0.0286595636124555, 0.02089976943006428, 0.9993707165268118]
2020/03/09 15:40:56 123999	INFO [input.cpp->run:256]	frame times (ms): 600.173
2020/03/09 15:40:56 124005	INFO [input.cpp->run:257]	FPS: 1.66619
2020/03/09 15:40:56 171859	INFO [input.cpp->run:173]	
frame_id 157
2020/03/09 15:40:56 256426	INFO [input.cpp->run:235]	rotation: 
[-0.9983596590471906, -2.979129176901199e-05, -0.05725373611963079;
 0.001169680706941616, -0.9998017681062552, -0.01987602421637072;
 -0.05724179447065919, -0.01991038935040904, 0.9981617871676385]
2020/03/09 15:40:56 256485	INFO [input.cpp->run:256]	frame times (ms): 593.212
2020/03/09 15:40:56 256488	INFO [input.cpp->run:257]	FPS: 1.68574
2020/03/09 15:40:56 308219	INFO [input.cpp->run:173]	
frame_id 158
2020/03/09 15:40:56 397206	INFO [input.cpp->run:235]	rotation: 
[-0.9789694160409895, -0.00359447659887275, -0.2039753960514455;
 -0.001194306422599158, -0.9997266544591333, 0.02334930397501169;
 -0.2040035688132265, 0.0231018636029372, 0.9786975262099823]
2020/03/09 15:40:56 397271	INFO [input.cpp->run:256]	frame times (ms): 604.326
2020/03/09 15:40:56 397276	INFO [input.cpp->run:257]	FPS: 1.65474
2020/03/09 15:40:56 442238	INFO [input.cpp->run:173]	
frame_id 159
2020/03/09 15:40:56 539418	INFO [input.cpp->run:235]	rotation: 
[-0.9999050040811617, 0.0005844119789425141, 0.01377103032059883;
 -0.0004566136350716861, -0.9999568212483058, 0.00928154852231578;
 0.01377585995283962, 0.009274378772872289, 0.999862096281751]
2020/03/09 15:40:56 539488	INFO [input.cpp->run:256]	frame times (ms): 642.503
2020/03/09 15:40:56 539493	INFO [input.cpp->run:257]	FPS: 1.55641
2020/03/09 15:40:56 572732	INFO [input.cpp->run:173]	
frame_id 160
2020/03/09 15:40:56 658646	INFO [input.cpp->run:235]	rotation: 
[0.9999636815747246, 0.008496082282291359, -0.0006723967395532036;
 -0.008496085659153347, 0.9999639076105604, -2.165864584142212e-06;
 0.0006723540697845026, 7.878526219530596e-06, 0.9999997739389412]
2020/03/09 15:40:56 658711	INFO [input.cpp->run:256]	frame times (ms): 604.388
2020/03/09 15:40:56 658717	INFO [input.cpp->run:257]	FPS: 1.65457
2020/03/09 15:40:56 705949	INFO [input.cpp->run:173]	
frame_id 161
2020/03/09 15:40:56 802785	INFO [input.cpp->run:235]	rotation: 
[0.9999834443329279, 0.005703988619067685, 0.0007586658603278272;
 -0.00570464199788029, 0.9999833569872232, 0.0008618632372700025;
 -0.0007537371757456394, -0.0008661768856783687, 0.999999340808719]
2020/03/09 15:40:56 802845	INFO [input.cpp->run:256]	frame times (ms): 628.194
2020/03/09 15:40:56 802850	INFO [input.cpp->run:257]	FPS: 1.59187
2020/03/09 15:40:56 838699	INFO [input.cpp->run:173]	
frame_id 162
2020/03/09 15:40:56 933323	INFO [input.cpp->run:235]	rotation: 
[0.9999968286222032, 0.002496709187547775, 0.0003304372386963933;
 -0.002494585674129286, 0.999977182183925, -0.006277909987557644;
 -0.0003461038143847895, 0.006277065773931449, 0.9999802391334638]
2020/03/09 15:40:56 933387	INFO [input.cpp->run:256]	frame times (ms): 631.221
2020/03/09 15:40:56 933389	INFO [input.cpp->run:257]	FPS: 1.58423
2020/03/09 15:40:56 977051	INFO [input.cpp->run:173]	
frame_id 163
2020/03/09 15:40:57 071946	INFO [input.cpp->run:235]	rotation: 
[0.9999952383227177, -0.002895755708103279, 0.001066738379355095;
 0.002913893745299472, 0.9998441294916416, -0.01741338405774448;
 -0.001016147200019011, 0.01741640950312067, 0.9998478064810101]
2020/03/09 15:40:57 072019	INFO [input.cpp->run:256]	frame times (ms): 615.186
2020/03/09 15:40:57 072024	INFO [input.cpp->run:257]	FPS: 1.62552
2020/03/09 15:40:57 107740	INFO [input.cpp->run:173]	
frame_id 164
2020/03/09 15:40:57 195470	INFO [input.cpp->run:235]	rotation: 
[0.9999571168027255, 0.009225324294429783, -0.0008111394719665634;
 -0.009236545405270465, 0.9998428265292323, -0.01513302570578388;
 0.0006714049126686792, 0.01513986887982, 0.9998851601987826]
2020/03/09 15:40:57 195534	INFO [input.cpp->run:256]	frame times (ms): 614.077
2020/03/09 15:40:57 195539	INFO [input.cpp->run:257]	FPS: 1.62846
2020/03/09 15:40:57 240482	INFO [input.cpp->run:173]	
frame_id 165
2020/03/09 15:40:57 330120	INFO [input.cpp->run:235]	rotation: 
[0.9999963893539128, 0.002687198818002621, -1.55451003746165e-05;
 -0.002687165715518193, 0.9999947011512813, 0.001837609799947762;
 2.048304088585096e-05, -0.001837561392728357, 0.9999983114728609]
2020/03/09 15:40:57 330193	INFO [input.cpp->run:256]	frame times (ms): 621.937
2020/03/09 15:40:57 330196	INFO [input.cpp->run:257]	FPS: 1.60788
2020/03/09 15:40:57 376037	INFO [input.cpp->run:173]	
frame_id 166
2020/03/09 15:40:57 464715	INFO [input.cpp->run:235]	rotation: 
[0.9999451165369504, 0.01047658421547115, 7.139384269263744e-05;
 -0.01047388831035604, 0.9998027849786595, -0.01687272392290382;
 -0.0002481482758771238, 0.01687105011824944, 0.9998576429124002]
2020/03/09 15:40:57 464777	INFO [input.cpp->run:256]	frame times (ms): 629.34
2020/03/09 15:40:57 464791	INFO [input.cpp->run:257]	FPS: 1.58897
2020/03/09 15:40:57 507244	INFO [input.cpp->run:173]	
frame_id 167
2020/03/09 15:40:57 595309	INFO [input.cpp->run:235]	rotation: 
[0.9999896952702388, 0.004466287563240173, 0.0008134056413068584;
 -0.00446071969870512, 0.9999674516364917, -0.006722919558514379;
 -0.0008434056582972223, 0.006719221906077907, 0.999977070099046]
2020/03/09 15:40:57 595372	INFO [input.cpp->run:256]	frame times (ms): 622.281
2020/03/09 15:40:57 595376	INFO [input.cpp->run:257]	FPS: 1.60699
2020/03/09 15:40:57 642144	INFO [input.cpp->run:173]	
frame_id 168
2020/03/09 15:40:57 730662	INFO [input.cpp->run:235]	rotation: 
[0.9999442292815148, 0.01010542538507617, -0.003068990776125731;
 -0.009915763575483391, 0.9983506086019859, 0.0565485626409678;
 0.003635376089540611, -0.0565149775000486, 0.9983951328801922]
2020/03/09 15:40:57 730732	INFO [input.cpp->run:256]	frame times (ms): 616.528
2020/03/09 15:40:57 730736	INFO [input.cpp->run:257]	FPS: 1.62199
2020/03/09 15:40:57 736053	INFO [input.cpp->run:173]	
frame_id 169
2020/03/09 15:40:57 821958	INFO [input.cpp->run:235]	rotation: 
[-0.9951769113841147, -0.01946590647831757, -0.09614568910227515;
 0.0105991161450167, -0.9957131033104054, 0.09188620480195235;
 -0.09752217073526616, 0.09042397016797747, 0.9911170121807731]
2020/03/09 15:40:57 822027	INFO [input.cpp->run:256]	frame times (ms): 593.653
2020/03/09 15:40:57 822029	INFO [input.cpp->run:257]	FPS: 1.68449
2020/03/09 15:40:57 906350	INFO [input.cpp->run:173]	
frame_id 170
2020/03/09 15:40:57 993967	INFO [input.cpp->run:235]	rotation: 
[-0.9779917358548471, 0.005009636341554585, -0.2085834800346092;
 -0.01037484019771045, -0.9996426513422659, 0.02463599619006578;
 -0.2083855256261692, 0.02625782095167723, 0.9776942259972562]
2020/03/09 15:40:57 994026	INFO [input.cpp->run:256]	frame times (ms): 609.747
2020/03/09 15:40:57 994030	INFO [input.cpp->run:257]	FPS: 1.64002
2020/03/09 15:40:57 999192	INFO [input.cpp->run:173]	
frame_id 171
2020/03/09 15:40:58 084692	INFO [input.cpp->run:235]	rotation: 
[0.999999819783426, -0.0004922471125771213, 0.000343694480027347;
 0.0004959885752914096, 0.9999396812144893, -0.01097214327279386;
 -0.0003382727429489097, 0.01097231176396728, 0.9999397451577299]
2020/03/09 15:40:58 084762	INFO [input.cpp->run:256]	frame times (ms): 600.103
2020/03/09 15:40:58 084767	INFO [input.cpp->run:257]	FPS: 1.66638
2020/03/09 15:40:58 173604	INFO [input.cpp->run:173]	
frame_id 172
2020/03/09 15:40:58 270251	INFO [input.cpp->run:235]	rotation: 
[0.9999900182188829, 0.004439866674278129, 0.0005010454200531269;
 -0.004436267769275899, 0.9999658770901884, -0.006968800723909104;
 -0.0005319688690192162, 0.006966508391217705, 0.9999755920871056]
2020/03/09 15:40:58 270317	INFO [input.cpp->run:256]	frame times (ms): 629.68
2020/03/09 15:40:58 270326	INFO [input.cpp->run:257]	FPS: 1.58811
2020/03/09 15:40:58 309763	INFO [input.cpp->run:173]	
frame_id 173
2020/03/09 15:40:58 404066	INFO [input.cpp->run:235]	rotation: 
[-0.9998459826737631, 2.643476705352187e-05, 0.01755022029320782;
 4.067228155503664e-05, -0.9999926901530573, 0.003823347514581863;
 0.01755019307308458, 0.003823472460321511, 0.9998386728775006]
2020/03/09 15:40:58 404127	INFO [input.cpp->run:256]	frame times (ms): 605.553
2020/03/09 15:40:58 404129	INFO [input.cpp->run:257]	FPS: 1.65138
2020/03/09 15:40:58 441844	INFO [input.cpp->run:173]	
frame_id 174
2020/03/09 15:40:58 525986	INFO [input.cpp->run:235]	rotation: 
[0.999990882111932, 0.004248995531605467, 0.0004262979855384658;
 -0.004246532922685648, 0.9999751894706701, -0.005620267007359374;
 -0.000450167898260492, 0.005618405473963425, 0.9999841153082351]
2020/03/09 15:40:58 526049	INFO [input.cpp->run:256]	frame times (ms): 598.035
2020/03/09 15:40:58 526053	INFO [input.cpp->run:257]	FPS: 1.67214
2020/03/09 15:40:58 575208	INFO [input.cpp->run:173]	
frame_id 175
2020/03/09 15:40:58 665020	INFO [input.cpp->run:235]	rotation: 
[-0.9483317045291371, -0.02670947772185768, -0.3161543641715027;
 -0.02954531104903121, -0.9846865476642044, 0.1718123320491475;
 -0.3159019670402157, 0.1722759607402498, 0.933020332346056]
2020/03/09 15:40:58 665091	INFO [input.cpp->run:256]	frame times (ms): 593.041
2020/03/09 15:40:58 665098	INFO [input.cpp->run:257]	FPS: 1.68622
2020/03/09 15:40:58 670352	INFO [input.cpp->run:173]	
frame_id 176
2020/03/09 15:40:58 756398	INFO [input.cpp->run:235]	rotation: 
[-0.994463218063998, -0.01489662157564467, -0.1040240288752045;
 0.005031888114824657, -0.9955162226833115, 0.09445702978789448;
 -0.104964698922053, 0.09341060453708315, 0.9900792245776193]
2020/03/09 15:40:58 756455	INFO [input.cpp->run:256]	frame times (ms): 607.356
2020/03/09 15:40:58 756472	INFO [input.cpp->run:257]	FPS: 1.64648
2020/03/09 15:40:58 840985	INFO [input.cpp->run:173]	
frame_id 177
2020/03/09 15:40:58 928333	INFO [input.cpp->run:235]	rotation: 
[0.9999982657567047, 0.00155502604345146, 0.001024879303686704;
 -0.001543079270141862, 0.9999320337025821, -0.01155624860343104;
 -0.001042779913978067, 0.01155464709207647, 0.9999326991056091]
2020/03/09 15:40:58 928404	INFO [input.cpp->run:256]	frame times (ms): 610.872
2020/03/09 15:40:58 928409	INFO [input.cpp->run:257]	FPS: 1.637
2020/03/09 15:40:58 938316	INFO [input.cpp->run:173]	
frame_id 178
2020/03/09 15:40:59 024149	INFO [input.cpp->run:235]	rotation: 
[-0.9605533879330604, -0.02368442168950944, -0.2770852524035751;
 -0.03186032265785094, -0.9804339936718705, 0.1942526805291609;
 -0.2762645630015856, 0.1954180959426739, 0.9410046009492643]
2020/03/09 15:40:59 024208	INFO [input.cpp->run:256]	frame times (ms): 592.377
2020/03/09 15:40:59 024212	INFO [input.cpp->run:257]	FPS: 1.68811
2020/03/09 15:40:59 108058	INFO [input.cpp->run:173]	
frame_id 179
2020/03/09 15:40:59 195838	INFO [input.cpp->run:235]	rotation: 
[0.9999852234380467, 0.005389975028343933, -0.0007078663388314684;
 -0.005387548901316609, 0.9999797554903251, 0.003385694366804297;
 0.0007261008165152035, -0.003381830673365681, 0.9999940179815582]
2020/03/09 15:40:59 195909	INFO [input.cpp->run:256]	frame times (ms): 585.34
2020/03/09 15:40:59 195913	INFO [input.cpp->run:257]	FPS: 1.70841
2020/03/09 15:40:59 201113	INFO [input.cpp->run:173]	
frame_id 180
2020/03/09 15:40:59 286138	INFO [input.cpp->run:235]	rotation: 
[-0.9996271707935939, 0.009100712924972726, 0.02574289096920292;
 -0.004909317211732954, -0.9873596071745001, 0.1584200262742415;
 0.02685922589557669, 0.1582345826438519, 0.9870361689623217]
2020/03/09 15:40:59 286192	INFO [input.cpp->run:256]	frame times (ms): 606.475
2020/03/09 15:40:59 286197	INFO [input.cpp->run:257]	FPS: 1.64887
2020/03/09 15:40:59 373852	INFO [input.cpp->run:173]	
frame_id 181
2020/03/09 15:40:59 462771	INFO [input.cpp->run:235]	rotation: 
[-0.9516013231229279, -0.02770307450502662, -0.3060840758576995;
 -0.03171004188305294, -0.9817635936278251, 0.1874425764621095;
 -0.3056949379274508, 0.1880765426360972, 0.9333690690373153]
2020/03/09 15:40:59 462824	INFO [input.cpp->run:256]	frame times (ms): 598.836
2020/03/09 15:40:59 462827	INFO [input.cpp->run:257]	FPS: 1.66991
2020/03/09 15:40:59 467969	INFO [input.cpp->run:173]	
frame_id 182
2020/03/09 15:40:59 552249	INFO [input.cpp->run:235]	rotation: 
[-0.9235776648300199, -0.03218138122815929, -0.3820584454365265;
 -0.03892259122231438, -0.9834538222818988, 0.1769282660618819;
 -0.3814306344798069, 0.1782776995066162, 0.9070434019047604]
2020/03/09 15:40:59 552302	INFO [input.cpp->run:256]	frame times (ms): 601.994
2020/03/09 15:40:59 552309	INFO [input.cpp->run:257]	FPS: 1.66115
2020/03/09 15:40:59 640979	INFO [input.cpp->run:173]	
frame_id 183
2020/03/09 15:40:59 733562	INFO [input.cpp->run:235]	rotation: 
[-0.9530716821933686, -0.004124369668392474, -0.3027166301608505;
 -0.005839727872717519, -0.999470710000834, 0.03200308467634832;
 -0.3026883978276593, 0.03226901649054955, 0.9525431456869853]
2020/03/09 15:40:59 733625	INFO [input.cpp->run:256]	frame times (ms): 628.147
2020/03/09 15:40:59 733629	INFO [input.cpp->run:257]	FPS: 1.59198
2020/03/09 15:40:59 738789	INFO [input.cpp->run:173]	
frame_id 184
2020/03/09 15:40:59 827646	INFO [input.cpp->run:235]	rotation: 
[0.9991727711752839, -0.03854806895435244, 0.01295452514738601;
 0.03769314814594878, 0.9974391789451083, 0.06078084310172018;
 -0.01526433505762125, -0.06024226660077505, 0.9980670665792203]
2020/03/09 15:40:59 827706	INFO [input.cpp->run:256]	frame times (ms): 601.007
2020/03/09 15:40:59 827710	INFO [input.cpp->run:257]	FPS: 1.66387
2020/03/09 15:40:59 909029	INFO [input.cpp->run:173]	
frame_id 185
2020/03/09 15:41:00 000787	INFO [input.cpp->run:235]	rotation: 
[-0.9406499950837046, -0.0288269150283396, -0.3381517347567146;
 -0.035017552472412, -0.982823755996805, 0.1811939173018084;
 -0.3375668197081408, 0.1822813035346236, 0.9234837132369202]
2020/03/09 15:41:00 000851	INFO [input.cpp->run:256]	frame times (ms): 604.123
2020/03/09 15:41:00 000860	INFO [input.cpp->run:257]	FPS: 1.65529
2020/03/09 15:41:00 041718	INFO [input.cpp->run:173]	
frame_id 186
2020/03/09 15:41:00 134480	INFO [input.cpp->run:235]	rotation: 
[-0.98486443279642, -0.01463446307463334, -0.1727075027412044;
 -0.01134145947399863, -0.988852532942168, 0.1484656168641689;
 -0.1729549661316078, 0.1481772606858952, 0.9737197128055066]
2020/03/09 15:41:00 134538	INFO [input.cpp->run:256]	frame times (ms): 585.706
2020/03/09 15:41:00 134542	INFO [input.cpp->run:257]	FPS: 1.70734
2020/03/09 15:41:00 140057	INFO [input.cpp->run:173]	
frame_id 187
2020/03/09 15:41:00 231508	INFO [input.cpp->run:235]	rotation: 
[-0.9817119216260243, -0.005872278518669148, -0.190281946811404;
 -0.00170666198233044, -0.9992125004133099, 0.039641724516718;
 -0.1903648871042579, 0.03924150051642356, 0.9809288018989977]
2020/03/09 15:41:00 231570	INFO [input.cpp->run:256]	frame times (ms): 609.698
2020/03/09 15:41:00 231574	INFO [input.cpp->run:257]	FPS: 1.64016
2020/03/09 15:41:00 325144	INFO [input.cpp->run:173]	
frame_id 188
2020/03/09 15:41:00 418974	INFO [input.cpp->run:235]	rotation: 
[0.9999715953149141, 0.005691412378560969, -0.004941294211322787;
 -0.005405786196485378, 0.9984155711564867, 0.05601004149136365;
 0.005252241325717743, -0.0559817389637331, 0.9984179780350777]
2020/03/09 15:41:00 419037	INFO [input.cpp->run:256]	frame times (ms): 599.49
2020/03/09 15:41:00 419041	INFO [input.cpp->run:257]	FPS: 1.66808
2020/03/09 15:41:00 423705	INFO [input.cpp->run:173]	
frame_id 189
2020/03/09 15:41:00 517094	INFO [input.cpp->run:235]	rotation: 
[-0.9988492991358739, -0.001040911137981717, 0.0479478270600053;
 -0.00671384106233289, -0.9868846625561116, -0.1612872814257203;
 0.04748686085606295, -0.1614236021017763, 0.9857420650101753]
2020/03/09 15:41:00 517153	INFO [input.cpp->run:256]	frame times (ms): 628.172
2020/03/09 15:41:00 517167	INFO [input.cpp->run:257]	FPS: 1.59192
2020/03/09 15:41:00 523156	INFO [input.cpp->run:173]	
frame_id 190
2020/03/09 15:41:00 614424	INFO [input.cpp->run:235]	rotation: 
[-0.9636738818317196, -0.02030525185887572, -0.2663087422942259;
 -0.03094808816897018, -0.9818995752786731, 0.1868567363148757;
 -0.2652826140440991, 0.1883107028676516, 0.9456025665528942]
2020/03/09 15:41:00 614497	INFO [input.cpp->run:256]	frame times (ms): 577.224
2020/03/09 15:41:00 614502	INFO [input.cpp->run:257]	FPS: 1.73243
2020/03/09 15:41:00 651910	INFO [input.cpp->run:173]	
frame_id 191
2020/03/09 15:41:00 749301	INFO [input.cpp->run:235]	rotation: 
[-0.9393113370365127, -0.03927047671123551, -0.3408108592365435;
 -0.03928700759917984, -0.9745781252538503, 0.2205765373075574;
 -0.3408089540322859, 0.2205794809939551, 0.9138894623617544]
2020/03/09 15:41:00 749366	INFO [input.cpp->run:256]	frame times (ms): 605.904
2020/03/09 15:41:00 749370	INFO [input.cpp->run:257]	FPS: 1.65043
2020/03/09 15:41:00 755193	INFO [input.cpp->run:173]	
frame_id 192
2020/03/09 15:41:00 842825	INFO [input.cpp->run:235]	rotation: 
[0.9999922681918255, 0.003929258385496103, 0.0001564771809661813;
 -0.003927997766101861, 0.9999650975150414, -0.007373912481401516;
 -0.0001854457269751876, 0.007373240825707433, 0.9999728000948868]
2020/03/09 15:41:00 842890	INFO [input.cpp->run:256]	frame times (ms): 584.32
2020/03/09 15:41:00 842894	INFO [input.cpp->run:257]	FPS: 1.71139
2020/03/09 15:41:00 848493	INFO [input.cpp->run:173]	
frame_id 193
2020/03/09 15:41:00 944508	INFO [input.cpp->run:235]	rotation: 
[0.9999381091441, 0.01112170179980679, 0.000292626721719166;
 -0.01112278915348068, 0.9999300517258889, 0.004021842476813396;
 -0.0002478765202721081, -0.004024848386866568, 0.9999918695432946]
2020/03/09 15:41:00 944571	INFO [input.cpp->run:256]	frame times (ms): 591.681
2020/03/09 15:41:00 944575	INFO [input.cpp->run:257]	FPS: 1.6901
2020/03/09 15:41:00 977376	INFO [input.cpp->run:173]	
frame_id 194
2020/03/09 15:41:01 066931	INFO [input.cpp->run:235]	rotation: 
[0.9999031888153211, 0.01244368519554099, -0.00622637099011267;
 -0.01211196382888899, 0.9986382629900878, 0.05074366979582669;
 0.006849330562903739, -0.05066334366082132, 0.9986923011017685]
2020/03/09 15:41:01 066992	INFO [input.cpp->run:256]	frame times (ms): 585.858
2020/03/09 15:41:01 067005	INFO [input.cpp->run:257]	FPS: 1.7069
2020/03/09 15:41:01 111311	INFO [input.cpp->run:173]	
frame_id 195
2020/03/09 15:41:01 207056	INFO [input.cpp->run:235]	rotation: 
[-0.984944617115281, 0.004449887674570405, -0.1728129037870612;
 -0.008102620421597794, -0.9997583040048075, 0.02043724824271557;
 -0.1726801921412409, 0.02152979500865209, 0.9847426156965839]
2020/03/09 15:41:01 207122	INFO [input.cpp->run:256]	frame times (ms): 584.481
2020/03/09 15:41:01 207127	INFO [input.cpp->run:257]	FPS: 1.71092
2020/03/09 15:41:01 252776	INFO [input.cpp->run:173]	
frame_id 196
2020/03/09 15:41:01 344571	INFO [input.cpp->run:235]	rotation: 
[-0.9870856102631045, -0.01359119527657782, -0.1596160312201395;
 0.01537625817884093, -0.999832233324055, -0.009953687289147689;
 -0.1594539704614853, -0.01227943879769925, 0.9871289919189294]
2020/03/09 15:41:01 344632	INFO [input.cpp->run:256]	frame times (ms): 599.592
2020/03/09 15:41:01 344636	INFO [input.cpp->run:257]	FPS: 1.6678
2020/03/09 15:41:01 349924	INFO [input.cpp->run:173]	
frame_id 197
2020/03/09 15:41:01 440339	INFO [input.cpp->run:235]	rotation: 
[0.9997932636346913, 0.0185214856249893, -0.008389550699291407;
 -0.01805174009091004, 0.9984325978521635, 0.05297624208897877;
 0.009357599605822929, -0.05281384398453846, 0.9985605305704777]
2020/03/09 15:41:01 440403	INFO [input.cpp->run:256]	frame times (ms): 559.929
2020/03/09 15:41:01 440407	INFO [input.cpp->run:257]	FPS: 1.78594
2020/03/09 15:41:01 445736	INFO [input.cpp->run:173]	
frame_id 198
2020/03/09 15:41:01 535941	INFO [input.cpp->run:235]	rotation: 
[-0.9442471290846273, -0.02261069826841833, -0.3284602191122296;
 -0.03512495254519962, -0.9850270277587707, 0.1687838626570071;
 -0.3273585143602298, 0.1709108273589959, 0.929314743328291]
2020/03/09 15:41:01 535999	INFO [input.cpp->run:256]	frame times (ms): 605.355
2020/03/09 15:41:01 536004	INFO [input.cpp->run:257]	FPS: 1.65192
2020/03/09 15:41:01 577680	INFO [input.cpp->run:173]	
frame_id 199
2020/03/09 15:41:01 671152	INFO [input.cpp->run:235]	rotation: 
[-0.9947975223973183, -0.017304498274401, -0.1003914526821291;
 0.003558848741304032, -0.9907690666258443, 0.1355138045107948;
 -0.1018097442674002, 0.1344515189829578, 0.9856761968391963]
2020/03/09 15:41:01 671219	INFO [input.cpp->run:256]	frame times (ms): 581.769
2020/03/09 15:41:01 671221	INFO [input.cpp->run:257]	FPS: 1.7189
2020/03/09 15:41:01 710940	INFO [input.cpp->run:173]	
frame_id 200
2020/03/09 15:41:01 796808	INFO [input.cpp->run:235]	rotation: 
[0.9999379749104054, 0.01046521956271199, -0.0038112349155707;
 -0.01062890375608378, 0.9988934752553498, -0.04581322404321542;
 0.003327572241340981, 0.04585089172299894, 0.99894275260957]
2020/03/09 15:41:01 796869	INFO [input.cpp->run:256]	frame times (ms): 578.592
2020/03/09 15:41:01 796874	INFO [input.cpp->run:257]	FPS: 1.72833
2020/03/09 15:41:01 847575	INFO [input.cpp->run:173]	
frame_id 201
2020/03/09 15:41:01 939716	INFO [input.cpp->run:235]	rotation: 
[-0.9388360299657559, -0.04538523445862699, -0.3413606440866812;
 -0.04807921906136196, -0.9642928120927513, 0.2604376340713905;
 -0.3409916385083188, 0.2609205876112297, 0.9031307487999856]
2020/03/09 15:41:01 939775	INFO [input.cpp->run:256]	frame times (ms): 586.602
2020/03/09 15:41:01 939780	INFO [input.cpp->run:257]	FPS: 1.70473
2020/03/09 15:41:01 976686	INFO [input.cpp->run:173]	
frame_id 202
2020/03/09 15:41:02 065454	INFO [input.cpp->run:235]	rotation: 
[-0.9714058146067799, -0.009622399677002957, -0.2372301683441513;
 -0.01434201032245328, -0.9949756066682918, 0.09908505878776815;
 -0.2369916667059181, 0.09965415977028173, 0.9663870851539924]
2020/03/09 15:41:02 065516	INFO [input.cpp->run:256]	frame times (ms): 589.903
2020/03/09 15:41:02 065519	INFO [input.cpp->run:257]	FPS: 1.69519
2020/03/09 15:41:02 111071	INFO [input.cpp->run:173]	
frame_id 203
2020/03/09 15:41:02 205053	INFO [input.cpp->run:235]	rotation: 
[0.9999755801914785, 0.006618852875046719, 0.002242723196115937;
 -0.006545394600160218, 0.9994881426895909, -0.03131469994172576;
 -0.002448842633593298, 0.03129925573445177, 0.9995070583843945]
2020/03/09 15:41:02 205116	INFO [input.cpp->run:256]	frame times (ms): 612.163
2020/03/09 15:41:02 205120	INFO [input.cpp->run:257]	FPS: 1.63355
2020/03/09 15:41:02 244680	INFO [input.cpp->run:173]	
frame_id 204
2020/03/09 15:41:02 333161	INFO [input.cpp->run:235]	rotation: 
[-0.9505280892146503, -0.0244184289468817, -0.3096773997916412;
 -0.02965984713815185, -0.9852170061568225, 0.1687238698202745;
 -0.3092194125239994, 0.1695617619251274, 0.9357521914541047]
2020/03/09 15:41:02 333228	INFO [input.cpp->run:256]	frame times (ms): 576.065
2020/03/09 15:41:02 333245	INFO [input.cpp->run:257]	FPS: 1.73592
2020/03/09 15:41:02 377811	INFO [input.cpp->run:173]	
frame_id 205
2020/03/09 15:41:02 464731	INFO [input.cpp->run:235]	rotation: 
[-0.9896374966724917, -0.006338937285758379, 0.143448398575555;
 -0.003473602640890131, -0.997675794526008, -0.06805103306777872;
 0.143546366253198, -0.06784413674729699, 0.9873153568361615]
2020/03/09 15:41:02 464795	INFO [input.cpp->run:256]	frame times (ms): 554.628
2020/03/09 15:41:02 464801	INFO [input.cpp->run:257]	FPS: 1.80301
2020/03/09 15:41:02 517964	INFO [input.cpp->run:173]	
frame_id 206
2020/03/09 15:41:02 603674	INFO [input.cpp->run:235]	rotation: 
[-0.9763383568162417, -0.01496033581788258, -0.2157303904450583;
 -0.01426120176535842, -0.9909779471728762, 0.1332641224832846;
 -0.2157777354908723, 0.133187448992945, 0.9673164282163216]
2020/03/09 15:41:02 603729	INFO [input.cpp->run:256]	frame times (ms): 562.43
2020/03/09 15:41:02 603733	INFO [input.cpp->run:257]	FPS: 1.778
2020/03/09 15:41:02 609299	INFO [input.cpp->run:173]	
frame_id 207
2020/03/09 15:41:02 707943	INFO [input.cpp->run:235]	rotation: 
[0.9999255911230187, 0.01147106967617066, -0.004150515361511586;
 -0.01123175186824124, 0.9984940033141022, 0.05369891149500071;
 0.004760248654426056, -0.05364829826063543, 0.998548546704909]
2020/03/09 15:41:02 708029	INFO [input.cpp->run:256]	frame times (ms): 575.309
2020/03/09 15:41:02 708034	INFO [input.cpp->run:257]	FPS: 1.7382
2020/03/09 15:41:02 712266	INFO [input.cpp->run:173]	
frame_id 208
2020/03/09 15:41:02 822603	INFO [input.cpp->run:235]	rotation: 
[0.9999997850617313, -0.0006375248788729109, -0.000153096440636083;
 0.0006379267201873338, 0.9999963137930538, 0.002639213860990056;
 0.0001514133117938727, -0.002639310958032245, 0.9999965055497323]
2020/03/09 15:41:02 822664	INFO [input.cpp->run:256]	frame times (ms): 528.634
2020/03/09 15:41:02 822667	INFO [input.cpp->run:257]	FPS: 1.89167
2020/03/09 15:41:02 844008	INFO [input.cpp->run:173]	
frame_id 209
2020/03/09 15:41:02 940402	INFO [input.cpp->run:235]	rotation: 
[-0.9857603820264893, -0.01886968881989355, -0.1670939977103613;
 -0.004886559643475451, -0.9900497556563546, 0.1406328655032084;
 -0.1680850700146822, 0.139446822009801, 0.9758596175011685]
2020/03/09 15:41:02 940472	INFO [input.cpp->run:256]	frame times (ms): 597.419
2020/03/09 15:41:02 940477	INFO [input.cpp->run:257]	FPS: 1.67387
g3log g3FileSink shutdown at: 15:41:03 064145
