		g3log created log at: Mon Mar 09 13:19:00 2020
		LOG format: [YYYY/MM/DD hh:mm:ss uuu* LEVEL FILE->FUNCTION:LINE] message		(uuu*: microseconds fractions of the seconds value)

2020/03/09 13:19:00 423514	INFO [g3logger.h->logBanner:29]	Starting log.
2020/03/09 13:19:00 427501	DEBUG [main.cpp->main:48]	Filepath: /home/mitchell/KITTI/data_odometry_gray/dataset/sequences/00/
2020/03/09 13:19:00 427509	DEBUG [main.cpp->main:52]	Calibration Filepath: /home/mitchell/visual_odom_catkin_ws/tank_downsized.yaml
2020/03/09 13:19:00 427634	INFO [main.cpp->main:66]	P_left: 
[409.41, 0, 251.22, 0;
 0, 408.72, 191.78999, 0;
 0, 0, 1, 0]
2020/03/09 13:19:00 427650	INFO [main.cpp->main:67]	P_right: 
[409.41, 0, 251.22, -73.940002;
 0, 408.72, 191.78999, 0;
 0, 0, 1, 0]
2020/03/09 13:19:00 556954	INFO [input.cpp->Input:22]	frame_pose [1, 0, 0, 0;
 0, 1, 0, 0;
 0, 0, 1, 0;
 0, 0, 0, 1]
2020/03/09 13:19:01 114131	INFO [input.cpp->run:173]	
frame_id 1
2020/03/09 13:19:01 216634	INFO [input.cpp->run:235]	rotation: 
[-0.9987718267587907, 0.02370075117450368, 0.0435099122806776;
 -0.02462856555290078, -0.999477895285077, -0.02091340707104072;
 0.04299153209312812, -0.02195930851089918, 0.9988340787828625]
2020/03/09 13:19:01 216735	INFO [input.cpp->run:256]	frame times (ms): 181.107
2020/03/09 13:19:01 216740	INFO [input.cpp->run:257]	FPS: 5.5216
2020/03/09 13:19:01 248917	INFO [input.cpp->run:173]	
frame_id 2
2020/03/09 13:19:01 312976	INFO [input.cpp->run:235]	rotation: 
[-0.9996325998368124, 0.02233820464635199, -0.01535154574213821;
 -0.02202940225940368, -0.9995572864397485, -0.0199984139696131;
 -0.01579147806852303, -0.01965288117259998, 0.9996821462255022]
2020/03/09 13:19:01 313047	INFO [input.cpp->run:256]	frame times (ms): 150.029
2020/03/09 13:19:01 313053	INFO [input.cpp->run:257]	FPS: 6.66538
2020/03/09 13:19:01 377869	INFO [input.cpp->run:173]	
frame_id 3
2020/03/09 13:19:01 465668	INFO [input.cpp->run:235]	rotation: 
[-0.9888507392722579, 0.01937986107386153, 0.1476436128840896;
 0.004244897594686567, -0.9874234745494062, 0.1580406996731822;
 0.1488495760327174, 0.1569053947241336, 0.9763321672573043]
2020/03/09 13:19:01 465748	INFO [input.cpp->run:256]	frame times (ms): 151.403
2020/03/09 13:19:01 465755	INFO [input.cpp->run:257]	FPS: 6.60489
2020/03/09 13:19:01 513265	INFO [input.cpp->run:173]	
frame_id 4
2020/03/09 13:19:01 572299	INFO [input.cpp->run:235]	rotation: 
[-0.9994784982142783, 0.02211808703177734, 0.02352704472273564;
 -0.02331694050141915, -0.9983766249367836, -0.0519657104780662;
 0.02233946939799956, -0.05248718896922984, 0.9983716958633815]
2020/03/09 13:19:01 572362	INFO [input.cpp->run:256]	frame times (ms): 141.487
2020/03/09 13:19:01 572378	INFO [input.cpp->run:257]	FPS: 7.06779
2020/03/09 13:19:01 646690	INFO [input.cpp->run:173]	
frame_id 5
2020/03/09 13:19:01 701833	INFO [input.cpp->run:235]	rotation: 
[-0.9983020692648625, 0.01098660773388962, 0.0572037844202217;
 -0.01127489410198464, -0.9999252995909649, -0.00471932208142575;
 0.05714766193364865, -0.005356275610985443, 0.9983513685306873]
2020/03/09 13:19:01 701895	INFO [input.cpp->run:256]	frame times (ms): 139.262
2020/03/09 13:19:01 701900	INFO [input.cpp->run:257]	FPS: 7.18071
2020/03/09 13:19:01 778971	INFO [input.cpp->run:173]	
frame_id 6
2020/03/09 13:19:01 838852	INFO [input.cpp->run:235]	rotation: 
[-0.9998677264757315, 0.01580682898039935, 0.003830627864481431;
 -0.01585813927734903, -0.9997796138481535, -0.01375656760596021;
 0.003612335935642507, -0.01381549460647578, 0.9998980363706422]
2020/03/09 13:19:01 838922	INFO [input.cpp->run:256]	frame times (ms): 147.578
2020/03/09 13:19:01 838939	INFO [input.cpp->run:257]	FPS: 6.77608
2020/03/09 13:19:01 914086	INFO [input.cpp->run:173]	
frame_id 7
2020/03/09 13:19:01 971016	INFO [input.cpp->run:235]	rotation: 
[-0.9999675236878879, 0.001743690992104666, 0.007868361407398695;
 -0.003463574149015399, -0.974534422393102, -0.2242112022737881;
 0.007277033985605701, -0.2242311733739698, 0.9745088125120812]
2020/03/09 13:19:01 971079	INFO [input.cpp->run:256]	frame times (ms): 147.671
2020/03/09 13:19:01 971083	INFO [input.cpp->run:257]	FPS: 6.77181
2020/03/09 13:19:02 048271	INFO [input.cpp->run:173]	
frame_id 8
2020/03/09 13:19:02 100673	INFO [input.cpp->run:235]	rotation: 
[-0.9999418655067551, 0.01064849340805361, 0.001695639999819607;
 -0.01066984329690198, -0.999856953044757, -0.01312356247648059;
 0.001555651275159462, -0.01314089175791249, 0.9999124446234861]
2020/03/09 13:19:02 100733	INFO [input.cpp->run:256]	frame times (ms): 138.204
2020/03/09 13:19:02 100735	INFO [input.cpp->run:257]	FPS: 7.23568
2020/03/09 13:19:02 179456	INFO [input.cpp->run:173]	
frame_id 9
2020/03/09 13:19:02 232443	INFO [input.cpp->run:235]	rotation: 
[-0.9997578666124031, 0.01298988796668007, 0.01776150211073188;
 -0.01203087986067397, -0.9985181131745577, 0.05307386920226544;
 0.01842460518964959, 0.0528473317484833, 0.9984326183827685]
2020/03/09 13:19:02 232503	INFO [input.cpp->run:256]	frame times (ms): 141.865
2020/03/09 13:19:02 232508	INFO [input.cpp->run:257]	FPS: 7.04895
2020/03/09 13:19:02 312513	INFO [input.cpp->run:173]	
frame_id 10
2020/03/09 13:19:02 369657	INFO [input.cpp->run:235]	rotation: 
[-0.8922106024126851, -0.1899668845259484, 0.4097228620981486;
 0.008183359965472925, -0.913881478993527, -0.4058986018358269;
 0.4515454280159074, -0.3587941263957768, 0.8169293123042056]
2020/03/09 13:19:02 369720	INFO [input.cpp->run:256]	frame times (ms): 153.039
2020/03/09 13:19:02 369724	INFO [input.cpp->run:257]	FPS: 6.53428
2020/03/09 13:19:02 446754	INFO [input.cpp->run:173]	
frame_id 11
2020/03/09 13:19:02 498648	INFO [input.cpp->run:235]	rotation: 
[-0.99961414320044, 0.01461653121212505, 0.02362036682558662;
 -0.007504674040492681, -0.9608454078544806, 0.2769833606419396;
 0.02674405693226541, 0.276699221575128, 0.9605843514228836]
2020/03/09 13:19:02 498708	INFO [input.cpp->run:256]	frame times (ms): 136.784
2020/03/09 13:19:02 498713	INFO [input.cpp->run:257]	FPS: 7.3108
2020/03/09 13:19:02 578007	INFO [input.cpp->run:173]	
frame_id 12
2020/03/09 13:19:02 629389	INFO [input.cpp->run:235]	rotation: 
[-0.9621306150800765, -0.05903382578745602, 0.2661196853645556;
 0.05076305952014649, -0.9979929434883237, -0.03785758227443366;
 0.2678204460338826, -0.02291488949150186, 0.9631963021761474]
2020/03/09 13:19:02 629436	INFO [input.cpp->run:256]	frame times (ms): 143.863
2020/03/09 13:19:02 629441	INFO [input.cpp->run:257]	FPS: 6.95106
2020/03/09 13:19:02 713766	INFO [input.cpp->run:173]	
frame_id 13
2020/03/09 13:19:02 768499	INFO [input.cpp->run:235]	rotation: 
[-0.9999019493934516, 0.01013590436659694, 0.009662041287772576;
 -0.01023284386210643, -0.9998972689881869, -0.01003695055578361;
 0.009559315125529218, -0.01013483658658072, 0.9999029475812613]
2020/03/09 13:19:02 768535	INFO [input.cpp->run:256]	frame times (ms): 152.975
2020/03/09 13:19:02 768537	INFO [input.cpp->run:257]	FPS: 6.53702
2020/03/09 13:19:02 845275	INFO [input.cpp->run:173]	
frame_id 14
2020/03/09 13:19:02 903459	INFO [input.cpp->run:235]	rotation: 
[-0.9845558622763563, -0.01618489558091812, -0.1743209775451461;
 -0.02449024391640974, -0.9731944363042624, 0.2286762276655441;
 -0.1733493063446616, 0.2294136837711818, 0.9577679153575573]
2020/03/09 13:19:02 903522	INFO [input.cpp->run:256]	frame times (ms): 145.355
2020/03/09 13:19:02 903527	INFO [input.cpp->run:257]	FPS: 6.87971
2020/03/09 13:19:02 982282	INFO [input.cpp->run:173]	
frame_id 15
2020/03/09 13:19:03 038721	INFO [input.cpp->run:235]	rotation: 
[-0.8405127216592854, -0.1389244909809365, 0.5236777162860649;
 -0.003397490618817389, -0.965195815655248, -0.2615062035575743;
 0.5417811567287991, -0.2215784810113295, 0.8107873672957147]
2020/03/09 13:19:03 038783	INFO [input.cpp->run:256]	frame times (ms): 154.962
2020/03/09 13:19:03 038790	INFO [input.cpp->run:257]	FPS: 6.45319
2020/03/09 13:19:03 113432	INFO [input.cpp->run:173]	
frame_id 16
2020/03/09 13:19:03 176785	INFO [input.cpp->run:235]	rotation: 
[-0.9982669311612965, 0.02808409770722957, 0.05171477164000814;
 -0.0315871527596476, -0.9971704058819377, -0.06821607885088654;
 0.04965265280270626, -0.06973137808205476, 0.9963293376090214]
2020/03/09 13:19:03 176845	INFO [input.cpp->run:256]	frame times (ms): 144.693
2020/03/09 13:19:03 176849	INFO [input.cpp->run:257]	FPS: 6.91118
2020/03/09 13:19:03 245903	INFO [input.cpp->run:173]	
frame_id 17
2020/03/09 13:19:03 304230	INFO [input.cpp->run:235]	rotation: 
[-0.9994754195500488, 0.03053182108299827, -0.01080248196526121;
 -0.03015315424053667, -0.9989792822756193, -0.03363303247456301;
 -0.011818333410444, -0.03328966033837513, 0.9993758679845913]
2020/03/09 13:19:03 304292	INFO [input.cpp->run:256]	frame times (ms): 143.383
2020/03/09 13:19:03 304296	INFO [input.cpp->run:257]	FPS: 6.97433
2020/03/09 13:19:03 378589	INFO [input.cpp->run:173]	
frame_id 18
2020/03/09 13:19:03 437410	INFO [input.cpp->run:235]	rotation: 
[-0.3467665444044226, -0.128999291567103, 0.9290382911683465;
 -0.1305736348023162, -0.9742131325437424, -0.1840089624823204;
 0.9288183296944171, -0.1851160586078208, 0.3209806150987611]
2020/03/09 13:19:03 437473	INFO [input.cpp->run:256]	frame times (ms): 144.999
2020/03/09 13:19:03 437478	INFO [input.cpp->run:257]	FPS: 6.8966
2020/03/09 13:19:03 511931	INFO [input.cpp->run:173]	
frame_id 19
2020/03/09 13:19:03 568223	INFO [input.cpp->run:235]	rotation: 
[-0.9981945014190047, 0.02281402106077559, 0.05556309728500694;
 -0.02495211233463694, -0.9989625206184045, -0.03809559672407496;
 0.0546363379712103, -0.03941323182336333, 0.9977281532212738]
2020/03/09 13:19:03 568291	INFO [input.cpp->run:256]	frame times (ms): 149.321
2020/03/09 13:19:03 568296	INFO [input.cpp->run:257]	FPS: 6.69698
2020/03/09 13:19:03 645065	INFO [input.cpp->run:173]	
frame_id 20
2020/03/09 13:19:03 696586	INFO [input.cpp->run:235]	rotation: 
[-0.9889192605176986, -0.004557671237621172, -0.1483843785916086;
 -0.02285266856013676, -0.9829412135771911, 0.1824947292145151;
 -0.1466848721470916, 0.1838635316866518, 0.9719453431129257]
2020/03/09 13:19:03 696675	INFO [input.cpp->run:256]	frame times (ms): 140.883
2020/03/09 13:19:03 696681	INFO [input.cpp->run:257]	FPS: 7.09809
2020/03/09 13:19:03 781914	INFO [input.cpp->run:173]	
frame_id 21
2020/03/09 13:19:03 846641	INFO [input.cpp->run:235]	rotation: 
[-0.9999590329679161, 0.008629593156955799, -0.002731759106432272;
 -0.008612371215123588, -0.9999433522422042, -0.006254547839462477;
 -0.002785578561639332, -0.006230764685705578, 0.9999767087905131]
2020/03/09 13:19:03 846709	INFO [input.cpp->run:256]	frame times (ms): 158.492
2020/03/09 13:19:03 846713	INFO [input.cpp->run:257]	FPS: 6.30947
2020/03/09 13:19:03 913019	INFO [input.cpp->run:173]	
frame_id 22
2020/03/09 13:19:03 968975	INFO [input.cpp->run:235]	rotation: 
[-0.999740276765623, 0.01902455492860413, -0.01254772179974843;
 -0.01881478308252981, -0.9996846855342142, -0.01662929481116442;
 -0.01286013025411127, -0.01638889313308847, 0.9997829870685528]
2020/03/09 13:19:03 969038	INFO [input.cpp->run:256]	frame times (ms): 146.994
2020/03/09 13:19:03 969041	INFO [input.cpp->run:257]	FPS: 6.803
2020/03/09 13:19:04 047184	INFO [input.cpp->run:173]	
frame_id 23
2020/03/09 13:19:04 100476	INFO [input.cpp->run:235]	rotation: 
[-0.3136052840122671, 0.4593933821409857, 0.8310291488778544;
 0.4433735292947677, -0.7030730781959642, 0.5559749636779998;
 0.8396854407218733, 0.5428130130727502, 0.01680456719451495]
2020/03/09 13:19:04 100534	INFO [input.cpp->run:256]	frame times (ms): 144.218
2020/03/09 13:19:04 100537	INFO [input.cpp->run:257]	FPS: 6.93395
2020/03/09 13:19:04 179732	INFO [input.cpp->run:173]	
frame_id 24
2020/03/09 13:19:04 237351	INFO [input.cpp->run:235]	rotation: 
[-0.9438864226586742, 0.2126975846723461, 0.2526621431777243;
 -0.09374939085214376, -0.9060975793615288, 0.4125508797591275;
 0.3166851320088499, 0.3657142520462229, 0.8751934717619927]
2020/03/09 13:19:04 237423	INFO [input.cpp->run:256]	frame times (ms): 155.305
2020/03/09 13:19:04 237429	INFO [input.cpp->run:257]	FPS: 6.43894
2020/03/09 13:19:04 315524	INFO [input.cpp->run:173]	
frame_id 25
2020/03/09 13:19:04 370624	INFO [input.cpp->run:235]	rotation: 
[-0.9983702087352957, -0.002502306446253487, -0.05701460139552918;
 -0.01152089733938194, -0.9696322727716976, 0.2442959772982103;
 -0.05589450093110648, 0.244554685217931, 0.9680231457478808]
2020/03/09 13:19:04 370684	INFO [input.cpp->run:256]	frame times (ms): 144.307
2020/03/09 13:19:04 370687	INFO [input.cpp->run:257]	FPS: 6.92967
2020/03/09 13:19:04 445955	INFO [input.cpp->run:173]	
frame_id 26
2020/03/09 13:19:04 499817	INFO [input.cpp->run:235]	rotation: 
[-0.9998737164846331, 0.007004313920042191, -0.0142650155876944;
 -0.00695798109832507, -0.9999703641373899, -0.003295048705422316;
 -0.01428767238716692, -0.003195376886262, 0.9998928202484059]
2020/03/09 13:19:04 499878	INFO [input.cpp->run:256]	frame times (ms): 147.664
2020/03/09 13:19:04 499882	INFO [input.cpp->run:257]	FPS: 6.77213
2020/03/09 13:19:04 579931	INFO [input.cpp->run:173]	
frame_id 27
2020/03/09 13:19:04 633334	INFO [input.cpp->run:235]	rotation: 
[-0.9998754363551736, 0.009228910053589808, -0.01280386632130654;
 -0.00916422220050298, -0.9999449932339126, -0.005101719111270506;
 -0.01285024532882339, -0.004983746146549136, 0.9999050122233286]
2020/03/09 13:19:04 633393	INFO [input.cpp->run:256]	frame times (ms): 138.217
2020/03/09 13:19:04 633400	INFO [input.cpp->run:257]	FPS: 7.235
2020/03/09 13:19:04 713251	INFO [input.cpp->run:173]	
frame_id 28
2020/03/09 13:19:04 776785	INFO [input.cpp->run:235]	rotation: 
[-0.999988676440271, 0.003204638833660583, -0.003518136037842695;
 -0.003221038279817174, -0.9999839280682079, 0.004665674407536464;
 -0.003503127693208652, 0.004676953626345129, 0.9999829269548263]
2020/03/09 13:19:04 776882	INFO [input.cpp->run:256]	frame times (ms): 155.83
2020/03/09 13:19:04 776888	INFO [input.cpp->run:257]	FPS: 6.41725
2020/03/09 13:19:04 846615	INFO [input.cpp->run:173]	
frame_id 29
2020/03/09 13:19:04 900962	INFO [input.cpp->run:235]	rotation: 
[-0.9997441602019901, 0.01126842167272539, 0.01961215987654417;
 -0.01160260837033323, -0.999787993374561, -0.01701022583840072;
 0.01941632357121579, -0.01723342615600202, 0.9996629508999038]
2020/03/09 13:19:04 901028	INFO [input.cpp->run:256]	frame times (ms): 137.586
2020/03/09 13:19:04 901030	INFO [input.cpp->run:257]	FPS: 7.26818
2020/03/09 13:19:04 980681	INFO [input.cpp->run:173]	
frame_id 30
2020/03/09 13:19:05 036395	INFO [input.cpp->run:235]	rotation: 
[-0.9760168391900924, 0.07634142892941373, 0.2038703407717675;
 -0.02192685688716493, -0.9662070143141775, 0.2568330555772223;
 0.2165879557233761, 0.2462031513183738, 0.9447082437009175]
2020/03/09 13:19:05 036466	INFO [input.cpp->run:256]	frame times (ms): 148.039
2020/03/09 13:19:05 036471	INFO [input.cpp->run:257]	FPS: 6.75498
2020/03/09 13:19:05 113161	INFO [input.cpp->run:173]	
frame_id 31
2020/03/09 13:19:05 175172	INFO [input.cpp->run:235]	rotation: 
[-0.9999686510525657, 0.00750135645068807, 0.002535066766720383;
 -0.007495161924528776, -0.9999689235740633, 0.002444265504031887;
 0.002553323292711626, 0.002425188142975025, 0.9999937994820938]
2020/03/09 13:19:05 175242	INFO [input.cpp->run:256]	frame times (ms): 153.831
2020/03/09 13:19:05 175264	INFO [input.cpp->run:257]	FPS: 6.50064
2020/03/09 13:19:05 248777	INFO [input.cpp->run:173]	
frame_id 32
2020/03/09 13:19:05 306514	INFO [input.cpp->run:235]	rotation: 
[-0.9928125357519514, -0.02535058768858253, -0.1169641678362383;
 -0.03335305474022056, -0.8799831587993565, 0.4738324745825285;
 -0.1149384295754735, 0.4743279329043885, 0.8728127917677276]
2020/03/09 13:19:05 306570	INFO [input.cpp->run:256]	frame times (ms): 142.271
2020/03/09 13:19:05 306574	INFO [input.cpp->run:257]	FPS: 7.02884
2020/03/09 13:19:05 381928	INFO [input.cpp->run:173]	
frame_id 33
2020/03/09 13:19:05 438490	INFO [input.cpp->run:235]	rotation: 
[-0.9808421306712457, -0.02604388247115257, 0.1930555124468599;
 -0.003385833592301964, -0.9885940050829816, -0.1505670257555586;
 0.1947748721759974, -0.1483361361901361, 0.9695664700622675]
2020/03/09 13:19:05 438551	INFO [input.cpp->run:256]	frame times (ms): 146.913
2020/03/09 13:19:05 438555	INFO [input.cpp->run:257]	FPS: 6.80675
2020/03/09 13:19:05 513310	INFO [input.cpp->run:173]	
frame_id 34
2020/03/09 13:19:05 569266	INFO [input.cpp->run:235]	rotation: 
[-0.9970101076431582, -0.0209910462653121, 0.07436545726387718;
 0.02123079431965018, -0.9997716365238771, 0.002434784369336918;
 0.07429736623821014, 0.004006342353816592, 0.9972280835350602]
2020/03/09 13:19:05 569322	INFO [input.cpp->run:256]	frame times (ms): 147.512
2020/03/09 13:19:05 569327	INFO [input.cpp->run:257]	FPS: 6.77911
2020/03/09 13:19:05 646252	INFO [input.cpp->run:173]	
frame_id 35
2020/03/09 13:19:05 700553	INFO [input.cpp->run:235]	rotation: 
[-0.9668148493039322, 0.1843154234478728, 0.1769092192189149;
 -0.05771834029599646, -0.8321436948802001, 0.5515482429167952;
 0.2488727392843385, 0.5230341248430735, 0.8151672612971829]
2020/03/09 13:19:05 700613	INFO [input.cpp->run:256]	frame times (ms): 149.299
2020/03/09 13:19:05 700617	INFO [input.cpp->run:257]	FPS: 6.69797
2020/03/09 13:19:05 779799	INFO [input.cpp->run:173]	
frame_id 36
2020/03/09 13:19:05 835127	INFO [input.cpp->run:235]	rotation: 
[-0.999984675283035, -0.005332940291016301, 0.00148625264858327;
 0.005348930019136335, -0.9999255154375533, 0.01097052982283904;
 0.001427636765199041, 0.01097831156398258, 0.999938717386456]
2020/03/09 13:19:05 835189	INFO [input.cpp->run:256]	frame times (ms): 142.461
2020/03/09 13:19:05 835195	INFO [input.cpp->run:257]	FPS: 7.01946
2020/03/09 13:19:05 912497	INFO [input.cpp->run:173]	
frame_id 37
2020/03/09 13:19:05 965000	INFO [input.cpp->run:235]	rotation: 
[-0.9998879701900671, 0.01467709387347438, -0.00293768354602104;
 -0.01460793198982377, -0.9996441054614348, -0.02232197883675321;
 -0.003264259819319713, -0.02227656462825891, 0.9997465175114114]
2020/03/09 13:19:05 965068	INFO [input.cpp->run:256]	frame times (ms): 140.236
2020/03/09 13:19:05 965071	INFO [input.cpp->run:257]	FPS: 7.13084
2020/03/09 13:19:06 045694	INFO [input.cpp->run:173]	
frame_id 38
2020/03/09 13:19:06 099861	INFO [input.cpp->run:235]	rotation: 
[0.9999475822946122, -0.007085090538585651, -0.007391492083458356;
 0.007183704759786214, 0.9998843909763884, 0.01340145767076182;
 0.007295687019329183, -0.01345385349396373, 0.9998828765295859]
2020/03/09 13:19:06 099921	INFO [input.cpp->run:256]	frame times (ms): 137.947
2020/03/09 13:19:06 099924	INFO [input.cpp->run:257]	FPS: 7.24916
2020/03/09 13:19:06 181943	INFO [input.cpp->run:173]	
frame_id 39
2020/03/09 13:19:06 236004	INFO [input.cpp->run:235]	rotation: 
[-0.998128696047057, 0.05506315065508702, -0.0265923967956441;
 -0.05180273627154679, -0.992500299356126, -0.1107232238185861;
 -0.03248973133441339, -0.1091384680941387, 0.9934954514943097]
2020/03/09 13:19:06 236062	INFO [input.cpp->run:256]	frame times (ms): 146.568
2020/03/09 13:19:06 236066	INFO [input.cpp->run:257]	FPS: 6.82277
2020/03/09 13:19:06 314786	INFO [input.cpp->run:173]	
frame_id 40
2020/03/09 13:19:06 373723	INFO [input.cpp->run:235]	rotation: 
[-0.978128686374542, 0.0108026931012448, 0.2077199429832705;
 -0.001041961497736833, -0.9988923702746333, 0.04704196980741834;
 0.2079980461625783, 0.04579666394930031, 0.9770565379565634]
2020/03/09 13:19:06 373785	INFO [input.cpp->run:256]	frame times (ms): 152.789
2020/03/09 13:19:06 373797	INFO [input.cpp->run:257]	FPS: 6.54497
2020/03/09 13:19:06 447624	INFO [input.cpp->run:173]	
frame_id 41
2020/03/09 13:19:06 510279	INFO [input.cpp->run:235]	rotation: 
[-0.9992823863783316, -0.01279966351458628, 0.03564941637586969;
 0.01388967230754046, -0.999438321229286, 0.03049785339291343;
 0.03523903059415654, 0.03097112642930293, 0.9988988938078188]
2020/03/09 13:19:06 510388	INFO [input.cpp->run:256]	frame times (ms): 158.472
2020/03/09 13:19:06 510396	INFO [input.cpp->run:257]	FPS: 6.31026
2020/03/09 13:19:06 581673	INFO [input.cpp->run:173]	
frame_id 42
2020/03/09 13:19:06 638268	INFO [input.cpp->run:235]	rotation: 
[0.4043245016555272, 0.2969708564330706, 0.8650606960152666;
 0.1153566521567893, -0.9548238554801489, 0.2738690340458391;
 0.9073117105847287, -0.01094145490472145, -0.4203162433220744]
2020/03/09 13:19:06 638332	INFO [input.cpp->run:256]	frame times (ms): 150.246
2020/03/09 13:19:06 638335	INFO [input.cpp->run:257]	FPS: 6.65575
2020/03/09 13:19:06 712357	INFO [input.cpp->run:173]	
frame_id 43
2020/03/09 13:19:06 772332	INFO [input.cpp->run:235]	rotation: 
[-0.9993472270461183, -0.004109050613273438, 0.03589199769156889;
 0.008902003223749722, -0.990884479737318, 0.134419872616771;
 0.03501248539933119, 0.1346516376386198, 0.99027423593033]
2020/03/09 13:19:06 772396	INFO [input.cpp->run:256]	frame times (ms): 153.164
2020/03/09 13:19:06 772400	INFO [input.cpp->run:257]	FPS: 6.52895
2020/03/09 13:19:06 846636	INFO [input.cpp->run:173]	
frame_id 44
2020/03/09 13:19:06 904260	INFO [input.cpp->run:235]	rotation: 
[-0.9755959732811005, 0.1286457732699567, 0.1779403325204189;
 -0.06332307673204365, -0.9408015895295286, 0.3329903258232889;
 0.2102443456335748, 0.3135962916848465, 0.9259884885734941]
2020/03/09 13:19:06 904317	INFO [input.cpp->run:256]	frame times (ms): 138.628
2020/03/09 13:19:06 904320	INFO [input.cpp->run:257]	FPS: 7.21355
2020/03/09 13:19:06 980282	INFO [input.cpp->run:173]	
frame_id 45
2020/03/09 13:19:07 036177	INFO [input.cpp->run:235]	rotation: 
[-0.9970696637294062, 0.0001850357356592142, -0.07649870216092194;
 -0.02091105122222567, -0.9625708124240692, 0.2702224250613722;
 -0.07358541708321267, 0.2710302507674079, 0.959754025551154]
2020/03/09 13:19:07 036232	INFO [input.cpp->run:256]	frame times (ms): 143.457
2020/03/09 13:19:07 036248	INFO [input.cpp->run:257]	FPS: 6.97073
2020/03/09 13:19:07 115965	INFO [input.cpp->run:173]	
frame_id 46
2020/03/09 13:19:07 169125	INFO [input.cpp->run:235]	rotation: 
[-0.9990047654767237, 0.01121259836272989, 0.04317124265934899;
 0.001040450716981612, -0.9617661284436466, 0.273870099939414;
 0.04459143434676462, 0.2736424525114391, 0.9607972794332957]
2020/03/09 13:19:07 169191	INFO [input.cpp->run:256]	frame times (ms): 144.468
2020/03/09 13:19:07 169196	INFO [input.cpp->run:257]	FPS: 6.92195
2020/03/09 13:19:07 245812	INFO [input.cpp->run:173]	
frame_id 47
2020/03/09 13:19:07 299487	INFO [input.cpp->run:235]	rotation: 
[-0.9992379869838891, 0.01880804230489236, 0.0342009197689557;
 -0.02177083822328927, -0.9958445121255278, -0.08842928402132838;
 0.03239561654669552, -0.0891064824472764, 0.9954951324915822]
2020/03/09 13:19:07 299555	INFO [input.cpp->run:256]	frame times (ms): 144.889
2020/03/09 13:19:07 299563	INFO [input.cpp->run:257]	FPS: 6.90183
2020/03/09 13:19:07 379253	INFO [input.cpp->run:173]	
frame_id 48
2020/03/09 13:19:07 438663	INFO [input.cpp->run:235]	rotation: 
[-0.9999105960007549, 0.006067358073835331, -0.01191583700034623;
 -0.008988482524780192, -0.964745831194581, 0.2630298241161612;
 -0.00989985794426749, 0.2631134134906102, 0.9647141154010357]
2020/03/09 13:19:07 438744	INFO [input.cpp->run:256]	frame times (ms): 144.552
2020/03/09 13:19:07 438749	INFO [input.cpp->run:257]	FPS: 6.91793
2020/03/09 13:19:07 515047	INFO [input.cpp->run:173]	
frame_id 49
2020/03/09 13:19:07 568627	INFO [input.cpp->run:235]	rotation: 
[-0.9971631142813041, -0.004672562896203682, -0.07512583226022741;
 -0.01103554737916342, -0.9782111989678923, 0.2073187567680282;
 -0.07445764037929918, 0.207559671829042, 0.9753845612984484]
2020/03/09 13:19:07 568698	INFO [input.cpp->run:256]	frame times (ms): 145.762
2020/03/09 13:19:07 568712	INFO [input.cpp->run:257]	FPS: 6.8605
2020/03/09 13:19:07 646698	INFO [input.cpp->run:173]	
frame_id 50
2020/03/09 13:19:07 700136	INFO [input.cpp->run:235]	rotation: 
[-0.9994320907292495, 0.01846801014917052, -0.02818561018838031;
 -0.01788029322200623, -0.9996203481230416, -0.02096317563405346;
 -0.02856205760893761, -0.02044730347745711, 0.9993828678968061]
2020/03/09 13:19:07 700192	INFO [input.cpp->run:256]	frame times (ms): 142.827
2020/03/09 13:19:07 700208	INFO [input.cpp->run:257]	FPS: 7.00148
2020/03/09 13:19:07 780336	INFO [input.cpp->run:173]	
frame_id 51
2020/03/09 13:19:07 832588	INFO [input.cpp->run:235]	rotation: 
[-0.9856297687865552, 0.01593206858575396, 0.1681669648662915;
 -0.006806238989019724, -0.9984794159908028, 0.0547040305049798;
 0.1687828012345631, 0.05277333638537784, 0.9842394733875339]
2020/03/09 13:19:07 832641	INFO [input.cpp->run:256]	frame times (ms): 140.013
2020/03/09 13:19:07 832645	INFO [input.cpp->run:257]	FPS: 7.14219
2020/03/09 13:19:07 915349	INFO [input.cpp->run:173]	
frame_id 52
2020/03/09 13:19:07 968616	INFO [input.cpp->run:235]	rotation: 
[-0.0475134380349167, -0.5319362684286419, 0.8454503412598009;
 -0.09320530924829976, -0.8403524239991156, -0.5339668283767629;
 0.9945125657999656, -0.1041710603239806, -0.00965125157410418]
2020/03/09 13:19:07 968671	INFO [input.cpp->run:256]	frame times (ms): 144.651
2020/03/09 13:19:07 968689	INFO [input.cpp->run:257]	FPS: 6.91319
2020/03/09 13:19:08 046873	INFO [input.cpp->run:173]	
frame_id 53
2020/03/09 13:19:08 101613	INFO [input.cpp->run:235]	rotation: 
[-0.9994236819603781, 0.01052705117829185, -0.03227204874578949;
 -0.01794487374065974, -0.9708430781724815, 0.2390432995735557;
 -0.02881467409485607, 0.2394846524478564, 0.9704724703971446]
2020/03/09 13:19:08 101666	INFO [input.cpp->run:256]	frame times (ms): 141.393
2020/03/09 13:19:08 101669	INFO [input.cpp->run:257]	FPS: 7.07249
2020/03/09 13:19:08 182605	INFO [input.cpp->run:173]	
frame_id 54
2020/03/09 13:19:08 235682	INFO [input.cpp->run:235]	rotation: 
[-0.9990902634805491, 0.03974339729689792, -0.01546311060776084;
 -0.03851084514090986, -0.9965754439891261, -0.07317307731952381;
 -0.01831830300272869, -0.07251101164083341, 0.9971993747320155]
2020/03/09 13:19:08 235737	INFO [input.cpp->run:256]	frame times (ms): 144.746
2020/03/09 13:19:08 235742	INFO [input.cpp->run:257]	FPS: 6.90865
2020/03/09 13:19:08 313681	INFO [input.cpp->run:173]	
frame_id 55
2020/03/09 13:19:08 369218	INFO [input.cpp->run:235]	rotation: 
[-0.9996568888354229, -0.01169945238496808, -0.02343560150230217;
 0.003006079539083642, -0.9400377645441365, 0.3410571282302531;
 -0.02602053207925514, 0.3408696584396366, 0.93975039657643]
2020/03/09 13:19:08 369274	INFO [input.cpp->run:256]	frame times (ms): 144.601
2020/03/09 13:19:08 369278	INFO [input.cpp->run:257]	FPS: 6.91558
2020/03/09 13:19:08 448691	INFO [input.cpp->run:173]	
frame_id 56
2020/03/09 13:19:08 501358	INFO [input.cpp->run:235]	rotation: 
[-0.9927804733573041, 0.04484886900485414, 0.111245272571164;
 -0.02012737383809644, -0.9766044981768917, 0.2140993763723826;
 0.1182447484788591, 0.2103146050317169, 0.9704565659356035]
2020/03/09 13:19:08 501416	INFO [input.cpp->run:256]	frame times (ms): 147.001
2020/03/09 13:19:08 501424	INFO [input.cpp->run:257]	FPS: 6.80267
2020/03/09 13:19:08 579704	INFO [input.cpp->run:173]	
frame_id 57
2020/03/09 13:19:08 634500	INFO [input.cpp->run:235]	rotation: 
[-0.9996079579442111, 0.0274568435266141, -0.005481984874044483;
 -0.02714726168165033, -0.998368120417484, -0.05024064407676365;
 -0.006852488437948879, -0.0500721267534651, 0.9987220962432913]
2020/03/09 13:19:08 634563	INFO [input.cpp->run:256]	frame times (ms): 149.204
2020/03/09 13:19:08 634568	INFO [input.cpp->run:257]	FPS: 6.70223
2020/03/09 13:19:08 713309	INFO [input.cpp->run:173]	
frame_id 58
2020/03/09 13:19:08 769532	INFO [input.cpp->run:235]	rotation: 
[-0.9849619681789511, 0.01251450076254847, 0.1723174643259097;
 0.001852023295198172, -0.9965511301105902, 0.08296032235363909;
 0.1727613708291325, 0.08203189834430166, 0.9815417853577448]
2020/03/09 13:19:08 769586	INFO [input.cpp->run:256]	frame times (ms): 153.502
2020/03/09 13:19:08 769590	INFO [input.cpp->run:257]	FPS: 6.51457
2020/03/09 13:19:08 848675	INFO [input.cpp->run:173]	
frame_id 59
2020/03/09 13:19:08 905139	INFO [input.cpp->run:235]	rotation: 
[-0.9999009931465852, 0.01080716679809489, 0.009011606420098956;
 -0.01093118601713144, -0.9998446302461703, -0.01382839615276396;
 0.0088607605052548, -0.01392553459286438, 0.9998637739260144]
2020/03/09 13:19:08 905199	INFO [input.cpp->run:256]	frame times (ms): 140.224
2020/03/09 13:19:08 905210	INFO [input.cpp->run:257]	FPS: 7.13145
2020/03/09 13:19:08 980739	INFO [input.cpp->run:173]	
frame_id 60
2020/03/09 13:19:09 034551	INFO [input.cpp->run:235]	rotation: 
[-0.7601635342366042, -0.1548371317833057, 0.6310125702694316;
 -0.1627656069495984, -0.8948402168353474, -0.4156541152549764;
 0.6290141162257361, -0.4186722452649418, 0.6550227420735618]
2020/03/09 13:19:09 034602	INFO [input.cpp->run:256]	frame times (ms): 146.24
2020/03/09 13:19:09 034605	INFO [input.cpp->run:257]	FPS: 6.83807
2020/03/09 13:19:09 115637	INFO [input.cpp->run:173]	
frame_id 61
2020/03/09 13:19:09 169177	INFO [input.cpp->run:235]	rotation: 
[-0.9994127356986963, -0.001356273934443345, -0.03423951290925069;
 -0.005889576171326465, -0.9775476660469351, 0.2106320808868204;
 -0.03375643073208627, 0.2107100404043544, 0.9769655993211972]
2020/03/09 13:19:09 169231	INFO [input.cpp->run:256]	frame times (ms): 147.591
2020/03/09 13:19:09 169234	INFO [input.cpp->run:257]	FPS: 6.77548
2020/03/09 13:19:09 246927	INFO [input.cpp->run:173]	
frame_id 62
2020/03/09 13:19:09 303526	INFO [input.cpp->run:235]	rotation: 
[-0.993127660491738, -0.01520095390135177, -0.1160447369194147;
 -0.01649223326363326, -0.9634587643582695, 0.26734849096865;
 -0.1158682709294702, 0.2674250182419839, 0.9565868509498179]
2020/03/09 13:19:09 303585	INFO [input.cpp->run:256]	frame times (ms): 152.421
2020/03/09 13:19:09 303590	INFO [input.cpp->run:257]	FPS: 6.56078
2020/03/09 13:19:09 379895	INFO [input.cpp->run:173]	
frame_id 63
2020/03/09 13:19:09 432613	INFO [input.cpp->run:235]	rotation: 
[-0.5461843850487613, -0.2606124874863016, 0.7960928016852737;
 0.1131417881582653, -0.9646142623434485, -0.238155958682446;
 0.8299888874564867, -0.0400057027160748, 0.5563434105378946]
2020/03/09 13:19:09 432691	INFO [input.cpp->run:256]	frame times (ms): 143.822
2020/03/09 13:19:09 432696	INFO [input.cpp->run:257]	FPS: 6.95304
2020/03/09 13:19:09 516476	INFO [input.cpp->run:173]	
frame_id 64
2020/03/09 13:19:09 572792	INFO [input.cpp->run:235]	rotation: 
[-0.9992297301504194, -0.02136379358040652, -0.03291708837935016;
 0.01887831468620428, -0.9970757451308361, 0.07405111549731544;
 -0.03440284316926163, 0.07337265700274107, 0.9967110401647159]
2020/03/09 13:19:09 572855	INFO [input.cpp->run:256]	frame times (ms): 147.052
2020/03/09 13:19:09 572858	INFO [input.cpp->run:257]	FPS: 6.80032
2020/03/09 13:19:09 647253	INFO [input.cpp->run:173]	
frame_id 65
2020/03/09 13:19:09 702663	INFO [input.cpp->run:235]	rotation: 
[-0.758782489661505, 0.04943615064875284, 0.6494653188524557;
 0.1522632657723486, -0.9560250925044738, 0.2506629617597134;
 0.6332969534739823, 0.2890883766443166, 0.7178877901244225]
2020/03/09 13:19:09 702729	INFO [input.cpp->run:256]	frame times (ms): 142.09
2020/03/09 13:19:09 702734	INFO [input.cpp->run:257]	FPS: 7.03779
2020/03/09 13:19:09 780561	INFO [input.cpp->run:173]	
frame_id 66
2020/03/09 13:19:09 841004	INFO [input.cpp->run:235]	rotation: 
[-0.5554845511058166, -0.3654454325262798, -0.7469180338755046;
 0.1698569582003507, -0.929177057862057, 0.3282965258630314;
 -0.813993567071444, 0.05549442303954533, 0.5782169504414529]
2020/03/09 13:19:09 841069	INFO [input.cpp->run:256]	frame times (ms): 156.349
2020/03/09 13:19:09 841074	INFO [input.cpp->run:257]	FPS: 6.39595
2020/03/09 13:19:09 914878	INFO [input.cpp->run:173]	
frame_id 67
2020/03/09 13:19:09 967479	INFO [input.cpp->run:235]	rotation: 
[-0.9996140129622263, -0.01499314852470739, -0.02338868501797737;
 0.01376835777651561, -0.9985689533180108, 0.05167666585133283;
 -0.02413001064425701, 0.05133469554490912, 0.998389949678791]
2020/03/09 13:19:09 967545	INFO [input.cpp->run:256]	frame times (ms): 140.087
2020/03/09 13:19:09 967553	INFO [input.cpp->run:257]	FPS: 7.13842
2020/03/09 13:19:10 049780	INFO [input.cpp->run:173]	
frame_id 68
2020/03/09 13:19:10 104482	INFO [input.cpp->run:235]	rotation: 
[-0.9997463705507061, 0.0001067556644819686, -0.02252072765072633;
 -0.0002199840174878446, -0.9999873487926535, 0.005025322046601985;
 -0.0225199062547369, 0.005029001677084137, 0.9997337460366187]
2020/03/09 13:19:10 104544	INFO [input.cpp->run:256]	frame times (ms): 144.839
2020/03/09 13:19:10 104548	INFO [input.cpp->run:257]	FPS: 6.90422
2020/03/09 13:19:10 181365	INFO [input.cpp->run:173]	
frame_id 69
2020/03/09 13:19:10 237402	INFO [input.cpp->run:235]	rotation: 
[-0.999877125131385, 0.009928827209840623, -0.0121306648306519;
 -0.009778620202070794, -0.9998755541239184, -0.01237961438538325;
 -0.01225207027159652, -0.01225947207771458, 0.9998497847769108]
2020/03/09 13:19:10 237467	INFO [input.cpp->run:256]	frame times (ms): 151.159
2020/03/09 13:19:10 237472	INFO [input.cpp->run:257]	FPS: 6.61555
2020/03/09 13:19:10 315180	INFO [input.cpp->run:173]	
frame_id 70
2020/03/09 13:19:10 368544	INFO [input.cpp->run:235]	rotation: 
[-0.8383633141287541, -0.030831226969144, 0.5442392754723137;
 0.1184741085856132, -0.9848393113771408, 0.1267099694619312;
 0.5320816094528132, 0.1707072529501203, 0.8293058511021896]
2020/03/09 13:19:10 368604	INFO [input.cpp->run:256]	frame times (ms): 143.932
2020/03/09 13:19:10 368607	INFO [input.cpp->run:257]	FPS: 6.94772
2020/03/09 13:19:10 448304	INFO [input.cpp->run:173]	
frame_id 71
2020/03/09 13:19:10 500118	INFO [input.cpp->run:235]	rotation: 
[-0.2358802739465564, 0.7797628215954088, 0.5799400300207462;
 0.6224664568392883, -0.3370453080582844, 0.7063539979541692;
 0.7462546525636138, 0.527608190206959, -0.4058738611363107]
2020/03/09 13:19:10 500175	INFO [input.cpp->run:256]	frame times (ms): 131.849
2020/03/09 13:19:10 500178	INFO [input.cpp->run:257]	FPS: 7.58443
2020/03/09 13:19:10 582302	INFO [input.cpp->run:173]	
frame_id 72
2020/03/09 13:19:10 636066	INFO [input.cpp->run:235]	rotation: 
[-0.9994032600707955, -0.000100679939762338, 0.03454147685631883;
 0.004279289857878165, -0.9926528884139731, 0.120921175985468;
 0.03427552243479508, 0.1209968304830585, 0.9920609636382614]
2020/03/09 13:19:10 636125	INFO [input.cpp->run:256]	frame times (ms): 126.666
2020/03/09 13:19:10 636129	INFO [input.cpp->run:257]	FPS: 7.89478
2020/03/09 13:19:10 713029	INFO [input.cpp->run:173]	
frame_id 73
2020/03/09 13:19:10 766202	INFO [input.cpp->run:235]	rotation: 
[-0.9999099820883693, 0.01324961942035899, 0.002115491728279634;
 -0.01328493748317128, -0.9997558033900339, -0.01765910598009404;
 0.001880998698831145, -0.01768562051960881, 0.9998418278261478]
2020/03/09 13:19:10 766265	INFO [input.cpp->run:256]	frame times (ms): 129.177
2020/03/09 13:19:10 766270	INFO [input.cpp->run:257]	FPS: 7.74132
2020/03/09 13:19:10 848285	INFO [input.cpp->run:173]	
frame_id 74
2020/03/09 13:19:10 900886	INFO [input.cpp->run:235]	rotation: 
[-0.9968959941818742, -0.01678199115718636, 0.07692035853356775;
 0.01853064023572625, -0.9995845441416196, 0.02207610666862779;
 0.07651792049308824, 0.02343296579587543, 0.9967928089414683]
2020/03/09 13:19:10 900956	INFO [input.cpp->run:256]	frame times (ms): 139.138
2020/03/09 13:19:10 900961	INFO [input.cpp->run:257]	FPS: 7.18711
2020/03/09 13:19:10 983447	INFO [input.cpp->run:173]	
frame_id 75
2020/03/09 13:19:11 045968	INFO [input.cpp->run:235]	rotation: 
[-0.9999418500026607, 0.008267497902302925, -0.006924239430574576;
 -0.00824871334916466, -0.9999622329346021, -0.002737048141335824;
 -0.006946606462138167, -0.002679772915769895, 0.9999722813537284]
2020/03/09 13:19:11 046034	INFO [input.cpp->run:256]	frame times (ms): 145.912
2020/03/09 13:19:11 046058	INFO [input.cpp->run:257]	FPS: 6.85345
2020/03/09 13:19:11 115909	INFO [input.cpp->run:173]	
frame_id 76
2020/03/09 13:19:11 166299	INFO [input.cpp->run:235]	rotation: 
[-0.9852985333725427, -0.03787852952554582, 0.1665893668122268;
 0.03765626626174594, -0.9992806469985522, -0.004493789645654713;
 0.1666397483949756, 0.001845409205908568, 0.9860161199086563]
2020/03/09 13:19:11 166367	INFO [input.cpp->run:256]	frame times (ms): 131.772
2020/03/09 13:19:11 166372	INFO [input.cpp->run:257]	FPS: 7.58887
2020/03/09 13:19:11 247680	INFO [input.cpp->run:173]	
frame_id 77
2020/03/09 13:19:11 298151	INFO [input.cpp->run:235]	rotation: 
[-0.9999904051693137, 0.003227684749562387, 0.002961692163154116;
 -0.003204977663962737, -0.9999656793602115, 0.007639909675133624;
 0.002986249735930683, 0.00763034421426339, 0.9999664295163539]
2020/03/09 13:19:11 298217	INFO [input.cpp->run:256]	frame times (ms): 129.648
2020/03/09 13:19:11 298222	INFO [input.cpp->run:257]	FPS: 7.71319
2020/03/09 13:19:11 380707	INFO [input.cpp->run:173]	
frame_id 78
2020/03/09 13:19:11 442133	INFO [input.cpp->run:235]	rotation: 
[-0.2777327386719176, 0.7830932729822272, 0.5564435745695866;
 0.6105076748136148, -0.3033427391647244, 0.7316170867261886;
 0.741717537114682, 0.5429070900310888, -0.393836243546103]
2020/03/09 13:19:11 442210	INFO [input.cpp->run:256]	frame times (ms): 144.931
2020/03/09 13:19:11 442214	INFO [input.cpp->run:257]	FPS: 6.89984
2020/03/09 13:19:11 516170	INFO [input.cpp->run:173]	
frame_id 79
2020/03/09 13:19:11 576975	INFO [input.cpp->run:235]	rotation: 
[-0.9998135886432329, -0.008067193433793734, -0.01754161778291934;
 0.007788366980940099, -0.9998431615126008, 0.01590577619160757;
 -0.01766718155537206, 0.0157661906175545, 0.9997196096552781]
2020/03/09 13:19:11 577068	INFO [input.cpp->run:256]	frame times (ms): 147.974
2020/03/09 13:19:11 577072	INFO [input.cpp->run:257]	FPS: 6.75794
2020/03/09 13:19:11 647949	INFO [input.cpp->run:173]	
frame_id 80
2020/03/09 13:19:11 699276	INFO [input.cpp->run:235]	rotation: 
[-0.9994117145259449, 0.01401292602226134, -0.03130275982410848;
 -0.01405242282892772, -0.9999007167711272, 0.001042119581965896;
 -0.03128504884043207, 0.00148138613491434, 0.9995094052654884]
2020/03/09 13:19:11 699336	INFO [input.cpp->run:256]	frame times (ms): 133.474
2020/03/09 13:19:11 699340	INFO [input.cpp->run:257]	FPS: 7.4921
2020/03/09 13:19:11 782870	INFO [input.cpp->run:173]	
frame_id 81
2020/03/09 13:19:11 834702	INFO [input.cpp->run:235]	rotation: 
[-0.9997814039154947, -0.0008052470899959049, -0.02089248577566547;
 0.0006747425648212185, -0.9999802235430679, 0.006252779000341292;
 -0.02089710762841473, 0.006237315117896777, 0.9997621751161054]
2020/03/09 13:19:11 834763	INFO [input.cpp->run:256]	frame times (ms): 132.634
2020/03/09 13:19:11 834765	INFO [input.cpp->run:257]	FPS: 7.53954
2020/03/09 13:19:11 916461	INFO [input.cpp->run:173]	
frame_id 82
2020/03/09 13:19:11 966790	INFO [input.cpp->run:235]	rotation: 
[-0.9997503649970293, -0.006304942599672852, -0.02143491047617084;
 0.006130045284936717, -0.9999474634993523, 0.008215399321767436;
 -0.02148558198213986, 0.00808195149863585, 0.9997364911949862]
2020/03/09 13:19:11 966850	INFO [input.cpp->run:256]	frame times (ms): 129.893
2020/03/09 13:19:11 966852	INFO [input.cpp->run:257]	FPS: 7.69864
2020/03/09 13:19:12 050099	INFO [input.cpp->run:173]	
frame_id 83
2020/03/09 13:19:12 103013	INFO [input.cpp->run:235]	rotation: 
[-0.999918621877024, -0.004473839126164562, -0.01194714974486905;
 0.004349238696750204, -0.9999360954454042, 0.01043499631807365;
 -0.0119930707623951, 0.01038218613167378, 0.9998741803171111]
2020/03/09 13:19:12 103071	INFO [input.cpp->run:256]	frame times (ms): 132.677
2020/03/09 13:19:12 103083	INFO [input.cpp->run:257]	FPS: 7.5371
2020/03/09 13:19:12 181768	INFO [input.cpp->run:173]	
frame_id 84
2020/03/09 13:19:12 236376	INFO [input.cpp->run:235]	rotation: 
[-0.9995346693538466, -0.009444016089015659, -0.02900440173158072;
 0.009065500820542485, -0.9998723842520667, 0.01315415922665244;
 -0.02912492840453436, 0.01288509876554291, 0.9994927277250365]
2020/03/09 13:19:12 236433	INFO [input.cpp->run:256]	frame times (ms): 141.439
2020/03/09 13:19:12 236438	INFO [input.cpp->run:257]	FPS: 7.07019
2020/03/09 13:19:12 316120	INFO [input.cpp->run:173]	
frame_id 85
2020/03/09 13:19:12 367438	INFO [input.cpp->run:235]	rotation: 
[0.1109482972267862, 0.3777497885338961, 0.9192364073539914;
 0.3608958771910195, -0.8771196717327955, 0.316883649445467;
 0.9259830674310416, 0.2965909282529556, -0.2336432753345341]
2020/03/09 13:19:12 367499	INFO [input.cpp->run:256]	frame times (ms): 136.377
2020/03/09 13:19:12 367545	INFO [input.cpp->run:257]	FPS: 7.33261
2020/03/09 13:19:12 448686	INFO [input.cpp->run:173]	
frame_id 86
2020/03/09 13:19:12 498800	INFO [input.cpp->run:235]	rotation: 
[0.1312755943717621, 0.5996567643082157, 0.7894165461540196;
 0.1617384370410377, -0.7985936693374744, 0.5797316873154604;
 0.9780630840113854, 0.05157437652080354, -0.2018234064241003]
2020/03/09 13:19:12 498860	INFO [input.cpp->run:256]	frame times (ms): 133.368
2020/03/09 13:19:12 498864	INFO [input.cpp->run:257]	FPS: 7.49805
2020/03/09 13:19:12 583252	INFO [input.cpp->run:173]	
frame_id 87
2020/03/09 13:19:12 634631	INFO [input.cpp->run:235]	rotation: 
[-0.9998958913167141, -0.001521972104258889, -0.01434887204165541;
 0.001424438756642688, -0.9999758308102569, 0.006805054706985877;
 -0.01435888234447642, 0.006783907152250404, 0.999873892599245]
2020/03/09 13:19:12 634692	INFO [input.cpp->run:256]	frame times (ms): 137.689
2020/03/09 13:19:12 634720	INFO [input.cpp->run:257]	FPS: 7.26274
2020/03/09 13:19:12 714880	INFO [input.cpp->run:173]	
frame_id 88
2020/03/09 13:19:12 769871	INFO [input.cpp->run:235]	rotation: 
[-0.999473907185837, 0.0008775740625415771, -0.03242126953778572;
 -0.000949161312877297, -0.9999971455560244, 0.002192708965103191;
 -0.03241925272857372, 0.002222328411432732, 0.9994718872029134]
2020/03/09 13:19:12 769930	INFO [input.cpp->run:256]	frame times (ms): 134.426
2020/03/09 13:19:12 769935	INFO [input.cpp->run:257]	FPS: 7.43904
2020/03/09 13:19:12 848135	INFO [input.cpp->run:173]	
frame_id 89
2020/03/09 13:19:12 901040	INFO [input.cpp->run:235]	rotation: 
[-0.9995654732385555, -0.005299502212588235, -0.02899620640155126;
 0.005075351408972316, -0.9999567112049668, 0.007798494997252362;
 -0.0290362793322084, 0.007647940405462099, 0.9995491000896838]
2020/03/09 13:19:12 901101	INFO [input.cpp->run:256]	frame times (ms): 130.264
2020/03/09 13:19:12 901106	INFO [input.cpp->run:257]	FPS: 7.67672
2020/03/09 13:19:12 982712	INFO [input.cpp->run:173]	
frame_id 90
2020/03/09 13:19:13 037786	INFO [input.cpp->run:235]	rotation: 
[-0.9998690890669922, 0.01113988551490365, -0.01173489152305881;
 -0.01102415701957251, -0.999890412226463, -0.009880865326562288;
 -0.01184367723095018, -0.009750204526505614, 0.9998823234867897]
2020/03/09 13:19:13 037855	INFO [input.cpp->run:256]	frame times (ms): 133.779
2020/03/09 13:19:13 037860	INFO [input.cpp->run:257]	FPS: 7.47501
2020/03/09 13:19:13 114542	INFO [input.cpp->run:173]	
frame_id 91
2020/03/09 13:19:13 168176	INFO [input.cpp->run:235]	rotation: 
[-0.999993494050786, 0.0031946856650956, -0.001675064059028865;
 -0.003192038563546566, -0.9999936562800501, -0.001580597819145389;
 -0.001680102946086682, -0.001575240666783419, 0.9999973479319495]
2020/03/09 13:19:13 168241	INFO [input.cpp->run:256]	frame times (ms): 131.814
2020/03/09 13:19:13 168248	INFO [input.cpp->run:257]	FPS: 7.58645
2020/03/09 13:19:13 248445	INFO [input.cpp->run:173]	
frame_id 92
2020/03/09 13:19:13 299743	INFO [input.cpp->run:235]	rotation: 
[-0.999198692826236, -0.00958025537366778, -0.03886117550096303;
 0.009264499306363055, -0.9999226597945211, 0.008297197240806955;
 -0.03893765923811725, 0.007930519303662635, 0.9992101708632823]
2020/03/09 13:19:13 299810	INFO [input.cpp->run:256]	frame times (ms): 130.024
2020/03/09 13:19:13 299814	INFO [input.cpp->run:257]	FPS: 7.69089
2020/03/09 13:19:13 380949	INFO [input.cpp->run:173]	
frame_id 93
2020/03/09 13:19:13 432284	INFO [input.cpp->run:235]	rotation: 
[-0.8519799971880797, -0.09185628079188651, 0.5154536914898191;
 0.05635469406734711, -0.9948589751478438, -0.08414135739550122;
 0.5205326434028661, -0.04263851834742685, 0.852776479451187]
2020/03/09 13:19:13 432344	INFO [input.cpp->run:256]	frame times (ms): 133.1
2020/03/09 13:19:13 432347	INFO [input.cpp->run:257]	FPS: 7.51315
2020/03/09 13:19:13 514894	INFO [input.cpp->run:173]	
frame_id 94
2020/03/09 13:19:13 565898	INFO [input.cpp->run:235]	rotation: 
[-0.999634117368139, 0.0120585894248088, -0.02421201798086071;
 -0.01178373285523373, -0.9998648643391573, -0.01146283996377011;
 -0.02434697175457593, -0.01117333795794299, 0.9996411263474807]
2020/03/09 13:19:13 565953	INFO [input.cpp->run:256]	frame times (ms): 138.104
2020/03/09 13:19:13 565956	INFO [input.cpp->run:257]	FPS: 7.24092
2020/03/09 13:19:13 648353	INFO [input.cpp->run:173]	
frame_id 95
2020/03/09 13:19:13 699058	INFO [input.cpp->run:235]	rotation: 
[-0.9994083048099081, 0.003675458813086714, -0.03419841048205744;
 -0.00352723581000035, -0.9999841276286127, -0.00439352914899342;
 -0.03421401590761664, -0.004270303660831028, 0.9994054060400706]
2020/03/09 13:19:13 699100	INFO [input.cpp->run:256]	frame times (ms): 138.151
2020/03/09 13:19:13 699102	INFO [input.cpp->run:257]	FPS: 7.23846
2020/03/09 13:19:13 782598	INFO [input.cpp->run:173]	
frame_id 96
2020/03/09 13:19:13 838687	INFO [input.cpp->run:235]	rotation: 
[-0.9999327654073535, 0.01058569726117728, -0.00473367492516158;
 -0.01051481564126195, -0.9998358340231049, -0.01475613958162613;
 -0.004889101843147956, -0.01470537373944859, 0.9998799171232262]
2020/03/09 13:19:13 838748	INFO [input.cpp->run:256]	frame times (ms): 135.048
2020/03/09 13:19:13 838750	INFO [input.cpp->run:257]	FPS: 7.40477
2020/03/09 13:19:13 914830	INFO [input.cpp->run:173]	
frame_id 97
2020/03/09 13:19:13 967961	INFO [input.cpp->run:235]	rotation: 
[-0.9914222733139088, -0.008719608391372362, -0.1304064584542586;
 -0.007766889558615004, -0.9920779661373301, 0.1253833502958141;
 -0.1304666677878508, 0.1253206987465345, 0.9835004682571402]
2020/03/09 13:19:13 968022	INFO [input.cpp->run:256]	frame times (ms): 131.082
2020/03/09 13:19:13 968027	INFO [input.cpp->run:257]	FPS: 7.62881
2020/03/09 13:19:14 049194	INFO [input.cpp->run:173]	
frame_id 98
2020/03/09 13:19:14 104778	INFO [input.cpp->run:235]	rotation: 
[-0.9999816967869207, 0.005988954418046904, -0.0008593696116637439;
 -0.005990398331315396, -0.9999806334125254, 0.001687580432610252;
 -0.000849246126319296, 0.001692697510753699, 0.9999982067764688]
2020/03/09 13:19:14 104838	INFO [input.cpp->run:256]	frame times (ms): 141.397
2020/03/09 13:19:14 104842	INFO [input.cpp->run:257]	FPS: 7.07229
2020/03/09 13:19:14 181241	INFO [input.cpp->run:173]	
frame_id 99
2020/03/09 13:19:14 240020	INFO [input.cpp->run:235]	rotation: 
[-0.9999642367065144, 0.005365265926772786, -0.006537524722181023;
 -0.005356652160993614, -0.9999847627289461, -0.001334386585446725;
 -0.00654458444702485, -0.001299319617457026, 0.9999777398437162]
2020/03/09 13:19:14 240085	INFO [input.cpp->run:256]	frame times (ms): 142.468
2020/03/09 13:19:14 240090	INFO [input.cpp->run:257]	FPS: 7.01912
2020/03/09 13:19:14 320487	INFO [input.cpp->run:173]	
frame_id 100
2020/03/09 13:19:14 374438	INFO [input.cpp->run:235]	rotation: 
[-0.9869180537699713, -0.0098980388195431, -0.1609185631629202;
 -0.01236615486579164, -0.9905258018480545, 0.1367688344876274;
 -0.1607477320422505, 0.1369695758217699, 0.9774453958879119]
2020/03/09 13:19:14 374501	INFO [input.cpp->run:256]	frame times (ms): 139.324
2020/03/09 13:19:14 374509	INFO [input.cpp->run:257]	FPS: 7.17751
2020/03/09 13:19:14 449587	INFO [input.cpp->run:173]	
frame_id 101
2020/03/09 13:19:14 506703	INFO [input.cpp->run:235]	rotation: 
[-0.9828207629616459, -0.01465657021089733, -0.1839797076884875;
 -0.006841764800346212, -0.9932634189812443, 0.1156761460635078;
 -0.1844357290383428, 0.1149476640186406, 0.9760996344588765]
2020/03/09 13:19:14 506762	INFO [input.cpp->run:256]	frame times (ms): 143.237
2020/03/09 13:19:14 506767	INFO [input.cpp->run:257]	FPS: 6.98144
2020/03/09 13:19:14 582812	INFO [input.cpp->run:173]	
frame_id 102
2020/03/09 13:19:14 636204	INFO [input.cpp->run:235]	rotation: 
[0.9999942142259066, -0.001662878051680033, -0.00296754971260239;
 0.001651107586525323, 0.9999907784723563, -0.0039644437174301;
 0.002974114733705516, 0.003959521036210477, 0.9999877383421831]
2020/03/09 13:19:14 636269	INFO [input.cpp->run:256]	frame times (ms): 135.245
2020/03/09 13:19:14 636272	INFO [input.cpp->run:257]	FPS: 7.39399
2020/03/09 13:19:14 715385	INFO [input.cpp->run:173]	
frame_id 103
2020/03/09 13:19:14 774777	INFO [input.cpp->run:235]	rotation: 
[-0.4600121977530556, 0.4497140093184527, -0.7656017814380571;
 0.4347560260773234, -0.6377366689615798, -0.6358294888185372;
 -0.7741937585048446, -0.6253393086033463, 0.09785077111413865]
2020/03/09 13:19:14 774846	INFO [input.cpp->run:256]	frame times (ms): 140.158
2020/03/09 13:19:14 774851	INFO [input.cpp->run:257]	FPS: 7.1348
2020/03/09 13:19:14 849176	INFO [input.cpp->run:173]	
frame_id 104
2020/03/09 13:19:14 903820	INFO [input.cpp->run:235]	rotation: 
[-0.1167450205984613, 0.472253495722594, 0.8736974510339695;
 0.3892783562743456, -0.7875621398067219, 0.4777114581830765;
 0.9136919401536872, 0.3958819416452935, -0.09189410632540029]
2020/03/09 13:19:14 903887	INFO [input.cpp->run:256]	frame times (ms): 140.999
2020/03/09 13:19:14 903892	INFO [input.cpp->run:257]	FPS: 7.09225
2020/03/09 13:19:14 981713	INFO [input.cpp->run:173]	
frame_id 105
2020/03/09 13:19:15 034671	INFO [input.cpp->run:235]	rotation: 
[-0.164274021384589, 0.272996202858226, 0.9478856044497808;
 0.5839884098422197, -0.7475201015524331, 0.3164983964335299;
 0.7949664037354607, 0.6055466711988685, -0.03662848525230455]
2020/03/09 13:19:15 034729	INFO [input.cpp->run:256]	frame times (ms): 133.782
2020/03/09 13:19:15 034734	INFO [input.cpp->run:257]	FPS: 7.47485
2020/03/09 13:19:15 116882	INFO [input.cpp->run:173]	
frame_id 106
2020/03/09 13:19:15 169697	INFO [input.cpp->run:235]	rotation: 
[-0.986378286341451, -0.0104897875435034, -0.1641579744983314;
 -0.007133716401558599, -0.9942977481096541, 0.1064006494076652;
 -0.1643380245847102, 0.1061223466634757, 0.9806788777241171]
2020/03/09 13:19:15 169762	INFO [input.cpp->run:256]	frame times (ms): 139.014
2020/03/09 13:19:15 169767	INFO [input.cpp->run:257]	FPS: 7.19352
2020/03/09 13:19:15 248760	INFO [input.cpp->run:173]	
frame_id 107
2020/03/09 13:19:15 302971	INFO [input.cpp->run:235]	rotation: 
[-0.9999915367647199, 0.0003202482943601666, 0.004101687453220524;
 -0.0003217515448125559, -0.9999998813181494, -0.000365840990601511;
 0.004101569806471419, -0.0003671576186775443, 0.9999915211242569]
2020/03/09 13:19:15 303030	INFO [input.cpp->run:256]	frame times (ms): 137.441
2020/03/09 13:19:15 303043	INFO [input.cpp->run:257]	FPS: 7.27585
2020/03/09 13:19:15 382526	INFO [input.cpp->run:173]	
frame_id 108
2020/03/09 13:19:15 441245	INFO [input.cpp->run:235]	rotation: 
[0.9999984053829962, -0.0008020942442034468, -0.001595580235565009;
 0.0007986874930726795, 0.9999974027658745, -0.002134609986363592;
 0.001597288249853253, 0.002133332212499871, 0.9999964487756534]
2020/03/09 13:19:15 441306	INFO [input.cpp->run:256]	frame times (ms): 142.33
2020/03/09 13:19:15 441311	INFO [input.cpp->run:257]	FPS: 7.02593
2020/03/09 13:19:15 516608	INFO [input.cpp->run:173]	
frame_id 109
2020/03/09 13:19:15 571253	INFO [input.cpp->run:235]	rotation: 
[-0.9999746539536737, 0.004248097324484891, 0.005713590758203892;
 -0.00432000622546, -0.9999108723552957, -0.01263269139508434;
 0.005659416616800308, -0.01265705395394818, 0.9999038803748909]
2020/03/09 13:19:15 571313	INFO [input.cpp->run:256]	frame times (ms): 135.626
2020/03/09 13:19:15 571318	INFO [input.cpp->run:257]	FPS: 7.37322
2020/03/09 13:19:15 649349	INFO [input.cpp->run:173]	
frame_id 110
2020/03/09 13:19:15 704631	INFO [input.cpp->run:235]	rotation: 
[-0.980660193768676, -0.05164169148434419, 0.1887822027051777;
 0.06807547641810634, -0.9943353252744709, 0.08162714267791089;
 0.1834974492139627, 0.09289992794371794, 0.9786206055055349]
2020/03/09 13:19:15 704692	INFO [input.cpp->run:256]	frame times (ms): 137.812
2020/03/09 13:19:15 704697	INFO [input.cpp->run:257]	FPS: 7.25626
2020/03/09 13:19:15 782467	INFO [input.cpp->run:173]	
frame_id 111
2020/03/09 13:19:15 839362	INFO [input.cpp->run:235]	rotation: 
[0.9999557267663416, -0.009363534114531001, -0.000932060128759266;
 0.009367035414815783, 0.9999488094769128, 0.003825842814659357;
 0.0008961890064018297, -0.00383440407246131, 0.999992247065283]
2020/03/09 13:19:15 839427	INFO [input.cpp->run:256]	frame times (ms): 142.981
2020/03/09 13:19:15 839432	INFO [input.cpp->run:257]	FPS: 6.99394
2020/03/09 13:19:15 915539	INFO [input.cpp->run:173]	
frame_id 112
2020/03/09 13:19:15 970247	INFO [input.cpp->run:235]	rotation: 
[-0.03259065412679862, 0.2455193449149232, 0.9688436925201787;
 0.3018578484620439, -0.9216737256717363, 0.2437198857874481;
 0.9527957223799093, 0.3003960630216846, -0.04407399160070358]
2020/03/09 13:19:15 970305	INFO [input.cpp->run:256]	frame times (ms): 133.295
2020/03/09 13:19:15 970308	INFO [input.cpp->run:257]	FPS: 7.50216
2020/03/09 13:19:16 050114	INFO [input.cpp->run:173]	
frame_id 113
2020/03/09 13:19:16 106084	INFO [input.cpp->run:235]	rotation: 
[-0.9998988870308677, 0.0138477076362574, -0.003233683295050923;
 -0.01377239568940707, -0.9996574877217196, -0.02225372685359502;
 -0.003540738822104012, -0.02220694114732493, 0.9997471254939789]
2020/03/09 13:19:16 106141	INFO [input.cpp->run:256]	frame times (ms): 140.562
2020/03/09 13:19:16 106143	INFO [input.cpp->run:257]	FPS: 7.1143
2020/03/09 13:19:16 182349	INFO [input.cpp->run:173]	
frame_id 114
2020/03/09 13:19:16 236168	INFO [input.cpp->run:235]	rotation: 
[-0.9995625481456253, -0.006148162035396371, -0.02892943912714096;
 0.00595917013421613, -0.9999603672561868, 0.006614545198547995;
 -0.0289689598697625, 0.006439256203838964, 0.9995595706828111]
2020/03/09 13:19:16 236232	INFO [input.cpp->run:256]	frame times (ms): 136.646
2020/03/09 13:19:16 236237	INFO [input.cpp->run:257]	FPS: 7.31818
2020/03/09 13:19:16 317268	INFO [input.cpp->run:173]	
frame_id 115
2020/03/09 13:19:16 370564	INFO [input.cpp->run:235]	rotation: 
[-0.9999911171232909, -0.001876170149891275, 0.003774342337587778;
 0.001835001387348046, -0.9999391100970713, -0.01088158390058989;
 0.003794528221147047, -0.0108745613173959, 0.9999336705360673]
2020/03/09 13:19:16 370624	INFO [input.cpp->run:256]	frame times (ms): 138.806
2020/03/09 13:19:16 370641	INFO [input.cpp->run:257]	FPS: 7.2043
2020/03/09 13:19:16 448020	INFO [input.cpp->run:173]	
frame_id 116
2020/03/09 13:19:16 504545	INFO [input.cpp->run:235]	rotation: 
[-0.9999995753802211, 7.231053999626302e-06, -0.0009215134775428048;
 -1.058546976759622e-05, -0.9999933745290187, 0.003640162910316964;
 -0.0009214810498674285, 0.00364017111928485, 0.9999929499885971]
2020/03/09 13:19:16 504607	INFO [input.cpp->run:256]	frame times (ms): 141.195
2020/03/09 13:19:16 504611	INFO [input.cpp->run:257]	FPS: 7.0824
2020/03/09 13:19:16 581700	INFO [input.cpp->run:173]	
frame_id 117
2020/03/09 13:19:16 638522	INFO [input.cpp->run:235]	rotation: 
[-0.9999332693390256, 0.002502110145054134, -0.01127813432220449;
 -0.002458610746136193, -0.9999894922706023, -0.003869183580822293;
 -0.01128769693811157, -0.003841196845403574, 0.9999289140257062]
2020/03/09 13:19:16 638580	INFO [input.cpp->run:256]	frame times (ms): 135.141
2020/03/09 13:19:16 638584	INFO [input.cpp->run:257]	FPS: 7.39968
2020/03/09 13:19:16 715373	INFO [input.cpp->run:173]	
frame_id 118
2020/03/09 13:19:16 768618	INFO [input.cpp->run:235]	rotation: 
[0.9999946498880735, -0.003239171034719626, 0.0004560331534449681;
 0.003241197996941248, 0.9999845478123547, -0.004516499979545734;
 -0.0004413963908230522, 0.004517953909508813, 0.9999896965777686]
2020/03/09 13:19:16 768687	INFO [input.cpp->run:256]	frame times (ms): 132.023
2020/03/09 13:19:16 768692	INFO [input.cpp->run:257]	FPS: 7.57444
2020/03/09 13:19:16 848195	INFO [input.cpp->run:173]	
frame_id 119
2020/03/09 13:19:16 905135	INFO [input.cpp->run:235]	rotation: 
[-0.5478429671845679, 0.4955699787868428, 0.6740018393384521;
 0.2875263234165338, -0.6450452833427794, 0.7079867200589318;
 0.7856186712705975, 0.5816588162853218, 0.2108941079987279]
2020/03/09 13:19:16 905197	INFO [input.cpp->run:256]	frame times (ms): 144.675
2020/03/09 13:19:16 905201	INFO [input.cpp->run:257]	FPS: 6.91204
2020/03/09 13:19:16 982278	INFO [input.cpp->run:173]	
frame_id 120
2020/03/09 13:19:17 038489	INFO [input.cpp->run:235]	rotation: 
[-0.9999973782832484, 0.002124298978563001, -0.0008548569935165254;
 -0.00211878815649767, -0.9999772970826361, -0.006396565957860802;
 -0.0008684258042994383, -0.006394737927003316, 0.9999791763649214]
2020/03/09 13:19:17 038556	INFO [input.cpp->run:256]	frame times (ms): 137.696
2020/03/09 13:19:17 038563	INFO [input.cpp->run:257]	FPS: 7.26238
2020/03/09 13:19:17 115180	INFO [input.cpp->run:173]	
frame_id 121
2020/03/09 13:19:17 170517	INFO [input.cpp->run:235]	rotation: 
[0.08067985914236298, -0.3476666846402157, 0.9341405872351596;
 0.5772093132924603, -0.7477602541751805, -0.3281524202627732;
 0.8126008669557363, 0.5656699379206482, 0.1403472563167336]
2020/03/09 13:19:17 170579	INFO [input.cpp->run:256]	frame times (ms): 143.358
2020/03/09 13:19:17 170583	INFO [input.cpp->run:257]	FPS: 6.97554
2020/03/09 13:19:17 248607	INFO [input.cpp->run:173]	
frame_id 122
2020/03/09 13:19:17 302679	INFO [input.cpp->run:235]	rotation: 
[-0.9999863326075523, 0.003792153771121973, -0.003599189891334845;
 -0.003776460129619458, -0.999983376649344, -0.004357152036086138;
 -0.0036156530512642, -0.00434350028805575, 0.9999840304016163]
2020/03/09 13:19:17 302738	INFO [input.cpp->run:256]	frame times (ms): 138.653
2020/03/09 13:19:17 302743	INFO [input.cpp->run:257]	FPS: 7.21225
2020/03/09 13:19:17 382561	INFO [input.cpp->run:173]	
frame_id 123
2020/03/09 13:19:17 440423	INFO [input.cpp->run:235]	rotation: 
[-0.9629611422504267, -0.0006149258058912515, -0.2696395007820752;
 0.001991398388304094, -0.9999863461185399, -0.004831346494602245;
 -0.2696328482366577, -0.005189358606330317, 0.9629492186553983]
2020/03/09 13:19:17 440485	INFO [input.cpp->run:256]	frame times (ms): 146.164
2020/03/09 13:19:17 440489	INFO [input.cpp->run:257]	FPS: 6.84163
2020/03/09 13:19:17 517773	INFO [input.cpp->run:173]	
frame_id 124
2020/03/09 13:19:17 573438	INFO [input.cpp->run:235]	rotation: 
[-0.999772061466108, -0.0003800318057351279, 0.02134667860898661;
 0.000256672267935882, -0.9999832551703225, -0.005781305934866912;
 0.02134851824262306, -0.00577450905205667, 0.9997554179968478]
2020/03/09 13:19:17 573513	INFO [input.cpp->run:256]	frame times (ms): 143.09
2020/03/09 13:19:17 573518	INFO [input.cpp->run:257]	FPS: 6.98861
2020/03/09 13:19:17 650100	INFO [input.cpp->run:173]	
frame_id 125
2020/03/09 13:19:17 707496	INFO [input.cpp->run:235]	rotation: 
[-0.9999960739701992, -0.002506338960740672, 0.001253119787520995;
 0.002508131237221556, -0.9999958311337073, 0.001430731597064895;
 0.001249528665088066, 0.00143386896885307, 0.999998191347312]
2020/03/09 13:19:17 707557	INFO [input.cpp->run:256]	frame times (ms): 142.021
2020/03/09 13:19:17 707562	INFO [input.cpp->run:257]	FPS: 7.04121
2020/03/09 13:19:17 782990	INFO [input.cpp->run:173]	
frame_id 126
2020/03/09 13:19:17 836890	INFO [input.cpp->run:235]	rotation: 
[-0.9999717862443687, -0.003980083713842896, -0.006370686688056937;
 0.003958614997458574, -0.9999864557998517, 0.00337899158821075;
 -0.006384049071590801, 0.003353677158300348, 0.9999739980454343]
2020/03/09 13:19:17 836950	INFO [input.cpp->run:256]	frame times (ms): 135.81
2020/03/09 13:19:17 836955	INFO [input.cpp->run:257]	FPS: 7.36323
2020/03/09 13:19:17 916920	INFO [input.cpp->run:173]	
frame_id 127
2020/03/09 13:19:17 970228	INFO [input.cpp->run:235]	rotation: 
[-0.9999671427195268, 0.005289296724758498, 0.006143030319227285;
 -0.005304287577702867, -0.9999829879784329, -0.002426579283357611;
 0.006130090916007177, -0.002459083951973237, 0.9999781872078402]
2020/03/09 13:19:17 970287	INFO [input.cpp->run:256]	frame times (ms): 143.048
2020/03/09 13:19:17 970291	INFO [input.cpp->run:257]	FPS: 6.99066
2020/03/09 13:19:18 049870	INFO [input.cpp->run:173]	
frame_id 128
2020/03/09 13:19:18 106078	INFO [input.cpp->run:235]	rotation: 
[-0.9807271696301115, -0.01318249148856476, -0.1949370171810999;
 0.002720494750572461, -0.9985459106609362, 0.05383923486300275;
 -0.1953632965979604, 0.05227127529031007, 0.9793369676071164]
2020/03/09 13:19:18 106140	INFO [input.cpp->run:256]	frame times (ms): 139.577
2020/03/09 13:19:18 106145	INFO [input.cpp->run:257]	FPS: 7.1645
2020/03/09 13:19:18 183268	INFO [input.cpp->run:173]	
frame_id 129
2020/03/09 13:19:18 236334	INFO [input.cpp->run:235]	rotation: 
[-0.999932812915994, 0.003551934203772173, -0.01103419309781081;
 -0.003260810511723504, -0.9996490227793995, -0.02629065177964006;
 -0.01112370301268134, -0.02625290497456864, 0.9995934414609184]
2020/03/09 13:19:18 236393	INFO [input.cpp->run:256]	frame times (ms): 138.103
2020/03/09 13:19:18 236399	INFO [input.cpp->run:257]	FPS: 7.24097
2020/03/09 13:19:18 314318	INFO [input.cpp->run:173]	
frame_id 130
2020/03/09 13:19:18 369630	INFO [input.cpp->run:235]	rotation: 
[-0.999988309947992, -0.002741238049018505, -0.003983162225825123;
 0.00273328049574826, -0.9999942608306147, 0.002001870016793246;
 -0.003988626968041642, 0.001990959515205388, 0.9999900634181917]
2020/03/09 13:19:18 369694	INFO [input.cpp->run:256]	frame times (ms): 141.177
2020/03/09 13:19:18 369699	INFO [input.cpp->run:257]	FPS: 7.08331
2020/03/09 13:19:18 450394	INFO [input.cpp->run:173]	
frame_id 131
2020/03/09 13:19:18 504351	INFO [input.cpp->run:235]	rotation: 
[-0.9803872749921374, -0.01621227853476725, -0.1964127110403051;
 -0.0105891802189295, -0.9908378401475235, 0.1346411667881772;
 -0.1967959864829115, 0.1340803362037172, 0.9712331353221616]
2020/03/09 13:19:18 504414	INFO [input.cpp->run:256]	frame times (ms): 138.878
2020/03/09 13:19:18 504419	INFO [input.cpp->run:257]	FPS: 7.20056
2020/03/09 13:19:18 581891	INFO [input.cpp->run:173]	
frame_id 132
2020/03/09 13:19:18 636468	INFO [input.cpp->run:235]	rotation: 
[0.9999932703469037, -0.003320191173734705, 0.00156063816248215;
 0.003317519650485476, 0.9999930327376523, 0.001711297613290013;
 -0.001566309124337921, -0.001706108649079399, 0.9999973179309055]
2020/03/09 13:19:18 636539	INFO [input.cpp->run:256]	frame times (ms): 136.946
2020/03/09 13:19:18 636544	INFO [input.cpp->run:257]	FPS: 7.30215
2020/03/09 13:19:18 717449	INFO [input.cpp->run:173]	
frame_id 133
2020/03/09 13:19:18 774548	INFO [input.cpp->run:235]	rotation: 
[0.9999925056138509, 0.00362054217299552, 0.001371273315584533;
 -0.003614012288326452, 0.9999822600097394, -0.004734826395312756;
 -0.001388391627855312, 0.004729835112082224, 0.9999878504404442]
2020/03/09 13:19:18 774610	INFO [input.cpp->run:256]	frame times (ms): 143.99
2020/03/09 13:19:18 774615	INFO [input.cpp->run:257]	FPS: 6.94493
2020/03/09 13:19:18 850127	INFO [input.cpp->run:173]	
frame_id 134
2020/03/09 13:19:18 906091	INFO [input.cpp->run:235]	rotation: 
[-0.9997083826554045, -0.001252868680755036, -0.02411596916120262;
 0.001118951986088094, -0.9999838852056209, 0.005565723270562805;
 -0.02412255365768978, 0.005537115597532522, 0.999693674460278]
2020/03/09 13:19:18 906154	INFO [input.cpp->run:256]	frame times (ms): 137.011
2020/03/09 13:19:18 906159	INFO [input.cpp->run:257]	FPS: 7.29868
2020/03/09 13:19:18 982425	INFO [input.cpp->run:173]	
frame_id 135
2020/03/09 13:19:19 039385	INFO [input.cpp->run:235]	rotation: 
[-0.108644738895679, 0.1572130610348127, 0.9815703612835678;
 0.7379228799953752, -0.6488619837121044, 0.1856015874730706;
 0.6660826854750248, 0.7444878639261066, -0.04551567397196388]
2020/03/09 13:19:19 039449	INFO [input.cpp->run:256]	frame times (ms): 137.315
2020/03/09 13:19:19 039454	INFO [input.cpp->run:257]	FPS: 7.28253
2020/03/09 13:19:19 116864	INFO [input.cpp->run:173]	
frame_id 136
2020/03/09 13:19:19 170595	INFO [input.cpp->run:235]	rotation: 
[-0.9999588966325752, -0.004320453787382703, -0.007971118142007625;
 0.00427501918902927, -0.9999745702152859, 0.005708163775473572;
 -0.00799557729599209, 0.005673852467705486, 0.9999519379159573]
2020/03/09 13:19:19 170658	INFO [input.cpp->run:256]	frame times (ms): 124.584
2020/03/09 13:19:19 170662	INFO [input.cpp->run:257]	FPS: 8.02671
2020/03/09 13:19:19 247889	INFO [input.cpp->run:173]	
frame_id 137
2020/03/09 13:19:19 302114	INFO [input.cpp->run:235]	rotation: 
[-0.9999977417828766, -0.001526351702609501, -0.001478742583116174;
 0.001531208143426442, -0.9999934201601103, -0.00328862252418746;
 -0.001473713258637705, -0.003290879360449063, 0.9999934991200026]
2020/03/09 13:19:19 302179	INFO [input.cpp->run:256]	frame times (ms): 130.6
2020/03/09 13:19:19 302184	INFO [input.cpp->run:257]	FPS: 7.65697
2020/03/09 13:19:19 382130	INFO [input.cpp->run:173]	
frame_id 138
2020/03/09 13:19:19 434594	INFO [input.cpp->run:235]	rotation: 
[-0.9999889630676607, -0.004003292604230974, -0.002459144401921617;
 0.003992916552094336, -0.999983166571351, 0.0042098920819599;
 -0.00247595643592611, 0.004200026459279414, 0.9999881146381032]
2020/03/09 13:19:19 434662	INFO [input.cpp->run:256]	frame times (ms): 138.114
2020/03/09 13:19:19 434666	INFO [input.cpp->run:257]	FPS: 7.2404
2020/03/09 13:19:19 517686	INFO [input.cpp->run:173]	
frame_id 139
2020/03/09 13:19:19 572119	INFO [input.cpp->run:235]	rotation: 
[-0.136951282995008, 0.3985305895088267, 0.9068724912090831;
 0.5487050660378531, -0.731693556293231, 0.4044098047567093;
 0.8247224360901166, 0.5529899717939843, -0.1184693821410071]
2020/03/09 13:19:19 572177	INFO [input.cpp->run:256]	frame times (ms): 129.047
2020/03/09 13:19:19 572187	INFO [input.cpp->run:257]	FPS: 7.74911
2020/03/09 13:19:19 651135	INFO [input.cpp->run:173]	
frame_id 140
2020/03/09 13:19:19 696704	INFO [input.cpp->run:235]	rotation: 
[0.9999225132469712, -0.01137697179335989, 0.005052921399925515;
 0.01139595542676056, 0.9999280540120759, -0.00374419544553535;
 -0.005009960256530811, 0.003801488187036046, 0.9999802242973567]
2020/03/09 13:19:19 696745	INFO [input.cpp->run:256]	frame times (ms): 122.135
2020/03/09 13:19:19 696748	INFO [input.cpp->run:257]	FPS: 8.18766
2020/03/09 13:19:19 783047	INFO [input.cpp->run:173]	
frame_id 141
2020/03/09 13:19:19 834210	INFO [input.cpp->run:235]	rotation: 
[-0.9998088769426515, 0.00336944440178411, -0.01925763306061056;
 -0.003281569541670799, -0.999984068163469, -0.00459289893006208;
 -0.01927280176873653, -0.004528825859080102, 0.9998040052171828]
2020/03/09 13:19:19 834250	INFO [input.cpp->run:256]	frame times (ms): 131.944
2020/03/09 13:19:19 834253	INFO [input.cpp->run:257]	FPS: 7.57897
2020/03/09 13:19:19 916071	INFO [input.cpp->run:173]	
frame_id 142
2020/03/09 13:19:19 967279	INFO [input.cpp->run:235]	rotation: 
[-0.9999841953544871, 0.0003043519866468129, -0.005613947907418711;
 -0.0003196029445862144, -0.9999962608037696, 0.002715922023396411;
 -0.005613100319502459, 0.002717673333493555, 0.9999805534891448]
2020/03/09 13:19:19 967319	INFO [input.cpp->run:256]	frame times (ms): 131.252
2020/03/09 13:19:19 967323	INFO [input.cpp->run:257]	FPS: 7.61893
2020/03/09 13:19:20 049361	INFO [input.cpp->run:173]	
frame_id 143
2020/03/09 13:19:20 104585	INFO [input.cpp->run:235]	rotation: 
[-0.110272870183071, 0.6719155334218598, 0.7323724530920078;
 0.2503505797921838, -0.6943295238388671, 0.6747081587793418;
 0.9618547090383792, 0.2577518734599413, -0.09164873391698003]
2020/03/09 13:19:20 104624	INFO [input.cpp->run:256]	frame times (ms): 137.994
2020/03/09 13:19:20 104627	INFO [input.cpp->run:257]	FPS: 7.24669
2020/03/09 13:19:20 182595	INFO [input.cpp->run:173]	
frame_id 144
2020/03/09 13:19:20 241450	INFO [input.cpp->run:235]	rotation: 
[-0.9991060539488092, -0.004394366571851035, -0.0420450057113958;
 0.004579659778758015, -0.9999802177104472, -0.004311717068330706;
 -0.04202522669956622, -0.00450041444743775, 0.9991064140473982]
2020/03/09 13:19:20 241520	INFO [input.cpp->run:256]	frame times (ms): 138.687
2020/03/09 13:19:20 241524	INFO [input.cpp->run:257]	FPS: 7.21048
2020/03/09 13:19:20 315039	INFO [input.cpp->run:173]	
frame_id 145
2020/03/09 13:19:20 369606	INFO [input.cpp->run:235]	rotation: 
[-0.9999995432587178, -0.0006913627718986447, 0.0006599241421804451;
 0.0006950421031206488, -0.9999841257027223, 0.005591534586927929;
 0.0006560478874972458, 0.005591990708106933, 0.9999841494949251]
2020/03/09 13:19:20 369666	INFO [input.cpp->run:256]	frame times (ms): 138.114
2020/03/09 13:19:20 369673	INFO [input.cpp->run:257]	FPS: 7.2404
2020/03/09 13:19:20 452275	INFO [input.cpp->run:173]	
frame_id 146
2020/03/09 13:19:20 506201	INFO [input.cpp->run:235]	rotation: 
[-0.9998715738897516, -0.001288765866591707, -0.01597419199121127;
 0.001292709351147576, -0.9999991364746502, -0.0002365427813997275;
 -0.01597387334882889, -0.0002571623904944705, 0.9998723764749884]
2020/03/09 13:19:20 506263	INFO [input.cpp->run:256]	frame times (ms): 130.329
2020/03/09 13:19:20 506268	INFO [input.cpp->run:257]	FPS: 7.67289
2020/03/09 13:19:20 582800	INFO [input.cpp->run:173]	
frame_id 147
2020/03/09 13:19:20 639849	INFO [input.cpp->run:235]	rotation: 
[0.9999936822230588, -0.003088372388747773, 0.001759963055444612;
 0.003086122432758262, 0.9999944190977847, 0.001279695906900404;
 -0.001763905410767762, -0.001274256360600878, 0.999997632451412]
2020/03/09 13:19:20 639916	INFO [input.cpp->run:256]	frame times (ms): 141.376
2020/03/09 13:19:20 639921	INFO [input.cpp->run:257]	FPS: 7.07334
2020/03/09 13:19:20 717294	INFO [input.cpp->run:173]	
frame_id 148
2020/03/09 13:19:20 773470	INFO [input.cpp->run:235]	rotation: 
[-0.6319132664042864, -0.2644562702553315, 0.7285248828042215;
 -0.01811391911914119, -0.9346885361660792, -0.3550059524766554;
 0.77482740637926, -0.2375294118258857, 0.5858517464693935]
2020/03/09 13:19:20 773535	INFO [input.cpp->run:256]	frame times (ms): 138.497
2020/03/09 13:19:20 773539	INFO [input.cpp->run:257]	FPS: 7.22037
2020/03/09 13:19:20 848427	INFO [input.cpp->run:173]	
frame_id 149
2020/03/09 13:19:20 904064	INFO [input.cpp->run:235]	rotation: 
[-0.9986522270155456, -0.008592101910422744, -0.05118501012652295;
 0.008845292971747057, -0.9999497299442465, -0.00472211569875692;
 -0.05114186415389362, -0.005168497769119603, 0.9986780243710559]
2020/03/09 13:19:20 904124	INFO [input.cpp->run:256]	frame times (ms): 141.489
2020/03/09 13:19:20 904131	INFO [input.cpp->run:257]	FPS: 7.06769
2020/03/09 13:19:20 984711	INFO [input.cpp->run:173]	
frame_id 150
2020/03/09 13:19:21 037929	INFO [input.cpp->run:235]	rotation: 
[-0.9865583979362754, -0.00356541310166891, -0.1633701787072046;
 0.004450255671419466, -0.9999773434661766, -0.005050522625153059;
 -0.163348470105687, -0.005709674574144463, 0.9865519129424407]
2020/03/09 13:19:21 038002	INFO [input.cpp->run:256]	frame times (ms): 136.957
2020/03/09 13:19:21 038006	INFO [input.cpp->run:257]	FPS: 7.30156
2020/03/09 13:19:21 116177	INFO [input.cpp->run:173]	
frame_id 151
2020/03/09 13:19:21 170980	INFO [input.cpp->run:235]	rotation: 
[-0.9996147637758676, 0.004364121140321825, -0.02740945982665509;
 -0.004215013399097237, -0.9999760166513354, -0.005495433028772051;
 -0.02743278519147945, -0.005377784748470705, 0.9996091844955393]
2020/03/09 13:19:21 171042	INFO [input.cpp->run:256]	frame times (ms): 128.002
2020/03/09 13:19:21 171046	INFO [input.cpp->run:257]	FPS: 7.81238
2020/03/09 13:19:21 250445	INFO [input.cpp->run:173]	
frame_id 152
2020/03/09 13:19:21 304745	INFO [input.cpp->run:235]	rotation: 
[-0.9997479504157474, 0.004471414322080287, -0.02200095664903264;
 -0.004367531388110624, -0.9999790974270785, -0.004767533796351051;
 -0.02202181439132994, -0.00467024227270666, 0.9997465821537115]
2020/03/09 13:19:21 304814	INFO [input.cpp->run:256]	frame times (ms): 136.371
2020/03/09 13:19:21 304818	INFO [input.cpp->run:257]	FPS: 7.33294
2020/03/09 13:19:21 381855	INFO [input.cpp->run:173]	
frame_id 153
2020/03/09 13:19:21 435120	INFO [input.cpp->run:235]	rotation: 
[-0.9996044007980276, -0.003019529073625713, -0.02796291024535442;
 0.002982762677693574, -0.9999946315767685, 0.001356445521023031;
 -0.02796685595530497, 0.001272502187217856, 0.9996080410371653]
2020/03/09 13:19:21 435184	INFO [input.cpp->run:256]	frame times (ms): 134.694
2020/03/09 13:19:21 435189	INFO [input.cpp->run:257]	FPS: 7.42424
2020/03/09 13:19:21 518187	INFO [input.cpp->run:173]	
frame_id 154
2020/03/09 13:19:21 573458	INFO [input.cpp->run:235]	rotation: 
[-0.9981111257503458, 0.002573377199935118, 0.06138043974398032;
 0.0008257995657157929, -0.9984700368947792, 0.05528927091593476;
 0.0614288100849659, 0.05523552437630351, 0.9965819274592629]
2020/03/09 13:19:21 573520	INFO [input.cpp->run:256]	frame times (ms): 133.76
2020/03/09 13:19:21 573525	INFO [input.cpp->run:257]	FPS: 7.47608
2020/03/09 13:19:21 649620	INFO [input.cpp->run:173]	
frame_id 155
2020/03/09 13:19:21 703630	INFO [input.cpp->run:235]	rotation: 
[-0.6252301652978015, 0.6688210731182418, 0.4022009604099017;
 0.3923256782894138, -0.1761516258541397, 0.9028018425234269;
 0.674661250225945, 0.7222527098335504, -0.1522603710151074]
2020/03/09 13:19:21 703696	INFO [input.cpp->run:256]	frame times (ms): 136.663
2020/03/09 13:19:21 703698	INFO [input.cpp->run:257]	FPS: 7.31727
2020/03/09 13:19:21 782118	INFO [input.cpp->run:173]	
frame_id 156
2020/03/09 13:19:21 835778	INFO [input.cpp->run:235]	rotation: 
[-0.999998849143089, 0.001484367720890782, -0.0003136318969024162;
 -0.001484907478944532, -0.9999974048303004, 0.001727825929696111;
 -0.0003110663539370616, 0.001728289655565045, 0.9999984581251059]
2020/03/09 13:19:21 835842	INFO [input.cpp->run:256]	frame times (ms): 142.128
2020/03/09 13:19:21 835846	INFO [input.cpp->run:257]	FPS: 7.03591
2020/03/09 13:19:21 915466	INFO [input.cpp->run:173]	
frame_id 157
2020/03/09 13:19:21 970102	INFO [input.cpp->run:235]	rotation: 
[-0.7640437760112987, -0.06592418755522127, 0.6417874335273172;
 0.02023920803127981, -0.9967252700445811, -0.07828863591111697;
 0.6448468677109808, -0.04682667562128305, 0.7628759923169667]
2020/03/09 13:19:21 970159	INFO [input.cpp->run:256]	frame times (ms): 141.157
2020/03/09 13:19:21 970162	INFO [input.cpp->run:257]	FPS: 7.08431
2020/03/09 13:19:22 051301	INFO [input.cpp->run:173]	
frame_id 158
2020/03/09 13:19:22 103663	INFO [input.cpp->run:235]	rotation: 
[-0.9879959916838715, -0.01345489517482098, -0.1538924501476205;
 -0.006943896776321935, -0.9913246997222257, 0.1312521314805927;
 -0.1543233706026507, 0.1307451930912705, 0.9793314003795462]
2020/03/09 13:19:22 103727	INFO [input.cpp->run:256]	frame times (ms): 136.709
2020/03/09 13:19:22 103732	INFO [input.cpp->run:257]	FPS: 7.31481
2020/03/09 13:19:22 182334	INFO [input.cpp->run:173]	
frame_id 159
2020/03/09 13:19:22 235392	INFO [input.cpp->run:235]	rotation: 
[-0.9825315188183695, 0.01750001174811815, 0.1852715955490311;
 0.01155330235023733, -0.9879121514051852, 0.1545836417955743;
 0.1857372761006041, 0.1540237991181693, 0.9704526436524015]
2020/03/09 13:19:22 235457	INFO [input.cpp->run:256]	frame times (ms): 137.182
2020/03/09 13:19:22 235462	INFO [input.cpp->run:257]	FPS: 7.28959
2020/03/09 13:19:22 317760	INFO [input.cpp->run:173]	
frame_id 160
2020/03/09 13:19:22 373856	INFO [input.cpp->run:235]	rotation: 
[0.9999836148881291, -0.005599486550478289, 0.001189834291311055;
 0.005597824425008693, 0.9999833580433758, 0.001395706989510878;
 -0.001197629732656563, -0.001389023637238102, 0.999998318146765]
2020/03/09 13:19:22 373919	INFO [input.cpp->run:256]	frame times (ms): 137.43
2020/03/09 13:19:22 373926	INFO [input.cpp->run:257]	FPS: 7.27643
2020/03/09 13:19:22 449826	INFO [input.cpp->run:173]	
frame_id 161
2020/03/09 13:19:22 507884	INFO [input.cpp->run:235]	rotation: 
[-0.9999969673635155, 0.001349230135621206, 0.002060301388910971;
 -0.001366400447402676, -0.999964159955686, -0.008355342837763411;
 0.002048954267267735, -0.008358132695785473, 0.9999629710165523]
2020/03/09 13:19:22 507948	INFO [input.cpp->run:256]	frame times (ms): 141.808
2020/03/09 13:19:22 507952	INFO [input.cpp->run:257]	FPS: 7.05179
2020/03/09 13:19:22 583016	INFO [input.cpp->run:173]	
frame_id 162
2020/03/09 13:19:22 637288	INFO [input.cpp->run:235]	rotation: 
[-0.9999610585051945, 0.003557580018095346, -0.008076205642866428;
 -0.004102776619646776, -0.9976408992182051, 0.06852593254455179;
 -0.007813366571478559, 0.06855639890999259, 0.9976166455464313]
2020/03/09 13:19:22 637348	INFO [input.cpp->run:256]	frame times (ms): 139.608
2020/03/09 13:19:22 637353	INFO [input.cpp->run:257]	FPS: 7.16291
2020/03/09 13:19:22 718977	INFO [input.cpp->run:173]	
frame_id 163
2020/03/09 13:19:22 777028	INFO [input.cpp->run:235]	rotation: 
[-0.9998179571443758, -0.001746634355768558, 0.01900004842294808;
 0.002049330756979796, -0.9998711118968117, 0.01592356234270338;
 0.01896978690169238, 0.01595960095556006, 0.9996926719358525]
2020/03/09 13:19:22 777096	INFO [input.cpp->run:256]	frame times (ms): 138.02
2020/03/09 13:19:22 777100	INFO [input.cpp->run:257]	FPS: 7.24533
2020/03/09 13:19:22 849620	INFO [input.cpp->run:173]	
frame_id 164
2020/03/09 13:19:22 903222	INFO [input.cpp->run:235]	rotation: 
[0.9999917931110948, -0.004045685065409478, 0.0002148087731533516;
 0.004045372204544945, 0.9999907843073206, 0.001437450575328856;
 -0.0002206222658665856, -0.001436569796891471, 0.9999989437959594]
2020/03/09 13:19:22 903286	INFO [input.cpp->run:256]	frame times (ms): 132.159
2020/03/09 13:19:22 903291	INFO [input.cpp->run:257]	FPS: 7.56664
2020/03/09 13:19:22 985610	INFO [input.cpp->run:173]	
frame_id 165
2020/03/09 13:19:23 042722	INFO [input.cpp->run:235]	rotation: 
[-0.9953818435423917, -0.06273634544098527, 0.07265766653876865;
 0.0675684150668355, -0.9955243219196593, 0.06607445612154685;
 0.0681872043092058, 0.07067867731580542, 0.9951658302722128]
2020/03/09 13:19:23 042794	INFO [input.cpp->run:256]	frame times (ms): 268.208
2020/03/09 13:19:23 042798	INFO [input.cpp->run:257]	FPS: 3.72845
2020/03/09 13:19:23 118344	INFO [input.cpp->run:173]	
frame_id 166
2020/03/09 13:19:23 175617	INFO [input.cpp->run:235]	rotation: 
[-0.9761210570949892, -0.004996885340796885, -0.2171697792802945;
 0.0003640657743148651, -0.9997716229525225, 0.02136748452652175;
 -0.2172269535575014, 0.02077818749963777, 0.9758999526449197]
2020/03/09 13:19:23 175682	INFO [input.cpp->run:256]	frame times (ms): 142.902
2020/03/09 13:19:23 175687	INFO [input.cpp->run:257]	FPS: 6.9978
2020/03/09 13:19:23 251087	INFO [input.cpp->run:173]	
frame_id 167
2020/03/09 13:19:23 303491	INFO [input.cpp->run:235]	rotation: 
[-0.9999994189093048, 0.0002118855482281339, 0.001057017297555078;
 -0.0002214893538116742, -0.9999586248134722, -0.009093932241650298;
 0.001055046690448657, -0.009094161075329092, 0.9999580906772134]
2020/03/09 13:19:23 303562	INFO [input.cpp->run:256]	frame times (ms): 132.215
2020/03/09 13:19:23 303567	INFO [input.cpp->run:257]	FPS: 7.56344
2020/03/09 13:19:23 382481	INFO [input.cpp->run:173]	
frame_id 168
2020/03/09 13:19:23 436359	INFO [input.cpp->run:235]	rotation: 
[-0.9996033024781773, 0.001315087629648735, -0.02813375586813514;
 -0.001273622009131524, -0.9999980762930502, -0.001491742999600508;
 -0.02813566351979884, -0.00145531945817618, 0.9996030544589065]
2020/03/09 13:19:23 436419	INFO [input.cpp->run:256]	frame times (ms): 140.094
2020/03/09 13:19:23 436426	INFO [input.cpp->run:257]	FPS: 7.13806
2020/03/09 13:19:23 515817	INFO [input.cpp->run:173]	
frame_id 169
2020/03/09 13:19:23 569204	INFO [input.cpp->run:235]	rotation: 
[-0.04061636239910582, 0.1578903366795457, 0.9866209772190555;
 0.6714447836781122, -0.7269342854843996, 0.143973772120961;
 0.7399406824718568, 0.6683091995255677, -0.07648921657709273]
2020/03/09 13:19:23 569278	INFO [input.cpp->run:256]	frame times (ms): 142.101
2020/03/09 13:19:23 569282	INFO [input.cpp->run:257]	FPS: 7.03725
2020/03/09 13:19:23 649481	INFO [input.cpp->run:173]	
frame_id 170
2020/03/09 13:19:23 703754	INFO [input.cpp->run:235]	rotation: 
[0.01271362295176426, -0.02892063608269821, -0.9995008557275038;
 -0.3558944081280795, 0.9339933794127028, -0.03155213901470016;
 0.9344396898968945, 0.3561179074714035, 0.001581747003957738]
2020/03/09 13:19:23 703816	INFO [input.cpp->run:256]	frame times (ms): 137.436
2020/03/09 13:19:23 703820	INFO [input.cpp->run:257]	FPS: 7.27611
2020/03/09 13:19:23 782832	INFO [input.cpp->run:173]	
frame_id 171
2020/03/09 13:19:23 839541	INFO [input.cpp->run:235]	rotation: 
[-0.1342750291612635, -0.9462513923125784, -0.294242279576285;
 0.2149815808601406, 0.262042768349963, -0.9408063070825803;
 0.9673433394791203, -0.1895834647378152, 0.1682408198487777]
2020/03/09 13:19:23 839613	INFO [input.cpp->run:256]	frame times (ms): 140.483
2020/03/09 13:19:23 839617	INFO [input.cpp->run:257]	FPS: 7.1183
2020/03/09 13:19:23 918869	INFO [input.cpp->run:173]	
frame_id 172
2020/03/09 13:19:23 969904	INFO [input.cpp->run:235]	rotation: 
[-0.9999992652981745, -0.000276204341059272, 0.001180302619345917;
 0.000279669942120654, -0.9999956477767166, 0.002937041427773998;
 0.001179486258813153, 0.002937369365089537, 0.999994990324141]
2020/03/09 13:19:23 969968	INFO [input.cpp->run:256]	frame times (ms): 132.027
2020/03/09 13:19:23 969975	INFO [input.cpp->run:257]	FPS: 7.57421
2020/03/09 13:19:24 050403	INFO [input.cpp->run:173]	
frame_id 173
2020/03/09 13:19:24 106334	INFO [input.cpp->run:235]	rotation: 
[-0.999288397652991, 0.0019310854264132, -0.03766920791831976;
 -0.004841110642872265, -0.9969949859666351, 0.0773146920393056;
 -0.03740671014485475, 0.07744203552635409, 0.9962948705928751]
2020/03/09 13:19:24 106398	INFO [input.cpp->run:256]	frame times (ms): 139.082
2020/03/09 13:19:24 106402	INFO [input.cpp->run:257]	FPS: 7.19
2020/03/09 13:19:24 182367	INFO [input.cpp->run:173]	
frame_id 174
2020/03/09 13:19:24 236556	INFO [input.cpp->run:235]	rotation: 
[-0.999994596792526, 0.00286774039523503, -0.001607000553481512;
 -0.002860642914879841, -0.9999862210905507, -0.004401630510837486;
 -0.001619601144387228, -0.004397009673167088, 0.9999890215387707]
2020/03/09 13:19:24 236617	INFO [input.cpp->run:256]	frame times (ms): 138.196
2020/03/09 13:19:24 236628	INFO [input.cpp->run:257]	FPS: 7.2361
2020/03/09 13:19:24 318290	INFO [input.cpp->run:173]	
frame_id 175
2020/03/09 13:19:24 375289	INFO [input.cpp->run:235]	rotation: 
[-0.9998928707815513, 0.01004032344404606, -0.01065076829936767;
 -0.009700331016742551, -0.9994564570300588, -0.03150704808591124;
 -0.01096132010268374, -0.03140035678238768, 0.9994467805018666]
2020/03/09 13:19:24 375365	INFO [input.cpp->run:256]	frame times (ms): 141.298
2020/03/09 13:19:24 375368	INFO [input.cpp->run:257]	FPS: 7.07724
2020/03/09 13:19:24 448855	INFO [input.cpp->run:173]	
frame_id 176
2020/03/09 13:19:24 502619	INFO [input.cpp->run:235]	rotation: 
[-0.9999975919933184, 0.001550599774362865, 0.001552948133245546;
 -0.001552188443583921, -0.9999982727850505, -0.001022319886953318;
 0.001551360241984278, -0.001024727893346109, 0.9999982716055786]
2020/03/09 13:19:24 502674	INFO [input.cpp->run:256]	frame times (ms): 141.884
2020/03/09 13:19:24 502676	INFO [input.cpp->run:257]	FPS: 7.04801
2020/03/09 13:19:24 585397	INFO [input.cpp->run:173]	
frame_id 177
2020/03/09 13:19:24 643638	INFO [input.cpp->run:235]	rotation: 
[-0.1304084201534385, 0.4829382913619529, 0.8658892831589281;
 0.477700665898216, -0.734684875145013, 0.48170552003642;
 0.8687898006730316, 0.4764543430062889, -0.1348908494930635]
2020/03/09 13:19:24 643706	INFO [input.cpp->run:256]	frame times (ms): 143.176
2020/03/09 13:19:24 643712	INFO [input.cpp->run:257]	FPS: 6.98441
2020/03/09 13:19:24 715965	INFO [input.cpp->run:173]	
frame_id 178
2020/03/09 13:19:24 777360	INFO [input.cpp->run:235]	rotation: 
[-0.9999986197910519, 0.000478194139965784, 0.001591146239595479;
 -0.0004851077889875797, -0.9999904317838264, -0.004347529324738475;
 0.001589052052117876, -0.004348295201673845, 0.9999892835637862]
2020/03/09 13:19:24 777420	INFO [input.cpp->run:256]	frame times (ms): 150.253
2020/03/09 13:19:24 777425	INFO [input.cpp->run:257]	FPS: 6.65544
2020/03/09 13:19:24 851561	INFO [input.cpp->run:173]	
frame_id 179
2020/03/09 13:19:24 908126	INFO [input.cpp->run:235]	rotation: 
[-0.9296563743527284, -0.0853697166426188, 0.3584006656044302;
 0.06549985327661048, -0.9955842397430638, -0.06724426217877853;
 0.362558677797239, -0.03903886596181784, 0.9311429385966117]
2020/03/09 13:19:24 908186	INFO [input.cpp->run:256]	frame times (ms): 139.319
2020/03/09 13:19:24 908190	INFO [input.cpp->run:257]	FPS: 7.17777
g3log g3FileSink shutdown at: 13:19:25 052155
