		g3log created log at: Mon Mar 09 13:05:22 2020
		LOG format: [YYYY/MM/DD hh:mm:ss uuu* LEVEL FILE->FUNCTION:LINE] message		(uuu*: microseconds fractions of the seconds value)

2020/03/09 13:05:22 811736	INFO [g3logger.h->logBanner:29]	Starting log.
2020/03/09 13:05:22 815670	DEBUG [main.cpp->main:48]	Filepath: /home/mitchell/KITTI/data_odometry_gray/dataset/sequences/00/
2020/03/09 13:05:22 815678	DEBUG [main.cpp->main:52]	Calibration Filepath: /home/mitchell/visual_odom_catkin_ws/tank_downsized.yaml
2020/03/09 13:05:22 815825	INFO [main.cpp->main:66]	P_left: 
[409.41, 0, 251.22, 0;
 0, 408.72, 191.78999, 0;
 0, 0, 1, 0]
2020/03/09 13:05:22 815842	INFO [main.cpp->main:67]	P_right: 
[409.41, 0, 251.22, -73.940002;
 0, 408.72, 191.78999, 0;
 0, 0, 1, 0]
2020/03/09 13:05:22 950876	INFO [input.cpp->Input:22]	frame_pose [1, 0, 0, 0;
 0, 1, 0, 0;
 0, 0, 1, 0;
 0, 0, 0, 1]
2020/03/09 13:05:27 374578	INFO [input.cpp->run:173]	
frame_id 1
2020/03/09 13:05:27 431518	INFO [input.cpp->run:196]	Not enough points
2020/03/09 13:05:27 507698	INFO [input.cpp->run:173]	
frame_id 2
2020/03/09 13:05:27 555973	INFO [input.cpp->run:196]	Not enough points
2020/03/09 13:05:27 638667	INFO [input.cpp->run:173]	
frame_id 3
2020/03/09 13:05:27 686348	INFO [input.cpp->run:196]	Not enough points
2020/03/09 13:05:27 773795	INFO [input.cpp->run:173]	
frame_id 4
2020/03/09 13:05:27 822160	INFO [input.cpp->run:196]	Not enough points
2020/03/09 13:05:27 906914	INFO [input.cpp->run:173]	
frame_id 5
2020/03/09 13:05:27 954393	INFO [input.cpp->run:196]	Not enough points
2020/03/09 13:05:28 039327	INFO [input.cpp->run:173]	
frame_id 6
2020/03/09 13:05:28 086064	INFO [input.cpp->run:196]	Not enough points
2020/03/09 13:05:28 174067	INFO [input.cpp->run:173]	
frame_id 7
2020/03/09 13:05:28 222366	INFO [input.cpp->run:196]	Not enough points
2020/03/09 13:05:28 308388	INFO [input.cpp->run:173]	
frame_id 8
2020/03/09 13:05:28 354816	INFO [input.cpp->run:196]	Not enough points
2020/03/09 13:05:28 439642	INFO [input.cpp->run:173]	
frame_id 9
2020/03/09 13:05:28 484760	INFO [input.cpp->run:196]	Not enough points
2020/03/09 13:05:28 572646	INFO [input.cpp->run:173]	
frame_id 10
2020/03/09 13:05:28 619384	INFO [input.cpp->run:196]	Not enough points
2020/03/09 13:05:28 706290	INFO [input.cpp->run:173]	
frame_id 11
2020/03/09 13:05:28 752704	INFO [input.cpp->run:196]	Not enough points
2020/03/09 13:05:28 838777	INFO [input.cpp->run:173]	
frame_id 12
2020/03/09 13:05:28 884964	INFO [input.cpp->run:196]	Not enough points
2020/03/09 13:05:28 974414	INFO [input.cpp->run:173]	
frame_id 13
2020/03/09 13:05:29 019486	INFO [input.cpp->run:196]	Not enough points
2020/03/09 13:05:29 106436	INFO [input.cpp->run:173]	
frame_id 14
2020/03/09 13:05:29 150577	INFO [input.cpp->run:196]	Not enough points
2020/03/09 13:05:29 242638	INFO [input.cpp->run:173]	
frame_id 15
2020/03/09 13:05:29 291144	INFO [input.cpp->run:196]	Not enough points
2020/03/09 13:05:29 373577	INFO [input.cpp->run:173]	
frame_id 16
2020/03/09 13:05:29 423896	INFO [input.cpp->run:196]	Not enough points
2020/03/09 13:05:29 506633	INFO [input.cpp->run:173]	
frame_id 17
2020/03/09 13:05:29 554701	INFO [input.cpp->run:196]	Not enough points
2020/03/09 13:05:29 639517	INFO [input.cpp->run:173]	
frame_id 18
2020/03/09 13:05:29 688475	INFO [input.cpp->run:196]	Not enough points
2020/03/09 13:05:29 772982	INFO [input.cpp->run:173]	
frame_id 19
2020/03/09 13:05:29 824811	INFO [input.cpp->run:196]	Not enough points
2020/03/09 13:05:29 905905	INFO [input.cpp->run:173]	
frame_id 20
2020/03/09 13:05:29 954032	INFO [input.cpp->run:196]	Not enough points
2020/03/09 13:05:30 042340	INFO [input.cpp->run:173]	
frame_id 21
2020/03/09 13:05:30 091516	INFO [input.cpp->run:196]	Not enough points
2020/03/09 13:05:30 173011	INFO [input.cpp->run:173]	
frame_id 22
2020/03/09 13:05:30 221991	INFO [input.cpp->run:196]	Not enough points
2020/03/09 13:05:30 307634	INFO [input.cpp->run:173]	
frame_id 23
2020/03/09 13:05:30 356375	INFO [input.cpp->run:196]	Not enough points
2020/03/09 13:05:30 439570	INFO [input.cpp->run:173]	
frame_id 24
2020/03/09 13:05:30 489922	INFO [input.cpp->run:196]	Not enough points
2020/03/09 13:05:30 575295	INFO [input.cpp->run:173]	
frame_id 25
2020/03/09 13:05:30 622782	INFO [input.cpp->run:196]	Not enough points
2020/03/09 13:05:30 705874	INFO [input.cpp->run:173]	
frame_id 26
2020/03/09 13:05:30 755729	INFO [input.cpp->run:196]	Not enough points
2020/03/09 13:05:30 839636	INFO [input.cpp->run:173]	
frame_id 27
2020/03/09 13:05:30 889256	INFO [input.cpp->run:196]	Not enough points
2020/03/09 13:05:30 973654	INFO [input.cpp->run:173]	
frame_id 28
2020/03/09 13:05:31 023281	INFO [input.cpp->run:196]	Not enough points
2020/03/09 13:05:31 106914	INFO [input.cpp->run:173]	
frame_id 29
2020/03/09 13:05:31 226594	INFO [input.cpp->run:235]	rotation: 
[-0.9992517384146424, 0.0109886692479743, 0.03708385664239455;
 -0.006564451844815667, -0.9930653034977689, 0.1173806242991632;
 0.03811654820799154, 0.1170493576959858, 0.9923943654695279]
2020/03/09 13:05:31 226711	INFO [input.cpp->run:256]	frame times (ms): 236.264
2020/03/09 13:05:31 226718	INFO [input.cpp->run:257]	FPS: 4.23255
2020/03/09 13:05:31 240773	INFO [input.cpp->run:173]	
frame_id 30
2020/03/09 13:05:31 297475	INFO [input.cpp->run:196]	Not enough points
2020/03/09 13:05:31 372722	INFO [input.cpp->run:173]	
frame_id 31
2020/03/09 13:05:31 426693	INFO [input.cpp->run:196]	Not enough points
2020/03/09 13:05:31 508844	INFO [input.cpp->run:173]	
frame_id 32
2020/03/09 13:05:31 590483	INFO [input.cpp->run:235]	rotation: 
[-0.9995803990999642, 0.02697890991844882, -0.01054344131526209;
 -0.02681765812338449, -0.9995255732527062, -0.01514733067660126;
 -0.01094709769452259, -0.01485822443837956, 0.9998296826052947]
2020/03/09 13:05:31 590568	INFO [input.cpp->run:256]	frame times (ms): 217.148
2020/03/09 13:05:31 590573	INFO [input.cpp->run:257]	FPS: 4.60515
2020/03/09 13:05:31 641878	INFO [input.cpp->run:173]	
frame_id 33
2020/03/09 13:05:31 695760	INFO [input.cpp->run:196]	Not enough points
2020/03/09 13:05:31 773465	INFO [input.cpp->run:173]	
frame_id 34
2020/03/09 13:05:31 826869	INFO [input.cpp->run:196]	Not enough points
2020/03/09 13:05:31 906156	INFO [input.cpp->run:173]	
frame_id 35
2020/03/09 13:05:31 962965	INFO [input.cpp->run:196]	Not enough points
2020/03/09 13:05:32 039883	INFO [input.cpp->run:173]	
frame_id 36
2020/03/09 13:05:32 093855	INFO [input.cpp->run:196]	Not enough points
2020/03/09 13:05:32 172594	INFO [input.cpp->run:173]	
frame_id 37
2020/03/09 13:05:32 225511	INFO [input.cpp->run:196]	Not enough points
2020/03/09 13:05:32 305724	INFO [input.cpp->run:173]	
frame_id 38
2020/03/09 13:05:32 361543	INFO [input.cpp->run:196]	Not enough points
2020/03/09 13:05:32 442203	INFO [input.cpp->run:173]	
frame_id 39
2020/03/09 13:05:32 500514	INFO [input.cpp->run:196]	Not enough points
2020/03/09 13:05:32 574818	INFO [input.cpp->run:173]	
frame_id 40
2020/03/09 13:05:32 630482	INFO [input.cpp->run:196]	Not enough points
2020/03/09 13:05:32 707539	INFO [input.cpp->run:173]	
frame_id 41
2020/03/09 13:05:32 785111	INFO [input.cpp->run:235]	rotation: 
[-0.9962384480539256, 0.08137456920147396, 0.02978479656436088;
 -0.07337923544097186, -0.9750456872581337, 0.2095265987062558;
 0.04609167414191262, 0.2065528679214802, 0.9773492059280595]
2020/03/09 13:05:32 785195	INFO [input.cpp->run:256]	frame times (ms): 244.799
2020/03/09 13:05:32 785203	INFO [input.cpp->run:257]	FPS: 4.08498
2020/03/09 13:05:32 841550	INFO [input.cpp->run:173]	
frame_id 42
2020/03/09 13:05:32 928354	INFO [input.cpp->run:235]	rotation: 
[0.1824941256945073, 0.9153806610300352, 0.3588511383557437;
 0.6770311416192012, -0.3816596858486014, 0.6292572744718554;
 0.7129689525952715, 0.1281176397306892, -0.6893918646350846]
2020/03/09 13:05:32 928438	INFO [input.cpp->run:256]	frame times (ms): 270.506
2020/03/09 13:05:32 928443	INFO [input.cpp->run:257]	FPS: 3.69678
2020/03/09 13:05:32 972513	INFO [input.cpp->run:173]	
frame_id 43
2020/03/09 13:05:33 027982	INFO [input.cpp->run:196]	Not enough points
2020/03/09 13:05:33 106740	INFO [input.cpp->run:173]	
frame_id 44
2020/03/09 13:05:33 190726	INFO [input.cpp->run:235]	rotation: 
[-0.9997148478374092, 0.01923503746124776, 0.01415048929508453;
 -0.01939188852788473, -0.9997510930891405, -0.01103206809219636;
 0.01393476489747851, -0.01130332698514733, 0.9998390156051717]
2020/03/09 13:05:33 190814	INFO [input.cpp->run:256]	frame times (ms): 267.577
2020/03/09 13:05:33 190816	INFO [input.cpp->run:257]	FPS: 3.73724
2020/03/09 13:05:33 240067	INFO [input.cpp->run:173]	
frame_id 45
2020/03/09 13:05:33 315134	INFO [input.cpp->run:235]	rotation: 
[-0.10580005360455, -0.0865035978040234, 0.990617724565957;
 -0.2453123073150527, -0.963148343400051, -0.1103047618441865;
 0.9636535791128674, -0.2546809693964143, 0.08068074919250079]
2020/03/09 13:05:33 315241	INFO [input.cpp->run:256]	frame times (ms): 253.477
2020/03/09 13:05:33 315247	INFO [input.cpp->run:257]	FPS: 3.94513
2020/03/09 13:05:33 375655	INFO [input.cpp->run:173]	
frame_id 46
2020/03/09 13:05:33 431816	INFO [input.cpp->run:196]	Not enough points
2020/03/09 13:05:33 506893	INFO [input.cpp->run:173]	
frame_id 47
2020/03/09 13:05:33 563670	INFO [input.cpp->run:196]	Not enough points
2020/03/09 13:05:33 639851	INFO [input.cpp->run:173]	
frame_id 48
2020/03/09 13:05:33 721019	INFO [input.cpp->run:235]	rotation: 
[-0.999995979402425, 0.00111563678734757, -0.002607016214653656;
 -0.001120183794469371, -0.9999978529860497, 0.001743333461354712;
 -0.002605065690411373, 0.001746246789427999, 0.9999950821153567]
2020/03/09 13:05:33 721102	INFO [input.cpp->run:256]	frame times (ms): 268.343
2020/03/09 13:05:33 721107	INFO [input.cpp->run:257]	FPS: 3.72657
2020/03/09 13:05:33 775435	INFO [input.cpp->run:173]	
frame_id 49
2020/03/09 13:05:33 830638	INFO [input.cpp->run:196]	Not enough points
2020/03/09 13:05:33 907238	INFO [input.cpp->run:173]	
frame_id 50
2020/03/09 13:05:33 966847	INFO [input.cpp->run:196]	Not enough points
2020/03/09 13:05:34 040168	INFO [input.cpp->run:173]	
frame_id 51
2020/03/09 13:05:34 097883	INFO [input.cpp->run:196]	Not enough points
2020/03/09 13:05:34 175409	INFO [input.cpp->run:173]	
frame_id 52
2020/03/09 13:05:34 232158	INFO [input.cpp->run:196]	Not enough points
2020/03/09 13:05:34 306651	INFO [input.cpp->run:173]	
frame_id 53
2020/03/09 13:05:34 390209	INFO [input.cpp->run:235]	rotation: 
[-0.9999623242156852, -0.008562591630163872, -0.001425543313942134;
 0.008542026823548177, -0.9998675148186226, 0.01385592249463463;
 -0.001543997056558383, 0.01384322343266142, 0.9999029859131751]
2020/03/09 13:05:34 390293	INFO [input.cpp->run:256]	frame times (ms): 270.542
2020/03/09 13:05:34 390296	INFO [input.cpp->run:257]	FPS: 3.69628
2020/03/09 13:05:34 442445	INFO [input.cpp->run:173]	
frame_id 54
2020/03/09 13:05:34 499068	INFO [input.cpp->run:196]	Not enough points
2020/03/09 13:05:34 573501	INFO [input.cpp->run:173]	
frame_id 55
2020/03/09 13:05:34 631793	INFO [input.cpp->run:196]	Not enough points
2020/03/09 13:05:34 708512	INFO [input.cpp->run:173]	
frame_id 56
2020/03/09 13:05:34 788961	INFO [input.cpp->run:235]	rotation: 
[-0.9999110392289813, 0.001309100292762089, -0.01327403045205789;
 -0.00139389913416079, -0.9999786691497745, 0.00638108851604655;
 -0.01326539382085793, 0.006399023509046171, 0.9998915350301288]
2020/03/09 13:05:34 789043	INFO [input.cpp->run:256]	frame times (ms): 265.925
2020/03/09 13:05:34 789048	INFO [input.cpp->run:257]	FPS: 3.76046
2020/03/09 13:05:34 839593	INFO [input.cpp->run:173]	
frame_id 57
2020/03/09 13:05:34 919075	INFO [input.cpp->run:235]	rotation: 
[-0.9999719329638778, -0.007289769302584244, -0.001729898263190555;
 0.007263771241213775, -0.9998672199499892, 0.01458698381555374;
 -0.001836004314048572, 0.01457400881689769, 0.9998921078572239]
2020/03/09 13:05:34 919169	INFO [input.cpp->run:256]	frame times (ms): 275
2020/03/09 13:05:34 919174	INFO [input.cpp->run:257]	FPS: 3.63636
2020/03/09 13:05:34 973057	INFO [input.cpp->run:173]	
frame_id 58
2020/03/09 13:05:35 058303	INFO [input.cpp->run:235]	rotation: 
[-0.9999954389331541, 0.002494885038047882, -0.001702251901285896;
 -0.00251093366433724, -0.9999517993428301, 0.009491796624965557;
 -0.001678488910241766, 0.009496027573850782, 0.9999535029866607]
2020/03/09 13:05:35 058385	INFO [input.cpp->run:256]	frame times (ms): 266.445
2020/03/09 13:05:35 058388	INFO [input.cpp->run:257]	FPS: 3.75312
2020/03/09 13:05:35 108349	INFO [input.cpp->run:173]	
frame_id 59
2020/03/09 13:05:35 160717	INFO [input.cpp->run:196]	Not enough points
2020/03/09 13:05:35 240769	INFO [input.cpp->run:173]	
frame_id 60
2020/03/09 13:05:35 322159	INFO [input.cpp->run:235]	rotation: 
[-0.9999993878073563, 0.0008473927005866571, 0.0007115550039520019;
 -0.0008458890824482823, -0.9999974145097194, 0.002110792632354853;
 0.0007133418345025646, 0.002110189443533726, 0.999997519118892]
2020/03/09 13:05:35 322236	INFO [input.cpp->run:256]	frame times (ms): 240.445
2020/03/09 13:05:35 322238	INFO [input.cpp->run:257]	FPS: 4.15896
2020/03/09 13:05:35 375525	INFO [input.cpp->run:173]	
frame_id 61
2020/03/09 13:05:35 459718	INFO [input.cpp->run:235]	rotation: 
[-0.9999684152357592, 0.007039633575270178, -0.003689456600945587;
 -0.007036140896096722, -0.9999747864022364, -0.0009587914747522684;
 -0.003696113117128233, -0.000932801655075295, 0.9999927342880537]
2020/03/09 13:05:35 459792	INFO [input.cpp->run:256]	frame times (ms): 277.543
2020/03/09 13:05:35 459797	INFO [input.cpp->run:257]	FPS: 3.60305
2020/03/09 13:05:35 506958	INFO [input.cpp->run:173]	
frame_id 62
2020/03/09 13:05:35 569740	INFO [input.cpp->run:235]	rotation: 
[0.999977733078668, -0.006621147549309201, 0.0008329177501994943;
 0.006625740064063283, 0.9999621586404644, -0.005637451171062844;
 -0.0007955598354538123, 0.005642844338888672, 0.9999837625643305]
2020/03/09 13:05:35 569833	INFO [input.cpp->run:256]	frame times (ms): 239.384
2020/03/09 13:05:35 569840	INFO [input.cpp->run:257]	FPS: 4.17739
2020/03/09 13:05:35 639659	INFO [input.cpp->run:173]	
frame_id 63
2020/03/09 13:05:35 698078	INFO [input.cpp->run:196]	Not enough points
2020/03/09 13:05:35 776583	INFO [input.cpp->run:173]	
frame_id 64
2020/03/09 13:05:35 834999	INFO [input.cpp->run:196]	Not enough points
2020/03/09 13:05:35 907048	INFO [input.cpp->run:173]	
frame_id 65
2020/03/09 13:05:35 991989	INFO [input.cpp->run:235]	rotation: 
[-0.9999400944448663, 0.0106041961993136, -0.002712663738533231;
 -0.01058834641533806, -0.9999271671699081, -0.005792001014450762;
 -0.002773885682699925, -0.00576293141804274, 0.9999795468806798]
2020/03/09 13:05:35 992061	INFO [input.cpp->run:256]	frame times (ms): 247.999
2020/03/09 13:05:35 992065	INFO [input.cpp->run:257]	FPS: 4.03227
2020/03/09 13:05:36 040027	INFO [input.cpp->run:173]	
frame_id 66
2020/03/09 13:05:36 111552	INFO [input.cpp->run:235]	rotation: 
[0.9999948580070949, 0.001338317746129243, -0.002914252044789836;
 -0.00132510173046203, 0.9999888516713483, 0.004532178110142858;
 0.002920285050143689, -0.004528293125287618, 0.9999854831429291]
2020/03/09 13:05:36 111627	INFO [input.cpp->run:256]	frame times (ms): 239.211
2020/03/09 13:05:36 111631	INFO [input.cpp->run:257]	FPS: 4.18041
2020/03/09 13:05:36 174166	INFO [input.cpp->run:173]	
frame_id 67
2020/03/09 13:05:36 254238	INFO [input.cpp->run:235]	rotation: 
[-0.9999165614043254, 0.01264965388260393, -0.002618489259137942;
 -0.01263625384735607, -0.9999072942728238, -0.005072272538604155;
 -0.00268240900219865, -0.005038761420331613, 0.9999837076499262]
2020/03/09 13:05:36 254317	INFO [input.cpp->run:256]	frame times (ms): 244.242
2020/03/09 13:05:36 254322	INFO [input.cpp->run:257]	FPS: 4.0943
2020/03/09 13:05:36 309427	INFO [input.cpp->run:173]	
frame_id 68
2020/03/09 13:05:36 395390	INFO [input.cpp->run:235]	rotation: 
[-0.9999533470699968, 0.00403447847659374, -0.008776483745344017;
 -0.004320370495641002, -0.999452482414011, 0.03280350278936066;
 -0.008639333440189734, 0.03283989007127003, 0.9994232854690828]
2020/03/09 13:05:36 395482	INFO [input.cpp->run:256]	frame times (ms): 232.328
2020/03/09 13:05:36 395489	INFO [input.cpp->run:257]	FPS: 4.30426
2020/03/09 13:05:36 440852	INFO [input.cpp->run:173]	
frame_id 69
2020/03/09 13:05:36 518689	INFO [input.cpp->run:235]	rotation: 
[-0.9998232509957427, 0.0176663827869839, -0.006431616245385553;
 -0.01760491664955085, -0.9997999716339883, -0.009491239668173156;
 -0.006598005612798127, -0.00937633403309073, 0.9999342731810087]
2020/03/09 13:05:36 518765	INFO [input.cpp->run:256]	frame times (ms): 232.659
2020/03/09 13:05:36 518767	INFO [input.cpp->run:257]	FPS: 4.29814
2020/03/09 13:05:36 574655	INFO [input.cpp->run:173]	
frame_id 70
2020/03/09 13:05:36 649459	INFO [input.cpp->run:235]	rotation: 
[-0.9999396814555319, 0.005862768619685617, 0.009287701261416297;
 -0.005919020802474233, -0.9999642365305628, -0.006040765894199896;
 0.009251953488272711, -0.006095375620967175, 0.9999386219927153]
2020/03/09 13:05:36 649533	INFO [input.cpp->run:256]	frame times (ms): 222.567
2020/03/09 13:05:36 649539	INFO [input.cpp->run:257]	FPS: 4.49303
2020/03/09 13:05:36 707800	INFO [input.cpp->run:173]	
frame_id 71
2020/03/09 13:05:36 791066	INFO [input.cpp->run:235]	rotation: 
[-0.9999537559683002, 0.009613077661725781, 0.0002732448696110729;
 -0.00961395750579975, -0.99994791854895, -0.003425202285853648;
 0.0002403039030407398, -0.003427670855255682, 0.9999940966458465]
2020/03/09 13:05:36 791140	INFO [input.cpp->run:256]	frame times (ms): 213.055
2020/03/09 13:05:36 791149	INFO [input.cpp->run:257]	FPS: 4.69362
2020/03/09 13:05:36 841920	INFO [input.cpp->run:173]	
frame_id 72
2020/03/09 13:05:36 913307	INFO [input.cpp->run:235]	rotation: 
[-0.999733206930919, 0.01846477836789678, -0.01387684832534813;
 -0.01833277969677036, -0.9997860442804949, -0.009579919130662064;
 -0.01405077037781027, -0.009322962071401542, 0.9998578190072851]
2020/03/09 13:05:36 913390	INFO [input.cpp->run:256]	frame times (ms): 201.382
2020/03/09 13:05:36 913394	INFO [input.cpp->run:257]	FPS: 4.96569
2020/03/09 13:05:36 973292	INFO [input.cpp->run:173]	
frame_id 73
2020/03/09 13:05:37 045374	INFO [input.cpp->run:235]	rotation: 
[-0.9997929415245226, 0.0180932473664082, -0.009311738692671559;
 -0.01801276378776068, -0.9998002894295011, -0.008655726278730158;
 -0.009466489236721894, -0.008486203887718291, 0.9999191816967548]
2020/03/09 13:05:37 045454	INFO [input.cpp->run:256]	frame times (ms): 206.149
2020/03/09 13:05:37 045457	INFO [input.cpp->run:257]	FPS: 4.85086
2020/03/09 13:05:37 108178	INFO [input.cpp->run:173]	
frame_id 74
2020/03/09 13:05:37 181913	INFO [input.cpp->run:235]	rotation: 
[-0.9999942867365119, -0.003254115880158952, -0.0009149995482248429;
 0.003241842147886672, -0.9999088070659767, 0.0131098440640395;
 -0.0009575770584866089, 0.01310680287994534, 0.999913643653512]
2020/03/09 13:05:37 181992	INFO [input.cpp->run:256]	frame times (ms): 210.97
2020/03/09 13:05:37 181995	INFO [input.cpp->run:257]	FPS: 4.74001
2020/03/09 13:05:37 243334	INFO [input.cpp->run:173]	
frame_id 75
2020/03/09 13:05:37 313243	INFO [input.cpp->run:235]	rotation: 
[-0.9999255371967282, 0.008347612213835199, -0.008901540999290792;
 -0.008335808531753438, -0.9999643285736587, -0.001362305528821158;
 -0.008912595466898075, -0.001288002546324928, 0.9999594525236932]
2020/03/09 13:05:37 313315	INFO [input.cpp->run:256]	frame times (ms): 200.63
2020/03/09 13:05:37 313324	INFO [input.cpp->run:257]	FPS: 4.9843
2020/03/09 13:05:37 376059	INFO [input.cpp->run:173]	
frame_id 76
2020/03/09 13:05:37 452863	INFO [input.cpp->run:235]	rotation: 
[-0.9998277539739253, 0.01850919653675952, -0.001368220384064529;
 -0.01849818716493336, -0.9997995258485296, -0.007663235913531128;
 -0.001509786430875111, -0.007636606354850847, 0.9999697009351405]
2020/03/09 13:05:37 452939	INFO [input.cpp->run:256]	frame times (ms): 202.642
2020/03/09 13:05:37 452947	INFO [input.cpp->run:257]	FPS: 4.93481
2020/03/09 13:05:37 507323	INFO [input.cpp->run:173]	
frame_id 77
2020/03/09 13:05:37 582094	INFO [input.cpp->run:235]	rotation: 
[-0.9999720440052018, 0.004920060914756823, -0.005630649043756761;
 -0.005096197397502718, -0.999484210268512, 0.03170713162704429;
 -0.005471743793761107, 0.03173494012164051, 0.9994813422947578]
2020/03/09 13:05:37 582172	INFO [input.cpp->run:256]	frame times (ms): 199.606
2020/03/09 13:05:37 582178	INFO [input.cpp->run:257]	FPS: 5.00987
2020/03/09 13:05:37 640778	INFO [input.cpp->run:173]	
frame_id 78
2020/03/09 13:05:37 711799	INFO [input.cpp->run:235]	rotation: 
[-0.9997723447786859, 0.02126063703747533, -0.00180109091636911;
 -0.02125393790484784, -0.9997674088434432, -0.003660374025214951;
 -0.001878493882121306, -0.003621260447458654, 0.9999916788321321]
2020/03/09 13:05:37 711879	INFO [input.cpp->run:256]	frame times (ms): 197.658
2020/03/09 13:05:37 711883	INFO [input.cpp->run:257]	FPS: 5.05924
2020/03/09 13:05:37 775806	INFO [input.cpp->run:173]	
frame_id 79
2020/03/09 13:05:37 827361	INFO [input.cpp->run:196]	Not enough points
2020/03/09 13:05:37 907200	INFO [input.cpp->run:173]	
frame_id 80
2020/03/09 13:05:37 983039	INFO [input.cpp->run:235]	rotation: 
[0.8473159665940106, 0.4585374067233966, 0.2679535396113285;
 0.03586689755004241, -0.5527899739867442, 0.8325483831705335;
 0.5298766067821755, -0.6958208758690106, -0.4848340853218663]
2020/03/09 13:05:37 983123	INFO [input.cpp->run:256]	frame times (ms): 203.163
2020/03/09 13:05:37 983127	INFO [input.cpp->run:257]	FPS: 4.92216
2020/03/09 13:05:38 042542	INFO [input.cpp->run:173]	
frame_id 81
2020/03/09 13:05:38 114535	INFO [input.cpp->run:235]	rotation: 
[-0.6676084978389609, 0.5023554466392736, 0.5494887613455459;
 -0.04559983526184297, -0.7642561439506054, 0.643298687592198;
 0.7431147614179785, 0.4044150734896112, 0.5331312218367005]
2020/03/09 13:05:38 114614	INFO [input.cpp->run:256]	frame times (ms): 193.91
2020/03/09 13:05:38 114619	INFO [input.cpp->run:257]	FPS: 5.15703
2020/03/09 13:05:38 175455	INFO [input.cpp->run:173]	
frame_id 82
2020/03/09 13:05:38 247730	INFO [input.cpp->run:235]	rotation: 
[-0.9998252224510115, 0.01185376917933781, -0.01445727176988809;
 -0.01183322186524047, -0.9999288509373251, -0.001505962631943903;
 -0.0144740944819846, -0.00133462331906706, 0.9998943541042342]
2020/03/09 13:05:38 247808	INFO [input.cpp->run:256]	frame times (ms): 200.316
2020/03/09 13:05:38 247813	INFO [input.cpp->run:257]	FPS: 4.99211
2020/03/09 13:05:38 310160	INFO [input.cpp->run:173]	
frame_id 83
2020/03/09 13:05:38 358622	INFO [input.cpp->run:196]	Not enough points
2020/03/09 13:05:38 441678	INFO [input.cpp->run:173]	
frame_id 84
2020/03/09 13:05:38 520563	INFO [input.cpp->run:235]	rotation: 
[-0.999612409019876, 0.02625352669120248, -0.009261968999865349;
 -0.02609556827046252, -0.9995185780287188, -0.01678193946150141;
 -0.009698095180074161, -0.01653373858878225, 0.9998162743415191]
2020/03/09 13:05:38 520643	INFO [input.cpp->run:256]	frame times (ms): 206.135
2020/03/09 13:05:38 520647	INFO [input.cpp->run:257]	FPS: 4.85119
2020/03/09 13:05:38 575755	INFO [input.cpp->run:173]	
frame_id 85
2020/03/09 13:05:38 646866	INFO [input.cpp->run:235]	rotation: 
[-0.9998430855853739, 0.0174435133775127, -0.003086753661567254;
 -0.01743557390610932, -0.9998446585779865, -0.002580595984296402;
 -0.003131288821438091, -0.00252637172999193, 0.9999919062053444]
2020/03/09 13:05:38 646950	INFO [input.cpp->run:256]	frame times (ms): 188.457
2020/03/09 13:05:38 646958	INFO [input.cpp->run:257]	FPS: 5.30625
2020/03/09 13:05:38 708464	INFO [input.cpp->run:173]	
frame_id 86
2020/03/09 13:05:38 780791	INFO [input.cpp->run:235]	rotation: 
[-0.9999192690665898, 0.008139314922996453, -0.009757402416687945;
 -0.008122400168212864, -0.9999654428829347, -0.001771907289844426;
 -0.009771487340436773, -0.001692510715084374, 0.999950825512252]
2020/03/09 13:05:38 780866	INFO [input.cpp->run:256]	frame times (ms): 199.962
2020/03/09 13:05:38 780869	INFO [input.cpp->run:257]	FPS: 5.00095
2020/03/09 13:05:38 843382	INFO [input.cpp->run:173]	
frame_id 87
2020/03/09 13:05:38 917031	INFO [input.cpp->run:235]	rotation: 
[-0.999978473055729, 0.005833940888560213, -0.003003091547321163;
 -0.005892794278158565, -0.9997830784632079, 0.01997676135479136;
 -0.002885896867198864, 0.0199940279168498, 0.9997959344020819]
2020/03/09 13:05:38 917109	INFO [input.cpp->run:256]	frame times (ms): 202.621
2020/03/09 13:05:38 917114	INFO [input.cpp->run:257]	FPS: 4.93532
2020/03/09 13:05:38 975053	INFO [input.cpp->run:173]	
frame_id 88
2020/03/09 13:05:39 033885	INFO [input.cpp->run:235]	rotation: 
[0.9999977110160853, -0.0009665063440105939, -0.001908881367962438;
 0.000960501433045912, 0.9999945957375708, -0.003144190301095637;
 0.001911909931739364, 0.003142349620805171, 0.9999932350967549]
2020/03/09 13:05:39 033966	INFO [input.cpp->run:256]	frame times (ms): 190.279
2020/03/09 13:05:39 033970	INFO [input.cpp->run:257]	FPS: 5.25544
2020/03/09 13:05:39 107700	INFO [input.cpp->run:173]	
frame_id 89
2020/03/09 13:05:39 182352	INFO [input.cpp->run:235]	rotation: 
[-0.9996439591122209, 0.01625774714868544, 0.02115752036732302;
 -0.01635532104269843, -0.9998563538091514, -0.004446933894202068;
 0.0210821840432756, -0.004791388641985481, 0.9997662647393375]
2020/03/09 13:05:39 182432	INFO [input.cpp->run:256]	frame times (ms): 208.066
2020/03/09 13:05:39 182439	INFO [input.cpp->run:257]	FPS: 4.80617
2020/03/09 13:05:39 242422	INFO [input.cpp->run:173]	
frame_id 90
2020/03/09 13:05:39 319990	INFO [input.cpp->run:235]	rotation: 
[-0.9999319115953151, 0.006307336642322483, -0.009817824495242872;
 -0.006251797487029161, -0.9999643403296343, -0.005677419951037419;
 -0.009853283793748694, -0.005615654334062774, 0.99993568654433]
2020/03/09 13:05:39 320073	INFO [input.cpp->run:256]	frame times (ms): 211.972
2020/03/09 13:05:39 320081	INFO [input.cpp->run:257]	FPS: 4.7176
2020/03/09 13:05:39 374854	INFO [input.cpp->run:173]	
frame_id 91
2020/03/09 13:05:39 429622	INFO [input.cpp->run:196]	Not enough points
2020/03/09 13:05:39 508303	INFO [input.cpp->run:173]	
frame_id 92
2020/03/09 13:05:39 585167	INFO [input.cpp->run:235]	rotation: 
[-0.9681544944305991, 0.2393269889350998, 0.07348106750102279;
 -0.2176504505366317, -0.9496555798357619, 0.2253498636964401;
 0.1237140101000387, 0.2021802959095211, 0.9715029447463892]
2020/03/09 13:05:39 585252	INFO [input.cpp->run:256]	frame times (ms): 203.424
2020/03/09 13:05:39 585256	INFO [input.cpp->run:257]	FPS: 4.91584
2020/03/09 13:05:39 640849	INFO [input.cpp->run:173]	
frame_id 93
2020/03/09 13:05:39 718611	INFO [input.cpp->run:235]	rotation: 
[-0.9998453843388909, 0.01723746974032014, -0.003475205485594975;
 -0.01721987512616127, -0.9998390705327072, -0.005030798836329221;
 -0.003561364465338308, -0.004970178391541539, 0.999981306830233]
2020/03/09 13:05:39 718694	INFO [input.cpp->run:256]	frame times (ms): 208.159
2020/03/09 13:05:39 718698	INFO [input.cpp->run:257]	FPS: 4.80402
2020/03/09 13:05:39 774791	INFO [input.cpp->run:173]	
frame_id 94
2020/03/09 13:05:39 845021	INFO [input.cpp->run:235]	rotation: 
[0.688282690846435, -0.2134477230316273, 0.6933303736414582;
 -0.2102649804073873, -0.9734059082765206, -0.09093720771303127;
 0.6943022220153636, -0.0831925914067814, -0.7148590191356285]
2020/03/09 13:05:39 845096	INFO [input.cpp->run:256]	frame times (ms): 193.037
2020/03/09 13:05:39 845103	INFO [input.cpp->run:257]	FPS: 5.18035
2020/03/09 13:05:39 908811	INFO [input.cpp->run:173]	
frame_id 95
2020/03/09 13:05:39 985159	INFO [input.cpp->run:235]	rotation: 
[-0.9989230953516299, 0.006864373625793525, 0.04588605395808106;
 -0.004623401364911343, -0.9987994969244219, 0.04876668025753318;
 0.04616572032295557, 0.04850201354837807, 0.9977556218577854]
2020/03/09 13:05:39 985242	INFO [input.cpp->run:256]	frame times (ms): 201.335
2020/03/09 13:05:39 985246	INFO [input.cpp->run:257]	FPS: 4.96685
2020/03/09 13:05:40 042821	INFO [input.cpp->run:173]	
frame_id 96
2020/03/09 13:05:40 118935	INFO [input.cpp->run:235]	rotation: 
[-0.9999778213536346, 0.006564573264972871, -0.001123912223999116;
 -0.006578462575622236, -0.9998959781272322, 0.01283576079267619;
 -0.00103953402040956, 0.0128428697273806, 0.9999169865874801]
2020/03/09 13:05:40 119020	INFO [input.cpp->run:256]	frame times (ms): 206.892
2020/03/09 13:05:40 119024	INFO [input.cpp->run:257]	FPS: 4.83344
2020/03/09 13:05:40 174852	INFO [input.cpp->run:173]	
frame_id 97
2020/03/09 13:05:40 252350	INFO [input.cpp->run:235]	rotation: 
[-0.99980513303436, 0.01860332433845294, -0.006603959547416837;
 -0.01851845652297528, -0.9997480135243763, -0.01268764052415656;
 -0.006838327730685906, -0.01256287298438816, 0.9998977005155211]
2020/03/09 13:05:40 252432	INFO [input.cpp->run:256]	frame times (ms): 215.68
2020/03/09 13:05:40 252436	INFO [input.cpp->run:257]	FPS: 4.6365
2020/03/09 13:05:40 309840	INFO [input.cpp->run:173]	
frame_id 98
2020/03/09 13:05:40 388571	INFO [input.cpp->run:235]	rotation: 
[-0.9998720063411093, 0.01599895718370884, -6.560822001818237e-05;
 -0.01599850982259967, -0.9998622084357534, -0.004428524069519871;
 -0.0001364509467341911, -0.004426907612768324, 0.999990191886964]
2020/03/09 13:05:40 388664	INFO [input.cpp->run:256]	frame times (ms): 224.323
2020/03/09 13:05:40 388669	INFO [input.cpp->run:257]	FPS: 4.45786
2020/03/09 13:05:40 440963	INFO [input.cpp->run:173]	
frame_id 99
2020/03/09 13:05:40 520034	INFO [input.cpp->run:235]	rotation: 
[-0.9996528852779023, 0.01603328935868596, -0.02090556356345852;
 -0.01594927787967871, -0.9998640682238068, -0.00417918772675829;
 -0.02096972795917841, -0.003844308426667036, 0.9997727200729366]
2020/03/09 13:05:40 520117	INFO [input.cpp->run:256]	frame times (ms): 228.608
2020/03/09 13:05:40 520124	INFO [input.cpp->run:257]	FPS: 4.3743
2020/03/09 13:05:40 579908	INFO [input.cpp->run:173]	
frame_id 100
2020/03/09 13:05:40 657402	INFO [input.cpp->run:235]	rotation: 
[-0.999739772291844, 0.02178128226972839, -0.006779634248125451;
 -0.02163522759457787, -0.9995470656391345, -0.02091842487202595;
 -0.00723219363559608, -0.02076630238829708, 0.9997581987962557]
2020/03/09 13:05:40 657480	INFO [input.cpp->run:256]	frame times (ms): 227.821
2020/03/09 13:05:40 657485	INFO [input.cpp->run:257]	FPS: 4.38941
2020/03/09 13:05:40 708958	INFO [input.cpp->run:173]	
frame_id 101
2020/03/09 13:05:40 785581	INFO [input.cpp->run:235]	rotation: 
[-0.9999301449207862, 0.0101584961195445, 0.006042370005604578;
 -0.01016336775390727, -0.9999480504736022, -0.0007760862974652327;
 0.006034172237703235, -0.0008374429123675847, 0.999981443555216]
2020/03/09 13:05:40 785664	INFO [input.cpp->run:256]	frame times (ms): 227.77
2020/03/09 13:05:40 785669	INFO [input.cpp->run:257]	FPS: 4.39039
2020/03/09 13:05:40 842579	INFO [input.cpp->run:173]	
frame_id 102
2020/03/09 13:05:40 920686	INFO [input.cpp->run:235]	rotation: 
[-0.9997588427566935, 0.01196041166937307, -0.01841751564397549;
 -0.01188030288074276, -0.9999195118558269, -0.004452888216261599;
 -0.01846929162850521, -0.004233008705853367, 0.9998204673360294]
2020/03/09 13:05:40 920765	INFO [input.cpp->run:256]	frame times (ms): 246.35
2020/03/09 13:05:40 920769	INFO [input.cpp->run:257]	FPS: 4.05927
2020/03/09 13:05:40 975355	INFO [input.cpp->run:173]	
frame_id 103
2020/03/09 13:05:41 057677	INFO [input.cpp->run:235]	rotation: 
[0.8529301406037086, 0.07633771004600669, 0.5164133318134503;
 0.067383368159687, -0.9970739587382755, 0.03609712594431447;
 0.5176578570302908, 0.004009342953082404, -0.8555783238394317]
2020/03/09 13:05:41 057761	INFO [input.cpp->run:256]	frame times (ms): 252.661
2020/03/09 13:05:41 057766	INFO [input.cpp->run:257]	FPS: 3.95787
2020/03/09 13:05:41 108563	INFO [input.cpp->run:173]	
frame_id 104
2020/03/09 13:05:41 187965	INFO [input.cpp->run:235]	rotation: 
[-0.9997577576071757, 0.02117449740141222, -0.006005561095309324;
 -0.02103215956826697, -0.9995176745511446, -0.02284877510430885;
 -0.006486475789430041, -0.02271693024310095, 0.9997208944061158]
2020/03/09 13:05:41 188048	INFO [input.cpp->run:256]	frame times (ms): 243.191
2020/03/09 13:05:41 188052	INFO [input.cpp->run:257]	FPS: 4.11199
2020/03/09 13:05:41 241922	INFO [input.cpp->run:173]	
frame_id 105
2020/03/09 13:05:41 322110	INFO [input.cpp->run:235]	rotation: 
[-0.9999253470829168, 0.01014097456603328, -0.006816222998075741;
 -0.01010570667991415, -0.9999354734972004, -0.005188789302849474;
 -0.006868402551392074, -0.005119519194308447, 0.9999633071116214]
2020/03/09 13:05:41 322221	INFO [input.cpp->run:256]	frame times (ms): 259.285
2020/03/09 13:05:41 322227	INFO [input.cpp->run:257]	FPS: 3.85676
2020/03/09 13:05:41 377154	INFO [input.cpp->run:173]	
frame_id 106
2020/03/09 13:05:41 461088	INFO [input.cpp->run:235]	rotation: 
[-0.9998690459028446, 0.01616668627881305, -0.0007275301351845114;
 -0.01616207688517731, -0.9998516867388536, -0.005949100455271037;
 -0.0008235994735190905, -0.005936562998210895, 0.9999820392905445]
2020/03/09 13:05:41 461160	INFO [input.cpp->run:256]	frame times (ms): 264.613
2020/03/09 13:05:41 461164	INFO [input.cpp->run:257]	FPS: 3.7791
2020/03/09 13:05:41 507595	INFO [input.cpp->run:173]	
frame_id 107
2020/03/09 13:05:41 588488	INFO [input.cpp->run:235]	rotation: 
[-0.98761837751806, 0.02210344908850544, 0.1553105853668272;
 -0.005677171442799181, -0.9944114435972246, 0.1054213003490899;
 0.1567727977456667, 0.1032342887866033, 0.9822245015808352]
2020/03/09 13:05:41 588569	INFO [input.cpp->run:256]	frame times (ms): 268.831
2020/03/09 13:05:41 588571	INFO [input.cpp->run:257]	FPS: 3.71981
2020/03/09 13:05:41 642010	INFO [input.cpp->run:173]	
frame_id 108
2020/03/09 13:05:41 724277	INFO [input.cpp->run:235]	rotation: 
[-0.9992517174162373, 0.008059119734882153, -0.0378292985634038;
 -0.01098259352074604, -0.9969146757710016, 0.07772073000144085;
 -0.03708622224301606, 0.07807803674208026, 0.9962572119178076]
2020/03/09 13:05:41 724364	INFO [input.cpp->run:256]	frame times (ms): 266.098
2020/03/09 13:05:41 724369	INFO [input.cpp->run:257]	FPS: 3.75801
2020/03/09 13:05:41 776940	INFO [input.cpp->run:173]	
frame_id 109
2020/03/09 13:05:41 859456	INFO [input.cpp->run:235]	rotation: 
[-0.9999773167540319, 0.005882056249207006, -0.003281370397826889;
 -0.005878041190176705, -0.9999819653677693, -0.001231897309090702;
 -0.003288557308783869, -0.001212581335302379, 0.9999938574998011]
2020/03/09 13:05:41 859542	INFO [input.cpp->run:256]	frame times (ms): 284.673
2020/03/09 13:05:41 859547	INFO [input.cpp->run:257]	FPS: 3.5128
2020/03/09 13:05:41 909829	INFO [input.cpp->run:173]	
frame_id 110
2020/03/09 13:05:41 992098	INFO [input.cpp->run:235]	rotation: 
[-0.9998610162889422, -0.009054391477695716, 0.01399878925523138;
 0.008436227078913764, -0.9990132753754672, -0.04360396422636317;
 0.01437978366724453, -0.04347980702061117, 0.9989508137056269]
2020/03/09 13:05:41 992178	INFO [input.cpp->run:256]	frame times (ms): 292.241
2020/03/09 13:05:41 992182	INFO [input.cpp->run:257]	FPS: 3.42183
2020/03/09 13:05:42 042377	INFO [input.cpp->run:173]	
frame_id 111
2020/03/09 13:05:42 124285	INFO [input.cpp->run:235]	rotation: 
[0.9999140704639237, -0.01298121397494228, -0.001827504310335468;
 0.0129977066344003, 0.9998720693775025, 0.009322258363552072;
 0.001706256286024465, -0.009345210671114551, 0.9999548768454499]
2020/03/09 13:05:42 124360	INFO [input.cpp->run:256]	frame times (ms): 293.815
2020/03/09 13:05:42 124365	INFO [input.cpp->run:257]	FPS: 3.4035
2020/03/09 13:05:42 175913	INFO [input.cpp->run:173]	
frame_id 112
2020/03/09 13:05:42 260150	INFO [input.cpp->run:235]	rotation: 
[-0.9998474022041948, 0.0163939801224267, -0.006034046840102869;
 -0.01628078003629196, -0.9996989857647761, -0.0183541292980011;
 -0.006333127736983871, -0.0182530895089939, 0.9998133406873728]
2020/03/09 13:05:42 260229	INFO [input.cpp->run:256]	frame times (ms): 302.862
2020/03/09 13:05:42 260235	INFO [input.cpp->run:257]	FPS: 3.30183
2020/03/09 13:05:42 310685	INFO [input.cpp->run:173]	
frame_id 113
2020/03/09 13:05:42 395392	INFO [input.cpp->run:235]	rotation: 
[-0.9999848835886398, 0.002981538192953042, -0.004619851103501698;
 -0.002978364473162549, -0.9999953240502928, -0.0006937021082735532;
 -0.004621897800640633, -0.0006799320215891529, 0.999989087817045]
2020/03/09 13:05:42 395475	INFO [input.cpp->run:256]	frame times (ms): 295.486
2020/03/09 13:05:42 395480	INFO [input.cpp->run:257]	FPS: 3.38426
2020/03/09 13:05:42 443062	INFO [input.cpp->run:173]	
frame_id 114
2020/03/09 13:05:42 528553	INFO [input.cpp->run:235]	rotation: 
[-0.9999689207432543, 0.003770849803554955, -0.006923744603191408;
 -0.003754143716951585, -0.9999900145811295, -0.002424281952469253;
 -0.006932817069825623, -0.00239821387528818, 0.9999730919468213]
2020/03/09 13:05:42 528630	INFO [input.cpp->run:256]	frame times (ms): 310.234
2020/03/09 13:05:42 528634	INFO [input.cpp->run:257]	FPS: 3.22337
2020/03/09 13:05:42 577774	INFO [input.cpp->run:173]	
frame_id 115
2020/03/09 13:05:42 664205	INFO [input.cpp->run:235]	rotation: 
[-0.998330462322944, 0.03945946629813624, -0.04218102082125656;
 -0.04217545718257288, -0.9969564838659817, 0.06556676054998807;
 -0.03946541282563748, 0.06723629821045148, 0.9969562484850862]
2020/03/09 13:05:42 664276	INFO [input.cpp->run:256]	frame times (ms): 303.837
2020/03/09 13:05:42 664289	INFO [input.cpp->run:257]	FPS: 3.29124
2020/03/09 13:05:42 708404	INFO [input.cpp->run:173]	
frame_id 116
2020/03/09 13:05:42 797981	INFO [input.cpp->run:235]	rotation: 
[-0.999984315035727, -0.004569429916176126, 0.003238825831837757;
 0.004551255671046365, -0.9999739811656846, -0.005596701123681375;
 0.003264315294911508, -0.005581872615189521, 0.9999790932533356]
2020/03/09 13:05:42 798087	INFO [input.cpp->run:256]	frame times (ms): 309.965
2020/03/09 13:05:42 798094	INFO [input.cpp->run:257]	FPS: 3.22617
2020/03/09 13:05:42 841696	INFO [input.cpp->run:173]	
frame_id 117
2020/03/09 13:05:42 935344	INFO [input.cpp->run:235]	rotation: 
[-0.9948251264900285, 0.01209228924656293, -0.1008798505395211;
 -0.0238659419294974, -0.9929234098178261, 0.116333653993843;
 -0.09875922498641082, 0.1181392347043046, 0.9880737506398825]
2020/03/09 13:05:42 935425	INFO [input.cpp->run:256]	frame times (ms): 320.939
2020/03/09 13:05:42 935432	INFO [input.cpp->run:257]	FPS: 3.11586
2020/03/09 13:05:42 975518	INFO [input.cpp->run:173]	
frame_id 118
2020/03/09 13:05:43 066781	INFO [input.cpp->run:235]	rotation: 
[-0.9999796330164537, 0.004464004072071408, -0.004561383553610617;
 -0.004453981654890934, -0.999987649862651, -0.002205032786636995;
 -0.004571170495235827, -0.002184671558101807, 0.999987165722884]
2020/03/09 13:05:43 066878	INFO [input.cpp->run:256]	frame times (ms): 315.649
2020/03/09 13:05:43 066886	INFO [input.cpp->run:257]	FPS: 3.16808
2020/03/09 13:05:43 108485	INFO [input.cpp->run:173]	
frame_id 119
2020/03/09 13:05:43 200362	INFO [input.cpp->run:235]	rotation: 
[-0.9999922655082711, 0.001479994188967197, -0.003643973221097556;
 -0.001470016174142812, -0.9999951674093329, -0.00273938139512823;
 -0.003648009879812732, -0.00273400350783233, 0.9999896085703774]
2020/03/09 13:05:43 200455	INFO [input.cpp->run:256]	frame times (ms): 322.331
2020/03/09 13:05:43 200461	INFO [input.cpp->run:257]	FPS: 3.1024
2020/03/09 13:05:43 242507	INFO [input.cpp->run:173]	
frame_id 120
2020/03/09 13:05:43 329607	INFO [input.cpp->run:235]	rotation: 
[-0.9998011531198756, 0.01834740464929965, -0.007811975601720375;
 -0.01814641463495176, -0.9995210973276094, -0.02506558662604968;
 -0.008268122886328269, -0.02491884306396366, 0.9996552852880287]
2020/03/09 13:05:43 329694	INFO [input.cpp->run:256]	frame times (ms): 305.167
2020/03/09 13:05:43 329699	INFO [input.cpp->run:257]	FPS: 3.27689
2020/03/09 13:05:43 376164	INFO [input.cpp->run:173]	
frame_id 121
2020/03/09 13:05:43 459628	INFO [input.cpp->run:235]	rotation: 
[-0.9999307568426792, 0.01029509276216184, -0.005700226753852913;
 -0.01040512740638675, -0.9997533110336718, 0.01962270116133816;
 -0.005496803042107012, 0.01968065400917372, 0.9997912067097244]
2020/03/09 13:05:43 459707	INFO [input.cpp->run:256]	frame times (ms): 305.903
2020/03/09 13:05:43 459712	INFO [input.cpp->run:257]	FPS: 3.26901
2020/03/09 13:05:43 508967	INFO [input.cpp->run:173]	
frame_id 122
2020/03/09 13:05:43 600917	INFO [input.cpp->run:235]	rotation: 
[-0.999995554309795, 0.0004452056621086004, -0.002948415263170469;
 -0.0004449466065474, -0.9999998970935347, -8.85180064998895e-05;
 -0.002948454368477169, -8.720572561021478e-05, 0.9999956494965362]
2020/03/09 13:05:43 601006	INFO [input.cpp->run:256]	frame times (ms): 311.042
2020/03/09 13:05:43 601013	INFO [input.cpp->run:257]	FPS: 3.215
2020/03/09 13:05:43 642243	INFO [input.cpp->run:173]	
frame_id 123
2020/03/09 13:05:43 724956	INFO [input.cpp->run:235]	rotation: 
[0.9998461980187203, -0.01745570043839273, -0.001696711441259947;
 0.01747595723748445, 0.9997658071531279, 0.01276408109063303;
 0.001473508107687755, -0.01279176960626388, 0.9999170962655838]
2020/03/09 13:05:43 725035	INFO [input.cpp->run:256]	frame times (ms): 299.553
2020/03/09 13:05:43 725040	INFO [input.cpp->run:257]	FPS: 3.33831
2020/03/09 13:05:43 778130	INFO [input.cpp->run:173]	
frame_id 124
2020/03/09 13:05:43 862331	INFO [input.cpp->run:235]	rotation: 
[0.9999517608214253, -0.009822055393333364, -5.707872780260889e-05;
 0.009822218222402654, 0.9999300122979105, 0.00659503867253499;
 -7.702102169202615e-06, -0.006595281173007094, 0.9999782508669509]
2020/03/09 13:05:43 862422	INFO [input.cpp->run:256]	frame times (ms): 290.56
2020/03/09 13:05:43 862427	INFO [input.cpp->run:257]	FPS: 3.44163
2020/03/09 13:05:43 910953	INFO [input.cpp->run:173]	
frame_id 125
2020/03/09 13:05:43 995303	INFO [input.cpp->run:235]	rotation: 
[-0.4500038149909225, -0.2325642605650489, 0.862212520902734;
 0.1370606496738054, -0.972041861002253, -0.1906541338924262;
 0.8824460010700994, 0.03238032067643636, 0.4692979544258432]
2020/03/09 13:05:43 995389	INFO [input.cpp->run:256]	frame times (ms): 289.448
2020/03/09 13:05:43 995393	INFO [input.cpp->run:257]	FPS: 3.45485
2020/03/09 13:05:44 043547	INFO [input.cpp->run:173]	
frame_id 126
2020/03/09 13:05:44 124110	INFO [input.cpp->run:235]	rotation: 
[-0.9969463141203152, 0.009233348449185209, 0.07754219521224341;
 -0.001850399973185984, -0.9954994757951923, 0.09474898264064208;
 0.07806806505772364, 0.09431616493429634, 0.9924766184904459]
2020/03/09 13:05:44 124198	INFO [input.cpp->run:256]	frame times (ms): 292.035
2020/03/09 13:05:44 124203	INFO [input.cpp->run:257]	FPS: 3.42425
2020/03/09 13:05:44 177539	INFO [input.cpp->run:173]	
frame_id 127
2020/03/09 13:05:44 263668	INFO [input.cpp->run:235]	rotation: 
[-0.9999868674858385, 0.004436757754775879, -0.002565158179408334;
 -0.004430587296844976, -0.9999872899982483, -0.002406187474922467;
 -0.002575801247182187, -0.002394790718387293, 0.9999938150935487]
2020/03/09 13:05:44 263749	INFO [input.cpp->run:256]	frame times (ms): 290.616
2020/03/09 13:05:44 263755	INFO [input.cpp->run:257]	FPS: 3.44097
2020/03/09 13:05:44 310513	INFO [input.cpp->run:173]	
frame_id 128
2020/03/09 13:05:44 396012	INFO [input.cpp->run:235]	rotation: 
[-0.9850684901265008, 0.100899114586284, 0.1394970911366973;
 -0.07867060325870699, -0.984527598155745, 0.1565769607975294;
 0.1531372127956077, 0.1432647100488598, 0.9777649088159224]
2020/03/09 13:05:44 396105	INFO [input.cpp->run:256]	frame times (ms): 288.044
2020/03/09 13:05:44 396112	INFO [input.cpp->run:257]	FPS: 3.47169
2020/03/09 13:05:44 443759	INFO [input.cpp->run:173]	
frame_id 129
2020/03/09 13:05:44 527673	INFO [input.cpp->run:235]	rotation: 
[0.9999879873325854, -0.00488429538839094, 0.0004109125015965481;
 0.004883577229100704, 0.9999865771777263, 0.001730935533937102;
 -0.0004193613864370801, -0.001728908017848267, 0.9999984175052945]
2020/03/09 13:05:44 527755	INFO [input.cpp->run:256]	frame times (ms): 295.251
2020/03/09 13:05:44 527759	INFO [input.cpp->run:257]	FPS: 3.38695
2020/03/09 13:05:44 575553	INFO [input.cpp->run:173]	
frame_id 130
2020/03/09 13:05:44 665971	INFO [input.cpp->run:235]	rotation: 
[0.9999913114985484, 0.004071867339706095, 0.000892649864759549;
 -0.004069628507593124, 0.999988604724403, -0.002495705341573553;
 -0.0009028018738382118, 0.002492050904297146, 0.999996487309364]
2020/03/09 13:05:44 666061	INFO [input.cpp->run:256]	frame times (ms): 295.102
2020/03/09 13:05:44 666066	INFO [input.cpp->run:257]	FPS: 3.38866
2020/03/09 13:05:44 711146	INFO [input.cpp->run:173]	
frame_id 131
2020/03/09 13:05:44 793267	INFO [input.cpp->run:235]	rotation: 
[-0.9999539475372818, 0.009382914940763593, -0.002015865030536576;
 -0.009373657364623389, -0.9999456974913149, -0.00455374749172317;
 -0.002058482989384801, -0.004534641752347004, 0.9999875997590973]
2020/03/09 13:05:44 793348	INFO [input.cpp->run:256]	frame times (ms): 291.137
2020/03/09 13:05:44 793350	INFO [input.cpp->run:257]	FPS: 3.43481
2020/03/09 13:05:44 842474	INFO [input.cpp->run:173]	
frame_id 132
2020/03/09 13:05:44 926570	INFO [input.cpp->run:235]	rotation: 
[-0.9999926015745612, -0.001858323290062643, -0.003368000993258831;
 0.001855199626040542, -0.9999978463482232, 0.0009303404016878187;
 -0.003369722612993651, 0.0009240852044505261, 0.9999938954993903]
2020/03/09 13:05:44 926653	INFO [input.cpp->run:256]	frame times (ms): 279.679
2020/03/09 13:05:44 926657	INFO [input.cpp->run:257]	FPS: 3.57553
2020/03/09 13:05:44 977641	INFO [input.cpp->run:173]	
frame_id 133
2020/03/09 13:05:45 069172	INFO [input.cpp->run:235]	rotation: 
[-0.9998968842684383, 0.01230054535918365, -0.007410628457559538;
 -0.01217009634007682, -0.9997745715577872, -0.01739812695425436;
 -0.007622964340896174, -0.01730614487139666, 0.9998211778935006]
2020/03/09 13:05:45 069271	INFO [input.cpp->run:256]	frame times (ms): 299.04
2020/03/09 13:05:45 069276	INFO [input.cpp->run:257]	FPS: 3.34403
2020/03/09 13:05:45 109908	INFO [input.cpp->run:173]	
frame_id 134
2020/03/09 13:05:45 197429	INFO [input.cpp->run:235]	rotation: 
[0.05869003851204757, 0.8733249622431202, 0.4835896914766761;
 0.7527505665040298, -0.3568941459468404, 0.5531664787536724;
 0.6556844240999752, 0.3315570522729501, -0.6783419912409641]
2020/03/09 13:05:45 197527	INFO [input.cpp->run:256]	frame times (ms): 308.648
2020/03/09 13:05:45 197532	INFO [input.cpp->run:257]	FPS: 3.23994
2020/03/09 13:05:45 242486	INFO [input.cpp->run:173]	
frame_id 135
2020/03/09 13:05:45 334655	INFO [input.cpp->run:235]	rotation: 
[0.9998348227788202, -0.01462414281067366, 0.01079173785348574;
 0.01455459808917191, 0.9998729818951015, 0.006494901897685729;
 -0.0108853494802881, -0.006336759680697246, 0.9999206741754273]
2020/03/09 13:05:45 334749	INFO [input.cpp->run:256]	frame times (ms): 303.704
2020/03/09 13:05:45 334754	INFO [input.cpp->run:257]	FPS: 3.29268
2020/03/09 13:05:45 377250	INFO [input.cpp->run:173]	
frame_id 136
2020/03/09 13:05:45 467541	INFO [input.cpp->run:235]	rotation: 
[-0.9999161907505262, 0.001804830982892488, -0.01282006474556516;
 -0.001530403531720468, -0.9997701703897922, -0.02138373830264391;
 -0.01285571234850053, -0.02136232627522233, 0.9996891425218761]
2020/03/09 13:05:45 467622	INFO [input.cpp->run:256]	frame times (ms): 308.564
2020/03/09 13:05:45 467626	INFO [input.cpp->run:257]	FPS: 3.24082
2020/03/09 13:05:45 508061	INFO [input.cpp->run:173]	
frame_id 137
2020/03/09 13:05:45 598213	INFO [input.cpp->run:235]	rotation: 
[-0.9999813165260275, 0.004569060635870657, -0.004060823042013453;
 -0.004556523164187355, -0.9999848407759955, -0.003091328979790072;
 -0.004074885952641402, -0.003072767988768938, 0.999986976615876]
2020/03/09 13:05:45 598300	INFO [input.cpp->run:256]	frame times (ms): 302.899
2020/03/09 13:05:45 598305	INFO [input.cpp->run:257]	FPS: 3.30143
2020/03/09 13:05:45 643419	INFO [input.cpp->run:173]	
frame_id 138
2020/03/09 13:05:45 726201	INFO [input.cpp->run:235]	rotation: 
[0.9999830893644327, 0.003092470719039126, 0.004925201520434088;
 -0.003078457235426994, 0.9999911993924222, -0.002850305028344953;
 -0.004933972660508751, 0.002835094805618847, 0.9999838089445391]
2020/03/09 13:05:45 726292	INFO [input.cpp->run:256]	frame times (ms): 309.001
2020/03/09 13:05:45 726295	INFO [input.cpp->run:257]	FPS: 3.23624
2020/03/09 13:05:45 778183	INFO [input.cpp->run:173]	
frame_id 139
2020/03/09 13:05:45 864456	INFO [input.cpp->run:235]	rotation: 
[-0.9999644681606453, 0.004898972669657823, -0.006860210126492267;
 -0.004885769323032907, -0.9999861826068186, -0.001940065350574001;
 -0.006869619663401454, -0.001906479012298052, 0.999974586508806]
2020/03/09 13:05:45 864541	INFO [input.cpp->run:256]	frame times (ms): 314.625
2020/03/09 13:05:45 864544	INFO [input.cpp->run:257]	FPS: 3.17839
2020/03/09 13:05:45 911142	INFO [input.cpp->run:173]	
frame_id 140
2020/03/09 13:05:45 995548	INFO [input.cpp->run:235]	rotation: 
[-0.9999171046603418, 0.01108454443851421, -0.006551082526546194;
 -0.01098994324354537, -0.9998372908302949, -0.014304300494606;
 -0.006708573259841951, -0.01423111870960741, 0.9998762274927282]
2020/03/09 13:05:45 995640	INFO [input.cpp->run:256]	frame times (ms): 316.325
2020/03/09 13:05:45 995644	INFO [input.cpp->run:257]	FPS: 3.16131
2020/03/09 13:05:46 042501	INFO [input.cpp->run:173]	
frame_id 141
2020/03/09 13:05:46 123565	INFO [input.cpp->run:235]	rotation: 
[-0.9998462219618298, 0.01711717149473135, -0.003812462285106286;
 -0.01696884766615875, -0.9992067148053939, -0.03602775730870574;
 -0.004426131215644194, -0.0359575239391182, 0.9993435174326339]
2020/03/09 13:05:46 123660	INFO [input.cpp->run:256]	frame times (ms): 306.694
2020/03/09 13:05:46 123665	INFO [input.cpp->run:257]	FPS: 3.26058
2020/03/09 13:05:46 176455	INFO [input.cpp->run:173]	
frame_id 142
2020/03/09 13:05:46 256046	INFO [input.cpp->run:235]	rotation: 
[0.9999947081748793, 0.003246887917775978, 0.0002033250780896356;
 -0.003246585425905161, 0.999993648208405, -0.001470790915484144;
 -0.0002080992798641737, 0.001470123020080583, 0.9999988977158902]
2020/03/09 13:05:46 256136	INFO [input.cpp->run:256]	frame times (ms): 296.958
2020/03/09 13:05:46 256139	INFO [input.cpp->run:257]	FPS: 3.36748
2020/03/09 13:05:46 309210	INFO [input.cpp->run:173]	
frame_id 143
2020/03/09 13:05:46 396179	INFO [input.cpp->run:235]	rotation: 
[0.9999857481065001, -0.005335508268873863, 0.0001895663368489015;
 0.005335302022712692, 0.9999851922228081, 0.001072328046822784;
 -0.0001952849449535906, -0.001071301370457236, 0.9999994070884062]
2020/03/09 13:05:46 396266	INFO [input.cpp->run:256]	frame times (ms): 313.587
2020/03/09 13:05:46 396270	INFO [input.cpp->run:257]	FPS: 3.18891
2020/03/09 13:05:46 442570	INFO [input.cpp->run:173]	
frame_id 144
2020/03/09 13:05:46 521797	INFO [input.cpp->run:235]	rotation: 
[-0.9999318461270996, 0.01159991918932204, 0.001320975265298021;
 -0.01160889445520734, -0.9999080948585855, -0.007002528529171958;
 0.001239625095820142, -0.007017386342165384, 0.9999746094869342]
2020/03/09 13:05:46 521888	INFO [input.cpp->run:256]	frame times (ms): 304.841
2020/03/09 13:05:46 521892	INFO [input.cpp->run:257]	FPS: 3.2804
2020/03/09 13:05:46 575004	INFO [input.cpp->run:173]	
frame_id 145
2020/03/09 13:05:46 661467	INFO [input.cpp->run:235]	rotation: 
[-0.9998815739003647, 0.004828506364407063, -0.01461245019900282;
 -0.004608291340221142, -0.9998758713898865, -0.01506670047617432;
 -0.01468338603500909, -0.01499757775789108, 0.9997797111543829]
2020/03/09 13:05:46 661559	INFO [input.cpp->run:256]	frame times (ms): 324.829
2020/03/09 13:05:46 661563	INFO [input.cpp->run:257]	FPS: 3.07854
2020/03/09 13:05:46 712225	INFO [input.cpp->run:173]	
frame_id 146
2020/03/09 13:05:46 796149	INFO [input.cpp->run:235]	rotation: 
[0.999997367866019, -0.0001254802402410405, 0.002290963933200873;
 0.0001275678789474884, 0.9999995767881406, -0.0009111256642561914;
 -0.002290848635370527, 0.0009114155194610733, 0.9999969606625215]
2020/03/09 13:05:46 796233	INFO [input.cpp->run:256]	frame times (ms): 324.422
2020/03/09 13:05:46 796237	INFO [input.cpp->run:257]	FPS: 3.08241
2020/03/09 13:05:46 843367	INFO [input.cpp->run:173]	
frame_id 147
2020/03/09 13:05:46 930046	INFO [input.cpp->run:235]	rotation: 
[0.9999875734967563, -0.001570426682004911, 0.004731449260627652;
 0.001581520636640781, 0.9999960071447541, -0.002341898167052207;
 -0.004727752589267574, 0.002349351950093939, 0.9999860643533335]
2020/03/09 13:05:46 930132	INFO [input.cpp->run:256]	frame times (ms): 335.503
2020/03/09 13:05:46 930137	INFO [input.cpp->run:257]	FPS: 2.9806
2020/03/09 13:05:46 977840	INFO [input.cpp->run:173]	
frame_id 148
2020/03/09 13:05:47 060405	INFO [input.cpp->run:235]	rotation: 
[-0.9798760830137699, -0.1035359087813174, 0.1706551421153726;
 0.115969939051727, -0.9911528204650284, 0.06455276694734219;
 0.1624617960442701, 0.08304457885404598, 0.9832139964163571]
2020/03/09 13:05:47 060484	INFO [input.cpp->run:256]	frame times (ms): 314.424
2020/03/09 13:05:47 060487	INFO [input.cpp->run:257]	FPS: 3.18042
2020/03/09 13:05:47 108976	INFO [input.cpp->run:173]	
frame_id 149
2020/03/09 13:05:47 191439	INFO [input.cpp->run:235]	rotation: 
[-0.9999982046771317, 3.926852371442012e-05, -0.001894492147352635;
 -4.549353502195437e-05, -0.9999946003292876, 0.003285915794239053;
 -0.001894352884656582, 0.003285996082104139, 0.9999928068025773]
2020/03/09 13:05:47 191520	INFO [input.cpp->run:256]	frame times (ms): 327.605
2020/03/09 13:05:47 191523	INFO [input.cpp->run:257]	FPS: 3.05246
2020/03/09 13:05:47 245578	INFO [input.cpp->run:173]	
frame_id 150
2020/03/09 13:05:47 327963	INFO [input.cpp->run:235]	rotation: 
[0.9999059048782608, -0.01371079895123234, -0.000442020028166565;
 0.01371252453895295, 0.9998972792063356, 0.00417105580590574;
 0.0003847861159493122, -0.004176724540384844, 0.9999912034171894]
2020/03/09 13:05:47 328049	INFO [input.cpp->run:256]	frame times (ms): 317.196
2020/03/09 13:05:47 328052	INFO [input.cpp->run:257]	FPS: 3.15262
2020/03/09 13:05:47 376309	INFO [input.cpp->run:173]	
frame_id 151
2020/03/09 13:05:47 462009	INFO [input.cpp->run:235]	rotation: 
[0.9999886245735636, -0.002474178255923411, 0.004077887373420908;
 0.002483839518350662, 0.999994116691584, -0.002365824056389303;
 -0.004072009911514145, 0.002375925961941275, 0.9999888867938003]
2020/03/09 13:05:47 462097	INFO [input.cpp->run:256]	frame times (ms): 320.644
2020/03/09 13:05:47 462122	INFO [input.cpp->run:257]	FPS: 3.11872
2020/03/09 13:05:47 510616	INFO [input.cpp->run:173]	
frame_id 152
2020/03/09 13:05:47 590410	INFO [input.cpp->run:235]	rotation: 
[0.9999701909257052, -0.007718611861879257, 0.0002007260183042119;
 0.007719000271621062, 0.9999681836289238, -0.002012154238051674;
 -0.0001851885943609726, 0.002013643661786311, 0.9999979554701038]
2020/03/09 13:05:47 590493	INFO [input.cpp->run:256]	frame times (ms): 310.059
2020/03/09 13:05:47 590496	INFO [input.cpp->run:257]	FPS: 3.22519
2020/03/09 13:05:47 642072	INFO [input.cpp->run:173]	
frame_id 153
2020/03/09 13:05:47 728728	INFO [input.cpp->run:235]	rotation: 
[0.9999483551368162, -0.01016014912650256, 0.0002417207124429602;
 0.01015998991262828, 0.9999481740441051, 0.0006510229146609823;
 -0.0002483226749337042, -0.0006485334126715314, 0.9999997588701018]
2020/03/09 13:05:47 728811	INFO [input.cpp->run:256]	frame times (ms): 315.152
2020/03/09 13:05:47 728819	INFO [input.cpp->run:257]	FPS: 3.17307
2020/03/09 13:05:47 778053	INFO [input.cpp->run:173]	
frame_id 154
2020/03/09 13:05:47 863797	INFO [input.cpp->run:235]	rotation: 
[-0.9999727080730222, 0.005643970644893084, -0.004767463105868926;
 -0.005634591633345507, -0.9999821684131167, -0.001978442045299111;
 -0.004778544363262631, -0.001951525342074669, 0.9999866784425718]
2020/03/09 13:05:47 863882	INFO [input.cpp->run:256]	frame times (ms): 325.462
2020/03/09 13:05:47 863886	INFO [input.cpp->run:257]	FPS: 3.07256
2020/03/09 13:05:47 909989	INFO [input.cpp->run:173]	
frame_id 155
2020/03/09 13:05:47 990994	INFO [input.cpp->run:235]	rotation: 
[-0.9999032244800755, 0.005215450255962658, 0.01289731572751473;
 -0.004833993121562563, -0.9995550716621688, 0.02943282563630531;
 0.01304508278426418, 0.02936763172378809, 0.9994835506510793]
2020/03/09 13:05:47 991078	INFO [input.cpp->run:256]	frame times (ms): 311.238
2020/03/09 13:05:47 991082	INFO [input.cpp->run:257]	FPS: 3.21298
2020/03/09 13:05:48 042421	INFO [input.cpp->run:173]	
frame_id 156
2020/03/09 13:05:48 123050	INFO [input.cpp->run:235]	rotation: 
[-0.9996107744952252, 0.02513325253988886, -0.01210863864446979;
 -0.02484882065309494, -0.9994244342067746, -0.02309407765248213;
 -0.01268209861207915, -0.02278420345842096, 0.999659964411679]
2020/03/09 13:05:48 123139	INFO [input.cpp->run:256]	frame times (ms): 310.705
2020/03/09 13:05:48 123144	INFO [input.cpp->run:257]	FPS: 3.21849
2020/03/09 13:05:48 175951	INFO [input.cpp->run:173]	
frame_id 157
2020/03/09 13:05:48 258886	INFO [input.cpp->run:235]	rotation: 
[-0.9991229831565545, 0.006379029243049616, -0.04138323953321854;
 -0.009644777568050492, -0.9968119460261015, 0.07920178359935694;
 -0.04074607703828989, 0.07953145444145261, 0.9959992494778384]
2020/03/09 13:05:48 258975	INFO [input.cpp->run:256]	frame times (ms): 309.219
2020/03/09 13:05:48 258978	INFO [input.cpp->run:257]	FPS: 3.23395
2020/03/09 13:05:48 311398	INFO [input.cpp->run:173]	
frame_id 158
2020/03/09 13:05:48 396109	INFO [input.cpp->run:235]	rotation: 
[0.9999857057070153, -0.005183571281693763, -0.001311095118703443;
 0.005188503718759765, 0.9999793685326205, 0.003787075159284513;
 0.001291437494849987, -0.003793823647621672, 0.9999919695134195]
2020/03/09 13:05:48 396216	INFO [input.cpp->run:256]	frame times (ms): 314.269
2020/03/09 13:05:48 396220	INFO [input.cpp->run:257]	FPS: 3.18199
2020/03/09 13:05:48 443247	INFO [input.cpp->run:173]	
frame_id 159
2020/03/09 13:05:48 525110	INFO [input.cpp->run:235]	rotation: 
[-0.9817188825350299, 0.02732301175868914, 0.1883653065259278;
 -0.006716239657816493, -0.9939993795896931, 0.1091793272564184;
 0.1902181058654274, 0.1059183006082513, 0.9760114680664516]
2020/03/09 13:05:48 525196	INFO [input.cpp->run:256]	frame times (ms): 317.993
2020/03/09 13:05:48 525199	INFO [input.cpp->run:257]	FPS: 3.14472
2020/03/09 13:05:48 578232	INFO [input.cpp->run:173]	
frame_id 160
2020/03/09 13:05:48 660211	INFO [input.cpp->run:235]	rotation: 
[-0.998343499324536, 0.01009469009571283, -0.05664233918467342;
 -0.01575082724168891, -0.9948307776615509, 0.1003176717159857;
 -0.05533686653256167, 0.1010436591240902, 0.9933418395261377]
2020/03/09 13:05:48 660288	INFO [input.cpp->run:256]	frame times (ms): 308.201
2020/03/09 13:05:48 660291	INFO [input.cpp->run:257]	FPS: 3.24464
2020/03/09 13:05:48 709477	INFO [input.cpp->run:173]	
frame_id 161
2020/03/09 13:05:48 792415	INFO [input.cpp->run:235]	rotation: 
[0.9999791668986114, -0.006453841509682956, -0.0001170407064725853;
 0.006454003868977074, 0.999978129568212, 0.001444375061959094;
 0.0001077163790113754, -0.001445100352319387, 0.9999989500405255]
2020/03/09 13:05:48 792497	INFO [input.cpp->run:256]	frame times (ms): 319.646
2020/03/09 13:05:48 792500	INFO [input.cpp->run:257]	FPS: 3.12846
2020/03/09 13:05:48 843547	INFO [input.cpp->run:173]	
frame_id 162
2020/03/09 13:05:48 924429	INFO [input.cpp->run:235]	rotation: 
[0.9999800932144763, -0.006309752445212177, 1.410132224874775e-05;
 0.006309723350396499, 0.9999789142802926, 0.001535703763293197;
 -2.37909354877801e-05, -0.001535584216925488, 0.9999988207068566]
2020/03/09 13:05:48 924509	INFO [input.cpp->run:256]	frame times (ms): 321.71
2020/03/09 13:05:48 924512	INFO [input.cpp->run:257]	FPS: 3.10839
2020/03/09 13:05:48 978638	INFO [input.cpp->run:173]	
frame_id 163
2020/03/09 13:05:49 061505	INFO [input.cpp->run:235]	rotation: 
[-0.9999102478635845, 0.01209390888464745, 0.005764857784436169;
 -0.01210933979910582, -0.9999231694051617, -0.002649372825048778;
 0.005732373593435831, -0.002718943659982826, 0.9999798734166399]
2020/03/09 13:05:49 061588	INFO [input.cpp->run:256]	frame times (ms): 318.36
2020/03/09 13:05:49 061600	INFO [input.cpp->run:257]	FPS: 3.1411
2020/03/09 13:05:49 109682	INFO [input.cpp->run:173]	
frame_id 164
2020/03/09 13:05:49 193783	INFO [input.cpp->run:235]	rotation: 
[0.9999783257640048, -0.006557424704208313, 0.00059007073004793;
 0.006557000768919039, 0.9999782452038428, 0.0007175374273677066;
 -0.0005947630908318945, -0.0007136527810615296, 0.9999995684781938]
2020/03/09 13:05:49 193872	INFO [input.cpp->run:256]	frame times (ms): 324.88
2020/03/09 13:05:49 193875	INFO [input.cpp->run:257]	FPS: 3.07806
2020/03/09 13:05:49 245486	INFO [input.cpp->run:173]	
frame_id 165
2020/03/09 13:05:49 326664	INFO [input.cpp->run:235]	rotation: 
[-0.9999751645560997, 0.00698334574112203, -0.0009503437595543692;
 -0.006983073547698348, -0.9999755761578675, -0.0002894331849123034;
 -0.0009523417605076109, -0.0002827896763421122, 0.9999995065374632]
2020/03/09 13:05:49 326745	INFO [input.cpp->run:256]	frame times (ms): 322.599
2020/03/09 13:05:49 326772	INFO [input.cpp->run:257]	FPS: 3.09982
2020/03/09 13:05:49 378718	INFO [input.cpp->run:173]	
frame_id 166
2020/03/09 13:05:49 456870	INFO [input.cpp->run:235]	rotation: 
[-0.9999924260284966, 0.001820693120443255, -0.003439907295681146;
 -0.001821452880023462, -0.9999983174465444, 0.0002177463800959952;
 -0.003439505058516996, 0.0002240103599418495, 0.9999940597945125]
2020/03/09 13:05:49 456954	INFO [input.cpp->run:256]	frame times (ms): 307.911
2020/03/09 13:05:49 456959	INFO [input.cpp->run:257]	FPS: 3.24769
2020/03/09 13:05:49 511229	INFO [input.cpp->run:173]	
frame_id 167
2020/03/09 13:05:49 591173	INFO [input.cpp->run:235]	rotation: 
[-0.9997186154893906, 0.01122647709382181, -0.02089631680554847;
 -0.01079208642219731, -0.9997257017490956, -0.02078586377647572;
 -0.02112393700596026, -0.02055450009949829, 0.9995655515327782]
2020/03/09 13:05:49 591286	INFO [input.cpp->run:256]	frame times (ms): 310.176
2020/03/09 13:05:49 591289	INFO [input.cpp->run:257]	FPS: 3.22398
2020/03/09 13:05:49 642136	INFO [input.cpp->run:173]	
frame_id 168
2020/03/09 13:05:49 722427	INFO [input.cpp->run:235]	rotation: 
[-0.9967170278451956, -0.02124122086679538, -0.07812795235719151;
 0.03034396471058391, -0.9926403319243905, -0.1172365780918169;
 -0.07506270851149997, -0.1192224054996537, 0.9900260642113388]
2020/03/09 13:05:49 722516	INFO [input.cpp->run:256]	frame times (ms): 311.664
2020/03/09 13:05:49 722520	INFO [input.cpp->run:257]	FPS: 3.20858
2020/03/09 13:05:49 775677	INFO [input.cpp->run:173]	
frame_id 169
2020/03/09 13:05:49 857544	INFO [input.cpp->run:235]	rotation: 
[0.9999766813476495, -0.006826183947470161, 0.0001999341307818186;
 0.006825591458303, 0.9999727074085042, 0.002827673840873145;
 -0.0002192308958425106, -0.002826243234634602, 0.9999959821354248]
2020/03/09 13:05:49 857629	INFO [input.cpp->run:256]	frame times (ms): 320.356
2020/03/09 13:05:49 857634	INFO [input.cpp->run:257]	FPS: 3.12153
2020/03/09 13:05:49 909327	INFO [input.cpp->run:173]	
frame_id 170
2020/03/09 13:05:49 992657	INFO [input.cpp->run:235]	rotation: 
[0.9999394967730474, -0.01099650909998125, -0.0002821008310372432;
 0.01099828758728896, 0.9999124391501805, 0.007358784062868967;
 0.0002011551941366071, -0.007361441458755077, 0.9999728839904796]
2020/03/09 13:05:49 992738	INFO [input.cpp->run:256]	frame times (ms): 313.496
2020/03/09 13:05:49 992743	INFO [input.cpp->run:257]	FPS: 3.18983
2020/03/09 13:05:50 042670	INFO [input.cpp->run:173]	
frame_id 171
2020/03/09 13:05:50 123987	INFO [input.cpp->run:235]	rotation: 
[-0.9492531357883783, 0.1027238533746068, 0.2972646870110926;
 0.1113150219258181, -0.7742496941552983, 0.6230139460670858;
 0.2941554862476395, 0.624487967096484, 0.723524242069411]
2020/03/09 13:05:50 124069	INFO [input.cpp->run:256]	frame times (ms): 316.9
2020/03/09 13:05:50 124073	INFO [input.cpp->run:257]	FPS: 3.15557
2020/03/09 13:05:50 178689	INFO [input.cpp->run:173]	
frame_id 172
2020/03/09 13:05:50 260266	INFO [input.cpp->run:235]	rotation: 
[-0.9999940332401021, 0.001343768703385368, -0.003182415727945585;
 -0.001345279576555872, -0.9999989834054441, 0.0004726636639629349;
 -0.003181777342080221, 0.000476942082575255, 0.9999948243962038]
2020/03/09 13:05:50 260347	INFO [input.cpp->run:256]	frame times (ms): 319.338
2020/03/09 13:05:50 260352	INFO [input.cpp->run:257]	FPS: 3.13148
2020/03/09 13:05:50 310199	INFO [input.cpp->run:173]	
frame_id 173
2020/03/09 13:05:50 392830	INFO [input.cpp->run:235]	rotation: 
[0.9999898231490462, -0.002183363718706268, 0.003947976850397317;
 0.002187315187705962, 0.9999971109730369, -0.0009968439443351536;
 -0.003945788971684472, 0.001005469269328493, 0.9999917098561064]
2020/03/09 13:05:50 392920	INFO [input.cpp->run:256]	frame times (ms): 314.429
2020/03/09 13:05:50 392925	INFO [input.cpp->run:257]	FPS: 3.18037
2020/03/09 13:05:50 442291	INFO [input.cpp->run:173]	
frame_id 174
2020/03/09 13:05:50 523630	INFO [input.cpp->run:235]	rotation: 
[0.9999884607504338, -0.002080800125681384, 0.004329969609019218;
 0.002085967188575651, 0.9999971173254211, -0.001189151687622045;
 -0.00432748274014484, 0.001198170140235893, 0.9999899185899069]
2020/03/09 13:05:50 523719	INFO [input.cpp->run:256]	frame times (ms): 309.973
2020/03/09 13:05:50 523724	INFO [input.cpp->run:257]	FPS: 3.22609
2020/03/09 13:05:50 578924	INFO [input.cpp->run:173]	
frame_id 175
2020/03/09 13:05:50 659561	INFO [input.cpp->run:235]	rotation: 
[0.9999980757454385, -0.001196098783832241, 0.001554944732007594;
 0.0011954215015534, 0.9999991902507622, 0.0004364232503386989;
 -0.001555465478211249, -0.0004345635961828996, 0.999998695839963]
2020/03/09 13:05:50 659647	INFO [input.cpp->run:256]	frame times (ms): 303.853
2020/03/09 13:05:50 659652	INFO [input.cpp->run:257]	FPS: 3.29107
2020/03/09 13:05:50 709521	INFO [input.cpp->run:173]	
frame_id 176
2020/03/09 13:05:50 791293	INFO [input.cpp->run:235]	rotation: 
[-0.9999625545020028, 0.008441354004117583, -0.001906078803782527;
 -0.008437366483658292, -0.9999622197379466, -0.002090441001069655;
 -0.001923652944140577, -0.00207428043805109, 0.9999959984520013]
2020/03/09 13:05:50 791405	INFO [input.cpp->run:256]	frame times (ms): 329.088
2020/03/09 13:05:50 791408	INFO [input.cpp->run:257]	FPS: 3.0387
2020/03/09 13:05:50 845038	INFO [input.cpp->run:173]	
frame_id 177
2020/03/09 13:05:50 925796	INFO [input.cpp->run:235]	rotation: 
[-0.9999372542228742, 0.00659499813206816, -0.009055032681175374;
 -0.006569309293744548, -0.999974321120735, -0.002863786746297624;
 -0.009073686826326886, -0.002804121745425099, 0.9999549015373714]
2020/03/09 13:05:50 925882	INFO [input.cpp->run:256]	frame times (ms): 315.17
2020/03/09 13:05:50 925892	INFO [input.cpp->run:257]	FPS: 3.17289
2020/03/09 13:05:50 976160	INFO [input.cpp->run:173]	
frame_id 178
2020/03/09 13:05:51 057635	INFO [input.cpp->run:235]	rotation: 
[-0.9999888910740556, 0.001158514332643949, -0.004568979428884251;
 -0.001158921410512389, -0.9999993247135992, 8.644946457667395e-05;
 -0.004568876190570815, 9.174359230029866e-05, 0.9999895584222214]
2020/03/09 13:05:51 057724	INFO [input.cpp->run:256]	frame times (ms): 313.816
2020/03/09 13:05:51 057727	INFO [input.cpp->run:257]	FPS: 3.18658
2020/03/09 13:05:51 112071	INFO [input.cpp->run:173]	
frame_id 179
2020/03/09 13:05:51 193796	INFO [input.cpp->run:235]	rotation: 
[-0.9999608990250364, 0.006520835477853125, -0.00597320062544577;
 -0.006465989365217206, -0.9999371793862022, -0.009155777558187951;
 -0.006032528704444906, -0.009116796906638434, 0.9999402445204377]
2020/03/09 13:05:51 193886	INFO [input.cpp->run:256]	frame times (ms): 318.394
2020/03/09 13:05:51 193889	INFO [input.cpp->run:257]	FPS: 3.14076
2020/03/09 13:05:51 243446	INFO [input.cpp->run:173]	
frame_id 180
2020/03/09 13:05:51 327303	INFO [input.cpp->run:235]	rotation: 
[-0.9999816081301337, 0.0009651916965593564, -0.005987637803058121;
 -0.0009639793701292519, -0.9999995142865804, -0.0002053542727728287;
 -0.005987833101021021, -0.0001995785366058133, 0.9999820528505311]
2020/03/09 13:05:51 327386	INFO [input.cpp->run:256]	frame times (ms): 316.487
2020/03/09 13:05:51 327389	INFO [input.cpp->run:257]	FPS: 3.15969
2020/03/09 13:05:51 377370	INFO [input.cpp->run:173]	
frame_id 181
2020/03/09 13:05:51 456953	INFO [input.cpp->run:235]	rotation: 
[-0.9925971583257395, 0.0042417879269853, 0.1213791107186461;
 -0.002620774971580767, -0.9999052811336504, 0.01351148768951505;
 0.1214249266922373, 0.01309335694992169, 0.9925142574197945]
2020/03/09 13:05:51 457041	INFO [input.cpp->run:256]	frame times (ms): 313.338
2020/03/09 13:05:51 457045	INFO [input.cpp->run:257]	FPS: 3.19144
2020/03/09 13:05:51 512533	INFO [input.cpp->run:173]	
frame_id 182
2020/03/09 13:05:51 593263	INFO [input.cpp->run:235]	rotation: 
[-0.9999826372934547, 0.003519957769907673, -0.00472599290361865;
 -0.00351437384130834, -0.999993117322773, -0.001189320640651579;
 -0.00473014673456489, -0.001172691084991621, 0.9999881251832387]
2020/03/09 13:05:51 593348	INFO [input.cpp->run:256]	frame times (ms): 316.567
2020/03/09 13:05:51 593351	INFO [input.cpp->run:257]	FPS: 3.15889
2020/03/09 13:05:51 642646	INFO [input.cpp->run:173]	
frame_id 183
2020/03/09 13:05:51 720770	INFO [input.cpp->run:235]	rotation: 
[-0.999926258785054, 0.01058835403954976, 0.005946742878111325;
 -0.01058054480854064, -0.9999431224271456, 0.001343124046813157;
 0.005960626114736719, 0.001280105223727395, 0.9999814159607847]
2020/03/09 13:05:51 720855	INFO [input.cpp->run:256]	frame times (ms): 310.574
2020/03/09 13:05:51 720858	INFO [input.cpp->run:257]	FPS: 3.21984
2020/03/09 13:05:51 779197	INFO [input.cpp->run:173]	
frame_id 184
2020/03/09 13:05:51 859478	INFO [input.cpp->run:235]	rotation: 
[-0.9998987511993722, 0.01407308334418929, -0.002106104252764268;
 -0.01404161118960037, -0.9997994611225971, -0.01427832952990793;
 -0.002306622018471919, -0.01424731076912598, 0.9998958413908483]
2020/03/09 13:05:51 859559	INFO [input.cpp->run:256]	frame times (ms): 307.313
2020/03/09 13:05:51 859562	INFO [input.cpp->run:257]	FPS: 3.25401
2020/03/09 13:05:51 909439	INFO [input.cpp->run:173]	
frame_id 185
2020/03/09 13:05:52 000199	INFO [input.cpp->run:235]	rotation: 
[-0.9999767054986831, 0.0005545566864086995, -0.006803008663936166;
 -0.000552700769795327, -0.9999998095349285, -0.0002746852122076096;
 -0.006803159696721722, -0.0002709187854270903, 0.9999768215419563]
2020/03/09 13:05:52 000275	INFO [input.cpp->run:256]	frame times (ms): 321.668
2020/03/09 13:05:52 000281	INFO [input.cpp->run:257]	FPS: 3.1088
2020/03/09 13:05:52 045690	INFO [input.cpp->run:173]	
frame_id 186
2020/03/09 13:05:52 124523	INFO [input.cpp->run:235]	rotation: 
[-0.999924372650776, 0.007370914252456939, -0.009844724578919148;
 -0.007251649121613138, -0.9999005468307188, -0.01209586841225147;
 -0.009932903098734781, -0.01202356314544165, 0.9998783782867384]
2020/03/09 13:05:52 124596	INFO [input.cpp->run:256]	frame times (ms): 297.61
2020/03/09 13:05:52 124601	INFO [input.cpp->run:257]	FPS: 3.3601
2020/03/09 13:05:52 176779	INFO [input.cpp->run:173]	
frame_id 187
2020/03/09 13:05:52 258650	INFO [input.cpp->run:235]	rotation: 
[0.7568892585799212, -0.05609270723520857, 0.6511315216155352;
 -0.06446061147545061, -0.9978592742944511, -0.01103169401145266;
 0.6503564252120125, -0.03362256533306902, -0.7588847364955205]
2020/03/09 13:05:52 258742	INFO [input.cpp->run:256]	frame times (ms): 302.515
2020/03/09 13:05:52 258746	INFO [input.cpp->run:257]	FPS: 3.30562
2020/03/09 13:05:52 309945	INFO [input.cpp->run:173]	
frame_id 188
2020/03/09 13:05:52 391268	INFO [input.cpp->run:235]	rotation: 
[-0.9999983215191116, 0.00083731527502077, -0.00162968159149904;
 -0.0008563403188540544, -0.9999310851650123, 0.01170861229946422;
 -0.001619765482333442, 0.01170998820883594, 0.9999301238266256]
2020/03/09 13:05:52 391350	INFO [input.cpp->run:256]	frame times (ms): 294.968
2020/03/09 13:05:52 391352	INFO [input.cpp->run:257]	FPS: 3.3902
2020/03/09 13:05:52 446393	INFO [input.cpp->run:173]	
frame_id 189
2020/03/09 13:05:52 531192	INFO [input.cpp->run:235]	rotation: 
[0.9999892509996985, -0.0009996503024194004, 0.004527536232310648;
 0.001010036093954917, 0.9999968627917671, -0.002292211533136621;
 -0.004525230618534396, 0.002296759869165483, 0.9999871235080742]
2020/03/09 13:05:52 531291	INFO [input.cpp->run:256]	frame times (ms): 315.884
2020/03/09 13:05:52 531295	INFO [input.cpp->run:257]	FPS: 3.16572
2020/03/09 13:05:52 578718	INFO [input.cpp->run:173]	
frame_id 190
2020/03/09 13:05:52 660067	INFO [input.cpp->run:235]	rotation: 
[0.9999948777556564, -0.0009054219444203429, 0.003069963119035711;
 0.0009097540387889428, 0.9999985920947237, -0.001410019914445429;
 -0.003068682133845829, 0.001412805603325373, 0.9999942935688626]
2020/03/09 13:05:52 660147	INFO [input.cpp->run:256]	frame times (ms): 310.404
2020/03/09 13:05:52 660151	INFO [input.cpp->run:257]	FPS: 3.22161
2020/03/09 13:05:52 710822	INFO [input.cpp->run:173]	
frame_id 191
2020/03/09 13:05:52 794398	INFO [input.cpp->run:235]	rotation: 
[-0.9998899926129386, 0.01428350206109025, -0.003998029685777095;
 -0.01422081087533204, -0.9997819269096635, -0.01529271600626708;
 -0.004215591363683444, -0.01523417847050276, 0.9998750664937012]
2020/03/09 13:05:52 794495	INFO [input.cpp->run:256]	frame times (ms): 315.207
2020/03/09 13:05:52 794502	INFO [input.cpp->run:257]	FPS: 3.17252
2020/03/09 13:05:52 845378	INFO [input.cpp->run:173]	
frame_id 192
2020/03/09 13:05:52 922876	INFO [input.cpp->run:235]	rotation: 
[-0.9999453954433751, 0.01042060495646175, -0.0007855723603808005;
 -0.01041200398029824, -0.99989319968353, -0.01025570084132253;
 -0.0008923590680231762, -0.01024696145078212, 0.9999471003389726]
2020/03/09 13:05:52 922959	INFO [input.cpp->run:256]	frame times (ms): 315.024
2020/03/09 13:05:52 922966	INFO [input.cpp->run:257]	FPS: 3.17436
2020/03/09 13:05:52 977334	INFO [input.cpp->run:173]	
frame_id 193
2020/03/09 13:05:53 060787	INFO [input.cpp->run:235]	rotation: 
[0.9999527705246117, -0.009715955090651325, -0.0002386143951545928;
 0.00971698302132332, 0.9999414106933138, 0.004770264314354633;
 0.000192252741053809, -0.004772357629299963, 0.9999885937557196]
2020/03/09 13:05:53 060866	INFO [input.cpp->run:256]	frame times (ms): 326.457
2020/03/09 13:05:53 060868	INFO [input.cpp->run:257]	FPS: 3.06319
2020/03/09 13:05:53 110877	INFO [input.cpp->run:173]	
frame_id 194
2020/03/09 13:05:53 189659	INFO [input.cpp->run:235]	rotation: 
[0.8461811204476115, 0.3398451825090307, 0.4104665191260173;
 0.1103532876242397, -0.8653102583458975, 0.488937939530037;
 0.5213440930024501, -0.3684337236556393, -0.7697122371150746]
2020/03/09 13:05:53 189736	INFO [input.cpp->run:256]	frame times (ms): 314.199
2020/03/09 13:05:53 189739	INFO [input.cpp->run:257]	FPS: 3.1827
2020/03/09 13:05:53 244969	INFO [input.cpp->run:173]	
frame_id 195
2020/03/09 13:05:53 323078	INFO [input.cpp->run:235]	rotation: 
[-0.9999052726672868, 0.01253654506822444, 0.0056816133194067;
 -0.01254295768750027, -0.9999207350687994, -0.001094436805624058;
 0.0056674425103798, -0.001165597368006694, 0.9999832605989795]
2020/03/09 13:05:53 323166	INFO [input.cpp->run:256]	frame times (ms): 311.294
2020/03/09 13:05:53 323171	INFO [input.cpp->run:257]	FPS: 3.2124
2020/03/09 13:05:53 377424	INFO [input.cpp->run:173]	
frame_id 196
2020/03/09 13:05:53 454205	INFO [input.cpp->run:235]	rotation: 
[-0.9999677247634463, -0.002490547346322954, -0.007638494965125369;
 0.002473336794652543, -0.9999943835228111, 0.002261753287402129;
 -0.007644085067340618, 0.002242787718126739, 0.9999682684299203]
2020/03/09 13:05:53 454289	INFO [input.cpp->run:256]	frame times (ms): 300.186
2020/03/09 13:05:53 454295	INFO [input.cpp->run:257]	FPS: 3.33127
2020/03/09 13:05:53 509356	INFO [input.cpp->run:173]	
frame_id 197
2020/03/09 13:05:53 597369	INFO [input.cpp->run:235]	rotation: 
[-0.9999124683638001, 0.01296368368721819, -0.002645470822035283;
 -0.01294040449186983, -0.9998789857946356, -0.008634795763515443;
 -0.002757089443467885, -0.008599806483205436, 0.9999592200616241]
2020/03/09 13:05:53 597455	INFO [input.cpp->run:256]	frame times (ms): 304.093
2020/03/09 13:05:53 597460	INFO [input.cpp->run:257]	FPS: 3.28847
2020/03/09 13:05:53 643679	INFO [input.cpp->run:173]	
frame_id 198
2020/03/09 13:05:53 724159	INFO [input.cpp->run:235]	rotation: 
[-0.9999103465865788, 0.01337654789217245, -0.0006056034974090364;
 -0.01337258763276205, -0.9998917982868324, -0.006129079761976368;
 -0.0006875238990441382, -0.006120431783214768, 0.9999810336329765]
2020/03/09 13:05:53 724251	INFO [input.cpp->run:256]	frame times (ms): 298.983
2020/03/09 13:05:53 724256	INFO [input.cpp->run:257]	FPS: 3.34467
2020/03/09 13:05:53 777741	INFO [input.cpp->run:173]	
frame_id 199
2020/03/09 13:05:53 861581	INFO [input.cpp->run:235]	rotation: 
[-0.9999479775207423, 0.009618491169494968, -0.003395125888614591;
 -0.009601363468936265, -0.9999412771284818, -0.005025546159182005;
 -0.003443264688427228, -0.004992686880131795, 0.9999816083338742]
2020/03/09 13:05:53 861662	INFO [input.cpp->run:256]	frame times (ms): 296.541
2020/03/09 13:05:53 861666	INFO [input.cpp->run:257]	FPS: 3.37222
2020/03/09 13:05:53 910795	INFO [input.cpp->run:173]	
frame_id 200
2020/03/09 13:05:53 994731	INFO [input.cpp->run:235]	rotation: 
[-0.999996136054365, 0.001126610275754904, -0.002541382621038489;
 -0.001128173109773962, -0.9999991753571219, 0.0006136045228788636;
 -0.002540689232144685, 0.0006164692714790482, 0.9999965824260917]
2020/03/09 13:05:53 994817	INFO [input.cpp->run:256]	frame times (ms): 292.229
2020/03/09 13:05:53 994819	INFO [input.cpp->run:257]	FPS: 3.42197
g3log g3FileSink shutdown at: 13:05:54 066577
