		g3log created log at: Mon Mar 09 13:04:32 2020
		LOG format: [YYYY/MM/DD hh:mm:ss uuu* LEVEL FILE->FUNCTION:LINE] message		(uuu*: microseconds fractions of the seconds value)

2020/03/09 13:04:32 295322	INFO [g3logger.h->logBanner:29]	Starting log.
2020/03/09 13:04:32 298827	DEBUG [main.cpp->main:48]	Filepath: /home/mitchell/KITTI/data_odometry_gray/dataset/sequences/00/
2020/03/09 13:04:32 298831	DEBUG [main.cpp->main:52]	Calibration Filepath: /home/mitchell/visual_odom_catkin_ws/tank_downsized.yaml
2020/03/09 13:04:32 298934	INFO [main.cpp->main:66]	P_left: 
[409.41, 0, 251.22, 0;
 0, 408.72, 191.78999, 0;
 0, 0, 1, 0]
2020/03/09 13:04:32 298946	INFO [main.cpp->main:67]	P_right: 
[409.41, 0, 251.22, -73.940002;
 0, 408.72, 191.78999, 0;
 0, 0, 1, 0]
2020/03/09 13:04:32 429728	INFO [input.cpp->Input:22]	frame_pose [1, 0, 0, 0;
 0, 1, 0, 0;
 0, 0, 1, 0;
 0, 0, 0, 1]
2020/03/09 13:04:34 980784	INFO [input.cpp->run:173]	
frame_id 1
2020/03/09 13:04:35 067030	INFO [input.cpp->run:235]	rotation: 
[-0.995695465460792, 0.00798755089693676, 0.09234034379124635;
 -0.003769535092133073, -0.9989451904062421, 0.04576349166558345;
 0.09260848052962482, 0.04521842096873346, 0.9946753056847689]
2020/03/09 13:04:35 067126	INFO [input.cpp->run:256]	frame times (ms): 125.789
2020/03/09 13:04:35 067129	INFO [input.cpp->run:257]	FPS: 7.94982
2020/03/09 13:04:35 108114	INFO [input.cpp->run:173]	
frame_id 2
2020/03/09 13:04:35 148614	INFO [input.cpp->run:235]	rotation: 
[-0.8213995449824674, -0.02105565037462848, 0.5699644261617537;
 -0.07443337420782822, -0.9868146161331739, -0.1437239930908342;
 0.5654754285613418, -0.1604791979455224, 0.8090018335703134]
2020/03/09 13:04:35 148684	INFO [input.cpp->run:256]	frame times (ms): 107.133
2020/03/09 13:04:35 148695	INFO [input.cpp->run:257]	FPS: 9.33419
2020/03/09 13:04:35 237609	INFO [input.cpp->run:173]	
frame_id 3
2020/03/09 13:04:35 277745	INFO [input.cpp->run:235]	rotation: 
[-0.999101889871875, 0.02853672890786418, -0.03132201713949453;
 -0.02707729892248706, -0.9985712107774563, -0.04606904480784502;
 -0.03259192442170301, -0.0451795541111687, 0.9984470813983113]
2020/03/09 13:04:35 277808	INFO [input.cpp->run:256]	frame times (ms): 105.634
2020/03/09 13:04:35 277813	INFO [input.cpp->run:257]	FPS: 9.46665
2020/03/09 13:04:35 372807	INFO [input.cpp->run:173]	
frame_id 4
2020/03/09 13:04:35 415077	INFO [input.cpp->run:235]	rotation: 
[0.2894697704342938, -0.13663935588986, 0.9473842612302155;
 -0.1183077397678782, -0.9872767543992311, -0.1062444771926345;
 0.9498476355267369, -0.0813283262149444, -0.3019522688097284]
2020/03/09 13:04:35 415126	INFO [input.cpp->run:256]	frame times (ms): 117.842
2020/03/09 13:04:35 415129	INFO [input.cpp->run:257]	FPS: 8.48594
2020/03/09 13:04:35 505979	INFO [input.cpp->run:173]	
frame_id 5
2020/03/09 13:04:35 548809	INFO [input.cpp->run:235]	rotation: 
[-0.9999246732998128, 0.01167368049856624, -0.003791162075126349;
 -0.01167588741076801, -0.9999316774071634, 0.0005605094714650297;
 -0.003784359844617209, 0.0006047324316812696, 0.9999926564326618]
2020/03/09 13:04:35 548882	INFO [input.cpp->run:256]	frame times (ms): 118.112
2020/03/09 13:04:35 548887	INFO [input.cpp->run:257]	FPS: 8.46654
2020/03/09 13:04:35 638443	INFO [input.cpp->run:173]	
frame_id 6
2020/03/09 13:04:35 683670	INFO [input.cpp->run:235]	rotation: 
[-0.999902647342456, 0.01264545278469289, -0.005898165936803752;
 -0.01258676842715902, -0.9998719435845604, -0.009882797832322732;
 -0.00602238309218552, -0.009807596866898279, 0.9999337687795057]
2020/03/09 13:04:35 683752	INFO [input.cpp->run:256]	frame times (ms): 117.526
2020/03/09 13:04:35 683759	INFO [input.cpp->run:257]	FPS: 8.50876
2020/03/09 13:04:35 772831	INFO [input.cpp->run:173]	
frame_id 7
2020/03/09 13:04:35 813854	INFO [input.cpp->run:235]	rotation: 
[-0.8405118661749458, 0.2557351947385704, 0.4776393126524821;
 -0.06139483099647254, -0.9208685015218625, 0.3850089318857344;
 0.5383033322821109, 0.2942799909557307, 0.7897017217766908]
2020/03/09 13:04:35 813912	INFO [input.cpp->run:256]	frame times (ms): 114.33
2020/03/09 13:04:35 813916	INFO [input.cpp->run:257]	FPS: 8.74661
2020/03/09 13:04:35 906925	INFO [input.cpp->run:173]	
frame_id 8
2020/03/09 13:04:35 947971	INFO [input.cpp->run:235]	rotation: 
[-0.9967197767783245, -0.01690284821660572, -0.07914531130227143;
 0.01566657235489072, -0.9997457782104775, 0.01621534646486482;
 -0.07939927637967514, 0.01492222076277587, 0.9967311985876087]
2020/03/09 13:04:35 948032	INFO [input.cpp->run:256]	frame times (ms): 114.55
2020/03/09 13:04:35 948037	INFO [input.cpp->run:257]	FPS: 8.72981
2020/03/09 13:04:36 038353	INFO [input.cpp->run:173]	
frame_id 9
2020/03/09 13:04:36 078062	INFO [input.cpp->run:235]	rotation: 
[-0.8588664343069188, 0.4126372836711252, 0.3034450858811764;
 0.02323046382009791, -0.5604440846178489, 0.8278663983805385;
 0.5116725452588036, 0.7180758317485534, 0.4717608570949909]
2020/03/09 13:04:36 078124	INFO [input.cpp->run:256]	frame times (ms): 108.55
2020/03/09 13:04:36 078127	INFO [input.cpp->run:257]	FPS: 9.21234
2020/03/09 13:04:36 171818	INFO [input.cpp->run:173]	
frame_id 10
2020/03/09 13:04:36 210221	INFO [input.cpp->run:235]	rotation: 
[-0.9915435168884442, 0.01965509114269613, 0.1282775565275074;
 -0.01400035462225448, -0.998896258192021, 0.0448358722501343;
 0.1290172243808813, 0.04266078717219776, 0.9907242871005537]
2020/03/09 13:04:36 210288	INFO [input.cpp->run:256]	frame times (ms): 108.522
2020/03/09 13:04:36 210292	INFO [input.cpp->run:257]	FPS: 9.21472
2020/03/09 13:04:36 305461	INFO [input.cpp->run:173]	
frame_id 11
2020/03/09 13:04:36 343847	INFO [input.cpp->run:235]	rotation: 
[-0.9911957925986297, 0.002600236985692188, 0.1323787728542324;
 -0.007802972843839365, -0.9992165951534014, -0.03879831935589242;
 0.1321741818570197, -0.0394896788751409, 0.9904395745893668]
2020/03/09 13:04:36 343906	INFO [input.cpp->run:256]	frame times (ms): 118.637
2020/03/09 13:04:36 343910	INFO [input.cpp->run:257]	FPS: 8.42907
2020/03/09 13:04:36 437747	INFO [input.cpp->run:173]	
frame_id 12
2020/03/09 13:04:36 481757	INFO [input.cpp->run:235]	rotation: 
[-0.9999359602309973, 0.01107342258906713, -0.002335540425131147;
 -0.01107022337962102, -0.9999377732821635, -0.001378302519010539;
 -0.002350657618364697, -0.001352359298617269, 0.9999963227597831]
2020/03/09 13:04:36 481817	INFO [input.cpp->run:256]	frame times (ms): 127.829
2020/03/09 13:04:36 481823	INFO [input.cpp->run:257]	FPS: 7.82295
2020/03/09 13:04:36 573053	INFO [input.cpp->run:173]	
frame_id 13
2020/03/09 13:04:36 608869	INFO [input.cpp->run:235]	rotation: 
[-0.8936007745931271, -0.00692611600422979, 0.448809185025952;
 -0.004282650260276692, -0.9997038741728086, -0.02395460019756915;
 0.4488421933745884, -0.02332794206468244, 0.8933064941920634]
2020/03/09 13:04:36 608924	INFO [input.cpp->run:256]	frame times (ms): 107.909
2020/03/09 13:04:36 608928	INFO [input.cpp->run:257]	FPS: 9.26707
2020/03/09 13:04:36 705189	INFO [input.cpp->run:173]	
frame_id 14
2020/03/09 13:04:36 746155	INFO [input.cpp->run:235]	rotation: 
[-0.9456220523479997, 0.02123426096611366, 0.3245736284333341;
 -0.005502524673707942, -0.9987683534078128, 0.04931022666001107;
 0.3252209346511573, 0.04484286333709538, 0.9445742222146218]
2020/03/09 13:04:36 746224	INFO [input.cpp->run:256]	frame times (ms): 120.083
2020/03/09 13:04:36 746234	INFO [input.cpp->run:257]	FPS: 8.32757
2020/03/09 13:04:36 841840	INFO [input.cpp->run:173]	
frame_id 15
2020/03/09 13:04:36 883285	INFO [input.cpp->run:235]	rotation: 
[0.9999597676946944, -0.001387970548811968, -0.008862083825398213;
 0.00147253653821275, 0.9999533796741429, 0.009543066299834731;
 0.00884842517719297, -0.009555732102515408, 0.9999151930818276]
2020/03/09 13:04:36 883359	INFO [input.cpp->run:256]	frame times (ms): 118.236
2020/03/09 13:04:36 883364	INFO [input.cpp->run:257]	FPS: 8.45766
2020/03/09 13:04:36 972988	INFO [input.cpp->run:173]	
frame_id 16
2020/03/09 13:04:37 014328	INFO [input.cpp->run:235]	rotation: 
[-0.9958925468504127, 0.004889602677476122, 0.09041087829157952;
 0.01289540236613124, -0.9807018440291494, 0.1950835762324485;
 0.08961999623752483, 0.195448164236665, 0.9766106037571496]
2020/03/09 13:04:37 014386	INFO [input.cpp->run:256]	frame times (ms): 116.864
2020/03/09 13:04:37 014391	INFO [input.cpp->run:257]	FPS: 8.55696
2020/03/09 13:04:37 105633	INFO [input.cpp->run:173]	
frame_id 17
2020/03/09 13:04:37 145781	INFO [input.cpp->run:235]	rotation: 
[-0.9969895699525707, 0.07331791928419962, -0.02522459350760182;
 -0.07017811595732798, -0.9916178206054427, -0.1084856206987452;
 -0.03296709642155321, -0.1063888178783267, 0.9937779379640023]
2020/03/09 13:04:37 145848	INFO [input.cpp->run:256]	frame times (ms): 119.557
2020/03/09 13:04:37 145853	INFO [input.cpp->run:257]	FPS: 8.36421
2020/03/09 13:04:37 238732	INFO [input.cpp->run:173]	
frame_id 18
2020/03/09 13:04:37 279461	INFO [input.cpp->run:235]	rotation: 
[-0.9999034011459589, 0.00469785307544621, -0.01308122904108182;
 -0.004665604621345144, -0.9999860042707215, -0.002494673564584645;
 -0.01309276556961915, -0.002433400739310154, 0.9999113250936708]
2020/03/09 13:04:37 279527	INFO [input.cpp->run:256]	frame times (ms): 119.984
2020/03/09 13:04:37 279532	INFO [input.cpp->run:257]	FPS: 8.33444
2020/03/09 13:04:37 372084	INFO [input.cpp->run:173]	
frame_id 19
2020/03/09 13:04:37 416745	INFO [input.cpp->run:235]	rotation: 
[-0.9992465381526151, -0.00154957934668305, -0.03878085602282074;
 0.0008091428234779581, -0.99981722699914, 0.01910125345733728;
 -0.03880336683724277, 0.01905548214028074, 0.999065156695246]
2020/03/09 13:04:37 416812	INFO [input.cpp->run:256]	frame times (ms): 127.236
2020/03/09 13:04:37 416818	INFO [input.cpp->run:257]	FPS: 7.85941
2020/03/09 13:04:37 504362	INFO [input.cpp->run:173]	
frame_id 20
2020/03/09 13:04:37 543489	INFO [input.cpp->run:235]	rotation: 
[-0.9964250845209517, -0.01565388084581221, -0.08301811219173488;
 0.009772094466354768, -0.997443501517574, 0.07078818722147011;
 -0.08391398636195879, 0.06972386460048223, 0.994030696506913]
2020/03/09 13:04:37 543550	INFO [input.cpp->run:256]	frame times (ms): 111.457
2020/03/09 13:04:37 543555	INFO [input.cpp->run:257]	FPS: 8.97207
2020/03/09 13:04:37 641675	INFO [input.cpp->run:173]	
frame_id 21
2020/03/09 13:04:37 685217	INFO [input.cpp->run:235]	rotation: 
[-0.9973889084445445, 0.0139501877039899, 0.07085730431524619;
 -0.01280394237376141, -0.9997801365072386, 0.01660535170529637;
 0.07107337315401142, 0.01565474077047082, 0.9973482364349575]
2020/03/09 13:04:37 685282	INFO [input.cpp->run:256]	frame times (ms): 123.188
2020/03/09 13:04:37 685286	INFO [input.cpp->run:257]	FPS: 8.11767
2020/03/09 13:04:37 772379	INFO [input.cpp->run:173]	
frame_id 22
2020/03/09 13:04:37 814434	INFO [input.cpp->run:235]	rotation: 
[-0.9998629784242868, 0.0144656376226193, -0.008047962766139496;
 -0.01436989285452954, -0.9998267630880243, -0.0118300461652965;
 -0.008217697722808231, -0.01171277683108351, 0.9998976349122158]
2020/03/09 13:04:37 814504	INFO [input.cpp->run:256]	frame times (ms): 118.064
2020/03/09 13:04:37 814509	INFO [input.cpp->run:257]	FPS: 8.46998
2020/03/09 13:04:37 906445	INFO [input.cpp->run:173]	
frame_id 23
2020/03/09 13:04:37 949191	INFO [input.cpp->run:235]	rotation: 
[0.1532778522384657, 0.5628764233004681, 0.8122044275338787;
 0.4154801436209705, -0.7824472907341516, 0.4638453271075216;
 0.8965947525330833, 0.2663575966914746, -0.3537958174072736]
2020/03/09 13:04:37 949273	INFO [input.cpp->run:256]	frame times (ms): 117.834
2020/03/09 13:04:37 949279	INFO [input.cpp->run:257]	FPS: 8.48652
2020/03/09 13:04:38 038448	INFO [input.cpp->run:173]	
frame_id 24
2020/03/09 13:04:38 080185	INFO [input.cpp->run:235]	rotation: 
[-0.9995792862877561, -0.02898202307289923, 0.001136997388815342;
 0.02900215302886213, -0.998257538270133, 0.0513883489377155;
 -0.000354322100212695, 0.05139970452693167, 0.9986780987036781]
2020/03/09 13:04:38 080253	INFO [input.cpp->run:256]	frame times (ms): 121.109
2020/03/09 13:04:38 080257	INFO [input.cpp->run:257]	FPS: 8.25702
2020/03/09 13:04:38 173966	INFO [input.cpp->run:173]	
frame_id 25
2020/03/09 13:04:38 215889	INFO [input.cpp->run:235]	rotation: 
[-0.9944819904541127, 0.01415623544448595, 0.1039479276391135;
 0.0127233123527253, -0.9672640051549556, 0.2534530758431806;
 0.1041330302315316, 0.2533770813030143, 0.9617465189358182]
2020/03/09 13:04:38 215956	INFO [input.cpp->run:256]	frame times (ms): 125.432
2020/03/09 13:04:38 215962	INFO [input.cpp->run:257]	FPS: 7.97245
2020/03/09 13:04:38 304708	INFO [input.cpp->run:173]	
frame_id 26
2020/03/09 13:04:38 346239	INFO [input.cpp->run:235]	rotation: 
[-0.9998452518450109, -0.003738074358833705, -0.0171900890944289;
 0.003516419394682033, -0.9999105239446977, 0.01290654482349454;
 -0.01723679661733228, 0.01284409999680786, 0.9997689342731366]
2020/03/09 13:04:38 346309	INFO [input.cpp->run:256]	frame times (ms): 125.244
2020/03/09 13:04:38 346315	INFO [input.cpp->run:257]	FPS: 7.98441
2020/03/09 13:04:38 439081	INFO [input.cpp->run:173]	
frame_id 27
2020/03/09 13:04:38 479586	INFO [input.cpp->run:235]	rotation: 
[-0.9881130928141427, 0.02995103143388296, 0.1507827958532268;
 0.004515302885593573, -0.9747592446629612, 0.223212963297262;
 0.1536623826742272, 0.2212404815130812, 0.9630371340144364]
2020/03/09 13:04:38 479659	INFO [input.cpp->run:256]	frame times (ms): 118.455
2020/03/09 13:04:38 479664	INFO [input.cpp->run:257]	FPS: 8.44202
2020/03/09 13:04:38 572527	INFO [input.cpp->run:173]	
frame_id 28
2020/03/09 13:04:38 613237	INFO [input.cpp->run:235]	rotation: 
[-0.9865809868365778, 0.001515598138484325, 0.1632656098964106;
 0.01781565292408682, -0.9929869087579404, 0.1168742980566655;
 0.1622977477460879, 0.1182146437529312, 0.979635002987804]
2020/03/09 13:04:38 613301	INFO [input.cpp->run:256]	frame times (ms): 121.129
2020/03/09 13:04:38 613306	INFO [input.cpp->run:257]	FPS: 8.25566
2020/03/09 13:04:38 706078	INFO [input.cpp->run:173]	
frame_id 29
2020/03/09 13:04:38 748685	INFO [input.cpp->run:235]	rotation: 
[-0.9669155449181005, 0.003181494727441799, 0.255076865056461;
 -0.0169689945185145, -0.9985096687689511, -0.05186997782870271;
 0.2545316919771748, -0.05448228580207282, 0.9655285072503133]
2020/03/09 13:04:38 748747	INFO [input.cpp->run:256]	frame times (ms): 124.289
2020/03/09 13:04:38 748751	INFO [input.cpp->run:257]	FPS: 8.04576
2020/03/09 13:04:38 840034	INFO [input.cpp->run:173]	
frame_id 30
2020/03/09 13:04:38 881204	INFO [input.cpp->run:235]	rotation: 
[-0.9838151947315434, 0.01238077601208877, 0.1787578781499539;
 0.01280433878186381, -0.9902023478497965, 0.1390516422812392;
 0.1787280378779293, 0.1390899949604174, 0.9740175880230375]
2020/03/09 13:04:38 881265	INFO [input.cpp->run:256]	frame times (ms): 124.036
2020/03/09 13:04:38 881268	INFO [input.cpp->run:257]	FPS: 8.06218
2020/03/09 13:04:38 972124	INFO [input.cpp->run:173]	
frame_id 31
2020/03/09 13:04:39 013123	INFO [input.cpp->run:235]	rotation: 
[-0.9801142477450799, -0.1171200110258367, 0.1601841577198074;
 0.05587223945369282, -0.937463400433612, -0.3435704668708861;
 0.1904057620596746, -0.3277884620677752, 0.9253649928053889]
2020/03/09 13:04:39 013191	INFO [input.cpp->run:256]	frame times (ms): 126.816
2020/03/09 13:04:39 013195	INFO [input.cpp->run:257]	FPS: 7.88544
2020/03/09 13:04:39 108550	INFO [input.cpp->run:173]	
frame_id 32
2020/03/09 13:04:39 149865	INFO [input.cpp->run:235]	rotation: 
[-0.9997272505420036, 0.0003577654611866091, 0.02335158511966002;
 0.0009450591479102081, -0.9984439312472585, 0.05575682037855783;
 0.02333519631228537, 0.05576368136515552, 0.998171268096649]
2020/03/09 13:04:39 149936	INFO [input.cpp->run:256]	frame times (ms): 126.224
2020/03/09 13:04:39 149940	INFO [input.cpp->run:257]	FPS: 7.92242
2020/03/09 13:04:39 241625	INFO [input.cpp->run:173]	
frame_id 33
2020/03/09 13:04:39 288581	INFO [input.cpp->run:235]	rotation: 
[-0.9969892754018802, 0.01520021902937544, -0.07603511080476517;
 -0.009633329835200131, -0.9972815546778182, -0.07305271833190118;
 -0.07693883083281257, -0.07210030541442151, 0.9944254432933759]
2020/03/09 13:04:39 288643	INFO [input.cpp->run:256]	frame times (ms): 140.567
2020/03/09 13:04:39 288652	INFO [input.cpp->run:257]	FPS: 7.11405
2020/03/09 13:04:39 373148	INFO [input.cpp->run:173]	
frame_id 34
2020/03/09 13:04:39 417701	INFO [input.cpp->run:235]	rotation: 
[-0.988837575555493, -0.01393771605852392, 0.1483441580939626;
 0.007753634828504407, -0.9990797567127306, -0.04218436764699903;
 0.1487955991166433, -0.04056328139959759, 0.9880356723750496]
2020/03/09 13:04:39 417757	INFO [input.cpp->run:256]	frame times (ms): 136.425
2020/03/09 13:04:39 417759	INFO [input.cpp->run:257]	FPS: 7.33003
2020/03/09 13:04:39 505826	INFO [input.cpp->run:173]	
frame_id 35
2020/03/09 13:04:39 550181	INFO [input.cpp->run:235]	rotation: 
[-0.5401879046500037, -0.1314541339756939, -0.8312140749112342;
 -0.1000536163876868, -0.9706864498651129, 0.2185339559336474;
 -0.8355754313750401, 0.2012153739378878, 0.5112006179314068]
2020/03/09 13:04:39 550250	INFO [input.cpp->run:256]	frame times (ms): 136.778
2020/03/09 13:04:39 550254	INFO [input.cpp->run:257]	FPS: 7.31112
2020/03/09 13:04:39 639539	INFO [input.cpp->run:173]	
frame_id 36
2020/03/09 13:04:39 680234	INFO [input.cpp->run:235]	rotation: 
[-0.9731813024211923, 0.02559741905611367, 0.2286108587872797;
 -0.002320802985843938, -0.9948316898147309, 0.1015111955099922;
 0.2300277515677027, 0.09825823669307659, 0.9682110061503506]
2020/03/09 13:04:39 680306	INFO [input.cpp->run:256]	frame times (ms): 123.533
2020/03/09 13:04:39 680311	INFO [input.cpp->run:257]	FPS: 8.095
2020/03/09 13:04:39 772141	INFO [input.cpp->run:173]	
frame_id 37
2020/03/09 13:04:39 815048	INFO [input.cpp->run:235]	rotation: 
[-0.9988455133758734, 0.01282774445636068, -0.04629351337984951;
 -0.02314595257962864, -0.9729622422950089, 0.2298015229441485;
 -0.04209400536976234, 0.2306077276251399, 0.9721358807653901]
2020/03/09 13:04:39 815116	INFO [input.cpp->run:256]	frame times (ms): 134.737
2020/03/09 13:04:39 815121	INFO [input.cpp->run:257]	FPS: 7.42187
2020/03/09 13:04:39 905300	INFO [input.cpp->run:173]	
frame_id 38
2020/03/09 13:04:39 947419	INFO [input.cpp->run:235]	rotation: 
[0.4882730540354987, 0.04246542306967999, 0.8716571072080809;
 0.3457407638715818, -0.9264991271962808, -0.1485351524118954;
 0.8012819409548314, 0.3738931065799996, -0.4670665862075932]
2020/03/09 13:04:39 947478	INFO [input.cpp->run:256]	frame times (ms): 133.721
2020/03/09 13:04:39 947486	INFO [input.cpp->run:257]	FPS: 7.47826
2020/03/09 13:04:40 041618	INFO [input.cpp->run:173]	
frame_id 39
2020/03/09 13:04:40 083537	INFO [input.cpp->run:235]	rotation: 
[-0.9975083174208235, -0.003239220228133479, -0.07047456369919169;
 -0.01521150266681535, -0.9655731180326842, 0.2596866648853142;
 -0.06888952651089458, 0.260111632160028, 0.9631179429084222]
2020/03/09 13:04:40 083601	INFO [input.cpp->run:256]	frame times (ms): 132.538
2020/03/09 13:04:40 083606	INFO [input.cpp->run:257]	FPS: 7.54501
2020/03/09 13:04:40 174686	INFO [input.cpp->run:173]	
frame_id 40
2020/03/09 13:04:40 217023	INFO [input.cpp->run:235]	rotation: 
[-0.9921661541506402, -0.05143648769202085, -0.1138446761681743;
 -0.06949444730359899, -0.5300318498766163, 0.8451252924332219;
 -0.1038115810104787, 0.8464162840176696, 0.522305111786036]
2020/03/09 13:04:40 217089	INFO [input.cpp->run:256]	frame times (ms): 130.79
2020/03/09 13:04:40 217093	INFO [input.cpp->run:257]	FPS: 7.64584
2020/03/09 13:04:40 306816	INFO [input.cpp->run:173]	
frame_id 41
2020/03/09 13:04:40 352006	INFO [input.cpp->run:235]	rotation: 
[-0.999584126378403, 0.02232496070075468, -0.01825295652859315;
 -0.02657511627566106, -0.9588935864385467, 0.2825187658934472;
 -0.01119542260301265, 0.2828863482332279, 0.9590880963165005]
2020/03/09 13:04:40 352060	INFO [input.cpp->run:256]	frame times (ms): 141.18
2020/03/09 13:04:40 352064	INFO [input.cpp->run:257]	FPS: 7.08316
2020/03/09 13:04:40 440691	INFO [input.cpp->run:173]	
frame_id 42
2020/03/09 13:04:40 481786	INFO [input.cpp->run:235]	rotation: 
[-0.9998979113368978, 0.01035971510864628, -0.009840894622797759;
 -0.01015145500261416, -0.9997283144460867, -0.02098202221227522;
 -0.01005558876641362, -0.02087998078672959, 0.9997314197007646]
2020/03/09 13:04:40 481876	INFO [input.cpp->run:256]	frame times (ms): 149.264
2020/03/09 13:04:40 481883	INFO [input.cpp->run:257]	FPS: 6.69954
2020/03/09 13:04:40 572172	INFO [input.cpp->run:173]	
frame_id 43
2020/03/09 13:04:40 613448	INFO [input.cpp->run:235]	rotation: 
[-0.9986582255648616, -0.004212752835937963, -0.05161396347099501;
 -0.01086323648510357, -0.9574672648025727, 0.2883373491668203;
 -0.05063337441560286, 0.2885111601741316, 0.956136795573869]
2020/03/09 13:04:40 613510	INFO [input.cpp->run:256]	frame times (ms): 138.796
2020/03/09 13:04:40 613513	INFO [input.cpp->run:257]	FPS: 7.20482
2020/03/09 13:04:40 706269	INFO [input.cpp->run:173]	
frame_id 44
2020/03/09 13:04:40 751901	INFO [input.cpp->run:235]	rotation: 
[-0.9998950878982683, 0.01374285201671121, 0.004576812795076436;
 -0.01383225248200155, -0.9997020661683274, -0.02011088486495264;
 0.004299068293079389, -0.02017208261989813, 0.999787279922378]
2020/03/09 13:04:40 751963	INFO [input.cpp->run:256]	frame times (ms): 143.759
2020/03/09 13:04:40 751966	INFO [input.cpp->run:257]	FPS: 6.95609
2020/03/09 13:04:40 840111	INFO [input.cpp->run:173]	
frame_id 45
2020/03/09 13:04:40 886279	INFO [input.cpp->run:235]	rotation: 
[-0.9990209820625511, 0.03314487628435021, -0.02930007806937064;
 -0.03528387588252023, -0.9964998110727699, 0.07578373595067014;
 -0.02668567970809443, 0.07674336263175538, 0.9966936995840234]
2020/03/09 13:04:40 886342	INFO [input.cpp->run:256]	frame times (ms): 148.22
2020/03/09 13:04:40 886347	INFO [input.cpp->run:257]	FPS: 6.74673
2020/03/09 13:04:40 975300	INFO [input.cpp->run:173]	
frame_id 46
2020/03/09 13:04:41 023714	INFO [input.cpp->run:235]	rotation: 
[0.9999720569334312, 0.006922303837174348, -0.002822598432027294;
 -0.00696661796680318, 0.9998476506774456, -0.01600442654072091;
 0.002711380907813725, 0.01602364329291431, 0.9998679369142678]
2020/03/09 13:04:41 023774	INFO [input.cpp->run:256]	frame times (ms): 141.441
2020/03/09 13:04:41 023778	INFO [input.cpp->run:257]	FPS: 7.07009
2020/03/09 13:04:41 105530	INFO [input.cpp->run:173]	
frame_id 47
2020/03/09 13:04:41 147619	INFO [input.cpp->run:235]	rotation: 
[-0.9935099120339141, 0.01600160055698885, -0.1126144016988003;
 -0.009166561424807596, -0.9980985887663814, -0.06095228670200328;
 -0.1133756095551835, -0.05952441416908319, 0.9917675207808624]
2020/03/09 13:04:41 147682	INFO [input.cpp->run:256]	frame times (ms): 138.588
2020/03/09 13:04:41 147686	INFO [input.cpp->run:257]	FPS: 7.21563
2020/03/09 13:04:41 238893	INFO [input.cpp->run:173]	
frame_id 48
2020/03/09 13:04:41 280019	INFO [input.cpp->run:235]	rotation: 
[-0.8428273851334579, -0.09221484197191472, 0.5302248785083483;
 -0.08680317426939176, -0.949019661970617, -0.3030295202285306;
 0.5311376542911033, -0.301426780683586, 0.7918552191410206]
2020/03/09 13:04:41 280089	INFO [input.cpp->run:256]	frame times (ms): 136.698
2020/03/09 13:04:41 280093	INFO [input.cpp->run:257]	FPS: 7.3154
2020/03/09 13:04:41 375800	INFO [input.cpp->run:173]	
frame_id 49
2020/03/09 13:04:41 418793	INFO [input.cpp->run:235]	rotation: 
[-0.9899292494076801, 0.03751263145695655, 0.1365023210363901;
 -0.01291849738280184, -0.9841664067989337, 0.176775553043531;
 0.1409723149860202, 0.1732318856609552, 0.9747397192060208]
2020/03/09 13:04:41 418862	INFO [input.cpp->run:256]	frame times (ms): 132.164
2020/03/09 13:04:41 418869	INFO [input.cpp->run:257]	FPS: 7.56636
2020/03/09 13:04:41 506598	INFO [input.cpp->run:173]	
frame_id 50
2020/03/09 13:04:41 549013	INFO [input.cpp->run:235]	rotation: 
[-0.999870027727302, 0.004449526801635411, -0.01549610802252853;
 -0.008152241564933497, -0.9687653715215201, 0.2478451046485248;
 -0.01390929940979472, 0.2479392196729125, 0.9686757325018087]
2020/03/09 13:04:41 549077	INFO [input.cpp->run:256]	frame times (ms): 130.934
2020/03/09 13:04:41 549083	INFO [input.cpp->run:257]	FPS: 7.63744
2020/03/09 13:04:41 640504	INFO [input.cpp->run:173]	
frame_id 51
2020/03/09 13:04:41 683944	INFO [input.cpp->run:235]	rotation: 
[-0.9965530998099078, -0.004877333420164309, -0.08281383264873372;
 -0.01718983026058535, -0.9644628617078355, 0.2636586773120601;
 -0.08115681730376194, 0.2641734278935739, 0.9610546139528616]
2020/03/09 13:04:41 683990	INFO [input.cpp->run:256]	frame times (ms): 139.268
2020/03/09 13:04:41 683995	INFO [input.cpp->run:257]	FPS: 7.1804
2020/03/09 13:04:41 775238	INFO [input.cpp->run:173]	
frame_id 52
2020/03/09 13:04:41 815897	INFO [input.cpp->run:235]	rotation: 
[-0.9999810741483148, 0.005006352801782103, 0.003576000112788481;
 -0.005044811266515714, -0.9999286518669931, -0.01082779085238591;
 0.003521537230785848, -0.01084562617288021, 0.9999349834706506]
2020/03/09 13:04:41 815948	INFO [input.cpp->run:256]	frame times (ms): 137.729
2020/03/09 13:04:41 815954	INFO [input.cpp->run:257]	FPS: 7.26063
2020/03/09 13:04:41 906729	INFO [input.cpp->run:173]	
frame_id 53
2020/03/09 13:04:41 947592	INFO [input.cpp->run:235]	rotation: 
[-0.9999261965437061, 0.01210110814782451, -0.001079188228449723;
 -0.01208549113834773, -0.9998363387699346, -0.01346241356806224;
 -0.001241921729694644, -0.01344837747563932, 0.9999087952276898]
2020/03/09 13:04:41 947642	INFO [input.cpp->run:256]	frame times (ms): 135.627
2020/03/09 13:04:41 947650	INFO [input.cpp->run:257]	FPS: 7.37316
2020/03/09 13:04:42 042620	INFO [input.cpp->run:173]	
frame_id 54
2020/03/09 13:04:42 083224	INFO [input.cpp->run:235]	rotation: 
[-0.999964811124795, 0.0046267432173235, -0.00699783962048137;
 -0.004607521621141983, -0.9999855753034589, -0.002760421982439593;
 -0.007010510442452603, -0.002728082148942288, 0.9999717047552515]
2020/03/09 13:04:42 083268	INFO [input.cpp->run:256]	frame times (ms): 137.758
2020/03/09 13:04:42 083271	INFO [input.cpp->run:257]	FPS: 7.25911
2020/03/09 13:04:42 173671	INFO [input.cpp->run:173]	
frame_id 55
2020/03/09 13:04:42 215035	INFO [input.cpp->run:235]	rotation: 
[-0.8090270119827511, 0.1999402091926433, 0.5527198265217774;
 -0.05977881307850533, -0.9634784967206902, 0.2610281208294692;
 0.5847236846487294, 0.1781378654437088, 0.7914323177037778]
2020/03/09 13:04:42 215082	INFO [input.cpp->run:256]	frame times (ms): 138.141
2020/03/09 13:04:42 215086	INFO [input.cpp->run:257]	FPS: 7.23898
2020/03/09 13:04:42 308488	INFO [input.cpp->run:173]	
frame_id 56
2020/03/09 13:04:42 348263	INFO [input.cpp->run:235]	rotation: 
[-0.9974284634261136, -0.01963529970209908, 0.0689268841094003;
 0.02119083284048954, -0.9995353500430615, 0.02190964668407414;
 0.06846465475665807, 0.02331392330568321, 0.9973810966872938]
2020/03/09 13:04:42 348311	INFO [input.cpp->run:256]	frame times (ms): 132.511
2020/03/09 13:04:42 348314	INFO [input.cpp->run:257]	FPS: 7.54654
2020/03/09 13:04:42 439774	INFO [input.cpp->run:173]	
frame_id 57
2020/03/09 13:04:42 480926	INFO [input.cpp->run:235]	rotation: 
[-0.8500590103483054, -0.06258140007987355, 0.522956257529922;
 -0.07227525988517482, -0.9696620188641534, -0.2335205686461574;
 0.5217048645874311, -0.2363030629008796, 0.8197468491732506]
2020/03/09 13:04:42 480983	INFO [input.cpp->run:256]	frame times (ms): 134.817
2020/03/09 13:04:42 480991	INFO [input.cpp->run:257]	FPS: 7.41746
2020/03/09 13:04:42 573539	INFO [input.cpp->run:173]	
frame_id 58
2020/03/09 13:04:42 615715	INFO [input.cpp->run:235]	rotation: 
[-0.9993387127884066, 0.01598013431555442, 0.0326614823556334;
 -0.01533098670245243, -0.9996818342794144, 0.02002975432886412;
 0.03297116875604713, 0.01951577615679849, 0.999265748693439]
2020/03/09 13:04:42 615761	INFO [input.cpp->run:256]	frame times (ms): 140.481
2020/03/09 13:04:42 615777	INFO [input.cpp->run:257]	FPS: 7.1184
2020/03/09 13:04:42 708598	INFO [input.cpp->run:173]	
frame_id 59
2020/03/09 13:04:42 749619	INFO [input.cpp->run:235]	rotation: 
[-0.9893532620744278, -0.09178299034694364, 0.1129424876017064;
 0.04621826417774642, -0.9340336623211816, -0.3541821419937447;
 0.1379999814459581, -0.345191251821152, 0.9283313011996643]
2020/03/09 13:04:42 749668	INFO [input.cpp->run:256]	frame times (ms): 146.986
2020/03/09 13:04:42 749671	INFO [input.cpp->run:257]	FPS: 6.80337
2020/03/09 13:04:42 841563	INFO [input.cpp->run:173]	
frame_id 60
2020/03/09 13:04:42 884151	INFO [input.cpp->run:235]	rotation: 
[-0.9955684451421589, -0.007181681114056904, 0.09376510274937046;
 0.01015838775077565, -0.9994581671595626, 0.03130781462115789;
 0.0934894549964267, 0.03212157459440454, 0.9951019677651373]
2020/03/09 13:04:42 884198	INFO [input.cpp->run:256]	frame times (ms): 141.282
2020/03/09 13:04:42 884201	INFO [input.cpp->run:257]	FPS: 7.07804
2020/03/09 13:04:42 975301	INFO [input.cpp->run:173]	
frame_id 61
2020/03/09 13:04:43 017430	INFO [input.cpp->run:235]	rotation: 
[-0.9871334192089558, -0.01517088094041365, -0.1591774388923499;
 -0.02298234649849313, -0.9716911744525385, 0.2351341600883834;
 -0.1582385048913797, 0.2357670584762386, 0.9588401690100405]
2020/03/09 13:04:43 017472	INFO [input.cpp->run:256]	frame times (ms): 142.421
2020/03/09 13:04:43 017475	INFO [input.cpp->run:257]	FPS: 7.02144
2020/03/09 13:04:43 106907	INFO [input.cpp->run:173]	
frame_id 62
2020/03/09 13:04:43 147149	INFO [input.cpp->run:235]	rotation: 
[-0.9984633679000222, -0.00196450431478664, -0.0553808963862281;
 -0.006960561722412934, -0.9870106548638303, 0.160503949377519;
 -0.05497684551020936, 0.1606427960042712, 0.9854803085550097]
2020/03/09 13:04:43 147198	INFO [input.cpp->run:256]	frame times (ms): 134.825
2020/03/09 13:04:43 147201	INFO [input.cpp->run:257]	FPS: 7.41702
2020/03/09 13:04:43 239792	INFO [input.cpp->run:173]	
frame_id 63
2020/03/09 13:04:43 280684	INFO [input.cpp->run:235]	rotation: 
[-0.9979201639497122, -0.0113799967649146, -0.06344952368781057;
 0.004208781522682914, -0.9936959498741554, 0.1120296628656639;
 -0.06432443191100737, 0.1115296143512141, 0.9916771211346948]
2020/03/09 13:04:43 280731	INFO [input.cpp->run:256]	frame times (ms): 138.999
2020/03/09 13:04:43 280734	INFO [input.cpp->run:257]	FPS: 7.1943
2020/03/09 13:04:43 376507	INFO [input.cpp->run:173]	
frame_id 64
2020/03/09 13:04:43 416013	INFO [input.cpp->run:235]	rotation: 
[-0.9998795991532134, 0.01080898322268195, -0.01113342170677386;
 -0.01070313468831666, -0.9998973687562592, -0.009523385015480104;
 -0.01123521717871247, -0.009403075879790538, 0.9998926702696376]
2020/03/09 13:04:43 416056	INFO [input.cpp->run:256]	frame times (ms): 128.925
2020/03/09 13:04:43 416059	INFO [input.cpp->run:257]	FPS: 7.75645
2020/03/09 13:04:43 506915	INFO [input.cpp->run:173]	
frame_id 65
2020/03/09 13:04:43 548377	INFO [input.cpp->run:235]	rotation: 
[-0.996201147827338, -0.00551071822909171, -0.08690745107350574;
 -0.006544036351284648, -0.9904363026510296, 0.1378154780102409;
 -0.0868357567809903, 0.1378606629011977, 0.9866377192104078]
2020/03/09 13:04:43 548426	INFO [input.cpp->run:256]	frame times (ms): 142.253
2020/03/09 13:04:43 548429	INFO [input.cpp->run:257]	FPS: 7.02973
2020/03/09 13:04:43 640070	INFO [input.cpp->run:173]	
frame_id 66
2020/03/09 13:04:43 683072	INFO [input.cpp->run:235]	rotation: 
[-0.9935321655827035, -0.0003587260267488845, -0.1135504613296708;
 -0.02201947001662076, -0.9804043992541339, 0.1957609686922496;
 -0.1113955963794372, 0.1969951401400007, 0.9740554069807784]
2020/03/09 13:04:43 683126	INFO [input.cpp->run:256]	frame times (ms): 137.31
2020/03/09 13:04:43 683130	INFO [input.cpp->run:257]	FPS: 7.28279
2020/03/09 13:04:43 774106	INFO [input.cpp->run:173]	
frame_id 67
2020/03/09 13:04:43 816661	INFO [input.cpp->run:235]	rotation: 
[-0.9980540811696389, -0.008175306323237682, -0.06181598035418619;
 0.001712261035869453, -0.9945872116562262, 0.1038910322021983;
 -0.06233072454875643, 0.1035830235917759, 0.992665823931101]
2020/03/09 13:04:43 816713	INFO [input.cpp->run:256]	frame times (ms): 123.833
2020/03/09 13:04:43 816716	INFO [input.cpp->run:257]	FPS: 8.07539
2020/03/09 13:04:43 910951	INFO [input.cpp->run:173]	
frame_id 68
2020/03/09 13:04:43 951338	INFO [input.cpp->run:235]	rotation: 
[-0.9999518712172947, -0.009186194145018232, -0.003445154011200162;
 0.009135009718557435, -0.9998518382117871, 0.01458949011967254;
 -0.003578665459737332, 0.01455731642989855, 0.9998876325327196]
2020/03/09 13:04:43 951388	INFO [input.cpp->run:256]	frame times (ms): 111.556
2020/03/09 13:04:43 951390	INFO [input.cpp->run:257]	FPS: 8.96411
2020/03/09 13:04:44 041856	INFO [input.cpp->run:173]	
frame_id 69
2020/03/09 13:04:44 085886	INFO [input.cpp->run:235]	rotation: 
[-0.9999987050287955, 0.001391029710965426, 0.0008093065397777766;
 -0.001378068074314331, -0.9998741956033376, 0.01580170544470444;
 0.0008311853672143329, 0.0158005697024461, 0.9998748177286814]
2020/03/09 13:04:44 085958	INFO [input.cpp->run:256]	frame times (ms): 131.5
2020/03/09 13:04:44 085964	INFO [input.cpp->run:257]	FPS: 7.60456
2020/03/09 13:04:44 175063	INFO [input.cpp->run:173]	
frame_id 70
2020/03/09 13:04:44 219959	INFO [input.cpp->run:235]	rotation: 
[-0.9893324134667688, -0.05425264146002488, -0.135196252013983;
 0.05114042723188333, -0.9983427353130889, 0.0263901411538518;
 -0.1364039309058169, 0.01919462795132444, 0.9904673310570378]
2020/03/09 13:04:44 220030	INFO [input.cpp->run:256]	frame times (ms): 138.857
2020/03/09 13:04:44 220036	INFO [input.cpp->run:257]	FPS: 7.20165
2020/03/09 13:04:44 307782	INFO [input.cpp->run:173]	
frame_id 71
2020/03/09 13:04:44 354280	INFO [input.cpp->run:235]	rotation: 
[0.9998958462221775, -0.01136991815342035, -0.008889413300097898;
 0.01149029257467805, 0.9998413634153139, 0.01360959883150502;
 0.008733263089117009, -0.01371032330000743, 0.999867869846224]
2020/03/09 13:04:44 354340	INFO [input.cpp->run:256]	frame times (ms): 135.174
2020/03/09 13:04:44 354347	INFO [input.cpp->run:257]	FPS: 7.39787
2020/03/09 13:04:44 442591	INFO [input.cpp->run:173]	
frame_id 72
2020/03/09 13:04:44 485949	INFO [input.cpp->run:235]	rotation: 
[-0.9597263196373372, -0.2478534265641427, -0.1322651516302943;
 0.1983160081236155, -0.9311689254651374, 0.3059333149070487;
 -0.1989878195199036, 0.2673819574850076, 0.9428206279532707]
2020/03/09 13:04:44 486011	INFO [input.cpp->run:256]	frame times (ms): 125.778
2020/03/09 13:04:44 486016	INFO [input.cpp->run:257]	FPS: 7.95052
2020/03/09 13:04:44 573595	INFO [input.cpp->run:173]	
frame_id 73
2020/03/09 13:04:44 615987	INFO [input.cpp->run:235]	rotation: 
[-0.9996647306112384, 0.007687234410901197, -0.02472514507686711;
 -0.007679231612798764, -0.9999704266485073, -0.0004186051112743149;
 -0.02472763178707701, -0.0002285946500892118, 0.9996941992282875]
2020/03/09 13:04:44 616048	INFO [input.cpp->run:256]	frame times (ms): 131.025
2020/03/09 13:04:44 616052	INFO [input.cpp->run:257]	FPS: 7.63213
2020/03/09 13:04:44 708214	INFO [input.cpp->run:173]	
frame_id 74
2020/03/09 13:04:44 755481	INFO [input.cpp->run:235]	rotation: 
[-0.9888905675929118, -0.02885126552366418, -0.145818550957866;
 -0.010838645768941, -0.9643761097259858, 0.2643127744693186;
 -0.1482496849361379, 0.2629568851873943, 0.9533497298729773]
2020/03/09 13:04:44 755557	INFO [input.cpp->run:256]	frame times (ms): 140.45
2020/03/09 13:04:44 755563	INFO [input.cpp->run:257]	FPS: 7.11997
2020/03/09 13:04:44 843651	INFO [input.cpp->run:173]	
frame_id 75
2020/03/09 13:04:44 886519	INFO [input.cpp->run:235]	rotation: 
[0.9999855004511928, -0.004851460126600789, -0.002337139708591134;
 0.004837066560160724, 0.999969540631074, -0.006125405878085618;
 0.002366785683167297, 0.006114012162133275, 0.9999785083594603]
2020/03/09 13:04:44 886583	INFO [input.cpp->run:256]	frame times (ms): 129.666
2020/03/09 13:04:44 886589	INFO [input.cpp->run:257]	FPS: 7.71212
2020/03/09 13:04:44 976361	INFO [input.cpp->run:173]	
frame_id 76
2020/03/09 13:04:45 021388	INFO [input.cpp->run:235]	rotation: 
[-0.9998307917630858, 0.009130544815205472, -0.01596937674984929;
 -0.009113093887633596, -0.9999577960183181, -0.001165204695636423;
 -0.01597934173225786, -0.001019477103755861, 0.9998718024348119]
2020/03/09 13:04:45 021452	INFO [input.cpp->run:256]	frame times (ms): 136.029
2020/03/09 13:04:45 021458	INFO [input.cpp->run:257]	FPS: 7.35137
2020/03/09 13:04:45 107630	INFO [input.cpp->run:173]	
frame_id 77
2020/03/09 13:04:45 151657	INFO [input.cpp->run:235]	rotation: 
[-0.9997921309554565, 0.00655009211006411, -0.01930780083015575;
 -0.009463033122149755, -0.9878886822272275, 0.1548754419896227;
 -0.01805950950818941, 0.1550259585382447, 0.9877453144893278]
2020/03/09 13:04:45 151719	INFO [input.cpp->run:256]	frame times (ms): 137.182
2020/03/09 13:04:45 151724	INFO [input.cpp->run:257]	FPS: 7.28959
2020/03/09 13:04:45 241459	INFO [input.cpp->run:173]	
frame_id 78
2020/03/09 13:04:45 282916	INFO [input.cpp->run:235]	rotation: 
[-0.9998823025770098, 0.006740415803084517, -0.01378215469723433;
 -0.006737843486864438, -0.9999772733143734, -0.0002330662943936677;
 -0.01378341243827117, -0.0001401768618297132, 0.9999049944329728]
2020/03/09 13:04:45 282978	INFO [input.cpp->run:256]	frame times (ms): 130.975
2020/03/09 13:04:45 282983	INFO [input.cpp->run:257]	FPS: 7.63504
2020/03/09 13:04:45 376237	INFO [input.cpp->run:173]	
frame_id 79
2020/03/09 13:04:45 418331	INFO [input.cpp->run:235]	rotation: 
[-0.9963246566222214, 0.03879900504002715, 0.07636632644377132;
 -0.0264944889372038, -0.9874017720077921, 0.1559993034978955;
 0.08145686381496088, 0.153402665699707, 0.984800691253644]
2020/03/09 13:04:45 418401	INFO [input.cpp->run:256]	frame times (ms): 139.419
2020/03/09 13:04:45 418409	INFO [input.cpp->run:257]	FPS: 7.17262
2020/03/09 13:04:45 507355	INFO [input.cpp->run:173]	
frame_id 80
2020/03/09 13:04:45 552311	INFO [input.cpp->run:235]	rotation: 
[-0.9995398696249503, 0.0141515415981395, -0.02682877001529241;
 -0.01405194931715262, -0.9998936721718957, -0.003897059274588551;
 -0.02688106676688073, -0.003518269602746511, 0.9996324474668059]
2020/03/09 13:04:45 552372	INFO [input.cpp->run:256]	frame times (ms): 129.679
2020/03/09 13:04:45 552377	INFO [input.cpp->run:257]	FPS: 7.71135
2020/03/09 13:04:45 642358	INFO [input.cpp->run:173]	
frame_id 81
2020/03/09 13:04:45 683139	INFO [input.cpp->run:235]	rotation: 
[-0.9997811128573959, 0.01399992267060501, 0.01554762164589988;
 -0.0145984123411403, -0.9991297513920079, -0.03907206470692997;
 0.01498708546532706, -0.03929048292604152, 0.9991154313795245]
2020/03/09 13:04:45 683206	INFO [input.cpp->run:256]	frame times (ms): 121.115
2020/03/09 13:04:45 683226	INFO [input.cpp->run:257]	FPS: 8.25662
2020/03/09 13:04:45 775270	INFO [input.cpp->run:173]	
frame_id 82
2020/03/09 13:04:45 816928	INFO [input.cpp->run:235]	rotation: 
[-0.98324569386951, 0.03749698067763479, 0.1783868883273848;
 -0.02089517690093295, -0.995348085614882, 0.09405094388185742;
 0.1810836742209095, 0.08874775998779158, 0.9794552251266024]
2020/03/09 13:04:45 816991	INFO [input.cpp->run:256]	frame times (ms): 128.912
2020/03/09 13:04:45 816995	INFO [input.cpp->run:257]	FPS: 7.75723
2020/03/09 13:04:45 910077	INFO [input.cpp->run:173]	
frame_id 83
2020/03/09 13:04:45 951565	INFO [input.cpp->run:235]	rotation: 
[-0.9910921946641252, 0.03869623243561758, -0.1274317985086;
 -0.03337028906730753, -0.998488614863785, -0.04366817828767625;
 -0.1289289939595129, -0.03902675470351848, 0.9908855771146835]
2020/03/09 13:04:45 951634	INFO [input.cpp->run:256]	frame times (ms): 136.988
2020/03/09 13:04:45 951641	INFO [input.cpp->run:257]	FPS: 7.29991
2020/03/09 13:04:46 041560	INFO [input.cpp->run:173]	
frame_id 84
2020/03/09 13:04:46 083079	INFO [input.cpp->run:235]	rotation: 
[0.9999863594109716, -0.004569638550118675, -0.002529702652964546;
 0.004551624928732834, 0.9999645677287856, -0.007081383868358351;
 0.002561972384567093, 0.007069773016453736, 0.9999717269038143]
2020/03/09 13:04:46 083143	INFO [input.cpp->run:256]	frame times (ms): 130.292
2020/03/09 13:04:46 083148	INFO [input.cpp->run:257]	FPS: 7.67507
2020/03/09 13:04:46 175825	INFO [input.cpp->run:173]	
frame_id 85
2020/03/09 13:04:46 217485	INFO [input.cpp->run:235]	rotation: 
[-0.9998081930675058, -0.005838053176518847, -0.01869476424556524;
 0.005636815205671216, -0.9999258005041259, 0.01079906479840074;
 -0.01875642261803247, 0.01069161453154211, 0.999766915830526]
2020/03/09 13:04:46 217555	INFO [input.cpp->run:256]	frame times (ms): 134.271
2020/03/09 13:04:46 217559	INFO [input.cpp->run:257]	FPS: 7.44762
2020/03/09 13:04:46 308504	INFO [input.cpp->run:173]	
frame_id 86
2020/03/09 13:04:46 349769	INFO [input.cpp->run:235]	rotation: 
[-0.9878379772114502, -0.005002266284897227, 0.1554062679263788;
 0.006752666190322457, -0.9999195504600451, 0.01073750935288477;
 0.1553400536825983, 0.01165632617063337, 0.9877922847350507]
2020/03/09 13:04:46 349832	INFO [input.cpp->run:256]	frame times (ms): 131.586
2020/03/09 13:04:46 349843	INFO [input.cpp->run:257]	FPS: 7.59959
2020/03/09 13:04:46 443376	INFO [input.cpp->run:173]	
frame_id 87
2020/03/09 13:04:46 484568	INFO [input.cpp->run:235]	rotation: 
[-0.9997464177323101, 0.004336224137819581, 0.02209745215267824;
 -0.003484315486606947, -0.999254602149687, 0.038446061284097;
 0.02224769149829043, 0.03835931754994271, 0.9990163176745914]
2020/03/09 13:04:46 484640	INFO [input.cpp->run:256]	frame times (ms): 123.988
2020/03/09 13:04:46 484645	INFO [input.cpp->run:257]	FPS: 8.0653
2020/03/09 13:04:46 575157	INFO [input.cpp->run:173]	
frame_id 88
2020/03/09 13:04:46 616520	INFO [input.cpp->run:235]	rotation: 
[-0.9999643652983603, 0.007347691074823082, 0.004156870134657369;
 -0.007348668115278447, -0.9999729740134681, -0.0002198171773611251;
 0.004155142642428906, -0.0002503568032595045, 0.9999913360180135]
2020/03/09 13:04:46 616586	INFO [input.cpp->run:256]	frame times (ms): 128.139
2020/03/09 13:04:46 616592	INFO [input.cpp->run:257]	FPS: 7.80402
2020/03/09 13:04:46 707528	INFO [input.cpp->run:173]	
frame_id 89
2020/03/09 13:04:46 749620	INFO [input.cpp->run:235]	rotation: 
[-0.996453024641423, -0.01594228059580959, -0.08262695306232705;
 0.02250470393324869, -0.9966118366243879, -0.07910995766046887;
 -0.08108580630317704, -0.08068885170560323, 0.9934356553026445]
2020/03/09 13:04:46 749680	INFO [input.cpp->run:256]	frame times (ms): 131.298
2020/03/09 13:04:46 749684	INFO [input.cpp->run:257]	FPS: 7.61626
2020/03/09 13:04:46 842039	INFO [input.cpp->run:173]	
frame_id 90
2020/03/09 13:04:46 884122	INFO [input.cpp->run:235]	rotation: 
[0.999968492790915, 0.006137622243458387, -0.00503418500476575;
 -0.006200951693577873, 0.9999006027990927, -0.01266225572735861;
 0.004955968478462832, 0.01269307351305101, 0.9999071578207812]
2020/03/09 13:04:46 884182	INFO [input.cpp->run:256]	frame times (ms): 128.921
2020/03/09 13:04:46 884187	INFO [input.cpp->run:257]	FPS: 7.75669
2020/03/09 13:04:46 974774	INFO [input.cpp->run:173]	
frame_id 91
2020/03/09 13:04:47 017657	INFO [input.cpp->run:235]	rotation: 
[-0.9999581217233589, 0.00749910127987858, 0.005245786831951781;
 -0.007361866810367509, -0.9996423759742354, 0.02570842417674975;
 0.005436700889194161, 0.02566872876827767, 0.9996557200590925]
2020/03/09 13:04:47 017719	INFO [input.cpp->run:256]	frame times (ms): 135.403
2020/03/09 13:04:47 017732	INFO [input.cpp->run:257]	FPS: 7.38536
2020/03/09 13:04:47 107887	INFO [input.cpp->run:173]	
frame_id 92
2020/03/09 13:04:47 150551	INFO [input.cpp->run:235]	rotation: 
[0.4535828860547126, -0.3692533534820637, 0.8111193046775103;
 -0.3703118689665803, 0.7497527776447854, 0.5483975675697397;
 -0.8106365925498034, -0.5491108570736687, 0.2033361292615387]
2020/03/09 13:04:47 150617	INFO [input.cpp->run:256]	frame times (ms): 136.886
2020/03/09 13:04:47 150621	INFO [input.cpp->run:257]	FPS: 7.30535
2020/03/09 13:04:47 240479	INFO [input.cpp->run:173]	
frame_id 93
2020/03/09 13:04:47 281896	INFO [input.cpp->run:235]	rotation: 
[-0.9998385305054766, 0.009299468851486841, 0.01537637134468181;
 -0.009348859798115058, -0.9999513578166199, -0.003143377351391208;
 0.01534639166463941, -0.003286621331744366, 0.9998768356068151]
2020/03/09 13:04:47 281961	INFO [input.cpp->run:256]	frame times (ms): 131.008
2020/03/09 13:04:47 281974	INFO [input.cpp->run:257]	FPS: 7.63312
2020/03/09 13:04:47 374612	INFO [input.cpp->run:173]	
frame_id 94
2020/03/09 13:04:47 417890	INFO [input.cpp->run:235]	rotation: 
[-0.9999560553873328, 0.008019710313907082, 0.004855053108507017;
 -0.007625564847600452, -0.9970497549067743, 0.07637824952888338;
 0.005453260947401248, 0.07633787059397416, 0.9970670947625426]
2020/03/09 13:04:47 417948	INFO [input.cpp->run:256]	frame times (ms): 133.782
2020/03/09 13:04:47 417953	INFO [input.cpp->run:257]	FPS: 7.47485
2020/03/09 13:04:47 508095	INFO [input.cpp->run:173]	
frame_id 95
2020/03/09 13:04:47 549034	INFO [input.cpp->run:235]	rotation: 
[-0.999725941331168, 0.00724039610770877, 0.02226249971844034;
 -0.006531878264422312, -0.9994749656786464, 0.03173527293103694;
 0.02248058708861599, 0.03158115966635986, 0.9992483442859834]
2020/03/09 13:04:47 549104	INFO [input.cpp->run:256]	frame times (ms): 127.303
2020/03/09 13:04:47 549106	INFO [input.cpp->run:257]	FPS: 7.85527
2020/03/09 13:04:47 642169	INFO [input.cpp->run:173]	
frame_id 96
2020/03/09 13:04:47 684051	INFO [input.cpp->run:235]	rotation: 
[-0.9999140242643173, 0.01146229345651172, -0.00636866612840006;
 -0.01133862864921902, -0.9997527884549783, -0.01912583270999235;
 -0.006586317627728813, -0.01905197641223378, 0.9997968006624616]
2020/03/09 13:04:47 684118	INFO [input.cpp->run:256]	frame times (ms): 129.395
2020/03/09 13:04:47 684123	INFO [input.cpp->run:257]	FPS: 7.72827
2020/03/09 13:04:47 774633	INFO [input.cpp->run:173]	
frame_id 97
2020/03/09 13:04:47 816497	INFO [input.cpp->run:235]	rotation: 
[-0.9910693921549069, -0.005001592344985768, -0.1332533076802146;
 -0.02065661781469714, -0.9814751957784301, 0.1904724237577444;
 -0.1317374816601596, 0.191523951885154, 0.9726067097137118]
2020/03/09 13:04:47 816558	INFO [input.cpp->run:256]	frame times (ms): 134.44
2020/03/09 13:04:47 816564	INFO [input.cpp->run:257]	FPS: 7.43826
2020/03/09 13:04:47 908974	INFO [input.cpp->run:173]	
frame_id 98
2020/03/09 13:04:47 950916	INFO [input.cpp->run:235]	rotation: 
[-0.9440742354626336, -0.03124826693789602, -0.3282489661050312;
 -0.03753482686310165, -0.9788438381176799, 0.2011364644996182;
 -0.3275896437740377, 0.2022085220568787, 0.9229283498189733]
2020/03/09 13:04:47 950983	INFO [input.cpp->run:256]	frame times (ms): 130.913
2020/03/09 13:04:47 950988	INFO [input.cpp->run:257]	FPS: 7.63866
2020/03/09 13:04:48 040524	INFO [input.cpp->run:173]	
frame_id 99
2020/03/09 13:04:48 084758	INFO [input.cpp->run:235]	rotation: 
[-0.9977236623125656, 0.001976189984682888, 0.06740614463641981;
 -0.003088553358168751, -0.9998607048805811, -0.01640218503313655;
 0.0673643414556637, -0.01657303559556737, 0.9975907878440901]
2020/03/09 13:04:48 084822	INFO [input.cpp->run:256]	frame times (ms): 135.143
2020/03/09 13:04:48 084838	INFO [input.cpp->run:257]	FPS: 7.39957
2020/03/09 13:04:48 179801	INFO [input.cpp->run:173]	
frame_id 100
2020/03/09 13:04:48 220780	INFO [input.cpp->run:235]	rotation: 
[-0.9999098055178265, 0.01248910829200399, 0.004939939612288284;
 -0.01250668341345864, -0.9999155113918829, -0.003543013957728817;
 0.004895273158668102, -0.003604476658232059, 0.9999815218536403]
2020/03/09 13:04:48 220846	INFO [input.cpp->run:256]	frame times (ms): 129.119
2020/03/09 13:04:48 220851	INFO [input.cpp->run:257]	FPS: 7.74479
2020/03/09 13:04:48 308887	INFO [input.cpp->run:173]	
frame_id 101
2020/03/09 13:04:48 350208	INFO [input.cpp->run:235]	rotation: 
[-0.9834620719488713, -0.01858374891468284, -0.1801582563034768;
 -0.01967343778334794, -0.9778745599691049, 0.2082649773990197;
 -0.180042519655269, 0.2083650384337677, 0.9613369346252523]
2020/03/09 13:04:48 350279	INFO [input.cpp->run:256]	frame times (ms): 132.685
2020/03/09 13:04:48 350283	INFO [input.cpp->run:257]	FPS: 7.53665
2020/03/09 13:04:48 442348	INFO [input.cpp->run:173]	
frame_id 102
2020/03/09 13:04:48 485813	INFO [input.cpp->run:235]	rotation: 
[-0.9939418203955874, -0.006212650205603625, -0.1097317668049166;
 -0.007845717825750836, -0.9918433913064485, 0.1272207995318454;
 -0.1096271060482054, 0.127310997557737, 0.9857858832020018]
2020/03/09 13:04:48 485872	INFO [input.cpp->run:256]	frame times (ms): 141.648
2020/03/09 13:04:48 485877	INFO [input.cpp->run:257]	FPS: 7.05975
2020/03/09 13:04:48 574400	INFO [input.cpp->run:173]	
frame_id 103
2020/03/09 13:04:48 619617	INFO [input.cpp->run:235]	rotation: 
[0.9999296579500887, -0.01162965258211945, -0.002330307412706126;
 0.01162974399030188, 0.9999323719108822, 2.56787285295617e-05;
 0.002329851183777198, -5.277780086363282e-05, 0.9999972845002957]
2020/03/09 13:04:48 619681	INFO [input.cpp->run:256]	frame times (ms): 143.567
2020/03/09 13:04:48 619688	INFO [input.cpp->run:257]	FPS: 6.96539
2020/03/09 13:04:48 708009	INFO [input.cpp->run:173]	
frame_id 104
2020/03/09 13:04:48 753752	INFO [input.cpp->run:235]	rotation: 
[-0.8086456881836664, 0.08953261686876321, 0.5814430853476509;
 0.008935489289189504, -0.9863680370107125, 0.1643114499808104;
 0.5882281088260974, 0.1380652240075858, 0.7968222423518356]
2020/03/09 13:04:48 753820	INFO [input.cpp->run:256]	frame times (ms): 143.484
2020/03/09 13:04:48 753825	INFO [input.cpp->run:257]	FPS: 6.96942
2020/03/09 13:04:48 841335	INFO [input.cpp->run:173]	
frame_id 105
2020/03/09 13:04:48 883536	INFO [input.cpp->run:235]	rotation: 
[-0.9999134874423008, 0.00959393770388574, -0.008998554901189063;
 -0.009443534877463128, -0.9998174427346791, -0.01661026346885464;
 -0.009156269982579783, -0.01652384830542175, 0.9998215466557949]
2020/03/09 13:04:48 883598	INFO [input.cpp->run:256]	frame times (ms): 146.627
2020/03/09 13:04:48 883603	INFO [input.cpp->run:257]	FPS: 6.82003
2020/03/09 13:04:48 976438	INFO [input.cpp->run:173]	
frame_id 106
2020/03/09 13:04:49 018508	INFO [input.cpp->run:235]	rotation: 
[-0.9949977657399234, 0.01372902222919187, -0.09894928054913256;
 -0.04007481443143571, -0.9621723098043563, 0.2694781169112548;
 -0.09150658676208275, 0.2720954982986309, 0.9579094865303164]
2020/03/09 13:04:49 018568	INFO [input.cpp->run:256]	frame times (ms): 139.191
2020/03/09 13:04:49 018572	INFO [input.cpp->run:257]	FPS: 7.18437
2020/03/09 13:04:49 108030	INFO [input.cpp->run:173]	
frame_id 107
2020/03/09 13:04:49 152791	INFO [input.cpp->run:235]	rotation: 
[-0.9998047964648655, 0.0110050618590538, -0.01640907003237267;
 -0.009098197007480132, -0.9936593683447638, -0.1120637430746365;
 -0.01753829458818591, -0.1118925748839639, 0.9935655287442162]
2020/03/09 13:04:49 152850	INFO [input.cpp->run:256]	frame times (ms): 145.214
2020/03/09 13:04:49 152862	INFO [input.cpp->run:257]	FPS: 6.88639
2020/03/09 13:04:49 241894	INFO [input.cpp->run:173]	
frame_id 108
2020/03/09 13:04:49 283233	INFO [input.cpp->run:235]	rotation: 
[-0.9999548122060485, 0.00693943839336305, -0.006497518045445434;
 -0.006882421183842291, -0.9999379730213239, -0.008756848100443063;
 -0.006557882631945245, -0.008711733741957066, 0.9999405481680377]
2020/03/09 13:04:49 283295	INFO [input.cpp->run:256]	frame times (ms): 139.526
2020/03/09 13:04:49 283301	INFO [input.cpp->run:257]	FPS: 7.16712
2020/03/09 13:04:49 376101	INFO [input.cpp->run:173]	
frame_id 109
2020/03/09 13:04:49 425324	INFO [input.cpp->run:235]	rotation: 
[0.9999979014844785, 0.0009211890178871766, -0.001829873611047835;
 -0.0009279139699865919, 0.9999928069145098, -0.003677648012559345;
 0.001826472639649691, 0.003679338260244909, 0.9999915631982419]
2020/03/09 13:04:49 425385	INFO [input.cpp->run:256]	frame times (ms): 158.978
2020/03/09 13:04:49 425389	INFO [input.cpp->run:257]	FPS: 6.29018
2020/03/09 13:04:49 509648	INFO [input.cpp->run:173]	
frame_id 110
2020/03/09 13:04:49 558167	INFO [input.cpp->run:235]	rotation: 
[-0.9998902399455456, 0.01479426335969073, -0.0007986446539595959;
 -0.01474599078921953, -0.998958566954797, -0.04317797196792034;
 -0.001436599207656345, -0.04316145594465477, 0.999067077279326]
2020/03/09 13:04:49 558232	INFO [input.cpp->run:256]	frame times (ms): 155.035
2020/03/09 13:04:49 558236	INFO [input.cpp->run:257]	FPS: 6.45016
2020/03/09 13:04:49 641675	INFO [input.cpp->run:173]	
frame_id 111
2020/03/09 13:04:49 684560	INFO [input.cpp->run:235]	rotation: 
[0.9999993852841095, -0.0002581575845253527, -0.00107832558381919;
 0.0002552139239453418, 0.9999962434594604, -0.002729090108583523;
 0.001079026068355803, 0.00272881322726493, 0.9999956946312891]
2020/03/09 13:04:49 684622	INFO [input.cpp->run:256]	frame times (ms): 146.189
2020/03/09 13:04:49 684625	INFO [input.cpp->run:257]	FPS: 6.84046
2020/03/09 13:04:49 775437	INFO [input.cpp->run:173]	
frame_id 112
2020/03/09 13:04:49 818477	INFO [input.cpp->run:235]	rotation: 
[-0.9170579226506398, -0.04386565667804881, -0.3963339130933621;
 -0.04539856110291418, -0.9759825362554828, 0.2130658573636334;
 -0.3961612514538469, 0.2133867219123972, 0.8930410795467376]
2020/03/09 13:04:49 818535	INFO [input.cpp->run:256]	frame times (ms): 149.067
2020/03/09 13:04:49 818540	INFO [input.cpp->run:257]	FPS: 6.70839
2020/03/09 13:04:49 910040	INFO [input.cpp->run:173]	
frame_id 113
2020/03/09 13:04:49 952524	INFO [input.cpp->run:235]	rotation: 
[-0.9959313527927858, -0.009951400891361224, 0.08956400027148785;
 0.004806915905256141, -0.9983355099331329, -0.05747262971216238;
 0.08998685506123356, -0.05680826724034936, 0.9943214704960053]
2020/03/09 13:04:49 952589	INFO [input.cpp->run:256]	frame times (ms): 143.727
2020/03/09 13:04:49 952592	INFO [input.cpp->run:257]	FPS: 6.95763
2020/03/09 13:04:50 042324	INFO [input.cpp->run:173]	
frame_id 114
2020/03/09 13:04:50 084759	INFO [input.cpp->run:235]	rotation: 
[-0.8114135381333767, -0.2272103843037722, 0.5385011712135895;
 -0.09390014073760629, -0.8587007817174662, -0.5038012813076902;
 0.5768802594155334, -0.4593565159463233, 0.6754263524280959]
2020/03/09 13:04:50 084826	INFO [input.cpp->run:256]	frame times (ms): 141.829
2020/03/09 13:04:50 084829	INFO [input.cpp->run:257]	FPS: 7.05074
2020/03/09 13:04:50 176609	INFO [input.cpp->run:173]	
frame_id 115
2020/03/09 13:04:50 220027	INFO [input.cpp->run:235]	rotation: 
[-0.96028184569186, -0.03187373863647239, -0.2772054141245596;
 -0.02073329684363646, -0.9825574058364023, 0.1848000937175983;
 -0.2782605024731831, 0.1832075572168717, 0.9428711914901198]
2020/03/09 13:04:50 220087	INFO [input.cpp->run:256]	frame times (ms): 147.54
2020/03/09 13:04:50 220090	INFO [input.cpp->run:257]	FPS: 6.77782
2020/03/09 13:04:50 307825	INFO [input.cpp->run:173]	
frame_id 116
2020/03/09 13:04:50 349866	INFO [input.cpp->run:235]	rotation: 
[-0.9647445879989459, -0.02762914140767636, -0.2617336632376864;
 -0.03295003365712976, -0.9739704405711195, 0.2242674211197282;
 -0.2611171675871543, 0.2249849138026239, 0.9387223302726357]
2020/03/09 13:04:50 349931	INFO [input.cpp->run:256]	frame times (ms): 148.525
2020/03/09 13:04:50 349934	INFO [input.cpp->run:257]	FPS: 6.73287
2020/03/09 13:04:50 440900	INFO [input.cpp->run:173]	
frame_id 117
2020/03/09 13:04:50 483026	INFO [input.cpp->run:235]	rotation: 
[-0.9450995506655833, -0.02549545403105863, -0.3257864655805436;
 -0.02547010064217433, -0.9881718282052904, 0.1512207390363226;
 -0.325788448697909, 0.1512164665807406, 0.9332713790371185]
2020/03/09 13:04:50 483073	INFO [input.cpp->run:256]	frame times (ms): 149.586
2020/03/09 13:04:50 483075	INFO [input.cpp->run:257]	FPS: 6.68512
2020/03/09 13:04:50 574806	INFO [input.cpp->run:173]	
frame_id 118
2020/03/09 13:04:50 617279	INFO [input.cpp->run:235]	rotation: 
[-0.9971282388480176, -0.006622447312346915, -0.0754414904641076;
 -0.009071101135299065, -0.9785531202764449, 0.2057948150985022;
 -0.07518637121210216, 0.2058881589330205, 0.9756828765511503]
2020/03/09 13:04:50 617346	INFO [input.cpp->run:256]	frame times (ms): 147.845
2020/03/09 13:04:50 617349	INFO [input.cpp->run:257]	FPS: 6.76384
2020/03/09 13:04:50 707704	INFO [input.cpp->run:173]	
frame_id 119
2020/03/09 13:04:50 750712	INFO [input.cpp->run:235]	rotation: 
[-0.9775015445295006, -0.02066618696620315, -0.2099134087158769;
 -0.0162345764079834, -0.9848651505848507, 0.1725603479723332;
 -0.2103025652988907, 0.1720858619403619, 0.9623716990586066]
2020/03/09 13:04:50 750785	INFO [input.cpp->run:256]	frame times (ms): 153.402
2020/03/09 13:04:50 750789	INFO [input.cpp->run:257]	FPS: 6.51882
2020/03/09 13:04:50 842082	INFO [input.cpp->run:173]	
frame_id 120
2020/03/09 13:04:50 886699	INFO [input.cpp->run:235]	rotation: 
[0.9999907484008591, -0.004276074318638409, 0.000467227044590021;
 0.00427171940769549, 0.9999507800409828, 0.008954881837963516;
 -0.0005054957879477919, -0.00895280312815222, 0.9999597950868609]
2020/03/09 13:04:50 886762	INFO [input.cpp->run:256]	frame times (ms): 148.311
2020/03/09 13:04:50 886766	INFO [input.cpp->run:257]	FPS: 6.74259
2020/03/09 13:04:50 974735	INFO [input.cpp->run:173]	
frame_id 121
2020/03/09 13:04:51 019518	INFO [input.cpp->run:235]	rotation: 
[-0.9999958906621752, 0.002149890253076324, 0.001896478489905499;
 -0.002169030365571337, -0.9999461471541153, -0.01014879790485555;
 0.001874557557445568, -0.0101528697194487, 0.999946701214832]
2020/03/09 13:04:51 019584	INFO [input.cpp->run:256]	frame times (ms): 153.602
2020/03/09 13:04:51 019588	INFO [input.cpp->run:257]	FPS: 6.51033
2020/03/09 13:04:51 107956	INFO [input.cpp->run:173]	
frame_id 122
2020/03/09 13:04:51 153940	INFO [input.cpp->run:235]	rotation: 
[0.9999595617363034, -0.008902440189010135, -0.001273362014982814;
 0.00892743584001629, 0.9997354933289333, 0.02119538316890364;
 0.001084334571290852, -0.02120589392209978, 0.9997745417250342]
2020/03/09 13:04:51 154007	INFO [input.cpp->run:256]	frame times (ms): 154.51
2020/03/09 13:04:51 154011	INFO [input.cpp->run:257]	FPS: 6.47207
2020/03/09 13:04:51 241972	INFO [input.cpp->run:173]	
frame_id 123
2020/03/09 13:04:51 289605	INFO [input.cpp->run:235]	rotation: 
[-0.9996178359962576, 0.009004331086144009, 0.02613625795423097;
 -0.0003637487654793792, -0.9496665929045027, 0.3132622384009747;
 0.02764144795401669, 0.3131330138181609, 0.9493069398314542]
2020/03/09 13:04:51 289674	INFO [input.cpp->run:256]	frame times (ms): 155.297
2020/03/09 13:04:51 289678	INFO [input.cpp->run:257]	FPS: 6.43927
2020/03/09 13:04:51 377375	INFO [input.cpp->run:173]	
frame_id 124
2020/03/09 13:04:51 421707	INFO [input.cpp->run:235]	rotation: 
[-0.9999297815956347, 0.009341265705663689, -0.007291956741672397;
 -0.009119155827670158, -0.9995106811390698, -0.02992054955884534;
 -0.007567884453194263, -0.02985195209578164, 0.9995256815514919]
2020/03/09 13:04:51 421770	INFO [input.cpp->run:256]	frame times (ms): 148.438
2020/03/09 13:04:51 421773	INFO [input.cpp->run:257]	FPS: 6.73682
2020/03/09 13:04:51 509518	INFO [input.cpp->run:173]	
frame_id 125
2020/03/09 13:04:51 560509	INFO [input.cpp->run:235]	rotation: 
[-0.9999235479420142, -0.0003445059459807324, -0.01236040398642001;
 0.0003255655473360439, -0.9999987699276442, 0.001534324044293954;
 -0.01236091736598508, 0.001530182620374018, 0.9999224301229668]
2020/03/09 13:04:51 560590	INFO [input.cpp->run:256]	frame times (ms): 161.445
2020/03/09 13:04:51 560595	INFO [input.cpp->run:257]	FPS: 6.19406
2020/03/09 13:04:51 642680	INFO [input.cpp->run:173]	
frame_id 126
2020/03/09 13:04:51 686770	INFO [input.cpp->run:235]	rotation: 
[-0.997246053838417, 0.0001625013316258491, -0.07416388404757615;
 0.001068271217235809, -0.9998623803080076, -0.01655533875858735;
 -0.07415636790129035, -0.01658897338964587, 0.9971086395481519]
2020/03/09 13:04:51 686848	INFO [input.cpp->run:256]	frame times (ms): 153.537
2020/03/09 13:04:51 686852	INFO [input.cpp->run:257]	FPS: 6.51309
2020/03/09 13:04:51 776557	INFO [input.cpp->run:173]	
frame_id 127
2020/03/09 13:04:51 823459	INFO [input.cpp->run:235]	rotation: 
[-0.9756055492395843, -0.02355231111786868, 0.2182638333163243;
 -0.03120889613118992, -0.9692506730344815, -0.2440883807649951;
 0.2173012128249671, -0.2449457520823984, 0.9448712935853147]
2020/03/09 13:04:51 823536	INFO [input.cpp->run:256]	frame times (ms): 149.033
2020/03/09 13:04:51 823540	INFO [input.cpp->run:257]	FPS: 6.70992
2020/03/09 13:04:51 909929	INFO [input.cpp->run:173]	
frame_id 128
2020/03/09 13:04:51 956363	INFO [input.cpp->run:235]	rotation: 
[0.999991940258707, 0.002287549252765031, 0.003299475116271749;
 -0.002272633647378554, 0.9999872145471098, -0.004517286643265798;
 -0.003309766446673416, 0.004509751736936179, 0.9999843536702661]
2020/03/09 13:04:51 956425	INFO [input.cpp->run:256]	frame times (ms): 151.313
2020/03/09 13:04:51 956429	INFO [input.cpp->run:257]	FPS: 6.60882
2020/03/09 13:04:52 043338	INFO [input.cpp->run:173]	
frame_id 129
2020/03/09 13:04:52 089013	INFO [input.cpp->run:235]	rotation: 
[-0.9998217673628417, 0.006050514441983835, 0.01788364566946566;
 -0.005497928062487481, -0.9995108080996576, 0.03078826528060846;
 0.01806118197857952, 0.03068445480950823, 0.9993659279456051]
2020/03/09 13:04:52 089076	INFO [input.cpp->run:256]	frame times (ms): 148.512
2020/03/09 13:04:52 089080	INFO [input.cpp->run:257]	FPS: 6.73346
2020/03/09 13:04:52 174358	INFO [input.cpp->run:173]	
frame_id 130
2020/03/09 13:04:52 218031	INFO [input.cpp->run:235]	rotation: 
[-0.9492883119168316, -0.02587661259633013, -0.3133402332587242;
 -0.0211426689432187, -0.9890975570728667, 0.1457360975957727;
 -0.313695215787633, 0.1449704228904178, 0.938391649621268]
2020/03/09 13:04:52 218086	INFO [input.cpp->run:256]	frame times (ms): 143.819
2020/03/09 13:04:52 218089	INFO [input.cpp->run:257]	FPS: 6.95318
2020/03/09 13:04:52 310138	INFO [input.cpp->run:173]	
frame_id 131
2020/03/09 13:04:52 352882	INFO [input.cpp->run:235]	rotation: 
[-0.9873669673421362, -0.006577189718172534, -0.1583136518971249;
 -0.001883229496308822, -0.9985804166706533, 0.05323161549801513;
 -0.158439026910219, 0.05285727969991888, 0.9859529312976693]
2020/03/09 13:04:52 352941	INFO [input.cpp->run:256]	frame times (ms): 145.481
2020/03/09 13:04:52 352944	INFO [input.cpp->run:257]	FPS: 6.87375
2020/03/09 13:04:52 441967	INFO [input.cpp->run:173]	
frame_id 132
2020/03/09 13:04:52 486447	INFO [input.cpp->run:235]	rotation: 
[-0.9952244892966422, 0.003372257135595865, -0.09755431198080954;
 -0.01455446264542157, -0.9933577610296738, 0.1141425697065583;
 -0.09652141483287906, 0.1150173312328404, 0.9886630518001234]
2020/03/09 13:04:52 486506	INFO [input.cpp->run:256]	frame times (ms): 148.133
2020/03/09 13:04:52 486509	INFO [input.cpp->run:257]	FPS: 6.75069
2020/03/09 13:04:52 577643	INFO [input.cpp->run:173]	
frame_id 133
2020/03/09 13:04:52 622545	INFO [input.cpp->run:235]	rotation: 
[-0.9786441133631257, -0.01081868833841688, -0.2052770210285061;
 -0.01016131261669172, -0.9948472492357165, 0.1008746668595937;
 -0.2053106112835072, 0.1008062828933017, 0.9734914720857231]
2020/03/09 13:04:52 622604	INFO [input.cpp->run:256]	frame times (ms): 149.033
2020/03/09 13:04:52 622609	INFO [input.cpp->run:257]	FPS: 6.70992
2020/03/09 13:04:52 710154	INFO [input.cpp->run:173]	
frame_id 134
2020/03/09 13:04:52 755608	INFO [input.cpp->run:235]	rotation: 
[-0.9856910461034897, -0.009798042623408741, -0.1682770334661214;
 -0.0106836930037391, -0.9926704971505206, 0.1203791626102296;
 -0.1682231266360548, 0.1204544828874712, 0.9783617414929422]
2020/03/09 13:04:52 755669	INFO [input.cpp->run:256]	frame times (ms): 149.511
2020/03/09 13:04:52 755674	INFO [input.cpp->run:257]	FPS: 6.68847
2020/03/09 13:04:52 842437	INFO [input.cpp->run:173]	
frame_id 135
2020/03/09 13:04:52 887371	INFO [input.cpp->run:235]	rotation: 
[0.9999676179607069, -0.007707488664160182, 0.002314659474229477;
 0.007714951505400355, 0.9999650138760257, -0.003232730608811005;
 -0.002289662258744458, 0.003250483411996602, 0.999992095870927]
2020/03/09 13:04:52 887433	INFO [input.cpp->run:256]	frame times (ms): 151.719
2020/03/09 13:04:52 887438	INFO [input.cpp->run:257]	FPS: 6.59113
2020/03/09 13:04:52 977209	INFO [input.cpp->run:173]	
frame_id 136
2020/03/09 13:04:53 022049	INFO [input.cpp->run:235]	rotation: 
[-0.9885787030073747, -0.01495216094414028, -0.1499619313137746;
 -0.007475473474906599, -0.9889760099093798, 0.1478870147107183;
 -0.1505199829145044, 0.1473189896341363, 0.9775688466990924]
2020/03/09 13:04:53 022111	INFO [input.cpp->run:256]	frame times (ms): 150.798
2020/03/09 13:04:53 022117	INFO [input.cpp->run:257]	FPS: 6.63139
2020/03/09 13:04:53 108433	INFO [input.cpp->run:173]	
frame_id 137
2020/03/09 13:04:53 157049	INFO [input.cpp->run:235]	rotation: 
[-0.9981529300296862, -0.001066773974229219, -0.06074199755062614;
 -0.002811105184460094, -0.9979638203090202, 0.06372057000582812;
 -0.06068629137452928, 0.0637736257987081, 0.9961175124912185]
2020/03/09 13:04:53 157104	INFO [input.cpp->run:256]	frame times (ms): 153.899
2020/03/09 13:04:53 157107	INFO [input.cpp->run:257]	FPS: 6.49777
2020/03/09 13:04:53 242411	INFO [input.cpp->run:173]	
frame_id 138
2020/03/09 13:04:53 286898	INFO [input.cpp->run:235]	rotation: 
[-0.9948696795367564, -0.01019732610124496, -0.1006495667095311;
 0.001746558152734229, -0.9964898306290051, 0.08369568081804368;
 -0.1011497418338307, 0.08309050483275207, 0.9913953286825525]
2020/03/09 13:04:53 286959	INFO [input.cpp->run:256]	frame times (ms): 151.479
2020/03/09 13:04:53 286965	INFO [input.cpp->run:257]	FPS: 6.60157
2020/03/09 13:04:53 377848	INFO [input.cpp->run:173]	
frame_id 139
2020/03/09 13:04:53 428435	INFO [input.cpp->run:235]	rotation: 
[-0.9998116727320748, -0.00184579112319077, 0.01931869881281057;
 0.001724207797952033, -0.9999786158627806, -0.006308321855051189;
 0.01932992954358654, -0.006273824374891699, 0.9997934751495194]
2020/03/09 13:04:53 428499	INFO [input.cpp->run:256]	frame times (ms): 155.936
2020/03/09 13:04:53 428504	INFO [input.cpp->run:257]	FPS: 6.41289
2020/03/09 13:04:53 510492	INFO [input.cpp->run:173]	
frame_id 140
2020/03/09 13:04:53 554737	INFO [input.cpp->run:235]	rotation: 
[-0.9999160878887432, 0.00717083973653429, 0.01078870885435769;
 -0.008990584549237221, -0.9837326543666444, -0.1794135839958038;
 0.009326659141095069, -0.1794955258223148, 0.9837145773236449]
2020/03/09 13:04:53 554801	INFO [input.cpp->run:256]	frame times (ms): 147.23
2020/03/09 13:04:53 554805	INFO [input.cpp->run:257]	FPS: 6.79209
2020/03/09 13:04:53 642510	INFO [input.cpp->run:173]	
frame_id 141
2020/03/09 13:04:53 688334	INFO [input.cpp->run:235]	rotation: 
[-0.9923323805659752, -0.009131015953875535, -0.1232601761637341;
 -0.01086398091174228, -0.9869636424816235, 0.1605762819913182;
 -0.1231195370321624, 0.1606841403718989, 0.9792967816928267]
2020/03/09 13:04:53 688395	INFO [input.cpp->run:256]	frame times (ms): 148.413
2020/03/09 13:04:53 688403	INFO [input.cpp->run:257]	FPS: 6.73795
2020/03/09 13:04:53 775498	INFO [input.cpp->run:173]	
frame_id 142
2020/03/09 13:04:53 823326	INFO [input.cpp->run:235]	rotation: 
[-0.8759082825083528, -0.04514810333126473, -0.4803606243218286;
 -0.008974639366322496, -0.993915309103463, 0.1097807550439144;
 -0.4823941712764697, 0.1004689359720552, 0.8701734634101019]
2020/03/09 13:04:53 823386	INFO [input.cpp->run:256]	frame times (ms): 156.631
2020/03/09 13:04:53 823391	INFO [input.cpp->run:257]	FPS: 6.38443
2020/03/09 13:04:53 908748	INFO [input.cpp->run:173]	
frame_id 143
2020/03/09 13:04:53 953606	INFO [input.cpp->run:235]	rotation: 
[-0.8405943501572788, -0.08105194651885467, 0.535566728288051;
 -0.08160476726643814, -0.9585064257571763, -0.2731411608337219;
 0.5354827732458372, -0.2733057148098213, 0.7991008608487671]
2020/03/09 13:04:53 953660	INFO [input.cpp->run:256]	frame times (ms): 147.129
2020/03/09 13:04:53 953662	INFO [input.cpp->run:257]	FPS: 6.79676
2020/03/09 13:04:54 042219	INFO [input.cpp->run:173]	
frame_id 144
2020/03/09 13:04:54 086968	INFO [input.cpp->run:235]	rotation: 
[-0.9998524846235179, -0.002637503724568206, 0.01697211142671068;
 0.002544849095431205, -0.9999817546597639, -0.005478511719540117;
 0.01698625135982855, -0.005434512092409425, 0.9998409540237182]
2020/03/09 13:04:54 087019	INFO [input.cpp->run:256]	frame times (ms): 151.167
2020/03/09 13:04:54 087022	INFO [input.cpp->run:257]	FPS: 6.6152
2020/03/09 13:04:54 175574	INFO [input.cpp->run:173]	
frame_id 145
2020/03/09 13:04:54 219978	INFO [input.cpp->run:235]	rotation: 
[-0.9999210172441921, 0.002795114357762426, -0.01225343254223044;
 -0.002684303821283215, -0.9999554417342928, -0.009050362366790309;
 -0.01227818334832177, -0.009016755608432576, 0.9998839654339715]
2020/03/09 13:04:54 220040	INFO [input.cpp->run:256]	frame times (ms): 151.36
2020/03/09 13:04:54 220043	INFO [input.cpp->run:257]	FPS: 6.60677
2020/03/09 13:04:54 312195	INFO [input.cpp->run:173]	
frame_id 146
2020/03/09 13:04:54 357268	INFO [input.cpp->run:235]	rotation: 
[-0.9888140966481295, -0.01850326779657364, -0.148001051857046;
 -0.003806671141437601, -0.988821355855396, 0.1490564841230235;
 -0.1491046328078531, 0.1479525440306604, 0.9776900598809888]
2020/03/09 13:04:54 357323	INFO [input.cpp->run:256]	frame times (ms): 152.293
2020/03/09 13:04:54 357327	INFO [input.cpp->run:257]	FPS: 6.56629
2020/03/09 13:04:54 442764	INFO [input.cpp->run:173]	
frame_id 147
2020/03/09 13:04:54 486630	INFO [input.cpp->run:235]	rotation: 
[-0.9902618829853185, -0.01341329159360488, -0.1385694292223081;
 -0.0113529780924322, -0.9842520144514394, 0.1764060144573205;
 -0.1387534251642246, 0.1762613277406832, 0.9745149723571656]
2020/03/09 13:04:54 486685	INFO [input.cpp->run:256]	frame times (ms): 148.818
2020/03/09 13:04:54 486690	INFO [input.cpp->run:257]	FPS: 6.71962
2020/03/09 13:04:54 577431	INFO [input.cpp->run:173]	
frame_id 148
2020/03/09 13:04:54 622320	INFO [input.cpp->run:235]	rotation: 
[-0.9881952204874099, -0.01683969654475596, -0.1522715693296677;
 -0.009824400539389577, -0.9849288954748612, 0.172680491117878;
 -0.1528845556617179, 0.1721380128819618, 0.9731365871043841]
2020/03/09 13:04:54 622376	INFO [input.cpp->run:256]	frame times (ms): 149.04
2020/03/09 13:04:54 622379	INFO [input.cpp->run:257]	FPS: 6.70961
2020/03/09 13:04:54 708771	INFO [input.cpp->run:173]	
frame_id 149
2020/03/09 13:04:54 753215	INFO [input.cpp->run:235]	rotation: 
[-0.989376226461084, -0.01558302190695857, -0.1445401395525586;
 -0.007641818227044784, -0.987289417706395, 0.1587488844028589;
 -0.1451767375574017, 0.1581669216783798, 0.9766815958944737]
2020/03/09 13:04:54 753268	INFO [input.cpp->run:256]	frame times (ms): 146.653
2020/03/09 13:04:54 753272	INFO [input.cpp->run:257]	FPS: 6.81882
2020/03/09 13:04:54 845292	INFO [input.cpp->run:173]	
frame_id 150
2020/03/09 13:04:54 888998	INFO [input.cpp->run:235]	rotation: 
[-0.9905845332363568, -0.006356582603173896, -0.1367548038297674;
 -0.01049021466990418, -0.9924602608300208, 0.1221170998238429;
 -0.1364999557109396, 0.1224018975784939, 0.983049102313865]
2020/03/09 13:04:54 889053	INFO [input.cpp->run:256]	frame times (ms): 149.086
2020/03/09 13:04:54 889058	INFO [input.cpp->run:257]	FPS: 6.70754
2020/03/09 13:04:54 976297	INFO [input.cpp->run:173]	
frame_id 151
2020/03/09 13:04:55 019262	INFO [input.cpp->run:235]	rotation: 
[-0.9948545792108378, -0.005188006928275942, 0.1011802886304403;
 0.00225022050624611, -0.99957316534956, -0.02912771224683485;
 0.1012882161502527, -0.02875015995039514, 0.9944416149638586]
2020/03/09 13:04:55 019321	INFO [input.cpp->run:256]	frame times (ms): 147.734
2020/03/09 13:04:55 019324	INFO [input.cpp->run:257]	FPS: 6.76892
2020/03/09 13:04:55 110536	INFO [input.cpp->run:173]	
frame_id 152
2020/03/09 13:04:55 154175	INFO [input.cpp->run:235]	rotation: 
[-0.8052049107682596, 0.5878316020567994, 0.07809647429952099;
 -0.07609270546502889, -0.2330323310627213, 0.9694874072696801;
 0.588094339243026, 0.7746934492448035, 0.2323684742978221]
2020/03/09 13:04:55 154233	INFO [input.cpp->run:256]	frame times (ms): 148.596
2020/03/09 13:04:55 154237	INFO [input.cpp->run:257]	FPS: 6.72966
2020/03/09 13:04:55 242187	INFO [input.cpp->run:173]	
frame_id 153
2020/03/09 13:04:55 285776	INFO [input.cpp->run:235]	rotation: 
[-0.9920901004085444, -0.01124051560081459, -0.1250235317066035;
 -0.001803104106577197, -0.9946038497122477, 0.1037300870199064;
 -0.1255148656014302, 0.1031350228904049, 0.9867163653079081]
2020/03/09 13:04:55 285828	INFO [input.cpp->run:256]	frame times (ms): 148.226
2020/03/09 13:04:55 285841	INFO [input.cpp->run:257]	FPS: 6.74645
2020/03/09 13:04:55 378190	INFO [input.cpp->run:173]	
frame_id 154
2020/03/09 13:04:55 421169	INFO [input.cpp->run:235]	rotation: 
[-0.999524825386396, -0.006238698621279046, -0.03018612389505395;
 0.002831886106273602, -0.9937477567672217, 0.1116126173028651;
 -0.03069371038789202, 0.1114740981557042, 0.9932932203448267]
2020/03/09 13:04:55 421240	INFO [input.cpp->run:256]	frame times (ms): 150.008
2020/03/09 13:04:55 421245	INFO [input.cpp->run:257]	FPS: 6.66631
2020/03/09 13:04:55 510104	INFO [input.cpp->run:173]	
frame_id 155
2020/03/09 13:04:55 553691	INFO [input.cpp->run:235]	rotation: 
[-0.9930924026741611, -0.01407474483613074, -0.1164876873693515;
 -0.006573480487120126, -0.9845465357021447, 0.1749997382603502;
 -0.1171506257138536, 0.1745566400762326, 0.9776531646244231]
2020/03/09 13:04:55 553747	INFO [input.cpp->run:256]	frame times (ms): 151.868
2020/03/09 13:04:55 553751	INFO [input.cpp->run:257]	FPS: 6.58467
2020/03/09 13:04:55 642571	INFO [input.cpp->run:173]	
frame_id 156
2020/03/09 13:04:55 686875	INFO [input.cpp->run:235]	rotation: 
[-0.9929764531018526, -0.006313775297348749, -0.1181435560103003;
 -0.02066461331785599, -0.9739700074721485, 0.2257330243919275;
 -0.11649350772334, 0.2265889688095994, 0.9669988117221833]
2020/03/09 13:04:55 686933	INFO [input.cpp->run:256]	frame times (ms): 152.817
2020/03/09 13:04:55 686937	INFO [input.cpp->run:257]	FPS: 6.54377
2020/03/09 13:04:55 775685	INFO [input.cpp->run:173]	
frame_id 157
2020/03/09 13:04:55 823544	INFO [input.cpp->run:235]	rotation: 
[-0.9996318426111321, -0.009619083572358834, 0.02537030683891351;
 0.01016820076540218, -0.9997148830403182, 0.02160463655971366;
 0.02515525652954308, 0.02185465302654832, 0.9994446393923091]
2020/03/09 13:04:55 823610	INFO [input.cpp->run:256]	frame times (ms): 157.424
2020/03/09 13:04:55 823616	INFO [input.cpp->run:257]	FPS: 6.35227
2020/03/09 13:04:55 911024	INFO [input.cpp->run:173]	
frame_id 158
2020/03/09 13:04:55 953225	INFO [input.cpp->run:235]	rotation: 
[-0.9857917400630269, -0.01941764308165979, -0.166846037893211;
 -0.009536078396548782, -0.9852242066218929, 0.1710038768422415;
 -0.1677012475574479, 0.17016526620734, 0.9710407168313078]
2020/03/09 13:04:55 953276	INFO [input.cpp->run:256]	frame times (ms): 148.09
2020/03/09 13:04:55 953278	INFO [input.cpp->run:257]	FPS: 6.75265
2020/03/09 13:04:56 042062	INFO [input.cpp->run:173]	
frame_id 159
2020/03/09 13:04:56 083154	INFO [input.cpp->run:235]	rotation: 
[-0.9918804363659905, 0.0007672002742723865, -0.1271715823529427;
 -0.001426171588723887, -0.99998602491527, 0.005090776832326623;
 -0.127165899473922, 0.005230810443534834, 0.9918676689120836]
2020/03/09 13:04:56 083198	INFO [input.cpp->run:256]	frame times (ms): 148.26
2020/03/09 13:04:56 083200	INFO [input.cpp->run:257]	FPS: 6.74491
2020/03/09 13:04:56 177564	INFO [input.cpp->run:173]	
frame_id 160
2020/03/09 13:04:56 221520	INFO [input.cpp->run:235]	rotation: 
[-0.9838741834504479, -0.01465094419635017, -0.1782608789776096;
 -0.01107664978366962, -0.9897357149655658, 0.142479901569205;
 -0.1785186235922865, 0.1421568301410658, 0.9736131350156279]
2020/03/09 13:04:56 221569	INFO [input.cpp->run:256]	frame times (ms): 149.809
2020/03/09 13:04:56 221572	INFO [input.cpp->run:257]	FPS: 6.67517
2020/03/09 13:04:56 309172	INFO [input.cpp->run:173]	
frame_id 161
2020/03/09 13:04:56 351190	INFO [input.cpp->run:235]	rotation: 
[-0.9836007425235321, -0.0008457930017283806, -0.1803576001763008;
 0.0003933122489774161, -0.9999966852933447, 0.00254454471331564;
 -0.1803591545018743, 0.002431879216056081, 0.9835978148363527]
2020/03/09 13:04:56 351240	INFO [input.cpp->run:256]	frame times (ms): 143.884
2020/03/09 13:04:56 351243	INFO [input.cpp->run:257]	FPS: 6.95004
2020/03/09 13:04:56 442995	INFO [input.cpp->run:173]	
frame_id 162
2020/03/09 13:04:56 485600	INFO [input.cpp->run:235]	rotation: 
[-0.9979505956720708, 0.003530870178858191, -0.06389163915207675;
 -0.008512367095954505, -0.9969275984030304, 0.07786464633445628;
 -0.06342040842018325, 0.07824893927809051, 0.9949145467313615]
2020/03/09 13:04:56 485646	INFO [input.cpp->run:256]	frame times (ms): 146.513
2020/03/09 13:04:56 485648	INFO [input.cpp->run:257]	FPS: 6.82533
2020/03/09 13:04:56 577793	INFO [input.cpp->run:173]	
frame_id 163
2020/03/09 13:04:56 622308	INFO [input.cpp->run:235]	rotation: 
[-0.955624493074255, -0.05702846434524813, 0.2890148482189038;
 0.04472205108228906, -0.9977964336126327, -0.04901239860386464;
 0.2911730866401742, -0.03391211176458563, 0.9560691409579638]
2020/03/09 13:04:56 622353	INFO [input.cpp->run:256]	frame times (ms): 155.41
2020/03/09 13:04:56 622357	INFO [input.cpp->run:257]	FPS: 6.43459
2020/03/09 13:04:56 708637	INFO [input.cpp->run:173]	
frame_id 164
2020/03/09 13:04:56 749950	INFO [input.cpp->run:235]	rotation: 
[-0.9988200139285276, 0.003509899727409299, 0.04843821197896881;
 -0.001589533403714123, -0.9992132616530744, 0.03962740365180477;
 0.04853919199342386, 0.03950364971149027, 0.9980397830247537]
2020/03/09 13:04:56 749997	INFO [input.cpp->run:256]	frame times (ms): 142.578
2020/03/09 13:04:56 749999	INFO [input.cpp->run:257]	FPS: 7.0137
2020/03/09 13:04:56 845411	INFO [input.cpp->run:173]	
frame_id 165
2020/03/09 13:04:56 887539	INFO [input.cpp->run:235]	rotation: 
[-0.9992205968963603, 0.003146561794777581, 0.03934841657491346;
 -0.0004757437278039597, -0.997705469725411, 0.06770206309930747;
 0.03947115916700109, 0.06763057613882052, 0.9969293519428267]
2020/03/09 13:04:56 887598	INFO [input.cpp->run:256]	frame times (ms): 141.687
2020/03/09 13:04:56 887602	INFO [input.cpp->run:257]	FPS: 7.05781
2020/03/09 13:04:56 977929	INFO [input.cpp->run:173]	
frame_id 166
2020/03/09 13:04:57 020860	INFO [input.cpp->run:235]	rotation: 
[-0.9861784858751603, -0.01551694443977464, -0.1649582323869563;
 -0.01131663243414681, -0.9869717439385275, 0.1604952039697516;
 -0.1652995094588201, 0.1601436889240244, 0.9731547004821373]
2020/03/09 13:04:57 020908	INFO [input.cpp->run:256]	frame times (ms): 144.262
2020/03/09 13:04:57 020910	INFO [input.cpp->run:257]	FPS: 6.93183
2020/03/09 13:04:57 110870	INFO [input.cpp->run:173]	
frame_id 167
2020/03/09 13:04:57 155430	INFO [input.cpp->run:235]	rotation: 
[-0.9947527690321426, -0.02093255516371602, -0.1001436799663503;
 0.01190406503592346, -0.9958780715692463, 0.0899175166646612;
 -0.1016130982625041, 0.08825358180740943, 0.9909016518099347]
2020/03/09 13:04:57 155473	INFO [input.cpp->run:256]	frame times (ms): 146.668
2020/03/09 13:04:57 155500	INFO [input.cpp->run:257]	FPS: 6.81812
2020/03/09 13:04:57 242341	INFO [input.cpp->run:173]	
frame_id 168
2020/03/09 13:04:57 286381	INFO [input.cpp->run:235]	rotation: 
[-0.993629777652923, 0.00121196447420434, -0.1126871603312289;
 -0.0143898599399475, -0.9931212599111888, 0.116202818568749;
 -0.1117711809560564, 0.1170841332313059, 0.9868122966669814]
2020/03/09 13:04:57 286424	INFO [input.cpp->run:256]	frame times (ms): 146.198
2020/03/09 13:04:57 286438	INFO [input.cpp->run:257]	FPS: 6.84004
2020/03/09 13:04:57 375834	INFO [input.cpp->run:173]	
frame_id 169
2020/03/09 13:04:57 422140	INFO [input.cpp->run:235]	rotation: 
[-0.9990967066001124, 0.005061333177641457, -0.04219186849706686;
 -0.01151574087858819, -0.9879767113481109, 0.1541732971230385;
 -0.04090426105952887, 0.154519904026104, 0.9871425635068815]
2020/03/09 13:04:57 422228	INFO [input.cpp->run:256]	frame times (ms): 151.941
2020/03/09 13:04:57 422234	INFO [input.cpp->run:257]	FPS: 6.5815
2020/03/09 13:04:57 509240	INFO [input.cpp->run:173]	
frame_id 170
2020/03/09 13:04:57 552111	INFO [input.cpp->run:235]	rotation: 
[-0.9959224824906079, 0.003021543032345761, -0.09016251520143273;
 -0.0199562592245666, -0.9820574412002793, 0.1875231449739523;
 -0.08797815971880069, 0.1885578225926035, 0.9781133834845677]
2020/03/09 13:04:57 552168	INFO [input.cpp->run:256]	frame times (ms): 142.769
2020/03/09 13:04:57 552171	INFO [input.cpp->run:257]	FPS: 7.00432
2020/03/09 13:04:57 642438	INFO [input.cpp->run:173]	
frame_id 171
2020/03/09 13:04:57 685829	INFO [input.cpp->run:235]	rotation: 
[-0.9996004613868996, 0.01927852775004823, 0.02067017084806306;
 -0.01663408736762181, -0.9924831258964362, 0.12124583270482;
 0.02285223692647659, 0.1208535608851865, 0.9924072712797033]
2020/03/09 13:04:57 685886	INFO [input.cpp->run:256]	frame times (ms): 145.022
2020/03/09 13:04:57 685891	INFO [input.cpp->run:257]	FPS: 6.89551
g3log g3FileSink shutdown at: 13:04:58 678707
