		g3log created log at: Sun Mar 08 15:23:44 2020
		LOG format: [YYYY/MM/DD hh:mm:ss uuu* LEVEL FILE->FUNCTION:LINE] message		(uuu*: microseconds fractions of the seconds value)

2020/03/08 15:23:44 110772	INFO [g3logger.h->logBanner:29]	Starting log.
2020/03/08 15:23:44 113076	DEBUG [main.cpp->main:49]	Filepath: /home/mitchell/KITTI/data_odometry_gray/dataset/sequences/00/
2020/03/08 15:23:44 113080	DEBUG [main.cpp->main:53]	Calibration Filepath: /home/mitchell/visual_odom_ws/src/visual_odom/calibration/zed.yaml
2020/03/08 15:23:44 113155	INFO [main.cpp->main:67]	P_left: 
[684.35999, 0, 689.89001, 0;
 0, 684.35999, 406.87, 0;
 0, 0, 1, 0]
2020/03/08 15:23:44 113162	INFO [main.cpp->main:68]	P_right: 
[684.35999, 0, 689.89001, -82.120003;
 0, 684.35999, 406.87, 0;
 0, 0, 1, 0]
2020/03/08 15:23:44 199377	INFO [input.cpp->Input:22]	frame_pose [1, 0, 0, 0;
 0, 1, 0, 0;
 0, 0, 1, 0;
 0, 0, 0, 1]
2020/03/08 15:23:44 483221	INFO [input.cpp->run:173]	
frame_id 1
2020/03/08 15:23:44 507293	INFO [input.cpp->run:196]	Not enough points
2020/03/08 15:23:44 535111	INFO [input.cpp->run:173]	
frame_id 2
2020/03/08 15:23:44 547552	INFO [input.cpp->run:196]	Not enough points
2020/03/08 15:23:44 601693	INFO [input.cpp->run:173]	
frame_id 3
2020/03/08 15:23:44 614335	INFO [input.cpp->run:196]	Not enough points
2020/03/08 15:23:44 672980	INFO [input.cpp->run:173]	
frame_id 4
2020/03/08 15:23:44 678050	INFO [input.cpp->run:196]	Not enough points
2020/03/08 15:23:44 735600	INFO [input.cpp->run:173]	
frame_id 5
2020/03/08 15:23:44 750577	INFO [input.cpp->run:196]	Not enough points
2020/03/08 15:23:44 795734	INFO [input.cpp->run:173]	
frame_id 6
2020/03/08 15:23:44 802119	INFO [input.cpp->run:196]	Not enough points
2020/03/08 15:23:44 862319	INFO [input.cpp->run:173]	
frame_id 7
2020/03/08 15:23:44 868637	INFO [input.cpp->run:196]	Not enough points
2020/03/08 15:23:44 929005	INFO [input.cpp->run:173]	
frame_id 8
2020/03/08 15:23:44 935507	INFO [input.cpp->run:196]	Not enough points
2020/03/08 15:23:45 001327	INFO [input.cpp->run:173]	
frame_id 9
2020/03/08 15:23:45 014057	INFO [input.cpp->run:196]	Not enough points
2020/03/08 15:23:45 068179	INFO [input.cpp->run:173]	
frame_id 10
2020/03/08 15:23:45 081406	INFO [input.cpp->run:196]	Not enough points
2020/03/08 15:23:45 134908	INFO [input.cpp->run:173]	
frame_id 11
2020/03/08 15:23:45 156367	WARNING [visualOdometry.cpp->trackingFrame2Frame:179]	The Estimated Rotation and translation matrices(using getTransformation function) are : 
   0.999829  -0.0158692  0.00952357   -0.209657
  0.0160732    0.999634  -0.0217616    0.409438
-0.00917491   0.0219107    0.999718   0.0379553
          0           0           0           1
2020/03/08 15:23:45 241884	INFO [input.cpp->run:235]	rotation: 
[0.999829113483429, -0.01586918532848358, 0.009523570537567139;
 0.01607322692871094, 0.999634325504303, -0.02176164090633392;
 -0.009174913167953491, 0.02191074192523956, 0.9997180700302124]
2020/03/08 15:23:45 241932	INFO [input.cpp->run:256]	frame times (ms): 101.167
2020/03/08 15:23:45 241936	INFO [input.cpp->run:257]	FPS: 9.88465
2020/03/08 15:23:45 247199	INFO [input.cpp->run:173]	
frame_id 12
2020/03/08 15:23:45 250036	WARNING [visualOdometry.cpp->trackingFrame2Frame:179]	The Estimated Rotation and translation matrices(using getTransformation function) are : 
   0.999985  0.00384483  0.00387985  -0.0166044
-0.00389269    0.999916   0.0123821   -0.180029
-0.00383201  -0.0123973    0.999916   -0.112582
          0           0           0           1
2020/03/08 15:23:45 250174	INFO [input.cpp->run:235]	rotation: 
[0.9999849200248718, 0.00384482741355896, 0.003879845142364502;
 -0.003892689943313599, 0.999915599822998, 0.01238210499286652;
 -0.003832012414932251, -0.01239725947380066, 0.9999157786369324]
2020/03/08 15:23:45 250194	INFO [input.cpp->run:256]	frame times (ms): 6.293
2020/03/08 15:23:45 250198	INFO [input.cpp->run:257]	FPS: 158.907
2020/03/08 15:23:45 258618	INFO [input.cpp->run:173]	
frame_id 13
2020/03/08 15:23:45 261406	INFO [input.cpp->run:196]	Not enough points
2020/03/08 15:23:45 325685	INFO [input.cpp->run:173]	
frame_id 14
2020/03/08 15:23:45 328510	WARNING [visualOdometry.cpp->trackingFrame2Frame:179]	The Estimated Rotation and translation matrices(using getTransformation function) are : 
   0.999997 -0.00205636  0.00147319  -0.0724325
 0.00205959    0.999995 -0.00222956    0.022655
-0.00146869  0.00223255    0.999996   0.0473881
          0           0           0           1
2020/03/08 15:23:45 328648	INFO [input.cpp->run:235]	rotation: 
[0.9999968409538269, -0.002056360244750977, 0.001473188400268555;
 0.002059593796730042, 0.9999954700469971, -0.002229556441307068;
 -0.001468688249588013, 0.002232551574707031, 0.9999964237213135]
2020/03/08 15:23:45 328667	INFO [input.cpp->run:256]	frame times (ms): 5.944
2020/03/08 15:23:45 328677	INFO [input.cpp->run:257]	FPS: 168.237
2020/03/08 15:23:45 392109	INFO [input.cpp->run:173]	
frame_id 15
2020/03/08 15:23:45 394963	WARNING [visualOdometry.cpp->trackingFrame2Frame:179]	The Estimated Rotation and translation matrices(using getTransformation function) are : 
   0.999644   0.0172006  -0.0203615    0.246655
 -0.0171665    0.999851  0.00185044     -0.2246
  0.0203905 -0.00150015    0.999791    0.271649
          0           0           0           1
2020/03/08 15:23:45 395101	INFO [input.cpp->run:235]	rotation: 
[0.9996444582939148, 0.01720062643289566, -0.0203615128993988;
 -0.01716648787260056, 0.9998509883880615, 0.001850441098213196;
 0.02039051055908203, -0.001500152051448822, 0.9997908473014832]
2020/03/08 15:23:45 395126	INFO [input.cpp->run:256]	frame times (ms): 6.07
2020/03/08 15:23:45 395129	INFO [input.cpp->run:257]	FPS: 164.745
2020/03/08 15:23:45 458637	INFO [input.cpp->run:173]	
frame_id 16
2020/03/08 15:23:45 461492	WARNING [visualOdometry.cpp->trackingFrame2Frame:179]	The Estimated Rotation and translation matrices(using getTransformation function) are : 
     0.99999  -0.00238371   0.00389823    -0.037591
  0.00238468     0.999997 -0.000196405    0.0366468
 -0.00389746  0.000205547     0.999993   -0.0581951
           0            0            0            1
2020/03/08 15:23:45 461631	INFO [input.cpp->run:235]	rotation: 
[0.9999895095825195, -0.002383708953857422, 0.00389823317527771;
 0.002384677529335022, 0.9999974370002747, -0.000196404755115509;
 -0.00389745831489563, 0.0002055466175079346, 0.9999927282333374]
2020/03/08 15:23:45 461650	INFO [input.cpp->run:256]	frame times (ms): 5.861
2020/03/08 15:23:45 461660	INFO [input.cpp->run:257]	FPS: 170.619
2020/03/08 15:23:45 525528	INFO [input.cpp->run:173]	
frame_id 17
2020/03/08 15:23:45 528587	WARNING [visualOdometry.cpp->trackingFrame2Frame:179]	The Estimated Rotation and translation matrices(using getTransformation function) are : 
    0.999998  -0.00204414  7.08401e-05  -0.00995064
  0.00204429     0.999986  -0.00488153    0.0778556
-6.11246e-05   0.00488148     0.999988    0.0233402
           0            0            0            1
2020/03/08 15:23:45 528739	INFO [input.cpp->run:235]	rotation: 
[0.9999982118606567, -0.002044141292572021, 7.084012031555176e-05;
 0.00204429030418396, 0.9999862909317017, -0.004881531000137329;
 -6.112456321716309e-05, 0.004881478846073151, 0.9999880790710449]
2020/03/08 15:23:45 528788	INFO [input.cpp->run:256]	frame times (ms): 6.463
2020/03/08 15:23:45 528793	INFO [input.cpp->run:257]	FPS: 154.727
2020/03/08 15:23:45 600038	INFO [input.cpp->run:173]	
frame_id 18
2020/03/08 15:23:45 614280	WARNING [visualOdometry.cpp->trackingFrame2Frame:179]	The Estimated Rotation and translation matrices(using getTransformation function) are : 
    0.999875   -0.0100383    0.0122411    -0.191486
   0.0100511     0.999949 -0.000987872     0.107406
  -0.0122306   0.00111071     0.999925    -0.110639
           0            0            0            1
2020/03/08 15:23:45 614937	INFO [input.cpp->run:235]	rotation: 
[0.9998748898506165, -0.01003826409578323, 0.01224109530448914;
 0.01005113869905472, 0.9999489784240723, -0.0009878724813461304;
 -0.01223060488700867, 0.001110706478357315, 0.999924898147583]
2020/03/08 15:23:45 615009	INFO [input.cpp->run:256]	frame times (ms): 30.209
2020/03/08 15:23:45 615028	INFO [input.cpp->run:257]	FPS: 33.1027
2020/03/08 15:23:45 667840	INFO [input.cpp->run:173]	
frame_id 19
2020/03/08 15:23:45 685519	WARNING [visualOdometry.cpp->trackingFrame2Frame:179]	The Estimated Rotation and translation matrices(using getTransformation function) are : 
    0.999997  0.000268161   0.00240341   0.00651646
-0.000278294     0.999991   0.00419951   -0.0333848
 -0.00240228  -0.00420015     0.999988    -0.081851
           0            0            0            1
2020/03/08 15:23:45 686175	INFO [input.cpp->run:235]	rotation: 
[0.9999970197677612, 0.0002681612968444824, 0.002403408288955688;
 -0.0002782940864562988, 0.9999911189079285, 0.004199512302875519;
 -0.002402275800704956, -0.004200145602226257, 0.999988317489624]
2020/03/08 15:23:45 686247	INFO [input.cpp->run:256]	frame times (ms): 33.542
2020/03/08 15:23:45 686256	INFO [input.cpp->run:257]	FPS: 29.8134
2020/03/08 15:23:45 730438	INFO [input.cpp->run:173]	
frame_id 20
2020/03/08 15:23:45 739240	WARNING [visualOdometry.cpp->trackingFrame2Frame:179]	The Estimated Rotation and translation matrices(using getTransformation function) are : 
    0.999997   0.00226814 -0.000120103   -0.0114412
 -0.00226758     0.999984   0.00514749    -0.095614
 0.000131607  -0.00514743     0.999987   0.00287914
           0            0            0            1
2020/03/08 15:23:45 739657	INFO [input.cpp->run:235]	rotation: 
[0.9999974966049194, 0.002268135547637939, -0.0001201033592224121;
 -0.002267584204673767, 0.9999844431877136, 0.005147486925125122;
 0.0001316070556640625, -0.005147427320480347, 0.9999866485595703]
2020/03/08 15:23:45 739715	INFO [input.cpp->run:256]	frame times (ms): 19.222
2020/03/08 15:23:45 739726	INFO [input.cpp->run:257]	FPS: 52.0237
2020/03/08 15:23:45 801073	INFO [input.cpp->run:173]	
frame_id 21
2020/03/08 15:23:45 815034	WARNING [visualOdometry.cpp->trackingFrame2Frame:179]	The Estimated Rotation and translation matrices(using getTransformation function) are : 
           1  0.000162579 -0.000227213   0.00642395
-0.000162683            1 -0.000116412   0.00139284
 0.000227153  0.000116318            1 -0.000728607
           0            0            0            1
2020/03/08 15:23:45 815695	INFO [input.cpp->run:235]	rotation: 
[1.000000238418579, 0.0001625791192054749, -0.0002272129058837891;
 -0.0001626834273338318, 1.000000238418579, -0.0001164115965366364;
 0.0002271533012390137, 0.0001163184642791748, 1]
2020/03/08 15:23:45 815767	INFO [input.cpp->run:256]	frame times (ms): 28.974
2020/03/08 15:23:45 815776	INFO [input.cpp->run:257]	FPS: 34.5137
2020/03/08 15:23:45 866832	INFO [input.cpp->run:173]	
frame_id 22
2020/03/08 15:23:45 879366	WARNING [visualOdometry.cpp->trackingFrame2Frame:179]	The Estimated Rotation and translation matrices(using getTransformation function) are : 
   0.999978  0.00277285   -0.006046     -0.1578
-0.00275353    0.999991  0.00318232   -0.193133
 0.00605452 -0.00316568    0.999977    0.327634
          0           0           0           1
2020/03/08 15:23:45 879952	INFO [input.cpp->run:235]	rotation: 
[0.9999780058860779, 0.002772852778434753, -0.006045997142791748;
 -0.002753525972366333, 0.9999911785125732, 0.003182321786880493;
 0.006054520606994629, -0.003165677189826965, 0.9999767541885376]
2020/03/08 15:23:45 880021	INFO [input.cpp->run:256]	frame times (ms): 25.898
2020/03/08 15:23:45 880028	INFO [input.cpp->run:257]	FPS: 38.613
2020/03/08 15:23:45 934568	INFO [input.cpp->run:173]	
frame_id 23
2020/03/08 15:23:45 948405	WARNING [visualOdometry.cpp->trackingFrame2Frame:179]	The Estimated Rotation and translation matrices(using getTransformation function) are : 
    0.999998 -0.000120893   0.00160632   -0.0236073
  0.00012438     0.999997  -0.00225547    0.0243382
 -0.00160617   0.00225554     0.999996   0.00226021
           0            0            0            1
2020/03/08 15:23:45 948854	INFO [input.cpp->run:235]	rotation: 
[0.9999983906745911, -0.000120893120765686, 0.00160631537437439;
 0.0001243799924850464, 0.9999973177909851, -0.002255469560623169;
 -0.001606166362762451, 0.002255544066429138, 0.9999959468841553]
2020/03/08 15:23:45 948908	INFO [input.cpp->run:256]	frame times (ms): 26.729
2020/03/08 15:23:45 948914	INFO [input.cpp->run:257]	FPS: 37.4125
2020/03/08 15:23:45 992269	INFO [input.cpp->run:173]	
frame_id 24
2020/03/08 15:23:45 995537	WARNING [visualOdometry.cpp->trackingFrame2Frame:179]	The Estimated Rotation and translation matrices(using getTransformation function) are : 
    0.999998 -0.000883505   0.00158781   -0.0144787
 0.000884116            1 -0.000290111    0.0160985
 -0.00158751  0.000291616     0.999999   -0.0233173
           0            0            0            1
2020/03/08 15:23:45 995696	INFO [input.cpp->run:235]	rotation: 
[0.9999984502792358, -0.0008835047483444214, 0.001587808132171631;
 0.0008841156959533691, 0.9999995231628418, -0.00029011070728302;
 -0.001587510108947754, 0.0002916157245635986, 0.9999988079071045]
2020/03/08 15:23:45 995716	INFO [input.cpp->run:256]	frame times (ms): 7.29
2020/03/08 15:23:45 995719	INFO [input.cpp->run:257]	FPS: 137.174
2020/03/08 15:23:46 064142	INFO [input.cpp->run:173]	
frame_id 25
2020/03/08 15:23:46 080008	WARNING [visualOdometry.cpp->trackingFrame2Frame:179]	The Estimated Rotation and translation matrices(using getTransformation function) are : 
    0.999996 -0.000546679   0.00265816   -0.0221615
 0.000558257      0.99999  -0.00438857    0.0628419
 -0.00265571   0.00438994     0.999987    -0.016242
           0            0            0            1
2020/03/08 15:23:46 080674	INFO [input.cpp->run:235]	rotation: 
[0.9999962449073792, -0.000546678900718689, 0.002658158540725708;
 0.0005582571029663086, 0.9999901056289673, -0.004388570785522461;
 -0.002655714750289917, 0.004389941692352295, 0.9999867677688599]
2020/03/08 15:23:46 080749	INFO [input.cpp->run:256]	frame times (ms): 30.284
2020/03/08 15:23:46 080768	INFO [input.cpp->run:257]	FPS: 33.0207
2020/03/08 15:23:46 134881	INFO [input.cpp->run:173]	
frame_id 26
2020/03/08 15:23:46 148618	WARNING [visualOdometry.cpp->trackingFrame2Frame:179]	The Estimated Rotation and translation matrices(using getTransformation function) are : 
   0.999956 -0.00381637  0.00857657  -0.0621529
 0.00384764    0.999986 -0.00361857    0.107589
-0.00856289   0.0036514    0.999957   -0.126055
          0           0           0           1
2020/03/08 15:23:46 149075	INFO [input.cpp->run:235]	rotation: 
[0.9999558925628662, -0.003816366195678711, 0.008576571941375732;
 0.003847643733024597, 0.999985933303833, -0.003618568181991577;
 -0.00856289267539978, 0.003651395440101624, 0.9999566078186035]
2020/03/08 15:23:46 149146	INFO [input.cpp->run:256]	frame times (ms): 29.692
2020/03/08 15:23:46 149158	INFO [input.cpp->run:257]	FPS: 33.6791
2020/03/08 15:23:46 199514	INFO [input.cpp->run:173]	
frame_id 27
2020/03/08 15:23:46 210898	WARNING [visualOdometry.cpp->trackingFrame2Frame:179]	The Estimated Rotation and translation matrices(using getTransformation function) are : 
    0.99989 -0.00533165   0.0138512   -0.152349
 0.00543883    0.999956 -0.00770928    0.155209
 -0.0138095  0.00778376    0.999875   -0.125208
          0           0           0           1
2020/03/08 15:23:46 211436	INFO [input.cpp->run:235]	rotation: 
[0.9998899698257446, -0.005331650376319885, 0.01385116577148438;
 0.005438834428787231, 0.9999555945396423, -0.007709279656410217;
 -0.01380953192710876, 0.007783755660057068, 0.9998745322227478]
2020/03/08 15:23:46 211502	INFO [input.cpp->run:256]	frame times (ms): 24.183
2020/03/08 15:23:46 211517	INFO [input.cpp->run:257]	FPS: 41.3514
2020/03/08 15:23:46 268201	INFO [input.cpp->run:173]	
frame_id 28
2020/03/08 15:23:46 283098	WARNING [visualOdometry.cpp->trackingFrame2Frame:179]	The Estimated Rotation and translation matrices(using getTransformation function) are : 
   0.999947  0.00421558  -0.0093261   0.0910606
-0.00416948    0.999979  0.00497001     -0.1162
 0.00934687 -0.00493082    0.999944    0.106773
          0           0           0           1
2020/03/08 15:23:46 283759	INFO [input.cpp->run:235]	rotation: 
[0.9999474287033081, 0.004215583205223083, -0.00932610034942627;
 -0.004169479012489319, 0.9999790191650391, 0.004970014095306396;
 0.009346872568130493, -0.004930824041366577, 0.9999442100524902]
2020/03/08 15:23:46 283835	INFO [input.cpp->run:256]	frame times (ms): 29.986
2020/03/08 15:23:46 283852	INFO [input.cpp->run:257]	FPS: 33.3489
2020/03/08 15:23:46 329019	INFO [input.cpp->run:173]	
frame_id 29
2020/03/08 15:23:46 336307	WARNING [visualOdometry.cpp->trackingFrame2Frame:179]	The Estimated Rotation and translation matrices(using getTransformation function) are : 
    0.999995   -0.0012967   0.00298694    -0.023015
  0.00129701     0.999999 -0.000117615    0.0234218
 -0.00298685    0.0001214     0.999996   -0.0496807
           0            0            0            1
2020/03/08 15:23:46 336644	INFO [input.cpp->run:235]	rotation: 
[0.9999947547912598, -0.001296699047088623, 0.002986937761306763;
 0.001297011971473694, 0.999999463558197, -0.0001176148653030396;
 -0.0029868483543396, 0.0001213997602462769, 0.9999955892562866]
2020/03/08 15:23:46 336685	INFO [input.cpp->run:256]	frame times (ms): 15.825
2020/03/08 15:23:46 336690	INFO [input.cpp->run:257]	FPS: 63.1912
2020/03/08 15:23:46 402710	INFO [input.cpp->run:173]	
frame_id 30
2020/03/08 15:23:46 416893	WARNING [visualOdometry.cpp->trackingFrame2Frame:179]	The Estimated Rotation and translation matrices(using getTransformation function) are : 
   0.999993 -0.00169517  0.00349668  -0.0474672
 0.00169888    0.999998 -0.00107734   0.0284758
-0.00349468   0.0010833    0.999993  -0.0275135
          0           0           0           1
2020/03/08 15:23:46 417567	INFO [input.cpp->run:235]	rotation: 
[0.9999925494194031, -0.001695170998573303, 0.003496676683425903;
 0.001698881387710571, 0.9999980926513672, -0.001077339053153992;
 -0.003494679927825928, 0.001083299517631531, 0.9999934434890747]
2020/03/08 15:23:46 417642	INFO [input.cpp->run:256]	frame times (ms): 29.487
2020/03/08 15:23:46 417658	INFO [input.cpp->run:257]	FPS: 33.9132
2020/03/08 15:23:46 464912	INFO [input.cpp->run:173]	
frame_id 31
2020/03/08 15:23:46 474440	WARNING [visualOdometry.cpp->trackingFrame2Frame:179]	The Estimated Rotation and translation matrices(using getTransformation function) are : 
    0.999999 -0.000246555   0.00108552    -0.012784
 0.000248075     0.999999   -0.0014296    0.0194688
 -0.00108507   0.00142983     0.999999  -0.00401306
           0            0            0            1
2020/03/08 15:23:46 474892	INFO [input.cpp->run:235]	rotation: 
[0.9999994039535522, -0.0002465546131134033, 0.001085519790649414;
 0.0002480745315551758, 0.999998927116394, -0.00142960250377655;
 -0.001085072755813599, 0.001429826021194458, 0.9999985694885254]
2020/03/08 15:23:46 474948	INFO [input.cpp->run:256]	frame times (ms): 21.532
2020/03/08 15:23:46 474954	INFO [input.cpp->run:257]	FPS: 46.4425
2020/03/08 15:23:46 534541	INFO [input.cpp->run:173]	
frame_id 32
2020/03/08 15:23:46 550473	WARNING [visualOdometry.cpp->trackingFrame2Frame:179]	The Estimated Rotation and translation matrices(using getTransformation function) are : 
           1 -0.000133798  0.000558287   -0.0168428
 0.000133485            1  0.000411674  -0.00895452
-0.000558645 -0.000411689            1   0.00416565
           0            0            0            1
2020/03/08 15:23:46 551170	INFO [input.cpp->run:235]	rotation: 
[0.9999997019767761, -0.0001337975263595581, 0.0005582869052886963;
 0.0001334846019744873, 0.9999997615814209, 0.0004116743803024292;
 -0.0005586445331573486, -0.000411689281463623, 0.9999997615814209]
2020/03/08 15:23:46 551254	INFO [input.cpp->run:256]	frame times (ms): 30.729
2020/03/08 15:23:46 551263	INFO [input.cpp->run:257]	FPS: 32.5425
2020/03/08 15:23:46 593158	INFO [input.cpp->run:173]	
frame_id 33
2020/03/08 15:23:46 597955	WARNING [visualOdometry.cpp->trackingFrame2Frame:179]	The Estimated Rotation and translation matrices(using getTransformation function) are : 
    0.99999  -0.0011196  0.00436825  -0.0403204
 0.00114433    0.999983 -0.00568977   0.0850773
-0.00436187  0.00569472    0.999974  -0.0306797
          0           0           0           1
2020/03/08 15:23:46 598162	INFO [input.cpp->run:235]	rotation: 
[0.9999899864196777, -0.001119598746299744, 0.004368245601654053;
 0.001144334673881531, 0.9999834299087524, -0.005689769983291626;
 -0.004361867904663086, 0.005694717168807983, 0.9999743700027466]
2020/03/08 15:23:46 598194	INFO [input.cpp->run:256]	frame times (ms): 9.783
2020/03/08 15:23:46 598200	INFO [input.cpp->run:257]	FPS: 102.218
2020/03/08 15:23:46 658743	INFO [input.cpp->run:173]	
frame_id 34
2020/03/08 15:23:46 661684	WARNING [visualOdometry.cpp->trackingFrame2Frame:179]	The Estimated Rotation and translation matrices(using getTransformation function) are : 
   0.999947 -0.00398108  0.00953889  -0.0933895
 0.00402571    0.999981 -0.00466146    0.109476
 -0.0095202  0.00469974    0.999944   -0.105558
          0           0           0           1
2020/03/08 15:23:46 661818	INFO [input.cpp->run:235]	rotation: 
[0.9999467730522156, -0.003981083631515503, 0.009538888931274414;
 0.004025712609291077, 0.9999812841415405, -0.004661455750465393;
 -0.009520202875137329, 0.004699736833572388, 0.9999438524246216]
2020/03/08 15:23:46 661842	INFO [input.cpp->run:256]	frame times (ms): 6.584
2020/03/08 15:23:46 661847	INFO [input.cpp->run:257]	FPS: 151.883
2020/03/08 15:23:46 730559	INFO [input.cpp->run:173]	
frame_id 35
2020/03/08 15:23:46 739012	WARNING [visualOdometry.cpp->trackingFrame2Frame:179]	The Estimated Rotation and translation matrices(using getTransformation function) are : 
   0.999913 -0.00528544    0.012042    -0.13214
 0.00536321    0.999965 -0.00644462    0.140162
 -0.0120075  0.00650845    0.999907   -0.115076
          0           0           0           1
2020/03/08 15:23:46 739429	INFO [input.cpp->run:235]	rotation: 
[0.9999134540557861, -0.005285441875457764, 0.01204195618629456;
 0.005363211035728455, 0.9999648332595825, -0.006444618105888367;
 -0.01200747489929199, 0.00650845468044281, 0.9999065399169922]
2020/03/08 15:23:46 739473	INFO [input.cpp->run:256]	frame times (ms): 17.563
2020/03/08 15:23:46 739480	INFO [input.cpp->run:257]	FPS: 56.9379
2020/03/08 15:23:46 801370	INFO [input.cpp->run:173]	
frame_id 36
2020/03/08 15:23:46 815593	WARNING [visualOdometry.cpp->trackingFrame2Frame:179]	The Estimated Rotation and translation matrices(using getTransformation function) are : 
   0.999959  0.00253937 -0.00867334   0.0806656
 -0.0024737    0.999968  0.00757346   -0.124425
 0.00869271 -0.00755151    0.999934   0.0776119
          0           0           0           1
2020/03/08 15:23:46 816248	INFO [input.cpp->run:235]	rotation: 
[0.9999589920043945, 0.002539366483688354, -0.008673340082168579;
 -0.002473697066307068, 0.9999682903289795, 0.007573455572128296;
 0.008692711591720581, -0.007551506161689758, 0.9999337196350098]
2020/03/08 15:23:46 816319	INFO [input.cpp->run:256]	frame times (ms): 30.751
2020/03/08 15:23:46 816334	INFO [input.cpp->run:257]	FPS: 32.5193
2020/03/08 15:23:46 867778	INFO [input.cpp->run:173]	
frame_id 37
2020/03/08 15:23:46 881875	WARNING [visualOdometry.cpp->trackingFrame2Frame:179]	The Estimated Rotation and translation matrices(using getTransformation function) are : 
   0.999974  0.00292107 -0.00659424   0.0641947
-0.00290109    0.999991  0.00305882  -0.0753212
  0.0066033 -0.00303961    0.999974   0.0755463
          0           0           0           1
2020/03/08 15:23:46 882528	INFO [input.cpp->run:235]	rotation: 
[0.9999740719795227, 0.002921074628829956, -0.006594240665435791;
 -0.002901092171669006, 0.9999912977218628, 0.003058820962905884;
 0.00660330057144165, -0.003039613366127014, 0.9999737739562988]
2020/03/08 15:23:46 882597	INFO [input.cpp->run:256]	frame times (ms): 30.102
2020/03/08 15:23:46 882612	INFO [input.cpp->run:257]	FPS: 33.2204
2020/03/08 15:23:46 928038	INFO [input.cpp->run:173]	
frame_id 38
2020/03/08 15:23:46 934781	WARNING [visualOdometry.cpp->trackingFrame2Frame:179]	The Estimated Rotation and translation matrices(using getTransformation function) are : 
    0.999995 -0.000998646   0.00317177   -0.0356703
  0.00100823     0.999995  -0.00304286    0.0486836
 -0.00316876   0.00304581      0.99999   -0.0222902
           0            0            0            1
2020/03/08 15:23:46 935101	INFO [input.cpp->run:235]	rotation: 
[0.9999946355819702, -0.0009986460208892822, 0.003171771764755249;
 0.001008227467536926, 0.9999949932098389, -0.003042861819267273;
 -0.003168761730194092, 0.003045812249183655, 0.9999904632568359]
2020/03/08 15:23:46 935142	INFO [input.cpp->run:256]	frame times (ms): 14.959
2020/03/08 15:23:46 935150	INFO [input.cpp->run:257]	FPS: 66.8494
2020/03/08 15:23:47 001229	INFO [input.cpp->run:173]	
frame_id 39
2020/03/08 15:23:47 015852	WARNING [visualOdometry.cpp->trackingFrame2Frame:179]	The Estimated Rotation and translation matrices(using getTransformation function) are : 
    0.999999 -0.000335172   0.00128236   -0.0165472
 0.000337079     0.999999  -0.00144374    0.0199013
 -0.00128189   0.00144415     0.999998  -0.00469494
           0            0            0            1
2020/03/08 15:23:47 016508	INFO [input.cpp->run:235]	rotation: 
[0.9999992847442627, -0.0003351718187332153, 0.001282364130020142;
 0.0003370791673660278, 0.9999991059303284, -0.001443743705749512;
 -0.001281887292861938, 0.001444146037101746, 0.9999983310699463]
2020/03/08 15:23:47 016583	INFO [input.cpp->run:256]	frame times (ms): 30.387
2020/03/08 15:23:47 016596	INFO [input.cpp->run:257]	FPS: 32.9088
2020/03/08 15:23:47 067843	INFO [input.cpp->run:173]	
frame_id 40
2020/03/08 15:23:47 082309	WARNING [visualOdometry.cpp->trackingFrame2Frame:179]	The Estimated Rotation and translation matrices(using getTransformation function) are : 
    0.999995  -0.00146221   0.00275075    -0.048234
   0.0014607     0.999999   0.00057292   0.00160551
 -0.00275165 -0.000568956     0.999996   -0.0171757
           0            0            0            1
2020/03/08 15:23:47 082898	INFO [input.cpp->run:235]	rotation: 
[0.9999953508377075, -0.001462206244468689, 0.002750754356384277;
 0.00146070122718811, 0.9999991059303284, 0.0005729198455810547;
 -0.002751648426055908, -0.0005689561367034912, 0.9999961853027344]
2020/03/08 15:23:47 082953	INFO [input.cpp->run:256]	frame times (ms): 28.924
2020/03/08 15:23:47 082963	INFO [input.cpp->run:257]	FPS: 34.5734
2020/03/08 15:23:47 130776	INFO [input.cpp->run:173]	
frame_id 41
2020/03/08 15:23:47 139667	WARNING [visualOdometry.cpp->trackingFrame2Frame:179]	The Estimated Rotation and translation matrices(using getTransformation function) are : 
   0.999983 -0.00197975  0.00539392  -0.0427189
 0.00199628    0.999993 -0.00304514   0.0673552
-0.00538802  0.00305597    0.999981   -0.065897
          0           0           0           1
2020/03/08 15:23:47 140089	INFO [input.cpp->run:235]	rotation: 
[0.9999834299087524, -0.001979753375053406, 0.005393922328948975;
 0.001996278762817383, 0.9999932050704956, -0.003045141696929932;
 -0.005388021469116211, 0.003055974841117859, 0.9999808073043823]
2020/03/08 15:23:47 140143	INFO [input.cpp->run:256]	frame times (ms): 18.345
2020/03/08 15:23:47 140148	INFO [input.cpp->run:257]	FPS: 54.5108
2020/03/08 15:23:47 201974	INFO [input.cpp->run:173]	
frame_id 42
2020/03/08 15:23:47 214244	WARNING [visualOdometry.cpp->trackingFrame2Frame:179]	The Estimated Rotation and translation matrices(using getTransformation function) are : 
   0.999834 -0.00661679   0.0169883   -0.162213
 0.00679407    0.999923  -0.0104096    0.212505
 -0.0169181   0.0105232    0.999802    -0.17312
          0           0           0           1
2020/03/08 15:23:47 214824	INFO [input.cpp->run:235]	rotation: 
[0.9998335242271423, -0.006616786122322083, 0.01698827743530273;
 0.006794065237045288, 0.9999227523803711, -0.01040957868099213;
 -0.01691806316375732, 0.01052321493625641, 0.9998015165328979]
2020/03/08 15:23:47 215081	INFO [input.cpp->run:256]	frame times (ms): 24.418
2020/03/08 15:23:47 215094	INFO [input.cpp->run:257]	FPS: 40.9534
2020/03/08 15:23:47 262352	INFO [input.cpp->run:173]	
frame_id 43
2020/03/08 15:23:47 268951	WARNING [visualOdometry.cpp->trackingFrame2Frame:179]	The Estimated Rotation and translation matrices(using getTransformation function) are : 
    0.99998 -0.00154756  0.00613898  -0.0568943
 0.00157464    0.999989 -0.00441346   0.0716949
-0.00613189  0.00442323    0.999972  -0.0524998
          0           0           0           1
2020/03/08 15:23:47 269274	INFO [input.cpp->run:235]	rotation: 
[0.9999799728393555, -0.001547560095787048, 0.006138980388641357;
 0.00157463550567627, 0.9999890923500061, -0.004413455724716187;
 -0.006131887435913086, 0.004423230886459351, 0.9999716281890869]
2020/03/08 15:23:47 269314	INFO [input.cpp->run:256]	frame times (ms): 14.713
2020/03/08 15:23:47 269322	INFO [input.cpp->run:257]	FPS: 67.9671
2020/03/08 15:23:47 330007	INFO [input.cpp->run:173]	
frame_id 44
2020/03/08 15:23:47 337937	WARNING [visualOdometry.cpp->trackingFrame2Frame:179]	The Estimated Rotation and translation matrices(using getTransformation function) are : 
    0.999998 -0.000479713   0.00208569   0.00746632
 0.000484735     0.999997  -0.00234337    0.0489392
 -0.00208452   0.00234446     0.999995   -0.0467777
           0            0            0            1
2020/03/08 15:23:47 338296	INFO [input.cpp->run:235]	rotation: 
[0.9999978542327881, -0.0004797130823135376, 0.002085685729980469;
 0.0004847347736358643, 0.9999973177909851, -0.002343371510505676;
 -0.002084523439407349, 0.002344459295272827, 0.9999951124191284]
2020/03/08 15:23:47 338339	INFO [input.cpp->run:256]	frame times (ms): 15.108
2020/03/08 15:23:47 338349	INFO [input.cpp->run:257]	FPS: 66.1901
2020/03/08 15:23:47 396403	INFO [input.cpp->run:173]	
frame_id 45
2020/03/08 15:23:47 404261	WARNING [visualOdometry.cpp->trackingFrame2Frame:179]	The Estimated Rotation and translation matrices(using getTransformation function) are : 
   0.999994 -0.00111698  0.00326982  -0.0426064
 0.00112158    0.999998 -0.00141007    0.026401
-0.00326806  0.00141373    0.999994  -0.0237169
          0           0           0           1
2020/03/08 15:23:47 404623	INFO [input.cpp->run:235]	rotation: 
[0.9999940395355225, -0.001116976141929626, 0.003269821405410767;
 0.001121580600738525, 0.9999983906745911, -0.001410067081451416;
 -0.003268063068389893, 0.001413732767105103, 0.9999935626983643]
2020/03/08 15:23:47 404665	INFO [input.cpp->run:256]	frame times (ms): 17.429
2020/03/08 15:23:47 404670	INFO [input.cpp->run:257]	FPS: 57.3756
2020/03/08 15:23:47 468078	INFO [input.cpp->run:173]	
frame_id 46
2020/03/08 15:23:47 482462	WARNING [visualOdometry.cpp->trackingFrame2Frame:179]	The Estimated Rotation and translation matrices(using getTransformation function) are : 
           1 -0.000712141  0.000488639    0.0158405
 0.000711307     0.999998   0.00167488   0.00227737
-0.000489712  -0.00167455     0.999999   -0.0430479
           0            0            0            1
2020/03/08 15:23:47 483123	INFO [input.cpp->run:235]	rotation: 
[0.9999998211860657, -0.0007121413946151733, 0.0004886388778686523;
 0.0007113069295883179, 0.9999983906745911, 0.001674875617027283;
 -0.0004897117614746094, -0.001674547791481018, 0.9999985694885254]
2020/03/08 15:23:47 483197	INFO [input.cpp->run:256]	frame times (ms): 29.873
2020/03/08 15:23:47 483211	INFO [input.cpp->run:257]	FPS: 33.475
2020/03/08 15:23:47 533235	INFO [input.cpp->run:173]	
frame_id 47
2020/03/08 15:23:47 546152	WARNING [visualOdometry.cpp->trackingFrame2Frame:179]	The Estimated Rotation and translation matrices(using getTransformation function) are : 
   0.999993 -0.00149041  0.00333166    -0.03409
   0.001496    0.999997 -0.00170079    0.039434
-0.00332913  0.00170583    0.999993  -0.0352964
          0           0           0           1
2020/03/08 15:23:47 546751	INFO [input.cpp->run:235]	rotation: 
[0.9999933838844299, -0.001490414142608643, 0.003331661224365234;
 0.001496002078056335, 0.9999973773956299, -0.001700788736343384;
 -0.00332912802696228, 0.001705825328826904, 0.9999929666519165]
2020/03/08 15:23:47 546823	INFO [input.cpp->run:256]	frame times (ms): 23.607
2020/03/08 15:23:47 546835	INFO [input.cpp->run:257]	FPS: 42.3603
2020/03/08 15:23:47 643073	INFO [input.cpp->run:173]	
frame_id 48
2020/03/08 15:23:47 657972	WARNING [visualOdometry.cpp->trackingFrame2Frame:179]	The Estimated Rotation and translation matrices(using getTransformation function) are : 
    0.999962   0.00449693  -0.00741097    0.0548201
 -0.00449985      0.99999 -0.000383362   -0.0644689
  0.00740892  0.000416636     0.999973     0.128501
           0            0            0            1
2020/03/08 15:23:47 658684	INFO [input.cpp->run:235]	rotation: 
[0.9999624490737915, 0.004496932029724121, -0.007410973310470581;
 -0.004499852657318115, 0.9999898672103882, -0.0003833621740341187;
 0.00740891695022583, 0.0004166364669799805, 0.9999725818634033]
2020/03/08 15:23:47 658764	INFO [input.cpp->run:256]	frame times (ms): 30.025
2020/03/08 15:23:47 658810	INFO [input.cpp->run:257]	FPS: 33.3056
2020/03/08 15:23:47 702414	INFO [input.cpp->run:173]	
frame_id 49
2020/03/08 15:23:47 708200	WARNING [visualOdometry.cpp->trackingFrame2Frame:179]	The Estimated Rotation and translation matrices(using getTransformation function) are : 
    0.999994 -0.000928015   0.00341704   -0.0329809
 0.000939861     0.999994  -0.00348182    0.0538149
 -0.00341395    0.0034849     0.999988   -0.0261412
           0            0            0            1
2020/03/08 15:23:47 709024	INFO [input.cpp->run:235]	rotation: 
[0.9999938607215881, -0.0009280145168304443, 0.003417044878005981;
 0.0009398609399795532, 0.9999939203262329, -0.003481820225715637;
 -0.003413945436477661, 0.003484904766082764, 0.9999880790710449]
2020/03/08 15:23:47 709069	INFO [input.cpp->run:256]	frame times (ms): 10.236
2020/03/08 15:23:47 709079	INFO [input.cpp->run:257]	FPS: 97.6944
2020/03/08 15:23:47 766574	INFO [input.cpp->run:173]	
frame_id 50
2020/03/08 15:23:47 770933	WARNING [visualOdometry.cpp->trackingFrame2Frame:179]	The Estimated Rotation and translation matrices(using getTransformation function) are : 
    0.999995 -0.000766739   0.00295708   -0.0289297
 0.000774637     0.999996  -0.00277857    0.0432243
 -0.00295487   0.00278094     0.999992    -0.023057
           0            0            0            1
2020/03/08 15:23:47 771109	INFO [input.cpp->run:235]	rotation: 
[0.9999951124191284, -0.0007667392492294312, 0.002957075834274292;
 0.0007746368646621704, 0.9999959468841553, -0.002778574824333191;
 -0.002954870462417603, 0.002780944108963013, 0.9999916553497314]
2020/03/08 15:23:47 771132	INFO [input.cpp->run:256]	frame times (ms): 8.097
2020/03/08 15:23:47 771137	INFO [input.cpp->run:257]	FPS: 123.503
2020/03/08 15:23:47 842617	INFO [input.cpp->run:173]	
frame_id 51
2020/03/08 15:23:47 857643	WARNING [visualOdometry.cpp->trackingFrame2Frame:179]	The Estimated Rotation and translation matrices(using getTransformation function) are : 
   0.999964  0.00548907 -0.00644854   0.0646601
-0.00551037    0.999979 -0.00329326  -0.0332274
 0.00643018  0.00332861    0.999974    0.116156
          0           0           0           1
2020/03/08 15:23:47 858326	INFO [input.cpp->run:235]	rotation: 
[0.9999641180038452, 0.005489066243171692, -0.006448537111282349;
 -0.005510374903678894, 0.9999792575836182, -0.003293260931968689;
 0.006430178880691528, 0.003328606486320496, 0.9999737739562988]
2020/03/08 15:23:47 858408	INFO [input.cpp->run:256]	frame times (ms): 30.553
2020/03/08 15:23:47 858423	INFO [input.cpp->run:257]	FPS: 32.73
2020/03/08 15:23:47 902972	INFO [input.cpp->run:173]	
frame_id 52
2020/03/08 15:23:47 910636	WARNING [visualOdometry.cpp->trackingFrame2Frame:179]	The Estimated Rotation and translation matrices(using getTransformation function) are : 
    0.999999   0.00111416 -0.000733316   0.00765896
 -0.00111532     0.999999  -0.00143909   0.00214815
 0.000731796   0.00144005     0.999999    0.0205097
           0            0            0            1
2020/03/08 15:23:47 910997	INFO [input.cpp->run:235]	rotation: 
[0.9999990463256836, 0.001114159822463989, -0.0007333159446716309;
 -0.001115322113037109, 0.9999986290931702, -0.001439094543457031;
 0.0007317960262298584, 0.001440048217773438, 0.9999986290931702]
2020/03/08 15:23:47 911039	INFO [input.cpp->run:256]	frame times (ms): 15.723
2020/03/08 15:23:47 911048	INFO [input.cpp->run:257]	FPS: 63.6011
2020/03/08 15:23:47 973684	INFO [input.cpp->run:173]	
frame_id 53
2020/03/08 15:23:47 985598	WARNING [visualOdometry.cpp->trackingFrame2Frame:179]	The Estimated Rotation and translation matrices(using getTransformation function) are : 
    0.999997  0.000302777   0.00229955  -0.00175667
-0.000294581     0.999994   -0.0036321    0.0498819
 -0.00230077   0.00363122     0.999991   -0.0290346
           0            0            0            1
2020/03/08 15:23:47 986167	INFO [input.cpp->run:235]	rotation: 
[0.9999973177909851, 0.0003027766942977905, 0.00229954719543457;
 -0.0002945810556411743, 0.9999935030937195, -0.003632098436355591;
 -0.002300769090652466, 0.003631219267845154, 0.9999905824661255]
2020/03/08 15:23:47 986256	INFO [input.cpp->run:256]	frame times (ms): 24.55
2020/03/08 15:23:47 986270	INFO [input.cpp->run:257]	FPS: 40.7332
2020/03/08 15:23:48 038084	INFO [input.cpp->run:173]	
frame_id 54
2020/03/08 15:23:48 046416	WARNING [visualOdometry.cpp->trackingFrame2Frame:179]	The Estimated Rotation and translation matrices(using getTransformation function) are : 
    0.999999 -0.000985205  0.000687748 -0.000468254
 0.000983939     0.999998   0.00192726  -0.00522947
-0.000689507  -0.00192651     0.999998   -0.0307302
           0            0            0            1
2020/03/08 15:23:48 046802	INFO [input.cpp->run:235]	rotation: 
[0.9999991655349731, -0.0009852051734924316, 0.0006877481937408447;
 0.0009839385747909546, 0.9999975562095642, 0.00192725658416748;
 -0.0006895065307617188, -0.001926511526107788, 0.9999979138374329]
2020/03/08 15:23:48 046850	INFO [input.cpp->run:256]	frame times (ms): 17.571
2020/03/08 15:23:48 046859	INFO [input.cpp->run:257]	FPS: 56.912
2020/03/08 15:23:48 109736	INFO [input.cpp->run:173]	
frame_id 55
2020/03/08 15:23:48 124481	WARNING [visualOdometry.cpp->trackingFrame2Frame:179]	The Estimated Rotation and translation matrices(using getTransformation function) are : 
   0.999996 -0.00199097  0.00202969  -0.0261393
  0.0019865    0.999995  0.00234333 -0.00363922
-0.00203454 -0.00233917    0.999995  -0.0394669
          0           0           0           1
2020/03/08 15:23:48 125155	INFO [input.cpp->run:235]	rotation: 
[0.9999959468841553, -0.001990973949432373, 0.002029687166213989;
 0.001986503601074219, 0.9999951124191284, 0.002343326807022095;
 -0.002034544944763184, -0.002339169383049011, 0.999995231628418]
2020/03/08 15:23:48 125233	INFO [input.cpp->run:256]	frame times (ms): 27.829
2020/03/08 15:23:48 125250	INFO [input.cpp->run:257]	FPS: 35.9337
2020/03/08 15:23:48 172384	INFO [input.cpp->run:173]	
frame_id 56
2020/03/08 15:23:48 182140	WARNING [visualOdometry.cpp->trackingFrame2Frame:179]	The Estimated Rotation and translation matrices(using getTransformation function) are : 
           1  7.83056e-05  0.000932515  0.000557899
-7.71731e-05     0.999999  -0.00135274    0.0201273
-0.000932455   0.00135261     0.999999   -0.0142536
           0            0            0            1
2020/03/08 15:23:48 182592	INFO [input.cpp->run:235]	rotation: 
[0.9999997019767761, 7.830560207366943e-05, 0.0009325146675109863;
 -7.717311382293701e-05, 0.9999993443489075, -0.001352742314338684;
 -0.0009324550628662109, 0.001352608203887939, 0.9999988079071045]
2020/03/08 15:23:48 182649	INFO [input.cpp->run:256]	frame times (ms): 21.373
2020/03/08 15:23:48 182661	INFO [input.cpp->run:257]	FPS: 46.788
2020/03/08 15:23:48 241876	INFO [input.cpp->run:173]	
frame_id 57
2020/03/08 15:23:48 255075	WARNING [visualOdometry.cpp->trackingFrame2Frame:179]	The Estimated Rotation and translation matrices(using getTransformation function) are : 
   0.999998 -0.00134757  0.00146261  -0.0103493
  0.0013454    0.999999  0.00144465   0.0037632
-0.00146434 -0.00144267    0.999998  -0.0367069
          0           0           0           1
2020/03/08 15:23:48 255665	INFO [input.cpp->run:235]	rotation: 
[0.9999982714653015, -0.001347571611404419, 0.001462608575820923;
 0.001345396041870117, 0.9999985098838806, 0.001444652676582336;
 -0.001464337110519409, -0.001442670822143555, 0.9999982118606567]
2020/03/08 15:23:48 255736	INFO [input.cpp->run:256]	frame times (ms): 27.05
2020/03/08 15:23:48 255751	INFO [input.cpp->run:257]	FPS: 36.9686
2020/03/08 15:23:48 309024	INFO [input.cpp->run:173]	
frame_id 58
2020/03/08 15:23:48 323597	WARNING [visualOdometry.cpp->trackingFrame2Frame:179]	The Estimated Rotation and translation matrices(using getTransformation function) are : 
    0.999994 -0.000718564   0.00343958   -0.0197582
 0.000732616     0.999991  -0.00412051    0.0660648
  -0.0034366   0.00412302     0.999986   -0.0379324
           0            0            0            1
2020/03/08 15:23:48 324257	INFO [input.cpp->run:235]	rotation: 
[0.9999939799308777, -0.0007185637950897217, 0.003439575433731079;
 0.00073261559009552, 0.9999914765357971, -0.004120513796806335;
 -0.00343659520149231, 0.004123017191886902, 0.9999855756759644]
2020/03/08 15:23:48 324331	INFO [input.cpp->run:256]	frame times (ms): 28.729
2020/03/08 15:23:48 324340	INFO [input.cpp->run:257]	FPS: 34.808
2020/03/08 15:23:48 369563	INFO [input.cpp->run:173]	
frame_id 59
2020/03/08 15:23:48 377131	WARNING [visualOdometry.cpp->trackingFrame2Frame:179]	The Estimated Rotation and translation matrices(using getTransformation function) are : 
   0.999985 -0.00320579  0.00455871  -0.0514917
 0.00320117    0.999995  0.00101472   0.0267334
-0.00456202 -0.00100008    0.999989  -0.0646553
          0           0           0           1
2020/03/08 15:23:48 377485	INFO [input.cpp->run:235]	rotation: 
[0.9999846220016479, -0.003205791115760803, 0.004558712244033813;
 0.00320117175579071, 0.9999945759773254, 0.001014724373817444;
 -0.004562020301818848, -0.001000076532363892, 0.9999891519546509]
2020/03/08 15:23:48 377527	INFO [input.cpp->run:256]	frame times (ms): 16.36
2020/03/08 15:23:48 377531	INFO [input.cpp->run:257]	FPS: 61.1247
2020/03/08 15:23:48 442615	INFO [input.cpp->run:173]	
frame_id 60
2020/03/08 15:23:48 457426	WARNING [visualOdometry.cpp->trackingFrame2Frame:179]	The Estimated Rotation and translation matrices(using getTransformation function) are : 
           1 -0.000116438  7.98702e-06    0.0211382
 0.000116467            1  0.000364542   0.00948048
-8.01682e-06 -0.000364468            1   -0.0284872
           0            0            0            1
2020/03/08 15:23:48 458133	INFO [input.cpp->run:235]	rotation: 
[1.00000011920929, -0.0001164376735687256, 7.987022399902344e-06;
 0.0001164674758911133, 1.000000238418579, 0.0003645420074462891;
 -8.016824722290039e-06, -0.0003644675016403198, 1.000000238418579]
2020/03/08 15:23:48 458212	INFO [input.cpp->run:256]	frame times (ms): 29.781
2020/03/08 15:23:48 458227	INFO [input.cpp->run:257]	FPS: 33.5785
2020/03/08 15:23:48 503986	INFO [input.cpp->run:173]	
frame_id 61
2020/03/08 15:23:48 513321	WARNING [visualOdometry.cpp->trackingFrame2Frame:179]	The Estimated Rotation and translation matrices(using getTransformation function) are : 
   0.999995 -0.00114363  0.00301722   -0.015523
 0.00114885    0.999998 -0.00172853   0.0431733
-0.00301519  0.00173202    0.999994   -0.046855
          0           0           0           1
2020/03/08 15:23:48 513757	INFO [input.cpp->run:235]	rotation: 
[0.9999949336051941, -0.00114363431930542, 0.003017216920852661;
 0.001148849725723267, 0.9999979734420776, -0.001728534698486328;
 -0.003015190362930298, 0.001732021570205688, 0.9999939203262329]
2020/03/08 15:23:48 513807	INFO [input.cpp->run:256]	frame times (ms): 20.018
2020/03/08 15:23:48 513815	INFO [input.cpp->run:257]	FPS: 49.955
2020/03/08 15:23:48 574765	INFO [input.cpp->run:173]	
frame_id 62
2020/03/08 15:23:48 586550	WARNING [visualOdometry.cpp->trackingFrame2Frame:179]	The Estimated Rotation and translation matrices(using getTransformation function) are : 
   0.999993 -0.00199413  0.00319064  -0.0460377
 0.00199346    0.999998 0.000256002   0.0160055
-0.00319117 -0.00024949    0.999995  -0.0313253
          0           0           0           1
2020/03/08 15:23:48 587088	INFO [input.cpp->run:235]	rotation: 
[0.9999930262565613, -0.001994132995605469, 0.00319063663482666;
 0.001993462443351746, 0.9999979138374329, 0.0002560019493103027;
 -0.003191173076629639, -0.0002494901418685913, 0.9999951124191284]
2020/03/08 15:23:48 587153	INFO [input.cpp->run:256]	frame times (ms): 25.37
2020/03/08 15:23:48 587166	INFO [input.cpp->run:257]	FPS: 39.4166
2020/03/08 15:23:48 642608	INFO [input.cpp->run:173]	
frame_id 63
2020/03/08 15:23:48 657152	WARNING [visualOdometry.cpp->trackingFrame2Frame:179]	The Estimated Rotation and translation matrices(using getTransformation function) are : 
    0.999998   -0.0010314   0.00192833  -0.00722218
   0.0010318     0.999999 -0.000183761    0.0227332
 -0.00192842  0.000185803     0.999998   -0.0399303
           0            0            0            1
2020/03/08 15:23:48 657811	INFO [input.cpp->run:235]	rotation: 
[0.9999976754188538, -0.001031398773193359, 0.001928329467773438;
 0.001031801104545593, 0.999999463558197, -0.0001837611198425293;
 -0.001928418874740601, 0.0001858025789260864, 0.9999978542327881]
2020/03/08 15:23:48 657886	INFO [input.cpp->run:256]	frame times (ms): 28.61
2020/03/08 15:23:48 657952	INFO [input.cpp->run:257]	FPS: 34.9528
2020/03/08 15:23:48 704570	INFO [input.cpp->run:173]	
frame_id 64
2020/03/08 15:23:48 716603	WARNING [visualOdometry.cpp->trackingFrame2Frame:179]	The Estimated Rotation and translation matrices(using getTransformation function) are : 
    0.999999 -0.000932813   0.00136513   0.00571251
 0.000932351            1  0.000355348    0.0191607
 -0.00136533 -0.000353917     0.999999   -0.0455933
           0            0            0            1
2020/03/08 15:23:48 717189	INFO [input.cpp->run:235]	rotation: 
[0.9999987483024597, -0.0009328126907348633, 0.001365125179290771;
 0.000932350754737854, 0.9999997615814209, 0.0003553479909896851;
 -0.001365333795547485, -0.0003539174795150757, 0.9999991655349731]
2020/03/08 15:23:48 717253	INFO [input.cpp->run:256]	frame times (ms): 25.686
2020/03/08 15:23:48 717268	INFO [input.cpp->run:257]	FPS: 38.9317
2020/03/08 15:23:48 776168	INFO [input.cpp->run:173]	
frame_id 65
2020/03/08 15:23:48 790803	WARNING [visualOdometry.cpp->trackingFrame2Frame:179]	The Estimated Rotation and translation matrices(using getTransformation function) are : 
    0.999991  -0.00213097   0.00365147   -0.0499945
  0.00213367     0.999998 -0.000710532    0.0303812
 -0.00364986  0.000718474     0.999993   -0.0342979
           0            0            0            1
2020/03/08 15:23:48 791466	INFO [input.cpp->run:235]	rotation: 
[0.9999912977218628, -0.002130970358848572, 0.003651469945907593;
 0.002133667469024658, 0.9999976754188538, -0.0007105320692062378;
 -0.003649860620498657, 0.0007184743881225586, 0.9999933838844299]
2020/03/08 15:23:48 791537	INFO [input.cpp->run:256]	frame times (ms): 29.461
2020/03/08 15:23:48 791556	INFO [input.cpp->run:257]	FPS: 33.9432
2020/03/08 15:23:48 836382	INFO [input.cpp->run:173]	
frame_id 66
2020/03/08 15:23:48 843860	WARNING [visualOdometry.cpp->trackingFrame2Frame:179]	The Estimated Rotation and translation matrices(using getTransformation function) are : 
    0.999993  -0.00194649   0.00333461   -0.0251961
   0.0019456     0.999998  0.000303999    0.0264363
 -0.00333527 -0.000297546     0.999994   -0.0576382
           0            0            0            1
2020/03/08 15:23:48 844200	INFO [input.cpp->run:235]	rotation: 
[0.9999926090240479, -0.001946493983268738, 0.003334611654281616;
 0.001945599913597107, 0.9999980926513672, 0.000303998589515686;
 -0.003335267305374146, -0.00029754638671875, 0.9999942779541016]
2020/03/08 15:23:48 844240	INFO [input.cpp->run:256]	frame times (ms): 16.537
2020/03/08 15:23:48 844247	INFO [input.cpp->run:257]	FPS: 60.4705
2020/03/08 15:23:48 909394	INFO [input.cpp->run:173]	
frame_id 67
2020/03/08 15:23:48 923927	WARNING [visualOdometry.cpp->trackingFrame2Frame:179]	The Estimated Rotation and translation matrices(using getTransformation function) are : 
   0.999992 -0.00154276  0.00371987  -0.0380316
 0.00155115    0.999996 -0.00228198   0.0479579
-0.00371641  0.00228776     0.99999  -0.0382328
          0           0           0           1
2020/03/08 15:23:48 924586	INFO [input.cpp->run:235]	rotation: 
[0.9999917149543762, -0.001542761921882629, 0.003719866275787354;
 0.001551151275634766, 0.9999961853027344, -0.002281978726387024;
 -0.003716409206390381, 0.002287760376930237, 0.9999902248382568]
2020/03/08 15:23:48 924659	INFO [input.cpp->run:256]	frame times (ms): 29.059
2020/03/08 15:23:48 924668	INFO [input.cpp->run:257]	FPS: 34.4127
2020/03/08 15:23:48 974709	INFO [input.cpp->run:173]	
frame_id 68
2020/03/08 15:23:48 987850	WARNING [visualOdometry.cpp->trackingFrame2Frame:179]	The Estimated Rotation and translation matrices(using getTransformation function) are : 
    0.999998 -0.000969857   0.00156137  -0.00294304
  0.00097008     0.999999 -0.000135899    0.0215049
 -0.00156105  0.000137508     0.999999   -0.0370893
           0            0            0            1
2020/03/08 15:23:48 988441	INFO [input.cpp->run:235]	rotation: 
[0.9999979734420776, -0.0009698569774627686, 0.001561373472213745;
 0.0009700804948806763, 0.9999992251396179, -0.0001358985900878906;
 -0.00156104564666748, 0.0001375079154968262, 0.9999985694885254]
2020/03/08 15:23:48 988511	INFO [input.cpp->run:256]	frame times (ms): 26.123
2020/03/08 15:23:48 988526	INFO [input.cpp->run:257]	FPS: 38.2804
2020/03/08 15:23:49 035595	INFO [input.cpp->run:173]	
frame_id 69
2020/03/08 15:23:49 042606	WARNING [visualOdometry.cpp->trackingFrame2Frame:179]	The Estimated Rotation and translation matrices(using getTransformation function) are : 
   0.999996 -0.00108032  0.00280759  -0.0189981
 0.00108379    0.999999 -0.00118886   0.0336223
-0.00280619    0.001192    0.999996  -0.0413456
          0           0           0           1
2020/03/08 15:23:49 042929	INFO [input.cpp->run:235]	rotation: 
[0.9999955296516418, -0.001080319285392761, 0.002807587385177612;
 0.001083791255950928, 0.9999986886978149, -0.001188859343528748;
 -0.002806186676025391, 0.001192003488540649, 0.9999955892562866]
2020/03/08 15:23:49 042966	INFO [input.cpp->run:256]	frame times (ms): 15.653
2020/03/08 15:23:49 042970	INFO [input.cpp->run:257]	FPS: 63.8855
2020/03/08 15:23:49 109397	INFO [input.cpp->run:173]	
frame_id 70
2020/03/08 15:23:49 123996	WARNING [visualOdometry.cpp->trackingFrame2Frame:179]	The Estimated Rotation and translation matrices(using getTransformation function) are : 
    0.999991  -0.00243691    0.0034821      -0.0337
  0.00243504     0.999997  0.000529781    0.0257673
  -0.0034835 -0.000521243     0.999994   -0.0543156
           0            0            0            1
2020/03/08 15:23:49 124658	INFO [input.cpp->run:235]	rotation: 
[0.9999909996986389, -0.002436906099319458, 0.00348210334777832;
 0.002435043454170227, 0.9999969601631165, 0.0005297809839248657;
 -0.003483504056930542, -0.000521242618560791, 0.9999939203262329]
2020/03/08 15:23:49 124735	INFO [input.cpp->run:256]	frame times (ms): 28.221
2020/03/08 15:23:49 124749	INFO [input.cpp->run:257]	FPS: 35.4346
2020/03/08 15:23:49 172793	INFO [input.cpp->run:173]	
frame_id 71
2020/03/08 15:23:49 182916	WARNING [visualOdometry.cpp->trackingFrame2Frame:179]	The Estimated Rotation and translation matrices(using getTransformation function) are : 
    0.999994  -0.00169729   0.00296208   -0.0280237
  0.00169766     0.999999 -0.000163928    0.0253849
 -0.00296199  0.000168845     0.999996   -0.0431967
           0            0            0            1
2020/03/08 15:23:49 183371	INFO [input.cpp->run:235]	rotation: 
[0.9999943375587463, -0.00169728696346283, 0.002962082624435425;
 0.001697659492492676, 0.9999986886978149, -0.0001639276742935181;
 -0.002961993217468262, 0.0001688450574874878, 0.9999955892562866]
2020/03/08 15:23:49 183429	INFO [input.cpp->run:256]	frame times (ms): 22.215
2020/03/08 15:23:49 183439	INFO [input.cpp->run:257]	FPS: 45.0146
2020/03/08 15:23:49 242753	INFO [input.cpp->run:173]	
frame_id 72
2020/03/08 15:23:49 259320	WARNING [visualOdometry.cpp->trackingFrame2Frame:179]	The Estimated Rotation and translation matrices(using getTransformation function) are : 
   0.999994 -0.00232954  0.00260535  -0.0231934
 0.00232455    0.999996  0.00192161   0.0101547
-0.00260979 -0.00191538    0.999995  -0.0555658
          0           0           0           1
2020/03/08 15:23:49 260031	INFO [input.cpp->run:235]	rotation: 
[0.9999940395355225, -0.002329543232917786, 0.002605348825454712;
 0.002324551343917847, 0.9999955892562866, 0.001921609044075012;
 -0.002609789371490479, -0.001915380358695984, 0.9999949932098389]
2020/03/08 15:23:49 260103	INFO [input.cpp->run:256]	frame times (ms): 31.44
2020/03/08 15:23:49 260120	INFO [input.cpp->run:257]	FPS: 31.8066
2020/03/08 15:23:49 306074	INFO [input.cpp->run:173]	
frame_id 73
2020/03/08 15:23:49 316061	WARNING [visualOdometry.cpp->trackingFrame2Frame:179]	The Estimated Rotation and translation matrices(using getTransformation function) are : 
    0.999996  -0.00159919   0.00241739   -0.0177031
   0.0015987     0.999999  0.000228077    0.0224557
 -0.00241783 -0.000224143     0.999997   -0.0447273
           0            0            0            1
2020/03/08 15:23:49 316516	INFO [input.cpp->run:235]	rotation: 
[0.9999958276748657, -0.00159919261932373, 0.002417385578155518;
 0.001598700881004333, 0.9999986886978149, 0.0002280771732330322;
 -0.002417832612991333, -0.0002241432666778564, 0.9999972581863403]
2020/03/08 15:23:49 316569	INFO [input.cpp->run:256]	frame times (ms): 21.898
2020/03/08 15:23:49 316580	INFO [input.cpp->run:257]	FPS: 45.6663
2020/03/08 15:23:49 379993	INFO [input.cpp->run:173]	
frame_id 74
2020/03/08 15:23:49 394776	WARNING [visualOdometry.cpp->trackingFrame2Frame:179]	The Estimated Rotation and translation matrices(using getTransformation function) are : 
    0.999999  -0.00147714 -5.26607e-05   0.00797939
  0.00147717     0.999998   0.00169407   0.00352573
 5.02467e-05  -0.00169416     0.999999   -0.0284243
           0            0            0            1
2020/03/08 15:23:49 395454	INFO [input.cpp->run:235]	rotation: 
[0.999998927116394, -0.001477137207984924, -5.266070365905762e-05;
 0.001477167010307312, 0.999997615814209, 0.001694068312644958;
 5.02467155456543e-05, -0.001694157719612122, 0.9999985098838806]
2020/03/08 15:23:49 395525	INFO [input.cpp->run:256]	frame times (ms): 29.866
2020/03/08 15:23:49 395534	INFO [input.cpp->run:257]	FPS: 33.4829
2020/03/08 15:23:49 439370	INFO [input.cpp->run:173]	
frame_id 75
2020/03/08 15:23:49 449567	WARNING [visualOdometry.cpp->trackingFrame2Frame:179]	The Estimated Rotation and translation matrices(using getTransformation function) are : 
    0.999999 -0.000507906   0.00156689  0.000497818
 0.000508204            1 -0.000197694    0.0192389
 -0.00156698  0.000198424     0.999999   -0.0384846
           0            0            0            1
2020/03/08 15:23:49 450019	INFO [input.cpp->run:235]	rotation: 
[0.9999985098838806, -0.0005079060792922974, 0.001566886901855469;
 0.0005082041025161743, 0.9999997019767761, -0.0001976937055587769;
 -0.001566976308822632, 0.0001984238624572754, 0.9999986886978149]
2020/03/08 15:23:49 450076	INFO [input.cpp->run:256]	frame times (ms): 21.476
2020/03/08 15:23:49 450086	INFO [input.cpp->run:257]	FPS: 46.5636
2020/03/08 15:23:49 509295	INFO [input.cpp->run:173]	
frame_id 76
2020/03/08 15:23:49 524209	WARNING [visualOdometry.cpp->trackingFrame2Frame:179]	The Estimated Rotation and translation matrices(using getTransformation function) are : 
   0.999963 -0.00823343 -0.00251243   0.0112543
 0.00826101    0.999904    0.011144  -0.0341663
 0.00242037  -0.0111644    0.999935  -0.0735092
          0           0           0           1
2020/03/08 15:23:49 524870	INFO [input.cpp->run:235]	rotation: 
[0.9999630451202393, -0.008233428001403809, -0.002512425184249878;
 0.008261010050773621, 0.9999038577079773, 0.01114402711391449;
 0.002420365810394287, -0.01116444170475006, 0.9999347925186157]
2020/03/08 15:23:49 524945	INFO [input.cpp->run:256]	frame times (ms): 29.638
2020/03/08 15:23:49 524960	INFO [input.cpp->run:257]	FPS: 33.7405
2020/03/08 15:23:49 569517	INFO [input.cpp->run:173]	
frame_id 77
2020/03/08 15:23:49 577143	WARNING [visualOdometry.cpp->trackingFrame2Frame:179]	The Estimated Rotation and translation matrices(using getTransformation function) are : 
    0.999999 -0.000966638  0.000967711    0.0256805
  0.00096707            1 -0.000382721    0.0395031
-0.000967354   0.00038363            1   -0.0606861
           0            0            0            1
2020/03/08 15:23:49 577483	INFO [input.cpp->run:235]	rotation: 
[0.9999992847442627, -0.0009666383266448975, 0.0009677112102508545;
 0.000967070460319519, 0.9999996423721313, -0.0003827214241027832;
 -0.0009673535823822021, 0.0003836303949356079, 0.9999996423721313]
2020/03/08 15:23:49 577539	INFO [input.cpp->run:256]	frame times (ms): 16.003
2020/03/08 15:23:49 577546	INFO [input.cpp->run:257]	FPS: 62.4883
2020/03/08 15:23:49 642916	INFO [input.cpp->run:173]	
frame_id 78
2020/03/08 15:23:49 658568	WARNING [visualOdometry.cpp->trackingFrame2Frame:179]	The Estimated Rotation and translation matrices(using getTransformation function) are : 
   0.999979 -0.00574924 -0.00303099   0.0390902
 0.00577459    0.999948   0.0084639  -0.0203023
  0.0029822  -0.0084812     0.99996  -0.0650749
          0           0           0           1
2020/03/08 15:23:49 659246	INFO [input.cpp->run:235]	rotation: 
[0.99997878074646, -0.005749240517616272, -0.003030985593795776;
 0.005774587392807007, 0.9999475479125977, 0.00846390426158905;
 0.002982199192047119, -0.008481204509735107, 0.9999595284461975]
2020/03/08 15:23:49 659318	INFO [input.cpp->run:256]	frame times (ms): 29.889
2020/03/08 15:23:49 659326	INFO [input.cpp->run:257]	FPS: 33.4571
2020/03/08 15:23:49 702942	INFO [input.cpp->run:173]	
frame_id 79
2020/03/08 15:23:49 710615	WARNING [visualOdometry.cpp->trackingFrame2Frame:179]	The Estimated Rotation and translation matrices(using getTransformation function) are : 
   0.999962 -0.00827704 -0.00264466   0.0278358
 0.00831068    0.999882    0.012939  -0.0450726
 0.00253719  -0.0129605    0.999913    -0.10433
          0           0           0           1
2020/03/08 15:23:49 710972	INFO [input.cpp->run:235]	rotation: 
[0.9999622106552124, -0.008277043700218201, -0.002644658088684082;
 0.008310675621032715, 0.9998816847801208, 0.0129389762878418;
 0.002537190914154053, -0.01296053826808929, 0.9999128580093384]
2020/03/08 15:23:49 711012	INFO [input.cpp->run:256]	frame times (ms): 15.692
2020/03/08 15:23:49 711023	INFO [input.cpp->run:257]	FPS: 63.7267
2020/03/08 15:23:49 775939	INFO [input.cpp->run:173]	
frame_id 80
2020/03/08 15:23:49 791132	WARNING [visualOdometry.cpp->trackingFrame2Frame:179]	The Estimated Rotation and translation matrices(using getTransformation function) are : 
  0.999632 -0.0209513 -0.0172001   0.143664
 0.0215267   0.999191  0.0339738  -0.148026
 0.0164743 -0.0343316   0.999275  -0.123217
         0          0          0          1
2020/03/08 15:23:49 791812	INFO [input.cpp->run:235]	rotation: 
[0.9996324777603149, -0.02095133066177368, -0.01720008254051208;
 0.02152670919895172, 0.9991908073425293, 0.03397376835346222;
 0.01647427678108215, -0.03433161973953247, 0.9992746114730835]
2020/03/08 15:23:49 791905	INFO [input.cpp->run:256]	frame times (ms): 28.317
2020/03/08 15:23:49 791920	INFO [input.cpp->run:257]	FPS: 35.3145
2020/03/08 15:23:49 836619	INFO [input.cpp->run:173]	
frame_id 81
2020/03/08 15:23:49 845703	WARNING [visualOdometry.cpp->trackingFrame2Frame:179]	The Estimated Rotation and translation matrices(using getTransformation function) are : 
    0.9995  0.0217435  0.0229578  -0.245256
-0.0207651   0.998901 -0.0420295   0.220329
-0.0238465  0.0415317   0.998853   0.151411
         0          0          0          1
2020/03/08 15:23:49 846119	INFO [input.cpp->run:235]	rotation: 
[0.999500036239624, 0.0217435210943222, 0.02295780181884766;
 -0.02076511085033417, 0.9989006519317627, -0.0420294851064682;
 -0.02384653687477112, 0.04153168201446533, 0.9988526701927185]
2020/03/08 15:23:49 846166	INFO [input.cpp->run:256]	frame times (ms): 19.715
2020/03/08 15:23:49 846174	INFO [input.cpp->run:257]	FPS: 50.7228
2020/03/08 15:23:49 909239	INFO [input.cpp->run:173]	
frame_id 82
2020/03/08 15:23:49 924025	WARNING [visualOdometry.cpp->trackingFrame2Frame:179]	The Estimated Rotation and translation matrices(using getTransformation function) are : 
  0.999727 -0.0137612 -0.0188622  0.0342512
 0.0144799   0.999153   0.038514  -0.376486
 0.0183163 -0.0387767    0.99908  0.0775423
         0          0          0          1
2020/03/08 15:23:49 924685	INFO [input.cpp->run:235]	rotation: 
[0.9997274875640869, -0.01376119256019592, -0.01886215806007385;
 0.01447990536689758, 0.9991532564163208, 0.03851404786109924;
 0.01831626892089844, -0.03877665102481842, 0.9990801811218262]
2020/03/08 15:23:49 924760	INFO [input.cpp->run:256]	frame times (ms): 30.186
2020/03/08 15:23:49 924777	INFO [input.cpp->run:257]	FPS: 33.1279
2020/03/08 15:23:49 972545	INFO [input.cpp->run:173]	
frame_id 83
2020/03/08 15:23:49 982311	WARNING [visualOdometry.cpp->trackingFrame2Frame:179]	The Estimated Rotation and translation matrices(using getTransformation function) are : 
   0.999963 -0.00809973 -0.00300902  -0.0511208
 0.00813627    0.999891   0.0123252  -0.0868373
 0.00290871  -0.0123493    0.999919  -0.0100937
          0           0           0           1
2020/03/08 15:23:49 982761	INFO [input.cpp->run:235]	rotation: 
[0.9999627470970154, -0.008099734783172607, -0.003009021282196045;
 0.008136272430419922, 0.9998910427093506, 0.0123252272605896;
 0.002908706665039062, -0.01234926283359528, 0.9999194145202637]
2020/03/08 15:23:49 982814	INFO [input.cpp->run:256]	frame times (ms): 20.46
2020/03/08 15:23:49 982823	INFO [input.cpp->run:257]	FPS: 48.8759
2020/03/08 15:23:50 042732	INFO [input.cpp->run:173]	
frame_id 84
2020/03/08 15:23:50 057250	WARNING [visualOdometry.cpp->trackingFrame2Frame:179]	The Estimated Rotation and translation matrices(using getTransformation function) are : 
   0.999952  0.00119816 -0.00968102   0.0885448
 -0.0011199    0.999967  0.00810075   -0.114608
 0.00969049 -0.00808954     0.99992   0.0657511
          0           0           0           1
2020/03/08 15:23:50 057911	INFO [input.cpp->run:235]	rotation: 
[0.9999521970748901, 0.001198157668113708, -0.009681016206741333;
 -0.001119896769523621, 0.9999665021896362, 0.008100748062133789;
 0.00969049334526062, -0.008089542388916016, 0.9999202489852905]
2020/03/08 15:23:50 057984	INFO [input.cpp->run:256]	frame times (ms): 29.433
2020/03/08 15:23:50 058000	INFO [input.cpp->run:257]	FPS: 33.9755
2020/03/08 15:23:50 108135	INFO [input.cpp->run:173]	
frame_id 85
2020/03/08 15:23:50 120724	WARNING [visualOdometry.cpp->trackingFrame2Frame:179]	The Estimated Rotation and translation matrices(using getTransformation function) are : 
    0.999986 -9.07481e-05  -0.00534296    0.0544024
 0.000115141      0.99999   0.00457558   -0.0455923
  0.00534251  -0.00457607     0.999975    0.0126801
           0            0            0            1
2020/03/08 15:23:50 121331	INFO [input.cpp->run:235]	rotation: 
[0.999985933303833, -9.074807167053223e-05, -0.005342960357666016;
 0.0001151412725448608, 0.999989926815033, 0.004575580358505249;
 0.0053425133228302, -0.004576072096824646, 0.9999752640724182]
2020/03/08 15:23:50 121405	INFO [input.cpp->run:256]	frame times (ms): 25.861
2020/03/08 15:23:50 121420	INFO [input.cpp->run:257]	FPS: 38.6683
2020/03/08 15:23:50 170366	INFO [input.cpp->run:173]	
frame_id 86
2020/03/08 15:23:50 178423	WARNING [visualOdometry.cpp->trackingFrame2Frame:179]	The Estimated Rotation and translation matrices(using getTransformation function) are : 
   0.999695   0.0024496     0.02457   -0.160939
-0.00160581     0.99941  -0.0343057    0.479577
 -0.0246395   0.0342559     0.99911    -0.20665
          0           0           0           1
2020/03/08 15:23:50 178809	INFO [input.cpp->run:235]	rotation: 
[0.9996954202651978, 0.002449601888656616, 0.0245700478553772;
 -0.001605808734893799, 0.9994104504585266, -0.03430573642253876;
 -0.02463948726654053, 0.03425586223602295, 0.9991095066070557]
2020/03/08 15:23:50 178857	INFO [input.cpp->run:256]	frame times (ms): 17.344
2020/03/08 15:23:50 178862	INFO [input.cpp->run:257]	FPS: 57.6568
2020/03/08 15:23:50 243144	INFO [input.cpp->run:173]	
frame_id 87
2020/03/08 15:23:50 256944	INFO [input.cpp->run:196]	Not enough points
2020/03/08 15:23:50 309485	INFO [input.cpp->run:173]	
frame_id 88
2020/03/08 15:23:50 322920	INFO [input.cpp->run:196]	Not enough points
2020/03/08 15:23:50 376236	INFO [input.cpp->run:173]	
frame_id 89
2020/03/08 15:23:50 389787	WARNING [visualOdometry.cpp->trackingFrame2Frame:179]	The Estimated Rotation and translation matrices(using getTransformation function) are : 
    0.999994 -0.000356376  -0.00349241    0.0905447
 0.000352547     0.999999  -0.00112483    0.0582023
  0.00349271   0.00112355     0.999993   -0.0395889
           0            0            0            1
2020/03/08 15:23:50 390449	INFO [input.cpp->run:235]	rotation: 
[0.9999937415122986, -0.0003563761711120605, -0.003492414951324463;
 0.0003525465726852417, 0.9999991655349731, -0.001124829053878784;
 0.00349271297454834, 0.001123547554016113, 0.9999934434890747]
2020/03/08 15:23:50 390525	INFO [input.cpp->run:256]	frame times (ms): 29.05
2020/03/08 15:23:50 390539	INFO [input.cpp->run:257]	FPS: 34.4234
2020/03/08 15:23:50 439237	INFO [input.cpp->run:173]	
frame_id 90
2020/03/08 15:23:50 449132	WARNING [visualOdometry.cpp->trackingFrame2Frame:179]	The Estimated Rotation and translation matrices(using getTransformation function) are : 
    0.999998  0.000802323  -0.00164235    0.0537786
-0.000800535     0.999999   0.00117859  -0.00463724
  0.00164333  -0.00117728     0.999998   -0.0251102
           0            0            0            1
2020/03/08 15:23:50 449584	INFO [input.cpp->run:235]	rotation: 
[0.9999983310699463, 0.0008023232221603394, -0.001642346382141113;
 -0.0008005350828170776, 0.9999991059303284, 0.001178592443466187;
 0.001643329858779907, -0.001177281141281128, 0.9999979734420776]
2020/03/08 15:23:50 449640	INFO [input.cpp->run:256]	frame times (ms): 21.212
2020/03/08 15:23:50 449651	INFO [input.cpp->run:257]	FPS: 47.1431
2020/03/08 15:23:50 509330	INFO [input.cpp->run:173]	
frame_id 91
2020/03/08 15:23:50 523919	WARNING [visualOdometry.cpp->trackingFrame2Frame:179]	The Estimated Rotation and translation matrices(using getTransformation function) are : 
    0.999998   0.00126557   0.00148416  0.000986099
 -0.00126584     0.999999  0.000254154  -0.00928974
  -0.0014838 -0.000255942     0.999999   -0.0298929
           0            0            0            1
2020/03/08 15:23:50 524577	INFO [input.cpp->run:235]	rotation: 
[0.9999980926513672, 0.001265570521354675, 0.001484155654907227;
 -0.001265838742256165, 0.9999990463256836, 0.0002541542053222656;
 -0.001483798027038574, -0.0002559423446655273, 0.999998927116394]
2020/03/08 15:23:50 524649	INFO [input.cpp->run:256]	frame times (ms): 29.682
2020/03/08 15:23:50 524662	INFO [input.cpp->run:257]	FPS: 33.6905
2020/03/08 15:23:50 569494	INFO [input.cpp->run:173]	
frame_id 92
2020/03/08 15:23:50 576850	WARNING [visualOdometry.cpp->trackingFrame2Frame:179]	The Estimated Rotation and translation matrices(using getTransformation function) are : 
   0.999985  0.00312428  0.00443515  -0.0556507
-0.00311263    0.999992 -0.00263974 -0.00940037
-0.00444344  0.00262582    0.999987  -0.0084343
          0           0           0           1
2020/03/08 15:23:50 577310	INFO [input.cpp->run:235]	rotation: 
[0.9999854564666748, 0.003124281764030457, 0.004435151815414429;
 -0.003112629055976868, 0.9999916553497314, -0.002639740705490112;
 -0.004443436861038208, 0.002625823020935059, 0.9999866485595703]
2020/03/08 15:23:50 577355	INFO [input.cpp->run:256]	frame times (ms): 16.26
2020/03/08 15:23:50 577359	INFO [input.cpp->run:257]	FPS: 61.5006
2020/03/08 15:23:50 642883	INFO [input.cpp->run:173]	
frame_id 93
2020/03/08 15:23:50 657590	INFO [input.cpp->run:196]	Not enough points
2020/03/08 15:23:50 709896	INFO [input.cpp->run:173]	
frame_id 94
2020/03/08 15:23:50 724666	INFO [input.cpp->run:196]	Not enough points
2020/03/08 15:23:50 775935	INFO [input.cpp->run:173]	
frame_id 95
2020/03/08 15:23:50 790531	INFO [input.cpp->run:196]	Not enough points
2020/03/08 15:23:50 842768	INFO [input.cpp->run:173]	
frame_id 96
2020/03/08 15:23:50 857281	INFO [input.cpp->run:196]	Not enough points
2020/03/08 15:23:50 909609	INFO [input.cpp->run:173]	
frame_id 97
2020/03/08 15:23:50 924222	WARNING [visualOdometry.cpp->trackingFrame2Frame:179]	The Estimated Rotation and translation matrices(using getTransformation function) are : 
    0.999999 -0.000400156   0.00148326   -0.0080719
 0.000396267     0.999997   0.00263155   -0.0200658
 -0.00148436  -0.00263095     0.999996    -0.047307
           0            0            0            1
2020/03/08 15:23:50 924881	INFO [input.cpp->run:235]	rotation: 
[0.9999990463256836, -0.000400155782699585, 0.001483261585235596;
 0.0003962665796279907, 0.9999966025352478, 0.002631545066833496;
 -0.00148436427116394, -0.002630949020385742, 0.9999957084655762]
2020/03/08 15:23:50 924953	INFO [input.cpp->run:256]	frame times (ms): 28.112
2020/03/08 15:23:50 924969	INFO [input.cpp->run:257]	FPS: 35.572
2020/03/08 15:23:50 969689	INFO [input.cpp->run:173]	
frame_id 98
2020/03/08 15:23:50 977276	WARNING [visualOdometry.cpp->trackingFrame2Frame:179]	The Estimated Rotation and translation matrices(using getTransformation function) are : 
    0.999999  0.000788018  0.000551254    0.0356665
-0.000787273     0.999998  -0.00190616    0.0394225
-0.000552773   0.00190566     0.999998   -0.0411205
           0            0            0            1
2020/03/08 15:23:50 977630	INFO [input.cpp->run:235]	rotation: 
[0.9999994039535522, 0.0007880181074142456, 0.0005512535572052002;
 -0.0007872730493545532, 0.9999978542327881, -0.001906156539916992;
 -0.0005527734756469727, 0.001905664801597595, 0.9999979734420776]
2020/03/08 15:23:50 977671	INFO [input.cpp->run:256]	frame times (ms): 16.105
2020/03/08 15:23:50 977675	INFO [input.cpp->run:257]	FPS: 62.0925
2020/03/08 15:23:51 042706	INFO [input.cpp->run:173]	
frame_id 99
2020/03/08 15:23:51 057875	WARNING [visualOdometry.cpp->trackingFrame2Frame:179]	The Estimated Rotation and translation matrices(using getTransformation function) are : 
   0.999988 -0.00357486 -0.00325719   0.0176287
 0.00359547    0.999973  0.00641149  -0.0423923
 0.00323451 -0.00642298    0.999974 -0.00567055
          0           0           0           1
2020/03/08 15:23:51 058576	INFO [input.cpp->run:235]	rotation: 
[0.999988317489624, -0.003574863076210022, -0.003257185220718384;
 0.003595471382141113, 0.9999732971191406, 0.006411492824554443;
 0.003234505653381348, -0.0064229816198349, 0.9999741911888123]
2020/03/08 15:23:51 058657	INFO [input.cpp->run:256]	frame times (ms): 30.655
2020/03/08 15:23:51 058673	INFO [input.cpp->run:257]	FPS: 32.6211
2020/03/08 15:23:51 104428	INFO [input.cpp->run:173]	
frame_id 100
2020/03/08 15:23:51 113938	WARNING [visualOdometry.cpp->trackingFrame2Frame:179]	The Estimated Rotation and translation matrices(using getTransformation function) are : 
           1  9.98974e-05  0.000434995   -0.0129051
-9.98825e-05            1 -9.12696e-05   -0.0049448
-0.000435054    9.121e-05            1   0.00667095
           0            0            0            1
2020/03/08 15:23:51 114355	INFO [input.cpp->run:235]	rotation: 
[0.9999998807907104, 9.989738464355469e-05, 0.0004349946975708008;
 -9.988248348236084e-05, 1.00000011920929, -9.126961231231689e-05;
 -0.0004350543022155762, 9.12100076675415e-05, 0.9999998807907104]
2020/03/08 15:23:51 114406	INFO [input.cpp->run:256]	frame times (ms): 20.117
2020/03/08 15:23:51 114411	INFO [input.cpp->run:257]	FPS: 49.7092
2020/03/08 15:23:51 176145	INFO [input.cpp->run:173]	
frame_id 101
2020/03/08 15:23:51 191546	WARNING [visualOdometry.cpp->trackingFrame2Frame:179]	The Estimated Rotation and translation matrices(using getTransformation function) are : 
    0.999999 -0.000196487 -0.000905097     0.034049
 0.000197068            1  0.000920624   0.00587225
 0.000905007 -0.000920683     0.999999   -0.0269985
           0            0            0            1
2020/03/08 15:23:51 192242	INFO [input.cpp->run:235]	rotation: 
[0.9999992847442627, -0.0001964867115020752, -0.0009050965309143066;
 0.0001970678567886353, 0.9999995231628418, 0.0009206235408782959;
 0.0009050071239471436, -0.0009206831455230713, 0.9999988675117493]
2020/03/08 15:23:51 192323	INFO [input.cpp->run:256]	frame times (ms): 30.361
2020/03/08 15:23:51 192343	INFO [input.cpp->run:257]	FPS: 32.937
2020/03/08 15:23:51 236302	INFO [input.cpp->run:173]	
frame_id 102
2020/03/08 15:23:51 243621	INFO [input.cpp->run:196]	Not enough points
2020/03/08 15:23:51 309705	INFO [input.cpp->run:173]	
frame_id 103
2020/03/08 15:23:51 324657	WARNING [visualOdometry.cpp->trackingFrame2Frame:179]	The Estimated Rotation and translation matrices(using getTransformation function) are : 
-0.528103 -0.837717  -0.13906   13.3479
-0.842136  0.495603  0.212567   12.3848
-0.109153  0.229364 -0.967201  -29.8657
        0         0         0         1
2020/03/08 15:23:51 325329	INFO [input.cpp->run:235]	rotation: 
[-0.5281027555465698, -0.8377172946929932, -0.1390596628189087;
 -0.8421362638473511, 0.4956027269363403, 0.2125672698020935;
 -0.1091528832912445, 0.2293644398450851, -0.9672009944915771]
2020/03/08 15:23:51 325403	INFO [input.cpp->run:256]	frame times (ms): 30.317
2020/03/08 15:23:51 325415	INFO [input.cpp->run:257]	FPS: 32.9848
2020/03/08 15:23:51 372861	INFO [input.cpp->run:173]	
frame_id 104
2020/03/08 15:23:51 382866	WARNING [visualOdometry.cpp->trackingFrame2Frame:179]	The Estimated Rotation and translation matrices(using getTransformation function) are : 
   0.999978  0.00645845 -0.00153902    -4.25043
-0.00646289    0.999975 -0.00285435    -3.34986
 0.00152054  0.00286427    0.999995     6.79111
          0           0           0           1
2020/03/08 15:23:51 383316	INFO [input.cpp->run:235]	rotation: 
[0.9999780058860779, 0.006458446383476257, -0.001539021730422974;
 -0.006462886929512024, 0.9999750852584839, -0.002854347229003906;
 0.001520544290542603, 0.002864271402359009, 0.9999947547912598]
2020/03/08 15:23:51 383369	INFO [input.cpp->run:256]	frame times (ms): 21.236
2020/03/08 15:23:51 383384	INFO [input.cpp->run:257]	FPS: 47.0898
2020/03/08 15:23:51 442606	INFO [input.cpp->run:173]	
frame_id 105
2020/03/08 15:23:51 457648	WARNING [visualOdometry.cpp->trackingFrame2Frame:179]	The Estimated Rotation and translation matrices(using getTransformation function) are : 
    0.999991 -0.000332281  -0.00425273     -6.65338
 0.000338241     0.999999   0.00139201     -5.20235
  0.00425223   -0.0013935      0.99999      10.6231
           0            0            0            1
2020/03/08 15:23:51 458306	INFO [input.cpp->run:235]	rotation: 
[0.9999908804893494, -0.0003322809934616089, -0.004252731800079346;
 0.0003382414579391479, 0.999998927116394, 0.001392006874084473;
 0.004252225160598755, -0.001393496990203857, 0.999989926815033]
2020/03/08 15:23:51 458375	INFO [input.cpp->run:256]	frame times (ms): 29.763
2020/03/08 15:23:51 458383	INFO [input.cpp->run:257]	FPS: 33.5988
2020/03/08 15:23:51 508729	INFO [input.cpp->run:173]	
frame_id 106
2020/03/08 15:23:51 522092	WARNING [visualOdometry.cpp->trackingFrame2Frame:179]	The Estimated Rotation and translation matrices(using getTransformation function) are : 
-0.516412 -0.846496 -0.129472  -23.6075
-0.850024  0.488383  0.197332  -17.9408
-0.103809  0.211959 -0.971749   32.1914
        0         0         0         1
2020/03/08 15:23:51 522679	INFO [input.cpp->run:235]	rotation: 
[-0.5164123773574829, -0.846495509147644, -0.1294722855091095;
 -0.8500244617462158, 0.4883831739425659, 0.1973320990800858;
 -0.1038086712360382, 0.2119594812393188, -0.9717491865158081]
2020/03/08 15:23:51 522741	INFO [input.cpp->run:256]	frame times (ms): 26.776
2020/03/08 15:23:51 522748	INFO [input.cpp->run:257]	FPS: 37.3469
2020/03/08 15:23:51 575501	INFO [input.cpp->run:173]	
frame_id 107
2020/03/08 15:23:51 588635	INFO [input.cpp->run:196]	Not enough points
2020/03/08 15:23:51 642439	INFO [input.cpp->run:173]	
frame_id 108
2020/03/08 15:23:51 655781	INFO [input.cpp->run:196]	Not enough points
2020/03/08 15:23:51 708772	INFO [input.cpp->run:173]	
frame_id 109
2020/03/08 15:23:51 721795	WARNING [visualOdometry.cpp->trackingFrame2Frame:179]	The Estimated Rotation and translation matrices(using getTransformation function) are : 
    0.999985 -0.000242054  -0.00556979    0.0720253
 0.000274912     0.999982   0.00590563   -0.0711937
  0.00556815  -0.00590718     0.999967    0.0190506
           0            0            0            1
2020/03/08 15:23:51 722386	INFO [input.cpp->run:235]	rotation: 
[0.9999845623970032, -0.0002420544624328613, -0.005569785833358765;
 0.0002749115228652954, 0.999982476234436, 0.005905628204345703;
 0.005568146705627441, -0.005907177925109863, 0.9999669790267944]
2020/03/08 15:23:51 722454	INFO [input.cpp->run:256]	frame times (ms): 27.805
2020/03/08 15:23:51 722469	INFO [input.cpp->run:257]	FPS: 35.9648
2020/03/08 15:23:51 772153	INFO [input.cpp->run:173]	
frame_id 110
2020/03/08 15:23:51 781313	INFO [input.cpp->run:196]	Not enough points
2020/03/08 15:23:51 834877	INFO [input.cpp->run:173]	
frame_id 111
2020/03/08 15:23:51 839376	WARNING [visualOdometry.cpp->trackingFrame2Frame:179]	The Estimated Rotation and translation matrices(using getTransformation function) are : 
    0.999999  0.000497475   0.00142112   -0.0200672
-0.000496492            1 -0.000614434 -0.000432014
 -0.00142169    0.0006136     0.999999  -0.00476265
           0            0            0            1
2020/03/08 15:23:51 839571	INFO [input.cpp->run:235]	rotation: 
[0.999998927116394, 0.000497475266456604, 0.001421123743057251;
 -0.0004964917898178101, 0.9999997019767761, -0.0006144344806671143;
 -0.001421689987182617, 0.0006136000156402588, 0.9999988079071045]
2020/03/08 15:23:51 839596	INFO [input.cpp->run:256]	frame times (ms): 8.392
2020/03/08 15:23:51 839602	INFO [input.cpp->run:257]	FPS: 119.161
2020/03/08 15:23:51 901525	INFO [input.cpp->run:173]	
frame_id 112
2020/03/08 15:23:51 907997	WARNING [visualOdometry.cpp->trackingFrame2Frame:179]	The Estimated Rotation and translation matrices(using getTransformation function) are : 
    0.999994 -0.000304699  -0.00342453    0.0579195
 0.000315383     0.999996   0.00311056   -0.0269675
  0.00342366   -0.0031116     0.999989  -0.00264645
           0            0            0            1
2020/03/08 15:23:51 908296	INFO [input.cpp->run:235]	rotation: 
[0.9999943971633911, -0.0003046989440917969, -0.003424525260925293;
 0.0003153830766677856, 0.9999955296516418, 0.003110557794570923;
 0.00342366099357605, -0.003111600875854492, 0.9999894499778748]
2020/03/08 15:23:51 908334	INFO [input.cpp->run:256]	frame times (ms): 14.149
2020/03/08 15:23:51 908341	INFO [input.cpp->run:257]	FPS: 70.6764
2020/03/08 15:23:51 976187	INFO [input.cpp->run:173]	
frame_id 113
2020/03/08 15:23:51 991280	WARNING [visualOdometry.cpp->trackingFrame2Frame:179]	The Estimated Rotation and translation matrices(using getTransformation function) are : 
           1 -0.000298828 -0.000120819   -0.0283432
 0.000299007     0.999999    0.0015929   -0.0326061
 0.000120252  -0.00159296     0.999999    0.0258694
           0            0            0            1
2020/03/08 15:23:51 991964	INFO [input.cpp->run:235]	rotation: 
[1, -0.0002988278865814209, -0.0001208186149597168;
 0.0002990067005157471, 0.9999987483024597, 0.001592904329299927;
 0.0001202523708343506, -0.001592963933944702, 0.999998927116394]
2020/03/08 15:23:51 992061	INFO [input.cpp->run:256]	frame times (ms): 30.042
2020/03/08 15:23:51 992078	INFO [input.cpp->run:257]	FPS: 33.2867
2020/03/08 15:23:52 039567	INFO [input.cpp->run:173]	
frame_id 114
2020/03/08 15:23:52 050636	INFO [input.cpp->run:196]	Not enough points
2020/03/08 15:23:52 109389	INFO [input.cpp->run:173]	
frame_id 115
2020/03/08 15:23:52 125636	INFO [input.cpp->run:196]	Not enough points
2020/03/08 15:23:52 174738	INFO [input.cpp->run:173]	
frame_id 116
2020/03/08 15:23:52 187772	INFO [input.cpp->run:196]	Not enough points
2020/03/08 15:23:52 243367	INFO [input.cpp->run:173]	
frame_id 117
2020/03/08 15:23:52 258341	INFO [input.cpp->run:196]	Not enough points
2020/03/08 15:23:52 309462	INFO [input.cpp->run:173]	
frame_id 118
2020/03/08 15:23:52 324376	WARNING [visualOdometry.cpp->trackingFrame2Frame:179]	The Estimated Rotation and translation matrices(using getTransformation function) are : 
   0.999997 -0.00112428 -0.00220919    0.012166
 0.00113066    0.999995  0.00287911  -0.0292692
 0.00220588 -0.00288162    0.999993   0.0150127
          0           0           0           1
2020/03/08 15:23:52 325036	INFO [input.cpp->run:235]	rotation: 
[0.9999967813491821, -0.001124277710914612, -0.002209186553955078;
 0.001130655407905579, 0.9999951124191284, 0.002879112958908081;
 0.002205878496170044, -0.002881616353988647, 0.9999933838844299]
2020/03/08 15:23:52 325124	INFO [input.cpp->run:256]	frame times (ms): 29.018
2020/03/08 15:23:52 325144	INFO [input.cpp->run:257]	FPS: 34.4614
2020/03/08 15:23:52 370085	INFO [input.cpp->run:173]	
frame_id 119
2020/03/08 15:23:52 377529	WARNING [visualOdometry.cpp->trackingFrame2Frame:179]	The Estimated Rotation and translation matrices(using getTransformation function) are : 
    0.999999 -0.000311196   -0.0013276   -0.0323792
 0.000313848     0.999998   0.00201771   -0.0508151
  0.00132701  -0.00201806     0.999997    0.0587692
           0            0            0            1
2020/03/08 15:23:52 377869	INFO [input.cpp->run:235]	rotation: 
[0.9999991655349731, -0.0003111958503723145, -0.001327604055404663;
 0.0003138482570648193, 0.9999980926513672, 0.002017706632614136;
 0.001327008008956909, -0.002018064260482788, 0.999997079372406]
2020/03/08 15:23:52 377909	INFO [input.cpp->run:256]	frame times (ms): 15.958
2020/03/08 15:23:52 377914	INFO [input.cpp->run:257]	FPS: 62.6645
2020/03/08 15:23:52 443090	INFO [input.cpp->run:173]	
frame_id 120
2020/03/08 15:23:52 457672	INFO [input.cpp->run:196]	Not enough points
2020/03/08 15:23:52 509532	INFO [input.cpp->run:173]	
frame_id 121
2020/03/08 15:23:52 524025	INFO [input.cpp->run:196]	Not enough points
g3log g3FileSink shutdown at: 15:23:52 706335
