		g3log created log at: Sun Mar 08 16:03:46 2020
		LOG format: [YYYY/MM/DD hh:mm:ss uuu* LEVEL FILE->FUNCTION:LINE] message		(uuu*: microseconds fractions of the seconds value)

2020/03/08 16:03:46 254509	INFO [g3logger.h->logBanner:29]	Starting log.
2020/03/08 16:03:46 257443	DEBUG [main.cpp->main:49]	Filepath: /home/mitchell/KITTI/data_odometry_gray/dataset/sequences/00/
2020/03/08 16:03:46 257448	DEBUG [main.cpp->main:53]	Calibration Filepath: /home/mitchell/visual_odom_ws/src/visual_odom/calibration/old/zed.yaml
2020/03/08 16:03:46 257522	INFO [main.cpp->main:67]	P_left: 
[718.85602, 0, 607.19281, 0;
 0, 718.85602, 185.2157, 0;
 0, 0, 1, 0]
2020/03/08 16:03:46 257529	INFO [main.cpp->main:68]	P_right: 
[718.85602, 0, 607.19281, -386.14481;
 0, 718.85602, 185.2157, 0;
 0, 0, 1, 0]
2020/03/08 16:03:46 310059	INFO [input.cpp->Input:22]	frame_pose [1, 0, 0, 0;
 0, 1, 0, 0;
 0, 0, 1, 0;
 0, 0, 0, 1]
2020/03/08 16:03:46 552021	INFO [input.cpp->run:173]	
frame_id 1
2020/03/08 16:03:46 613064	INFO [input.cpp->run:196]	Not enough points
2020/03/08 16:03:46 661620	INFO [input.cpp->run:173]	
frame_id 2
2020/03/08 16:03:46 697453	INFO [input.cpp->run:196]	Not enough points
2020/03/08 16:03:46 728067	INFO [input.cpp->run:173]	
frame_id 3
2020/03/08 16:03:46 754469	INFO [input.cpp->run:196]	Not enough points
2020/03/08 16:03:46 794847	INFO [input.cpp->run:173]	
frame_id 4
2020/03/08 16:03:46 827418	INFO [input.cpp->run:196]	Not enough points
2020/03/08 16:03:46 861442	INFO [input.cpp->run:173]	
frame_id 5
2020/03/08 16:03:46 894289	INFO [input.cpp->run:196]	Not enough points
2020/03/08 16:03:46 928090	INFO [input.cpp->run:173]	
frame_id 6
2020/03/08 16:03:46 955451	INFO [input.cpp->run:196]	Not enough points
2020/03/08 16:03:46 994956	INFO [input.cpp->run:173]	
frame_id 7
2020/03/08 16:03:47 028788	INFO [input.cpp->run:196]	Not enough points
2020/03/08 16:03:47 061404	INFO [input.cpp->run:173]	
frame_id 8
2020/03/08 16:03:47 088770	INFO [input.cpp->run:196]	Not enough points
2020/03/08 16:03:47 128476	INFO [input.cpp->run:173]	
frame_id 9
2020/03/08 16:03:47 160416	INFO [input.cpp->run:196]	Not enough points
2020/03/08 16:03:47 194632	INFO [input.cpp->run:173]	
frame_id 10
2020/03/08 16:03:47 222339	INFO [input.cpp->run:196]	Not enough points
2020/03/08 16:03:47 261540	INFO [input.cpp->run:173]	
frame_id 11
2020/03/08 16:03:47 294449	INFO [input.cpp->run:196]	Not enough points
2020/03/08 16:03:47 328019	INFO [input.cpp->run:173]	
frame_id 12
2020/03/08 16:03:47 356821	INFO [input.cpp->run:196]	Not enough points
2020/03/08 16:03:47 394608	INFO [input.cpp->run:173]	
frame_id 13
2020/03/08 16:03:47 423700	INFO [input.cpp->run:196]	Not enough points
2020/03/08 16:03:47 461841	INFO [input.cpp->run:173]	
frame_id 14
2020/03/08 16:03:47 490738	INFO [input.cpp->run:196]	Not enough points
2020/03/08 16:03:47 528212	INFO [input.cpp->run:173]	
frame_id 15
2020/03/08 16:03:47 556688	INFO [input.cpp->run:196]	Not enough points
2020/03/08 16:03:47 594924	INFO [input.cpp->run:173]	
frame_id 16
2020/03/08 16:03:47 625080	INFO [input.cpp->run:196]	Not enough points
2020/03/08 16:03:47 661501	INFO [input.cpp->run:173]	
frame_id 17
2020/03/08 16:03:47 694093	INFO [input.cpp->run:196]	Not enough points
2020/03/08 16:03:47 729180	INFO [input.cpp->run:173]	
frame_id 18
2020/03/08 16:03:47 757948	INFO [input.cpp->run:196]	Not enough points
2020/03/08 16:03:47 794687	INFO [input.cpp->run:173]	
frame_id 19
2020/03/08 16:03:47 822994	INFO [input.cpp->run:196]	Not enough points
2020/03/08 16:03:47 861500	INFO [input.cpp->run:173]	
frame_id 20
2020/03/08 16:03:47 897317	INFO [input.cpp->run:196]	Not enough points
2020/03/08 16:03:47 928287	INFO [input.cpp->run:173]	
frame_id 21
2020/03/08 16:03:47 954692	INFO [input.cpp->run:196]	Not enough points
2020/03/08 16:03:47 995124	INFO [input.cpp->run:173]	
frame_id 22
2020/03/08 16:03:48 027309	INFO [input.cpp->run:196]	Not enough points
2020/03/08 16:03:48 061607	INFO [input.cpp->run:173]	
frame_id 23
2020/03/08 16:03:48 092301	INFO [input.cpp->run:196]	Not enough points
2020/03/08 16:03:48 128205	INFO [input.cpp->run:173]	
frame_id 24
2020/03/08 16:03:48 158537	INFO [input.cpp->run:196]	Not enough points
2020/03/08 16:03:48 195088	INFO [input.cpp->run:173]	
frame_id 25
2020/03/08 16:03:48 227432	INFO [input.cpp->run:196]	Not enough points
2020/03/08 16:03:48 261690	INFO [input.cpp->run:173]	
frame_id 26
2020/03/08 16:03:48 289657	INFO [input.cpp->run:196]	Not enough points
2020/03/08 16:03:48 328492	INFO [input.cpp->run:173]	
frame_id 27
2020/03/08 16:03:48 363934	INFO [input.cpp->run:196]	Not enough points
2020/03/08 16:03:48 394918	INFO [input.cpp->run:173]	
frame_id 28
2020/03/08 16:03:48 421151	INFO [input.cpp->run:196]	Not enough points
2020/03/08 16:03:48 461662	INFO [input.cpp->run:173]	
frame_id 29
2020/03/08 16:03:48 496126	INFO [input.cpp->run:196]	Not enough points
2020/03/08 16:03:48 528129	INFO [input.cpp->run:173]	
frame_id 30
2020/03/08 16:03:48 555105	INFO [input.cpp->run:196]	Not enough points
2020/03/08 16:03:48 595173	INFO [input.cpp->run:173]	
frame_id 31
2020/03/08 16:03:48 633660	INFO [input.cpp->run:196]	Not enough points
2020/03/08 16:03:48 661469	INFO [input.cpp->run:173]	
frame_id 32
2020/03/08 16:03:48 689148	INFO [input.cpp->run:196]	Not enough points
2020/03/08 16:03:48 728339	INFO [input.cpp->run:173]	
frame_id 33
2020/03/08 16:03:48 758207	INFO [input.cpp->run:196]	Not enough points
2020/03/08 16:03:48 794819	INFO [input.cpp->run:173]	
frame_id 34
2020/03/08 16:03:48 822773	INFO [input.cpp->run:196]	Not enough points
2020/03/08 16:03:48 861487	INFO [input.cpp->run:173]	
frame_id 35
2020/03/08 16:03:48 893685	INFO [input.cpp->run:196]	Not enough points
2020/03/08 16:03:48 928514	INFO [input.cpp->run:173]	
frame_id 36
2020/03/08 16:03:48 954928	INFO [input.cpp->run:196]	Not enough points
2020/03/08 16:03:48 995210	INFO [input.cpp->run:173]	
frame_id 37
2020/03/08 16:03:49 030756	INFO [input.cpp->run:196]	Not enough points
2020/03/08 16:03:49 061792	INFO [input.cpp->run:173]	
frame_id 38
2020/03/08 16:03:49 088480	INFO [input.cpp->run:196]	Not enough points
2020/03/08 16:03:49 128548	INFO [input.cpp->run:173]	
frame_id 39
2020/03/08 16:03:49 158526	INFO [input.cpp->run:196]	Not enough points
2020/03/08 16:03:49 194782	INFO [input.cpp->run:173]	
frame_id 40
2020/03/08 16:03:49 222813	INFO [input.cpp->run:196]	Not enough points
2020/03/08 16:03:49 261668	INFO [input.cpp->run:173]	
frame_id 41
2020/03/08 16:03:49 292795	INFO [input.cpp->run:196]	Not enough points
2020/03/08 16:03:49 328442	INFO [input.cpp->run:173]	
frame_id 42
2020/03/08 16:03:49 359901	INFO [input.cpp->run:196]	Not enough points
2020/03/08 16:03:49 394962	INFO [input.cpp->run:173]	
frame_id 43
2020/03/08 16:03:49 423506	INFO [input.cpp->run:196]	Not enough points
2020/03/08 16:03:49 461687	INFO [input.cpp->run:173]	
frame_id 44
2020/03/08 16:03:49 488682	INFO [input.cpp->run:196]	Not enough points
2020/03/08 16:03:49 528510	INFO [input.cpp->run:173]	
frame_id 45
2020/03/08 16:03:49 558724	INFO [input.cpp->run:196]	Not enough points
2020/03/08 16:03:49 594932	INFO [input.cpp->run:173]	
frame_id 46
2020/03/08 16:03:49 623030	INFO [input.cpp->run:196]	Not enough points
2020/03/08 16:03:49 661640	INFO [input.cpp->run:173]	
frame_id 47
2020/03/08 16:03:49 692024	INFO [input.cpp->run:196]	Not enough points
2020/03/08 16:03:49 728101	INFO [input.cpp->run:173]	
frame_id 48
2020/03/08 16:03:49 756489	INFO [input.cpp->run:196]	Not enough points
2020/03/08 16:03:49 795328	INFO [input.cpp->run:173]	
frame_id 49
2020/03/08 16:03:49 829109	INFO [input.cpp->run:196]	Not enough points
2020/03/08 16:03:49 861691	INFO [input.cpp->run:173]	
frame_id 50
2020/03/08 16:03:49 888718	INFO [input.cpp->run:196]	Not enough points
2020/03/08 16:03:49 928753	INFO [input.cpp->run:173]	
frame_id 51
2020/03/08 16:03:49 961707	INFO [input.cpp->run:196]	Not enough points
2020/03/08 16:03:49 995048	INFO [input.cpp->run:173]	
frame_id 52
2020/03/08 16:03:50 022222	INFO [input.cpp->run:196]	Not enough points
2020/03/08 16:03:50 062044	INFO [input.cpp->run:173]	
frame_id 53
2020/03/08 16:03:50 101872	INFO [input.cpp->run:196]	Not enough points
2020/03/08 16:03:50 128580	INFO [input.cpp->run:173]	
frame_id 54
2020/03/08 16:03:50 154792	INFO [input.cpp->run:196]	Not enough points
2020/03/08 16:03:50 195139	INFO [input.cpp->run:173]	
frame_id 55
2020/03/08 16:03:50 234241	INFO [input.cpp->run:196]	Not enough points
2020/03/08 16:03:50 261454	INFO [input.cpp->run:173]	
frame_id 56
2020/03/08 16:03:50 288840	INFO [input.cpp->run:196]	Not enough points
2020/03/08 16:03:50 328612	INFO [input.cpp->run:173]	
frame_id 57
2020/03/08 16:03:50 363946	INFO [input.cpp->run:196]	Not enough points
2020/03/08 16:03:50 395015	INFO [input.cpp->run:173]	
frame_id 58
2020/03/08 16:03:50 421590	INFO [input.cpp->run:196]	Not enough points
2020/03/08 16:03:50 462133	INFO [input.cpp->run:173]	
frame_id 59
2020/03/08 16:03:50 500871	INFO [input.cpp->run:196]	Not enough points
2020/03/08 16:03:50 528257	INFO [input.cpp->run:173]	
frame_id 60
2020/03/08 16:03:50 555297	INFO [input.cpp->run:196]	Not enough points
2020/03/08 16:03:50 595441	INFO [input.cpp->run:173]	
frame_id 61
2020/03/08 16:03:50 631164	INFO [input.cpp->run:196]	Not enough points
2020/03/08 16:03:50 661667	INFO [input.cpp->run:173]	
frame_id 62
2020/03/08 16:03:50 688491	INFO [input.cpp->run:196]	Not enough points
2020/03/08 16:03:50 728847	INFO [input.cpp->run:173]	
frame_id 63
2020/03/08 16:03:50 761522	INFO [input.cpp->run:196]	Not enough points
2020/03/08 16:03:50 795213	INFO [input.cpp->run:173]	
frame_id 64
2020/03/08 16:03:50 823355	INFO [input.cpp->run:196]	Not enough points
2020/03/08 16:03:50 862111	INFO [input.cpp->run:173]	
frame_id 65
2020/03/08 16:03:50 897272	INFO [input.cpp->run:196]	Not enough points
2020/03/08 16:03:50 928601	INFO [input.cpp->run:173]	
frame_id 66
2020/03/08 16:03:50 956168	INFO [input.cpp->run:196]	Not enough points
2020/03/08 16:03:50 995265	INFO [input.cpp->run:173]	
frame_id 67
2020/03/08 16:03:51 026387	INFO [input.cpp->run:196]	Not enough points
2020/03/08 16:03:51 061617	INFO [input.cpp->run:173]	
frame_id 68
2020/03/08 16:03:51 093804	INFO [input.cpp->run:196]	Not enough points
2020/03/08 16:03:51 128601	INFO [input.cpp->run:173]	
frame_id 69
2020/03/08 16:03:51 157080	INFO [input.cpp->run:196]	Not enough points
2020/03/08 16:03:51 195394	INFO [input.cpp->run:173]	
frame_id 70
2020/03/08 16:03:51 222666	INFO [input.cpp->run:196]	Not enough points
2020/03/08 16:03:51 261955	INFO [input.cpp->run:173]	
frame_id 71
2020/03/08 16:03:51 293062	INFO [input.cpp->run:196]	Not enough points
2020/03/08 16:03:51 328727	INFO [input.cpp->run:173]	
frame_id 72
2020/03/08 16:03:51 358870	INFO [input.cpp->run:196]	Not enough points
2020/03/08 16:03:51 395082	INFO [input.cpp->run:173]	
frame_id 73
2020/03/08 16:03:51 428512	INFO [input.cpp->run:196]	Not enough points
2020/03/08 16:03:51 461760	INFO [input.cpp->run:173]	
frame_id 74
2020/03/08 16:03:51 492907	INFO [input.cpp->run:196]	Not enough points
2020/03/08 16:03:51 528842	INFO [input.cpp->run:173]	
frame_id 75
2020/03/08 16:03:51 564636	INFO [input.cpp->run:196]	Not enough points
2020/03/08 16:03:51 594973	INFO [input.cpp->run:173]	
frame_id 76
2020/03/08 16:03:51 622183	INFO [input.cpp->run:196]	Not enough points
2020/03/08 16:03:51 661641	INFO [input.cpp->run:173]	
frame_id 77
2020/03/08 16:03:51 692235	INFO [input.cpp->run:196]	Not enough points
2020/03/08 16:03:51 728921	INFO [input.cpp->run:173]	
frame_id 78
2020/03/08 16:03:51 759615	INFO [input.cpp->run:196]	Not enough points
2020/03/08 16:03:51 795214	INFO [input.cpp->run:173]	
frame_id 79
2020/03/08 16:03:51 822642	INFO [input.cpp->run:196]	Not enough points
2020/03/08 16:03:51 861672	INFO [input.cpp->run:173]	
frame_id 80
2020/03/08 16:03:51 890987	INFO [input.cpp->run:196]	Not enough points
2020/03/08 16:03:51 928701	INFO [input.cpp->run:173]	
frame_id 81
2020/03/08 16:03:51 959247	INFO [input.cpp->run:196]	Not enough points
2020/03/08 16:03:51 994896	INFO [input.cpp->run:173]	
frame_id 82
2020/03/08 16:03:52 021331	INFO [input.cpp->run:196]	Not enough points
2020/03/08 16:03:52 062076	INFO [input.cpp->run:173]	
frame_id 83
2020/03/08 16:03:52 097441	INFO [input.cpp->run:196]	Not enough points
2020/03/08 16:03:52 128300	INFO [input.cpp->run:173]	
frame_id 84
2020/03/08 16:03:52 154823	INFO [input.cpp->run:196]	Not enough points
2020/03/08 16:03:52 195294	INFO [input.cpp->run:173]	
frame_id 85
2020/03/08 16:03:52 227851	INFO [input.cpp->run:196]	Not enough points
2020/03/08 16:03:52 261880	INFO [input.cpp->run:173]	
frame_id 86
2020/03/08 16:03:52 288629	INFO [input.cpp->run:196]	Not enough points
2020/03/08 16:03:52 328715	INFO [input.cpp->run:173]	
frame_id 87
2020/03/08 16:03:52 361619	INFO [input.cpp->run:196]	Not enough points
2020/03/08 16:03:52 395123	INFO [input.cpp->run:173]	
frame_id 88
2020/03/08 16:03:52 423547	INFO [input.cpp->run:196]	Not enough points
2020/03/08 16:03:52 461822	INFO [input.cpp->run:173]	
frame_id 89
2020/03/08 16:03:52 491998	INFO [input.cpp->run:196]	Not enough points
2020/03/08 16:03:52 528348	INFO [input.cpp->run:173]	
frame_id 90
2020/03/08 16:03:52 558977	INFO [input.cpp->run:196]	Not enough points
2020/03/08 16:03:52 595189	INFO [input.cpp->run:173]	
frame_id 91
2020/03/08 16:03:52 625450	INFO [input.cpp->run:196]	Not enough points
2020/03/08 16:03:52 661727	INFO [input.cpp->run:173]	
frame_id 92
2020/03/08 16:03:52 693435	INFO [input.cpp->run:196]	Not enough points
2020/03/08 16:03:52 728811	INFO [input.cpp->run:173]	
frame_id 93
2020/03/08 16:03:52 761802	INFO [input.cpp->run:196]	Not enough points
2020/03/08 16:03:52 795439	INFO [input.cpp->run:173]	
frame_id 94
2020/03/08 16:03:52 826860	INFO [input.cpp->run:196]	Not enough points
2020/03/08 16:03:52 861799	INFO [input.cpp->run:173]	
frame_id 95
2020/03/08 16:03:52 891471	INFO [input.cpp->run:196]	Not enough points
2020/03/08 16:03:52 928589	INFO [input.cpp->run:173]	
frame_id 96
2020/03/08 16:03:52 956888	INFO [input.cpp->run:196]	Not enough points
2020/03/08 16:03:52 995949	INFO [input.cpp->run:173]	
frame_id 97
2020/03/08 16:03:53 030911	INFO [input.cpp->run:196]	Not enough points
2020/03/08 16:03:53 061970	INFO [input.cpp->run:173]	
frame_id 98
2020/03/08 16:03:53 088991	INFO [input.cpp->run:196]	Not enough points
2020/03/08 16:03:53 128555	INFO [input.cpp->run:173]	
frame_id 99
2020/03/08 16:03:53 155544	INFO [input.cpp->run:196]	Not enough points
2020/03/08 16:03:53 195299	INFO [input.cpp->run:173]	
frame_id 100
2020/03/08 16:03:53 225821	INFO [input.cpp->run:196]	Not enough points
2020/03/08 16:03:53 261782	INFO [input.cpp->run:173]	
frame_id 101
2020/03/08 16:03:53 292725	INFO [input.cpp->run:196]	Not enough points
2020/03/08 16:03:53 328780	INFO [input.cpp->run:173]	
frame_id 102
2020/03/08 16:03:53 362711	INFO [input.cpp->run:196]	Not enough points
2020/03/08 16:03:53 395153	INFO [input.cpp->run:173]	
frame_id 103
2020/03/08 16:03:53 423918	INFO [input.cpp->run:196]	Not enough points
2020/03/08 16:03:53 462685	INFO [input.cpp->run:173]	
frame_id 104
2020/03/08 16:03:53 503866	INFO [input.cpp->run:196]	Not enough points
2020/03/08 16:03:53 528760	INFO [input.cpp->run:173]	
frame_id 105
2020/03/08 16:03:53 553775	INFO [input.cpp->run:196]	Not enough points
2020/03/08 16:03:53 595497	INFO [input.cpp->run:173]	
frame_id 106
2020/03/08 16:03:53 631187	INFO [input.cpp->run:196]	Not enough points
2020/03/08 16:03:53 661570	INFO [input.cpp->run:173]	
frame_id 107
2020/03/08 16:03:53 687633	INFO [input.cpp->run:196]	Not enough points
2020/03/08 16:03:53 728579	INFO [input.cpp->run:173]	
frame_id 108
2020/03/08 16:03:53 811168	INFO [input.cpp->run:235]	rotation: 
[-0.9104714563959888, -0.3472550498341704, 0.2246233680026072;
 0.3429867872427783, -0.3305209205576758, 0.8792701432725801;
 -0.2310882750488307, 0.8775932152417624, 0.420033757805943]
2020/03/08 16:03:53 811214	INFO [input.cpp->run:256]	frame times (ms): 92.606
2020/03/08 16:03:53 811218	INFO [input.cpp->run:257]	FPS: 10.7984
2020/03/08 16:03:53 823180	INFO [input.cpp->run:173]	
frame_id 109
2020/03/08 16:03:53 850858	INFO [input.cpp->run:196]	Not enough points
2020/03/08 16:03:53 862997	INFO [input.cpp->run:173]	
frame_id 110
2020/03/08 16:03:53 890059	INFO [input.cpp->run:196]	Not enough points
2020/03/08 16:03:53 928810	INFO [input.cpp->run:173]	
frame_id 111
2020/03/08 16:03:53 954830	INFO [input.cpp->run:196]	Not enough points
2020/03/08 16:03:53 995764	INFO [input.cpp->run:173]	
frame_id 112
2020/03/08 16:03:54 024369	INFO [input.cpp->run:196]	Not enough points
2020/03/08 16:03:54 062547	INFO [input.cpp->run:173]	
frame_id 113
2020/03/08 16:03:54 090468	INFO [input.cpp->run:196]	Not enough points
2020/03/08 16:03:54 128776	INFO [input.cpp->run:173]	
frame_id 114
2020/03/08 16:03:54 158385	INFO [input.cpp->run:196]	Not enough points
2020/03/08 16:03:54 196622	INFO [input.cpp->run:173]	
frame_id 115
2020/03/08 16:03:54 240920	INFO [input.cpp->run:196]	Not enough points
2020/03/08 16:03:54 261968	INFO [input.cpp->run:173]	
frame_id 116
2020/03/08 16:03:54 287849	INFO [input.cpp->run:196]	Not enough points
2020/03/08 16:03:54 329231	INFO [input.cpp->run:173]	
frame_id 117
2020/03/08 16:03:54 363156	INFO [input.cpp->run:196]	Not enough points
2020/03/08 16:03:54 395762	INFO [input.cpp->run:173]	
frame_id 118
2020/03/08 16:03:54 423987	INFO [input.cpp->run:196]	Not enough points
2020/03/08 16:03:54 462272	INFO [input.cpp->run:173]	
frame_id 119
2020/03/08 16:03:54 502349	INFO [input.cpp->run:196]	Not enough points
2020/03/08 16:03:54 528833	INFO [input.cpp->run:173]	
frame_id 120
2020/03/08 16:03:54 558541	INFO [input.cpp->run:235]	rotation: 
[0.9999946099926703, 0.0009763284136746487, -0.003134767684514505;
 -0.0009184867289437146, 0.9998302767190277, 0.0184003841829808;
 0.003152200459358376, -0.01839740576225863, 0.9998257843711987]
2020/03/08 16:03:54 558574	INFO [input.cpp->run:256]	frame times (ms): 42.631
2020/03/08 16:03:54 558577	INFO [input.cpp->run:257]	FPS: 23.4571
2020/03/08 16:03:54 595098	INFO [input.cpp->run:173]	
frame_id 121
2020/03/08 16:03:54 624278	INFO [input.cpp->run:235]	rotation: 
[0.9999694689472727, -0.007559144752842635, -0.001980026240971082;
 0.007602688963033601, 0.999706688068841, 0.02299428083155287;
 0.001805628378357374, -0.02300863231560113, 0.9997336357976182]
2020/03/08 16:03:54 624309	INFO [input.cpp->run:256]	frame times (ms): 42.789
2020/03/08 16:03:54 624312	INFO [input.cpp->run:257]	FPS: 23.3705
2020/03/08 16:03:54 662210	INFO [input.cpp->run:173]	
frame_id 122
2020/03/08 16:03:54 689309	INFO [input.cpp->run:196]	Not enough points
2020/03/08 16:03:54 729028	INFO [input.cpp->run:173]	
frame_id 123
2020/03/08 16:03:54 764414	INFO [input.cpp->run:196]	Not enough points
2020/03/08 16:03:54 795879	INFO [input.cpp->run:173]	
frame_id 124
2020/03/08 16:03:54 822919	INFO [input.cpp->run:196]	Not enough points
2020/03/08 16:03:54 862416	INFO [input.cpp->run:173]	
frame_id 125
2020/03/08 16:03:54 898512	INFO [input.cpp->run:196]	Not enough points
2020/03/08 16:03:54 928540	INFO [input.cpp->run:173]	
frame_id 126
2020/03/08 16:03:54 956678	INFO [input.cpp->run:235]	rotation: 
[0.999964338768793, -0.002832390307186694, -0.007956051523104798;
 0.0029718290357778, 0.9998412309427379, 0.01756932380863642;
 0.007905025165845538, -0.01759234128984443, 0.9998139927531866]
2020/03/08 16:03:54 956703	INFO [input.cpp->run:256]	frame times (ms): 42.53
2020/03/08 16:03:54 956706	INFO [input.cpp->run:257]	FPS: 23.5128
2020/03/08 16:03:54 995367	INFO [input.cpp->run:173]	
frame_id 127
2020/03/08 16:03:55 025232	INFO [input.cpp->run:196]	Not enough points
2020/03/08 16:03:55 062098	INFO [input.cpp->run:173]	
frame_id 128
2020/03/08 16:03:55 093607	INFO [input.cpp->run:196]	Not enough points
2020/03/08 16:03:55 128505	INFO [input.cpp->run:173]	
frame_id 129
2020/03/08 16:03:55 156536	INFO [input.cpp->run:196]	Not enough points
2020/03/08 16:03:55 195370	INFO [input.cpp->run:173]	
frame_id 130
2020/03/08 16:03:55 227162	INFO [input.cpp->run:196]	Not enough points
2020/03/08 16:03:55 262123	INFO [input.cpp->run:173]	
frame_id 131
2020/03/08 16:03:55 293853	INFO [input.cpp->run:196]	Not enough points
2020/03/08 16:03:55 328678	INFO [input.cpp->run:173]	
frame_id 132
2020/03/08 16:03:55 355706	INFO [input.cpp->run:196]	Not enough points
2020/03/08 16:03:55 396429	INFO [input.cpp->run:173]	
frame_id 133
2020/03/08 16:03:55 431822	INFO [input.cpp->run:196]	Not enough points
2020/03/08 16:03:55 462240	INFO [input.cpp->run:173]	
frame_id 134
2020/03/08 16:03:55 489564	INFO [input.cpp->run:196]	Not enough points
2020/03/08 16:03:55 529016	INFO [input.cpp->run:173]	
frame_id 135
2020/03/08 16:03:55 565160	INFO [input.cpp->run:196]	Not enough points
2020/03/08 16:03:55 595446	INFO [input.cpp->run:173]	
frame_id 136
2020/03/08 16:03:55 625773	INFO [input.cpp->run:235]	rotation: 
[0.9999981932199091, 0.001636583369092146, -0.0009670324676039186;
 -0.001639195806035719, 0.9999949928249214, -0.002706910082524139;
 0.0009625975414803597, 0.002708490347298091, 0.9999958687344722]
2020/03/08 16:03:55 625801	INFO [input.cpp->run:256]	frame times (ms): 44.087
2020/03/08 16:03:55 625804	INFO [input.cpp->run:257]	FPS: 22.6824
2020/03/08 16:03:55 661778	INFO [input.cpp->run:173]	
frame_id 137
2020/03/08 16:03:55 689405	INFO [input.cpp->run:196]	Not enough points
2020/03/08 16:03:55 728903	INFO [input.cpp->run:173]	
frame_id 138
2020/03/08 16:03:55 759602	INFO [input.cpp->run:196]	Not enough points
2020/03/08 16:03:55 795476	INFO [input.cpp->run:173]	
frame_id 139
2020/03/08 16:03:55 824601	INFO [input.cpp->run:196]	Not enough points
2020/03/08 16:03:55 862351	INFO [input.cpp->run:173]	
frame_id 140
2020/03/08 16:03:55 896301	INFO [input.cpp->run:196]	Not enough points
2020/03/08 16:03:55 928779	INFO [input.cpp->run:173]	
frame_id 141
2020/03/08 16:03:55 956487	INFO [input.cpp->run:196]	Not enough points
2020/03/08 16:03:55 995402	INFO [input.cpp->run:173]	
frame_id 142
2020/03/08 16:03:56 026348	INFO [input.cpp->run:196]	Not enough points
2020/03/08 16:03:56 062592	INFO [input.cpp->run:173]	
frame_id 143
2020/03/08 16:03:56 092708	INFO [input.cpp->run:196]	Not enough points
2020/03/08 16:03:56 128984	INFO [input.cpp->run:173]	
frame_id 144
2020/03/08 16:03:56 162355	INFO [input.cpp->run:235]	rotation: 
[0.9999990415423893, -0.0009987322170154954, 0.0009588786478946155;
 0.001003974388416269, 0.9999844688900734, -0.005482154144606254;
 -0.0009533885514820655, 0.005483111579797976, 0.9999845131489155]
2020/03/08 16:03:56 162376	INFO [input.cpp->run:256]	frame times (ms): 48.131
2020/03/08 16:03:56 162380	INFO [input.cpp->run:257]	FPS: 20.7766
2020/03/08 16:03:56 195099	INFO [input.cpp->run:173]	
frame_id 145
2020/03/08 16:03:56 224668	INFO [input.cpp->run:235]	rotation: 
[0.9998487295445704, -0.01362062616684777, -0.01081649531647975;
 0.01378205396933406, 0.9997926165615793, 0.01499262676575523;
 0.01061004319005393, -0.01513943234648706, 0.9998290976820645]
2020/03/08 16:03:56 224696	INFO [input.cpp->run:256]	frame times (ms): 43.127
2020/03/08 16:03:56 224699	INFO [input.cpp->run:257]	FPS: 23.1873
2020/03/08 16:03:56 262655	INFO [input.cpp->run:173]	
frame_id 146
2020/03/08 16:03:56 293423	INFO [input.cpp->run:196]	Not enough points
2020/03/08 16:03:56 329425	INFO [input.cpp->run:173]	
frame_id 147
2020/03/08 16:03:56 361354	INFO [input.cpp->run:235]	rotation: 
[0.999878913100165, -0.002009254952654796, -0.0154312031989762;
 0.002118623362599944, 0.9999727317058791, 0.007074410203639128;
 0.01541656812264996, -0.007106246492849785, 0.9998559049623613]
2020/03/08 16:03:56 361379	INFO [input.cpp->run:256]	frame times (ms): 45.382
2020/03/08 16:03:56 361381	INFO [input.cpp->run:257]	FPS: 22.0352
2020/03/08 16:03:56 396114	INFO [input.cpp->run:173]	
frame_id 148
2020/03/08 16:03:56 423465	INFO [input.cpp->run:196]	Not enough points
2020/03/08 16:03:56 462512	INFO [input.cpp->run:173]	
frame_id 149
2020/03/08 16:03:56 497801	INFO [input.cpp->run:235]	rotation: 
[0.999905861096947, -0.001802701374709694, -0.01360217672751315;
 0.001898659778217898, 0.9999733810146594, 0.007045023290062683;
 0.01358911457820038, -0.007070185985146915, 0.9998826673340807]
2020/03/08 16:03:56 497824	INFO [input.cpp->run:256]	frame times (ms): 50.983
2020/03/08 16:03:56 497826	INFO [input.cpp->run:257]	FPS: 19.6144
2020/03/08 16:03:56 528834	INFO [input.cpp->run:173]	
frame_id 150
2020/03/08 16:03:56 556756	INFO [input.cpp->run:196]	Not enough points
2020/03/08 16:03:56 595608	INFO [input.cpp->run:173]	
frame_id 151
2020/03/08 16:03:56 629106	INFO [input.cpp->run:196]	Not enough points
2020/03/08 16:03:56 662070	INFO [input.cpp->run:173]	
frame_id 152
2020/03/08 16:03:56 689102	INFO [input.cpp->run:196]	Not enough points
2020/03/08 16:03:56 729141	INFO [input.cpp->run:173]	
frame_id 153
2020/03/08 16:03:56 759667	INFO [input.cpp->run:196]	Not enough points
2020/03/08 16:03:56 795457	INFO [input.cpp->run:173]	
frame_id 154
2020/03/08 16:03:56 845601	INFO [input.cpp->run:235]	rotation: 
[0.9999950631690382, -0.00294864440116689, 0.001085879250540522;
 0.002948569688373655, 0.9999956504809675, 7.039843369746641e-05;
 -0.001086082107435428, -6.719629550892157e-05, 0.9999994079549817]
2020/03/08 16:03:56 845634	INFO [input.cpp->run:256]	frame times (ms): 64.322
2020/03/08 16:03:56 845638	INFO [input.cpp->run:257]	FPS: 15.5468
2020/03/08 16:03:56 862002	INFO [input.cpp->run:173]	
frame_id 155
2020/03/08 16:03:56 889145	INFO [input.cpp->run:196]	Not enough points
2020/03/08 16:03:56 928878	INFO [input.cpp->run:173]	
frame_id 156
2020/03/08 16:03:56 968358	INFO [input.cpp->run:196]	Not enough points
2020/03/08 16:03:56 995693	INFO [input.cpp->run:173]	
frame_id 157
2020/03/08 16:03:57 025617	INFO [input.cpp->run:235]	rotation: 
[0.9998377068859929, -0.007965779667376875, -0.01615878223289182;
 0.008183482509416948, 0.9998760342459576, 0.01345164505161466;
 0.01604962625662299, -0.01358169705402706, 0.9997789490693207]
2020/03/08 16:03:57 025645	INFO [input.cpp->run:256]	frame times (ms): 44.041
2020/03/08 16:03:57 025648	INFO [input.cpp->run:257]	FPS: 22.7061
2020/03/08 16:03:57 062538	INFO [input.cpp->run:173]	
frame_id 158
2020/03/08 16:03:57 092299	INFO [input.cpp->run:235]	rotation: 
[0.999974443410549, -0.00296685945914164, -0.006504634556417654;
 0.003161901810768216, 0.9995393943434849, 0.03018280193087506;
 0.006412090353535389, -0.03020259757717995, 0.9995232304438396]
2020/03/08 16:03:57 092331	INFO [input.cpp->run:256]	frame times (ms): 44.015
2020/03/08 16:03:57 092335	INFO [input.cpp->run:257]	FPS: 22.7195
2020/03/08 16:03:57 128750	INFO [input.cpp->run:173]	
frame_id 159
2020/03/08 16:03:57 157004	INFO [input.cpp->run:235]	rotation: 
[0.9990611321509478, -0.03157494917370234, -0.0296627175077473;
 0.03209238472882502, 0.9993380535906493, 0.01713281903452039;
 0.02910211448818424, -0.01806868092392633, 0.9994131226384743]
2020/03/08 16:03:57 157035	INFO [input.cpp->run:256]	frame times (ms): 42.395
2020/03/08 16:03:57 157038	INFO [input.cpp->run:257]	FPS: 23.5877
2020/03/08 16:03:57 195633	INFO [input.cpp->run:173]	
frame_id 160
2020/03/08 16:03:57 226213	INFO [input.cpp->run:235]	rotation: 
[0.9995785349529405, -0.009614361374099033, -0.02739190604360154;
 0.009677793751493568, 0.9999507837928608, 0.002184101679572582;
 0.02736955917505458, -0.002448274374205684, 0.9996223852951432]
2020/03/08 16:03:57 226243	INFO [input.cpp->run:256]	frame times (ms): 44.929
2020/03/08 16:03:57 226245	INFO [input.cpp->run:257]	FPS: 22.2573
2020/03/08 16:03:57 262012	INFO [input.cpp->run:173]	
frame_id 161
2020/03/08 16:03:57 290943	INFO [input.cpp->run:235]	rotation: 
[0.9987575369854018, -0.02735213838417082, -0.0416562461182833;
 0.02767468589405382, 0.9995911523470135, 0.007186091443563071;
 0.04144266009221997, -0.008329986517573813, 0.9991061591488153]
2020/03/08 16:03:57 290969	INFO [input.cpp->run:256]	frame times (ms): 42.869
2020/03/08 16:03:57 290971	INFO [input.cpp->run:257]	FPS: 23.3269
2020/03/08 16:03:57 328821	INFO [input.cpp->run:173]	
frame_id 162
2020/03/08 16:03:57 354591	INFO [input.cpp->run:235]	rotation: 
[0.9993322914931876, -0.0008821231491096045, -0.03652660725723852;
 0.0008797904077003529, 0.999999609789352, -7.993736495361792e-05;
 0.03652666351876754, 4.774823140426965e-05, 0.9993326776265715]
2020/03/08 16:03:57 354614	INFO [input.cpp->run:256]	frame times (ms): 38.556
2020/03/08 16:03:57 354618	INFO [input.cpp->run:257]	FPS: 25.9363
2020/03/08 16:03:57 395788	INFO [input.cpp->run:173]	
frame_id 163
2020/03/08 16:03:57 429160	INFO [input.cpp->run:196]	Not enough points
2020/03/08 16:03:57 462776	INFO [input.cpp->run:173]	
frame_id 164
2020/03/08 16:03:57 497341	INFO [input.cpp->run:235]	rotation: 
[0.9995929957582644, -0.01371574661495998, -0.02501441835846898;
 0.01395426044872708, 0.9998585850612542, 0.009385547114355124;
 0.02488215115996579, -0.009730784865616068, 0.9996430314765125]
2020/03/08 16:03:57 497365	INFO [input.cpp->run:256]	frame times (ms): 50.544
2020/03/08 16:03:57 497368	INFO [input.cpp->run:257]	FPS: 19.7847
2020/03/08 16:03:57 528851	INFO [input.cpp->run:173]	
frame_id 165
2020/03/08 16:03:57 556614	INFO [input.cpp->run:235]	rotation: 
[0.9997678904002308, -0.003173212259473119, -0.02130952952620606;
 0.003160366130778682, 0.9999948034730466, -0.000636484738551401;
 0.02131143849183685, 0.0005689910889560267, 0.9997727235919919]
2020/03/08 16:03:57 556637	INFO [input.cpp->run:256]	frame times (ms): 41.782
2020/03/08 16:03:57 556639	INFO [input.cpp->run:257]	FPS: 23.9338
2020/03/08 16:03:57 595343	INFO [input.cpp->run:173]	
frame_id 166
2020/03/08 16:03:57 624468	INFO [input.cpp->run:235]	rotation: 
[0.9998375827116655, -0.002294647731032327, -0.01787575981837178;
 0.002300221915880619, 0.9999973120654756, 0.0002912747182726042;
 0.01787504339662842, -0.0003323456247199388, 0.9998401734127081]
2020/03/08 16:03:57 624498	INFO [input.cpp->run:256]	frame times (ms): 42.38
2020/03/08 16:03:57 624500	INFO [input.cpp->run:257]	FPS: 23.596
2020/03/08 16:03:57 662379	INFO [input.cpp->run:173]	
frame_id 167
2020/03/08 16:03:57 695140	INFO [input.cpp->run:235]	rotation: 
[0.9999702589204172, -0.002279567505840883, -0.007367825094288926;
 0.002350574648419871, 0.9999507403843256, 0.009643215421280641;
 0.007345479797530251, -0.00966024724452399, 0.9999263590633656]
2020/03/08 16:03:57 695165	INFO [input.cpp->run:256]	frame times (ms): 47.679
2020/03/08 16:03:57 695167	INFO [input.cpp->run:257]	FPS: 20.9736
2020/03/08 16:03:57 728779	INFO [input.cpp->run:173]	
frame_id 168
2020/03/08 16:03:57 757764	INFO [input.cpp->run:235]	rotation: 
[0.9999911876225299, -0.001271840303559389, -0.004000887342139576;
 0.001298648848435049, 0.9999766766057425, 0.006705203628726245;
 0.003992266079648129, -0.006710340287680443, 0.9999695161077525]
2020/03/08 16:03:57 757787	INFO [input.cpp->run:256]	frame times (ms): 42.664
2020/03/08 16:03:57 757789	INFO [input.cpp->run:257]	FPS: 23.439
2020/03/08 16:03:57 796350	INFO [input.cpp->run:173]	
frame_id 169
2020/03/08 16:03:57 832452	INFO [input.cpp->run:235]	rotation: 
[0.9999910493094841, -0.004155554167142971, -0.0007954058592535935;
 0.004164138116960362, 0.999929578490136, 0.01111296604340653;
 0.0007491693132210338, -0.01111617875454373, 0.9999379327314457]
2020/03/08 16:03:57 832475	INFO [input.cpp->run:256]	frame times (ms): 52.295
2020/03/08 16:03:57 832477	INFO [input.cpp->run:257]	FPS: 19.1223
2020/03/08 16:03:57 862313	INFO [input.cpp->run:173]	
frame_id 170
2020/03/08 16:03:57 890914	INFO [input.cpp->run:235]	rotation: 
[0.9999924315225897, -0.00305034958780323, -0.002415008267275193;
 0.003070593877715864, 0.9999598043163822, 0.008423847385890226;
 0.00238921551496568, -0.008431199139791705, 0.9999616025279612]
2020/03/08 16:03:57 890938	INFO [input.cpp->run:256]	frame times (ms): 42.742
2020/03/08 16:03:57 890940	INFO [input.cpp->run:257]	FPS: 23.3962
2020/03/08 16:03:57 929067	INFO [input.cpp->run:173]	
frame_id 171
2020/03/08 16:03:57 960274	INFO [input.cpp->run:235]	rotation: 
[0.9999609835971398, -0.008021730833920467, 0.003699069865354025;
 0.007961858397532327, 0.9998414729660078, 0.01592600854016883;
 -0.003826237616547693, -0.01589593569413314, 0.9998663306333051]
2020/03/08 16:03:57 960300	INFO [input.cpp->run:256]	frame times (ms): 45.165
2020/03/08 16:03:57 960303	INFO [input.cpp->run:257]	FPS: 22.141
2020/03/08 16:03:57 995660	INFO [input.cpp->run:173]	
frame_id 172
2020/03/08 16:03:58 025766	INFO [input.cpp->run:235]	rotation: 
[0.9999909170092882, -0.004065310520856948, 0.001280292658681754;
 0.004058455894381794, 0.9999776566167055, 0.005311798482207446;
 -0.001301858162866542, -0.005306554223904009, 0.9999850727123843]
2020/03/08 16:03:58 025788	INFO [input.cpp->run:256]	frame times (ms): 43.54
2020/03/08 16:03:58 025790	INFO [input.cpp->run:257]	FPS: 22.9674
2020/03/08 16:03:58 062243	INFO [input.cpp->run:173]	
frame_id 173
2020/03/08 16:03:58 092048	INFO [input.cpp->run:235]	rotation: 
[0.9999483421418406, -0.009993560042569957, -0.001855210354644913;
 0.01001873802141298, 0.9998504205990885, 0.01409827352140173;
 0.001714040910458798, -0.01411613210130567, 0.9998988933278483]
2020/03/08 16:03:58 092076	INFO [input.cpp->run:256]	frame times (ms): 43.618
2020/03/08 16:03:58 092080	INFO [input.cpp->run:257]	FPS: 22.9263
2020/03/08 16:03:58 129028	INFO [input.cpp->run:173]	
frame_id 174
2020/03/08 16:03:58 160186	INFO [input.cpp->run:235]	rotation: 
[0.9999570189624553, -0.008163625533190895, -0.004394934114823004;
 0.00821164981806485, 0.9999055337806315, 0.01102235556203144;
 0.004304536558710694, -0.01105797146967759, 0.9999295936374674]
2020/03/08 16:03:58 160215	INFO [input.cpp->run:256]	frame times (ms): 45.291
2020/03/08 16:03:58 160219	INFO [input.cpp->run:257]	FPS: 22.0794
2020/03/08 16:03:58 195647	INFO [input.cpp->run:173]	
frame_id 175
2020/03/08 16:03:58 227173	INFO [input.cpp->run:235]	rotation: 
[0.9999748316393114, -0.00617392683253757, -0.003495527913945232;
 0.006217860086835855, 0.9999000160205131, 0.01270024323066605;
 0.003416768044692426, -0.01272165828986212, 0.9999132387894886]
2020/03/08 16:03:58 227200	INFO [input.cpp->run:256]	frame times (ms): 46.236
2020/03/08 16:03:58 227203	INFO [input.cpp->run:257]	FPS: 21.6282
2020/03/08 16:03:58 262256	INFO [input.cpp->run:173]	
frame_id 176
2020/03/08 16:03:58 292064	INFO [input.cpp->run:235]	rotation: 
[0.9999849457849359, -0.005101441370160788, -0.002020767043883119;
 0.005123885168054339, 0.9999234577784841, 0.01126163332312698;
 0.001963161807754233, -0.0112718179663612, 0.9999345439154754]
2020/03/08 16:03:58 292089	INFO [input.cpp->run:256]	frame times (ms): 43.843
2020/03/08 16:03:58 292091	INFO [input.cpp->run:257]	FPS: 22.8087
2020/03/08 16:03:58 328681	INFO [input.cpp->run:173]	
frame_id 177
2020/03/08 16:03:58 360199	INFO [input.cpp->run:235]	rotation: 
[0.999993714785304, -0.003280534065755974, -0.001344799662254462;
 0.003287205864324772, 0.9999821501031282, 0.00498936396050241;
 0.001328407879280295, -0.004993753234614825, 0.9999866487914416]
2020/03/08 16:03:58 360224	INFO [input.cpp->run:256]	frame times (ms): 45.685
2020/03/08 16:03:58 360226	INFO [input.cpp->run:257]	FPS: 21.889
2020/03/08 16:03:58 395838	INFO [input.cpp->run:173]	
frame_id 178
2020/03/08 16:03:58 429257	INFO [input.cpp->run:235]	rotation: 
[0.9999357145642246, -0.0112703499426847, 0.001243362820331775;
 0.01124611329489457, 0.9997742352523875, 0.01802785237520344;
 -0.001446262317822054, -0.01801271044771329, 0.9998367119623258]
2020/03/08 16:03:58 429280	INFO [input.cpp->run:256]	frame times (ms): 48.898
2020/03/08 16:03:58 429283	INFO [input.cpp->run:257]	FPS: 20.4507
2020/03/08 16:03:58 462255	INFO [input.cpp->run:173]	
frame_id 179
2020/03/08 16:03:58 510766	INFO [input.cpp->run:235]	rotation: 
[0.9998539403996454, -0.01345615867456599, -0.01053706130888872;
 0.01350108883551289, 0.9999000161836779, 0.004204549456989211;
 0.01047943068863793, -0.004346197142972405, 0.9999356439805696]
2020/03/08 16:03:58 510798	INFO [input.cpp->run:256]	frame times (ms): 62.117
2020/03/08 16:03:58 510801	INFO [input.cpp->run:257]	FPS: 16.0987
2020/03/08 16:03:58 529054	INFO [input.cpp->run:173]	
frame_id 180
2020/03/08 16:03:58 554580	INFO [input.cpp->run:196]	Not enough points
2020/03/08 16:03:58 595851	INFO [input.cpp->run:173]	
frame_id 181
2020/03/08 16:03:58 623447	INFO [input.cpp->run:196]	Not enough points
2020/03/08 16:03:58 663222	INFO [input.cpp->run:173]	
frame_id 182
2020/03/08 16:03:58 705559	INFO [input.cpp->run:196]	Not enough points
2020/03/08 16:03:58 729395	INFO [input.cpp->run:173]	
frame_id 183
2020/03/08 16:03:58 756805	INFO [input.cpp->run:196]	Not enough points
2020/03/08 16:03:58 796069	INFO [input.cpp->run:173]	
frame_id 184
2020/03/08 16:03:58 828010	INFO [input.cpp->run:196]	Not enough points
2020/03/08 16:03:58 862253	INFO [input.cpp->run:173]	
frame_id 185
2020/03/08 16:03:58 888980	INFO [input.cpp->run:196]	Not enough points
2020/03/08 16:03:58 929441	INFO [input.cpp->run:173]	
frame_id 186
2020/03/08 16:03:58 963143	INFO [input.cpp->run:235]	rotation: 
[0.999954391263595, -0.001231189093946782, -0.00947098548558117;
 0.00132202280979695, 0.9999531365577583, 0.009590461093789112;
 0.009458733971495301, -0.009602544543820276, 0.9999091576188011]
2020/03/08 16:03:58 963166	INFO [input.cpp->run:256]	frame times (ms): 48.953
2020/03/08 16:03:58 963168	INFO [input.cpp->run:257]	FPS: 20.4278
2020/03/08 16:03:58 995676	INFO [input.cpp->run:173]	
frame_id 187
2020/03/08 16:03:59 026230	INFO [input.cpp->run:235]	rotation: 
[0.9995603963288194, 0.02776968541470527, -0.01038550253679407;
 -0.02795076627036105, 0.9994522747964698, -0.0177173663127869;
 0.009887808446420151, 0.01799986044751832, 0.9997890958937273]
2020/03/08 16:03:59 026254	INFO [input.cpp->run:256]	frame times (ms): 44.159
2020/03/08 16:03:59 026256	INFO [input.cpp->run:257]	FPS: 22.6454
2020/03/08 16:03:59 062450	INFO [input.cpp->run:173]	
frame_id 188
2020/03/08 16:03:59 093317	INFO [input.cpp->run:235]	rotation: 
[0.9999249344548971, 0.01220227465293105, 0.001109030506475661;
 -0.01220277909278235, 0.999925442410424, 0.0004492245880397697;
 -0.001103466258030221, -0.0004627241210288739, 0.9999992841240464]
2020/03/08 16:03:59 093343	INFO [input.cpp->run:256]	frame times (ms): 45.067
2020/03/08 16:03:59 093346	INFO [input.cpp->run:257]	FPS: 22.1892
2020/03/08 16:03:59 128780	INFO [input.cpp->run:173]	
frame_id 189
2020/03/08 16:03:59 163160	INFO [input.cpp->run:235]	rotation: 
[0.9999981206446703, 0.001414824126087776, -0.001325511154124945;
 -0.001413911309335573, 0.9999987628340252, 0.0006893368032745101;
 0.001326484804587919, -0.0006874613525542472, 0.9999988839168531]
2020/03/08 16:03:59 163185	INFO [input.cpp->run:256]	frame times (ms): 48.711
2020/03/08 16:03:59 163186	INFO [input.cpp->run:257]	FPS: 20.5292
2020/03/08 16:03:59 195800	INFO [input.cpp->run:173]	
frame_id 190
2020/03/08 16:03:59 228101	INFO [input.cpp->run:235]	rotation: 
[0.9999755656089167, -0.004859077042086374, -0.00502568954734009;
 0.00492078139993055, 0.9999117614009028, 0.01233917835830788;
 0.004965289069255871, -0.0123636071776446, 0.9999112396218054]
2020/03/08 16:03:59 228124	INFO [input.cpp->run:256]	frame times (ms): 46.606
2020/03/08 16:03:59 228127	INFO [input.cpp->run:257]	FPS: 21.4565
2020/03/08 16:03:59 262081	INFO [input.cpp->run:173]	
frame_id 191
2020/03/08 16:03:59 294181	INFO [input.cpp->run:235]	rotation: 
[0.9999893066447155, 0.003720282438967872, -0.002747015616154524;
 -0.003721187989713519, 0.9999930236693462, -0.0003246114348854245;
 0.002745788805844582, 0.0003348301252184116, 0.9999961742589923]
2020/03/08 16:03:59 294203	INFO [input.cpp->run:256]	frame times (ms): 47.275
2020/03/08 16:03:59 294205	INFO [input.cpp->run:257]	FPS: 21.1528
2020/03/08 16:03:59 328788	INFO [input.cpp->run:173]	
frame_id 192
2020/03/08 16:03:59 360613	INFO [input.cpp->run:235]	rotation: 
[0.99998921346559, 0.002222715920328443, 0.004078294546522235;
 -0.002251673738532261, 0.9999721908680986, 0.007109673398281267;
 -0.004062378348440563, -0.007118779698272916, 0.9999664094647187]
2020/03/08 16:03:59 360640	INFO [input.cpp->run:256]	frame times (ms): 46.551
2020/03/08 16:03:59 360642	INFO [input.cpp->run:257]	FPS: 21.4818
2020/03/08 16:03:59 397572	INFO [input.cpp->run:173]	
frame_id 193
2020/03/08 16:03:59 428677	INFO [input.cpp->run:235]	rotation: 
[0.9999791863282619, 0.006450660576493301, -0.0001260491733404913;
 -0.006450430899309458, 0.9999776737683201, 0.001744679372367083;
 0.0001373006935833937, -0.001743829987700791, 0.9999984701015765]
2020/03/08 16:03:59 428710	INFO [input.cpp->run:256]	frame times (ms): 45.243
2020/03/08 16:03:59 428714	INFO [input.cpp->run:257]	FPS: 22.1029
2020/03/08 16:03:59 462772	INFO [input.cpp->run:173]	
frame_id 194
2020/03/08 16:03:59 494564	INFO [input.cpp->run:235]	rotation: 
[0.9999932508691763, -0.0006115094636543589, 0.003622743749209678;
 0.0005978266181748655, 0.9999926891334697, 0.003776808566287206;
 -0.00362502681799435, -0.003774617303467992, 0.9999863056286227]
2020/03/08 16:03:59 494592	INFO [input.cpp->run:256]	frame times (ms): 45.965
2020/03/08 16:03:59 494602	INFO [input.cpp->run:257]	FPS: 21.7557
2020/03/08 16:03:59 529127	INFO [input.cpp->run:173]	
frame_id 195
2020/03/08 16:03:59 564903	INFO [input.cpp->run:235]	rotation: 
[0.9999883152123795, -0.001031996648285086, 0.004722755723584778;
 0.001016453451901633, 0.9999940636216497, 0.00329234625156552;
 -0.004726125377816556, -0.003287507319841071, 0.99998342787995]
2020/03/08 16:03:59 564930	INFO [input.cpp->run:256]	frame times (ms): 50.569
2020/03/08 16:03:59 564932	INFO [input.cpp->run:257]	FPS: 19.775
2020/03/08 16:03:59 595587	INFO [input.cpp->run:173]	
frame_id 196
2020/03/08 16:03:59 627059	INFO [input.cpp->run:235]	rotation: 
[0.9999964016365787, 0.000888275643301898, -0.002531339620832854;
 -0.0008767105599102378, 0.9999891904795772, 0.004566213156873711;
 0.002535368314194902, -0.00456397747380301, 0.999986370915689]
2020/03/08 16:03:59 627087	INFO [input.cpp->run:256]	frame times (ms): 45.195
2020/03/08 16:03:59 627090	INFO [input.cpp->run:257]	FPS: 22.1263
2020/03/08 16:03:59 662531	INFO [input.cpp->run:173]	
frame_id 197
2020/03/08 16:03:59 698047	INFO [input.cpp->run:235]	rotation: 
[0.9999998593276767, -0.0005290314787499553, -3.834476918164946e-05;
 0.0005293127769005918, 0.9999698251404939, 0.007750395891447553;
 3.424340873427654e-05, -0.007750415097557611, 0.9999699644955365]
2020/03/08 16:03:59 698079	INFO [input.cpp->run:256]	frame times (ms): 49.753
2020/03/08 16:03:59 698082	INFO [input.cpp->run:257]	FPS: 20.0993
2020/03/08 16:03:59 729156	INFO [input.cpp->run:173]	
frame_id 198
2020/03/08 16:03:59 760557	INFO [input.cpp->run:235]	rotation: 
[0.9999962013148878, 0.001915261965333186, 0.001982202663386032;
 -0.001922409744140445, 0.9999916347262459, 0.003610376477050125;
 -0.001975271264971089, -0.003614173368081707, 0.9999915179911754]
2020/03/08 16:03:59 760585	INFO [input.cpp->run:256]	frame times (ms): 45.759
2020/03/08 16:03:59 760587	INFO [input.cpp->run:257]	FPS: 21.8536
2020/03/08 16:03:59 795950	INFO [input.cpp->run:173]	
frame_id 199
2020/03/08 16:03:59 835371	INFO [input.cpp->run:235]	rotation: 
[0.9997033823307011, -0.006806439451935023, 0.0233841770978415;
 0.006318545199429284, 0.9997621227364327, 0.02087519887581376;
 -0.02352070031097802, -0.02072125294303289, 0.9995085824210576]
2020/03/08 16:03:59 835394	INFO [input.cpp->run:256]	frame times (ms): 55.428
2020/03/08 16:03:59 835396	INFO [input.cpp->run:257]	FPS: 18.0414
2020/03/08 16:03:59 862441	INFO [input.cpp->run:173]	
frame_id 200
2020/03/08 16:03:59 896985	INFO [input.cpp->run:235]	rotation: 
[0.9999987407269053, -0.001072120924438256, 0.00117008603400574;
 0.001066290341610304, 0.9999870693600045, 0.004972337246917675;
 -0.001175401850850255, -0.00497108333395025, 0.9999869532953797]
2020/03/08 16:03:59 897013	INFO [input.cpp->run:256]	frame times (ms): 47.995
2020/03/08 16:03:59 897015	INFO [input.cpp->run:257]	FPS: 20.8355
2020/03/08 16:03:59 929109	INFO [input.cpp->run:173]	
frame_id 201
2020/03/08 16:03:59 961551	INFO [input.cpp->run:235]	rotation: 
[0.9999977186692205, -0.002107967285675011, 0.0003451525417575176;
 0.002106644957178043, 0.9999906076288623, 0.003787703932877578;
 -0.0003531336559350748, -0.003786968178010461, 0.9999927670581622]
2020/03/08 16:03:59 961575	INFO [input.cpp->run:256]	frame times (ms): 46.419
2020/03/08 16:03:59 961577	INFO [input.cpp->run:257]	FPS: 21.5429
2020/03/08 16:03:59 995599	INFO [input.cpp->run:173]	
frame_id 202
2020/03/08 16:04:00 025154	INFO [input.cpp->run:196]	Not enough points
2020/03/08 16:04:00 062552	INFO [input.cpp->run:173]	
frame_id 203
2020/03/08 16:04:00 098781	INFO [input.cpp->run:235]	rotation: 
[0.9999860440380228, -0.005281441115081337, 0.0001345694367407735;
 0.005278460438976336, 0.999846842745023, 0.01668618914562118;
 -0.0002226759518629461, -0.01668524595435178, 0.9998607667984895]
2020/03/08 16:04:00 098804	INFO [input.cpp->run:256]	frame times (ms): 52.554
2020/03/08 16:04:00 098807	INFO [input.cpp->run:257]	FPS: 19.028
2020/03/08 16:04:00 129436	INFO [input.cpp->run:173]	
frame_id 204
2020/03/08 16:04:00 158857	INFO [input.cpp->run:196]	Not enough points
2020/03/08 16:04:00 196650	INFO [input.cpp->run:173]	
frame_id 205
2020/03/08 16:04:00 227677	INFO [input.cpp->run:235]	rotation: 
[0.9999936598980792, -0.002891994185397854, 0.002077626837596088;
 0.002877166318508587, 0.9999706213573236, 0.007104810780291117;
 -0.002098112871204565, -0.00709878805710708, 0.99997260218993]
2020/03/08 16:04:00 227708	INFO [input.cpp->run:256]	frame times (ms): 45.341
2020/03/08 16:04:00 227710	INFO [input.cpp->run:257]	FPS: 22.0551
2020/03/08 16:04:00 262678	INFO [input.cpp->run:173]	
frame_id 206
2020/03/08 16:04:00 294149	INFO [input.cpp->run:235]	rotation: 
[0.9998980665132564, 0.01357937555553324, 0.004411025115917338;
 -0.01355686580496336, 0.9998951283236162, -0.00509350019587668;
 -0.004479729076370851, 0.00503318132208317, 0.9999772992989298]
2020/03/08 16:04:00 294177	INFO [input.cpp->run:256]	frame times (ms): 45.221
2020/03/08 16:04:00 294180	INFO [input.cpp->run:257]	FPS: 22.1136
2020/03/08 16:04:00 329327	INFO [input.cpp->run:173]	
frame_id 207
2020/03/08 16:04:00 361165	INFO [input.cpp->run:235]	rotation: 
[0.9999579314927161, -0.001425873677619898, -0.009061022517572291;
 0.001433837990473182, 0.9999985914001775, 0.000872528668747345;
 0.009059765638555846, -0.0008854840010869164, 0.9999585674239999]
2020/03/08 16:04:00 361192	INFO [input.cpp->run:256]	frame times (ms): 45.561
2020/03/08 16:04:00 361195	INFO [input.cpp->run:257]	FPS: 21.9486
2020/03/08 16:04:00 395858	INFO [input.cpp->run:173]	
frame_id 208
2020/03/08 16:04:00 427606	INFO [input.cpp->run:235]	rotation: 
[0.9999992036566926, -0.001245985803792278, 0.0002005127359909599;
 0.001245137435597409, 0.9999905014607304, 0.004176915259305754;
 -0.0002057152085296013, -0.004176662267133344, 0.9999912565485557]
2020/03/08 16:04:00 427631	INFO [input.cpp->run:256]	frame times (ms): 45.73
2020/03/08 16:04:00 427635	INFO [input.cpp->run:257]	FPS: 21.8675
2020/03/08 16:04:00 462434	INFO [input.cpp->run:173]	
frame_id 209
2020/03/08 16:04:00 494619	INFO [input.cpp->run:235]	rotation: 
[0.999941786719468, -0.01057781396367872, -0.002129089952987557;
 0.01061534435680438, 0.9997731692981215, 0.01846413864159675;
 0.001933296786468776, -0.01848566480653179, 0.9998272563599154]
2020/03/08 16:04:00 494647	INFO [input.cpp->run:256]	frame times (ms): 45.886
2020/03/08 16:04:00 494650	INFO [input.cpp->run:257]	FPS: 21.7931
2020/03/08 16:04:00 529262	INFO [input.cpp->run:173]	
frame_id 210
2020/03/08 16:04:00 560947	INFO [input.cpp->run:235]	rotation: 
[0.9999374796870732, -0.01113548236025477, -0.001018699989424751;
 0.01115384614179661, 0.999732372244123, 0.02026759984268688;
 0.0007927378564997268, -0.02027769512894913, 0.9997940721203283]
2020/03/08 16:04:00 560971	INFO [input.cpp->run:256]	frame times (ms): 45.989
2020/03/08 16:04:00 560973	INFO [input.cpp->run:257]	FPS: 21.7443
2020/03/08 16:04:00 595957	INFO [input.cpp->run:173]	
frame_id 211
2020/03/08 16:04:00 627893	INFO [input.cpp->run:235]	rotation: 
[0.9999986968394912, -0.0007114335789137499, -0.00144920032512737;
 0.0007174457610935048, 0.9999911216581254, 0.0041523338623165;
 0.001446233348890926, -0.004153368173789228, 0.9999903289241919]
2020/03/08 16:04:00 627919	INFO [input.cpp->run:256]	frame times (ms): 46.432
2020/03/08 16:04:00 627922	INFO [input.cpp->run:257]	FPS: 21.5369
2020/03/08 16:04:00 662316	INFO [input.cpp->run:173]	
frame_id 212
2020/03/08 16:04:00 697102	INFO [input.cpp->run:235]	rotation: 
[0.9999951627638974, -0.002910053140821543, 0.00109819830804027;
 0.00290138857911452, 0.9999652876761989, 0.007810594533704425;
 -0.001120889432179494, -0.007807370451986014, 0.9999688938029554]
2020/03/08 16:04:00 697129	INFO [input.cpp->run:256]	frame times (ms): 63.884
2020/03/08 16:04:00 697131	INFO [input.cpp->run:257]	FPS: 15.6534
2020/03/08 16:04:00 729178	INFO [input.cpp->run:173]	
frame_id 213
2020/03/08 16:04:00 763414	INFO [input.cpp->run:235]	rotation: 
[0.9999899783187067, -0.004465965456382271, 0.0003137111645592683;
 0.004463174378508496, 0.9999547927796655, 0.008395979480873051;
 -0.000351193136883604, -0.008394495191410636, 0.9999647039340248]
2020/03/08 16:04:00 763443	INFO [input.cpp->run:256]	frame times (ms): 48.226
2020/03/08 16:04:00 763445	INFO [input.cpp->run:257]	FPS: 20.7357
2020/03/08 16:04:00 795357	INFO [input.cpp->run:173]	
frame_id 214
2020/03/08 16:04:00 827428	INFO [input.cpp->run:235]	rotation: 
[0.9999901247936794, -0.0003348021720666275, -0.004431503427392233;
 0.0003340967481412637, 0.9999999314019633, -0.0001599232054138478;
 0.004431556666036334, 0.0001584410752547303, 0.9999901680526371]
2020/03/08 16:04:00 827451	INFO [input.cpp->run:256]	frame times (ms): 46.434
2020/03/08 16:04:00 827453	INFO [input.cpp->run:257]	FPS: 21.5359
2020/03/08 16:04:00 862681	INFO [input.cpp->run:173]	
frame_id 215
2020/03/08 16:04:00 897807	INFO [input.cpp->run:235]	rotation: 
[0.9999575337657202, -0.005332196241102346, 0.007516538327249016;
 0.005176368046132656, 0.9997743853581045, 0.02060057270260404;
 -0.007624688782475401, -0.02056078950504265, 0.9997595301150671]
2020/03/08 16:04:00 897836	INFO [input.cpp->run:256]	frame times (ms): 49.366
2020/03/08 16:04:00 897839	INFO [input.cpp->run:257]	FPS: 20.2569
2020/03/08 16:04:00 929465	INFO [input.cpp->run:173]	
frame_id 216
2020/03/08 16:04:00 962627	INFO [input.cpp->run:235]	rotation: 
[0.9999481530410306, -0.009496090789209924, 0.003676341871317797;
 0.009425425808177365, 0.9997791373484376, 0.01878397910849568;
 -0.003853904275700946, -0.01874835412874796, 0.9998168065397265]
2020/03/08 16:04:00 962657	INFO [input.cpp->run:256]	frame times (ms): 47.15
2020/03/08 16:04:00 962659	INFO [input.cpp->run:257]	FPS: 21.2089
2020/03/08 16:04:00 996131	INFO [input.cpp->run:173]	
frame_id 217
2020/03/08 16:04:01 029173	INFO [input.cpp->run:235]	rotation: 
[0.9999979819116238, -0.001095506887196954, -0.00168405384113554;
 0.001100787565613436, 0.9999944706829481, 0.003137972317583412;
 0.001680606859182174, -0.003139819770406098, 0.99999365852609]
2020/03/08 16:04:01 029210	INFO [input.cpp->run:256]	frame times (ms): 46.059
2020/03/08 16:04:01 029214	INFO [input.cpp->run:257]	FPS: 21.7113
2020/03/08 16:04:01 062850	INFO [input.cpp->run:173]	
frame_id 218
2020/03/08 16:04:01 094345	INFO [input.cpp->run:235]	rotation: 
[0.9999846687506648, 0.001259893834042694, -0.005392117501503796;
 -0.001277886100348782, 0.9999936236098624, -0.003334628424782052;
 0.005387881841467732, 0.00334146781276885, 0.9999799024591037]
2020/03/08 16:04:01 094372	INFO [input.cpp->run:256]	frame times (ms): 45.373
2020/03/08 16:04:01 094375	INFO [input.cpp->run:257]	FPS: 22.0395
2020/03/08 16:04:01 129112	INFO [input.cpp->run:173]	
frame_id 219
2020/03/08 16:04:01 160489	INFO [input.cpp->run:235]	rotation: 
[0.9999995226012197, -0.000878766676059334, 0.0004272779678074994;
 0.0008775095682016527, 0.999995312352101, 0.002933470773950289;
 -0.0004298538012401729, -0.002933094433009887, 0.999995606081725]
2020/03/08 16:04:01 160512	INFO [input.cpp->run:256]	frame times (ms): 45.492
2020/03/08 16:04:01 160515	INFO [input.cpp->run:257]	FPS: 21.9819
2020/03/08 16:04:01 195875	INFO [input.cpp->run:173]	
frame_id 220
2020/03/08 16:04:01 231787	INFO [input.cpp->run:235]	rotation: 
[0.9999817805596027, -0.005559798591766562, -0.00235099733419704;
 0.005587122567094555, 0.9999150042602677, 0.01177999646048861;
 0.002285303101707472, -0.01179291714580629, 0.9999278496446259]
2020/03/08 16:04:01 231810	INFO [input.cpp->run:256]	frame times (ms): 50.863
2020/03/08 16:04:01 231813	INFO [input.cpp->run:257]	FPS: 19.6607
2020/03/08 16:04:01 262496	INFO [input.cpp->run:173]	
frame_id 221
2020/03/08 16:04:01 294528	INFO [input.cpp->run:235]	rotation: 
[0.9999896445391402, -0.002890922424861281, 0.003514737830555361;
 0.002875429428041657, 0.9999861634027306, 0.004405100304378881;
 -0.003527424001797184, -0.004394948306945264, 0.9999841207285698]
2020/03/08 16:04:01 294553	INFO [input.cpp->run:256]	frame times (ms): 45.494
2020/03/08 16:04:01 294555	INFO [input.cpp->run:257]	FPS: 21.9809
2020/03/08 16:04:01 330190	INFO [input.cpp->run:173]	
frame_id 222
2020/03/08 16:04:01 363125	INFO [input.cpp->run:235]	rotation: 
[0.999950849758296, -0.009908940097972994, 0.0003331272978478467;
 0.009902310689803984, 0.9998219214264311, 0.01606454724422376;
 -0.0004922506113578995, -0.0160604589378413, 0.9998709013407888]
2020/03/08 16:04:01 363157	INFO [input.cpp->run:256]	frame times (ms): 47.016
2020/03/08 16:04:01 363160	INFO [input.cpp->run:257]	FPS: 21.2694
2020/03/08 16:04:01 395689	INFO [input.cpp->run:173]	
frame_id 223
2020/03/08 16:04:01 429677	INFO [input.cpp->run:235]	rotation: 
[0.9999994451569635, 0.0004397460614779465, 0.0009572403912024687;
 -0.0004450398274546376, 0.9999845712977057, 0.005537066560523414;
 -0.0009547907190133173, -0.005537489498419123, 0.999984212167741]
2020/03/08 16:04:01 429707	INFO [input.cpp->run:256]	frame times (ms): 48.96
2020/03/08 16:04:01 429709	INFO [input.cpp->run:257]	FPS: 20.4248
2020/03/08 16:04:01 462542	INFO [input.cpp->run:173]	
frame_id 224
2020/03/08 16:04:01 495812	INFO [input.cpp->run:235]	rotation: 
[0.9999904669952088, -0.004106652984354773, -0.001483684592589306;
 0.004121983197127363, 0.9999365705604389, 0.01048160819487417;
 0.001440546155732795, -0.01048762399661352, 0.9999439657149188]
2020/03/08 16:04:01 495845	INFO [input.cpp->run:256]	frame times (ms): 47.284
2020/03/08 16:04:01 495848	INFO [input.cpp->run:257]	FPS: 21.1488
2020/03/08 16:04:01 529815	INFO [input.cpp->run:173]	
frame_id 225
2020/03/08 16:04:01 564840	INFO [input.cpp->run:235]	rotation: 
[0.9999853778721275, -0.005062705023790383, 0.001900805034849343;
 0.005049615888792196, 0.9999639332161478, 0.006828883237174559;
 -0.001935309100396728, -0.006819185049065167, 0.9999748763313769]
2020/03/08 16:04:01 564881	INFO [input.cpp->run:256]	frame times (ms): 47.704
2020/03/08 16:04:01 564885	INFO [input.cpp->run:257]	FPS: 20.9626
2020/03/08 16:04:01 597402	INFO [input.cpp->run:173]	
frame_id 226
2020/03/08 16:04:01 631943	INFO [input.cpp->run:235]	rotation: 
[0.9999699403816127, -0.007166665802350578, -0.002959262487738295;
 0.007201391470827029, 0.9999033129859329, 0.0118955723123872;
 0.002873724774193941, -0.01191652554366213, 0.9999248662399037]
2020/03/08 16:04:01 631968	INFO [input.cpp->run:256]	frame times (ms): 48.817
2020/03/08 16:04:01 631971	INFO [input.cpp->run:257]	FPS: 20.4847
2020/03/08 16:04:01 663491	INFO [input.cpp->run:173]	
frame_id 227
2020/03/08 16:04:01 699384	INFO [input.cpp->run:235]	rotation: 
[0.9999865432209724, -0.004929190550829187, -0.001617546748643412;
 0.004946499778080008, 0.9999286054281393, 0.01087732441742379;
 0.001563814859849159, -0.01088517923830589, 0.9999395318498184]
2020/03/08 16:04:01 699408	INFO [input.cpp->run:256]	frame times (ms): 49.462
2020/03/08 16:04:01 699411	INFO [input.cpp->run:257]	FPS: 20.2175
2020/03/08 16:04:01 730050	INFO [input.cpp->run:173]	
frame_id 228
2020/03/08 16:04:01 766103	INFO [input.cpp->run:235]	rotation: 
[0.999971116372792, -0.003413806084499163, -0.006790607349095576;
 0.003458165509350586, 0.9999726900039266, 0.006531488162792499;
 0.006768124663604561, -0.006554782553845476, 0.9999556126719874]
2020/03/08 16:04:01 766135	INFO [input.cpp->run:256]	frame times (ms): 50.806
2020/03/08 16:04:01 766138	INFO [input.cpp->run:257]	FPS: 19.6827
2020/03/08 16:04:01 796654	INFO [input.cpp->run:173]	
frame_id 229
2020/03/08 16:04:01 831370	INFO [input.cpp->run:235]	rotation: 
[0.999951082068314, -0.007744839862427023, 0.006152310615806188;
 0.007655171169766657, 0.9998660426619072, 0.01446703445695664;
 -0.006263531333806318, -0.01441922976869981, 0.9998764193579663]
2020/03/08 16:04:01 831413	INFO [input.cpp->run:256]	frame times (ms): 49.076
2020/03/08 16:04:01 831416	INFO [input.cpp->run:257]	FPS: 20.3766
2020/03/08 16:04:01 863853	INFO [input.cpp->run:173]	
frame_id 230
2020/03/08 16:04:01 898931	INFO [input.cpp->run:235]	rotation: 
[0.9999442988598395, -0.002496964896835692, -0.01025496679702121;
 0.002475085471920084, 0.9999946349867589, -0.002145681617910804;
 0.01026026947066826, 0.002120180181663935, 0.9999451143469759]
2020/03/08 16:04:01 898957	INFO [input.cpp->run:256]	frame times (ms): 48.87
2020/03/08 16:04:01 898960	INFO [input.cpp->run:257]	FPS: 20.4625
2020/03/08 16:04:01 930056	INFO [input.cpp->run:173]	
frame_id 231
2020/03/08 16:04:01 963846	INFO [input.cpp->run:235]	rotation: 
[0.999962780010655, 0.0005208909527168394, -0.008612041916861105;
 -0.0005382985787928587, 0.9999978166964173, -0.002019117886280934;
 0.008610971373919703, 0.002023678584659071, 0.9999608771831944]
2020/03/08 16:04:01 963868	INFO [input.cpp->run:256]	frame times (ms): 48.555
2020/03/08 16:04:01 963871	INFO [input.cpp->run:257]	FPS: 20.5952
2020/03/08 16:04:01 995974	INFO [input.cpp->run:173]	
frame_id 232
2020/03/08 16:04:02 031086	INFO [input.cpp->run:235]	rotation: 
[0.9999621683878844, -0.007097143493982832, -0.005029149751812049;
 0.007169667506763846, 0.9998684015186929, 0.01455250879732828;
 0.004925206680210359, -0.01458801558402236, 0.9998814590442596]
2020/03/08 16:04:02 031107	INFO [input.cpp->run:256]	frame times (ms): 49.738
2020/03/08 16:04:02 031109	INFO [input.cpp->run:257]	FPS: 20.1054
2020/03/08 16:04:02 062586	INFO [input.cpp->run:173]	
frame_id 233
2020/03/08 16:04:02 096754	INFO [input.cpp->run:235]	rotation: 
[0.9999972507852354, -0.002094555997557386, 0.001054161820664628;
 0.002085925759095996, 0.9999648371585075, 0.008122398678172051;
 -0.001071137572205538, -0.008120177444657701, 0.9999664571287222]
2020/03/08 16:04:02 096781	INFO [input.cpp->run:256]	frame times (ms): 48.488
2020/03/08 16:04:02 096784	INFO [input.cpp->run:257]	FPS: 20.6237
2020/03/08 16:04:02 129414	INFO [input.cpp->run:173]	
frame_id 234
2020/03/08 16:04:02 162853	INFO [input.cpp->run:235]	rotation: 
[0.9999624210755683, -0.008484499371553865, 0.001780367125589257;
 0.008455521222982919, 0.9998410350420364, 0.0156974140200569;
 -0.001913268808992171, -0.01568177019610655, 0.9998752029558394]
2020/03/08 16:04:02 162881	INFO [input.cpp->run:256]	frame times (ms): 48.594
2020/03/08 16:04:02 162883	INFO [input.cpp->run:257]	FPS: 20.5787
2020/03/08 16:04:02 195849	INFO [input.cpp->run:173]	
frame_id 235
2020/03/08 16:04:02 228704	INFO [input.cpp->run:235]	rotation: 
[0.9999869510109214, -0.0030332669089835, -0.004110608195863;
 0.003045415644676776, 0.9999910042601329, 0.002952429908076212;
 0.004101615709959715, -0.002964909892359405, 0.9999871929469387]
2020/03/08 16:04:02 228728	INFO [input.cpp->run:256]	frame times (ms): 47.314
2020/03/08 16:04:02 228731	INFO [input.cpp->run:257]	FPS: 21.1354
2020/03/08 16:04:02 262594	INFO [input.cpp->run:173]	
frame_id 236
2020/03/08 16:04:02 296355	INFO [input.cpp->run:235]	rotation: 
[0.9999917494807602, -0.004013458777473599, -0.0006269920653202598;
 0.004017383951914658, 0.9999715151580281, 0.006389796455337252;
 0.0006013290208804184, -0.006392262604059855, 0.9999793884786873]
2020/03/08 16:04:02 296383	INFO [input.cpp->run:256]	frame times (ms): 48.454
2020/03/08 16:04:02 296384	INFO [input.cpp->run:257]	FPS: 20.6381
2020/03/08 16:04:02 329440	INFO [input.cpp->run:173]	
frame_id 237
2020/03/08 16:04:02 363444	INFO [input.cpp->run:235]	rotation: 
[0.9999994978755667, -0.0009601092859375403, -0.0002871215309647605;
 0.0009616888425345028, 0.9999841208311566, 0.005552768688575327;
 0.0002817857069329274, -0.005553042021967277, 0.9999845420410846]
2020/03/08 16:04:02 363474	INFO [input.cpp->run:256]	frame times (ms): 48.052
2020/03/08 16:04:02 363478	INFO [input.cpp->run:257]	FPS: 20.8108
2020/03/08 16:04:02 395816	INFO [input.cpp->run:173]	
frame_id 238
2020/03/08 16:04:02 429645	INFO [input.cpp->run:235]	rotation: 
[0.999995761601723, -0.002053398030224624, -0.002064057925424673;
 0.002061307701320582, 0.9999905130143467, 0.003837302680821015;
 0.002056158833970573, -0.003841541075301593, 0.9999905073414529]
2020/03/08 16:04:02 429669	INFO [input.cpp->run:256]	frame times (ms): 48.486
2020/03/08 16:04:02 429670	INFO [input.cpp->run:257]	FPS: 20.6245
2020/03/08 16:04:02 462355	INFO [input.cpp->run:173]	
frame_id 239
2020/03/08 16:04:02 495602	INFO [input.cpp->run:235]	rotation: 
[0.9999944639435321, -0.002907127379689685, 0.001618855362971455;
 0.002900239803288877, 0.9999868019672171, 0.00424081365556158;
 -0.001631162582755548, -0.004236095109418256, 0.999989697350354]
2020/03/08 16:04:02 495624	INFO [input.cpp->run:256]	frame times (ms): 48.349
2020/03/08 16:04:02 495626	INFO [input.cpp->run:257]	FPS: 20.683
2020/03/08 16:04:02 530365	INFO [input.cpp->run:173]	
frame_id 240
2020/03/08 16:04:02 568858	INFO [input.cpp->run:235]	rotation: 
[0.9999832457887637, -0.002477423370560913, -0.005231683783628493;
 0.002490015749236851, 0.9999940155582605, 0.002401805411336202;
 0.005225702186064107, -0.002414792145997254, 0.9999834302704991]
2020/03/08 16:04:02 568888	INFO [input.cpp->run:256]	frame times (ms): 50.94
2020/03/08 16:04:02 568899	INFO [input.cpp->run:257]	FPS: 19.6309
2020/03/08 16:04:02 595987	INFO [input.cpp->run:173]	
frame_id 241
2020/03/08 16:04:02 630371	INFO [input.cpp->run:235]	rotation: 
[0.9999904679256743, -0.0004289459967966791, -0.004345119460138171;
 0.0004320197692855085, 0.9999996571124014, 0.0007064941603339724;
 0.004344814922408759, -0.0007083646034858123, 0.9999903103544947]
2020/03/08 16:04:02 630411	INFO [input.cpp->run:256]	frame times (ms): 48.829
2020/03/08 16:04:02 630414	INFO [input.cpp->run:257]	FPS: 20.4796
2020/03/08 16:04:02 663057	INFO [input.cpp->run:173]	
frame_id 242
2020/03/08 16:04:02 698132	INFO [input.cpp->run:235]	rotation: 
[0.9999911030474306, -0.00386363162787643, 0.0016929786257467;
 0.003846448820399708, 0.9999422219422287, 0.01003780895966115;
 -0.001731663204900984, -0.01003120769811297, 0.9999481867650254]
2020/03/08 16:04:02 698170	INFO [input.cpp->run:256]	frame times (ms): 48.942
2020/03/08 16:04:02 698172	INFO [input.cpp->run:257]	FPS: 20.4323
2020/03/08 16:04:02 729626	INFO [input.cpp->run:173]	
frame_id 243
2020/03/08 16:04:02 765676	INFO [input.cpp->run:235]	rotation: 
[0.9999090366433325, 0.002843900310396749, 0.0131844859599123;
 -0.003016988493147691, 0.9999092867271557, 0.01312692261052915;
 -0.01314595829275347, -0.0131655059840149, 0.9998269116365842]
2020/03/08 16:04:02 765701	INFO [input.cpp->run:256]	frame times (ms): 50.736
2020/03/08 16:04:02 765704	INFO [input.cpp->run:257]	FPS: 19.7099
2020/03/08 16:04:02 796348	INFO [input.cpp->run:173]	
frame_id 244
2020/03/08 16:04:02 831189	INFO [input.cpp->run:235]	rotation: 
[0.9999884382784363, -0.003651717916044255, -0.003128620417312582;
 0.003668292732227377, 0.9999791812618244, 0.005308547010439065;
 0.00310916996715708, -0.005319962330035349, 0.9999810153512527]
2020/03/08 16:04:02 831234	INFO [input.cpp->run:256]	frame times (ms): 48.959
2020/03/08 16:04:02 831239	INFO [input.cpp->run:257]	FPS: 20.4253
2020/03/08 16:04:02 863022	INFO [input.cpp->run:173]	
frame_id 245
2020/03/08 16:04:02 898522	INFO [input.cpp->run:235]	rotation: 
[0.9999935122810826, -0.003356683401100417, 0.001306932396538199;
 0.003341269263694684, 0.9999268694376356, 0.01162289535172364;
 -0.001345851199736925, -0.01161845313259931, 0.9999315977762447]
2020/03/08 16:04:02 898549	INFO [input.cpp->run:256]	frame times (ms): 50.44
2020/03/08 16:04:02 898552	INFO [input.cpp->run:257]	FPS: 19.8255
2020/03/08 16:04:02 930052	INFO [input.cpp->run:173]	
frame_id 246
2020/03/08 16:04:02 964797	INFO [input.cpp->run:235]	rotation: 
[0.9999714896275405, -0.004899390808754848, 0.005745946552199913;
 0.004829608379231168, 0.9999151739558398, 0.01209627115130271;
 -0.005804723505982834, -0.01206817561049169, 0.9999103281407056]
2020/03/08 16:04:02 964828	INFO [input.cpp->run:256]	frame times (ms): 49.603
2020/03/08 16:04:02 964831	INFO [input.cpp->run:257]	FPS: 20.1601
2020/03/08 16:04:02 996447	INFO [input.cpp->run:173]	
frame_id 247
2020/03/08 16:04:03 030446	INFO [input.cpp->run:235]	rotation: 
[0.9999928284283074, -0.003681782192387818, 0.0008874524446806136;
 0.003678667124802156, 0.9999871555603406, 0.003486563139261672;
 -0.0009002778119300067, -0.003483273492991086, 0.9999935281318747]
2020/03/08 16:04:03 030476	INFO [input.cpp->run:256]	frame times (ms): 48.709
2020/03/08 16:04:03 030480	INFO [input.cpp->run:257]	FPS: 20.5301
2020/03/08 16:04:03 062730	INFO [input.cpp->run:173]	
frame_id 248
2020/03/08 16:04:03 097653	INFO [input.cpp->run:235]	rotation: 
[0.9999889614701102, -0.002587842184272082, -0.003921735682046741;
 0.002622450145935169, 0.9999574403033479, 0.008845356816349325;
 0.003898678386661476, -0.008855543732925424, 0.9999531887303683]
2020/03/08 16:04:03 097680	INFO [input.cpp->run:256]	frame times (ms): 49.185
2020/03/08 16:04:03 097683	INFO [input.cpp->run:257]	FPS: 20.3314
2020/03/08 16:04:03 129321	INFO [input.cpp->run:173]	
frame_id 249
2020/03/08 16:04:03 162012	INFO [input.cpp->run:235]	rotation: 
[0.9999287647188735, -0.007411204117739982, 0.009356256800290477;
 0.007259096351688898, 0.9998426157790895, 0.01618793353658689;
 -0.009474756352787377, -0.0161188624149861, 0.9998251903540448]
2020/03/08 16:04:03 162034	INFO [input.cpp->run:256]	frame times (ms): 47.189
2020/03/08 16:04:03 162036	INFO [input.cpp->run:257]	FPS: 21.1914
2020/03/08 16:04:03 195801	INFO [input.cpp->run:173]	
frame_id 250
2020/03/08 16:04:03 228825	INFO [input.cpp->run:235]	rotation: 
[0.9999921214473823, -0.0009190420193805038, -0.00386165831354188;
 0.0009353722997599511, 0.9999906196408163, 0.004229149918971992;
 0.00385773532331806, -0.004232728687609452, 0.9999836008085494]
2020/03/08 16:04:03 228855	INFO [input.cpp->run:256]	frame times (ms): 48.416
2020/03/08 16:04:03 228857	INFO [input.cpp->run:257]	FPS: 20.6543
2020/03/08 16:04:03 262413	INFO [input.cpp->run:173]	
frame_id 251
2020/03/08 16:04:03 296934	INFO [input.cpp->run:235]	rotation: 
[0.9999015958065812, -0.01372068360653126, 0.002922592140836854;
 0.01363275524428889, 0.999508305767169, 0.02823640711728074;
 -0.003308577927377704, -0.0281937855530784, 0.9995970006799167]
2020/03/08 16:04:03 296957	INFO [input.cpp->run:256]	frame times (ms): 49.478
2020/03/08 16:04:03 296959	INFO [input.cpp->run:257]	FPS: 20.211
2020/03/08 16:04:03 329126	INFO [input.cpp->run:173]	
frame_id 252
2020/03/08 16:04:03 361424	INFO [input.cpp->run:235]	rotation: 
[0.9997875117683376, 0.02057328583892431, -0.001292757466102191;
 -0.02058123848441316, 0.9997672281694299, -0.006473183209434555;
 0.001159281900124901, 0.00649841428389351, 0.999978213101301]
2020/03/08 16:04:03 361446	INFO [input.cpp->run:256]	frame times (ms): 46.98
2020/03/08 16:04:03 361448	INFO [input.cpp->run:257]	FPS: 21.2857
2020/03/08 16:04:03 396193	INFO [input.cpp->run:173]	
frame_id 253
2020/03/08 16:04:03 424484	INFO [input.cpp->run:196]	Not enough points
2020/03/08 16:04:03 462926	INFO [input.cpp->run:173]	
frame_id 254
2020/03/08 16:04:03 502316	INFO [input.cpp->run:235]	rotation: 
[0.9999021301246857, 0.01286564949338738, 0.005495928968738936;
 -0.01284370072078748, 0.9999094737553761, -0.004010442125453627;
 -0.005547028385628279, 0.003939461557125664, 0.9999768552915257]
2020/03/08 16:04:03 502339	INFO [input.cpp->run:256]	frame times (ms): 56.18
2020/03/08 16:04:03 502342	INFO [input.cpp->run:257]	FPS: 17.7999
2020/03/08 16:04:03 529202	INFO [input.cpp->run:173]	
frame_id 255
2020/03/08 16:04:03 561477	INFO [input.cpp->run:235]	rotation: 
[0.9999826131497905, -0.005830063849457435, 0.0008852986092925117;
 0.005819721503777388, 0.99991958865736, 0.01126707863265793;
 -0.0009509152090679544, -0.01126173054229569, 0.9999361325532036]
2020/03/08 16:04:03 561498	INFO [input.cpp->run:256]	frame times (ms): 47.4
2020/03/08 16:04:03 561500	INFO [input.cpp->run:257]	FPS: 21.097
2020/03/08 16:04:03 595772	INFO [input.cpp->run:173]	
frame_id 256
2020/03/08 16:04:03 629839	INFO [input.cpp->run:235]	rotation: 
[0.9999137044257199, -0.01043993001313555, -0.007974431826462807;
 0.01055769444287362, 0.9998336767082282, 0.01487124770007679;
 0.007817850707514616, -0.01495415599179557, 0.9998576170779958]
2020/03/08 16:04:03 629863	INFO [input.cpp->run:256]	frame times (ms): 48.234
2020/03/08 16:04:03 629865	INFO [input.cpp->run:257]	FPS: 20.7323
2020/03/08 16:04:03 662576	INFO [input.cpp->run:173]	
frame_id 257
2020/03/08 16:04:03 694519	INFO [input.cpp->run:235]	rotation: 
[0.9999939252250382, 0.003013587542818478, -0.001751514528206159;
 -0.003017655129083568, 0.9999927455725538, -0.002324340721066733;
 0.001744497217728821, 0.002329612068019623, 0.9999957648095665]
2020/03/08 16:04:03 694542	INFO [input.cpp->run:256]	frame times (ms): 46.105
2020/03/08 16:04:03 694544	INFO [input.cpp->run:257]	FPS: 21.6896
2020/03/08 16:04:03 729031	INFO [input.cpp->run:173]	
frame_id 258
2020/03/08 16:04:03 759400	INFO [input.cpp->run:235]	rotation: 
[0.999960231706543, -0.005365422489138999, 0.007123710192718048;
 0.005303699960494126, 0.9999484779659144, 0.008655182284642354;
 -0.007169781874356301, -0.008617056061345644, 0.9999371683124444]
2020/03/08 16:04:03 759422	INFO [input.cpp->run:256]	frame times (ms): 44.229
2020/03/08 16:04:03 759425	INFO [input.cpp->run:257]	FPS: 22.6096
2020/03/08 16:04:03 795831	INFO [input.cpp->run:173]	
frame_id 259
2020/03/08 16:04:03 828941	INFO [input.cpp->run:235]	rotation: 
[0.9999080160122957, -0.00949438707965888, 0.009685872616140274;
 0.009374903638792172, 0.9998803104815354, 0.01230755431074096;
 -0.009801566003341039, -0.01221561809038264, 0.9998773464673315]
2020/03/08 16:04:03 828964	INFO [input.cpp->run:256]	frame times (ms): 47.335
2020/03/08 16:04:03 828967	INFO [input.cpp->run:257]	FPS: 21.126
2020/03/08 16:04:03 862694	INFO [input.cpp->run:173]	
frame_id 260
2020/03/08 16:04:03 895561	INFO [input.cpp->run:235]	rotation: 
[0.9996477739288043, -0.02597439405989475, -0.005446001506381234;
 0.02607794057421891, 0.9994619635215013, 0.01989282506716293;
 0.004926367281649799, -0.02002783879919505, 0.9997872856655259]
2020/03/08 16:04:03 895584	INFO [input.cpp->run:256]	frame times (ms): 47.941
2020/03/08 16:04:03 895587	INFO [input.cpp->run:257]	FPS: 20.859
g3log g3FileSink shutdown at: 16:04:03 992134
