		g3log created log at: Sun Mar 08 15:37:11 2020
		LOG format: [YYYY/MM/DD hh:mm:ss uuu* LEVEL FILE->FUNCTION:LINE] message		(uuu*: microseconds fractions of the seconds value)

2020/03/08 15:37:11 440643	INFO [g3logger.h->logBanner:29]	Starting log.
2020/03/08 15:37:11 446562	DEBUG [main.cpp->main:49]	Filepath: /home/mitchell/KITTI/data_odometry_gray/dataset/sequences/00/
2020/03/08 15:37:11 446568	DEBUG [main.cpp->main:53]	Calibration Filepath: /home/mitchell/visual_odom_ws/src/visual_odom/calibration/old/kitti00.yaml
2020/03/08 15:37:11 446653	INFO [main.cpp->main:67]	P_left: 
[718.85602, 0, 607.19281, 0;
 0, 718.85602, 185.2157, 0;
 0, 0, 1, 0]
2020/03/08 15:37:11 446662	INFO [main.cpp->main:68]	P_right: 
[718.85602, 0, 607.19281, -386.14481;
 0, 718.85602, 185.2157, 0;
 0, 0, 1, 0]
2020/03/08 15:37:11 520246	INFO [input.cpp->Input:22]	frame_pose [1, 0, 0, 0;
 0, 1, 0, 0;
 0, 0, 1, 0;
 0, 0, 0, 1]
2020/03/08 15:37:14 110097	INFO [input.cpp->run:173]	
frame_id 1
2020/03/08 15:37:14 160841	INFO [input.cpp->run:235]	rotation: 
[0.9999907186371327, -0.004235667701417426, -0.0007885167810353115;
 0.004238531229762969, 0.9999842975397116, 0.003665996047993281;
 0.0007729764583278614, -0.003669304175555299, 0.9999929693324159]
2020/03/08 15:37:14 160888	INFO [input.cpp->run:256]	frame times (ms): 53.845
2020/03/08 15:37:14 160893	INFO [input.cpp->run:257]	FPS: 18.5718
2020/03/08 15:37:14 218398	INFO [input.cpp->run:173]	
frame_id 2
2020/03/08 15:37:14 221966	INFO [input.cpp->run:235]	rotation: 
[0.9999912096661232, -0.004177002067915462, -0.0003650263115964626;
 0.004178186042479331, 0.9999858087550829, 0.003305306315165143;
 0.0003512148601051347, -0.003306802408259318, 0.9999944708376916]
2020/03/08 15:37:14 221984	INFO [input.cpp->run:256]	frame times (ms): 6.149
2020/03/08 15:37:14 221987	INFO [input.cpp->run:257]	FPS: 162.628
2020/03/08 15:37:14 354319	INFO [input.cpp->run:173]	
frame_id 3
2020/03/08 15:37:14 359132	INFO [input.cpp->run:235]	rotation: 
[0.9999972638156553, 0.002037309212628099, 0.001149666201480415;
 -0.002035808169711069, 0.9999970758381461, -0.001305296998081115;
 -0.00115232213326977, 0.001302952926702489, 0.9999984872325417]
2020/03/08 15:37:14 359162	INFO [input.cpp->run:256]	frame times (ms): 9.985
2020/03/08 15:37:14 359165	INFO [input.cpp->run:257]	FPS: 100.15
2020/03/08 15:37:14 490796	INFO [input.cpp->run:173]	
frame_id 4
2020/03/08 15:37:14 497463	INFO [input.cpp->run:235]	rotation: 
[0.9999964464988242, -0.002615521312551147, 0.0005157887046277412;
 0.002614589477908562, 0.9999949635773997, 0.001799094688180186;
 -0.0005204916773980852, -0.001797739719375153, 0.9999982486086239]
2020/03/08 15:37:14 497497	INFO [input.cpp->run:256]	frame times (ms): 13.71
2020/03/08 15:37:14 497501	INFO [input.cpp->run:257]	FPS: 72.9395
2020/03/08 15:37:14 629294	INFO [input.cpp->run:173]	
frame_id 5
2020/03/08 15:37:14 637948	INFO [input.cpp->run:235]	rotation: 
[0.9999926938054379, 0.003518041041245974, 0.001495233418561098;
 -0.003515104586992111, 0.9999918972878096, -0.00196198839688456;
 -0.001502123658817738, 0.001956718160367395, 0.9999969574346487]
2020/03/08 15:37:14 637982	INFO [input.cpp->run:256]	frame times (ms): 15.11
2020/03/08 15:37:14 637986	INFO [input.cpp->run:257]	FPS: 66.1813
2020/03/08 15:37:14 765640	INFO [input.cpp->run:173]	
frame_id 6
2020/03/08 15:37:14 768465	INFO [input.cpp->run:196]	Not enough points
2020/03/08 15:37:14 903646	INFO [input.cpp->run:173]	
frame_id 7
2020/03/08 15:37:14 909775	INFO [input.cpp->run:235]	rotation: 
[0.9999996117042746, 0.0003463062209822983, 0.000810347642274131;
 -0.0003457542148520601, 0.9999997081845975, -0.0006812376550925309;
 -0.0008105833226401336, 0.0006809572094580497, 0.9999994396258209]
2020/03/08 15:37:14 909809	INFO [input.cpp->run:256]	frame times (ms): 13.362
2020/03/08 15:37:14 909815	INFO [input.cpp->run:257]	FPS: 74.8391
2020/03/08 15:37:15 039974	INFO [input.cpp->run:173]	
frame_id 8
2020/03/08 15:37:15 046896	INFO [input.cpp->run:235]	rotation: 
[0.9999984700074586, 0.001453180034443289, 0.0009737815615043097;
 -0.001451703852219721, 0.9999977987789692, -0.001514923477193278;
 -0.0009759808745466238, 0.001513507516927601, 0.9999983783768496]
2020/03/08 15:37:15 046932	INFO [input.cpp->run:256]	frame times (ms): 13.175
2020/03/08 15:37:15 046936	INFO [input.cpp->run:257]	FPS: 75.9013
2020/03/08 15:37:15 178221	INFO [input.cpp->run:173]	
frame_id 9
2020/03/08 15:37:15 200935	INFO [input.cpp->run:235]	rotation: 
[0.9999981779860152, -0.001330893931534287, -0.001368483099213188;
 0.001333367868125627, 0.9999974757720448, 0.001808474403175338;
 0.001366072757241372, -0.001810295799502248, 0.9999974283338634]
2020/03/08 15:37:15 200958	INFO [input.cpp->run:256]	frame times (ms): 29.68
2020/03/08 15:37:15 200961	INFO [input.cpp->run:257]	FPS: 33.6927
2020/03/08 15:37:15 304790	INFO [input.cpp->run:173]	
frame_id 10
2020/03/08 15:37:15 321861	INFO [input.cpp->run:235]	rotation: 
[0.9999936524837536, 0.003402981390869108, 0.001055798207654026;
 -0.003400639138607946, 0.9999917704674712, -0.002212385766861543;
 -0.001063318226522385, 0.002208781334999524, 0.9999969953151676]
2020/03/08 15:37:15 321923	INFO [input.cpp->run:256]	frame times (ms): 26.631
2020/03/08 15:37:15 321932	INFO [input.cpp->run:257]	FPS: 37.5502
2020/03/08 15:37:15 443122	INFO [input.cpp->run:173]	
frame_id 11
2020/03/08 15:37:15 451643	INFO [input.cpp->run:235]	rotation: 
[0.9999998254684445, 0.0004450037298640593, -0.0003886319092951504;
 -0.0004446236147004585, 0.9999994232798076, 0.0009776246178657931;
 0.0003890667317646381, -0.0009774516523151492, 0.9999994466075197]
2020/03/08 15:37:15 451678	INFO [input.cpp->run:256]	frame times (ms): 14.725
2020/03/08 15:37:15 451681	INFO [input.cpp->run:257]	FPS: 67.9117
2020/03/08 15:37:15 579585	INFO [input.cpp->run:173]	
frame_id 12
2020/03/08 15:37:15 587451	INFO [input.cpp->run:235]	rotation: 
[0.9999996041773438, -0.0008305273471712382, 0.000319169988274185;
 0.0008303772478468861, 0.9999995447278047, 0.0004701253124796617;
 -0.0003195602948935755, -0.0004698600948969533, 0.9999998385563416]
2020/03/08 15:37:15 587485	INFO [input.cpp->run:256]	frame times (ms): 12.786
2020/03/08 15:37:15 587489	INFO [input.cpp->run:257]	FPS: 78.2105
2020/03/08 15:37:15 717700	INFO [input.cpp->run:173]	
frame_id 13
2020/03/08 15:37:15 721087	INFO [input.cpp->run:196]	Not enough points
2020/03/08 15:37:15 854078	INFO [input.cpp->run:173]	
frame_id 14
2020/03/08 15:37:15 859365	INFO [input.cpp->run:235]	rotation: 
[0.9999983545422506, -0.001798296968387642, -0.000238832168725455;
 0.001798687725855787, 0.999997027523415, 0.001646106557660047;
 0.0002358712703701426, -0.001646533433551681, 0.9999986166452411]
2020/03/08 15:37:15 859403	INFO [input.cpp->run:256]	frame times (ms): 11.303
2020/03/08 15:37:15 859410	INFO [input.cpp->run:257]	FPS: 88.4721
2020/03/08 15:37:15 981933	INFO [input.cpp->run:173]	
frame_id 15
2020/03/08 15:37:16 011620	INFO [input.cpp->run:235]	rotation: 
[0.9999532103543641, -0.009655160825808173, 0.0005957947872631726;
 0.009648817385452953, 0.9999048138095902, 0.009862233188841047;
 -0.0006909595233669903, -0.009856023023343456, 0.9999511895013178]
2020/03/08 15:37:16 011650	INFO [input.cpp->run:256]	frame times (ms): 34.206
2020/03/08 15:37:16 011653	INFO [input.cpp->run:257]	FPS: 29.2346
2020/03/08 15:37:16 119411	INFO [input.cpp->run:173]	
frame_id 16
2020/03/08 15:37:16 125806	INFO [input.cpp->run:235]	rotation: 
[0.9999985579190697, -0.001690710502256941, -0.0001601804563524418;
 0.001690974338466162, 0.9999971899155173, 0.001661555552911924;
 0.0001573707968084354, -0.001661824017855562, 0.9999986067867125]
2020/03/08 15:37:16 125841	INFO [input.cpp->run:256]	frame times (ms): 13.332
2020/03/08 15:37:16 125844	INFO [input.cpp->run:257]	FPS: 75.0075
2020/03/08 15:37:16 255313	INFO [input.cpp->run:173]	
frame_id 17
2020/03/08 15:37:16 260549	INFO [input.cpp->run:235]	rotation: 
[0.9999997322059555, 0.0007304707460249482, -4.472702131042479e-05;
 -0.0007304862364758938, 0.9999996728855777, -0.0003473018802285044;
 4.447331281602466e-05, 0.0003473344596965951, 0.9999999386904469]
2020/03/08 15:37:16 260585	INFO [input.cpp->run:256]	frame times (ms): 11.021
2020/03/08 15:37:16 260589	INFO [input.cpp->run:257]	FPS: 90.7359
2020/03/08 15:37:16 393715	INFO [input.cpp->run:173]	
frame_id 18
2020/03/08 15:37:16 398915	INFO [input.cpp->run:235]	rotation: 
[0.9999831931573223, 0.005758925119211345, 0.0006694657247679971;
 -0.00575696034620661, 0.9999792216773471, -0.002900624267190555;
 -0.0006861562923468805, 0.002896721429224196, 0.9999955690874355]
2020/03/08 15:37:16 398948	INFO [input.cpp->run:256]	frame times (ms): 10.801
2020/03/08 15:37:16 398952	INFO [input.cpp->run:257]	FPS: 92.584
2020/03/08 15:37:16 536353	INFO [input.cpp->run:173]	
frame_id 19
2020/03/08 15:37:16 564515	INFO [input.cpp->run:235]	rotation: 
[0.9999929915387061, 0.0036116579502993, 0.0009863064022947662;
 -0.003609246195591337, 0.9999905191678751, -0.002436168356926913;
 -0.0009950956581039048, 0.002432591460505108, 0.9999965461357442]
2020/03/08 15:37:16 564548	INFO [input.cpp->run:256]	frame times (ms): 42.039
2020/03/08 15:37:16 564551	INFO [input.cpp->run:257]	FPS: 23.7874
2020/03/08 15:37:16 673766	INFO [input.cpp->run:173]	
frame_id 20
2020/03/08 15:37:16 683171	INFO [input.cpp->run:235]	rotation: 
[0.9999910688773456, 0.004146323390206672, 0.0008186378244959917;
 -0.004144328352522685, 0.9999884746564531, -0.002423859890077191;
 -0.0008286784963706346, 0.002420445538340709, 0.9999967273623177]
2020/03/08 15:37:16 683202	INFO [input.cpp->run:256]	frame times (ms): 15.474
2020/03/08 15:37:16 683205	INFO [input.cpp->run:257]	FPS: 64.6245
2020/03/08 15:37:16 812985	INFO [input.cpp->run:173]	
frame_id 21
2020/03/08 15:37:16 852579	INFO [input.cpp->run:235]	rotation: 
[0.9999509062671584, 0.009623043454263628, 0.002362644739669855;
 -0.009608224122018196, 0.9999345843750972, -0.006205562006998856;
 -0.002422206578639263, 0.006182556532616098, 0.9999779542119973]
2020/03/08 15:37:16 852605	INFO [input.cpp->run:256]	frame times (ms): 46.152
2020/03/08 15:37:16 852607	INFO [input.cpp->run:257]	FPS: 21.6675
2020/03/08 15:37:16 949921	INFO [input.cpp->run:173]	
frame_id 22
2020/03/08 15:37:16 952895	INFO [input.cpp->run:196]	Not enough points
2020/03/08 15:37:17 088424	INFO [input.cpp->run:173]	
frame_id 23
2020/03/08 15:37:17 128441	INFO [input.cpp->run:235]	rotation: 
[0.9999868037473951, 0.005062046993254085, 0.0008763625429534838;
 -0.005058907081756834, 0.9999809066247719, -0.003548780781822207;
 -0.0008943099053209564, 0.003544300514539837, 0.9999933190495104]
2020/03/08 15:37:17 128467	INFO [input.cpp->run:256]	frame times (ms): 46.249
2020/03/08 15:37:17 128469	INFO [input.cpp->run:257]	FPS: 21.6221
2020/03/08 15:37:17 213283	INFO [input.cpp->run:173]	
frame_id 24
2020/03/08 15:37:17 226607	INFO [input.cpp->run:235]	rotation: 
[0.9999968865499094, 0.002396239240686996, 0.0006963677111385781;
 -0.002394732907787348, 0.9999948085077858, -0.002155971191169901;
 -0.0007015303187210994, 0.002154296863987417, 0.9999974334268232]
2020/03/08 15:37:17 226668	INFO [input.cpp->run:256]	frame times (ms): 19.729
2020/03/08 15:37:17 226673	INFO [input.cpp->run:257]	FPS: 50.6868
2020/03/08 15:37:17 350286	INFO [input.cpp->run:173]	
frame_id 25
2020/03/08 15:37:17 355489	INFO [input.cpp->run:235]	rotation: 
[0.9999909792828248, 0.00405688943109967, 0.001258173724471111;
 -0.004052633012853717, 0.999986118599158, -0.003367309705654947;
 -0.001271817062413424, 0.003362180413734754, 0.999993539091241]
2020/03/08 15:37:17 355524	INFO [input.cpp->run:256]	frame times (ms): 11.386
2020/03/08 15:37:17 355528	INFO [input.cpp->run:257]	FPS: 87.8272
2020/03/08 15:37:17 488071	INFO [input.cpp->run:173]	
frame_id 26
2020/03/08 15:37:17 493488	INFO [input.cpp->run:235]	rotation: 
[0.9999984548979147, 0.0014435625349218, 0.00100315950423197;
 -0.001441912954816089, 0.9999976104418657, -0.001643166938929361;
 -0.001005529121355678, 0.001641717931383798, 0.9999981468349928]
2020/03/08 15:37:17 493522	INFO [input.cpp->run:256]	frame times (ms): 12.45
2020/03/08 15:37:17 493526	INFO [input.cpp->run:257]	FPS: 80.3213
2020/03/08 15:37:17 627167	INFO [input.cpp->run:173]	
frame_id 27
2020/03/08 15:37:17 634018	INFO [input.cpp->run:235]	rotation: 
[0.9999958638006171, 0.002857401177175919, 0.000328085614438603;
 -0.002856840608449332, 0.999994480080295, -0.001696546692053843;
 -0.0003329315179473635, 0.001695602386492086, 0.9999985070434612]
2020/03/08 15:37:17 634053	INFO [input.cpp->run:256]	frame times (ms): 12.968
2020/03/08 15:37:17 634058	INFO [input.cpp->run:257]	FPS: 77.1129
2020/03/08 15:37:17 763946	INFO [input.cpp->run:173]	
frame_id 28
2020/03/08 15:37:17 771461	INFO [input.cpp->run:235]	rotation: 
[0.9999993117980953, 0.001167396811871082, -0.0001165676600950352;
 -0.001167347827891792, 0.9999992306981946, 0.0004194068043764964;
 0.0001170571845856301, -0.0004192704407351204, 0.9999999052549521]
2020/03/08 15:37:17 771496	INFO [input.cpp->run:256]	frame times (ms): 14.363
2020/03/08 15:37:17 771500	INFO [input.cpp->run:257]	FPS: 69.6233
2020/03/08 15:37:17 899996	INFO [input.cpp->run:173]	
frame_id 29
2020/03/08 15:37:17 902870	INFO [input.cpp->run:196]	Not enough points
2020/03/08 15:37:18 038060	INFO [input.cpp->run:173]	
frame_id 30
2020/03/08 15:37:18 040942	INFO [input.cpp->run:196]	Not enough points
2020/03/08 15:37:18 176895	INFO [input.cpp->run:173]	
frame_id 31
2020/03/08 15:37:18 179992	INFO [input.cpp->run:196]	Not enough points
2020/03/08 15:37:18 313966	INFO [input.cpp->run:173]	
frame_id 32
2020/03/08 15:37:18 354272	INFO [input.cpp->run:235]	rotation: 
[0.9999987984741513, -0.001299145019617805, -0.000845737826816767;
 0.001299660526426556, 0.9999989698351264, 0.0006092710415218428;
 0.000844945424128175, -0.000610369481536157, 0.9999994567580156]
2020/03/08 15:37:18 354299	INFO [input.cpp->run:256]	frame times (ms): 46.934
2020/03/08 15:37:18 354302	INFO [input.cpp->run:257]	FPS: 21.3065
2020/03/08 15:37:18 452567	INFO [input.cpp->run:173]	
frame_id 33
2020/03/08 15:37:18 484431	INFO [input.cpp->run:235]	rotation: 
[0.9999781070570147, 0.006439221754807111, 0.001523755184402693;
 -0.006432092605460821, 0.9999685570946936, -0.004638211581124116;
 -0.001553573746029292, 0.004628309102568288, 0.9999880825107201]
2020/03/08 15:37:18 484454	INFO [input.cpp->run:256]	frame times (ms): 38.754
2020/03/08 15:37:18 484456	INFO [input.cpp->run:257]	FPS: 25.8038
2020/03/08 15:37:18 589251	INFO [input.cpp->run:173]	
frame_id 34
2020/03/08 15:37:18 594758	INFO [input.cpp->run:235]	rotation: 
[0.9999965352708948, 0.002241899225630162, 0.00137961373870271;
 -0.002239988491721555, 0.9999965321521711, -0.001384967576768826;
 -0.001382713912150082, 0.001381872459333638, 0.9999980892635462]
2020/03/08 15:37:18 594792	INFO [input.cpp->run:256]	frame times (ms): 12.278
2020/03/08 15:37:18 594795	INFO [input.cpp->run:257]	FPS: 81.4465
2020/03/08 15:37:18 725538	INFO [input.cpp->run:173]	
frame_id 35
2020/03/08 15:37:18 728158	INFO [input.cpp->run:196]	Not enough points
2020/03/08 15:37:18 863510	INFO [input.cpp->run:173]	
frame_id 36
2020/03/08 15:37:18 866328	INFO [input.cpp->run:196]	Not enough points
2020/03/08 15:37:19 002396	INFO [input.cpp->run:173]	
frame_id 37
2020/03/08 15:37:19 045893	INFO [input.cpp->run:235]	rotation: 
[0.9999499520644427, -0.008755905513652544, -0.00484019472280172;
 0.0087680656479438, 0.9999584425480001, 0.002496838355058817;
 0.004818131495922098, -0.002539152538532083, 0.9999851690466585]
2020/03/08 15:37:19 045920	INFO [input.cpp->run:256]	frame times (ms): 50.318
2020/03/08 15:37:19 045922	INFO [input.cpp->run:257]	FPS: 19.8736
2020/03/08 15:37:19 139293	INFO [input.cpp->run:173]	
frame_id 38
2020/03/08 15:37:19 144059	INFO [input.cpp->run:235]	rotation: 
[0.9999930305262544, 0.003647814279755753, 0.0007952043121235579;
 -0.003646032246489267, 0.9999908644500645, -0.002231023368394707;
 -0.0008033354063965546, 0.002228108478771365, 0.9999971950884821]
2020/03/08 15:37:19 144092	INFO [input.cpp->run:256]	frame times (ms): 11.235
2020/03/08 15:37:19 144095	INFO [input.cpp->run:257]	FPS: 89.0076
2020/03/08 15:37:19 275172	INFO [input.cpp->run:173]	
frame_id 39
2020/03/08 15:37:19 277977	INFO [input.cpp->run:196]	Not enough points
2020/03/08 15:37:19 412977	INFO [input.cpp->run:173]	
frame_id 40
2020/03/08 15:37:19 415993	INFO [input.cpp->run:196]	Not enough points
2020/03/08 15:37:19 549186	INFO [input.cpp->run:173]	
frame_id 41
2020/03/08 15:37:19 552183	INFO [input.cpp->run:196]	Not enough points
2020/03/08 15:37:19 687477	INFO [input.cpp->run:173]	
frame_id 42
2020/03/08 15:37:19 690358	INFO [input.cpp->run:196]	Not enough points
2020/03/08 15:37:19 823903	INFO [input.cpp->run:173]	
frame_id 43
2020/03/08 15:37:19 838492	INFO [input.cpp->run:235]	rotation: 
[0.9999999202921009, -0.0001814036559884579, 0.0003556803415754506;
 0.0001815297877869438, 0.9999999206454322, -0.0003546210166630112;
 -0.0003556159838016778, 0.0003546855549738412, 0.9999998738677066]
2020/03/08 15:37:19 838529	INFO [input.cpp->run:256]	frame times (ms): 21.171
2020/03/08 15:37:19 838532	INFO [input.cpp->run:257]	FPS: 47.2344
2020/03/08 15:37:19 962301	INFO [input.cpp->run:173]	
frame_id 44
2020/03/08 15:37:19 968700	INFO [input.cpp->run:235]	rotation: 
[0.9999952256240446, 0.003056974955710675, 0.0004512573946747613;
 -0.003056338137926891, 0.9999943420677584, -0.001405215164162955;
 -0.0004555505490552298, 0.001403829259952097, 0.99999891086796]
2020/03/08 15:37:19 968734	INFO [input.cpp->run:256]	frame times (ms): 13.542
2020/03/08 15:37:19 968738	INFO [input.cpp->run:257]	FPS: 73.8443
2020/03/08 15:37:20 098916	INFO [input.cpp->run:173]	
frame_id 45
2020/03/08 15:37:20 101760	INFO [input.cpp->run:196]	Not enough points
2020/03/08 15:37:20 237550	INFO [input.cpp->run:173]	
frame_id 46
2020/03/08 15:37:20 259446	INFO [input.cpp->run:235]	rotation: 
[0.9999987225381421, -0.000185276873270997, 0.001587638045687255;
 0.0001836366059645278, 0.9999994493535268, 0.001033232906976714;
 -0.00158782860562233, -0.001032940038598875, 0.9999982059159885]
2020/03/08 15:37:20 259466	INFO [input.cpp->run:256]	frame times (ms): 27.674
2020/03/08 15:37:20 259468	INFO [input.cpp->run:257]	FPS: 36.135
2020/03/08 15:37:20 372389	INFO [input.cpp->run:173]	
frame_id 47
2020/03/08 15:37:20 374736	INFO [input.cpp->run:196]	Not enough points
2020/03/08 15:37:20 509275	INFO [input.cpp->run:173]	
frame_id 48
2020/03/08 15:37:20 548338	INFO [input.cpp->run:235]	rotation: 
[0.9999999445989217, 0.000244842499555035, 0.0002255089883453282;
 -0.000244920973608953, 0.9999999094463226, 0.0003480245155483348;
 -0.0002254237567323668, -0.0003480797281483844, 0.9999999140123127]
2020/03/08 15:37:20 548365	INFO [input.cpp->run:256]	frame times (ms): 45.944
2020/03/08 15:37:20 548368	INFO [input.cpp->run:257]	FPS: 21.7656
2020/03/08 15:37:20 647694	INFO [input.cpp->run:173]	
frame_id 49
2020/03/08 15:37:20 650537	INFO [input.cpp->run:196]	Not enough points
2020/03/08 15:37:20 784252	INFO [input.cpp->run:173]	
frame_id 50
2020/03/08 15:37:20 799430	INFO [input.cpp->run:235]	rotation: 
[0.9999954721211611, -0.002568894296909627, -0.001567328704290956;
 0.002574229284179221, 0.9999908677920443, 0.003411403832258636;
 0.001558550855270148, -0.003415423049283934, 0.999992952877482]
2020/03/08 15:37:20 799465	INFO [input.cpp->run:256]	frame times (ms): 21.617
2020/03/08 15:37:20 799469	INFO [input.cpp->run:257]	FPS: 46.2599
2020/03/08 15:37:20 922638	INFO [input.cpp->run:173]	
frame_id 51
2020/03/08 15:37:20 925517	INFO [input.cpp->run:196]	Not enough points
2020/03/08 15:37:21 059106	INFO [input.cpp->run:173]	
frame_id 52
2020/03/08 15:37:21 064370	INFO [input.cpp->run:235]	rotation: 
[0.9999820295834642, -0.005878786111919218, -0.001174897436443094;
 0.005883807043711094, 0.9999733729103913, 0.004316744709588807;
 0.001149488933496341, -0.004323580005700479, 0.9999899926154892]
2020/03/08 15:37:21 064404	INFO [input.cpp->run:256]	frame times (ms): 10.81
2020/03/08 15:37:21 064408	INFO [input.cpp->run:257]	FPS: 92.5069
2020/03/08 15:37:21 197993	INFO [input.cpp->run:173]	
frame_id 53
2020/03/08 15:37:21 206460	INFO [input.cpp->run:235]	rotation: 
[0.9999867782568955, 0.0050855294919997, 0.0007620375189980191;
 -0.005083178329380419, 0.9999824103969867, -0.003056173212430043;
 -0.0007775663740650511, 0.0030522592318902, 0.9999950395397545]
2020/03/08 15:37:21 206496	INFO [input.cpp->run:256]	frame times (ms): 15.259
2020/03/08 15:37:21 206502	INFO [input.cpp->run:257]	FPS: 65.5351
2020/03/08 15:37:21 324919	INFO [input.cpp->run:173]	
frame_id 54
2020/03/08 15:37:21 328896	INFO [input.cpp->run:235]	rotation: 
[0.9997891604720371, -0.02034821066723678, -0.002754074302008268;
 0.02037826902581866, 0.9997277368590003, 0.01136566347790099;
 0.002522053554267008, -0.01141939041382174, 0.9999316160460405]
2020/03/08 15:37:21 328913	INFO [input.cpp->run:256]	frame times (ms): 7.631
2020/03/08 15:37:21 328915	INFO [input.cpp->run:257]	FPS: 131.044
2020/03/08 15:37:21 463378	INFO [input.cpp->run:173]	
frame_id 55
2020/03/08 15:37:21 474974	INFO [input.cpp->run:235]	rotation: 
[0.9999993837415969, 0.001016997410258479, 0.000445233302920827;
 -0.001016786536147984, 0.9999993709255361, -0.0004735965285132938;
 -0.0004457146692789311, 0.0004731435294275988, 0.9999997887367947]
2020/03/08 15:37:21 475005	INFO [input.cpp->run:256]	frame times (ms): 18.069
2020/03/08 15:37:21 475008	INFO [input.cpp->run:257]	FPS: 55.3434
2020/03/08 15:37:21 602429	INFO [input.cpp->run:173]	
frame_id 56
2020/03/08 15:37:21 610897	INFO [input.cpp->run:235]	rotation: 
[0.9999773893868447, 0.006724455783322143, 4.908654685580119e-05;
 -0.006724252002604208, 0.9999717046141778, -0.003372596332340437;
 -7.176403284483693e-05, 0.003372190005558441, 0.9999943115760659]
2020/03/08 15:37:21 610932	INFO [input.cpp->run:256]	frame times (ms): 15.317
2020/03/08 15:37:21 610936	INFO [input.cpp->run:257]	FPS: 65.2869
2020/03/08 15:37:21 739427	INFO [input.cpp->run:173]	
frame_id 57
2020/03/08 15:37:21 777910	INFO [input.cpp->run:235]	rotation: 
[0.9999843531414848, 0.005511561350010527, 0.0009571644014038503;
 -0.005508700306872803, 0.9999804270704178, -0.002966428322732991;
 -0.0009734953185835748, 0.002961109175616989, 0.9999951420578576]
2020/03/08 15:37:21 777938	INFO [input.cpp->run:256]	frame times (ms): 45.521
2020/03/08 15:37:21 777940	INFO [input.cpp->run:257]	FPS: 21.9679
2020/03/08 15:37:21 872681	INFO [input.cpp->run:173]	
frame_id 58
2020/03/08 15:37:21 888510	INFO [input.cpp->run:235]	rotation: 
[0.9999992874051575, 0.0008316629868666416, -0.0008564612387179112;
 -0.0008323131458038089, 0.9999993655517931, -0.0007590460056034546;
 0.0008558294248694247, 0.0007597583086590421, 0.9999993451614396]
2020/03/08 15:37:21 888538	INFO [input.cpp->run:256]	frame times (ms): 23.841
2020/03/08 15:37:21 888541	INFO [input.cpp->run:257]	FPS: 41.9445
2020/03/08 15:37:22 009342	INFO [input.cpp->run:173]	
frame_id 59
2020/03/08 15:37:22 018825	INFO [input.cpp->run:235]	rotation: 
[0.9999761524658625, 0.006813772993427294, 0.001125609685560215;
 -0.006807727362838032, 0.9999628334682591, -0.00529022970049171;
 -0.001161614274814346, 0.005282440697702069, 0.9999853731293032]
2020/03/08 15:37:22 018854	INFO [input.cpp->run:256]	frame times (ms): 16.158
2020/03/08 15:37:22 018857	INFO [input.cpp->run:257]	FPS: 61.8888
2020/03/08 15:37:22 147680	INFO [input.cpp->run:173]	
frame_id 60
2020/03/08 15:37:22 151542	INFO [input.cpp->run:196]	Not enough points
2020/03/08 15:37:22 287282	INFO [input.cpp->run:173]	
frame_id 61
2020/03/08 15:37:22 290203	INFO [input.cpp->run:196]	Not enough points
2020/03/08 15:37:22 413925	INFO [input.cpp->run:173]	
frame_id 62
2020/03/08 15:37:22 415291	INFO [input.cpp->run:196]	Not enough points
2020/03/08 15:37:22 541869	INFO [input.cpp->run:173]	
frame_id 63
2020/03/08 15:37:22 543171	INFO [input.cpp->run:196]	Not enough points
2020/03/08 15:37:22 682201	INFO [input.cpp->run:173]	
frame_id 64
2020/03/08 15:37:22 685182	INFO [input.cpp->run:196]	Not enough points
2020/03/08 15:37:22 791559	INFO [input.cpp->run:173]	
frame_id 65
2020/03/08 15:37:22 794472	INFO [input.cpp->run:235]	rotation: 
[0.999980507537966, -0.006197450784863852, -0.0007590440574068222;
 0.006200425897176385, 0.9999728487997048, 0.003982007294863786;
 0.0007343451542146995, -0.003986636072168414, 0.9999917837012575]
2020/03/08 15:37:22 794494	INFO [input.cpp->run:256]	frame times (ms): 6.163
2020/03/08 15:37:22 794498	INFO [input.cpp->run:257]	FPS: 162.259
2020/03/08 15:37:22 929525	INFO [input.cpp->run:173]	
frame_id 66
2020/03/08 15:37:22 932467	INFO [input.cpp->run:196]	Not enough points
2020/03/08 15:37:23 068001	INFO [input.cpp->run:173]	
frame_id 67
2020/03/08 15:37:23 070951	INFO [input.cpp->run:196]	Not enough points
2020/03/08 15:37:23 204897	INFO [input.cpp->run:173]	
frame_id 68
2020/03/08 15:37:23 207766	INFO [input.cpp->run:196]	Not enough points
2020/03/08 15:37:23 343378	INFO [input.cpp->run:173]	
frame_id 69
2020/03/08 15:37:23 346274	INFO [input.cpp->run:196]	Not enough points
2020/03/08 15:37:23 480009	INFO [input.cpp->run:173]	
frame_id 70
2020/03/08 15:37:23 482793	INFO [input.cpp->run:196]	Not enough points
2020/03/08 15:37:23 618328	INFO [input.cpp->run:173]	
frame_id 71
2020/03/08 15:37:23 621256	INFO [input.cpp->run:196]	Not enough points
2020/03/08 15:37:23 754961	INFO [input.cpp->run:173]	
frame_id 72
2020/03/08 15:37:23 757773	INFO [input.cpp->run:196]	Not enough points
2020/03/08 15:37:23 893339	INFO [input.cpp->run:173]	
frame_id 73
2020/03/08 15:37:23 896279	INFO [input.cpp->run:196]	Not enough points
2020/03/08 15:37:24 032303	INFO [input.cpp->run:173]	
frame_id 74
2020/03/08 15:37:24 038959	INFO [input.cpp->run:235]	rotation: 
[0.9999992501039231, -0.001203306680038772, -0.0002276941482914792;
 0.001203429056091723, 0.9999991311103361, 0.0005380864983965204;
 0.0002270464673724281, -0.0005383601086415223, 0.999999829309133]
2020/03/08 15:37:24 038995	INFO [input.cpp->run:256]	frame times (ms): 13.275
2020/03/08 15:37:24 038999	INFO [input.cpp->run:257]	FPS: 75.3296
2020/03/08 15:37:24 169659	INFO [input.cpp->run:173]	
frame_id 75
2020/03/08 15:37:24 175505	INFO [input.cpp->run:235]	rotation: 
[0.999988722004052, -0.004699046284840689, -0.0006890781636844043;
 0.004701062488740195, 0.9999845864979983, 0.002954112033153911;
 0.0006751860334023541, -0.002957318116197478, 0.9999953991861062]
2020/03/08 15:37:24 175538	INFO [input.cpp->run:256]	frame times (ms): 12.247
2020/03/08 15:37:24 175542	INFO [input.cpp->run:257]	FPS: 81.6526
2020/03/08 15:37:24 308192	INFO [input.cpp->run:173]	
frame_id 76
2020/03/08 15:37:24 311002	INFO [input.cpp->run:196]	Not enough points
2020/03/08 15:37:24 444471	INFO [input.cpp->run:173]	
frame_id 77
2020/03/08 15:37:24 448617	INFO [input.cpp->run:235]	rotation: 
[0.9999993223651303, -0.001062840161949841, -0.0004750158631552387;
 0.001064090697891099, 0.9999959486083284, 0.002640166266757266;
 0.000472207863937392, -0.002640669937649877, 0.9999964019345338]
2020/03/08 15:37:24 448635	INFO [input.cpp->run:256]	frame times (ms): 10.544
2020/03/08 15:37:24 448637	INFO [input.cpp->run:257]	FPS: 94.8407
2020/03/08 15:37:24 583168	INFO [input.cpp->run:173]	
frame_id 78
2020/03/08 15:37:24 588812	INFO [input.cpp->run:235]	rotation: 
[0.9999967375338042, -0.002508210025409342, -0.0004835330559401108;
 0.002509973053543303, 0.9999900762673695, 0.003680679563746693;
 0.0004742963401052369, -0.003681881210594947, 0.999993109373126]
2020/03/08 15:37:24 588844	INFO [input.cpp->run:256]	frame times (ms): 11.758
2020/03/08 15:37:24 588847	INFO [input.cpp->run:257]	FPS: 85.0485
2020/03/08 15:37:24 722395	INFO [input.cpp->run:173]	
frame_id 79
2020/03/08 15:37:24 726728	INFO [input.cpp->run:235]	rotation: 
[0.9999999356352982, 0.0001806352987397602, 0.0003100004648271107;
 -0.0001808181094390724, 0.9999998097295827, 0.0005897843755305682;
 -0.0003098938699663269, -0.000589840391267248, 0.9999997780270264]
2020/03/08 15:37:24 726771	INFO [input.cpp->run:256]	frame times (ms): 10.821
2020/03/08 15:37:24 726779	INFO [input.cpp->run:257]	FPS: 92.4129
2020/03/08 15:37:24 859264	INFO [input.cpp->run:173]	
frame_id 80
2020/03/08 15:37:24 863905	INFO [input.cpp->run:235]	rotation: 
[0.9999961749759471, -0.002722881015379191, -0.000485749370642582;
 0.002723591131577421, 0.9999952145642645, 0.001467276360673167;
 0.0004817518271733936, -0.001468593730983847, 0.9999988055731018]
2020/03/08 15:37:24 863922	INFO [input.cpp->run:256]	frame times (ms): 11.667
2020/03/08 15:37:24 863924	INFO [input.cpp->run:257]	FPS: 85.7118
2020/03/08 15:37:24 998059	INFO [input.cpp->run:173]	
frame_id 81
2020/03/08 15:37:25 004181	INFO [input.cpp->run:235]	rotation: 
[0.9999982755011623, -0.001806638451737257, 0.0004301769476556215;
 0.001806102194215286, 0.9999975955502515, 0.001243739755584715;
 -0.0004324229013831615, -0.00124296066722789, 0.9999991340292321]
2020/03/08 15:37:25 004216	INFO [input.cpp->run:256]	frame times (ms): 12.963
2020/03/08 15:37:25 004221	INFO [input.cpp->run:257]	FPS: 77.1426
2020/03/08 15:37:25 135247	INFO [input.cpp->run:173]	
frame_id 82
2020/03/08 15:37:25 140012	INFO [input.cpp->run:235]	rotation: 
[0.9999987221978991, 0.001549815769214373, 0.0003920123092910727;
 -0.001550097361777247, 0.9999985400852487, 0.0007190448805577834;
 -0.0003908973498918584, -0.0007196516190071407, 0.9999996646503483]
2020/03/08 15:37:25 140044	INFO [input.cpp->run:256]	frame times (ms): 10.28
2020/03/08 15:37:25 140047	INFO [input.cpp->run:257]	FPS: 97.2763
2020/03/08 15:37:25 273323	INFO [input.cpp->run:173]	
frame_id 83
2020/03/08 15:37:25 312364	INFO [input.cpp->run:235]	rotation: 
[0.6029347245675358, -0.1557356353521697, 0.7824424130836253;
 -0.1561064497277958, -0.9848331209098534, -0.0757264835598568;
 0.7823685156395633, -0.0764861807153039, -0.6181014236316984]
2020/03/08 15:37:25 312390	INFO [input.cpp->run:256]	frame times (ms): 46.084
2020/03/08 15:37:25 312392	INFO [input.cpp->run:257]	FPS: 21.6995
2020/03/08 15:37:25 396451	INFO [input.cpp->run:173]	
frame_id 84
2020/03/08 15:37:25 402395	INFO [input.cpp->run:235]	rotation: 
[0.999993748355784, 0.003462025209986821, 0.000719465631110663;
 -0.003461732819239818, 0.9999939252587871, -0.0004072485870988687;
 -0.0007208711654184103, 0.0004047554433380638, 0.9999996582588386]
2020/03/08 15:37:25 402448	INFO [input.cpp->run:256]	frame times (ms): 14.618
2020/03/08 15:37:25 402454	INFO [input.cpp->run:257]	FPS: 68.4088
2020/03/08 15:37:25 533357	INFO [input.cpp->run:173]	
frame_id 85
2020/03/08 15:37:25 540127	INFO [input.cpp->run:235]	rotation: 
[0.9999941877255696, -0.003172557998683217, -0.001248755709991241;
 0.003175392516762729, 0.9999923717954555, 0.002274474282999086;
 0.001241530282647931, -0.002278426352667139, 0.9999966336822903]
2020/03/08 15:37:25 540162	INFO [input.cpp->run:256]	frame times (ms): 13.39
2020/03/08 15:37:25 540166	INFO [input.cpp->run:257]	FPS: 74.6826
2020/03/08 15:37:25 669702	INFO [input.cpp->run:173]	
frame_id 86
2020/03/08 15:37:25 673912	INFO [input.cpp->run:235]	rotation: 
[0.9999897311085911, -0.004155144094942305, -0.001808992791003882;
 0.004159485033697227, 0.9999884631962787, 0.002402531706186831;
 0.001798989055577245, -0.00241003151328988, 0.9999954776830158]
2020/03/08 15:37:25 673946	INFO [input.cpp->run:256]	frame times (ms): 11.41
2020/03/08 15:37:25 673949	INFO [input.cpp->run:257]	FPS: 87.6424
2020/03/08 15:37:25 805412	INFO [input.cpp->run:173]	
frame_id 87
2020/03/08 15:37:25 810134	INFO [input.cpp->run:235]	rotation: 
[0.999996047442015, 0.002802490417038677, 0.0002261588152558866;
 -0.002801919615187836, 0.9999929846614767, -0.002485935297144281;
 -0.0002331240385228626, 0.002485291792520259, 0.9999968844840911]
2020/03/08 15:37:25 810166	INFO [input.cpp->run:256]	frame times (ms): 10.461
2020/03/08 15:37:25 810169	INFO [input.cpp->run:257]	FPS: 95.5932
2020/03/08 15:37:25 943233	INFO [input.cpp->run:173]	
frame_id 88
2020/03/08 15:37:25 948822	INFO [input.cpp->run:235]	rotation: 
[0.9999837494311956, 0.005693604867157128, 0.0002893737108881405;
 -0.005692235756952743, 0.9999735371665313, -0.004530277998452724;
 -0.0003151596661013843, 0.004528557195474167, 0.9999896963689737]
2020/03/08 15:37:25 948853	INFO [input.cpp->run:256]	frame times (ms): 12.327
2020/03/08 15:37:25 948859	INFO [input.cpp->run:257]	FPS: 81.1227
2020/03/08 15:37:26 082599	INFO [input.cpp->run:173]	
frame_id 89
2020/03/08 15:37:26 090040	INFO [input.cpp->run:235]	rotation: 
[0.9999822962975071, 0.005946789608591766, -0.000206845149633666;
 -0.005947688580075539, 0.9999714664563515, -0.00465738914933219;
 0.0001791427342121437, 0.004658536946834617, 0.999989132911651]
2020/03/08 15:37:26 090073	INFO [input.cpp->run:256]	frame times (ms): 13.257
2020/03/08 15:37:26 090077	INFO [input.cpp->run:257]	FPS: 75.4318
2020/03/08 15:37:26 219476	INFO [input.cpp->run:173]	
frame_id 90
2020/03/08 15:37:26 224523	INFO [input.cpp->run:235]	rotation: 
[0.9999911360084316, -0.003325041344519567, -0.002583022381554813;
 0.003331184298163795, 0.9999916251913581, 0.002377553010588546;
 0.002575095287177655, -0.002386136459577947, 0.9999938375995415]
2020/03/08 15:37:26 224558	INFO [input.cpp->run:256]	frame times (ms): 11.467
2020/03/08 15:37:26 224562	INFO [input.cpp->run:257]	FPS: 87.2068
2020/03/08 15:37:26 357859	INFO [input.cpp->run:173]	
frame_id 91
2020/03/08 15:37:26 367697	INFO [input.cpp->run:235]	rotation: 
[0.9999885966284036, -0.002256467489943337, -0.004208915254899715;
 0.002263959765449675, 0.9999958598226837, 0.001776182330748351;
 0.004204889931558705, -0.001785690891074491, 0.9999895650499084]
2020/03/08 15:37:26 367731	INFO [input.cpp->run:256]	frame times (ms): 16.471
2020/03/08 15:37:26 367735	INFO [input.cpp->run:257]	FPS: 60.7128
2020/03/08 15:37:26 494820	INFO [input.cpp->run:173]	
frame_id 92
2020/03/08 15:37:26 501229	INFO [input.cpp->run:235]	rotation: 
[0.9999850535941287, -0.003998441494678016, -0.003728948103847341;
 0.004008539983476294, 0.999988308296634, 0.002704602972138432;
 0.003718090309341815, -0.002719510185615269, 0.9999893899781147]
2020/03/08 15:37:26 501263	INFO [input.cpp->run:256]	frame times (ms): 12.666
2020/03/08 15:37:26 501268	INFO [input.cpp->run:257]	FPS: 78.9515
2020/03/08 15:37:26 633347	INFO [input.cpp->run:173]	
frame_id 93
2020/03/08 15:37:26 641472	INFO [input.cpp->run:235]	rotation: 
[0.9999901277098611, 0.003111298317409149, -0.003172428974110363;
 -0.003116925236560398, 0.9999935753947696, -0.001770295527574469;
 0.003166900675010324, 0.001780166274633989, 0.9999934008523003]
2020/03/08 15:37:26 641506	INFO [input.cpp->run:256]	frame times (ms): 15.012
2020/03/08 15:37:26 641509	INFO [input.cpp->run:257]	FPS: 66.6134
2020/03/08 15:37:26 763729	INFO [input.cpp->run:173]	
frame_id 94
2020/03/08 15:37:26 772505	INFO [input.cpp->run:235]	rotation: 
[0.9999822379438075, 0.004672945182979423, -0.003699645957563486;
 -0.004683139013790277, 0.9999852486157018, -0.002751501402971104;
 0.003686733767437224, 0.002768778486969648, 0.9999893708734199]
2020/03/08 15:37:26 772566	INFO [input.cpp->run:256]	frame times (ms): 17.773
2020/03/08 15:37:26 772578	INFO [input.cpp->run:257]	FPS: 56.2651
2020/03/08 15:37:26 900158	INFO [input.cpp->run:173]	
frame_id 95
2020/03/08 15:37:26 939329	INFO [input.cpp->run:235]	rotation: 
[0.6104749095264727, -0.03316830001668139, -0.7913407917658791;
 -0.362541350768911, 0.8766074458669728, -0.3164224309893908;
 0.7041904244032992, 0.4800617144957363, 0.5231219709151164]
2020/03/08 15:37:26 939355	INFO [input.cpp->run:256]	frame times (ms): 44.769
2020/03/08 15:37:26 939357	INFO [input.cpp->run:257]	FPS: 22.3369
2020/03/08 15:37:27 018227	INFO [input.cpp->run:173]	
frame_id 96
2020/03/08 15:37:27 026422	INFO [input.cpp->run:235]	rotation: 
[0.9999722110360028, 0.005373254292382597, -0.005167716524479597;
 -0.00539298493528951, 0.9999781929672734, -0.00381173233508468;
 0.005147122424785318, 0.003839495828358418, 0.9999793824887233]
2020/03/08 15:37:27 026462	INFO [input.cpp->run:256]	frame times (ms): 15.187
2020/03/08 15:37:27 026467	INFO [input.cpp->run:257]	FPS: 65.8458
2020/03/08 15:37:27 154618	INFO [input.cpp->run:173]	
frame_id 97
2020/03/08 15:37:27 170532	INFO [input.cpp->run:235]	rotation: 
[0.9998732306315661, 0.01361470933668034, -0.008256049665110636;
 -0.01363546312603033, 0.9999039999984696, -0.002462708346375082;
 0.008221728026013236, 0.002574971211168666, 0.9999628856670271]
2020/03/08 15:37:27 170567	INFO [input.cpp->run:256]	frame times (ms): 22.35
2020/03/08 15:37:27 170571	INFO [input.cpp->run:257]	FPS: 44.7427
2020/03/08 15:37:27 292750	INFO [input.cpp->run:173]	
frame_id 98
2020/03/08 15:37:27 306784	INFO [input.cpp->run:235]	rotation: 
[0.9999546657162547, 0.004064771131421407, -0.00861069961980028;
 -0.004065276344611207, 0.9999917358824598, -4.11707016325518e-05;
 0.008610461110487064, 7.617370866320879e-05, 0.9999629263912893]
2020/03/08 15:37:27 306815	INFO [input.cpp->run:256]	frame times (ms): 20.784
2020/03/08 15:37:27 306818	INFO [input.cpp->run:257]	FPS: 48.1139
2020/03/08 15:37:27 429193	INFO [input.cpp->run:173]	
frame_id 99
2020/03/08 15:37:27 451687	INFO [input.cpp->run:235]	rotation: 
[0.9999234299846487, 0.007429733994303569, -0.009896121488207744;
 -0.007493209464656519, 0.9999514919516939, -0.006392617265268069;
 0.009848146000860218, 0.006466281493664761, 0.9999305982036906]
2020/03/08 15:37:27 451721	INFO [input.cpp->run:256]	frame times (ms): 29.572
2020/03/08 15:37:27 451724	INFO [input.cpp->run:257]	FPS: 33.8158
2020/03/08 15:37:27 565062	INFO [input.cpp->run:173]	
frame_id 100
2020/03/08 15:37:27 571708	INFO [input.cpp->run:235]	rotation: 
[0.999942005108242, 0.004082201197433515, -0.009966045027595464;
 -0.004127323149803809, 0.9999813069303088, -0.004511207551035382;
 0.009947443074754512, 0.004552079012396144, 0.9999401616861578]
2020/03/08 15:37:27 571741	INFO [input.cpp->run:256]	frame times (ms): 12.708
2020/03/08 15:37:27 571745	INFO [input.cpp->run:257]	FPS: 78.6906
2020/03/08 15:37:27 703394	INFO [input.cpp->run:173]	
frame_id 101
2020/03/08 15:37:27 720815	INFO [input.cpp->run:235]	rotation: 
[0.999845698150216, -0.0095077849653356, -0.01477098221379638;
 0.009662384214746264, 0.9998989159103089, 0.01043054613506332;
 0.01467031771278226, -0.0105716595878793, 0.9998364975293531]
2020/03/08 15:37:27 720852	INFO [input.cpp->run:256]	frame times (ms): 24.061
2020/03/08 15:37:27 720856	INFO [input.cpp->run:257]	FPS: 41.561
2020/03/08 15:37:27 842045	INFO [input.cpp->run:173]	
frame_id 102
2020/03/08 15:37:27 874274	INFO [input.cpp->run:235]	rotation: 
[0.99990857816642, 0.007874287731035034, -0.01099231103713966;
 -0.007920502044050015, 0.9999599498449695, -0.004167055725120793;
 0.01095905819760762, 0.00425373938728427, 0.9999308999849172]
2020/03/08 15:37:27 874293	INFO [input.cpp->run:256]	frame times (ms): 38.611
2020/03/08 15:37:27 874295	INFO [input.cpp->run:257]	FPS: 25.8994
2020/03/08 15:37:27 958991	INFO [input.cpp->run:173]	
frame_id 103
2020/03/08 15:37:27 979343	INFO [input.cpp->run:235]	rotation: 
[0.9998863581514059, 0.003476729195788123, -0.01466912188297724;
 -0.00348221816444116, 0.9999938762777408, -0.0003486598249293736;
 0.01466781985755631, 0.0003997012852596428, 0.9998923418546163]
2020/03/08 15:37:27 979372	INFO [input.cpp->run:256]	frame times (ms): 26.679
2020/03/08 15:37:27 979374	INFO [input.cpp->run:257]	FPS: 37.4827
2020/03/08 15:37:28 097741	INFO [input.cpp->run:173]	
frame_id 104
2020/03/08 15:37:28 120516	INFO [input.cpp->run:235]	rotation: 
[0.9998694194592986, 0.008307608709313938, -0.01386101250479727;
 -0.008362851121163837, 0.9999572991078589, -0.003932261695404633;
 0.0138277529356893, 0.004047665802512477, 0.999896199437872]
2020/03/08 15:37:28 120552	INFO [input.cpp->run:256]	frame times (ms): 28.714
2020/03/08 15:37:28 120556	INFO [input.cpp->run:257]	FPS: 34.8262
2020/03/08 15:37:28 225700	INFO [input.cpp->run:173]	
frame_id 105
2020/03/08 15:37:28 246597	INFO [input.cpp->run:235]	rotation: 
[0.9998916407782685, 0.007898783010788406, -0.01242239625396482;
 -0.00792900009455655, 0.9999657205378589, -0.002385100983436425;
 0.01240313102577575, 0.002483339716822415, 0.9999199944818626]
2020/03/08 15:37:28 246618	INFO [input.cpp->run:256]	frame times (ms): 24.179
2020/03/08 15:37:28 246620	INFO [input.cpp->run:257]	FPS: 41.3582
2020/03/08 15:37:28 363237	INFO [input.cpp->run:173]	
frame_id 106
2020/03/08 15:37:28 373004	INFO [input.cpp->run:235]	rotation: 
[0.9999294157326493, 0.009005028038078801, -0.007750678847436133;
 -0.009041220671111084, 0.9999483281054797, -0.004647305437781886;
 0.007708429239407527, 0.004717053008942988, 0.9999591639309937]
2020/03/08 15:37:28 373037	INFO [input.cpp->run:256]	frame times (ms): 16.85
2020/03/08 15:37:28 373040	INFO [input.cpp->run:257]	FPS: 59.3472
2020/03/08 15:37:28 503048	INFO [input.cpp->run:173]	
frame_id 107
2020/03/08 15:37:28 525674	INFO [input.cpp->run:235]	rotation: 
[0.9998906519727807, 0.01176137517837406, -0.008964047710771257;
 -0.01183167626727352, 0.9998993438619922, -0.007830298912813295;
 0.008871050341075361, 0.007935502395632883, 0.9999291636248915]
2020/03/08 15:37:28 525711	INFO [input.cpp->run:256]	frame times (ms): 30.372
2020/03/08 15:37:28 525715	INFO [input.cpp->run:257]	FPS: 32.9251
2020/03/08 15:37:28 640120	INFO [input.cpp->run:173]	
frame_id 108
2020/03/08 15:37:28 649681	INFO [input.cpp->run:235]	rotation: 
[0.9996602215161049, 0.01542893685260646, -0.02100927000088935;
 -0.01552744167846773, 0.9998691639604664, -0.004533598561823711;
 0.02093657262528349, 0.004858278357223776, 0.9997690018489821]
2020/03/08 15:37:28 649714	INFO [input.cpp->run:256]	frame times (ms): 15.47
2020/03/08 15:37:28 649717	INFO [input.cpp->run:257]	FPS: 64.6412
2020/03/08 15:37:28 779087	INFO [input.cpp->run:173]	
frame_id 109
2020/03/08 15:37:28 811268	INFO [input.cpp->run:235]	rotation: 
[0.9998977122477433, 0.003954904886748569, -0.01374495431298539;
 -0.004051473828730988, 0.9999672569170827, -0.007005044863541245;
 0.01371679997464391, 0.007060015655923859, 0.9998809957076861]
2020/03/08 15:37:28 811300	INFO [input.cpp->run:256]	frame times (ms): 39.348
2020/03/08 15:37:28 811303	INFO [input.cpp->run:257]	FPS: 25.4143
2020/03/08 15:37:28 917300	INFO [input.cpp->run:173]	
frame_id 110
2020/03/08 15:37:28 926882	INFO [input.cpp->run:235]	rotation: 
[0.9998461777629229, 0.0161905833085885, -0.006744317978951783;
 -0.01626319123363618, 0.9998088337070433, -0.01085378515818391;
 0.006567299579868127, 0.01096179973770227, 0.9999183514281248]
2020/03/08 15:37:28 926915	INFO [input.cpp->run:256]	frame times (ms): 16.706
2020/03/08 15:37:28 926918	INFO [input.cpp->run:257]	FPS: 59.8587
2020/03/08 15:37:29 054449	INFO [input.cpp->run:173]	
frame_id 111
2020/03/08 15:37:29 084656	INFO [input.cpp->run:235]	rotation: 
[0.9967119195805582, -0.07853789690098958, -0.0199285753732776;
 0.07912566778676874, 0.9963932661074458, 0.03065269895188092;
 0.01744929979502858, -0.03212877224710375, 0.9993314084579534]
2020/03/08 15:37:29 084679	INFO [input.cpp->run:256]	frame times (ms): 36.972
2020/03/08 15:37:29 084681	INFO [input.cpp->run:257]	FPS: 27.0475
2020/03/08 15:37:29 190680	INFO [input.cpp->run:173]	
frame_id 112
2020/03/08 15:37:29 199336	INFO [input.cpp->run:235]	rotation: 
[0.9999522173832607, 0.008932337362409733, -0.003971939015674498;
 -0.008952426142960705, 0.9999470782958078, -0.005068991401902524;
 0.003926450872603893, 0.005104307682911282, 0.999979264298327]
2020/03/08 15:37:29 199363	INFO [input.cpp->run:256]	frame times (ms): 14.377
2020/03/08 15:37:29 199366	INFO [input.cpp->run:257]	FPS: 69.5555
2020/03/08 15:37:29 329088	INFO [input.cpp->run:173]	
frame_id 113
2020/03/08 15:37:29 367700	INFO [input.cpp->run:235]	rotation: 
[0.9998943629676147, 0.001424150169224748, -0.01446494735156533;
 -0.001401977849800943, 0.9999978270249351, 0.00154285563701737;
 0.01446711317771197, -0.001522413118541045, 0.9998941868490885]
2020/03/08 15:37:29 367724	INFO [input.cpp->run:256]	frame times (ms): 45.621
2020/03/08 15:37:29 367727	INFO [input.cpp->run:257]	FPS: 21.9197
2020/03/08 15:37:29 453583	INFO [input.cpp->run:173]	
frame_id 114
2020/03/08 15:37:29 490480	INFO [input.cpp->run:235]	rotation: 
[0.9999300428788711, 0.007384198330439205, -0.009240290215994987;
 -0.007404060711408315, 0.999970348274833, -0.002117181166310556;
 0.009224382539815532, 0.002185448724161512, 0.999955066280797]
2020/03/08 15:37:29 490504	INFO [input.cpp->run:256]	frame times (ms): 46.193
2020/03/08 15:37:29 490506	INFO [input.cpp->run:257]	FPS: 21.6483
2020/03/08 15:37:29 590117	INFO [input.cpp->run:173]	
frame_id 115
2020/03/08 15:37:29 605030	INFO [input.cpp->run:235]	rotation: 
[0.9997501304156993, 0.00741902748002023, -0.02108636443398931;
 -0.007500266605635755, 0.9999647424847579, -0.003776213478637303;
 0.02105760514960544, 0.003933423272743681, 0.9997705263942925]
2020/03/08 15:37:29 605059	INFO [input.cpp->run:256]	frame times (ms): 20.891
2020/03/08 15:37:29 605063	INFO [input.cpp->run:257]	FPS: 47.8675
2020/03/08 15:37:29 728214	INFO [input.cpp->run:173]	
frame_id 116
2020/03/08 15:37:29 737756	INFO [input.cpp->run:235]	rotation: 
[0.9997706838216792, 0.02093270158333673, -0.004516832424941955;
 -0.02098688127738187, 0.9997040742313134, -0.01230100725802015;
 0.00425800246372798, 0.01239298066389833, 0.9999141380365032]
2020/03/08 15:37:29 737792	INFO [input.cpp->run:256]	frame times (ms): 16.32
2020/03/08 15:37:29 737799	INFO [input.cpp->run:257]	FPS: 61.2745
2020/03/08 15:37:29 867642	INFO [input.cpp->run:173]	
frame_id 117
2020/03/08 15:37:29 874694	INFO [input.cpp->run:235]	rotation: 
[0.9999215893697037, 0.01102928628885852, -0.005930426318919901;
 -0.01106455687407658, 0.9999210962457052, -0.005947845321416879;
 0.005864357897167014, 0.006012996486409532, 0.9999647259677255]
2020/03/08 15:37:29 874727	INFO [input.cpp->run:256]	frame times (ms): 13.797
2020/03/08 15:37:29 874731	INFO [input.cpp->run:257]	FPS: 72.4795
2020/03/08 15:37:30 004039	INFO [input.cpp->run:173]	
frame_id 118
2020/03/08 15:37:30 013247	INFO [input.cpp->run:235]	rotation: 
[0.9999539083596591, 0.007783383167335386, -0.005621396864903788;
 -0.007796197464194762, 0.9999670524772154, -0.002261252999844045;
 0.005603611455266427, 0.002304974294967452, 0.999981643147592]
2020/03/08 15:37:30 013274	INFO [input.cpp->run:256]	frame times (ms): 16.249
2020/03/08 15:37:30 013278	INFO [input.cpp->run:257]	FPS: 61.5422
2020/03/08 15:37:30 142670	INFO [input.cpp->run:173]	
frame_id 119
2020/03/08 15:37:30 150323	INFO [input.cpp->run:235]	rotation: 
[0.9999674910518204, -0.003683210109366614, -0.007172921498100243;
 0.003717854185739444, 0.9999814602983063, 0.004822511785418412;
 0.007155026190114803, -0.004849022886848377, 0.9999626455909548]
2020/03/08 15:37:30 150357	INFO [input.cpp->run:256]	frame times (ms): 14.702
2020/03/08 15:37:30 150361	INFO [input.cpp->run:257]	FPS: 68.018
2020/03/08 15:37:30 281842	INFO [input.cpp->run:173]	
frame_id 120
2020/03/08 15:37:30 288901	INFO [input.cpp->run:235]	rotation: 
[0.9999817948594881, 0.003725373147062198, -0.004746740409138298;
 -0.003727471216862399, 0.9999929591093237, -0.0004332321615989206;
 0.004745093036396745, 0.0004509176127955252, 0.99998864031817]
2020/03/08 15:37:30 288935	INFO [input.cpp->run:256]	frame times (ms): 14.371
2020/03/08 15:37:30 288941	INFO [input.cpp->run:257]	FPS: 69.5846
2020/03/08 15:37:30 419104	INFO [input.cpp->run:173]	
frame_id 121
2020/03/08 15:37:30 422284	INFO [input.cpp->run:196]	Not enough points
2020/03/08 15:37:30 557920	INFO [input.cpp->run:173]	
frame_id 122
2020/03/08 15:37:30 560985	INFO [input.cpp->run:196]	Not enough points
2020/03/08 15:37:30 697556	INFO [input.cpp->run:173]	
frame_id 123
2020/03/08 15:37:30 700385	INFO [input.cpp->run:196]	Not enough points
2020/03/08 15:37:30 834327	INFO [input.cpp->run:173]	
frame_id 124
2020/03/08 15:37:30 837321	INFO [input.cpp->run:196]	Not enough points
2020/03/08 15:37:30 973351	INFO [input.cpp->run:173]	
frame_id 125
2020/03/08 15:37:31 012971	INFO [input.cpp->run:235]	rotation: 
[0.9999945649341377, 0.001105600882513562, -0.003106082560581607;
 -0.001105703649315284, 0.9999993882175368, -3.136865002605094e-05;
 0.003106045979127615, 3.480288635768168e-05, 0.99999517562193]
2020/03/08 15:37:31 013000	INFO [input.cpp->run:256]	frame times (ms): 46.85
2020/03/08 15:37:31 013003	INFO [input.cpp->run:257]	FPS: 21.3447
2020/03/08 15:37:31 084689	INFO [input.cpp->run:173]	
frame_id 126
2020/03/08 15:37:31 104833	INFO [input.cpp->run:235]	rotation: 
[0.9999593971165636, -0.007860514169971905, -0.004406408431182646;
 0.007877999521511901, 0.9999611073831921, 0.003964952019790456;
 0.004375070492893211, -0.003999504714818208, 0.9999824312057779]
2020/03/08 15:37:31 104852	INFO [input.cpp->run:256]	frame times (ms): 23.277
2020/03/08 15:37:31 104854	INFO [input.cpp->run:257]	FPS: 42.9609
2020/03/08 15:37:31 223317	INFO [input.cpp->run:173]	
frame_id 127
2020/03/08 15:37:31 226599	INFO [input.cpp->run:196]	Not enough points
2020/03/08 15:37:31 360050	INFO [input.cpp->run:173]	
frame_id 128
2020/03/08 15:37:31 365379	INFO [input.cpp->run:235]	rotation: 
[0.9999786874605632, 0.00643962339868602, -0.001075116334338954;
 -0.006443831820089398, 0.9999714055412309, -0.003957920081241425;
 0.001049598077203969, 0.003964763596759117, 0.9999915894613804]
2020/03/08 15:37:31 365414	INFO [input.cpp->run:256]	frame times (ms): 11.847
2020/03/08 15:37:31 365417	INFO [input.cpp->run:257]	FPS: 84.4096
2020/03/08 15:37:31 498269	INFO [input.cpp->run:173]	
frame_id 129
2020/03/08 15:37:31 501430	INFO [input.cpp->run:196]	Not enough points
2020/03/08 15:37:31 637706	INFO [input.cpp->run:173]	
frame_id 130
2020/03/08 15:37:31 644537	INFO [input.cpp->run:235]	rotation: 
[0.9999722342781515, 0.007451617064785532, -6.384263052042563e-05;
 -0.007451811121651169, 0.9999644330923316, -0.003950071054942132;
 3.440594295535842e-05, 0.003950437121592086, 0.9999921964009416]
2020/03/08 15:37:31 644571	INFO [input.cpp->run:256]	frame times (ms): 14.055
2020/03/08 15:37:31 644576	INFO [input.cpp->run:257]	FPS: 71.1491
2020/03/08 15:37:31 777301	INFO [input.cpp->run:173]	
frame_id 131
2020/03/08 15:37:31 782426	INFO [input.cpp->run:235]	rotation: 
[0.9999986780696335, 0.0008650673139152759, -0.001376777951569355;
 -0.000865106463774892, 0.9999996254077841, -2.784057992045083e-05;
 0.001376753351863361, 2.903160262222822e-05, 0.9999990518532376]
2020/03/08 15:37:31 782470	INFO [input.cpp->run:256]	frame times (ms): 10.063
2020/03/08 15:37:31 782475	INFO [input.cpp->run:257]	FPS: 99.3739
2020/03/08 15:37:31 914277	INFO [input.cpp->run:173]	
frame_id 132
2020/03/08 15:37:31 923078	INFO [input.cpp->run:235]	rotation: 
[0.9999895939341691, 0.004560904594875039, -0.0001008595663198127;
 -0.004561114132192599, 0.9999872103076731, -0.002185282350302238;
 9.089141204439845e-05, 0.00218571964210355, 0.9999976071813359]
2020/03/08 15:37:31 923107	INFO [input.cpp->run:256]	frame times (ms): 15.138
2020/03/08 15:37:31 923110	INFO [input.cpp->run:257]	FPS: 66.0589
2020/03/08 15:37:32 050554	INFO [input.cpp->run:173]	
frame_id 133
2020/03/08 15:37:32 055227	INFO [input.cpp->run:235]	rotation: 
[0.9999967126187246, 0.002518664200454183, -0.0004807102966022526;
 -0.002519110276716936, 0.9999963949443272, -0.0009296137707480502;
 0.0004783671786902385, 0.0009308216770014413, 0.999999452367774]
2020/03/08 15:37:32 055262	INFO [input.cpp->run:256]	frame times (ms): 10.094
2020/03/08 15:37:32 055267	INFO [input.cpp->run:257]	FPS: 99.0688
2020/03/08 15:37:32 188618	INFO [input.cpp->run:173]	
frame_id 134
2020/03/08 15:37:32 199062	INFO [input.cpp->run:235]	rotation: 
[0.9999803891232865, 0.006259579118097751, -0.0001975806288451369;
 -0.00626023778264644, 0.9999741719861845, -0.003530550020794869;
 0.0001754757685443583, 0.003531717685331496, 0.9999937480696796]
2020/03/08 15:37:32 199098	INFO [input.cpp->run:256]	frame times (ms): 17.516
2020/03/08 15:37:32 199103	INFO [input.cpp->run:257]	FPS: 57.0907
2020/03/08 15:37:32 327641	INFO [input.cpp->run:173]	
frame_id 135
2020/03/08 15:37:32 334774	INFO [input.cpp->run:235]	rotation: 
[0.9999966122597239, 0.002561537095623737, -0.0004625978633255854;
 -0.002561961420772527, 0.9999962958761625, -0.000919014490164965;
 0.0004602420600978394, 0.0009201965346617343, 0.9999994707076518]
2020/03/08 15:37:32 334807	INFO [input.cpp->run:256]	frame times (ms): 13.904
2020/03/08 15:37:32 334811	INFO [input.cpp->run:257]	FPS: 71.9217
2020/03/08 15:37:32 464711	INFO [input.cpp->run:173]	
frame_id 136
2020/03/08 15:37:32 471168	INFO [input.cpp->run:235]	rotation: 
[0.9999034833660021, 0.01373613679518342, 0.002083866233532315;
 -0.01372104719910504, 0.9998807222786574, -0.007090421656737566;
 -0.002181012676528875, 0.007061144486158713, 0.9999726913382437]
2020/03/08 15:37:32 471201	INFO [input.cpp->run:256]	frame times (ms): 12.892
2020/03/08 15:37:32 471207	INFO [input.cpp->run:257]	FPS: 77.5675
2020/03/08 15:37:32 603091	INFO [input.cpp->run:173]	
frame_id 137
2020/03/08 15:37:32 609128	INFO [input.cpp->run:235]	rotation: 
[0.99997502816453, 0.007042010540456004, 0.0005942515423263631;
 -0.007039407758327546, 0.9999660896796151, -0.0042739009431623;
 -0.0006243282465567873, 0.004269611037093681, 0.9999906902745808]
2020/03/08 15:37:32 609163	INFO [input.cpp->run:256]	frame times (ms): 12.954
2020/03/08 15:37:32 609167	INFO [input.cpp->run:257]	FPS: 77.1962
2020/03/08 15:37:32 730758	INFO [input.cpp->run:173]	
frame_id 138
2020/03/08 15:37:32 732175	INFO [input.cpp->run:196]	Not enough points
2020/03/08 15:37:32 868877	INFO [input.cpp->run:173]	
frame_id 139
2020/03/08 15:37:32 872244	INFO [input.cpp->run:196]	Not enough points
2020/03/08 15:37:33 007677	INFO [input.cpp->run:173]	
frame_id 140
2020/03/08 15:37:33 010673	INFO [input.cpp->run:196]	Not enough points
2020/03/08 15:37:33 144833	INFO [input.cpp->run:173]	
frame_id 141
2020/03/08 15:37:33 147779	INFO [input.cpp->run:196]	Not enough points
2020/03/08 15:37:33 282711	INFO [input.cpp->run:173]	
frame_id 142
2020/03/08 15:37:33 285801	INFO [input.cpp->run:196]	Not enough points
2020/03/08 15:37:33 421775	INFO [input.cpp->run:173]	
frame_id 143
2020/03/08 15:37:33 428154	INFO [input.cpp->run:235]	rotation: 
[0.9999988355779239, -0.001434834576333067, 0.0005197042764516356;
 0.001434301523470287, 0.9999984464760369, 0.001024609512309599;
 -0.00052117361423409, -0.001023862906596195, 0.9999993400411884]
2020/03/08 15:37:33 428189	INFO [input.cpp->run:256]	frame times (ms): 13.417
2020/03/08 15:37:33 428193	INFO [input.cpp->run:257]	FPS: 74.5323
2020/03/08 15:37:33 559100	INFO [input.cpp->run:173]	
frame_id 144
2020/03/08 15:37:33 562036	INFO [input.cpp->run:196]	Not enough points
2020/03/08 15:37:33 697594	INFO [input.cpp->run:173]	
frame_id 145
2020/03/08 15:37:33 703239	INFO [input.cpp->run:235]	rotation: 
[0.9999981412273681, 0.001637588511330397, 0.00101776503991654;
 -0.001636459305149959, 0.9999980456807845, -0.001109340143581873;
 -0.001019579693553053, 0.001107672550500747, 0.9999988667587426]
2020/03/08 15:37:33 703273	INFO [input.cpp->run:256]	frame times (ms): 12.033
2020/03/08 15:37:33 703278	INFO [input.cpp->run:257]	FPS: 83.1048
2020/03/08 15:37:33 837330	INFO [input.cpp->run:173]	
frame_id 146
2020/03/08 15:37:33 843750	INFO [input.cpp->run:235]	rotation: 
[0.9998773294918323, -0.01565287856708952, 0.0005597864288179849;
 0.01564842028483149, 0.9998513637569851, 0.007237218794969032;
 -0.0006729865312274227, -0.007227571228353843, 0.9999736543045861]
2020/03/08 15:37:33 843783	INFO [input.cpp->run:256]	frame times (ms): 12.606
2020/03/08 15:37:33 843786	INFO [input.cpp->run:257]	FPS: 79.3273
2020/03/08 15:37:33 971393	INFO [input.cpp->run:173]	
frame_id 147
2020/03/08 15:37:33 975398	INFO [input.cpp->run:235]	rotation: 
[0.9999975252313724, -0.002210708974015098, 0.0002495935954428215;
 0.002210363304062368, 0.9999966093309496, 0.00137681540819574;
 -0.0002526364873320028, -0.001376260308371866, 0.9999990210407053]
2020/03/08 15:37:33 975431	INFO [input.cpp->run:256]	frame times (ms): 9.757
2020/03/08 15:37:33 975435	INFO [input.cpp->run:257]	FPS: 102.491
2020/03/08 15:37:34 106104	INFO [input.cpp->run:173]	
frame_id 148
2020/03/08 15:37:34 110553	INFO [input.cpp->run:235]	rotation: 
[0.9999903409319782, -0.00437721896836691, -0.0003974881745996433;
 0.004378649424247505, 0.9999836712329748, 0.003672151500320792;
 0.0003814078729059238, -0.003673856492126519, 0.9999931786299894]
2020/03/08 15:37:34 110588	INFO [input.cpp->run:256]	frame times (ms): 10.488
2020/03/08 15:37:34 110592	INFO [input.cpp->run:257]	FPS: 95.3471
2020/03/08 15:37:34 242873	INFO [input.cpp->run:173]	
frame_id 149
2020/03/08 15:37:34 247636	INFO [input.cpp->run:235]	rotation: 
[0.9999773891439019, -0.006596537889582066, -0.001306479550819321;
 0.006604091115089149, 0.9999609990882952, 0.005863981828268563;
 0.001267746618611721, -0.005872477348612894, 0.9999819532513079]
2020/03/08 15:37:34 247671	INFO [input.cpp->run:256]	frame times (ms): 11.373
2020/03/08 15:37:34 247675	INFO [input.cpp->run:257]	FPS: 87.9275
2020/03/08 15:37:34 382255	INFO [input.cpp->run:173]	
frame_id 150
2020/03/08 15:37:34 385185	INFO [input.cpp->run:196]	Not enough points
2020/03/08 15:37:34 518655	INFO [input.cpp->run:173]	
frame_id 151
2020/03/08 15:37:34 521475	INFO [input.cpp->run:196]	Not enough points
2020/03/08 15:37:34 656753	INFO [input.cpp->run:173]	
frame_id 152
2020/03/08 15:37:34 659684	INFO [input.cpp->run:196]	Not enough points
2020/03/08 15:37:34 774975	INFO [input.cpp->run:173]	
frame_id 153
2020/03/08 15:37:34 777298	INFO [input.cpp->run:235]	rotation: 
[0.9999973681741311, -0.002283349456939489, -0.0002235174911505794;
 0.002283728733853464, 0.9999959275509115, 0.001711567895919985;
 0.0002196084732613123, -0.001712073844688379, 0.9999985102865248]
2020/03/08 15:37:34 777314	INFO [input.cpp->run:256]	frame times (ms): 5.474
2020/03/08 15:37:34 777316	INFO [input.cpp->run:257]	FPS: 182.682
2020/03/08 15:37:34 913324	INFO [input.cpp->run:173]	
frame_id 154
2020/03/08 15:37:34 916346	INFO [input.cpp->run:196]	Not enough points
2020/03/08 15:37:35 040518	INFO [input.cpp->run:173]	
frame_id 155
2020/03/08 15:37:35 041965	INFO [input.cpp->run:196]	Not enough points
2020/03/08 15:37:35 178503	INFO [input.cpp->run:173]	
frame_id 156
2020/03/08 15:37:35 183406	INFO [input.cpp->run:235]	rotation: 
[0.9999969312326273, -0.002337152818216252, -0.0008217311192041009;
 0.002339022518491077, 0.9999946612397388, 0.002281768103467371;
 0.0008163938914251217, -0.002283683148843826, 0.9999970591418206]
2020/03/08 15:37:35 183437	INFO [input.cpp->run:256]	frame times (ms): 11.751
2020/03/08 15:37:35 183441	INFO [input.cpp->run:257]	FPS: 85.0991
2020/03/08 15:37:35 314500	INFO [input.cpp->run:173]	
frame_id 157
2020/03/08 15:37:35 344482	INFO [input.cpp->run:235]	rotation: 
[0.9999955414589835, -0.002921182133368558, 0.0006194813136915863;
 0.002916642685032062, 0.9999697806688359, 0.007206312827511088;
 -0.0006405135456598079, -0.007204473892227676, 0.9999738423070546]
2020/03/08 15:37:35 344504	INFO [input.cpp->run:256]	frame times (ms): 36.519
2020/03/08 15:37:35 344506	INFO [input.cpp->run:257]	FPS: 27.383
2020/03/08 15:37:35 452643	INFO [input.cpp->run:173]	
frame_id 158
2020/03/08 15:37:35 458350	INFO [input.cpp->run:235]	rotation: 
[0.9999937055880462, -0.00350853612563996, -0.0005281652611452554;
 0.003510006403989639, 0.9999898945073025, 0.002809045802050157;
 0.0005183042850999956, -0.002810881984207666, 0.9999959151432264]
2020/03/08 15:37:35 458383	INFO [input.cpp->run:256]	frame times (ms): 12.695
2020/03/08 15:37:35 458387	INFO [input.cpp->run:257]	FPS: 78.7712
2020/03/08 15:37:35 589710	INFO [input.cpp->run:173]	
frame_id 159
2020/03/08 15:37:35 592511	INFO [input.cpp->run:196]	Not enough points
2020/03/08 15:37:35 727704	INFO [input.cpp->run:173]	
frame_id 160
2020/03/08 15:37:35 734059	INFO [input.cpp->run:235]	rotation: 
[0.9999961226548948, -0.002175105782449407, -0.001738847322720263;
 0.002179502295406686, 0.999994423096743, 0.002530522704179028;
 0.001733333470770486, -0.002534302714200438, 0.9999952864213071]
2020/03/08 15:37:35 734093	INFO [input.cpp->run:256]	frame times (ms): 12.091
2020/03/08 15:37:35 734098	INFO [input.cpp->run:257]	FPS: 82.7061
2020/03/08 15:37:35 867320	INFO [input.cpp->run:173]	
frame_id 161
2020/03/08 15:37:35 909096	INFO [input.cpp->run:235]	rotation: 
[0.2030949292795169, -0.2566149590541723, 0.9449345016934104;
 0.1676751543506737, 0.9599066603072486, 0.2246424850985732;
 -0.9646955438450134, 0.1128182887984499, 0.237980128158138]
2020/03/08 15:37:35 909127	INFO [input.cpp->run:256]	frame times (ms): 48.051
2020/03/08 15:37:35 909130	INFO [input.cpp->run:257]	FPS: 20.8112
2020/03/08 15:37:35 983488	INFO [input.cpp->run:173]	
frame_id 162
2020/03/08 15:37:36 023793	INFO [input.cpp->run:235]	rotation: 
[0.9999864646166163, -0.004358476769171217, -0.002841524909856335;
 0.004369686354520117, 0.9999826486813549, 0.003950718590962791;
 0.002824256490451942, -0.00396308168909665, 0.9999881587092928]
2020/03/08 15:37:36 023821	INFO [input.cpp->run:256]	frame times (ms): 45.775
2020/03/08 15:37:36 023823	INFO [input.cpp->run:257]	FPS: 21.846
2020/03/08 15:37:36 122439	INFO [input.cpp->run:173]	
frame_id 163
2020/03/08 15:37:36 125601	INFO [input.cpp->run:196]	Not enough points
2020/03/08 15:37:36 259554	INFO [input.cpp->run:173]	
frame_id 164
2020/03/08 15:37:36 299767	INFO [input.cpp->run:235]	rotation: 
[0.9999973362855722, -0.0006160491133031461, -0.002224388736323195;
 0.0006204052442764857, 0.9999978902903817, 0.001958191032237897;
 0.002223177701659794, -0.001959565838613516, 0.999995608781674]
2020/03/08 15:37:36 299794	INFO [input.cpp->run:256]	frame times (ms): 46.411
2020/03/08 15:37:36 299797	INFO [input.cpp->run:257]	FPS: 21.5466
2020/03/08 15:37:36 376693	INFO [input.cpp->run:173]	
frame_id 165
2020/03/08 15:37:36 382530	INFO [input.cpp->run:235]	rotation: 
[0.9999847630997545, 0.005226748245551967, -0.001776139382324866;
 -0.005228301863878256, 0.9999859528346731, -0.0008712020151469121;
 0.001771560878997128, 0.0008804749335718303, 0.9999980431660571]
2020/03/08 15:37:36 382546	INFO [input.cpp->run:256]	frame times (ms): 12.182
2020/03/08 15:37:36 382548	INFO [input.cpp->run:257]	FPS: 82.0883
2020/03/08 15:37:36 513738	INFO [input.cpp->run:173]	
frame_id 166
2020/03/08 15:37:36 521294	INFO [input.cpp->run:235]	rotation: 
[0.999988952129003, -0.003719435217722376, -0.002874268880910116;
 0.003734762156943538, 0.9999787376997772, 0.00534562437806485;
 0.002854325063769759, -0.005356300030941626, 0.9999815812695796]
2020/03/08 15:37:36 521328	INFO [input.cpp->run:256]	frame times (ms): 13.48
2020/03/08 15:37:36 521331	INFO [input.cpp->run:257]	FPS: 74.184
2020/03/08 15:37:36 653054	INFO [input.cpp->run:173]	
frame_id 167
2020/03/08 15:37:36 656158	INFO [input.cpp->run:196]	Not enough points
2020/03/08 15:37:36 792437	INFO [input.cpp->run:173]	
frame_id 168
2020/03/08 15:37:36 795481	INFO [input.cpp->run:196]	Not enough points
2020/03/08 15:37:36 929080	INFO [input.cpp->run:173]	
frame_id 169
2020/03/08 15:37:36 961270	INFO [input.cpp->run:235]	rotation: 
[0.9999902790576782, -0.003573026979363427, -0.002583654069625375;
 0.00358107119348366, 0.9999887343923632, 0.003115608683210278;
 0.002572492809310108, -0.003124830645720634, 0.9999918088235431]
2020/03/08 15:37:36 961293	INFO [input.cpp->run:256]	frame times (ms): 39.012
2020/03/08 15:37:36 961295	INFO [input.cpp->run:257]	FPS: 25.6331
2020/03/08 15:37:37 047456	INFO [input.cpp->run:173]	
frame_id 170
2020/03/08 15:37:37 050115	INFO [input.cpp->run:196]	Not enough points
2020/03/08 15:37:37 183994	INFO [input.cpp->run:173]	
frame_id 171
2020/03/08 15:37:37 187010	INFO [input.cpp->run:196]	Not enough points
2020/03/08 15:37:37 322318	INFO [input.cpp->run:173]	
frame_id 172
2020/03/08 15:37:37 325440	INFO [input.cpp->run:196]	Not enough points
2020/03/08 15:37:37 458826	INFO [input.cpp->run:173]	
frame_id 173
2020/03/08 15:37:37 461891	INFO [input.cpp->run:196]	Not enough points
2020/03/08 15:37:37 597340	INFO [input.cpp->run:173]	
frame_id 174
2020/03/08 15:37:37 600459	INFO [input.cpp->run:196]	Not enough points
2020/03/08 15:37:37 734245	INFO [input.cpp->run:173]	
frame_id 175
2020/03/08 15:37:37 737165	INFO [input.cpp->run:196]	Not enough points
2020/03/08 15:37:37 872187	INFO [input.cpp->run:173]	
frame_id 176
2020/03/08 15:37:37 912379	INFO [input.cpp->run:235]	rotation: 
[0.4403070653321588, -0.1699480799898523, 0.8816163214949834;
 -0.1717052320008201, -0.9797377676690662, -0.1031078072038173;
 0.8812757806283614, -0.1059790390152589, -0.4605664357801977]
2020/03/08 15:37:37 912404	INFO [input.cpp->run:256]	frame times (ms): 46.11
2020/03/08 15:37:37 912406	INFO [input.cpp->run:257]	FPS: 21.6873
2020/03/08 15:37:37 984336	INFO [input.cpp->run:173]	
frame_id 177
2020/03/08 15:37:37 986796	INFO [input.cpp->run:235]	rotation: 
[0.9999971634083313, 0.002349519984502262, -0.0003910641039573735;
 -0.002349977170613341, 0.9999965511174959, -0.001172757609663606;
 0.0003883073377823456, 0.001173673274745687, 0.9999992358539358]
2020/03/08 15:37:37 986813	INFO [input.cpp->run:256]	frame times (ms): 5.666
2020/03/08 15:37:37 986816	INFO [input.cpp->run:257]	FPS: 176.491
2020/03/08 15:37:38 122992	INFO [input.cpp->run:173]	
frame_id 178
2020/03/08 15:37:38 125855	INFO [input.cpp->run:196]	Not enough points
2020/03/08 15:37:38 261782	INFO [input.cpp->run:173]	
frame_id 179
2020/03/08 15:37:38 264801	INFO [input.cpp->run:196]	Not enough points
2020/03/08 15:37:38 398097	INFO [input.cpp->run:173]	
frame_id 180
2020/03/08 15:37:38 401041	INFO [input.cpp->run:196]	Not enough points
2020/03/08 15:37:38 509936	INFO [input.cpp->run:173]	
frame_id 181
2020/03/08 15:37:38 512921	INFO [input.cpp->run:235]	rotation: 
[0.9999993408364243, 0.001074831833490059, -0.0004038109047090939;
 -0.001075045590582936, 0.9999992819499973, -0.0005295058714073417;
 0.0004032414849860642, 0.000529939637508895, 0.9999997782801181]
2020/03/08 15:37:38 512947	INFO [input.cpp->run:256]	frame times (ms): 7.387
2020/03/08 15:37:38 512951	INFO [input.cpp->run:257]	FPS: 135.373
2020/03/08 15:37:38 637499	INFO [input.cpp->run:173]	
frame_id 182
2020/03/08 15:37:38 638782	INFO [input.cpp->run:196]	Not enough points
2020/03/08 15:37:38 765581	INFO [input.cpp->run:173]	
frame_id 183
2020/03/08 15:37:38 767067	INFO [input.cpp->run:196]	Not enough points
2020/03/08 15:37:38 903918	INFO [input.cpp->run:173]	
frame_id 184
2020/03/08 15:37:38 908988	INFO [input.cpp->run:235]	rotation: 
[0.9999996470904882, -6.59871004234911e-05, 0.0008375348360759704;
 6.542939756016311e-05, 0.9999997761506625, 0.0006658961022194962;
 -0.0008375785891473208, -0.0006658410678186678, 0.9999994275587258]
2020/03/08 15:37:38 909021	INFO [input.cpp->run:256]	frame times (ms): 12.096
2020/03/08 15:37:38 909025	INFO [input.cpp->run:257]	FPS: 82.672
2020/03/08 15:37:39 042127	INFO [input.cpp->run:173]	
frame_id 185
2020/03/08 15:37:39 045079	INFO [input.cpp->run:196]	Not enough points
2020/03/08 15:37:39 181980	INFO [input.cpp->run:173]	
frame_id 186
2020/03/08 15:37:39 184634	INFO [input.cpp->run:196]	Not enough points
2020/03/08 15:37:39 318810	INFO [input.cpp->run:173]	
frame_id 187
2020/03/08 15:37:39 321658	INFO [input.cpp->run:196]	Not enough points
2020/03/08 15:37:39 446554	INFO [input.cpp->run:173]	
frame_id 188
2020/03/08 15:37:39 447883	INFO [input.cpp->run:196]	Not enough points
2020/03/08 15:37:39 584218	INFO [input.cpp->run:173]	
frame_id 189
2020/03/08 15:37:39 587149	INFO [input.cpp->run:196]	Not enough points
2020/03/08 15:37:39 723059	INFO [input.cpp->run:173]	
frame_id 190
2020/03/08 15:37:39 753672	INFO [input.cpp->run:235]	rotation: 
[-0.5266024088691321, 0.1585928667068734, -0.8351875272074669;
 0.1575573325232078, -0.9472159696265225, -0.279208871371699;
 -0.8353834987246269, -0.2786219831854309, 0.4738187422890937]
2020/03/08 15:37:39 753693	INFO [input.cpp->run:256]	frame times (ms): 37.669
2020/03/08 15:37:39 753695	INFO [input.cpp->run:257]	FPS: 26.547
2020/03/08 15:37:39 841041	INFO [input.cpp->run:173]	
frame_id 191
2020/03/08 15:37:39 843637	INFO [input.cpp->run:196]	Not enough points
2020/03/08 15:37:39 979059	INFO [input.cpp->run:173]	
frame_id 192
2020/03/08 15:37:39 982071	INFO [input.cpp->run:196]	Not enough points
2020/03/08 15:37:40 117875	INFO [input.cpp->run:173]	
frame_id 193
2020/03/08 15:37:40 128487	INFO [input.cpp->run:235]	rotation: 
[0.9999693024946125, -0.004342828509835885, 0.006521802586132845;
 0.004332841126337535, 0.9999894200877821, 0.00154473307566518;
 -0.006528442096875067, -0.001516427721750216, 0.9999775396931435]
2020/03/08 15:37:40 128521	INFO [input.cpp->run:256]	frame times (ms): 18.05
2020/03/08 15:37:40 128525	INFO [input.cpp->run:257]	FPS: 55.4017
2020/03/08 15:37:40 257467	INFO [input.cpp->run:173]	
frame_id 194
2020/03/08 15:37:40 267861	INFO [input.cpp->run:235]	rotation: 
[0.9999680708823114, -0.00089643515245318, 0.007940630952640219;
 0.0009039581406197965, 0.9999991459880132, -0.0009438659461478571;
 -0.007939778056632872, 0.000951013807332277, 0.999968027237446]
2020/03/08 15:37:40 267889	INFO [input.cpp->run:256]	frame times (ms): 17.14
2020/03/08 15:37:40 267892	INFO [input.cpp->run:257]	FPS: 58.3431
2020/03/08 15:37:40 394807	INFO [input.cpp->run:173]	
frame_id 195
2020/03/08 15:37:40 402128	INFO [input.cpp->run:235]	rotation: 
[0.9999730809912549, 0.001446295858336362, 0.007193435976451158;
 -0.001437298781483042, 0.9999981786345972, -0.001255746670731581;
 -0.007195239055784741, 0.001245373750512341, 0.9999733384341563]
2020/03/08 15:37:40 402161	INFO [input.cpp->run:256]	frame times (ms): 13.672
2020/03/08 15:37:40 402165	INFO [input.cpp->run:257]	FPS: 73.1422
2020/03/08 15:37:40 533255	INFO [input.cpp->run:173]	
frame_id 196
2020/03/08 15:37:40 544359	INFO [input.cpp->run:235]	rotation: 
[0.9999660336464796, -0.003113764976361585, 0.007631252911524315;
 0.003113398257860787, 0.9999951515678411, 5.993411746803057e-05;
 -0.007631402532668147, -3.617295220457385e-05, 0.9999708797694571]
2020/03/08 15:37:40 544392	INFO [input.cpp->run:256]	frame times (ms): 18.474
2020/03/08 15:37:40 544396	INFO [input.cpp->run:257]	FPS: 54.1301
2020/03/08 15:37:40 669603	INFO [input.cpp->run:173]	
frame_id 197
2020/03/08 15:37:40 699975	INFO [input.cpp->run:235]	rotation: 
[0.9993938759879063, 0.03349274205495322, 0.009492990440831153;
 -0.03337425071902939, 0.9993662830370854, -0.01237706417465216;
 -0.009901516389559238, 0.01205274069581103, 0.9998783383066696]
2020/03/08 15:37:40 699997	INFO [input.cpp->run:256]	frame times (ms): 36.835
2020/03/08 15:37:40 699999	INFO [input.cpp->run:257]	FPS: 27.1481
2020/03/08 15:37:40 790235	INFO [input.cpp->run:173]	
frame_id 198
2020/03/08 15:37:40 826230	INFO [input.cpp->run:235]	rotation: 
[0.999896019738142, -0.0009124131685078311, 0.01439156746261688;
 0.0009013481892390254, 0.9999992932256346, 0.0007753190782236589;
 -0.01439226470236269, -0.0007622666470701407, 0.9998961354392244]
2020/03/08 15:37:40 826254	INFO [input.cpp->run:256]	frame times (ms): 43.357
2020/03/08 15:37:40 826257	INFO [input.cpp->run:257]	FPS: 23.0643
2020/03/08 15:37:40 925582	INFO [input.cpp->run:173]	
frame_id 199
2020/03/08 15:37:40 954948	INFO [input.cpp->run:235]	rotation: 
[0.9997161129566347, 0.01133519185686917, 0.02095726414504898;
 -0.01123785902160135, 0.9999255412775979, -0.004756303744871876;
 -0.02100961730941336, 0.004519438711923875, 0.9997690586601694]
2020/03/08 15:37:40 954970	INFO [input.cpp->run:256]	frame times (ms): 34.99
2020/03/08 15:37:40 954972	INFO [input.cpp->run:257]	FPS: 28.5796
2020/03/08 15:37:41 038541	INFO [input.cpp->run:173]	
frame_id 200
2020/03/08 15:37:41 040996	INFO [input.cpp->run:235]	rotation: 
[0.9999321115143257, -0.002023522357752554, 0.01147509127500735;
 0.002008484152558747, 0.9999971093064193, 0.001321881316218647;
 -0.01147773296043232, -0.001298744036722831, 0.9999332852295777]
2020/03/08 15:37:41 041011	INFO [input.cpp->run:256]	frame times (ms): 5.731
2020/03/08 15:37:41 041013	INFO [input.cpp->run:257]	FPS: 174.49
2020/03/08 15:37:41 166678	INFO [input.cpp->run:173]	
frame_id 201
2020/03/08 15:37:41 168177	INFO [input.cpp->run:196]	Not enough points
2020/03/08 15:37:41 294693	INFO [input.cpp->run:173]	
frame_id 202
2020/03/08 15:37:41 315265	INFO [input.cpp->run:235]	rotation: 
[0.9997557450926818, -0.01005833904496367, 0.01967943011962393;
 0.00986251468006635, 0.9999011343349746, 0.0100225924698406;
 -0.01977829513284899, -0.009826055733995656, 0.9997561040925683]
2020/03/08 15:37:41 315283	INFO [input.cpp->run:256]	frame times (ms): 23.831
2020/03/08 15:37:41 315284	INFO [input.cpp->run:257]	FPS: 41.9622
2020/03/08 15:37:41 433303	INFO [input.cpp->run:173]	
frame_id 203
2020/03/08 15:37:41 463815	INFO [input.cpp->run:235]	rotation: 
[0.9998746759455135, -0.01167498094454078, 0.01069239088319072;
 0.01158428575113085, 0.9998967273343075, 0.00850523308192014;
 -0.01079058508564188, -0.008380303460272293, 0.9999066625377707]
2020/03/08 15:37:41 463837	INFO [input.cpp->run:256]	frame times (ms): 37.77
2020/03/08 15:37:41 463839	INFO [input.cpp->run:257]	FPS: 26.476
2020/03/08 15:37:41 551202	INFO [input.cpp->run:173]	
frame_id 204
2020/03/08 15:37:41 573541	INFO [input.cpp->run:235]	rotation: 
[0.9998834854262321, -0.009121698468887426, 0.01223969725657806;
 0.009062586389244481, 0.9999470440043132, 0.004876342376562506;
 -0.01228352961601299, -0.004764850897843016, 0.9999132017810816]
2020/03/08 15:37:41 573563	INFO [input.cpp->run:256]	frame times (ms): 28.812
2020/03/08 15:37:41 573564	INFO [input.cpp->run:257]	FPS: 34.7078
2020/03/08 15:37:41 678654	INFO [input.cpp->run:173]	
frame_id 205
2020/03/08 15:37:41 680067	INFO [input.cpp->run:196]	Not enough points
2020/03/08 15:37:41 817112	INFO [input.cpp->run:173]	
frame_id 206
2020/03/08 15:37:41 856471	INFO [input.cpp->run:235]	rotation: 
[0.9996963602571544, -0.02234361181518252, 0.01038991336105602;
 0.02217430577558843, 0.9996239183781145, 0.01613449626593354;
 -0.01074650882698747, -0.01589920807578649, 0.9998158469091167]
2020/03/08 15:37:41 856501	INFO [input.cpp->run:256]	frame times (ms): 46.284
2020/03/08 15:37:41 856504	INFO [input.cpp->run:257]	FPS: 21.6057
2020/03/08 15:37:41 953850	INFO [input.cpp->run:173]	
frame_id 207
2020/03/08 15:37:41 983861	INFO [input.cpp->run:235]	rotation: 
[0.9998921956689357, -0.004351827813366451, 0.01402350295174572;
 0.004349590378322826, 0.9999905224283296, 0.000190044882076655;
 -0.01402419708559503, -0.0001290279009059757, 0.9999016477873737]
2020/03/08 15:37:41 983881	INFO [input.cpp->run:256]	frame times (ms): 35.385
2020/03/08 15:37:41 983883	INFO [input.cpp->run:257]	FPS: 28.2606
2020/03/08 15:37:42 089641	INFO [input.cpp->run:173]	
frame_id 208
2020/03/08 15:37:42 127791	INFO [input.cpp->run:235]	rotation: 
[0.9998966382170545, -0.003963578653355075, 0.01382038083742056;
 0.003965955082337359, 0.9999921251220203, -0.0001445483677802567;
 -0.01381969907478292, 0.000199344436625247, 0.9999044835279408]
2020/03/08 15:37:42 127818	INFO [input.cpp->run:256]	frame times (ms): 44.104
2020/03/08 15:37:42 127820	INFO [input.cpp->run:257]	FPS: 22.6737
2020/03/08 15:37:42 215070	INFO [input.cpp->run:173]	
frame_id 209
2020/03/08 15:37:42 263635	INFO [input.cpp->run:235]	rotation: 
[0.9998418980043897, -0.01466066209694816, 0.01006200685045862;
 0.01458091767661268, 0.9998620604292849, 0.007953424030742839;
 -0.0101772213637816, -0.007805453284983594, 0.9999177461493163]
2020/03/08 15:37:42 263661	INFO [input.cpp->run:256]	frame times (ms): 58.589
2020/03/08 15:37:42 263664	INFO [input.cpp->run:257]	FPS: 17.0681
2020/03/08 15:37:42 328301	INFO [input.cpp->run:173]	
frame_id 210
2020/03/08 15:37:42 330489	INFO [input.cpp->run:196]	Not enough points
2020/03/08 15:37:42 466733	INFO [input.cpp->run:173]	
frame_id 211
2020/03/08 15:37:42 487481	INFO [input.cpp->run:235]	rotation: 
[0.9999110306245297, -0.009465221594469445, 0.009398958216660999;
 0.009437064947097878, 0.9999508623646934, 0.003035566057608889;
 -0.009427228679479807, -0.002946597406066855, 0.9999512212718935]
2020/03/08 15:37:42 487505	INFO [input.cpp->run:256]	frame times (ms): 26.017
2020/03/08 15:37:42 487507	INFO [input.cpp->run:257]	FPS: 38.4364
2020/03/08 15:37:42 603515	INFO [input.cpp->run:173]	
frame_id 212
2020/03/08 15:37:42 613188	INFO [input.cpp->run:235]	rotation: 
[0.9999486875463917, -0.005689532450061275, 0.008381616475865951;
 0.005672709774930304, 0.9999818505812452, 0.00202950041082848;
 -0.008393011262843508, -0.001981849794470439, 0.9999628141252723]
2020/03/08 15:37:42 613224	INFO [input.cpp->run:256]	frame times (ms): 13.908
2020/03/08 15:37:42 613228	INFO [input.cpp->run:257]	FPS: 71.9011
2020/03/08 15:37:42 716538	INFO [input.cpp->run:173]	
frame_id 213
2020/03/08 15:37:42 720544	INFO [input.cpp->run:235]	rotation: 
[0.9999190243116288, -0.01165077448752262, 0.005119010990517393;
 0.01161832831882162, 0.9999125130180604, 0.006323033843280658;
 -0.005192231385080354, -0.006263047480907118, 0.9999669069371725]
2020/03/08 15:37:42 720571	INFO [input.cpp->run:256]	frame times (ms): 7.12
2020/03/08 15:37:42 720574	INFO [input.cpp->run:257]	FPS: 140.449
2020/03/08 15:37:42 853649	INFO [input.cpp->run:173]	
frame_id 214
2020/03/08 15:37:42 868362	INFO [input.cpp->run:235]	rotation: 
[0.9999587415796716, -0.007907122820335575, 0.004471302618220646;
 0.007886169589711183, 0.9999579308643749, 0.00468453099470749;
 -0.004508155676315199, -0.004649076267624462, 0.9999790310912804]
2020/03/08 15:37:42 868399	INFO [input.cpp->run:256]	frame times (ms): 20.607
2020/03/08 15:37:42 868405	INFO [input.cpp->run:257]	FPS: 48.5272
2020/03/08 15:37:42 967147	INFO [input.cpp->run:173]	
frame_id 215
2020/03/08 15:37:42 969397	INFO [input.cpp->run:196]	Not enough points
2020/03/08 15:37:43 104674	INFO [input.cpp->run:173]	
frame_id 216
2020/03/08 15:37:43 136051	INFO [input.cpp->run:235]	rotation: 
[0.9999412792137697, 0.008765774020712698, 0.00637176036489012;
 -0.008726001414393265, 0.9999424377727241, -0.006243239580367991;
 -0.006426120419490523, 0.006187272982475001, 0.999960210523096]
2020/03/08 15:37:43 136079	INFO [input.cpp->run:256]	frame times (ms): 37.293
2020/03/08 15:37:43 136081	INFO [input.cpp->run:257]	FPS: 26.8147
2020/03/08 15:37:43 230993	INFO [input.cpp->run:173]	
frame_id 217
2020/03/08 15:37:43 238952	INFO [input.cpp->run:235]	rotation: 
[0.9999936557472323, 0.001844104775250506, 0.003047579837136914;
 -0.001839248965124816, 0.9999970359769336, -0.001595368481471764;
 -0.003050512830674946, 0.001589753101989271, 0.9999940835107699]
2020/03/08 15:37:43 239009	INFO [input.cpp->run:256]	frame times (ms): 17.085
2020/03/08 15:37:43 239015	INFO [input.cpp->run:257]	FPS: 58.5309
2020/03/08 15:37:43 350662	INFO [input.cpp->run:173]	
frame_id 218
2020/03/08 15:37:43 352475	INFO [input.cpp->run:196]	Not enough points
2020/03/08 15:37:43 489198	INFO [input.cpp->run:173]	
frame_id 219
2020/03/08 15:37:43 491976	INFO [input.cpp->run:196]	Not enough points
2020/03/08 15:37:43 613774	INFO [input.cpp->run:173]	
frame_id 220
2020/03/08 15:37:43 615734	INFO [input.cpp->run:196]	Not enough points
2020/03/08 15:37:43 749726	INFO [input.cpp->run:173]	
frame_id 221
2020/03/08 15:37:43 757184	INFO [input.cpp->run:235]	rotation: 
[0.9999918760912501, -0.004030847389048101, 4.563783929955905e-06;
 0.004030814201820055, 0.9999871308506311, 0.003080693102751157;
 -1.698152894762182e-05, -0.003080649679716425, 0.9999952546433301]
2020/03/08 15:37:43 757219	INFO [input.cpp->run:256]	frame times (ms): 11.572
2020/03/08 15:37:43 757225	INFO [input.cpp->run:257]	FPS: 86.4155
2020/03/08 15:37:43 885021	INFO [input.cpp->run:173]	
frame_id 222
2020/03/08 15:37:43 887679	INFO [input.cpp->run:196]	Not enough points
2020/03/08 15:37:44 022811	INFO [input.cpp->run:173]	
frame_id 223
2020/03/08 15:37:44 031295	INFO [input.cpp->run:235]	rotation: 
[0.9999999870161379, 1.926946530885281e-05, -0.0001599887864596181;
 -1.913364910838574e-05, 0.9999996395276948, 0.0008488688850792277;
 0.0001600050860376242, -0.0008488658128883298, 0.9999996269125325]
2020/03/08 15:37:44 031327	INFO [input.cpp->run:256]	frame times (ms): 15.545
2020/03/08 15:37:44 031330	INFO [input.cpp->run:257]	FPS: 64.3294
2020/03/08 15:37:44 160062	INFO [input.cpp->run:173]	
frame_id 224
2020/03/08 15:37:44 189454	INFO [input.cpp->run:235]	rotation: 
[0.999998716845846, 0.001595198346152812, -0.0001471356447979161;
 -0.001595157737915128, 0.9999986897304781, 0.0002756975119310867;
 0.0001475752442256361, -0.0002754624536063564, 0.9999999511709908]
2020/03/08 15:37:44 189480	INFO [input.cpp->run:256]	frame times (ms): 35.841
2020/03/08 15:37:44 189481	INFO [input.cpp->run:257]	FPS: 27.901
2020/03/08 15:37:44 295307	INFO [input.cpp->run:173]	
frame_id 225
2020/03/08 15:37:44 302585	INFO [input.cpp->run:235]	rotation: 
[0.9999993650223856, 0.000923868907627168, -0.000645306955655815;
 -0.0009234176833213702, 0.9999993292176707, 0.0006991880940734906;
 0.0006459524809360096, -0.0006985917622506798, 0.9999995473573686]
2020/03/08 15:37:44 302616	INFO [input.cpp->run:256]	frame times (ms): 12.691
2020/03/08 15:37:44 302620	INFO [input.cpp->run:257]	FPS: 78.796
2020/03/08 15:37:44 432955	INFO [input.cpp->run:173]	
frame_id 226
2020/03/08 15:37:44 443507	INFO [input.cpp->run:235]	rotation: 
[0.9999798251024997, -0.005923241490613718, -0.002294471228397598;
 0.005931650752191475, 0.9999756520426668, 0.003675709618202918;
 0.002272643246992039, -0.003689245463125936, 0.9999906122362273]
2020/03/08 15:37:44 443541	INFO [input.cpp->run:256]	frame times (ms): 17.808
2020/03/08 15:37:44 443544	INFO [input.cpp->run:257]	FPS: 56.1545
2020/03/08 15:37:44 570192	INFO [input.cpp->run:173]	
frame_id 227
2020/03/08 15:37:44 575508	INFO [input.cpp->run:235]	rotation: 
[0.9999932959805511, -0.003287966285083917, -0.001611605305934821;
 0.003290349551907674, 0.9999934939430212, 0.001478401655534638;
 0.001606733885939663, -0.00148369448909742, 0.9999976085255818]
2020/03/08 15:37:44 575544	INFO [input.cpp->run:256]	frame times (ms): 10.888
2020/03/08 15:37:44 575550	INFO [input.cpp->run:257]	FPS: 91.8442
2020/03/08 15:37:44 707896	INFO [input.cpp->run:173]	
frame_id 228
2020/03/08 15:37:44 717753	INFO [input.cpp->run:235]	rotation: 
[0.9999983069026026, -0.001529318618430388, -0.001023414134934408;
 0.001529340662759974, 0.9999988303424422, 2.075776095390443e-05;
 0.001023381192660026, -2.232287466039189e-05, 0.9999994760961747]
2020/03/08 15:37:44 717784	INFO [input.cpp->run:256]	frame times (ms): 15.624
2020/03/08 15:37:44 717787	INFO [input.cpp->run:257]	FPS: 64.0041
2020/03/08 15:37:44 833159	INFO [input.cpp->run:173]	
frame_id 229
2020/03/08 15:37:44 837280	INFO [input.cpp->run:235]	rotation: 
[0.9999921269497933, 0.003949666718314722, 0.0003823234790548245;
 -0.003948280215055596, 0.9999858623306995, -0.003561772321556178;
 -0.0003963858874885768, 0.003560234759315762, 0.9999935837827595]
2020/03/08 15:37:44 837308	INFO [input.cpp->run:256]	frame times (ms): 8.588
2020/03/08 15:37:44 837313	INFO [input.cpp->run:257]	FPS: 116.442
2020/03/08 15:37:44 971704	INFO [input.cpp->run:173]	
frame_id 230
2020/03/08 15:37:44 974510	INFO [input.cpp->run:196]	Not enough points
2020/03/08 15:37:45 112352	INFO [input.cpp->run:173]	
frame_id 231
2020/03/08 15:37:45 116685	INFO [input.cpp->run:235]	rotation: 
[0.9999976350943165, 0.002171414677941532, 0.0001215074925732027;
 -0.002171225901031185, 0.9999964681958643, -0.001532766741683845;
 -0.0001248353356332908, 0.001532499296620022, 0.9999988179303237]
2020/03/08 15:37:45 116727	INFO [input.cpp->run:256]	frame times (ms): 10.5
2020/03/08 15:37:45 116732	INFO [input.cpp->run:257]	FPS: 95.2381
2020/03/08 15:37:45 249157	INFO [input.cpp->run:173]	
frame_id 232
2020/03/08 15:37:45 252799	INFO [input.cpp->run:196]	Not enough points
2020/03/08 15:37:45 370519	INFO [input.cpp->run:173]	
frame_id 233
2020/03/08 15:37:45 372373	INFO [input.cpp->run:196]	Not enough points
2020/03/08 15:37:45 508166	INFO [input.cpp->run:173]	
frame_id 234
2020/03/08 15:37:45 511350	INFO [input.cpp->run:196]	Not enough points
2020/03/08 15:37:45 644885	INFO [input.cpp->run:173]	
frame_id 235
2020/03/08 15:37:45 647490	INFO [input.cpp->run:196]	Not enough points
2020/03/08 15:37:45 783085	INFO [input.cpp->run:173]	
frame_id 236
2020/03/08 15:37:45 794058	INFO [input.cpp->run:235]	rotation: 
[0.9999936388530068, 0.003045998607414364, 0.001855841050751325;
 -0.003044005786365012, 0.9999947884461026, -0.001075690200345968;
 -0.001859107929787928, 0.001070034166825424, 0.9999976993696471]
2020/03/08 15:37:45 794092	INFO [input.cpp->run:256]	frame times (ms): 17.605
2020/03/08 15:37:45 794096	INFO [input.cpp->run:257]	FPS: 56.802
2020/03/08 15:37:45 919740	INFO [input.cpp->run:173]	
frame_id 237
2020/03/08 15:37:45 950475	INFO [input.cpp->run:235]	rotation: 
[0.9999968261353382, -0.002519379908588031, -2.107430669046507e-05;
 0.002519382991385209, 0.9999968154629709, 0.0001475576486298176;
 2.07024858032386e-05, -0.0001476102745516422, 0.9999999888913069]
2020/03/08 15:37:45 950499	INFO [input.cpp->run:256]	frame times (ms): 34.839
2020/03/08 15:37:45 950501	INFO [input.cpp->run:257]	FPS: 28.7035
2020/03/08 15:37:46 058087	INFO [input.cpp->run:173]	
frame_id 238
2020/03/08 15:37:46 088873	INFO [input.cpp->run:235]	rotation: 
[0.9999996413446937, 2.01005389298263e-05, 0.0008467032847278482;
 -1.894264775219448e-05, 0.9999990647719483, -0.001367514681719081;
 -0.0008467299806492819, 0.001367498152450611, 0.9999987064977349]
2020/03/08 15:37:46 088898	INFO [input.cpp->run:256]	frame times (ms): 37.858
2020/03/08 15:37:46 088900	INFO [input.cpp->run:257]	FPS: 26.4145
2020/03/08 15:37:46 194007	INFO [input.cpp->run:173]	
frame_id 239
2020/03/08 15:37:46 196802	INFO [input.cpp->run:196]	Not enough points
2020/03/08 15:37:46 329563	INFO [input.cpp->run:173]	
frame_id 240
2020/03/08 15:37:46 367533	INFO [input.cpp->run:235]	rotation: 
[0.9999624394798918, -0.008538883698484056, -0.001485629364087444;
 0.00854925739107544, 0.9999380889756024, 0.007122388214722795;
 0.001424720142630667, -0.00713482172193836, 0.9999735318954754]
2020/03/08 15:37:46 367562	INFO [input.cpp->run:256]	frame times (ms): 44.127
2020/03/08 15:37:46 367564	INFO [input.cpp->run:257]	FPS: 22.6619
2020/03/08 15:37:46 467404	INFO [input.cpp->run:173]	
frame_id 241
2020/03/08 15:37:46 470177	INFO [input.cpp->run:196]	Not enough points
2020/03/08 15:37:46 604083	INFO [input.cpp->run:173]	
frame_id 242
2020/03/08 15:37:46 640624	INFO [input.cpp->run:235]	rotation: 
[0.9999651665806624, 0.007935077027278654, 0.00258847018128786;
 -0.00792451267372804, 0.9999603326579386, -0.004066350883618861;
 -0.002620634311037222, 0.004045696873956175, 0.9999883822388197]
2020/03/08 15:37:46 640652	INFO [input.cpp->run:256]	frame times (ms): 41.274
2020/03/08 15:37:46 640654	INFO [input.cpp->run:257]	FPS: 24.2283
2020/03/08 15:37:46 726118	INFO [input.cpp->run:173]	
frame_id 243
2020/03/08 15:37:46 729616	INFO [input.cpp->run:196]	Not enough points
2020/03/08 15:37:46 862999	INFO [input.cpp->run:173]	
frame_id 244
2020/03/08 15:37:46 865704	INFO [input.cpp->run:196]	Not enough points
2020/03/08 15:37:46 998998	INFO [input.cpp->run:173]	
frame_id 245
2020/03/08 15:37:47 001834	INFO [input.cpp->run:196]	Not enough points
2020/03/08 15:37:47 134394	INFO [input.cpp->run:173]	
frame_id 246
2020/03/08 15:37:47 137058	INFO [input.cpp->run:196]	Not enough points
2020/03/08 15:37:47 272216	INFO [input.cpp->run:173]	
frame_id 247
2020/03/08 15:37:47 307594	INFO [input.cpp->run:235]	rotation: 
[0.9998896759062552, 0.01454554660761482, 0.003010496631725686;
 -0.01451739732087427, 0.9998525667976714, -0.009170051424936284;
 -0.003143436194962307, 0.009125335171587321, 0.9999534224487131]
2020/03/08 15:37:47 307620	INFO [input.cpp->run:256]	frame times (ms): 42.416
2020/03/08 15:37:47 307622	INFO [input.cpp->run:257]	FPS: 23.576
2020/03/08 15:37:47 406246	INFO [input.cpp->run:173]	
frame_id 248
2020/03/08 15:37:47 411119	INFO [input.cpp->run:235]	rotation: 
[0.9999769235914039, -0.006760920971804856, -0.0006650054771175703;
 0.006763275682186916, 0.9999706314081831, 0.00360477782481821;
 0.0006406143288486463, -0.003609192254864137, 0.9999932816497065]
2020/03/08 15:37:47 411153	INFO [input.cpp->run:256]	frame times (ms): 8.961
2020/03/08 15:37:47 411157	INFO [input.cpp->run:257]	FPS: 111.595
2020/03/08 15:37:47 543260	INFO [input.cpp->run:173]	
frame_id 249
2020/03/08 15:37:47 546074	INFO [input.cpp->run:196]	Not enough points
2020/03/08 15:37:47 681618	INFO [input.cpp->run:173]	
frame_id 250
2020/03/08 15:37:47 687936	INFO [input.cpp->run:235]	rotation: 
[0.9999820392429738, -0.005901650114723549, -0.001044852806390941;
 0.00590621572133991, 0.9999727816549558, 0.004421828253452875;
 0.001018728284007459, -0.004427919960141596, 0.9999896778054811]
2020/03/08 15:37:47 687972	INFO [input.cpp->run:256]	frame times (ms): 13.798
2020/03/08 15:37:47 687975	INFO [input.cpp->run:257]	FPS: 72.4743
2020/03/08 15:37:47 818194	INFO [input.cpp->run:173]	
frame_id 251
2020/03/08 15:37:47 823740	INFO [input.cpp->run:235]	rotation: 
[0.9999884689693689, -0.004679914725156259, -0.001077184507332934;
 0.004683310792307519, 0.9999840020755089, 0.003172096006018687;
 0.001062322135808347, -0.003177104218310976, 0.9999943887244896]
2020/03/08 15:37:47 823776	INFO [input.cpp->run:256]	frame times (ms): 12.299
2020/03/08 15:37:47 823782	INFO [input.cpp->run:257]	FPS: 81.3074
2020/03/08 15:37:47 953874	INFO [input.cpp->run:173]	
frame_id 252
2020/03/08 15:37:47 957037	INFO [input.cpp->run:196]	Not enough points
2020/03/08 15:37:48 087101	INFO [input.cpp->run:173]	
frame_id 253
2020/03/08 15:37:48 089490	INFO [input.cpp->run:196]	Not enough points
2020/03/08 15:37:48 225616	INFO [input.cpp->run:173]	
frame_id 254
2020/03/08 15:37:48 268387	INFO [input.cpp->run:235]	rotation: 
[0.9999967625229198, 0.002519114025951356, -0.0003591771199478611;
 -0.002519495351406659, 0.999996258745518, -0.001065193945386581;
 0.0003564924311666695, 0.001066095441929637, 0.999999368176628]
2020/03/08 15:37:48 268416	INFO [input.cpp->run:256]	frame times (ms): 48.996
2020/03/08 15:37:48 268419	INFO [input.cpp->run:257]	FPS: 20.4098
2020/03/08 15:37:48 362531	INFO [input.cpp->run:173]	
frame_id 255
2020/03/08 15:37:48 366704	INFO [input.cpp->run:235]	rotation: 
[0.9999923228592855, 0.003879218368548458, 0.0005530708269058116;
 -0.003878275959283708, 0.9999910429900785, -0.001694967609932223;
 -0.0005596410225314714, 0.001692809636135605, 0.9999984105974677]
2020/03/08 15:37:48 366737	INFO [input.cpp->run:256]	frame times (ms): 10.671
2020/03/08 15:37:48 366741	INFO [input.cpp->run:257]	FPS: 93.7119
2020/03/08 15:37:48 498859	INFO [input.cpp->run:173]	
frame_id 256
2020/03/08 15:37:48 505721	INFO [input.cpp->run:235]	rotation: 
[0.9999299847100105, 0.0117165782217772, 0.001657550183608661;
 -0.01170378901879471, 0.9999031873983394, -0.007525765957356819;
 -0.001745565937381162, 0.007505839421033901, 0.9999703072462421]
2020/03/08 15:37:48 505754	INFO [input.cpp->run:256]	frame times (ms): 13.451
2020/03/08 15:37:48 505758	INFO [input.cpp->run:257]	FPS: 74.3439
2020/03/08 15:37:48 634413	INFO [input.cpp->run:173]	
frame_id 257
2020/03/08 15:37:48 640472	INFO [input.cpp->run:235]	rotation: 
[0.999978182876425, 0.006433708920933697, 0.001497050661709568;
 -0.006428510401690578, 0.9999733793528387, -0.00345178789602986;
 -0.001519218607831979, 0.00344208878219612, 0.9999929219747693]
2020/03/08 15:37:48 640507	INFO [input.cpp->run:256]	frame times (ms): 12.322
2020/03/08 15:37:48 640514	INFO [input.cpp->run:257]	FPS: 81.1557
2020/03/08 15:37:48 772504	INFO [input.cpp->run:173]	
frame_id 258
2020/03/08 15:37:48 811505	INFO [input.cpp->run:235]	rotation: 
[0.9999994891661215, -0.0001383080422621226, 0.001001268386349805;
 0.0001376862685318624, 0.9999997976831014, 0.0006210283790976649;
 -0.001001354076995592, -0.0006208902009474138, 0.9999993058924446]
2020/03/08 15:37:48 811535	INFO [input.cpp->run:256]	frame times (ms): 43.162
2020/03/08 15:37:48 811538	INFO [input.cpp->run:257]	FPS: 23.1685
2020/03/08 15:37:48 898129	INFO [input.cpp->run:173]	
frame_id 259
2020/03/08 15:37:48 901944	INFO [input.cpp->run:196]	Not enough points
2020/03/08 15:37:49 033312	INFO [input.cpp->run:173]	
frame_id 260
2020/03/08 15:37:49 035855	INFO [input.cpp->run:196]	Not enough points
2020/03/08 15:37:49 171691	INFO [input.cpp->run:173]	
frame_id 261
2020/03/08 15:37:49 211156	INFO [input.cpp->run:235]	rotation: 
[0.9999896951844326, -0.004435578770200919, -0.0009670397711644614;
 0.004438094541688981, 0.9999867322445022, 0.002615081605080611;
 0.0009554275402673826, -0.002619346471076978, 0.9999961130835858]
2020/03/08 15:37:49 211186	INFO [input.cpp->run:256]	frame times (ms): 45.313
2020/03/08 15:37:49 211189	INFO [input.cpp->run:257]	FPS: 22.0687
2020/03/08 15:37:49 295723	INFO [input.cpp->run:173]	
frame_id 262
2020/03/08 15:37:49 299034	INFO [input.cpp->run:196]	Not enough points
2020/03/08 15:37:49 432396	INFO [input.cpp->run:173]	
frame_id 263
2020/03/08 15:37:49 434962	INFO [input.cpp->run:196]	Not enough points
2020/03/08 15:37:49 571030	INFO [input.cpp->run:173]	
frame_id 264
2020/03/08 15:37:49 578532	INFO [input.cpp->run:235]	rotation: 
[0.9999513678248226, 0.009806864155968292, 0.001042785065409165;
 -0.009804584925753802, 0.9999495819126287, -0.00216881239222464;
 -0.001064001738690955, 0.002158482843427342, 0.9999971044218652]
2020/03/08 15:37:49 578568	INFO [input.cpp->run:256]	frame times (ms): 13.102
2020/03/08 15:37:49 578572	INFO [input.cpp->run:257]	FPS: 76.3242
2020/03/08 15:37:49 708104	INFO [input.cpp->run:173]	
frame_id 265
2020/03/08 15:37:49 748451	INFO [input.cpp->run:235]	rotation: 
[0.9937530064899813, -0.03761712038293104, -0.1050709966937553;
 0.04045477624459664, 0.9988683920182763, 0.02500692915619109;
 0.1040114088507731, -0.02910133469308949, 0.9941502598440329]
2020/03/08 15:37:49 748479	INFO [input.cpp->run:256]	frame times (ms): 46.352
2020/03/08 15:37:49 748481	INFO [input.cpp->run:257]	FPS: 21.574
2020/03/08 15:37:49 846795	INFO [input.cpp->run:173]	
frame_id 266
2020/03/08 15:37:49 861028	INFO [input.cpp->run:235]	rotation: 
[0.9999924615657366, -0.0007249031334168609, 0.003814620183705994;
 0.0007289860974600403, 0.9999991628397001, -0.001069064623248373;
 -0.003813842021962199, 0.001071837369255999, 0.9999921528560538]
2020/03/08 15:37:49 861060	INFO [input.cpp->run:256]	frame times (ms): 20.316
2020/03/08 15:37:49 861063	INFO [input.cpp->run:257]	FPS: 49.2223
2020/03/08 15:37:49 983676	INFO [input.cpp->run:173]	
frame_id 267
2020/03/08 15:37:49 986533	INFO [input.cpp->run:196]	Not enough points
2020/03/08 15:37:50 119267	INFO [input.cpp->run:173]	
frame_id 268
2020/03/08 15:37:50 122221	INFO [input.cpp->run:196]	Not enough points
2020/03/08 15:37:50 257339	INFO [input.cpp->run:173]	
frame_id 269
2020/03/08 15:37:50 260209	INFO [input.cpp->run:196]	Not enough points
g3log g3FileSink shutdown at: 15:37:50 515800
