		g3log created log at: Mon Mar 09 15:43:25 2020
		LOG format: [YYYY/MM/DD hh:mm:ss uuu* LEVEL FILE->FUNCTION:LINE] message		(uuu*: microseconds fractions of the seconds value)

2020/03/09 15:43:25 701955	INFO [g3logger.h->logBanner:29]	Starting log.
2020/03/09 15:43:25 705828	DEBUG [main.cpp->main:48]	Filepath: /home/mitchell/KITTI/data_odometry_gray/dataset/sequences/00/
2020/03/09 15:43:25 705834	DEBUG [main.cpp->main:52]	Calibration Filepath: /home/mitchell/visual_odom_catkin_ws/tank_downsized.yaml
2020/03/09 15:43:25 705961	INFO [main.cpp->main:66]	P_left: 
[409.41, 0, 251.22, 0;
 0, 408.72, 191.78999, 0;
 0, 0, 1, 0]
2020/03/09 15:43:25 705977	INFO [main.cpp->main:67]	P_right: 
[409.41, 0, 251.22, -73.940002;
 0, 408.72, 191.78999, 0;
 0, 0, 1, 0]
2020/03/09 15:43:25 843421	INFO [input.cpp->Input:22]	frame_pose [1, 0, 0, 0;
 0, 1, 0, 0;
 0, 0, 1, 0;
 0, 0, 0, 1]
2020/03/09 15:43:26 164490	INFO [input.cpp->run:173]	
frame_id 1
2020/03/09 15:43:26 252736	WARNING [visualOdometry.cpp->trackingFrame2Frame:179]	The Estimated Rotation and translation matrices(using getTransformation function) are : 
   0.999963 -0.00855851 -0.00124955   0.0224485
 0.00856748    0.999937  0.00722833   0.0125518
 0.00118777 -0.00723872    0.999973   0.0160312
          0           0           0           1
2020/03/09 15:43:26 280574	INFO [input.cpp->run:235]	rotation: 
[0.9999626874923706, -0.008558511734008789, -0.001249551773071289;
 0.008567482233047485, 0.9999372363090515, 0.00722832977771759;
 0.001187771558761597, -0.007238715887069702, 0.9999730587005615]
2020/03/09 15:43:26 280693	INFO [input.cpp->run:256]	frame times (ms): 321.898
2020/03/09 15:43:26 280702	INFO [input.cpp->run:257]	FPS: 3.10657
2020/03/09 15:43:26 298015	INFO [input.cpp->run:173]	
frame_id 2
2020/03/09 15:43:26 344971	WARNING [visualOdometry.cpp->trackingFrame2Frame:179]	The Estimated Rotation and translation matrices(using getTransformation function) are : 
   0.999979 -0.00328995 -0.00549963  -0.0753356
 0.00327758    0.999992 -0.00228041  -0.0311416
 0.00550726  0.00226246    0.999982  -0.0701432
          0           0           0           1
2020/03/09 15:43:26 346722	INFO [input.cpp->run:235]	rotation: 
[0.9999793767929077, -0.003289952874183655, -0.00549963116645813;
 0.003277584910392761, 0.9999917149543762, -0.00228041410446167;
 0.00550726056098938, 0.002262458205223083, 0.9999822378158569]
2020/03/09 15:43:26 346791	INFO [input.cpp->run:256]	frame times (ms): 283.114
2020/03/09 15:43:26 346796	INFO [input.cpp->run:257]	FPS: 3.53215
2020/03/09 15:43:26 430699	INFO [input.cpp->run:173]	
frame_id 3
2020/03/09 15:43:26 545992	WARNING [visualOdometry.cpp->trackingFrame2Frame:179]	The Estimated Rotation and translation matrices(using getTransformation function) are : 
   0.999975  -0.0055131 -0.00433785    -0.20183
 0.00549203    0.999973 -0.00483774  -0.0844501
 0.00436443  0.00481384    0.999979   -0.191844
          0           0           0           1
2020/03/09 15:43:26 548259	INFO [input.cpp->run:235]	rotation: 
[0.9999752044677734, -0.005513101816177368, -0.004337847232818604;
 0.005492031574249268, 0.9999730587005615, -0.004837736487388611;
 0.004364430904388428, 0.004813835024833679, 0.9999788403511047]
2020/03/09 15:43:26 548345	INFO [input.cpp->run:256]	frame times (ms): 317.495
2020/03/09 15:43:26 548357	INFO [input.cpp->run:257]	FPS: 3.14966
2020/03/09 15:43:26 582108	INFO [input.cpp->run:173]	
frame_id 4
2020/03/09 15:43:26 622670	WARNING [visualOdometry.cpp->trackingFrame2Frame:179]	The Estimated Rotation and translation matrices(using getTransformation function) are : 
 -0.995903  0.0854586 -0.0295705   -1.26344
 0.0807139   0.692577  -0.716814  -0.470933
-0.0407781  -0.716264  -0.696637   -1.26639
         0          0          0          1
2020/03/09 15:43:26 624851	INFO [input.cpp->run:235]	rotation: 
[-0.995902955532074, 0.08545860648155212, -0.02957054972648621;
 0.0807139128446579, 0.6925768852233887, -0.7168139219284058;
 -0.04077807068824768, -0.7162638306617737, -0.6966372728347778]
2020/03/09 15:43:26 624917	INFO [input.cpp->run:256]	frame times (ms): 308.331
2020/03/09 15:43:26 624923	INFO [input.cpp->run:257]	FPS: 3.24327
2020/03/09 15:43:26 696285	INFO [input.cpp->run:173]	
frame_id 5
2020/03/09 15:43:26 756053	WARNING [visualOdometry.cpp->trackingFrame2Frame:179]	The Estimated Rotation and translation matrices(using getTransformation function) are : 
  -0.999955  0.00910775    0.002626    -1.16151
 0.00501673    0.743577   -0.668631   -0.449076
-0.00804231   -0.668588    -0.74359    -1.17002
          0           0           0           1
2020/03/09 15:43:26 757613	INFO [input.cpp->run:235]	rotation: 
[-0.9999549388885498, 0.00910775363445282, 0.002626001834869385;
 0.005016729235649109, 0.743577241897583, -0.6686311364173889;
 -0.008042305707931519, -0.6685879230499268, -0.7435896396636963]
2020/03/09 15:43:26 757661	INFO [input.cpp->run:256]	frame times (ms): 310.76
2020/03/09 15:43:26 757665	INFO [input.cpp->run:257]	FPS: 3.21792
2020/03/09 15:43:26 829890	INFO [input.cpp->run:173]	
frame_id 6
2020/03/09 15:43:26 868108	WARNING [visualOdometry.cpp->trackingFrame2Frame:179]	The Estimated Rotation and translation matrices(using getTransformation function) are : 
   0.999979 -0.00285089 -0.00588605   0.0825837
 0.00285394    0.999996 0.000506341   0.0301007
 0.00588474 -0.00052318    0.999983   0.0807322
          0           0           0           1
2020/03/09 15:43:26 869727	INFO [input.cpp->run:235]	rotation: 
[0.9999786019325256, -0.002850890159606934, -0.005886048078536987;
 0.002853944897651672, 0.9999958872795105, 0.0005063414573669434;
 0.005884736776351929, -0.0005231797695159912, 0.9999825954437256]
2020/03/09 15:43:26 869767	INFO [input.cpp->run:256]	frame times (ms): 309.894
2020/03/09 15:43:26 869771	INFO [input.cpp->run:257]	FPS: 3.22691
2020/03/09 15:43:26 964237	INFO [input.cpp->run:173]	
frame_id 7
2020/03/09 15:43:27 001539	WARNING [visualOdometry.cpp->trackingFrame2Frame:179]	The Estimated Rotation and translation matrices(using getTransformation function) are : 
   0.999962 -0.00790103 -0.00354388   0.0439047
 0.00788477    0.999958   -0.004576   0.0207982
 0.00357983  0.00454797    0.999983   0.0311511
          0           0           0           1
2020/03/09 15:43:27 003178	INFO [input.cpp->run:235]	rotation: 
[0.9999624490737915, -0.007901027798652649, -0.003543883562088013;
 0.007884770631790161, 0.9999582767486572, -0.004575997591018677;
 0.003579825162887573, 0.004547968506813049, 0.9999833106994629]
2020/03/09 15:43:27 003249	INFO [input.cpp->run:256]	frame times (ms): 320.269
2020/03/09 15:43:27 003258	INFO [input.cpp->run:257]	FPS: 3.12238
2020/03/09 15:43:27 096967	INFO [input.cpp->run:173]	
frame_id 8
2020/03/09 15:43:27 137149	WARNING [visualOdometry.cpp->trackingFrame2Frame:179]	The Estimated Rotation and translation matrices(using getTransformation function) are : 
   0.999979 -0.00350451 -0.00545269   -0.276289
 0.00349233    0.999991 -0.00226204   -0.108739
 0.00546071  0.00224295    0.999983   -0.273151
          0           0           0           1
2020/03/09 15:43:27 139047	INFO [input.cpp->run:235]	rotation: 
[0.9999790191650391, -0.003504514694213867, -0.00545269250869751;
 0.0034923255443573, 0.9999914169311523, -0.002262040972709656;
 0.0054607093334198, 0.002242952585220337, 0.9999827146530151]
2020/03/09 15:43:27 139088	INFO [input.cpp->run:256]	frame times (ms): 356.58
2020/03/09 15:43:27 139093	INFO [input.cpp->run:257]	FPS: 2.80442
2020/03/09 15:43:27 231438	INFO [input.cpp->run:173]	
frame_id 9
2020/03/09 15:43:27 273100	WARNING [visualOdometry.cpp->trackingFrame2Frame:179]	The Estimated Rotation and translation matrices(using getTransformation function) are : 
    0.999977  -0.00461945  -0.00497058     0.114639
  0.00461926      0.99999 -4.52548e-05    0.0461948
  0.00497073  2.21878e-05     0.999988     0.112976
           0            0            0            1
2020/03/09 15:43:27 274920	INFO [input.cpp->run:235]	rotation: 
[0.9999771118164062, -0.004619449377059937, -0.004970580339431763;
 0.004619255661964417, 0.9999896287918091, -4.525482654571533e-05;
 0.004970729351043701, 2.218782901763916e-05, 0.999987781047821]
2020/03/09 15:43:27 274965	INFO [input.cpp->run:256]	frame times (ms): 353.585
2020/03/09 15:43:27 274968	INFO [input.cpp->run:257]	FPS: 2.82817
2020/03/09 15:43:27 363063	INFO [input.cpp->run:173]	
frame_id 10
2020/03/09 15:43:27 402300	WARNING [visualOdometry.cpp->trackingFrame2Frame:179]	The Estimated Rotation and translation matrices(using getTransformation function) are : 
   0.999978 -0.00385337 -0.00537044  -0.0829027
 0.00384745    0.999992 -0.00113855   -0.034271
 0.00537509  0.00111791    0.999985  -0.0841676
          0           0           0           1
2020/03/09 15:43:27 403937	INFO [input.cpp->run:235]	rotation: 
[0.9999783039093018, -0.003853365778923035, -0.005370438098907471;
 0.003847450017929077, 0.9999920129776001, -0.001138553023338318;
 0.005375087261199951, 0.001117914915084839, 0.9999849200248718]
2020/03/09 15:43:27 403994	INFO [input.cpp->run:256]	frame times (ms): 356.696
2020/03/09 15:43:27 403998	INFO [input.cpp->run:257]	FPS: 2.80351
2020/03/09 15:43:27 501244	INFO [input.cpp->run:173]	
frame_id 11
2020/03/09 15:43:27 540046	WARNING [visualOdometry.cpp->trackingFrame2Frame:179]	The Estimated Rotation and translation matrices(using getTransformation function) are : 
   0.999979 -0.00424181 -0.00496787    -0.27173
 0.00422511    0.999986  -0.0033754   -0.112141
 0.00498217  0.00335428    0.999982   -0.279908
          0           0           0           1
2020/03/09 15:43:27 541845	INFO [input.cpp->run:235]	rotation: 
[0.9999789595603943, -0.004241809248924255, -0.004967868328094482;
 0.004225105047225952, 0.9999856352806091, -0.003375396132469177;
 0.004982173442840576, 0.003354281187057495, 0.9999822378158569]
2020/03/09 15:43:27 541896	INFO [input.cpp->run:256]	frame times (ms): 361.104
2020/03/09 15:43:27 541900	INFO [input.cpp->run:257]	FPS: 2.76929
2020/03/09 15:43:27 630512	INFO [input.cpp->run:173]	
frame_id 12
2020/03/09 15:43:27 671065	WARNING [visualOdometry.cpp->trackingFrame2Frame:179]	The Estimated Rotation and translation matrices(using getTransformation function) are : 
   0.999981   -0.003838 -0.00470892   -0.263069
 0.00383136    0.999991 -0.00141808   -0.116581
 0.00471443  0.00140001    0.999988    -0.27594
          0           0           0           1
2020/03/09 15:43:27 672658	INFO [input.cpp->run:235]	rotation: 
[0.9999814033508301, -0.003838002681732178, -0.004708915948867798;
 0.003831356763839722, 0.9999914765357971, -0.001418083906173706;
 0.004714429378509521, 0.001400008797645569, 0.9999879002571106]
2020/03/09 15:43:27 672699	INFO [input.cpp->run:256]	frame times (ms): 388.549
2020/03/09 15:43:27 672702	INFO [input.cpp->run:257]	FPS: 2.57368
2020/03/09 15:43:27 763742	INFO [input.cpp->run:173]	
frame_id 13
2020/03/09 15:43:27 804186	WARNING [visualOdometry.cpp->trackingFrame2Frame:179]	The Estimated Rotation and translation matrices(using getTransformation function) are : 
    0.999983  -0.00353573  -0.00459146   0.00338262
   0.0035364     0.999994  0.000138506  0.000766009
  0.00459105 -0.000154689      0.99999   0.00307488
           0            0            0            1
2020/03/09 15:43:27 806062	INFO [input.cpp->run:235]	rotation: 
[0.9999833106994629, -0.003535732626914978, -0.004591464996337891;
 0.003536403179168701, 0.9999938607215881, 0.000138506293296814;
 0.004591047763824463, -0.0001546889543533325, 0.9999895095825195]
2020/03/09 15:43:27 806112	INFO [input.cpp->run:256]	frame times (ms): 404.052
2020/03/09 15:43:27 806116	INFO [input.cpp->run:257]	FPS: 2.47493
2020/03/09 15:43:27 897022	INFO [input.cpp->run:173]	
frame_id 14
2020/03/09 15:43:27 936829	WARNING [visualOdometry.cpp->trackingFrame2Frame:179]	The Estimated Rotation and translation matrices(using getTransformation function) are : 
   0.999984 -0.00324927 -0.00464806  -0.0898288
 0.00324239    0.999994 -0.00149709  -0.0398381
 0.00465298  0.00148199    0.999988  -0.0951759
          0           0           0           1
2020/03/09 15:43:27 938476	INFO [input.cpp->run:235]	rotation: 
[0.9999840259552002, -0.003249272704124451, -0.004648059606552124;
 0.003242388367652893, 0.9999938011169434, -0.001497089862823486;
 0.004652976989746094, 0.001481994986534119, 0.9999882578849792]
2020/03/09 15:43:27 938518	INFO [input.cpp->run:256]	frame times (ms): 401.793
2020/03/09 15:43:27 938522	INFO [input.cpp->run:257]	FPS: 2.48884
2020/03/09 15:43:28 029952	INFO [input.cpp->run:173]	
frame_id 15
2020/03/09 15:43:28 072621	WARNING [visualOdometry.cpp->trackingFrame2Frame:179]	The Estimated Rotation and translation matrices(using getTransformation function) are : 
   0.999975 -0.00655046 -0.00250551   -0.346718
 0.00653909    0.999969 -0.00451916   -0.150496
 0.00253507  0.00450259    0.999987   -0.376333
          0           0           0           1
2020/03/09 15:43:28 074221	INFO [input.cpp->run:235]	rotation: 
[0.9999754428863525, -0.006550461053848267, -0.002505511045455933;
 0.006539091467857361, 0.9999685883522034, -0.004519164562225342;
 0.002535074949264526, 0.004502594470977783, 0.9999867081642151]
2020/03/09 15:43:28 074263	INFO [input.cpp->run:256]	frame times (ms): 403.467
2020/03/09 15:43:28 074268	INFO [input.cpp->run:257]	FPS: 2.47852
2020/03/09 15:43:28 163155	INFO [input.cpp->run:173]	
frame_id 16
2020/03/09 15:43:28 207275	WARNING [visualOdometry.cpp->trackingFrame2Frame:179]	The Estimated Rotation and translation matrices(using getTransformation function) are : 
   0.999929  -0.0119064 7.85887e-05    -8.80171
  0.0119067     0.99989 -0.00888546    -4.34807
2.72691e-05  0.00888582    0.999961    -9.70582
          0           0           0           1
2020/03/09 15:43:28 209001	INFO [input.cpp->run:235]	rotation: 
[0.9999291896820068, -0.01190641522407532, 7.858872413635254e-05;
 0.01190674304962158, 0.9998896718025208, -0.008885458111763;
 2.726912498474121e-05, 0.008885815739631653, 0.9999605417251587]
2020/03/09 15:43:28 209039	INFO [input.cpp->run:256]	frame times (ms): 436.615
2020/03/09 15:43:28 209042	INFO [input.cpp->run:257]	FPS: 2.29035
2020/03/09 15:43:28 298374	INFO [input.cpp->run:173]	
frame_id 17
2020/03/09 15:43:28 341235	WARNING [visualOdometry.cpp->trackingFrame2Frame:179]	The Estimated Rotation and translation matrices(using getTransformation function) are : 
    0.99999 -0.00316964 -0.00330105   -0.526009
 0.00316426    0.999994  -0.0016232    -0.26364
 0.00330612  0.00161272    0.999993   -0.585022
          0           0           0           1
2020/03/09 15:43:28 342884	INFO [input.cpp->run:235]	rotation: 
[0.9999895691871643, -0.003169640898704529, -0.003301054239273071;
 0.00316426157951355, 0.9999936819076538, -0.001623198390007019;
 0.003306120634078979, 0.001612722873687744, 0.9999930858612061]
2020/03/09 15:43:28 342930	INFO [input.cpp->run:256]	frame times (ms): 436.921
2020/03/09 15:43:28 342938	INFO [input.cpp->run:257]	FPS: 2.28874
2020/03/09 15:43:28 428853	INFO [input.cpp->run:173]	
frame_id 18
2020/03/09 15:43:28 473817	WARNING [visualOdometry.cpp->trackingFrame2Frame:179]	The Estimated Rotation and translation matrices(using getTransformation function) are : 
-0.843405 -0.527631  0.101355  -0.82677
-0.528966  0.782395 -0.328714 -0.499824
0.0941404 -0.330853 -0.938975  -1.36486
        0         0         0         1
2020/03/09 15:43:28 475953	INFO [input.cpp->run:235]	rotation: 
[-0.8434053659439087, -0.5276309251785278, 0.1013546586036682;
 -0.5289657711982727, 0.7823950052261353, -0.3287144899368286;
 0.09414038062095642, -0.330852746963501, -0.9389748573303223]
2020/03/09 15:43:28 475997	INFO [input.cpp->run:256]	frame times (ms): 454.395
2020/03/09 15:43:28 476000	INFO [input.cpp->run:257]	FPS: 2.20073
2020/03/09 15:43:28 563053	INFO [input.cpp->run:173]	
frame_id 19
2020/03/09 15:43:28 608654	WARNING [visualOdometry.cpp->trackingFrame2Frame:179]	The Estimated Rotation and translation matrices(using getTransformation function) are : 
    0.999993  -0.00269482  -0.00258803    -0.122914
   0.0026938     0.999996 -0.000405952   -0.0599554
  0.00258911  0.000398964     0.999997    -0.137309
           0            0            0            1
2020/03/09 15:43:28 610312	INFO [input.cpp->run:235]	rotation: 
[0.9999930858612061, -0.002694815397262573, -0.002588033676147461;
 0.002693802118301392, 0.9999964237213135, -0.0004059523344039917;
 0.002589106559753418, 0.0003989636898040771, 0.9999967813491821]
2020/03/09 15:43:28 610358	INFO [input.cpp->run:256]	frame times (ms): 480.844
2020/03/09 15:43:28 610362	INFO [input.cpp->run:257]	FPS: 2.07968
2020/03/09 15:43:28 698188	INFO [input.cpp->run:173]	
frame_id 20
2020/03/09 15:43:28 744518	WARNING [visualOdometry.cpp->trackingFrame2Frame:179]	The Estimated Rotation and translation matrices(using getTransformation function) are : 
    0.999995   -0.0019071  -0.00244066    0.0412282
  0.00190738     0.999998  8.00192e-05    0.0183474
  0.00244051 -8.46386e-05     0.999997    0.0455859
           0            0            0            1
2020/03/09 15:43:28 746311	INFO [input.cpp->run:235]	rotation: 
[0.999995231628418, -0.001907095313072205, -0.002440661191940308;
 0.001907378435134888, 0.999998152256012, 8.001923561096191e-05;
 0.002440512180328369, -8.463859558105469e-05, 0.9999969005584717]
2020/03/09 15:43:28 746376	INFO [input.cpp->run:256]	frame times (ms): 498.177
2020/03/09 15:43:28 746381	INFO [input.cpp->run:257]	FPS: 2.00732
2020/03/09 15:43:28 831023	INFO [input.cpp->run:173]	
frame_id 21
2020/03/09 15:43:28 882912	WARNING [visualOdometry.cpp->trackingFrame2Frame:179]	The Estimated Rotation and translation matrices(using getTransformation function) are : 
    0.999996  -0.00120378  -0.00267735    -0.110123
  0.00120366     0.999999 -5.59539e-05   -0.0517646
  0.00267741  5.27948e-05     0.999997     -0.12389
           0            0            0            1
2020/03/09 15:43:28 884780	INFO [input.cpp->run:235]	rotation: 
[0.9999958276748657, -0.001203775405883789, -0.002677351236343384;
 0.001203656196594238, 0.9999994039535522, -5.595386028289795e-05;
 0.002677410840988159, 5.279481410980225e-05, 0.9999966621398926]
2020/03/09 15:43:28 884828	INFO [input.cpp->run:256]	frame times (ms): 525.255
2020/03/09 15:43:28 884833	INFO [input.cpp->run:257]	FPS: 1.90384
2020/03/09 15:43:28 963670	INFO [input.cpp->run:173]	
frame_id 22
2020/03/09 15:43:29 012180	WARNING [visualOdometry.cpp->trackingFrame2Frame:179]	The Estimated Rotation and translation matrices(using getTransformation function) are : 
    0.999997  -0.00217929  -0.00148469    -0.756416
  0.00217822     0.999997 -0.000783071    -0.394126
  0.00148636  0.000779808     0.999999    -0.867563
           0            0            0            1
2020/03/09 15:43:29 013886	INFO [input.cpp->run:235]	rotation: 
[0.9999966621398926, -0.00217929482460022, -0.001484692096710205;
 0.002178221940994263, 0.9999973773956299, -0.0007830709218978882;
 0.001486361026763916, 0.0007798075675964355, 0.9999986886978149]
2020/03/09 15:43:29 013942	INFO [input.cpp->run:256]	frame times (ms): 517.615
2020/03/09 15:43:29 013948	INFO [input.cpp->run:257]	FPS: 1.93194
2020/03/09 15:43:29 097585	INFO [input.cpp->run:173]	
frame_id 23
2020/03/09 15:43:29 146180	WARNING [visualOdometry.cpp->trackingFrame2Frame:179]	The Estimated Rotation and translation matrices(using getTransformation function) are : 
    0.999998  -0.00175084  -0.00126144     -1.39845
  0.00174978     0.999998 -0.000846893    -0.730286
  0.00126287  0.000844672     0.999999     -1.60954
           0            0            0            1
2020/03/09 15:43:29 147960	INFO [input.cpp->run:235]	rotation: 
[0.999997615814209, -0.001750841736793518, -0.001261442899703979;
 0.001749783754348755, 0.9999980330467224, -0.0008468925952911377;
 0.001262873411178589, 0.0008446723222732544, 0.9999989867210388]
2020/03/09 15:43:29 148024	INFO [input.cpp->run:256]	frame times (ms): 532.08
2020/03/09 15:43:29 148029	INFO [input.cpp->run:257]	FPS: 1.87942
2020/03/09 15:43:29 232059	INFO [input.cpp->run:173]	
frame_id 24
2020/03/09 15:43:29 280896	WARNING [visualOdometry.cpp->trackingFrame2Frame:179]	The Estimated Rotation and translation matrices(using getTransformation function) are : 
-0.826766  -0.55205  0.108158  -1.62259
 -0.55249  0.760649 -0.340833 -0.953792
 0.105886 -0.341546 -0.933882  -2.26147
        0         0         0         1
2020/03/09 15:43:29 282649	INFO [input.cpp->run:235]	rotation: 
[-0.8267660140991211, -0.5520500540733337, 0.1081582307815552;
 -0.5524902939796448, 0.7606490850448608, -0.3408330380916595;
 0.1058863997459412, -0.3415456414222717, -0.9338815212249756]
2020/03/09 15:43:29 282706	INFO [input.cpp->run:256]	frame times (ms): 537.315
2020/03/09 15:43:29 282710	INFO [input.cpp->run:257]	FPS: 1.86111
2020/03/09 15:43:29 364176	INFO [input.cpp->run:173]	
frame_id 25
2020/03/09 15:43:29 412842	WARNING [visualOdometry.cpp->trackingFrame2Frame:179]	The Estimated Rotation and translation matrices(using getTransformation function) are : 
   0.999998 -0.00161782 -0.00100046  0.00364503
 0.00162034    0.999996  0.00240798  0.00182352
0.000996619 -0.00240961    0.999997   0.0034799
          0           0           0           1
2020/03/09 15:43:29 414715	INFO [input.cpp->run:235]	rotation: 
[0.9999983906745911, -0.00161781907081604, -0.001000463962554932;
 0.0016203373670578, 0.9999958276748657, 0.0024079829454422;
 0.0009966194629669189, -0.002409607172012329, 0.9999966621398926]
2020/03/09 15:43:29 414776	INFO [input.cpp->run:256]	frame times (ms): 513.11
2020/03/09 15:43:29 414781	INFO [input.cpp->run:257]	FPS: 1.9489
2020/03/09 15:43:29 498650	INFO [input.cpp->run:173]	
frame_id 26
2020/03/09 15:43:29 551062	WARNING [visualOdometry.cpp->trackingFrame2Frame:179]	The Estimated Rotation and translation matrices(using getTransformation function) are : 
    0.999999  -0.00133537 -0.000692695    0.0345839
  0.00133704     0.999996   0.00230096    0.0177184
 0.000689805  -0.00230178     0.999997     0.039203
           0            0            0            1
2020/03/09 15:43:29 552927	INFO [input.cpp->run:235]	rotation: 
[0.9999988079071045, -0.001335367560386658, -0.0006926953792572021;
 0.001337036490440369, 0.9999963045120239, 0.002300962805747986;
 0.0006898045539855957, -0.002301782369613647, 0.9999971985816956]
2020/03/09 15:43:29 552985	INFO [input.cpp->run:256]	frame times (ms): 543.96
2020/03/09 15:43:29 552987	INFO [input.cpp->run:257]	FPS: 1.83837
2020/03/09 15:43:29 629721	INFO [input.cpp->run:173]	
frame_id 27
2020/03/09 15:43:29 681657	WARNING [visualOdometry.cpp->trackingFrame2Frame:179]	The Estimated Rotation and translation matrices(using getTransformation function) are : 
           1 -0.000942022 -0.000668705     0.313432
 0.000943646     0.999997   0.00249502     0.157956
  0.00066638  -0.00249563     0.999997     0.357949
           0            0            0            1
2020/03/09 15:43:29 683679	INFO [input.cpp->run:235]	rotation: 
[0.9999995827674866, -0.0009420216083526611, -0.0006687045097351074;
 0.0009436458349227905, 0.9999966025352478, 0.002495020627975464;
 0.0006663799285888672, -0.002495631575584412, 0.9999966025352478]
2020/03/09 15:43:29 683734	INFO [input.cpp->run:256]	frame times (ms): 557.934
2020/03/09 15:43:29 683739	INFO [input.cpp->run:257]	FPS: 1.79233
2020/03/09 15:43:29 762866	INFO [input.cpp->run:173]	
frame_id 28
2020/03/09 15:43:29 812904	WARNING [visualOdometry.cpp->trackingFrame2Frame:179]	The Estimated Rotation and translation matrices(using getTransformation function) are : 
           1  -0.00100431 -0.000133663   -0.0327621
   0.0010045     0.999999   0.00141075    -0.017375
 0.000132322  -0.00141081     0.999999   -0.0375194
           0            0            0            1
2020/03/09 15:43:29 814655	INFO [input.cpp->run:235]	rotation: 
[0.9999995231628418, -0.001004308462142944, -0.0001336634159088135;
 0.001004502177238464, 0.9999985694885254, 0.001410752534866333;
 0.0001323223114013672, -0.001410812139511108, 0.9999990463256836]
2020/03/09 15:43:29 814714	INFO [input.cpp->run:256]	frame times (ms): 564.97
2020/03/09 15:43:29 814718	INFO [input.cpp->run:257]	FPS: 1.77001
2020/03/09 15:43:29 896736	INFO [input.cpp->run:173]	
frame_id 29
2020/03/09 15:43:29 949159	WARNING [visualOdometry.cpp->trackingFrame2Frame:179]	The Estimated Rotation and translation matrices(using getTransformation function) are : 
           1 -0.000848323  0.000262618   -0.0795526
 0.000847772     0.999999   0.00153482   -0.0402263
-0.000263929  -0.00153463     0.999999   -0.0903662
           0            0            0            1
2020/03/09 15:43:29 950896	INFO [input.cpp->run:235]	rotation: 
[0.9999997615814209, -0.0008483231067657471, 0.0002626180648803711;
 0.0008477717638015747, 0.9999986290931702, 0.001534819602966309;
 -0.0002639293670654297, -0.001534625887870789, 0.999998927116394]
2020/03/09 15:43:29 950945	INFO [input.cpp->run:256]	frame times (ms): 587.061
2020/03/09 15:43:29 950950	INFO [input.cpp->run:257]	FPS: 1.7034
2020/03/09 15:43:30 029149	INFO [input.cpp->run:173]	
frame_id 30
2020/03/09 15:43:30 081819	WARNING [visualOdometry.cpp->trackingFrame2Frame:179]	The Estimated Rotation and translation matrices(using getTransformation function) are : 
   0.999993  -0.0031534  0.00210747   -0.192046
 0.00315616    0.999994 -0.00130148  -0.0973123
-0.00210336  0.00130808    0.999997   -0.220762
          0           0           0           1
2020/03/09 15:43:30 083812	INFO [input.cpp->run:235]	rotation: 
[0.9999929666519165, -0.003153398633003235, 0.002107471227645874;
 0.003156155347824097, 0.9999943375587463, -0.001301482319831848;
 -0.002103358507156372, 0.001308083534240723, 0.9999970197677612]
2020/03/09 15:43:30 083868	INFO [input.cpp->run:256]	frame times (ms): 592.065
2020/03/09 15:43:30 083875	INFO [input.cpp->run:257]	FPS: 1.689
2020/03/09 15:43:30 163652	INFO [input.cpp->run:173]	
frame_id 31
2020/03/09 15:43:30 213970	WARNING [visualOdometry.cpp->trackingFrame2Frame:179]	The Estimated Rotation and translation matrices(using getTransformation function) are : 
  -0.24203     0.0679   -0.96789   -3.75918
 0.0670391  -0.993994  -0.086495   -1.42992
  -0.96795 -0.0858207   0.236024    -2.7824
         0          0          0          1
2020/03/09 15:43:30 215802	INFO [input.cpp->run:235]	rotation: 
[-0.2420298159122467, 0.06790003180503845, -0.9678901433944702;
 0.06703905761241913, -0.9939944744110107, -0.08649498969316483;
 -0.967950165271759, -0.08582073450088501, 0.2360242605209351]
2020/03/09 15:43:30 215863	INFO [input.cpp->run:256]	frame times (ms): 562.805
2020/03/09 15:43:30 215869	INFO [input.cpp->run:257]	FPS: 1.77681
2020/03/09 15:43:30 296479	INFO [input.cpp->run:173]	
frame_id 32
2020/03/09 15:43:30 348764	WARNING [visualOdometry.cpp->trackingFrame2Frame:179]	The Estimated Rotation and translation matrices(using getTransformation function) are : 
    0.999999  0.000165373   0.00140044    -0.784042
-0.000166237            1  0.000554875    -0.406953
 -0.00140032 -0.000555053     0.999999    -0.887727
           0            0            0            1
2020/03/09 15:43:30 350907	INFO [input.cpp->run:235]	rotation: 
[0.999998927116394, 0.0001653730869293213, 0.00140044093132019;
 -0.0001662373542785645, 0.9999997615814209, 0.0005548745393753052;
 -0.00140032172203064, -0.0005550533533096313, 0.9999988079071045]
2020/03/09 15:43:30 350961	INFO [input.cpp->run:256]	frame times (ms): 564.337
2020/03/09 15:43:30 350966	INFO [input.cpp->run:257]	FPS: 1.77199
2020/03/09 15:43:30 430210	INFO [input.cpp->run:173]	
frame_id 33
2020/03/09 15:43:30 481590	WARNING [visualOdometry.cpp->trackingFrame2Frame:179]	The Estimated Rotation and translation matrices(using getTransformation function) are : 
    0.999998  0.000858039   0.00165331     -2.62011
-0.000859022     0.999999  0.000571325     -1.32126
 -0.00165281 -0.000572696     0.999998     -2.95051
           0            0            0            1
2020/03/09 15:43:30 483335	INFO [input.cpp->run:235]	rotation: 
[0.9999979734420776, 0.0008580386638641357, 0.001653313636779785;
 -0.0008590221405029297, 0.9999992847442627, 0.000571325421333313;
 -0.001652806997299194, -0.000572696328163147, 0.9999983310699463]
2020/03/09 15:43:30 483392	INFO [input.cpp->run:256]	frame times (ms): 575.08
2020/03/09 15:43:30 483396	INFO [input.cpp->run:257]	FPS: 1.73889
2020/03/09 15:43:30 564192	INFO [input.cpp->run:173]	
frame_id 34
2020/03/09 15:43:30 617969	WARNING [visualOdometry.cpp->trackingFrame2Frame:179]	The Estimated Rotation and translation matrices(using getTransformation function) are : 
-0.811951 -0.575199  0.099402  -3.39394
-0.574396  0.756981 -0.311526  -1.82008
 0.103944  -0.31004 -0.945024  -4.24517
        0         0         0         1
2020/03/09 15:43:30 620432	INFO [input.cpp->run:235]	rotation: 
[-0.8119514584541321, -0.5751992464065552, 0.09940195083618164;
 -0.5743958950042725, 0.756981372833252, -0.3115258514881134;
 0.1039438843727112, -0.3100399971008301, -0.9450242519378662]
2020/03/09 15:43:30 620495	INFO [input.cpp->run:256]	frame times (ms): 570.189
2020/03/09 15:43:30 620500	INFO [input.cpp->run:257]	FPS: 1.7538
2020/03/09 15:43:30 699561	INFO [input.cpp->run:173]	
frame_id 35
2020/03/09 15:43:30 752442	WARNING [visualOdometry.cpp->trackingFrame2Frame:179]	The Estimated Rotation and translation matrices(using getTransformation function) are : 
    0.999997  0.000180081   0.00248203     -6.58573
-0.000182331            1  0.000934243     -3.30797
 -0.00248179  -0.00093469     0.999996     -7.33675
           0            0            0            1
2020/03/09 15:43:30 754238	INFO [input.cpp->run:235]	rotation: 
[0.9999969005584717, 0.0001800805330276489, 0.002482026815414429;
 -0.0001823306083679199, 0.9999995231628418, 0.0009342432022094727;
 -0.002481788396835327, -0.0009346902370452881, 0.9999964237213135]
2020/03/09 15:43:30 754292	INFO [input.cpp->run:256]	frame times (ms): 562.128
2020/03/09 15:43:30 754298	INFO [input.cpp->run:257]	FPS: 1.77895
2020/03/09 15:43:30 831105	INFO [input.cpp->run:173]	
frame_id 36
2020/03/09 15:43:30 881454	WARNING [visualOdometry.cpp->trackingFrame2Frame:179]	The Estimated Rotation and translation matrices(using getTransformation function) are : 
   0.999973  -0.0048719  0.00547206   -0.775113
 0.00489688    0.999978 -0.00454514    -0.39424
-0.00544986  0.00457177    0.999975   -0.867242
          0           0           0           1
2020/03/09 15:43:30 883271	INFO [input.cpp->run:235]	rotation: 
[0.9999732971191406, -0.004871904850006104, 0.005472064018249512;
 0.004896879196166992, 0.9999777674674988, -0.004545137286186218;
 -0.005449861288070679, 0.004571765661239624, 0.99997478723526]
2020/03/09 15:43:30 883339	INFO [input.cpp->run:256]	frame times (ms): 523.891
2020/03/09 15:43:30 883343	INFO [input.cpp->run:257]	FPS: 1.90879
2020/03/09 15:43:30 964115	INFO [input.cpp->run:173]	
frame_id 37
2020/03/09 15:43:31 014463	WARNING [visualOdometry.cpp->trackingFrame2Frame:179]	The Estimated Rotation and translation matrices(using getTransformation function) are : 
-0.918007 -0.383873 0.0995256   27.0441
-0.382529  0.790996 -0.477491   13.5643
 0.104571 -0.476411 -0.872982   29.3125
        0         0         0         1
2020/03/09 15:43:31 016126	INFO [input.cpp->run:235]	rotation: 
[-0.9180066585540771, -0.3838725686073303, 0.0995255708694458;
 -0.3825288414955139, 0.7909956574440002, -0.4774906635284424;
 0.1045713126659393, -0.4764111638069153, -0.8729817867279053]
2020/03/09 15:43:31 016179	INFO [input.cpp->run:256]	frame times (ms): 541.521
2020/03/09 15:43:31 016185	INFO [input.cpp->run:257]	FPS: 1.84665
2020/03/09 15:43:31 098173	INFO [input.cpp->run:173]	
frame_id 38
2020/03/09 15:43:31 149379	WARNING [visualOdometry.cpp->trackingFrame2Frame:179]	The Estimated Rotation and translation matrices(using getTransformation function) are : 
   0.999883  -0.0122428  0.00922352    -8.76183
  0.0123534    0.999851  -0.0120282    -4.42942
-0.00907493   0.0121408    0.999885    -9.53628
          0           0           0           1
2020/03/09 15:43:31 151030	INFO [input.cpp->run:235]	rotation: 
[0.9998825788497925, -0.01224277913570404, 0.009223520755767822;
 0.01235340535640717, 0.9998514652252197, -0.01202823221683502;
 -0.009074926376342773, 0.01214075088500977, 0.9998852014541626]
2020/03/09 15:43:31 151078	INFO [input.cpp->run:256]	frame times (ms): 546.732
2020/03/09 15:43:31 151083	INFO [input.cpp->run:257]	FPS: 1.82905
2020/03/09 15:43:31 231250	INFO [input.cpp->run:173]	
frame_id 39
2020/03/09 15:43:31 280634	WARNING [visualOdometry.cpp->trackingFrame2Frame:179]	The Estimated Rotation and translation matrices(using getTransformation function) are : 
-0.835068 -0.542024  0.094186   60.4546
-0.540871  0.777561 -0.320714   30.1016
 0.100599  -0.31876 -0.942482   65.2154
        0         0         0         1
2020/03/09 15:43:31 282444	INFO [input.cpp->run:235]	rotation: 
[-0.8350678086280823, -0.5420244336128235, 0.09418600797653198;
 -0.5408709049224854, 0.7775610089302063, -0.3207135498523712;
 0.1005991995334625, -0.3187601566314697, -0.9424817562103271]
2020/03/09 15:43:31 282502	INFO [input.cpp->run:256]	frame times (ms): 551.559
2020/03/09 15:43:31 282506	INFO [input.cpp->run:257]	FPS: 1.81304
2020/03/09 15:43:31 364761	INFO [input.cpp->run:173]	
frame_id 40
2020/03/09 15:43:31 415423	WARNING [visualOdometry.cpp->trackingFrame2Frame:179]	The Estimated Rotation and translation matrices(using getTransformation function) are : 
    0.999993  0.000959262   0.00350672    -0.153922
-0.000957653     0.999999 -0.000484288   -0.0777066
 -0.00350699   0.00048098     0.999994    -0.165888
           0            0            0            1
2020/03/09 15:43:31 417121	INFO [input.cpp->run:235]	rotation: 
[0.9999933838844299, 0.0009592622518539429, 0.003506720066070557;
 -0.0009576529264450073, 0.999999463558197, -0.0004842877388000488;
 -0.003506988286972046, 0.0004809796810150146, 0.9999936819076538]
2020/03/09 15:43:31 417168	INFO [input.cpp->run:256]	frame times (ms): 523.137
2020/03/09 15:43:31 417173	INFO [input.cpp->run:257]	FPS: 1.91155
2020/03/09 15:43:31 496026	INFO [input.cpp->run:173]	
frame_id 41
2020/03/09 15:43:31 544795	WARNING [visualOdometry.cpp->trackingFrame2Frame:179]	The Estimated Rotation and translation matrices(using getTransformation function) are : 
  -0.585302   -0.810726  -0.0120756     3.99424
  -0.810773    0.585053   0.0190191     1.98346
-0.00835422   0.0209225   -0.999746     3.80069
          0           0           0           1
2020/03/09 15:43:31 546489	INFO [input.cpp->run:235]	rotation: 
[-0.5853020548820496, -0.8107256889343262, -0.01207557320594788;
 -0.810772716999054, 0.5850527286529541, 0.01901906728744507;
 -0.008354216814041138, 0.02092254161834717, -0.9997464418411255]
2020/03/09 15:43:31 546545	INFO [input.cpp->run:256]	frame times (ms): 538.043
2020/03/09 15:43:31 546550	INFO [input.cpp->run:257]	FPS: 1.85859
2020/03/09 15:43:31 632549	INFO [input.cpp->run:173]	
frame_id 42
2020/03/09 15:43:31 680843	WARNING [visualOdometry.cpp->trackingFrame2Frame:179]	The Estimated Rotation and translation matrices(using getTransformation function) are : 
  0.10688 -0.907759 -0.405649   2.02415
 -0.88909  -0.26989  0.369702   1.05245
 -0.44508  0.321145 -0.835925   1.44827
        0         0         0         1
2020/03/09 15:43:31 682617	INFO [input.cpp->run:235]	rotation: 
[0.1068800091743469, -0.9077585935592651, -0.405648946762085;
 -0.8890896439552307, -0.2698898911476135, 0.3697015345096588;
 -0.4450801908969879, 0.3211446404457092, -0.835924506187439]
2020/03/09 15:43:31 682671	INFO [input.cpp->run:256]	frame times (ms): 535.183
2020/03/09 15:43:31 682675	INFO [input.cpp->run:257]	FPS: 1.86852
2020/03/09 15:43:31 763173	INFO [input.cpp->run:173]	
frame_id 43
2020/03/09 15:43:31 813932	WARNING [visualOdometry.cpp->trackingFrame2Frame:179]	The Estimated Rotation and translation matrices(using getTransformation function) are : 
 -0.569261  -0.821772 -0.0251423  0.0654616
 -0.821905   0.568066  0.0421051 0.00910596
-0.0203184  0.0446334  -0.998797  -0.413874
         0          0          0          1
2020/03/09 15:43:31 815910	INFO [input.cpp->run:235]	rotation: 
[-0.5692614316940308, -0.8217718005180359, -0.02514231204986572;
 -0.8219051957130432, 0.5680657029151917, 0.04210510849952698;
 -0.02031838893890381, 0.04463338851928711, -0.9987967014312744]
2020/03/09 15:43:31 815979	INFO [input.cpp->run:256]	frame times (ms): 526.726
2020/03/09 15:43:31 815984	INFO [input.cpp->run:257]	FPS: 1.89852
2020/03/09 15:43:31 899015	INFO [input.cpp->run:173]	
frame_id 44
2020/03/09 15:43:31 961095	WARNING [visualOdometry.cpp->trackingFrame2Frame:179]	The Estimated Rotation and translation matrices(using getTransformation function) are : 
-0.0527291  -0.930276  -0.363051   0.129297
 -0.931388  -0.085317   0.353889   0.202698
 -0.360189   0.356801  -0.861949   -0.33351
         0          0          0          1
2020/03/09 15:43:31 962919	INFO [input.cpp->run:235]	rotation: 
[-0.05272909998893738, -0.9302763342857361, -0.3630505204200745;
 -0.9313879609107971, -0.08531704545021057, 0.3538894057273865;
 -0.3601893782615662, 0.3568010926246643, -0.8619492650032043]
2020/03/09 15:43:31 962972	INFO [input.cpp->run:256]	frame times (ms): 545.796
2020/03/09 15:43:31 962976	INFO [input.cpp->run:257]	FPS: 1.83219
2020/03/09 15:43:32 031395	INFO [input.cpp->run:173]	
frame_id 45
2020/03/09 15:43:32 089149	WARNING [visualOdometry.cpp->trackingFrame2Frame:179]	The Estimated Rotation and translation matrices(using getTransformation function) are : 
 -0.659781  -0.751419 0.00765011   0.421145
  -0.75138   0.659531 -0.0211291   0.193501
 0.0108315 -0.0196887  -0.999747 -0.0238458
         0          0          0          1
2020/03/09 15:43:32 091287	INFO [input.cpp->run:235]	rotation: 
[-0.6597808003425598, -0.7514190673828125, 0.007650107145309448;
 -0.7513799667358398, 0.6595313549041748, -0.02112914621829987;
 0.01083147525787354, -0.01968872547149658, -0.9997474551200867]
2020/03/09 15:43:32 091350	INFO [input.cpp->run:256]	frame times (ms): 543.119
2020/03/09 15:43:32 091355	INFO [input.cpp->run:257]	FPS: 1.84122
2020/03/09 15:43:32 163789	INFO [input.cpp->run:173]	
frame_id 46
2020/03/09 15:43:32 215289	WARNING [visualOdometry.cpp->trackingFrame2Frame:179]	The Estimated Rotation and translation matrices(using getTransformation function) are : 
-0.875861 -0.472731  0.096917 -0.169438
-0.471711  0.796365  -0.37854 -0.173162
 0.101766 -0.377265 -0.920497  -0.61068
        0         0         0         1
2020/03/09 15:43:32 217271	INFO [input.cpp->run:235]	rotation: 
[-0.8758612275123596, -0.4727308750152588, 0.09691700339317322;
 -0.4717107713222504, 0.7963647246360779, -0.3785397112369537;
 0.1017661690711975, -0.3772650361061096, -0.9204971790313721]
2020/03/09 15:43:32 217332	INFO [input.cpp->run:256]	frame times (ms): 560.333
2020/03/09 15:43:32 217337	INFO [input.cpp->run:257]	FPS: 1.78465
2020/03/09 15:43:32 298589	INFO [input.cpp->run:173]	
frame_id 47
2020/03/09 15:43:32 350423	WARNING [visualOdometry.cpp->trackingFrame2Frame:179]	The Estimated Rotation and translation matrices(using getTransformation function) are : 
  0.997895 -0.0566615  0.0315633   -230.255
  0.058413   0.996627 -0.0576472   -108.695
-0.0281904  0.0593695   0.997838   -237.783
         0          0          0          1
2020/03/09 15:43:32 352218	INFO [input.cpp->run:235]	rotation: 
[0.9978947043418884, -0.05666150152683258, 0.03156331181526184;
 0.05841301381587982, 0.9966269135475159, -0.0576472282409668;
 -0.02819043397903442, 0.05936954915523529, 0.9978380799293518]
2020/03/09 15:43:32 352269	INFO [input.cpp->run:256]	frame times (ms): 544.369
2020/03/09 15:43:32 352273	INFO [input.cpp->run:257]	FPS: 1.83699
2020/03/09 15:43:32 429444	INFO [input.cpp->run:173]	
frame_id 48
2020/03/09 15:43:32 483097	WARNING [visualOdometry.cpp->trackingFrame2Frame:179]	The Estimated Rotation and translation matrices(using getTransformation function) are : 
  -0.999755   0.0188292  -0.0116296    -1.05935
  0.0212331     0.66792    -0.74393   -0.587707
-0.00624001   -0.743995   -0.668156    -1.39681
          0           0           0           1
2020/03/09 15:43:32 485467	INFO [input.cpp->run:235]	rotation: 
[-0.9997552037239075, 0.01882922649383545, -0.01162958145141602;
 0.02123314142227173, 0.6679200530052185, -0.7439302206039429;
 -0.006240010261535645, -0.7439949512481689, -0.6681563258171082]
2020/03/09 15:43:32 485522	INFO [input.cpp->run:256]	frame times (ms): 540.033
2020/03/09 15:43:32 485527	INFO [input.cpp->run:257]	FPS: 1.85174
2020/03/09 15:43:32 564087	INFO [input.cpp->run:173]	
frame_id 49
2020/03/09 15:43:32 615022	WARNING [visualOdometry.cpp->trackingFrame2Frame:179]	The Estimated Rotation and translation matrices(using getTransformation function) are : 
-0.817315 -0.571159 0.0759841 -0.739664
-0.570851  0.784759 -0.241416 -0.391671
0.0782576 -0.240689 -0.967442  -1.18579
        0         0         0         1
2020/03/09 15:43:32 616971	INFO [input.cpp->run:235]	rotation: 
[-0.8173153400421143, -0.5711585283279419, 0.07598409056663513;
 -0.5708514451980591, 0.7847590446472168, -0.2414160370826721;
 0.07825759053230286, -0.2406887114048004, -0.9674423933029175]
2020/03/09 15:43:32 617037	INFO [input.cpp->run:256]	frame times (ms): 554.261
2020/03/09 15:43:32 617043	INFO [input.cpp->run:257]	FPS: 1.8042
2020/03/09 15:43:32 699902	INFO [input.cpp->run:173]	
frame_id 50
2020/03/09 15:43:32 750863	WARNING [visualOdometry.cpp->trackingFrame2Frame:179]	The Estimated Rotation and translation matrices(using getTransformation function) are : 
-0.158038  -0.71813 -0.677727   4.48173
-0.712282 -0.392441  0.581932   1.88169
-0.683871    0.5747  -0.44949   3.73955
        0         0         0         1
2020/03/09 15:43:32 752869	INFO [input.cpp->run:235]	rotation: 
[-0.1580376029014587, -0.7181297540664673, -0.6777273416519165;
 -0.7122819423675537, -0.3924412131309509, 0.5819319486618042;
 -0.6838706135749817, 0.5746997594833374, -0.4494900405406952]
2020/03/09 15:43:32 752929	INFO [input.cpp->run:256]	frame times (ms): 558.352
2020/03/09 15:43:32 752934	INFO [input.cpp->run:257]	FPS: 1.79098
2020/03/09 15:43:32 832231	INFO [input.cpp->run:173]	
frame_id 51
2020/03/09 15:43:32 884472	WARNING [visualOdometry.cpp->trackingFrame2Frame:179]	The Estimated Rotation and translation matrices(using getTransformation function) are : 
-0.903871 -0.415925  0.100116   1.33504
-0.415018  0.795718 -0.441127  0.545353
 0.103812 -0.440272 -0.891843  0.898553
        0         0         0         1
2020/03/09 15:43:32 886235	INFO [input.cpp->run:235]	rotation: 
[-0.9038709402084351, -0.4159254729747772, 0.1001160740852356;
 -0.4150184988975525, 0.7957175374031067, -0.4411271810531616;
 0.1038118302822113, -0.4402721226215363, -0.8918427228927612]
2020/03/09 15:43:32 886289	INFO [input.cpp->run:256]	frame times (ms): 552.738
2020/03/09 15:43:32 886294	INFO [input.cpp->run:257]	FPS: 1.80918
2020/03/09 15:43:32 964157	INFO [input.cpp->run:173]	
frame_id 52
2020/03/09 15:43:33 016105	WARNING [visualOdometry.cpp->trackingFrame2Frame:179]	The Estimated Rotation and translation matrices(using getTransformation function) are : 
    0.999993   0.00349918  0.000781685     -4.05205
 -0.00349866     0.999994 -0.000705898     -1.86031
-0.000784129  0.000703186     0.999999     -4.08177
           0            0            0            1
2020/03/09 15:43:33 017992	INFO [input.cpp->run:235]	rotation: 
[0.9999934434890747, 0.00349918007850647, 0.0007816851139068604;
 -0.003498658537864685, 0.9999935030937195, -0.0007058978080749512;
 -0.0007841289043426514, 0.0007031857967376709, 0.9999994039535522]
2020/03/09 15:43:33 018053	INFO [input.cpp->run:256]	frame times (ms): 553.283
2020/03/09 15:43:33 018059	INFO [input.cpp->run:257]	FPS: 1.80739
2020/03/09 15:43:33 097817	INFO [input.cpp->run:173]	
frame_id 53
2020/03/09 15:43:33 149201	WARNING [visualOdometry.cpp->trackingFrame2Frame:179]	The Estimated Rotation and translation matrices(using getTransformation function) are : 
   0.999938   0.0107527 -0.00274363     5.39643
 -0.0107288    0.999906  0.00854109     2.53071
 0.00283533 -0.00851104     0.99996      5.4377
          0           0           0           1
2020/03/09 15:43:33 151370	INFO [input.cpp->run:235]	rotation: 
[0.9999383687973022, 0.01075270771980286, -0.002743631601333618;
 -0.01072882115840912, 0.9999058842658997, 0.008541092276573181;
 0.002835333347320557, -0.00851103663444519, 0.9999597072601318]
2020/03/09 15:43:33 151431	INFO [input.cpp->run:256]	frame times (ms): 563.266
2020/03/09 15:43:33 151436	INFO [input.cpp->run:257]	FPS: 1.77536
2020/03/09 15:43:33 230585	INFO [input.cpp->run:173]	
frame_id 54
2020/03/09 15:43:33 282520	WARNING [visualOdometry.cpp->trackingFrame2Frame:179]	The Estimated Rotation and translation matrices(using getTransformation function) are : 
   0.999997  0.00206748  0.00109395   -0.815121
-0.00206582    0.999997 -0.00148202   -0.357053
-0.00109714  0.00147972    0.999998   -0.829383
          0           0           0           1
2020/03/09 15:43:33 284259	INFO [input.cpp->run:235]	rotation: 
[0.9999973773956299, 0.002067476511001587, 0.001093953847885132;
 -0.00206582248210907, 0.9999967813491821, -0.001482024788856506;
 -0.001097142696380615, 0.00147971510887146, 0.9999984502792358]
2020/03/09 15:43:33 284311	INFO [input.cpp->run:256]	frame times (ms): 561.121
2020/03/09 15:43:33 284313	INFO [input.cpp->run:257]	FPS: 1.78215
2020/03/09 15:43:33 364551	INFO [input.cpp->run:173]	
frame_id 55
2020/03/09 15:43:33 419088	WARNING [visualOdometry.cpp->trackingFrame2Frame:179]	The Estimated Rotation and translation matrices(using getTransformation function) are : 
    0.999999   0.00042896   0.00119984     -5.50323
-0.000425339     0.999995   -0.0029836      -2.4297
 -0.00120106   0.00298309     0.999995     -5.53054
           0            0            0            1
2020/03/09 15:43:33 420884	INFO [input.cpp->run:235]	rotation: 
[0.9999991655349731, 0.0004289597272872925, 0.001199841499328613;
 -0.0004253387451171875, 0.9999954104423523, -0.002983599901199341;
 -0.001201063394546509, 0.00298309326171875, 0.9999948143959045]
2020/03/09 15:43:33 420940	INFO [input.cpp->run:256]	frame times (ms): 578.93
2020/03/09 15:43:33 420946	INFO [input.cpp->run:257]	FPS: 1.72732
2020/03/09 15:43:33 496677	INFO [input.cpp->run:173]	
frame_id 56
2020/03/09 15:43:33 549624	WARNING [visualOdometry.cpp->trackingFrame2Frame:179]	The Estimated Rotation and translation matrices(using getTransformation function) are : 
    0.999992   0.00401115 -0.000669658    -0.514367
 -0.00401008     0.999991   0.00163625    -0.224949
 0.000676334  -0.00163357     0.999998    -0.516024
           0            0            0            1
2020/03/09 15:43:33 551378	INFO [input.cpp->run:235]	rotation: 
[0.9999916553497314, 0.004011154174804688, -0.0006696581840515137;
 -0.00401008129119873, 0.9999905824661255, 0.00163625180721283;
 0.0006763339042663574, -0.001633569598197937, 0.9999983310699463]
2020/03/09 15:43:33 551437	INFO [input.cpp->run:256]	frame times (ms): 594.286
2020/03/09 15:43:33 551442	INFO [input.cpp->run:257]	FPS: 1.68269
2020/03/09 15:43:33 633717	INFO [input.cpp->run:173]	
frame_id 57
2020/03/09 15:43:33 688995	WARNING [visualOdometry.cpp->trackingFrame2Frame:179]	The Estimated Rotation and translation matrices(using getTransformation function) are : 
 -0.604557  -0.796431  0.0144257   -14.5285
 -0.796456   0.604082 -0.0272423   -7.92107
 0.0129822  -0.027959  -0.999525   -15.6149
         0          0          0          1
2020/03/09 15:43:33 690705	INFO [input.cpp->run:235]	rotation: 
[-0.6045565605163574, -0.7964313626289368, 0.01442569494247437;
 -0.7964562773704529, 0.6040819883346558, -0.0272422581911087;
 0.01298218965530396, -0.02795897424221039, -0.9995245933532715]
2020/03/09 15:43:33 690744	INFO [input.cpp->run:256]	frame times (ms): 594.275
2020/03/09 15:43:33 690748	INFO [input.cpp->run:257]	FPS: 1.68272
2020/03/09 15:43:33 764638	INFO [input.cpp->run:173]	
frame_id 58
2020/03/09 15:43:33 822225	WARNING [visualOdometry.cpp->trackingFrame2Frame:179]	The Estimated Rotation and translation matrices(using getTransformation function) are : 
-0.203486 -0.583859  0.785941  -1.33476
-0.546484 -0.598325 -0.585972  -1.22126
 0.812373 -0.548741 -0.197319  -1.79119
        0         0         0         1
2020/03/09 15:43:33 824198	INFO [input.cpp->run:235]	rotation: 
[-0.2034855484962463, -0.5838589668273926, 0.7859405875205994;
 -0.546484112739563, -0.5983246564865112, -0.5859719514846802;
 0.8123725652694702, -0.5487406253814697, -0.1973191201686859]
2020/03/09 15:43:33 824247	INFO [input.cpp->run:256]	frame times (ms): 604.203
2020/03/09 15:43:33 824253	INFO [input.cpp->run:257]	FPS: 1.65507
2020/03/09 15:43:33 898970	INFO [input.cpp->run:173]	
frame_id 59
2020/03/09 15:43:33 955029	WARNING [visualOdometry.cpp->trackingFrame2Frame:179]	The Estimated Rotation and translation matrices(using getTransformation function) are : 
-0.880664 -0.464867 0.0912701  -3.50002
-0.464834   0.81073 -0.355874  -1.66025
0.0914387  -0.35583 -0.930066  -3.95624
        0         0         0         1
2020/03/09 15:43:33 957068	INFO [input.cpp->run:235]	rotation: 
[-0.8806636333465576, -0.4648672044277191, 0.09127005934715271;
 -0.4648340344429016, 0.81072998046875, -0.3558738231658936;
 0.09143871068954468, -0.3558304905891418, -0.9300664067268372]
2020/03/09 15:43:33 957126	INFO [input.cpp->run:256]	frame times (ms): 606.764
2020/03/09 15:43:33 957131	INFO [input.cpp->run:257]	FPS: 1.64809
2020/03/09 15:43:34 030367	INFO [input.cpp->run:173]	
frame_id 60
2020/03/09 15:43:34 089229	WARNING [visualOdometry.cpp->trackingFrame2Frame:179]	The Estimated Rotation and translation matrices(using getTransformation function) are : 
 -0.695791  -0.718094  0.0146566   -7.20677
 -0.718109    0.69512 -0.0335739   -3.14692
 0.0139212 -0.0338854  -0.999329   -7.65991
         0          0          0          1
2020/03/09 15:43:34 091295	INFO [input.cpp->run:235]	rotation: 
[-0.695791482925415, -0.7180943489074707, 0.01465660333633423;
 -0.7181090116500854, 0.6951204538345337, -0.03357388079166412;
 0.01392120122909546, -0.0338854044675827, -0.9993287324905396]
2020/03/09 15:43:34 091351	INFO [input.cpp->run:256]	frame times (ms): 590.117
2020/03/09 15:43:34 091358	INFO [input.cpp->run:257]	FPS: 1.69458
2020/03/09 15:43:34 166857	INFO [input.cpp->run:173]	
frame_id 61
2020/03/09 15:43:34 222616	WARNING [visualOdometry.cpp->trackingFrame2Frame:179]	The Estimated Rotation and translation matrices(using getTransformation function) are : 
-0.971293  0.205595 -0.119668  0.577652
 0.205841  0.474212 -0.856009  0.108792
-0.119243 -0.856069 -0.502919  0.293499
        0         0         0         1
2020/03/09 15:43:34 224411	INFO [input.cpp->run:235]	rotation: 
[-0.9712932109832764, 0.2055947184562683, -0.1196675002574921;
 0.2058410942554474, 0.4742124378681183, -0.856009304523468;
 -0.1192431747913361, -0.8560686111450195, -0.5029192566871643]
2020/03/09 15:43:34 224474	INFO [input.cpp->run:256]	frame times (ms): 591.5
2020/03/09 15:43:34 224480	INFO [input.cpp->run:257]	FPS: 1.69062
2020/03/09 15:43:34 298488	INFO [input.cpp->run:173]	
frame_id 62
2020/03/09 15:43:34 354792	WARNING [visualOdometry.cpp->trackingFrame2Frame:179]	The Estimated Rotation and translation matrices(using getTransformation function) are : 
-0.847845   -0.5242 0.0798376   1.05544
-0.524377  0.806567 -0.272907  0.393453
0.0786634 -0.273248 -0.958722  0.585737
        0         0         0         1
2020/03/09 15:43:34 356637	INFO [input.cpp->run:235]	rotation: 
[-0.8478448987007141, -0.5241997241973877, 0.07983756065368652;
 -0.5243772268295288, 0.8065670728683472, -0.2729069590568542;
 0.0786634087562561, -0.2732477784156799, -0.9587220549583435]
2020/03/09 15:43:34 356692	INFO [input.cpp->run:256]	frame times (ms): 610.923
2020/03/09 15:43:34 356696	INFO [input.cpp->run:257]	FPS: 1.63687
2020/03/09 15:43:34 432340	INFO [input.cpp->run:173]	
frame_id 63
2020/03/09 15:43:34 485675	WARNING [visualOdometry.cpp->trackingFrame2Frame:179]	The Estimated Rotation and translation matrices(using getTransformation function) are : 
  0.999993 0.00297336 -0.0023644   -18.3557
-0.0029695   0.999995 0.00161006    -7.9543
 0.0023689 -0.0016031   0.999996   -18.4563
         0          0          0          1
2020/03/09 15:43:34 488034	INFO [input.cpp->run:235]	rotation: 
[0.9999930858612061, 0.002973362803459167, -0.002364397048950195;
 -0.002969503402709961, 0.9999946355819702, 0.001610055565834045;
 0.002368897199630737, -0.001603096723556519, 0.9999960660934448]
2020/03/09 15:43:34 488105	INFO [input.cpp->run:256]	frame times (ms): 581.249
2020/03/09 15:43:34 488113	INFO [input.cpp->run:257]	FPS: 1.72043
2020/03/09 15:43:34 564176	INFO [input.cpp->run:173]	
frame_id 64
2020/03/09 15:43:34 615732	WARNING [visualOdometry.cpp->trackingFrame2Frame:179]	The Estimated Rotation and translation matrices(using getTransformation function) are : 
-0.892289 -0.442422  0.089907  -2.19668
-0.442678  0.818302  -0.36663  -1.07659
 0.088634 -0.366939 -0.926013  -2.64991
        0         0         0         1
2020/03/09 15:43:34 617525	INFO [input.cpp->run:235]	rotation: 
[-0.8922888040542603, -0.4424216747283936, 0.08990699052810669;
 -0.4426784217357635, 0.8183021545410156, -0.3666296601295471;
 0.0886339545249939, -0.3669394254684448, -0.9260125160217285]
2020/03/09 15:43:34 617579	INFO [input.cpp->run:256]	frame times (ms): 576.87
2020/03/09 15:43:34 617584	INFO [input.cpp->run:257]	FPS: 1.73349
2020/03/09 15:43:34 700091	INFO [input.cpp->run:173]	
frame_id 65
2020/03/09 15:43:34 755830	WARNING [visualOdometry.cpp->trackingFrame2Frame:179]	The Estimated Rotation and translation matrices(using getTransformation function) are : 
 -0.618067  -0.785586 -0.0290929    92.6354
 -0.785575   0.615828  0.0602237    41.6376
-0.0293948  0.0600769  -0.997761    92.9429
         0          0          0          1
2020/03/09 15:43:34 757647	INFO [input.cpp->run:235]	rotation: 
[-0.6180674433708191, -0.7855864763259888, -0.02909287810325623;
 -0.7855751514434814, 0.6158282160758972, 0.06022366881370544;
 -0.02939483523368835, 0.06007689237594604, -0.9977607727050781]
2020/03/09 15:43:34 757699	INFO [input.cpp->run:256]	frame times (ms): 595.18
2020/03/09 15:43:34 757703	INFO [input.cpp->run:257]	FPS: 1.68016
2020/03/09 15:43:34 831791	INFO [input.cpp->run:173]	
frame_id 66
2020/03/09 15:43:34 886851	WARNING [visualOdometry.cpp->trackingFrame2Frame:179]	The Estimated Rotation and translation matrices(using getTransformation function) are : 
-0.788735  0.471142  -0.39487  -4.62643
  0.47233 0.0533467 -0.879806  -1.86546
-0.393449 -0.880442 -0.264611  -5.16862
        0         0         0         1
2020/03/09 15:43:34 888928	INFO [input.cpp->run:235]	rotation: 
[-0.7887346148490906, 0.4711424112319946, -0.3948704600334167;
 0.4723303616046906, 0.05334673821926117, -0.8798058032989502;
 -0.3934487104415894, -0.8804424405097961, -0.2646113038063049]
2020/03/09 15:43:34 888987	INFO [input.cpp->run:256]	frame times (ms): 594.575
2020/03/09 15:43:34 888992	INFO [input.cpp->run:257]	FPS: 1.68187
2020/03/09 15:43:34 963479	INFO [input.cpp->run:173]	
frame_id 67
2020/03/09 15:43:35 018835	WARNING [visualOdometry.cpp->trackingFrame2Frame:179]	The Estimated Rotation and translation matrices(using getTransformation function) are : 
  0.996303  0.0793466 -0.0329124    -0.6708
-0.0765319     0.9939  0.0794092  -0.296425
 0.0390125 -0.0765968   0.996299  -0.650804
         0          0          0          1
2020/03/09 15:43:35 020621	INFO [input.cpp->run:235]	rotation: 
[0.9963034987449646, 0.07934656739234924, -0.03291243314743042;
 -0.07653187215328217, 0.9938998222351074, 0.07940919697284698;
 0.03901249170303345, -0.07659684121608734, 0.9962986707687378]
2020/03/09 15:43:35 020676	INFO [input.cpp->run:256]	frame times (ms): 609.183
2020/03/09 15:43:35 020680	INFO [input.cpp->run:257]	FPS: 1.64154
2020/03/09 15:43:35 096741	INFO [input.cpp->run:173]	
frame_id 68
2020/03/09 15:43:35 149257	WARNING [visualOdometry.cpp->trackingFrame2Frame:179]	The Estimated Rotation and translation matrices(using getTransformation function) are : 
-0.911022  0.337559 -0.236839   2.07697
 0.336281  0.275776 -0.900479  0.828919
 -0.23865 -0.900001 -0.364753   1.92927
        0         0         0         1
2020/03/09 15:43:35 151373	INFO [input.cpp->run:235]	rotation: 
[-0.9110220670700073, 0.3375590145587921, -0.2368391305208206;
 0.336280882358551, 0.275775820016861, -0.9004793167114258;
 -0.2386504411697388, -0.9000009298324585, -0.3647525608539581]
2020/03/09 15:43:35 151442	INFO [input.cpp->run:256]	frame times (ms): 591.768
2020/03/09 15:43:35 151447	INFO [input.cpp->run:257]	FPS: 1.68985
2020/03/09 15:43:35 232636	INFO [input.cpp->run:173]	
frame_id 69
2020/03/09 15:43:35 288335	WARNING [visualOdometry.cpp->trackingFrame2Frame:179]	The Estimated Rotation and translation matrices(using getTransformation function) are : 
-0.983606 -0.169703  0.060988   6.97823
 -0.17053  0.765374 -0.620582   3.05979
0.0586362 -0.620809 -0.781766   6.74685
        0         0         0         1
2020/03/09 15:43:35 290469	INFO [input.cpp->run:235]	rotation: 
[-0.9836061000823975, -0.169703334569931, 0.06098797917366028;
 -0.1705302000045776, 0.7653738260269165, -0.6205821633338928;
 0.05863618850708008, -0.6208087801933289, -0.7817660570144653]
2020/03/09 15:43:35 290527	INFO [input.cpp->run:256]	frame times (ms): 587.763
2020/03/09 15:43:35 290532	INFO [input.cpp->run:257]	FPS: 1.70137
2020/03/09 15:43:35 363695	INFO [input.cpp->run:173]	
frame_id 70
2020/03/09 15:43:35 420305	WARNING [visualOdometry.cpp->trackingFrame2Frame:179]	The Estimated Rotation and translation matrices(using getTransformation function) are : 
-0.871571 -0.483205 0.0829327   3.36642
-0.483538   0.81928 -0.308173   1.44251
0.0809658 -0.308696 -0.947708   3.01707
        0         0         0         1
2020/03/09 15:43:35 422120	INFO [input.cpp->run:235]	rotation: 
[-0.8715705871582031, -0.4832047820091248, 0.0829327404499054;
 -0.4835382401943207, 0.819280207157135, -0.3081732988357544;
 0.08096581697463989, -0.3086958527565002, -0.9477084875106812]
2020/03/09 15:43:35 422175	INFO [input.cpp->run:256]	frame times (ms): 581.218
2020/03/09 15:43:35 422179	INFO [input.cpp->run:257]	FPS: 1.72052
2020/03/09 15:43:35 499487	INFO [input.cpp->run:173]	
frame_id 71
2020/03/09 15:43:35 555661	WARNING [visualOdometry.cpp->trackingFrame2Frame:179]	The Estimated Rotation and translation matrices(using getTransformation function) are : 
-0.894447 -0.437335 0.0932852   18.5587
-0.437682  0.813448 -0.383061   8.38892
0.0916433 -0.383457    -0.919   18.5231
        0         0         0         1
2020/03/09 15:43:35 557488	INFO [input.cpp->run:235]	rotation: 
[-0.8944472074508667, -0.4373352229595184, 0.09328523278236389;
 -0.4376822412014008, 0.8134484887123108, -0.3830612301826477;
 0.09164333343505859, -0.3834573030471802, -0.9190004467964172]
2020/03/09 15:43:35 557532	INFO [input.cpp->run:256]	frame times (ms): 590.471
2020/03/09 15:43:35 557536	INFO [input.cpp->run:257]	FPS: 1.69356
2020/03/09 15:43:35 631619	INFO [input.cpp->run:173]	
frame_id 72
2020/03/09 15:43:35 681252	WARNING [visualOdometry.cpp->trackingFrame2Frame:179]	The Estimated Rotation and translation matrices(using getTransformation function) are : 
-0.0967991   0.415315   0.904513    1.99616
   0.36984  -0.828702   0.420086   0.881404
  0.924039   0.375189 -0.0733825    1.51179
         0          0          0          1
2020/03/09 15:43:35 683023	INFO [input.cpp->run:235]	rotation: 
[-0.0967991054058075, 0.4153153896331787, 0.9045125842094421;
 0.3698397576808929, -0.8287017345428467, 0.4200855493545532;
 0.9240391850471497, 0.3751885890960693, -0.07338252663612366]
2020/03/09 15:43:35 683073	INFO [input.cpp->run:256]	frame times (ms): 592.801
2020/03/09 15:43:35 683078	INFO [input.cpp->run:257]	FPS: 1.68691
2020/03/09 15:43:35 764698	INFO [input.cpp->run:173]	
frame_id 73
2020/03/09 15:43:35 815209	WARNING [visualOdometry.cpp->trackingFrame2Frame:179]	The Estimated Rotation and translation matrices(using getTransformation function) are : 
           1  9.64999e-05  -0.00104386    0.0735962
-9.50992e-05     0.999999   0.00131083    0.0346443
  0.00104401  -0.00131072     0.999999    0.0755643
           0            0            0            1
2020/03/09 15:43:35 817079	INFO [input.cpp->run:235]	rotation: 
[0.9999995231628418, 9.649991989135742e-05, -0.001043856143951416;
 -9.509921073913574e-05, 0.9999992251396179, 0.001310825347900391;
 0.001044005155563354, -0.001310721039772034, 0.9999987483024597]
2020/03/09 15:43:35 817136	INFO [input.cpp->run:256]	frame times (ms): 587.39
2020/03/09 15:43:35 817139	INFO [input.cpp->run:257]	FPS: 1.70245
2020/03/09 15:43:35 899504	INFO [input.cpp->run:173]	
frame_id 74
2020/03/09 15:43:35 952624	WARNING [visualOdometry.cpp->trackingFrame2Frame:179]	The Estimated Rotation and translation matrices(using getTransformation function) are : 
           1 -0.000393018 -0.000743687     0.354216
 0.000394017     0.999999   0.00137572      0.16109
 0.000743181  -0.00137596     0.999999     0.361547
           0            0            0            1
2020/03/09 15:43:35 954478	INFO [input.cpp->run:235]	rotation: 
[0.9999995827674866, -0.0003930181264877319, -0.0007436871528625488;
 0.0003940165042877197, 0.9999988675117493, 0.001375719904899597;
 0.000743180513381958, -0.001375958323478699, 0.9999986886978149]
2020/03/09 15:43:35 954528	INFO [input.cpp->run:256]	frame times (ms): 581.502
2020/03/09 15:43:35 954532	INFO [input.cpp->run:257]	FPS: 1.71968
2020/03/09 15:43:36 030301	INFO [input.cpp->run:173]	
frame_id 75
2020/03/09 15:43:36 084399	WARNING [visualOdometry.cpp->trackingFrame2Frame:179]	The Estimated Rotation and translation matrices(using getTransformation function) are : 
 -0.990028   0.124805 -0.0653377   -1.90802
  0.124094   0.553103  -0.823819  -0.989465
-0.0666779  -0.823712  -0.563074    -2.1891
         0          0          0          1
2020/03/09 15:43:36 086138	INFO [input.cpp->run:235]	rotation: 
[-0.9900276660919189, 0.1248045861721039, -0.06533771753311157;
 0.124093696475029, 0.5531026124954224, -0.8238192200660706;
 -0.06667792797088623, -0.8237118721008301, -0.5630744099617004]
2020/03/09 15:43:36 086194	INFO [input.cpp->run:256]	frame times (ms): 591.998
2020/03/09 15:43:36 086198	INFO [input.cpp->run:257]	FPS: 1.68919
2020/03/09 15:43:36 166523	INFO [input.cpp->run:173]	
frame_id 76
2020/03/09 15:43:36 219062	WARNING [visualOdometry.cpp->trackingFrame2Frame:179]	The Estimated Rotation and translation matrices(using getTransformation function) are : 
   0.999959 -0.00844793  0.00325298     1.79437
 0.00847037     0.99994 -0.00692205    0.820712
-0.00319439  0.00694939    0.999971     1.79913
          0           0           0           1
2020/03/09 15:43:36 220938	INFO [input.cpp->run:235]	rotation: 
[0.9999591112136841, -0.008447930216789246, 0.003252983093261719;
 0.00847037136554718, 0.9999400973320007, -0.006922051310539246;
 -0.00319439172744751, 0.006949394941329956, 0.9999708533287048]
2020/03/09 15:43:36 220995	INFO [input.cpp->run:256]	frame times (ms): 593.049
2020/03/09 15:43:36 220999	INFO [input.cpp->run:257]	FPS: 1.6862
2020/03/09 15:43:36 299704	INFO [input.cpp->run:173]	
frame_id 77
2020/03/09 15:43:36 353534	WARNING [visualOdometry.cpp->trackingFrame2Frame:179]	The Estimated Rotation and translation matrices(using getTransformation function) are : 
   0.999992 -0.00382486  0.00139827   -0.336289
 0.00382897    0.999988  -0.0028701   -0.150255
-0.00138727  0.00287539    0.999995   -0.348608
          0           0           0           1
2020/03/09 15:43:36 355666	INFO [input.cpp->run:235]	rotation: 
[0.999991774559021, -0.003824859857559204, 0.001398265361785889;
 0.003828972578048706, 0.9999883770942688, -0.002870097756385803;
 -0.001387268304824829, 0.002875387668609619, 0.9999949932098389]
2020/03/09 15:43:36 355709	INFO [input.cpp->run:256]	frame times (ms): 586.921
2020/03/09 15:43:36 355714	INFO [input.cpp->run:257]	FPS: 1.70381
2020/03/09 15:43:36 432875	INFO [input.cpp->run:173]	
frame_id 78
2020/03/09 15:43:36 487340	WARNING [visualOdometry.cpp->trackingFrame2Frame:179]	The Estimated Rotation and translation matrices(using getTransformation function) are : 
    0.999998  -0.00184819  0.000579834     0.423099
  0.00184828     0.999998   0.00010033      0.19582
-0.000579834 -9.91821e-05            1     0.428573
           0            0            0            1
2020/03/09 15:43:36 489443	INFO [input.cpp->run:235]	rotation: 
[0.9999980926513672, -0.001848191022872925, 0.000579833984375;
 0.001848280429840088, 0.9999982118606567, 0.0001003295183181763;
 -0.000579833984375, -9.918212890625e-05, 0.9999997019767761]
2020/03/09 15:43:36 489488	INFO [input.cpp->run:256]	frame times (ms): 607.131
2020/03/09 15:43:36 489493	INFO [input.cpp->run:257]	FPS: 1.64709
2020/03/09 15:43:36 563863	INFO [input.cpp->run:173]	
frame_id 79
2020/03/09 15:43:36 618275	WARNING [visualOdometry.cpp->trackingFrame2Frame:179]	The Estimated Rotation and translation matrices(using getTransformation function) are : 
           1  -0.00047116  0.000198156     -1.43944
  0.00047113            1 -0.000136852    -0.663647
-0.000198066  0.000136897            1     -1.45765
           0            0            0            1
2020/03/09 15:43:36 620591	INFO [input.cpp->run:235]	rotation: 
[0.9999997615814209, -0.000471159815788269, 0.0001981556415557861;
 0.0004711300134658813, 0.9999998211860657, -0.0001368522644042969;
 -0.000198066234588623, 0.0001368969678878784, 0.9999998211860657]
2020/03/09 15:43:36 620647	INFO [input.cpp->run:256]	frame times (ms): 591.645
2020/03/09 15:43:36 620652	INFO [input.cpp->run:257]	FPS: 1.6902
2020/03/09 15:43:36 697498	INFO [input.cpp->run:173]	
frame_id 80
2020/03/09 15:43:36 745969	WARNING [visualOdometry.cpp->trackingFrame2Frame:179]	The Estimated Rotation and translation matrices(using getTransformation function) are : 
           1 -0.000879779  0.000715911   -0.0639408
  0.00087972            1  -9.6038e-05   -0.0289354
-0.000716031  9.66191e-05            1   -0.0640721
           0            0            0            1
2020/03/09 15:43:36 748574	INFO [input.cpp->run:235]	rotation: 
[0.9999995231628418, -0.0008797794580459595, 0.0007159113883972168;
 0.0008797198534011841, 0.9999998807907104, -9.603798389434814e-05;
 -0.0007160305976867676, 9.66191291809082e-05, 0.9999996423721313]
2020/03/09 15:43:36 748627	INFO [input.cpp->run:256]	frame times (ms): 581.431
2020/03/09 15:43:36 748631	INFO [input.cpp->run:257]	FPS: 1.71989
2020/03/09 15:43:36 830923	INFO [input.cpp->run:173]	
frame_id 81
2020/03/09 15:43:36 888305	WARNING [visualOdometry.cpp->trackingFrame2Frame:179]	The Estimated Rotation and translation matrices(using getTransformation function) are : 
    0.999998  -0.00119078   0.00106853    0.0215588
  0.00119115     0.999999 -0.000403151    0.0103062
 -0.00106782  0.000404522     0.999999    0.0211271
           0            0            0            1
2020/03/09 15:43:36 890146	INFO [input.cpp->run:235]	rotation: 
[0.9999984502792358, -0.001190781593322754, 0.001068532466888428;
 0.0011911541223526, 0.9999990463256836, -0.0004031509160995483;
 -0.001067817211151123, 0.0004045218229293823, 0.9999990463256836]
2020/03/09 15:43:36 890189	INFO [input.cpp->run:256]	frame times (ms): 600.865
2020/03/09 15:43:36 890194	INFO [input.cpp->run:257]	FPS: 1.66427
2020/03/09 15:43:36 964406	INFO [input.cpp->run:173]	
frame_id 82
2020/03/09 15:43:37 018588	WARNING [visualOdometry.cpp->trackingFrame2Frame:179]	The Estimated Rotation and translation matrices(using getTransformation function) are : 
           1 -1.22637e-05  0.000727504     -0.19593
 1.21742e-05            1  0.000101388   -0.0977151
-0.000727534 -0.000101402            1    -0.203829
           0            0            0            1
2020/03/09 15:43:37 020397	INFO [input.cpp->run:235]	rotation: 
[0.9999997615814209, -1.226365566253662e-05, 0.0007275044918060303;
 1.217424869537354e-05, 1, 0.0001013875007629395;
 -0.000727534294128418, -0.0001014024019241333, 0.9999998211860657]
2020/03/09 15:43:37 020444	INFO [input.cpp->run:256]	frame times (ms): 600.453
2020/03/09 15:43:37 020448	INFO [input.cpp->run:257]	FPS: 1.66541
2020/03/09 15:43:37 099942	INFO [input.cpp->run:173]	
frame_id 83
2020/03/09 15:43:37 151847	WARNING [visualOdometry.cpp->trackingFrame2Frame:179]	The Estimated Rotation and translation matrices(using getTransformation function) are : 
           1  0.000190958  0.000819147   -0.0108744
-0.000191599            1  0.000746995  -0.00402121
-0.000818878  -0.00074707     0.999999  -0.00921112
           0            0            0            1
2020/03/09 15:43:37 153747	INFO [input.cpp->run:235]	rotation: 
[0.9999997019767761, 0.0001909583806991577, 0.0008191466331481934;
 -0.0001915991306304932, 0.9999998211860657, 0.000746995210647583;
 -0.0008188784122467041, -0.0007470697164535522, 0.9999992847442627]
2020/03/09 15:43:37 153804	INFO [input.cpp->run:256]	frame times (ms): 592.724
2020/03/09 15:43:37 153807	INFO [input.cpp->run:257]	FPS: 1.68713
2020/03/09 15:43:37 231693	INFO [input.cpp->run:173]	
frame_id 84
2020/03/09 15:43:37 290635	WARNING [visualOdometry.cpp->trackingFrame2Frame:179]	The Estimated Rotation and translation matrices(using getTransformation function) are : 
    0.999998  -0.00102073   0.00152108    0.0917591
  0.00102122            1 -0.000301555    0.0446843
 -0.00152063  0.000303075     0.999999    0.0880849
           0            0            0            1
2020/03/09 15:43:37 292367	INFO [input.cpp->run:235]	rotation: 
[0.9999983310699463, -0.001020729541778564, 0.001521080732345581;
 0.001021221280097961, 0.9999995231628418, -0.000301554799079895;
 -0.001520633697509766, 0.0003030747175216675, 0.9999986886978149]
2020/03/09 15:43:37 292421	INFO [input.cpp->run:256]	frame times (ms): 601.794
2020/03/09 15:43:37 292424	INFO [input.cpp->run:257]	FPS: 1.6617
2020/03/09 15:43:37 364192	INFO [input.cpp->run:173]	
frame_id 85
2020/03/09 15:43:37 414518	WARNING [visualOdometry.cpp->trackingFrame2Frame:179]	The Estimated Rotation and translation matrices(using getTransformation function) are : 
    0.999998 -0.000943691   0.00158405   -0.0588067
 0.000945613     0.999999  -0.00118922   -0.0268076
 -0.00158274   0.00119071     0.999998   -0.0617323
           0            0            0            1
2020/03/09 15:43:37 416372	INFO [input.cpp->run:235]	rotation: 
[0.9999984502792358, -0.0009436905384063721, 0.001584053039550781;
 0.0009456127882003784, 0.999998927116394, -0.0011892169713974;
 -0.001582741737365723, 0.001190707087516785, 0.999998152256012]
2020/03/09 15:43:37 416427	INFO [input.cpp->run:256]	frame times (ms): 579.447
2020/03/09 15:43:37 416432	INFO [input.cpp->run:257]	FPS: 1.72578
2020/03/09 15:43:37 499850	INFO [input.cpp->run:173]	
frame_id 86
2020/03/09 15:43:37 551975	WARNING [visualOdometry.cpp->trackingFrame2Frame:179]	The Estimated Rotation and translation matrices(using getTransformation function) are : 
    0.999998 -0.000645235   0.00171709   0.00799148
 0.000646561            1  -0.00077334   0.00435213
 -0.00171664  0.000774518     0.999998   0.00593239
           0            0            0            1
2020/03/09 15:43:37 553764	INFO [input.cpp->run:235]	rotation: 
[0.9999984502792358, -0.0006452351808547974, 0.001717090606689453;
 0.0006465613842010498, 0.9999997019767761, -0.0007733404636383057;
 -0.001716643571853638, 0.0007745176553726196, 0.9999982118606567]
2020/03/09 15:43:37 553821	INFO [input.cpp->run:256]	frame times (ms): 594.695
2020/03/09 15:43:37 553824	INFO [input.cpp->run:257]	FPS: 1.68153
2020/03/09 15:43:37 630837	INFO [input.cpp->run:173]	
frame_id 87
2020/03/09 15:43:37 688717	WARNING [visualOdometry.cpp->trackingFrame2Frame:179]	The Estimated Rotation and translation matrices(using getTransformation function) are : 
 -0.949278   -0.29924  0.0965801 -0.0119802
 -0.298111   0.758789  -0.579111  -0.136193
  0.100009  -0.578529  -0.809508  -0.427949
         0          0          0          1
2020/03/09 15:43:37 690543	INFO [input.cpp->run:235]	rotation: 
[-0.9492776393890381, -0.2992397844791412, 0.09658011794090271;
 -0.2981112897396088, 0.7587885856628418, -0.5791112184524536;
 0.1000090539455414, -0.5785288214683533, -0.8095077276229858]
2020/03/09 15:43:37 690604	INFO [input.cpp->run:256]	frame times (ms): 595.816
2020/03/09 15:43:37 690607	INFO [input.cpp->run:257]	FPS: 1.67837
2020/03/09 15:43:37 766457	INFO [input.cpp->run:173]	
frame_id 88
2020/03/09 15:43:37 821421	WARNING [visualOdometry.cpp->trackingFrame2Frame:179]	The Estimated Rotation and translation matrices(using getTransformation function) are : 
    0.999999  0.000980482  0.000969708    -0.172257
-0.000980258            1 -0.000206053   -0.0799887
-0.000970036  0.000205025            1    -0.162606
           0            0            0            1
2020/03/09 15:43:37 823296	INFO [input.cpp->run:235]	rotation: 
[0.9999993443489075, 0.0009804815053939819, 0.0009697079658508301;
 -0.0009802579879760742, 0.9999998211860657, -0.0002060532569885254;
 -0.0009700357913970947, 0.0002050250768661499, 0.9999997615814209]
2020/03/09 15:43:37 823357	INFO [input.cpp->run:256]	frame times (ms): 559.513
2020/03/09 15:43:37 823363	INFO [input.cpp->run:257]	FPS: 1.78727
2020/03/09 15:43:37 897417	INFO [input.cpp->run:173]	
frame_id 89
2020/03/09 15:43:37 949402	WARNING [visualOdometry.cpp->trackingFrame2Frame:179]	The Estimated Rotation and translation matrices(using getTransformation function) are : 
    0.999998 -7.70241e-05    0.0016771   -0.0785177
 7.84397e-05            1 -0.000871405   -0.0355287
 -0.00167727   0.00087145     0.999998   -0.0767033
           0            0            0            1
2020/03/09 15:43:37 951839	INFO [input.cpp->run:235]	rotation: 
[0.9999984502792358, -7.702410221099854e-05, 0.001677095890045166;
 7.843971252441406e-05, 0.9999995231628418, -0.0008714050054550171;
 -0.001677274703979492, 0.0008714497089385986, 0.9999982118606567]
2020/03/09 15:43:37 951922	INFO [input.cpp->run:256]	frame times (ms): 565.895
2020/03/09 15:43:37 951930	INFO [input.cpp->run:257]	FPS: 1.76711
2020/03/09 15:43:38 033365	INFO [input.cpp->run:173]	
frame_id 90
2020/03/09 15:43:38 088715	WARNING [visualOdometry.cpp->trackingFrame2Frame:179]	The Estimated Rotation and translation matrices(using getTransformation function) are : 
    0.999998 -0.000438899   0.00187802    -0.185082
 0.000441447     0.999999  -0.00129955   -0.0869277
 -0.00187767   0.00130033     0.999998    -0.173953
           0            0            0            1
2020/03/09 15:43:38 091292	INFO [input.cpp->run:235]	rotation: 
[0.9999983310699463, -0.0004388988018035889, 0.001878023147583008;
 0.0004414469003677368, 0.9999991059303284, -0.001299545168876648;
 -0.001877665519714355, 0.001300334930419922, 0.999997615814209]
2020/03/09 15:43:38 091356	INFO [input.cpp->run:256]	frame times (ms): 571.529
2020/03/09 15:43:38 091359	INFO [input.cpp->run:257]	FPS: 1.74969
2020/03/09 15:43:38 164570	INFO [input.cpp->run:173]	
frame_id 91
2020/03/09 15:43:38 223392	WARNING [visualOdometry.cpp->trackingFrame2Frame:179]	The Estimated Rotation and translation matrices(using getTransformation function) are : 
    0.999999  0.000523925   0.00142965   -0.0218755
-0.000523105            1 -0.000505462  -0.00945977
 -0.00143009  0.000504643     0.999999   -0.0224759
           0            0            0            1
2020/03/09 15:43:38 225172	INFO [input.cpp->run:235]	rotation: 
[0.9999994039535522, 0.0005239248275756836, 0.001429647207260132;
 -0.000523105263710022, 1.00000011920929, -0.0005054622888565063;
 -0.001430094242095947, 0.0005046427249908447, 0.9999991655349731]
2020/03/09 15:43:38 225228	INFO [input.cpp->run:256]	frame times (ms): 592.375
2020/03/09 15:43:38 225231	INFO [input.cpp->run:257]	FPS: 1.68812
2020/03/09 15:43:38 298862	INFO [input.cpp->run:173]	
frame_id 92
2020/03/09 15:43:38 354797	WARNING [visualOdometry.cpp->trackingFrame2Frame:179]	The Estimated Rotation and translation matrices(using getTransformation function) are : 
    0.999999  0.000532344   0.00166675   -0.0366878
-0.000530615     0.999999  -0.00103776   -0.0172626
 -0.00166699   0.00103699     0.999998   -0.0371921
           0            0            0            1
2020/03/09 15:43:38 356639	INFO [input.cpp->run:235]	rotation: 
[0.9999985098838806, 0.0005323439836502075, 0.001666754484176636;
 -0.0005306154489517212, 0.9999993443489075, -0.001037761569023132;
 -0.001666992902755737, 0.001036986708641052, 0.9999980926513672]
2020/03/09 15:43:38 356699	INFO [input.cpp->run:256]	frame times (ms): 605.962
2020/03/09 15:43:38 356702	INFO [input.cpp->run:257]	FPS: 1.65027
2020/03/09 15:43:38 433735	INFO [input.cpp->run:173]	
frame_id 93
2020/03/09 15:43:38 488406	WARNING [visualOdometry.cpp->trackingFrame2Frame:179]	The Estimated Rotation and translation matrices(using getTransformation function) are : 
    0.999998  0.000975937   0.00181732  -0.00939868
-0.000974059     0.999999  -0.00107053  -0.00410374
 -0.00181815   0.00106889     0.999998  -0.00978252
           0            0            0            1
2020/03/09 15:43:38 490201	INFO [input.cpp->run:235]	rotation: 
[0.9999979138374329, 0.0009759366512298584, 0.001817315816879272;
 -0.0009740591049194336, 0.9999988675117493, -0.001070529222488403;
 -0.001818150281906128, 0.00106889009475708, 0.9999979138374329]
2020/03/09 15:43:38 490262	INFO [input.cpp->run:256]	frame times (ms): 582.429
2020/03/09 15:43:38 490266	INFO [input.cpp->run:257]	FPS: 1.71695
2020/03/09 15:43:38 564355	INFO [input.cpp->run:173]	
frame_id 94
2020/03/09 15:43:38 619178	WARNING [visualOdometry.cpp->trackingFrame2Frame:179]	The Estimated Rotation and translation matrices(using getTransformation function) are : 
    0.999998   0.00149417  0.000913501   -0.0151164
 -0.00149405     0.999999 -0.000148281   -0.0030433
-0.000913799  0.000146806     0.999999    -0.011923
           0            0            0            1
2020/03/09 15:43:38 620969	INFO [input.cpp->run:235]	rotation: 
[0.9999984502792358, 0.001494169235229492, 0.0009135007858276367;
 -0.001494050025939941, 0.9999988079071045, -0.000148281455039978;
 -0.0009137988090515137, 0.0001468062400817871, 0.999999463558197]
2020/03/09 15:43:38 621036	INFO [input.cpp->run:256]	frame times (ms): 577.179
2020/03/09 15:43:38 621041	INFO [input.cpp->run:257]	FPS: 1.73256
2020/03/09 15:43:38 700243	INFO [input.cpp->run:173]	
frame_id 95
2020/03/09 15:43:38 752217	WARNING [visualOdometry.cpp->trackingFrame2Frame:179]	The Estimated Rotation and translation matrices(using getTransformation function) are : 
    0.999998  0.000849485   0.00151548    0.0494136
-0.000848427     0.999999 -0.000758469    0.0236314
 -0.00151628  0.000757128     0.999999    0.0475358
           0            0            0            1
2020/03/09 15:43:38 753953	INFO [input.cpp->run:235]	rotation: 
[0.9999984502792358, 0.0008494853973388672, 0.001515477895736694;
 -0.000848427414894104, 0.9999992847442627, -0.0007584691047668457;
 -0.001516282558441162, 0.0007571280002593994, 0.9999986290931702]
2020/03/09 15:43:38 754010	INFO [input.cpp->run:256]	frame times (ms): 584.956
2020/03/09 15:43:38 754015	INFO [input.cpp->run:257]	FPS: 1.70953
2020/03/09 15:43:38 831252	INFO [input.cpp->run:173]	
frame_id 96
2020/03/09 15:43:38 887246	WARNING [visualOdometry.cpp->trackingFrame2Frame:179]	The Estimated Rotation and translation matrices(using getTransformation function) are : 
   0.999999  0.00111009  0.00109103  -0.0838116
-0.00110894    0.999999 -0.00111268  -0.0377948
-0.00109231   0.0011114    0.999999  -0.0786839
          0           0           0           1
2020/03/09 15:43:38 889007	INFO [input.cpp->run:235]	rotation: 
[0.9999988675117493, 0.001110091805458069, 0.001091033220291138;
 -0.001108944416046143, 0.9999989867210388, -0.001112684607505798;
 -0.001092314720153809, 0.001111403107643127, 0.999998927116394]
2020/03/09 15:43:38 889078	INFO [input.cpp->run:256]	frame times (ms): 592.846
2020/03/09 15:43:38 889081	INFO [input.cpp->run:257]	FPS: 1.68678
2020/03/09 15:43:38 966865	INFO [input.cpp->run:173]	
frame_id 97
2020/03/09 15:43:39 019593	WARNING [visualOdometry.cpp->trackingFrame2Frame:179]	The Estimated Rotation and translation matrices(using getTransformation function) are : 
    0.999999   0.00132982   0.00091213    -0.026979
 -0.00132892     0.999999 -0.000839025   -0.0109557
-0.000912994  0.000837907     0.999999   -0.0255945
           0            0            0            1
2020/03/09 15:43:39 021331	INFO [input.cpp->run:235]	rotation: 
[0.999998927116394, 0.001329824328422546, 0.0009121298789978027;
 -0.001328915357589722, 0.9999990463256836, -0.0008390247821807861;
 -0.0009129941463470459, 0.0008379071950912476, 0.9999994039535522]
2020/03/09 15:43:39 021383	INFO [input.cpp->run:256]	frame times (ms): 576.275
2020/03/09 15:43:39 021389	INFO [input.cpp->run:257]	FPS: 1.73528
2020/03/09 15:43:39 098331	INFO [input.cpp->run:173]	
frame_id 98
2020/03/09 15:43:39 149027	WARNING [visualOdometry.cpp->trackingFrame2Frame:179]	The Estimated Rotation and translation matrices(using getTransformation function) are : 
    0.999999  0.000376552   0.00141501    0.0716924
-0.000375807            1 -0.000502825    0.0326164
  -0.0014151  0.000502378     0.999999    0.0654443
           0            0            0            1
2020/03/09 15:43:39 150719	INFO [input.cpp->run:235]	rotation: 
[0.9999988079071045, 0.0003765523433685303, 0.001415014266967773;
 -0.0003758072853088379, 0.9999995231628418, -0.0005028247833251953;
 -0.001415103673934937, 0.0005023777484893799, 0.9999987483024597]
2020/03/09 15:43:39 150769	INFO [input.cpp->run:256]	frame times (ms): 561.001
2020/03/09 15:43:39 150773	INFO [input.cpp->run:257]	FPS: 1.78253
2020/03/09 15:43:39 231535	INFO [input.cpp->run:173]	
frame_id 99
2020/03/09 15:43:39 286364	WARNING [visualOdometry.cpp->trackingFrame2Frame:179]	The Estimated Rotation and translation matrices(using getTransformation function) are : 
    0.999998   0.00190647  0.000742733  -0.00768586
 -0.00190586     0.999998 -0.000696421  -0.00226825
-0.000744015  0.000695005     0.999999  -0.00720328
           0            0            0            1
2020/03/09 15:43:39 288311	INFO [input.cpp->run:235]	rotation: 
[0.9999977350234985, 0.001906469464302063, 0.0007427334785461426;
 -0.001905858516693115, 0.9999977350234985, -0.0006964206695556641;
 -0.0007440149784088135, 0.0006950050592422485, 0.9999994039535522]
2020/03/09 15:43:39 288371	INFO [input.cpp->run:256]	frame times (ms): 559.552
2020/03/09 15:43:39 288376	INFO [input.cpp->run:257]	FPS: 1.78714
2020/03/09 15:43:39 367294	INFO [input.cpp->run:173]	
frame_id 100
2020/03/09 15:43:39 423027	WARNING [visualOdometry.cpp->trackingFrame2Frame:179]	The Estimated Rotation and translation matrices(using getTransformation function) are : 
-0.911601 -0.364286  0.190472  -0.42555
  -0.3638  0.499194 -0.786419 -0.657898
 0.191399 -0.786194 -0.587593 -0.694452
        0         0         0         1
2020/03/09 15:43:39 425168	INFO [input.cpp->run:235]	rotation: 
[-0.9116009473800659, -0.3642861843109131, 0.1904723346233368;
 -0.3638002276420593, 0.4991939067840576, -0.786419153213501;
 0.191398948431015, -0.7861943244934082, -0.5875929594039917]
2020/03/09 15:43:39 425227	INFO [input.cpp->run:256]	frame times (ms): 605.104
2020/03/09 15:43:39 425232	INFO [input.cpp->run:257]	FPS: 1.65261
2020/03/09 15:43:39 499539	INFO [input.cpp->run:173]	
frame_id 101
2020/03/09 15:43:39 550847	WARNING [visualOdometry.cpp->trackingFrame2Frame:179]	The Estimated Rotation and translation matrices(using getTransformation function) are : 
    0.999999   0.00164259  0.000453681   -0.0127123
 -0.00164226     0.999999 -0.000728138   0.00129823
-0.000455052  0.000727229            1  -0.00746354
           0            0            0            1
2020/03/09 15:43:39 552906	INFO [input.cpp->run:235]	rotation: 
[0.999998927116394, 0.001642592251300812, 0.0004536807537078857;
 -0.00164225697517395, 0.999998927116394, -0.0007281377911567688;
 -0.0004550516605377197, 0.0007272288203239441, 0.9999998807907104]
2020/03/09 15:43:39 552981	INFO [input.cpp->run:256]	frame times (ms): 568.158
2020/03/09 15:43:39 552987	INFO [input.cpp->run:257]	FPS: 1.76007
2020/03/09 15:43:39 632367	INFO [input.cpp->run:173]	
frame_id 102
2020/03/09 15:43:39 693517	WARNING [visualOdometry.cpp->trackingFrame2Frame:179]	The Estimated Rotation and translation matrices(using getTransformation function) are : 
    0.999999   0.00145392  0.000780761     0.001542
 -0.00145297     0.999998  -0.00111647   0.00129368
-0.000782073   0.00111544     0.999999   0.00119752
           0            0            0            1
2020/03/09 15:43:39 695619	INFO [input.cpp->run:235]	rotation: 
[0.9999985694885254, 0.00145392119884491, 0.0007807612419128418;
 -0.001452967524528503, 0.9999982118606567, -0.001116469502449036;
 -0.0007820725440979004, 0.00111544132232666, 0.9999989867210388]
2020/03/09 15:43:39 695687	INFO [input.cpp->run:256]	frame times (ms): 609.399
2020/03/09 15:43:39 695691	INFO [input.cpp->run:257]	FPS: 1.64096
2020/03/09 15:43:39 766146	INFO [input.cpp->run:173]	
frame_id 103
2020/03/09 15:43:39 824315	WARNING [visualOdometry.cpp->trackingFrame2Frame:179]	The Estimated Rotation and translation matrices(using getTransformation function) are : 
    0.999999   0.00146891  0.000780433     0.373645
 -0.00146775     0.999998   -0.0014127     0.138716
-0.000782549   0.00141157     0.999999     0.345474
           0            0            0            1
2020/03/09 15:43:39 826549	INFO [input.cpp->run:235]	rotation: 
[0.9999986886978149, 0.00146891176700592, 0.0007804334163665771;
 -0.0014677494764328, 0.9999979138374329, -0.001412704586982727;
 -0.0007825493812561035, 0.001411572098731995, 0.9999986886978149]
2020/03/09 15:43:39 826622	INFO [input.cpp->run:256]	frame times (ms): 592.552
2020/03/09 15:43:39 826628	INFO [input.cpp->run:257]	FPS: 1.68762
2020/03/09 15:43:39 898295	INFO [input.cpp->run:173]	
frame_id 104
2020/03/09 15:43:39 948594	WARNING [visualOdometry.cpp->trackingFrame2Frame:179]	The Estimated Rotation and translation matrices(using getTransformation function) are : 
   0.999999  0.00137433 0.000623703 -0.00596477
-0.00137345    0.999998 -0.00138202 -0.00211345
-0.00062564  0.00138116    0.999999 -0.00608078
          0           0           0           1
2020/03/09 15:43:39 950299	INFO [input.cpp->run:235]	rotation: 
[0.9999989867210388, 0.001374334096908569, 0.0006237030029296875;
 -0.001373454928398132, 0.999998152256012, -0.001382023096084595;
 -0.0006256401538848877, 0.001381158828735352, 0.999998927116394]
2020/03/09 15:43:39 950341	INFO [input.cpp->run:256]	frame times (ms): 580.994
2020/03/09 15:43:39 950345	INFO [input.cpp->run:257]	FPS: 1.72119
2020/03/09 15:43:40 032044	INFO [input.cpp->run:173]	
frame_id 105
2020/03/09 15:43:40 081939	WARNING [visualOdometry.cpp->trackingFrame2Frame:179]	The Estimated Rotation and translation matrices(using getTransformation function) are : 
    0.999999   0.00173762 -5.94556e-05  -0.00520286
 -0.00173777     0.999997  -0.00166216 -0.000639759
 5.64158e-05   0.00166216     0.999999  -0.00454962
           0            0            0            1
2020/03/09 15:43:40 083722	INFO [input.cpp->run:235]	rotation: 
[0.9999988079071045, 0.001737624406814575, -5.945563316345215e-05;
 -0.001737773418426514, 0.9999974370002747, -0.001662164926528931;
 5.641579627990723e-05, 0.001662164926528931, 0.9999986886978149]
2020/03/09 15:43:40 083782	INFO [input.cpp->run:256]	frame times (ms): 569.554
2020/03/09 15:43:40 083786	INFO [input.cpp->run:257]	FPS: 1.75576
2020/03/09 15:43:40 166034	INFO [input.cpp->run:173]	
frame_id 106
2020/03/09 15:43:40 217382	WARNING [visualOdometry.cpp->trackingFrame2Frame:179]	The Estimated Rotation and translation matrices(using getTransformation function) are : 
-0.0704923  0.0848117    -0.9939    1.31162
 0.0904003  -0.991736 -0.0910386   0.735951
 -0.993408 -0.0962664  0.0622428    1.24503
         0          0          0          1
2020/03/09 15:43:40 219420	INFO [input.cpp->run:235]	rotation: 
[-0.07049229741096497, 0.08481167256832123, -0.9939003586769104;
 0.09040029346942902, -0.9917358160018921, -0.09103859961032867;
 -0.9934077262878418, -0.09626640379428864, 0.06224280595779419]
2020/03/09 15:43:40 219486	INFO [input.cpp->run:256]	frame times (ms): 559.455
2020/03/09 15:43:40 219490	INFO [input.cpp->run:257]	FPS: 1.78745
2020/03/09 15:43:40 299383	INFO [input.cpp->run:173]	
frame_id 107
2020/03/09 15:43:40 351000	WARNING [visualOdometry.cpp->trackingFrame2Frame:179]	The Estimated Rotation and translation matrices(using getTransformation function) are : 
-0.953079 -0.291428 0.0819143 -0.871886
-0.291014   0.80751 -0.513067 -0.513054
0.0833755 -0.512832 -0.854431  -1.29061
        0         0         0         1
2020/03/09 15:43:40 353301	INFO [input.cpp->run:235]	rotation: 
[-0.9530789852142334, -0.29142826795578, 0.08191433548927307;
 -0.2910135686397552, 0.8075103163719177, -0.5130671858787537;
 0.08337551355361938, -0.5128317475318909, -0.8544307947158813]
2020/03/09 15:43:40 353363	INFO [input.cpp->run:256]	frame times (ms): 554.075
2020/03/09 15:43:40 353367	INFO [input.cpp->run:257]	FPS: 1.80481
g3log g3FileSink shutdown at: 15:43:40 606790
