		g3log created log at: Sun Mar 08 15:28:54 2020
		LOG format: [YYYY/MM/DD hh:mm:ss uuu* LEVEL FILE->FUNCTION:LINE] message		(uuu*: microseconds fractions of the seconds value)

2020/03/08 15:28:54 332630	INFO [g3logger.h->logBanner:29]	Starting log.
2020/03/08 15:28:54 338271	DEBUG [main.cpp->main:49]	Filepath: /home/mitchell/KITTI/data_odometry_gray/dataset/sequences/00/
2020/03/08 15:28:54 338276	DEBUG [main.cpp->main:53]	Calibration Filepath: /home/mitchell/visual_odom_ws/src/visual_odom/calibration/zed.yaml
2020/03/08 15:28:54 338349	INFO [main.cpp->main:67]	P_left: 
[684.35999, 0, 689.89001, 0;
 0, 684.35999, 406.87, 0;
 0, 0, 1, 0]
2020/03/08 15:28:54 338356	INFO [main.cpp->main:68]	P_right: 
[684.35999, 0, 689.89001, -82.120003;
 0, 684.35999, 406.87, 0;
 0, 0, 1, 0]
2020/03/08 15:28:54 406015	INFO [input.cpp->Input:22]	frame_pose [1, 0, 0, 0;
 0, 1, 0, 0;
 0, 0, 1, 0;
 0, 0, 0, 1]
2020/03/08 15:29:01 850146	INFO [input.cpp->run:173]	
frame_id 1
2020/03/08 15:29:01 857061	WARNING [visualOdometry.cpp->trackingFrame2Frame:179]	The Estimated Rotation and translation matrices(using getTransformation function) are : 
    0.999995 -3.04878e-05   0.00327763      11.8966
 3.52263e-05     0.999999    -0.001434      7.99633
 -0.00327766     0.001434     0.999994     -15.2258
           0            0            0            1
2020/03/08 15:29:01 902414	INFO [input.cpp->run:235]	rotation: 
[0.9999948143959045, -3.04877758026123e-05, 0.003277629613876343;
 3.522634506225586e-05, 0.9999991655349731, -0.001433998346328735;
 -0.00327765941619873, 0.001433998346328735, 0.9999937415122986]
2020/03/08 15:29:01 902463	INFO [input.cpp->run:256]	frame times (ms): 56.212
2020/03/08 15:29:01 902466	INFO [input.cpp->run:257]	FPS: 17.7898
2020/03/08 15:29:01 999687	INFO [input.cpp->run:173]	
frame_id 2
2020/03/08 15:29:02 000947	WARNING [visualOdometry.cpp->trackingFrame2Frame:179]	The Estimated Rotation and translation matrices(using getTransformation function) are : 
   0.999976 -0.00525346 -0.00457209    0.397612
 0.00528069    0.999969  0.00596493    0.212991
 0.00454074 -0.00598881    0.999972   -0.419922
          0           0           0           1
2020/03/08 15:29:02 001033	INFO [input.cpp->run:235]	rotation: 
[0.9999759197235107, -0.005253463983535767, -0.004572093486785889;
 0.005280688405036926, 0.9999685287475586, 0.005964934825897217;
 0.004540741443634033, -0.005988806486129761, 0.9999719858169556]
2020/03/08 15:29:02 001059	INFO [input.cpp->run:256]	frame times (ms): 3.494
2020/03/08 15:29:02 001063	INFO [input.cpp->run:257]	FPS: 286.205
2020/03/08 15:29:02 148029	INFO [input.cpp->run:173]	
frame_id 3
2020/03/08 15:29:02 149503	WARNING [visualOdometry.cpp->trackingFrame2Frame:179]	The Estimated Rotation and translation matrices(using getTransformation function) are : 
    0.999999  -0.00101857  0.000411987      0.28812
  0.00101826     0.999999  0.000632375     0.206771
-0.000412673 -0.000631988            1    -0.388102
           0            0            0            1
2020/03/08 15:29:02 149599	INFO [input.cpp->run:235]	rotation: 
[0.9999994039535522, -0.001018568873405457, 0.0004119873046875;
 0.001018255949020386, 0.9999993443489075, 0.0006323754787445068;
 -0.000412672758102417, -0.0006319880485534668, 0.9999996423721313]
2020/03/08 15:29:02 149628	INFO [input.cpp->run:256]	frame times (ms): 4.146
2020/03/08 15:29:02 149633	INFO [input.cpp->run:257]	FPS: 241.196
2020/03/08 15:29:02 308990	INFO [input.cpp->run:173]	
frame_id 4
2020/03/08 15:29:02 312153	WARNING [visualOdometry.cpp->trackingFrame2Frame:179]	The Estimated Rotation and translation matrices(using getTransformation function) are : 
   0.999992  0.00252704  0.00301066    0.925367
-0.00251909    0.999993 -0.00264379    0.676175
-0.00301751  0.00263608    0.999992    -1.27284
          0           0           0           1
2020/03/08 15:29:02 312356	INFO [input.cpp->run:235]	rotation: 
[0.9999922513961792, 0.002527043223381042, 0.003010660409927368;
 -0.002519086003303528, 0.9999933242797852, -0.002643793821334839;
 -0.003017514944076538, 0.002636075019836426, 0.9999920129776001]
2020/03/08 15:29:02 312394	INFO [input.cpp->run:256]	frame times (ms): 10.476
2020/03/08 15:29:02 312403	INFO [input.cpp->run:257]	FPS: 95.4563
2020/03/08 15:29:02 457793	INFO [input.cpp->run:173]	
frame_id 5
2020/03/08 15:29:02 461148	WARNING [visualOdometry.cpp->trackingFrame2Frame:179]	The Estimated Rotation and translation matrices(using getTransformation function) are : 
    0.999998 -0.000869483   0.00150755      1.92532
 0.000869393            1  5.66244e-05      1.30212
 -0.00150764 -5.54025e-05     0.999999     -2.47319
           0            0            0            1
2020/03/08 15:29:02 461351	INFO [input.cpp->run:235]	rotation: 
[0.9999984502792358, -0.0008694827556610107, 0.001507550477981567;
 0.0008693933486938477, 0.9999995231628418, 5.662441253662109e-05;
 -0.00150763988494873, -5.540251731872559e-05, 0.9999988675117493]
2020/03/08 15:29:02 461391	INFO [input.cpp->run:256]	frame times (ms): 10.618
2020/03/08 15:29:02 461395	INFO [input.cpp->run:257]	FPS: 94.1797
2020/03/08 15:29:02 620070	INFO [input.cpp->run:173]	
frame_id 6
2020/03/08 15:29:02 626194	WARNING [visualOdometry.cpp->trackingFrame2Frame:179]	The Estimated Rotation and translation matrices(using getTransformation function) are : 
   0.999992 -0.00371166 -0.00137502  -0.0954399
 0.00371586    0.999988  0.00311908  -0.0591917
 0.00136349 -0.00312424    0.999994    0.115633
          0           0           0           1
2020/03/08 15:29:02 626586	INFO [input.cpp->run:235]	rotation: 
[0.9999923706054688, -0.003711655735969543, -0.001375019550323486;
 0.003715857863426208, 0.9999884366989136, 0.003119081258773804;
 0.001363486051559448, -0.003124237060546875, 0.9999942183494568]
2020/03/08 15:29:02 626656	INFO [input.cpp->run:256]	frame times (ms): 20.55
2020/03/08 15:29:02 626664	INFO [input.cpp->run:257]	FPS: 48.6618
2020/03/08 15:29:02 775025	INFO [input.cpp->run:173]	
frame_id 7
2020/03/08 15:29:02 781326	INFO [input.cpp->run:196]	Not enough points
2020/03/08 15:29:02 925078	INFO [input.cpp->run:173]	
frame_id 8
2020/03/08 15:29:02 928577	WARNING [visualOdometry.cpp->trackingFrame2Frame:179]	The Estimated Rotation and translation matrices(using getTransformation function) are : 
           1   0.00039053   0.00050962     -1.75031
-0.000390381            1 -0.000383556     -1.15772
-0.000509948  0.000383228            1      2.18933
           0            0            0            1
2020/03/08 15:29:02 928743	INFO [input.cpp->run:235]	rotation: 
[0.9999998807907104, 0.0003905296325683594, 0.0005096197128295898;
 -0.0003903806209564209, 1, -0.0003835558891296387;
 -0.0005099475383758545, 0.000383228063583374, 0.9999998211860657]
2020/03/08 15:29:02 928774	INFO [input.cpp->run:256]	frame times (ms): 10.8
2020/03/08 15:29:02 928778	INFO [input.cpp->run:257]	FPS: 92.5926
2020/03/08 15:29:03 074491	INFO [input.cpp->run:173]	
frame_id 9
2020/03/08 15:29:03 077598	WARNING [visualOdometry.cpp->trackingFrame2Frame:179]	The Estimated Rotation and translation matrices(using getTransformation function) are : 
    0.999998  -0.00189453  6.27339e-05  -0.00858498
  0.00189449     0.999998  0.000796854    0.0159283
 -6.4373e-05 -0.000796854            1   -0.0235767
           0            0            0            1
2020/03/08 15:29:03 077803	INFO [input.cpp->run:235]	rotation: 
[0.9999980926513672, -0.001894533634185791, 6.273388862609863e-05;
 0.001894488930702209, 0.9999979138374329, 0.0007968544960021973;
 -6.437301635742188e-05, -0.0007968544960021973, 0.9999997615814209]
2020/03/08 15:29:03 077841	INFO [input.cpp->run:256]	frame times (ms): 9.397
2020/03/08 15:29:03 077851	INFO [input.cpp->run:257]	FPS: 106.417
2020/03/08 15:29:03 211910	INFO [input.cpp->run:173]	
frame_id 10
2020/03/08 15:29:03 214833	WARNING [visualOdometry.cpp->trackingFrame2Frame:179]	The Estimated Rotation and translation matrices(using getTransformation function) are : 
   0.999997  0.00153354  0.00208989    0.917662
-0.00152951    0.999997 -0.00192505    0.633547
-0.00209302   0.0019218    0.999996    -1.19274
          0           0           0           1
2020/03/08 15:29:03 215000	INFO [input.cpp->run:235]	rotation: 
[0.9999967813491821, 0.001533538103103638, 0.002089887857437134;
 -0.001529514789581299, 0.999997079372406, -0.001925051212310791;
 -0.002093017101287842, 0.001921802759170532, 0.9999960660934448]
2020/03/08 15:29:03 215032	INFO [input.cpp->run:256]	frame times (ms): 9.859
2020/03/08 15:29:03 215050	INFO [input.cpp->run:257]	FPS: 101.43
2020/03/08 15:29:03 363822	INFO [input.cpp->run:173]	
frame_id 11
2020/03/08 15:29:03 367105	WARNING [visualOdometry.cpp->trackingFrame2Frame:179]	The Estimated Rotation and translation matrices(using getTransformation function) are : 
   0.999993  0.00325902  0.00165936   -0.472508
-0.00325587    0.999993 -0.00198728   -0.298461
-0.00166601  0.00198179    0.999997    0.557647
          0           0           0           1
2020/03/08 15:29:03 367311	INFO [input.cpp->run:235]	rotation: 
[0.9999934434890747, 0.003259018063545227, 0.001659363508224487;
 -0.003255873918533325, 0.9999929070472717, -0.001987278461456299;
 -0.001666009426116943, 0.001981794834136963, 0.9999967217445374]
2020/03/08 15:29:03 367354	INFO [input.cpp->run:256]	frame times (ms): 9.339
2020/03/08 15:29:03 367363	INFO [input.cpp->run:257]	FPS: 107.078
2020/03/08 15:29:03 520428	INFO [input.cpp->run:173]	
frame_id 12
2020/03/08 15:29:03 523552	WARNING [visualOdometry.cpp->trackingFrame2Frame:179]	The Estimated Rotation and translation matrices(using getTransformation function) are : 
   0.999991  0.00302242   0.0028992     0.99477
-0.00301327    0.999991 -0.00319284    0.687527
 -0.0029088  0.00318414    0.999991    -1.28826
          0           0           0           1
2020/03/08 15:29:03 523720	INFO [input.cpp->run:235]	rotation: 
[0.9999914169311523, 0.003022417426109314, 0.002899199724197388;
 -0.003013268113136292, 0.9999905824661255, -0.00319284200668335;
 -0.002908796072006226, 0.003184139728546143, 0.999990701675415]
2020/03/08 15:29:03 523755	INFO [input.cpp->run:256]	frame times (ms): 10.471
2020/03/08 15:29:03 523760	INFO [input.cpp->run:257]	FPS: 95.5019
2020/03/08 15:29:03 662041	INFO [input.cpp->run:173]	
frame_id 13
2020/03/08 15:29:03 663500	WARNING [visualOdometry.cpp->trackingFrame2Frame:179]	The Estimated Rotation and translation matrices(using getTransformation function) are : 
   0.999996  0.00185691  0.00192872    0.726439
-0.00185323    0.999996 -0.00201556    0.491933
-0.00193253  0.00201198    0.999996   -0.940562
          0           0           0           1
2020/03/08 15:29:03 663632	INFO [input.cpp->run:235]	rotation: 
[0.9999961853027344, 0.001856908202171326, 0.001928716897964478;
 -0.001853227615356445, 0.9999960660934448, -0.002015560865402222;
 -0.001932531595230103, 0.002011984586715698, 0.9999959468841553]
2020/03/08 15:29:03 663670	INFO [input.cpp->run:256]	frame times (ms): 4.486
2020/03/08 15:29:03 663674	INFO [input.cpp->run:257]	FPS: 222.916
2020/03/08 15:29:03 813316	INFO [input.cpp->run:173]	
frame_id 14
2020/03/08 15:29:03 816639	INFO [input.cpp->run:196]	Not enough points
2020/03/08 15:29:03 965868	INFO [input.cpp->run:173]	
frame_id 15
2020/03/08 15:29:03 969374	WARNING [visualOdometry.cpp->trackingFrame2Frame:179]	The Estimated Rotation and translation matrices(using getTransformation function) are : 
    0.999998  -0.00188634 -0.000300735     0.297773
  0.00188689     0.999997   0.00179648     0.223697
 0.000297278   -0.0017972     0.999999     -0.42724
           0            0            0            1
2020/03/08 15:29:03 969583	INFO [input.cpp->run:235]	rotation: 
[0.9999983310699463, -0.001886337995529175, -0.0003007352352142334;
 0.001886889338493347, 0.999996542930603, 0.001796483993530273;
 0.0002972781658172607, -0.001797199249267578, 0.9999985098838806]
2020/03/08 15:29:03 969624	INFO [input.cpp->run:256]	frame times (ms): 11.664
2020/03/08 15:29:03 969629	INFO [input.cpp->run:257]	FPS: 85.7339
2020/03/08 15:29:04 116798	INFO [input.cpp->run:173]	
frame_id 16
2020/03/08 15:29:04 119467	WARNING [visualOdometry.cpp->trackingFrame2Frame:179]	The Estimated Rotation and translation matrices(using getTransformation function) are : 
   0.999997  0.00144279  0.00173804     1.50706
-0.00144061    0.999998  -0.0012753     1.03201
 -0.0017398  0.00127292    0.999998    -1.93792
          0           0           0           1
2020/03/08 15:29:04 119630	INFO [input.cpp->run:235]	rotation: 
[0.9999974370002747, 0.001442790031433105, 0.001738041639328003;
 -0.001440614461898804, 0.999998152256012, -0.001275300979614258;
 -0.001739799976348877, 0.001272916793823242, 0.9999977350234985]
2020/03/08 15:29:04 119670	INFO [input.cpp->run:256]	frame times (ms): 8.607
2020/03/08 15:29:04 119678	INFO [input.cpp->run:257]	FPS: 116.184
2020/03/08 15:29:04 273457	INFO [input.cpp->run:173]	
frame_id 17
2020/03/08 15:29:04 276382	WARNING [visualOdometry.cpp->trackingFrame2Frame:179]	The Estimated Rotation and translation matrices(using getTransformation function) are : 
  0.999801 -0.0171093 -0.0102666   0.281962
  0.017257   0.999746  0.0144726   0.145807
 0.0100165 -0.0146469   0.999843  -0.253042
         0          0          0          1
2020/03/08 15:29:04 276583	INFO [input.cpp->run:235]	rotation: 
[0.999800980091095, -0.01710933446884155, -0.01026663184165955;
 0.017256960272789, 0.9997464418411255, 0.01447263360023499;
 0.01001653075218201, -0.01464685797691345, 0.9998425245285034]
2020/03/08 15:29:04 276622	INFO [input.cpp->run:256]	frame times (ms): 10.348
2020/03/08 15:29:04 276631	INFO [input.cpp->run:257]	FPS: 96.637
2020/03/08 15:29:04 451549	INFO [input.cpp->run:173]	
frame_id 18
2020/03/08 15:29:04 455157	WARNING [visualOdometry.cpp->trackingFrame2Frame:179]	The Estimated Rotation and translation matrices(using getTransformation function) are : 
   0.999983  -0.0040741 -0.00414217    -1.00808
 0.00409116    0.999983  0.00415552   -0.761587
 0.00412506 -0.00417244    0.999983     1.44665
          0           0           0           1
2020/03/08 15:29:04 455357	INFO [input.cpp->run:235]	rotation: 
[0.9999831914901733, -0.0040740966796875, -0.004142165184020996;
 0.004091158509254456, 0.9999830722808838, 0.004155516624450684;
 0.004125058650970459, -0.004172444343566895, 0.9999827742576599]
2020/03/08 15:29:04 455450	INFO [input.cpp->run:256]	frame times (ms): 8.505
2020/03/08 15:29:04 455460	INFO [input.cpp->run:257]	FPS: 117.578
2020/03/08 15:29:04 598622	INFO [input.cpp->run:173]	
frame_id 19
2020/03/08 15:29:04 600962	WARNING [visualOdometry.cpp->trackingFrame2Frame:179]	The Estimated Rotation and translation matrices(using getTransformation function) are : 
  0.999863 -0.0126935 -0.0105988   -1.42803
 0.0128121   0.999855  0.0112022   -1.07953
  0.010455 -0.0113365   0.999881    2.10363
         0          0          0          1
2020/03/08 15:29:04 601142	INFO [input.cpp->run:235]	rotation: 
[0.9998631477355957, -0.01269353926181793, -0.01059877872467041;
 0.01281213760375977, 0.9998550415039062, 0.01120215654373169;
 0.01045495271682739, -0.01133653521537781, 0.9998810887336731]
2020/03/08 15:29:04 601174	INFO [input.cpp->run:256]	frame times (ms): 7.57
2020/03/08 15:29:04 601182	INFO [input.cpp->run:257]	FPS: 132.1
2020/03/08 15:29:04 753318	INFO [input.cpp->run:173]	
frame_id 20
2020/03/08 15:29:04 756477	WARNING [visualOdometry.cpp->trackingFrame2Frame:179]	The Estimated Rotation and translation matrices(using getTransformation function) are : 
   0.999928   0.0100862  0.00658709    0.215893
 -0.0100295    0.999913 -0.00860929    0.220203
-0.00667349  0.00854257    0.999941   -0.412807
          0           0           0           1
2020/03/08 15:29:04 756681	INFO [input.cpp->run:235]	rotation: 
[0.9999275207519531, 0.01008623838424683, 0.006587088108062744;
 -0.01002945005893707, 0.9999127388000488, -0.008609294891357422;
 -0.006673485040664673, 0.008542567491531372, 0.9999412298202515]
2020/03/08 15:29:04 756722	INFO [input.cpp->run:256]	frame times (ms): 10.426
2020/03/08 15:29:04 756730	INFO [input.cpp->run:257]	FPS: 95.9141
2020/03/08 15:29:04 909568	INFO [input.cpp->run:173]	
frame_id 21
2020/03/08 15:29:04 914827	WARNING [visualOdometry.cpp->trackingFrame2Frame:179]	The Estimated Rotation and translation matrices(using getTransformation function) are : 
    0.999999   0.00107402  0.000922084    -0.632618
 -0.00107318     0.999999 -0.000800043    -0.388456
-0.000923216  0.000798941     0.999999     0.746609
           0            0            0            1
2020/03/08 15:29:04 915099	INFO [input.cpp->run:235]	rotation: 
[0.999998927116394, 0.001074016094207764, 0.000922083854675293;
 -0.001073181629180908, 0.999998927116394, -0.0008000433444976807;
 -0.0009232163429260254, 0.0007989406585693359, 0.9999992847442627]
2020/03/08 15:29:04 915151	INFO [input.cpp->run:256]	frame times (ms): 16.41
2020/03/08 15:29:04 915156	INFO [input.cpp->run:257]	FPS: 60.9385
2020/03/08 15:29:05 063825	INFO [input.cpp->run:173]	
frame_id 22
2020/03/08 15:29:05 067019	WARNING [visualOdometry.cpp->trackingFrame2Frame:179]	The Estimated Rotation and translation matrices(using getTransformation function) are : 
   0.999982 -0.00408098 -0.00437206   -0.296223
 0.00409947    0.999983  0.00416958   -0.292577
 0.00435466 -0.00418764    0.999982    0.573845
          0           0           0           1
2020/03/08 15:29:05 067219	INFO [input.cpp->run:235]	rotation: 
[0.9999822378158569, -0.004080981016159058, -0.004372060298919678;
 0.004099473357200623, 0.9999828338623047, 0.004169583320617676;
 0.004354655742645264, -0.004187643527984619, 0.9999819397926331]
2020/03/08 15:29:05 067273	INFO [input.cpp->run:256]	frame times (ms): 10.433
2020/03/08 15:29:05 067280	INFO [input.cpp->run:257]	FPS: 95.8497
2020/03/08 15:29:05 214727	INFO [input.cpp->run:173]	
frame_id 23
2020/03/08 15:29:05 217810	INFO [input.cpp->run:196]	Not enough points
2020/03/08 15:29:05 371352	INFO [input.cpp->run:173]	
frame_id 24
2020/03/08 15:29:05 374942	WARNING [visualOdometry.cpp->trackingFrame2Frame:179]	The Estimated Rotation and translation matrices(using getTransformation function) are : 
    0.999999  0.000474006  0.000922263      1.98423
-0.000472754     0.999999  -0.00160557      1.32964
-0.000923038   0.00160521     0.999998     -2.49332
           0            0            0            1
2020/03/08 15:29:05 375143	INFO [input.cpp->run:235]	rotation: 
[0.9999994039535522, 0.0004740059375762939, 0.0009222626686096191;
 -0.0004727542400360107, 0.9999985694885254, -0.001605570316314697;
 -0.0009230375289916992, 0.001605212688446045, 0.9999982118606567]
2020/03/08 15:29:05 375182	INFO [input.cpp->run:256]	frame times (ms): 11.319
2020/03/08 15:29:05 375189	INFO [input.cpp->run:257]	FPS: 88.347
2020/03/08 15:29:05 526017	INFO [input.cpp->run:173]	
frame_id 25
2020/03/08 15:29:05 529743	WARNING [visualOdometry.cpp->trackingFrame2Frame:179]	The Estimated Rotation and translation matrices(using getTransformation function) are : 
   0.999987 -0.00308242 -0.00391883   0.0475025
 0.00309461     0.99999  0.00307736   -0.044939
 0.00390926 -0.00308949    0.999987   0.0657291
          0           0           0           1
2020/03/08 15:29:05 529946	INFO [input.cpp->run:235]	rotation: 
[0.9999874830245972, -0.003082424402236938, -0.003918826580047607;
 0.003094613552093506, 0.9999902844429016, 0.00307735800743103;
 0.003909260034561157, -0.003089487552642822, 0.9999874830245972]
2020/03/08 15:29:05 529985	INFO [input.cpp->run:256]	frame times (ms): 11.45
2020/03/08 15:29:05 529989	INFO [input.cpp->run:257]	FPS: 87.3362
2020/03/08 15:29:05 679782	INFO [input.cpp->run:173]	
frame_id 26
2020/03/08 15:29:05 682725	WARNING [visualOdometry.cpp->trackingFrame2Frame:179]	The Estimated Rotation and translation matrices(using getTransformation function) are : 
   0.999988 -0.00476992 -0.00133663     2.31055
 0.00477241    0.999987  0.00198877      1.5456
  0.0013271 -0.00199506    0.999997    -2.88427
          0           0           0           1
2020/03/08 15:29:05 682928	INFO [input.cpp->run:235]	rotation: 
[0.9999876022338867, -0.00476992130279541, -0.001336634159088135;
 0.004772409796714783, 0.9999865293502808, 0.001988768577575684;
 0.001327097415924072, -0.001995056867599487, 0.9999971389770508]
2020/03/08 15:29:05 682971	INFO [input.cpp->run:256]	frame times (ms): 10.331
2020/03/08 15:29:05 682980	INFO [input.cpp->run:257]	FPS: 96.7961
2020/03/08 15:29:05 835546	INFO [input.cpp->run:173]	
frame_id 27
2020/03/08 15:29:05 840495	WARNING [visualOdometry.cpp->trackingFrame2Frame:179]	The Estimated Rotation and translation matrices(using getTransformation function) are : 
   0.999989 -0.00415222 -0.00231487     2.24819
 0.00415711    0.999989  0.00215843     1.47284
 0.00230587 -0.00216809    0.999995     -2.7566
          0           0           0           1
2020/03/08 15:29:05 840779	INFO [input.cpp->run:235]	rotation: 
[0.9999886751174927, -0.004152223467826843, -0.002314865589141846;
 0.004157111048698425, 0.9999891519546509, 0.002158433198928833;
 0.002305865287780762, -0.002168089151382446, 0.9999951124191284]
2020/03/08 15:29:05 840831	INFO [input.cpp->run:256]	frame times (ms): 14.911
2020/03/08 15:29:05 840863	INFO [input.cpp->run:257]	FPS: 67.0646
2020/03/08 15:29:05 997075	INFO [input.cpp->run:173]	
frame_id 28
2020/03/08 15:29:06 000396	WARNING [visualOdometry.cpp->trackingFrame2Frame:179]	The Estimated Rotation and translation matrices(using getTransformation function) are : 
   0.999983 -0.00104535 -0.00574228    -1.75044
 0.00106588    0.999993  0.00358927     -1.2618
 0.00573841 -0.00359532    0.999977     2.38456
          0           0           0           1
2020/03/08 15:29:06 000602	INFO [input.cpp->run:235]	rotation: 
[0.9999828934669495, -0.001045346260070801, -0.005742281675338745;
 0.001065880060195923, 0.9999929070472717, 0.003589272499084473;
 0.005738407373428345, -0.003595322370529175, 0.9999769330024719]
2020/03/08 15:29:06 000660	INFO [input.cpp->run:256]	frame times (ms): 10.173
2020/03/08 15:29:06 000665	INFO [input.cpp->run:257]	FPS: 98.2994
2020/03/08 15:29:06 149015	INFO [input.cpp->run:173]	
frame_id 29
2020/03/08 15:29:06 152113	WARNING [visualOdometry.cpp->trackingFrame2Frame:179]	The Estimated Rotation and translation matrices(using getTransformation function) are : 
    0.999997   0.00212905  0.000952274     0.128286
 -0.00212832     0.999997 -0.000803202     0.119631
-0.000954211  0.000801116     0.999999    -0.227253
           0            0            0            1
2020/03/08 15:29:06 152314	INFO [input.cpp->run:235]	rotation: 
[0.9999970197677612, 0.002129048109054565, 0.0009522736072540283;
 -0.002128317952156067, 0.9999973177909851, -0.0008032023906707764;
 -0.0009542107582092285, 0.0008011162281036377, 0.9999990463256836]
2020/03/08 15:29:06 152521	INFO [input.cpp->run:256]	frame times (ms): 10.165
2020/03/08 15:29:06 152530	INFO [input.cpp->run:257]	FPS: 98.3768
2020/03/08 15:29:06 299023	INFO [input.cpp->run:173]	
frame_id 30
2020/03/08 15:29:06 301920	INFO [input.cpp->run:196]	Not enough points
2020/03/08 15:29:06 460941	INFO [input.cpp->run:173]	
frame_id 31
2020/03/08 15:29:06 464848	INFO [input.cpp->run:196]	Not enough points
2020/03/08 15:29:06 614336	INFO [input.cpp->run:173]	
frame_id 32
2020/03/08 15:29:06 617195	INFO [input.cpp->run:196]	Not enough points
2020/03/08 15:29:06 755678	INFO [input.cpp->run:173]	
frame_id 33
2020/03/08 15:29:06 757070	WARNING [visualOdometry.cpp->trackingFrame2Frame:179]	The Estimated Rotation and translation matrices(using getTransformation function) are : 
   0.999992  0.00236551  0.00306007     1.08163
-0.00235434     0.99999  -0.0036768    0.790179
-0.00306901  0.00366947    0.999989    -1.47137
          0           0           0           1
2020/03/08 15:29:06 757163	INFO [input.cpp->run:235]	rotation: 
[0.999992311000824, 0.002365514636039734, 0.003060072660446167;
 -0.002354338765144348, 0.9999902844429016, -0.003676801919937134;
 -0.003069013357162476, 0.003669470548629761, 0.9999886155128479]
2020/03/08 15:29:06 757186	INFO [input.cpp->run:256]	frame times (ms): 4.519
2020/03/08 15:29:06 757189	INFO [input.cpp->run:257]	FPS: 221.288
2020/03/08 15:29:06 909932	INFO [input.cpp->run:173]	
frame_id 34
2020/03/08 15:29:06 915472	WARNING [visualOdometry.cpp->trackingFrame2Frame:179]	The Estimated Rotation and translation matrices(using getTransformation function) are : 
    0.999999  -0.00111543 -0.000282645      1.92666
  0.00111535     0.999999 -0.000199825      1.26028
 0.000282824  0.000199527            1     -2.37742
           0            0            0            1
2020/03/08 15:29:06 915862	INFO [input.cpp->run:235]	rotation: 
[0.9999994039535522, -0.001115426421165466, -0.0002826452255249023;
 0.001115351915359497, 0.9999993443489075, -0.0001998245716094971;
 0.0002828240394592285, 0.0001995265483856201, 0.9999999403953552]
2020/03/08 15:29:06 915928	INFO [input.cpp->run:256]	frame times (ms): 19.426
2020/03/08 15:29:06 915937	INFO [input.cpp->run:257]	FPS: 51.4774
2020/03/08 15:29:07 063277	INFO [input.cpp->run:173]	
frame_id 35
2020/03/08 15:29:07 066214	WARNING [visualOdometry.cpp->trackingFrame2Frame:179]	The Estimated Rotation and translation matrices(using getTransformation function) are : 
   0.999857   0.0144723  0.00875241  -0.0782681
 -0.0143714    0.999831  -0.0114779   0.0211754
-0.00891709   0.0113505    0.999896  -0.0592422
          0           0           0           1
2020/03/08 15:29:07 066417	INFO [input.cpp->run:235]	rotation: 
[0.9998571872711182, 0.01447229087352753, 0.008752405643463135;
 -0.01437138020992279, 0.9998308420181274, -0.01147791743278503;
 -0.008917093276977539, 0.01135048270225525, 0.9998959898948669]
2020/03/08 15:29:07 066455	INFO [input.cpp->run:256]	frame times (ms): 10.448
2020/03/08 15:29:07 066464	INFO [input.cpp->run:257]	FPS: 95.7121
2020/03/08 15:29:07 222306	INFO [input.cpp->run:173]	
frame_id 36
2020/03/08 15:29:07 225337	INFO [input.cpp->run:196]	Not enough points
2020/03/08 15:29:07 381331	INFO [input.cpp->run:173]	
frame_id 37
2020/03/08 15:29:07 384611	INFO [input.cpp->run:196]	Not enough points
2020/03/08 15:29:07 532360	INFO [input.cpp->run:173]	
frame_id 38
2020/03/08 15:29:07 535627	WARNING [visualOdometry.cpp->trackingFrame2Frame:179]	The Estimated Rotation and translation matrices(using getTransformation function) are : 
    0.999997  0.000846326   0.00209111      1.36247
-0.000844046     0.999999  -0.00121042     0.916495
 -0.00209221   0.00120857     0.999997     -1.75018
           0            0            0            1
2020/03/08 15:29:07 535832	INFO [input.cpp->run:235]	rotation: 
[0.9999973773956299, 0.0008463263511657715, 0.002091109752655029;
 -0.0008440464735031128, 0.9999988079071045, -0.001210421323776245;
 -0.002092212438583374, 0.001208573579788208, 0.9999969005584717]
2020/03/08 15:29:07 535889	INFO [input.cpp->run:256]	frame times (ms): 11.126
2020/03/08 15:29:07 535894	INFO [input.cpp->run:257]	FPS: 89.8796
2020/03/08 15:29:07 690601	INFO [input.cpp->run:173]	
frame_id 39
2020/03/08 15:29:07 694193	WARNING [visualOdometry.cpp->trackingFrame2Frame:179]	The Estimated Rotation and translation matrices(using getTransformation function) are : 
           1  0.000177592 -0.000383228     0.695846
-0.000177518            1  8.36253e-05     0.433949
 0.000383228 -8.36253e-05            1    -0.842777
           0            0            0            1
2020/03/08 15:29:07 694399	INFO [input.cpp->run:235]	rotation: 
[0.9999998807907104, 0.0001775920391082764, -0.000383228063583374;
 -0.0001775175333023071, 1, 8.362531661987305e-05;
 0.000383228063583374, -8.362531661987305e-05, 1.00000011920929]
2020/03/08 15:29:07 694438	INFO [input.cpp->run:256]	frame times (ms): 11.599
2020/03/08 15:29:07 694442	INFO [input.cpp->run:257]	FPS: 86.2143
2020/03/08 15:29:07 843898	INFO [input.cpp->run:173]	
frame_id 40
2020/03/08 15:29:07 846890	INFO [input.cpp->run:196]	Not enough points
2020/03/08 15:29:07 997421	INFO [input.cpp->run:173]	
frame_id 41
2020/03/08 15:29:08 000604	INFO [input.cpp->run:196]	Not enough points
2020/03/08 15:29:08 151918	INFO [input.cpp->run:173]	
frame_id 42
2020/03/08 15:29:08 155166	INFO [input.cpp->run:196]	Not enough points
2020/03/08 15:29:08 305378	INFO [input.cpp->run:173]	
frame_id 43
2020/03/08 15:29:08 308456	INFO [input.cpp->run:196]	Not enough points
2020/03/08 15:29:08 457880	INFO [input.cpp->run:173]	
frame_id 44
2020/03/08 15:29:08 461118	WARNING [visualOdometry.cpp->trackingFrame2Frame:179]	The Estimated Rotation and translation matrices(using getTransformation function) are : 
  0.999753  0.0160513   0.015382    1.77358
-0.0157918   0.999733 -0.0168448    1.38043
-0.0156483  0.0165977    0.99974   -2.59388
         0          0          0          1
2020/03/08 15:29:08 461323	INFO [input.cpp->run:235]	rotation: 
[0.9997528791427612, 0.01605129241943359, 0.01538199186325073;
 -0.01579178869724274, 0.9997334480285645, -0.01684480905532837;
 -0.01564830541610718, 0.01659774780273438, 0.9997397661209106]
2020/03/08 15:29:08 461363	INFO [input.cpp->run:256]	frame times (ms): 11.224
2020/03/08 15:29:08 461372	INFO [input.cpp->run:257]	FPS: 89.0948
2020/03/08 15:29:08 606924	INFO [input.cpp->run:173]	
frame_id 45
2020/03/08 15:29:08 610249	WARNING [visualOdometry.cpp->trackingFrame2Frame:179]	The Estimated Rotation and translation matrices(using getTransformation function) are : 
   0.999987 -0.00237697 -0.00465006   -0.232515
 0.00239533     0.99999  0.00392696   -0.196817
 0.00464061 -0.00393802    0.999982    0.369225
          0           0           0           1
2020/03/08 15:29:08 610451	INFO [input.cpp->run:235]	rotation: 
[0.9999865889549255, -0.002376973628997803, -0.0046500563621521;
 0.002395331859588623, 0.9999895095825195, 0.003926962614059448;
 0.0046406090259552, -0.003938019275665283, 0.9999815225601196]
2020/03/08 15:29:08 610491	INFO [input.cpp->run:256]	frame times (ms): 11.026
2020/03/08 15:29:08 610495	INFO [input.cpp->run:257]	FPS: 90.6947
2020/03/08 15:29:08 762966	INFO [input.cpp->run:173]	
frame_id 46
2020/03/08 15:29:08 765823	INFO [input.cpp->run:196]	Not enough points
2020/03/08 15:29:08 923319	INFO [input.cpp->run:173]	
frame_id 47
2020/03/08 15:29:08 928734	WARNING [visualOdometry.cpp->trackingFrame2Frame:179]	The Estimated Rotation and translation matrices(using getTransformation function) are : 
    0.999999  -0.00016211   0.00164282     0.747219
 0.000161976            1  3.74913e-05     0.568732
 -0.00164309 -3.73721e-05     0.999999     -1.07842
           0            0            0            1
2020/03/08 15:29:08 929003	INFO [input.cpp->run:235]	rotation: 
[0.9999986290931702, -0.0001621097326278687, 0.001642823219299316;
 0.000161975622177124, 0.9999999403953552, 3.74913215637207e-05;
 -0.001643091440200806, -3.737211227416992e-05, 0.9999986290931702]
2020/03/08 15:29:08 929054	INFO [input.cpp->run:256]	frame times (ms): 16.125
2020/03/08 15:29:08 929060	INFO [input.cpp->run:257]	FPS: 62.0155
2020/03/08 15:29:09 072858	INFO [input.cpp->run:173]	
frame_id 48
2020/03/08 15:29:09 075889	INFO [input.cpp->run:196]	Not enough points
2020/03/08 15:29:09 223550	INFO [input.cpp->run:173]	
frame_id 49
2020/03/08 15:29:09 226651	WARNING [visualOdometry.cpp->trackingFrame2Frame:179]	The Estimated Rotation and translation matrices(using getTransformation function) are : 
   0.999996  0.00231795  0.00184679    -0.48658
-0.00231405    0.999995 -0.00224435   -0.274114
-0.00185198  0.00223994    0.999996    0.533484
          0           0           0           1
2020/03/08 15:29:09 226849	INFO [input.cpp->run:235]	rotation: 
[0.9999955892562866, 0.002317950129508972, 0.001846790313720703;
 -0.002314046025276184, 0.9999948740005493, -0.002244353294372559;
 -0.001851975917816162, 0.00223994255065918, 0.9999957084655762]
2020/03/08 15:29:09 226887	INFO [input.cpp->run:256]	frame times (ms): 10.454
2020/03/08 15:29:09 226891	INFO [input.cpp->run:257]	FPS: 95.6572
2020/03/08 15:29:09 377564	INFO [input.cpp->run:173]	
frame_id 50
2020/03/08 15:29:09 380696	INFO [input.cpp->run:196]	Not enough points
2020/03/08 15:29:09 561411	INFO [input.cpp->run:173]	
frame_id 51
2020/03/08 15:29:09 566666	WARNING [visualOdometry.cpp->trackingFrame2Frame:179]	The Estimated Rotation and translation matrices(using getTransformation function) are : 
  0.999863  0.0129088  0.0103636    1.58873
-0.0127897   0.999852 -0.0114747     1.2476
-0.0105104  0.0113404   0.999881   -2.30984
         0          0          0          1
2020/03/08 15:29:09 567016	INFO [input.cpp->run:235]	rotation: 
[0.9998631477355957, 0.01290880143642426, 0.01036360859870911;
 -0.01278969645500183, 0.9998524188995361, -0.01147466897964478;
 -0.01051044464111328, 0.01134037971496582, 0.9998805522918701]
2020/03/08 15:29:09 567083	INFO [input.cpp->run:256]	frame times (ms): 18.308
2020/03/08 15:29:09 567090	INFO [input.cpp->run:257]	FPS: 54.6209
2020/03/08 15:29:09 716598	INFO [input.cpp->run:173]	
frame_id 52
2020/03/08 15:29:09 719958	INFO [input.cpp->run:196]	Not enough points
2020/03/08 15:29:09 875894	INFO [input.cpp->run:173]	
frame_id 53
2020/03/08 15:29:09 878923	WARNING [visualOdometry.cpp->trackingFrame2Frame:179]	The Estimated Rotation and translation matrices(using getTransformation function) are : 
   0.999994 -0.00268142 -0.00203118   -0.330269
  0.0026876    0.999992  0.00299108   -0.228536
  0.0020231 -0.00299662    0.999993    0.432695
          0           0           0           1
2020/03/08 15:29:09 879029	INFO [input.cpp->run:235]	rotation: 
[0.9999942779541016, -0.002681419253349304, -0.002031177282333374;
 0.002687603235244751, 0.9999918937683105, 0.002991080284118652;
 0.002023100852966309, -0.002996623516082764, 0.9999933242797852]
2020/03/08 15:29:09 879059	INFO [input.cpp->run:256]	frame times (ms): 7.921
2020/03/08 15:29:09 879062	INFO [input.cpp->run:257]	FPS: 126.247
2020/03/08 15:29:10 018152	INFO [input.cpp->run:173]	
frame_id 54
2020/03/08 15:29:10 019645	WARNING [visualOdometry.cpp->trackingFrame2Frame:179]	The Estimated Rotation and translation matrices(using getTransformation function) are : 
   0.999986 -0.00403193 -0.00351232   -0.365419
 0.00404339    0.999987  0.00329557   -0.282542
   0.003499 -0.00330979    0.999989    0.540472
          0           0           0           1
2020/03/08 15:29:10 019730	INFO [input.cpp->run:235]	rotation: 
[0.9999858140945435, -0.004031926393508911, -0.003512322902679443;
 0.00404338538646698, 0.9999865889549255, 0.003295570611953735;
 0.003499001264572144, -0.003309786319732666, 0.9999885559082031]
2020/03/08 15:29:10 019762	INFO [input.cpp->run:256]	frame times (ms): 4.415
2020/03/08 15:29:10 019766	INFO [input.cpp->run:257]	FPS: 226.501
2020/03/08 15:29:10 169942	INFO [input.cpp->run:173]	
frame_id 55
2020/03/08 15:29:10 172956	WARNING [visualOdometry.cpp->trackingFrame2Frame:179]	The Estimated Rotation and translation matrices(using getTransformation function) are : 
           1  6.82175e-05  0.000658154     0.447622
 -6.7547e-05     0.999999 -0.000988245     0.340286
-0.000658274  0.000988275     0.999999    -0.617054
           0            0            0            1
2020/03/08 15:29:10 173171	INFO [input.cpp->run:235]	rotation: 
[0.9999998211860657, 6.821751594543457e-05, 0.0006581544876098633;
 -6.754696369171143e-05, 0.999999463558197, -0.0009882450103759766;
 -0.0006582736968994141, 0.0009882748126983643, 0.9999992847442627]
2020/03/08 15:29:10 173223	INFO [input.cpp->run:256]	frame times (ms): 10.179
2020/03/08 15:29:10 173229	INFO [input.cpp->run:257]	FPS: 98.2415
2020/03/08 15:29:10 321518	INFO [input.cpp->run:173]	
frame_id 56
2020/03/08 15:29:10 324958	WARNING [visualOdometry.cpp->trackingFrame2Frame:179]	The Estimated Rotation and translation matrices(using getTransformation function) are : 
   0.999993  -0.0027878 -0.00271049   0.0790539
  0.0027954    0.999992  0.00282547   0.0373816
 0.00270239  -0.0028331    0.999993  -0.0588026
          0           0           0           1
2020/03/08 15:29:10 325173	INFO [input.cpp->run:235]	rotation: 
[0.9999926090240479, -0.002787798643112183, -0.002710491418838501;
 0.002795398235321045, 0.9999921917915344, 0.002825468778610229;
 0.002702385187149048, -0.002833098173141479, 0.9999925494194031]
2020/03/08 15:29:10 325215	INFO [input.cpp->run:256]	frame times (ms): 10.675
2020/03/08 15:29:10 325223	INFO [input.cpp->run:257]	FPS: 93.6768
2020/03/08 15:29:10 479144	INFO [input.cpp->run:173]	
frame_id 57
2020/03/08 15:29:10 482496	WARNING [visualOdometry.cpp->trackingFrame2Frame:179]	The Estimated Rotation and translation matrices(using getTransformation function) are : 
   0.999932  0.00977425  0.00635895   -0.614668
-0.00972484    0.999923 -0.00772399   -0.288588
-0.00643405   0.0076617     0.99995    0.550558
          0           0           0           1
2020/03/08 15:29:10 482702	INFO [input.cpp->run:235]	rotation: 
[0.9999322891235352, 0.009774252772331238, 0.006358951330184937;
 -0.009724840521812439, 0.9999229907989502, -0.007723987102508545;
 -0.006434053182601929, 0.007661700248718262, 0.999950110912323]
2020/03/08 15:29:10 482762	INFO [input.cpp->run:256]	frame times (ms): 9.868
2020/03/08 15:29:10 482788	INFO [input.cpp->run:257]	FPS: 101.338
2020/03/08 15:29:10 632776	INFO [input.cpp->run:173]	
frame_id 58
2020/03/08 15:29:10 635961	WARNING [visualOdometry.cpp->trackingFrame2Frame:179]	The Estimated Rotation and translation matrices(using getTransformation function) are : 
   0.99972  0.0208521  0.0111503   -1.17643
-0.0206719   0.999658 -0.0160395  -0.718671
 -0.011481  0.0158045   0.999809    1.35715
         0          0          0          1
2020/03/08 15:29:10 636162	INFO [input.cpp->run:235]	rotation: 
[0.9997202754020691, 0.02085210382938385, 0.01115027070045471;
 -0.02067185938358307, 0.9996575117111206, -0.01603949069976807;
 -0.01148101687431335, 0.0158044695854187, 0.9998091459274292]
2020/03/08 15:29:10 636215	INFO [input.cpp->run:256]	frame times (ms): 11.012
2020/03/08 15:29:10 636223	INFO [input.cpp->run:257]	FPS: 90.81
2020/03/08 15:29:10 788968	INFO [input.cpp->run:173]	
frame_id 59
2020/03/08 15:29:10 792154	WARNING [visualOdometry.cpp->trackingFrame2Frame:179]	The Estimated Rotation and translation matrices(using getTransformation function) are : 
   0.999986  0.00434409  0.00303003     1.00287
 -0.0043332    0.999984 -0.00360963    0.682129
-0.00304568  0.00359637    0.999989    -1.32623
          0           0           0           1
2020/03/08 15:29:10 792360	INFO [input.cpp->run:235]	rotation: 
[0.9999860525131226, 0.004344090819358826, 0.00303003191947937;
 -0.004333198070526123, 0.9999843239784241, -0.003609627485275269;
 -0.00304567813873291, 0.003596365451812744, 0.9999891519546509]
2020/03/08 15:29:10 792414	INFO [input.cpp->run:256]	frame times (ms): 9.699
2020/03/08 15:29:10 792425	INFO [input.cpp->run:257]	FPS: 103.103
2020/03/08 15:29:10 939644	INFO [input.cpp->run:173]	
frame_id 60
2020/03/08 15:29:10 942643	WARNING [visualOdometry.cpp->trackingFrame2Frame:179]	The Estimated Rotation and translation matrices(using getTransformation function) are : 
   0.999892  -0.0110935 -0.00960097    0.171841
  0.0111939    0.999882   0.0104714  0.00159359
 0.00948364  -0.0105778    0.999899  -0.0364742
          0           0           0           1
2020/03/08 15:29:10 942847	INFO [input.cpp->run:235]	rotation: 
[0.9998922348022461, -0.01109349727630615, -0.009600967168807983;
 0.01119385659694672, 0.9998822212219238, 0.01047137379646301;
 0.009483635425567627, -0.01057779788970947, 0.9998987913131714]
2020/03/08 15:29:10 942886	INFO [input.cpp->run:256]	frame times (ms): 10.026
2020/03/08 15:29:10 942891	INFO [input.cpp->run:257]	FPS: 99.7407
2020/03/08 15:29:11 091003	INFO [input.cpp->run:173]	
frame_id 61
2020/03/08 15:29:11 093790	INFO [input.cpp->run:196]	Not enough points
2020/03/08 15:29:11 243079	INFO [input.cpp->run:173]	
frame_id 62
2020/03/08 15:29:11 246451	INFO [input.cpp->run:196]	Not enough points
2020/03/08 15:29:11 390918	INFO [input.cpp->run:173]	
frame_id 63
2020/03/08 15:29:11 393726	INFO [input.cpp->run:196]	Not enough points
2020/03/08 15:29:11 546156	INFO [input.cpp->run:173]	
frame_id 64
2020/03/08 15:29:11 549570	INFO [input.cpp->run:196]	Not enough points
2020/03/08 15:29:11 709470	INFO [input.cpp->run:173]	
frame_id 65
2020/03/08 15:29:11 713352	INFO [input.cpp->run:196]	Not enough points
2020/03/08 15:29:11 871376	INFO [input.cpp->run:173]	
frame_id 66
2020/03/08 15:29:11 874864	WARNING [visualOdometry.cpp->trackingFrame2Frame:179]	The Estimated Rotation and translation matrices(using getTransformation function) are : 
   0.999982 -0.00561544 -0.00211003     1.65409
 0.00562377    0.999976  0.00396323     1.10699
 0.00208762 -0.00397503     0.99999     -2.1012
          0           0           0           1
2020/03/08 15:29:11 875070	INFO [input.cpp->run:235]	rotation: 
[0.9999821186065674, -0.005615442991256714, -0.002110034227371216;
 0.005623772740364075, 0.9999763965606689, 0.003963232040405273;
 0.002087622880935669, -0.003975033760070801, 0.9999900460243225]
2020/03/08 15:29:11 875111	INFO [input.cpp->run:256]	frame times (ms): 10.076
2020/03/08 15:29:11 875119	INFO [input.cpp->run:257]	FPS: 99.2457
2020/03/08 15:29:12 019509	INFO [input.cpp->run:173]	
frame_id 67
2020/03/08 15:29:12 022404	INFO [input.cpp->run:196]	Not enough points
2020/03/08 15:29:12 167629	INFO [input.cpp->run:173]	
frame_id 68
2020/03/08 15:29:12 170799	INFO [input.cpp->run:196]	Not enough points
2020/03/08 15:29:12 323158	INFO [input.cpp->run:173]	
frame_id 69
2020/03/08 15:29:12 326085	INFO [input.cpp->run:196]	Not enough points
2020/03/08 15:29:12 487348	INFO [input.cpp->run:173]	
frame_id 70
2020/03/08 15:29:12 490554	INFO [input.cpp->run:196]	Not enough points
2020/03/08 15:29:12 637837	INFO [input.cpp->run:173]	
frame_id 71
2020/03/08 15:29:12 643529	INFO [input.cpp->run:196]	Not enough points
2020/03/08 15:29:12 789981	INFO [input.cpp->run:173]	
frame_id 72
2020/03/08 15:29:12 793817	INFO [input.cpp->run:196]	Not enough points
2020/03/08 15:29:12 938805	INFO [input.cpp->run:173]	
frame_id 73
2020/03/08 15:29:12 941897	INFO [input.cpp->run:196]	Not enough points
2020/03/08 15:29:13 091020	INFO [input.cpp->run:173]	
frame_id 74
2020/03/08 15:29:13 094414	INFO [input.cpp->run:196]	Not enough points
2020/03/08 15:29:13 249402	INFO [input.cpp->run:173]	
frame_id 75
2020/03/08 15:29:13 252453	WARNING [visualOdometry.cpp->trackingFrame2Frame:179]	The Estimated Rotation and translation matrices(using getTransformation function) are : 
   0.999984 -0.00382033 -0.00408027    -1.08529
 0.00383356    0.999987  0.00322947   -0.771424
 0.00406805 -0.00324497    0.999986     1.48017
          0           0           0           1
2020/03/08 15:29:13 252661	INFO [input.cpp->run:235]	rotation: 
[0.9999842643737793, -0.003820329904556274, -0.004080265760421753;
 0.003833562135696411, 0.9999873638153076, 0.003229469060897827;
 0.004068046808242798, -0.003244966268539429, 0.9999864101409912]
2020/03/08 15:29:13 252765	INFO [input.cpp->run:256]	frame times (ms): 10.343
2020/03/08 15:29:13 252838	INFO [input.cpp->run:257]	FPS: 96.6837
2020/03/08 15:29:13 389394	INFO [input.cpp->run:173]	
frame_id 76
2020/03/08 15:29:13 390831	WARNING [visualOdometry.cpp->trackingFrame2Frame:179]	The Estimated Rotation and translation matrices(using getTransformation function) are : 
    0.999997   -0.0023436  0.000372142      2.44937
  0.00234325     0.999997  0.000910372      1.63345
-0.000374258 -0.000909477     0.999999     -3.11603
           0            0            0            1
2020/03/08 15:29:13 390917	INFO [input.cpp->run:235]	rotation: 
[0.9999971389770508, -0.002343595027923584, 0.0003721415996551514;
 0.002343252301216125, 0.9999967813491821, 0.0009103715419769287;
 -0.0003742575645446777, -0.0009094774723052979, 0.9999994039535522]
2020/03/08 15:29:13 390932	INFO [input.cpp->run:256]	frame times (ms): 4.322
2020/03/08 15:29:13 390935	INFO [input.cpp->run:257]	FPS: 231.374
2020/03/08 15:29:13 543391	INFO [input.cpp->run:173]	
frame_id 77
2020/03/08 15:29:13 546341	INFO [input.cpp->run:196]	Not enough points
2020/03/08 15:29:13 692748	INFO [input.cpp->run:173]	
frame_id 78
2020/03/08 15:29:13 696015	WARNING [visualOdometry.cpp->trackingFrame2Frame:179]	The Estimated Rotation and translation matrices(using getTransformation function) are : 
   0.999944 -0.00651653 -0.00835863    0.204969
 0.00659332    0.999936  0.00921494   0.0645242
 0.00829783 -0.00926974    0.999923   -0.125448
          0           0           0           1
2020/03/08 15:29:13 696221	INFO [input.cpp->run:235]	rotation: 
[0.9999439716339111, -0.006516531109809875, -0.008358627557754517;
 0.006593316793441772, 0.9999359250068665, 0.009214937686920166;
 0.008297830820083618, -0.009269744157791138, 0.9999228119850159]
2020/03/08 15:29:13 696260	INFO [input.cpp->run:256]	frame times (ms): 10.88
2020/03/08 15:29:13 696267	INFO [input.cpp->run:257]	FPS: 91.9118
2020/03/08 15:29:13 849124	INFO [input.cpp->run:173]	
frame_id 79
2020/03/08 15:29:13 853260	WARNING [visualOdometry.cpp->trackingFrame2Frame:179]	The Estimated Rotation and translation matrices(using getTransformation function) are : 
   0.999999 -0.00132886  -0.0012916  -0.0615158
 0.00133213    0.999996  0.00248364  -0.0434103
 0.00128821 -0.00248539    0.999996   0.0946522
          0           0           0           1
2020/03/08 15:29:13 853464	INFO [input.cpp->run:235]	rotation: 
[0.9999985694885254, -0.001328855752944946, -0.001291602849960327;
 0.001332134008407593, 0.9999961853027344, 0.002483636140823364;
 0.00128820538520813, -0.002485394477844238, 0.9999963045120239]
2020/03/08 15:29:13 853504	INFO [input.cpp->run:256]	frame times (ms): 13.848
2020/03/08 15:29:13 853512	INFO [input.cpp->run:257]	FPS: 72.2126
2020/03/08 15:29:13 999438	INFO [input.cpp->run:173]	
frame_id 80
2020/03/08 15:29:14 002419	WARNING [visualOdometry.cpp->trackingFrame2Frame:179]	The Estimated Rotation and translation matrices(using getTransformation function) are : 
          1 1.16527e-05  0.00119668    0.596073
-1.0252e-05           1 -0.00118226    0.442248
-0.00119641  0.00118214    0.999999   -0.790779
          0           0           0           1
2020/03/08 15:29:14 002623	INFO [input.cpp->run:235]	rotation: 
[0.9999997615814209, 1.165270805358887e-05, 0.001196682453155518;
 -1.025199890136719e-05, 0.9999997019767761, -0.001182258129119873;
 -0.001196414232254028, 0.001182138919830322, 0.9999989867210388]
2020/03/08 15:29:14 002661	INFO [input.cpp->run:256]	frame times (ms): 9.924
2020/03/08 15:29:14 002666	INFO [input.cpp->run:257]	FPS: 100.766
2020/03/08 15:29:14 150740	INFO [input.cpp->run:173]	
frame_id 81
2020/03/08 15:29:14 153652	WARNING [visualOdometry.cpp->trackingFrame2Frame:179]	The Estimated Rotation and translation matrices(using getTransformation function) are : 
   0.999992 -0.00083597  0.00392935    0.193975
0.000842214    0.999998 -0.00160137    0.237476
 -0.0039281  0.00160468    0.999991    -0.43334
          0           0           0           1
2020/03/08 15:29:14 153816	INFO [input.cpp->run:235]	rotation: 
[0.9999920129776001, -0.0008359700441360474, 0.003929346799850464;
 0.0008422136306762695, 0.9999984502792358, -0.001601368188858032;
 -0.003928095102310181, 0.001604676246643066, 0.9999909996986389]
2020/03/08 15:29:14 153847	INFO [input.cpp->run:256]	frame times (ms): 9.819
2020/03/08 15:29:14 153866	INFO [input.cpp->run:257]	FPS: 101.843
2020/03/08 15:29:14 304677	INFO [input.cpp->run:173]	
frame_id 82
2020/03/08 15:29:14 307780	WARNING [visualOdometry.cpp->trackingFrame2Frame:179]	The Estimated Rotation and translation matrices(using getTransformation function) are : 
   0.999992  0.00149009  0.00350654    0.782269
-0.00148019    0.999995 -0.00279316    0.645817
-0.00351077  0.00278798     0.99999    -1.19566
          0           0           0           1
2020/03/08 15:29:14 307984	INFO [input.cpp->run:235]	rotation: 
[0.9999924898147583, 0.001490086317062378, 0.00350654125213623;
 -0.001480191946029663, 0.999994695186615, -0.002793163061141968;
 -0.003510773181915283, 0.002787977457046509, 0.9999898672103882]
2020/03/08 15:29:14 308040	INFO [input.cpp->run:256]	frame times (ms): 10.077
2020/03/08 15:29:14 308048	INFO [input.cpp->run:257]	FPS: 99.2359
2020/03/08 15:29:14 459427	INFO [input.cpp->run:173]	
frame_id 83
2020/03/08 15:29:14 462456	WARNING [visualOdometry.cpp->trackingFrame2Frame:179]	The Estimated Rotation and translation matrices(using getTransformation function) are : 
    0.999999   0.00132395  0.000663429     0.904578
  -0.0013238     0.999999 -0.000286132     0.603638
-0.000663638  0.000285357            1     -1.14701
           0            0            0            1
2020/03/08 15:29:14 462661	INFO [input.cpp->run:235]	rotation: 
[0.999998927116394, 0.00132395327091217, 0.0006634294986724854;
 -0.001323804259300232, 0.9999991059303284, -0.0002861320972442627;
 -0.0006636381149291992, 0.0002853572368621826, 0.9999997615814209]
2020/03/08 15:29:14 462701	INFO [input.cpp->run:256]	frame times (ms): 10.567
2020/03/08 15:29:14 462709	INFO [input.cpp->run:257]	FPS: 94.6342
2020/03/08 15:29:14 676247	INFO [input.cpp->run:173]	
frame_id 84
2020/03/08 15:29:14 682611	WARNING [visualOdometry.cpp->trackingFrame2Frame:179]	The Estimated Rotation and translation matrices(using getTransformation function) are : 
   0.999948  0.00284968  0.00979102   -0.814303
-0.00281028    0.999988  -0.0040375   -0.318804
-0.00980252  0.00400969    0.999944    0.635103
          0           0           0           1
2020/03/08 15:29:14 683001	INFO [input.cpp->run:235]	rotation: 
[0.999948263168335, 0.002849683165550232, 0.009791016578674316;
 -0.002810284495353699, 0.9999881386756897, -0.00403749942779541;
 -0.009802520275115967, 0.00400969386100769, 0.9999440908432007]
2020/03/08 15:29:14 683073	INFO [input.cpp->run:256]	frame times (ms): 18.979
2020/03/08 15:29:14 683087	INFO [input.cpp->run:257]	FPS: 52.6898
2020/03/08 15:29:14 828148	INFO [input.cpp->run:173]	
frame_id 85
2020/03/08 15:29:14 830568	WARNING [visualOdometry.cpp->trackingFrame2Frame:179]	The Estimated Rotation and translation matrices(using getTransformation function) are : 
    0.999996   0.00261036   0.00105613      0.25322
 -0.00260949     0.999996 -0.000928879     0.179634
 -0.00105861  0.000926137     0.999999    -0.333216
           0            0            0            1
2020/03/08 15:29:14 830735	INFO [input.cpp->run:235]	rotation: 
[0.9999959468841553, 0.002610355615615845, 0.001056134700775146;
 -0.002609491348266602, 0.9999960660934448, -0.0009288787841796875;
 -0.001058608293533325, 0.0009261369705200195, 0.999998927116394]
2020/03/08 15:29:14 830783	INFO [input.cpp->run:256]	frame times (ms): 8.373
2020/03/08 15:29:14 830789	INFO [input.cpp->run:257]	FPS: 119.432
2020/03/08 15:29:14 984214	INFO [input.cpp->run:173]	
frame_id 86
2020/03/08 15:29:14 987159	WARNING [visualOdometry.cpp->trackingFrame2Frame:179]	The Estimated Rotation and translation matrices(using getTransformation function) are : 
           1  0.000102028  0.000877142     0.547138
-0.000101686            1 -0.000357002     0.439186
-0.000877172  0.000356942            1     -0.81472
           0            0            0            1
2020/03/08 15:29:14 987364	INFO [input.cpp->run:235]	rotation: 
[0.9999995231628418, 0.0001020282506942749, 0.0008771419525146484;
 -0.0001016855239868164, 0.9999998807907104, -0.0003570020198822021;
 -0.0008771717548370361, 0.0003569424152374268, 0.9999995231628418]
2020/03/08 15:29:14 987402	INFO [input.cpp->run:256]	frame times (ms): 9.801
2020/03/08 15:29:14 987412	INFO [input.cpp->run:257]	FPS: 102.03
2020/03/08 15:29:15 144224	INFO [input.cpp->run:173]	
frame_id 87
2020/03/08 15:29:15 148202	WARNING [visualOdometry.cpp->trackingFrame2Frame:179]	The Estimated Rotation and translation matrices(using getTransformation function) are : 
   0.999993 -0.00321743  -0.0017612    0.119659
 0.00322092    0.999993   0.0019924    0.100266
 0.00175476 -0.00199819    0.999996   -0.188915
          0           0           0           1
2020/03/08 15:29:15 148408	INFO [input.cpp->run:235]	rotation: 
[0.9999932050704956, -0.003217428922653198, -0.001761198043823242;
 0.003220915794372559, 0.999992847442627, 0.001992404460906982;
 0.0017547607421875, -0.001998186111450195, 0.9999964237213135]
2020/03/08 15:29:15 148446	INFO [input.cpp->run:256]	frame times (ms): 13.016
2020/03/08 15:29:15 148453	INFO [input.cpp->run:257]	FPS: 76.8285
2020/03/08 15:29:15 299611	INFO [input.cpp->run:173]	
frame_id 88
2020/03/08 15:29:15 302502	WARNING [visualOdometry.cpp->trackingFrame2Frame:179]	The Estimated Rotation and translation matrices(using getTransformation function) are : 
    0.999998   0.00228037  0.000180572      1.18929
    -0.00228     0.999995  -0.00235027     0.784348
-0.000186205   0.00234973     0.999997     -1.48117
           0            0            0            1
2020/03/08 15:29:15 302707	INFO [input.cpp->run:235]	rotation: 
[0.999997615814209, 0.002280369400978088, 0.0001805722713470459;
 -0.002279996871948242, 0.9999947547912598, -0.002350270748138428;
 -0.0001862049102783203, 0.002349734306335449, 0.9999972581863403]
2020/03/08 15:29:15 302748	INFO [input.cpp->run:256]	frame times (ms): 9.365
2020/03/08 15:29:15 302758	INFO [input.cpp->run:257]	FPS: 106.781
2020/03/08 15:29:15 449980	INFO [input.cpp->run:173]	
frame_id 89
2020/03/08 15:29:15 455103	WARNING [visualOdometry.cpp->trackingFrame2Frame:179]	The Estimated Rotation and translation matrices(using getTransformation function) are : 
   0.999989  0.00429095  0.00157809     0.64562
-0.00428453    0.999982 -0.00407898    0.438421
-0.00159568  0.00407207     0.99999    -0.82601
          0           0           0           1
2020/03/08 15:29:15 455374	INFO [input.cpp->run:235]	rotation: 
[0.99998939037323, 0.004290953278541565, 0.001578092575073242;
 -0.004284530878067017, 0.9999822974205017, -0.004078984260559082;
 -0.001595675945281982, 0.004072070121765137, 0.9999903440475464]
2020/03/08 15:29:15 455426	INFO [input.cpp->run:256]	frame times (ms): 15.092
2020/03/08 15:29:15 455432	INFO [input.cpp->run:257]	FPS: 66.2603
2020/03/08 15:29:15 600590	INFO [input.cpp->run:173]	
frame_id 90
2020/03/08 15:29:15 603724	WARNING [visualOdometry.cpp->trackingFrame2Frame:179]	The Estimated Rotation and translation matrices(using getTransformation function) are : 
    0.99999   0.0044592  0.00106716    0.739853
-0.00445484    0.999982 -0.00399929    0.504681
 -0.0010851  0.00399449    0.999992   -0.941257
          0           0           0           1
2020/03/08 15:29:15 603890	INFO [input.cpp->run:235]	rotation: 
[0.9999896287918091, 0.004459202289581299, 0.001067161560058594;
 -0.004454836249351501, 0.9999823570251465, -0.003999292850494385;
 -0.001085102558135986, 0.003994494676589966, 0.9999915957450867]
2020/03/08 15:29:15 603921	INFO [input.cpp->run:256]	frame times (ms): 9.555
2020/03/08 15:29:15 603928	INFO [input.cpp->run:257]	FPS: 104.657
2020/03/08 15:29:15 754330	INFO [input.cpp->run:173]	
frame_id 91
2020/03/08 15:29:15 757354	WARNING [visualOdometry.cpp->trackingFrame2Frame:179]	The Estimated Rotation and translation matrices(using getTransformation function) are : 
   0.999989 -0.00215726  -0.0042721     1.11561
 0.00216822    0.999994  0.00259519    0.709627
  0.0042662 -0.00260445    0.999987    -1.33559
          0           0           0           1
2020/03/08 15:29:15 757557	INFO [input.cpp->run:235]	rotation: 
[0.9999885559082031, -0.002157256007194519, -0.004272103309631348;
 0.002168223261833191, 0.9999942779541016, 0.002595186233520508;
 0.004266202449798584, -0.002604454755783081, 0.9999874830245972]
2020/03/08 15:29:15 757595	INFO [input.cpp->run:256]	frame times (ms): 10.267
2020/03/08 15:29:15 757600	INFO [input.cpp->run:257]	FPS: 97.3994
2020/03/08 15:29:15 909872	INFO [input.cpp->run:173]	
frame_id 92
2020/03/08 15:29:15 916538	WARNING [visualOdometry.cpp->trackingFrame2Frame:179]	The Estimated Rotation and translation matrices(using getTransformation function) are : 
   0.999988 -0.00251414 -0.00412694  -0.0859528
 0.00252646    0.999992  0.00299513  -0.0469303
 0.00411937  -0.0030055    0.999987   0.0991707
          0           0           0           1
2020/03/08 15:29:15 916925	INFO [input.cpp->run:235]	rotation: 
[0.9999881386756897, -0.00251413881778717, -0.004126936197280884;
 0.002526462078094482, 0.9999921321868896, 0.002995133399963379;
 0.004119366407394409, -0.003005504608154297, 0.9999868869781494]
2020/03/08 15:29:15 916994	INFO [input.cpp->run:256]	frame times (ms): 19.936
2020/03/08 15:29:15 917002	INFO [input.cpp->run:257]	FPS: 50.1605
2020/03/08 15:29:16 060614	INFO [input.cpp->run:173]	
frame_id 93
2020/03/08 15:29:16 063539	WARNING [visualOdometry.cpp->trackingFrame2Frame:179]	The Estimated Rotation and translation matrices(using getTransformation function) are : 
  0.999825  0.0156161  0.0102613  -0.773869
-0.0154572   0.999762 -0.0153896  -0.184899
-0.0104992  0.0152283   0.999829   0.580648
         0          0          0          1
2020/03/08 15:29:16 063703	INFO [input.cpp->run:235]	rotation: 
[0.9998254776000977, 0.01561608910560608, 0.01026129722595215;
 -0.01545722782611847, 0.9997621774673462, -0.01538956165313721;
 -0.01049920916557312, 0.01522830128669739, 0.9998289942741394]
2020/03/08 15:29:16 063734	INFO [input.cpp->run:256]	frame times (ms): 9.898
2020/03/08 15:29:16 063743	INFO [input.cpp->run:257]	FPS: 101.031
2020/03/08 15:29:16 221634	INFO [input.cpp->run:173]	
frame_id 94
2020/03/08 15:29:16 227609	WARNING [visualOdometry.cpp->trackingFrame2Frame:179]	The Estimated Rotation and translation matrices(using getTransformation function) are : 
    0.999993   0.00290598  -0.00229719     -0.32367
 -0.00290801     0.999995 -0.000961751    -0.200249
  0.00229418  0.000968218     0.999997     0.377287
           0            0            0            1
2020/03/08 15:29:16 228004	INFO [input.cpp->run:235]	rotation: 
[0.9999932050704956, 0.002905979752540588, -0.002297192811965942;
 -0.002908006310462952, 0.9999953508377075, -0.0009617507457733154;
 0.002294182777404785, 0.0009682178497314453, 0.9999969005584717]
2020/03/08 15:29:16 228268	INFO [input.cpp->run:256]	frame times (ms): 21.069
2020/03/08 15:29:16 228287	INFO [input.cpp->run:257]	FPS: 47.4631
2020/03/08 15:29:16 373545	INFO [input.cpp->run:173]	
frame_id 95
2020/03/08 15:29:16 376389	WARNING [visualOdometry.cpp->trackingFrame2Frame:179]	The Estimated Rotation and translation matrices(using getTransformation function) are : 
   0.999986  0.00512823 -0.00157964      1.5055
-0.00513387    0.999981 -0.00348288    0.988111
 0.00156164  0.00349092    0.999993    -1.85406
          0           0           0           1
2020/03/08 15:29:16 376554	INFO [input.cpp->run:235]	rotation: 
[0.9999856948852539, 0.005128234624862671, -0.001579642295837402;
 -0.005133867263793945, 0.9999808669090271, -0.0034828782081604;
 0.001561641693115234, 0.003490924835205078, 0.9999926686286926]
2020/03/08 15:29:16 376586	INFO [input.cpp->run:256]	frame times (ms): 8.649
2020/03/08 15:29:16 376592	INFO [input.cpp->run:257]	FPS: 115.62
2020/03/08 15:29:16 524631	INFO [input.cpp->run:173]	
frame_id 96
2020/03/08 15:29:16 528014	WARNING [visualOdometry.cpp->trackingFrame2Frame:179]	The Estimated Rotation and translation matrices(using getTransformation function) are : 
   0.999987  0.00371572 -0.00366798     1.19886
-0.00372218    0.999992 -0.00168663    0.783341
 0.00366175  0.00170028    0.999992    -1.48269
          0           0           0           1
2020/03/08 15:29:16 528195	INFO [input.cpp->run:235]	rotation: 
[0.9999865293502808, 0.003715723752975464, -0.003667980432510376;
 -0.0037221759557724, 0.9999919533729553, -0.001686632633209229;
 0.003661751747131348, 0.001700282096862793, 0.9999918341636658]
2020/03/08 15:29:16 528240	INFO [input.cpp->run:256]	frame times (ms): 10.363
2020/03/08 15:29:16 528244	INFO [input.cpp->run:257]	FPS: 96.4972
2020/03/08 15:29:16 675008	INFO [input.cpp->run:173]	
frame_id 97
2020/03/08 15:29:16 682209	WARNING [visualOdometry.cpp->trackingFrame2Frame:179]	The Estimated Rotation and translation matrices(using getTransformation function) are : 
    0.999968  0.000583738  -0.00796854    -0.139907
-0.000565439     0.999997   0.00228068    -0.138379
  0.00796956  -0.00227624     0.999966     0.255863
           0            0            0            1
2020/03/08 15:29:16 682601	INFO [input.cpp->run:235]	rotation: 
[0.9999679327011108, 0.0005837380886077881, -0.007968544960021973;
 -0.0005654394626617432, 0.9999969601631165, 0.002280682325363159;
 0.007969558238983154, -0.002276241779327393, 0.9999657869338989]
2020/03/08 15:29:16 682674	INFO [input.cpp->run:256]	frame times (ms): 18.712
2020/03/08 15:29:16 682691	INFO [input.cpp->run:257]	FPS: 53.4416
2020/03/08 15:29:16 827462	INFO [input.cpp->run:173]	
frame_id 98
2020/03/08 15:29:16 831441	WARNING [visualOdometry.cpp->trackingFrame2Frame:179]	The Estimated Rotation and translation matrices(using getTransformation function) are : 
   0.999954   0.0088616   0.0037905   0.0363846
-0.00883499    0.999937 -0.00696823    0.154018
-0.00385192  0.00693452    0.999969   -0.292829
          0           0           0           1
2020/03/08 15:29:16 831710	INFO [input.cpp->run:235]	rotation: 
[0.9999539852142334, 0.00886160135269165, 0.003790497779846191;
 -0.008834987878799438, 0.9999371767044067, -0.006968230009078979;
 -0.003851920366287231, 0.006934523582458496, 0.9999690055847168]
2020/03/08 15:29:16 831763	INFO [input.cpp->run:256]	frame times (ms): 12.344
2020/03/08 15:29:16 831772	INFO [input.cpp->run:257]	FPS: 81.011
2020/03/08 15:29:16 984446	INFO [input.cpp->run:173]	
frame_id 99
2020/03/08 15:29:16 987544	WARNING [visualOdometry.cpp->trackingFrame2Frame:179]	The Estimated Rotation and translation matrices(using getTransformation function) are : 
    0.99998  0.00379087  -0.0051592    0.293709
-0.00379816    0.999992  -0.0013966    0.240358
 0.00515386  0.00141615    0.999986   -0.423016
          0           0           0           1
2020/03/08 15:29:16 987751	INFO [input.cpp->run:235]	rotation: 
[0.9999797344207764, 0.003790870308876038, -0.005159199237823486;
 -0.003798156976699829, 0.9999918341636658, -0.001396596431732178;
 0.005153864622116089, 0.001416146755218506, 0.9999858140945435]
2020/03/08 15:29:16 987790	INFO [input.cpp->run:256]	frame times (ms): 10.8
2020/03/08 15:29:16 987799	INFO [input.cpp->run:257]	FPS: 92.5926
2020/03/08 15:29:17 145244	INFO [input.cpp->run:173]	
frame_id 100
2020/03/08 15:29:17 151658	WARNING [visualOdometry.cpp->trackingFrame2Frame:179]	The Estimated Rotation and translation matrices(using getTransformation function) are : 
    0.999961   0.00304259  -0.00826859     0.330634
 -0.00303605     0.999995  0.000801772     0.194279
  0.00827107 -0.000776589     0.999965    -0.370884
           0            0            0            1
2020/03/08 15:29:17 152062	INFO [input.cpp->run:235]	rotation: 
[0.999961256980896, 0.003042593598365784, -0.008268594741821289;
 -0.003036051988601685, 0.9999951124191284, 0.000801771879196167;
 0.008271068334579468, -0.0007765889167785645, 0.9999654293060303]
2020/03/08 15:29:17 152136	INFO [input.cpp->run:256]	frame times (ms): 20.032
2020/03/08 15:29:17 152152	INFO [input.cpp->run:257]	FPS: 49.9201
2020/03/08 15:29:17 297706	INFO [input.cpp->run:173]	
frame_id 101
2020/03/08 15:29:17 300944	WARNING [visualOdometry.cpp->trackingFrame2Frame:179]	The Estimated Rotation and translation matrices(using getTransformation function) are : 
   0.999935  0.00195278  -0.0112215     1.53223
 -0.0019221    0.999994  0.00274867    0.890124
  0.0112269 -0.00272693    0.999933    -1.69734
          0           0           0           1
2020/03/08 15:29:17 301156	INFO [input.cpp->run:235]	rotation: 
[0.9999351501464844, 0.001952782273292542, -0.0112214982509613;
 -0.001922100782394409, 0.9999943971633911, 0.002748668193817139;
 0.01122686266899109, -0.002726927399635315, 0.9999333620071411]
2020/03/08 15:29:17 301198	INFO [input.cpp->run:256]	frame times (ms): 11.029
2020/03/08 15:29:17 301202	INFO [input.cpp->run:257]	FPS: 90.6701
2020/03/08 15:29:17 457163	INFO [input.cpp->run:173]	
frame_id 102
2020/03/08 15:29:17 460675	WARNING [visualOdometry.cpp->trackingFrame2Frame:179]	The Estimated Rotation and translation matrices(using getTransformation function) are : 
   0.999955  0.00170214 -0.00932294   -0.153072
-0.00166972    0.999993  0.00348783  -0.0475774
 0.00932911 -0.00347196    0.999951   0.0605841
          0           0           0           1
2020/03/08 15:29:17 460879	INFO [input.cpp->run:235]	rotation: 
[0.9999551773071289, 0.001702144742012024, -0.009322941303253174;
 -0.001669719815254211, 0.9999927878379822, 0.003487825393676758;
 0.009329110383987427, -0.00347195565700531, 0.999950647354126]
2020/03/08 15:29:17 460920	INFO [input.cpp->run:256]	frame times (ms): 11.424
2020/03/08 15:29:17 460924	INFO [input.cpp->run:257]	FPS: 87.535
2020/03/08 15:29:17 618808	INFO [input.cpp->run:173]	
frame_id 103
2020/03/08 15:29:17 622120	WARNING [visualOdometry.cpp->trackingFrame2Frame:179]	The Estimated Rotation and translation matrices(using getTransformation function) are : 
   0.999937   0.0079259 -0.00794771   -0.172259
-0.00794618    0.999965 -0.00254102  -0.0651903
 0.00792718  0.00260399    0.999965    0.153692
          0           0           0           1
2020/03/08 15:29:17 622326	INFO [input.cpp->run:235]	rotation: 
[0.9999371767044067, 0.007925897836685181, -0.007947713136672974;
 -0.007946178317070007, 0.9999653100967407, -0.002541020512580872;
 0.007927179336547852, 0.002603992819786072, 0.9999654293060303]
2020/03/08 15:29:17 622367	INFO [input.cpp->run:256]	frame times (ms): 11.193
2020/03/08 15:29:17 622374	INFO [input.cpp->run:257]	FPS: 89.3416
2020/03/08 15:29:17 770574	INFO [input.cpp->run:173]	
frame_id 104
2020/03/08 15:29:17 773532	WARNING [visualOdometry.cpp->trackingFrame2Frame:179]	The Estimated Rotation and translation matrices(using getTransformation function) are : 
   0.999927  0.00218095  -0.0118831   -0.440205
  -0.002139    0.999992  0.00354458   -0.240023
  0.0118908 -0.00351879    0.999923    0.440418
          0           0           0           1
2020/03/08 15:29:17 773694	INFO [input.cpp->run:235]	rotation: 
[0.999927282333374, 0.002180948853492737, -0.01188308000564575;
 -0.002139002084732056, 0.999991774559021, 0.003544583916664124;
 0.01189079880714417, -0.003518790006637573, 0.9999233484268188]
2020/03/08 15:29:17 773728	INFO [input.cpp->run:256]	frame times (ms): 10.135
2020/03/08 15:29:17 773735	INFO [input.cpp->run:257]	FPS: 98.668
2020/03/08 15:29:17 919961	INFO [input.cpp->run:173]	
frame_id 105
2020/03/08 15:29:17 923202	WARNING [visualOdometry.cpp->trackingFrame2Frame:179]	The Estimated Rotation and translation matrices(using getTransformation function) are : 
   0.999913  0.00412646  -0.0125524   -0.105258
-0.00409532    0.999989  0.00250331  -0.0589333
  0.0125626 -0.00245164    0.999918   0.0998116
          0           0           0           1
2020/03/08 15:29:17 923368	INFO [input.cpp->run:235]	rotation: 
[0.9999128580093384, 0.004126459360122681, -0.012552410364151;
 -0.004095315933227539, 0.9999887943267822, 0.002503305673599243;
 0.01256260275840759, -0.002451643347740173, 0.9999182224273682]
2020/03/08 15:29:17 923518	INFO [input.cpp->run:256]	frame times (ms): 10.705
2020/03/08 15:29:17 923525	INFO [input.cpp->run:257]	FPS: 93.4143
2020/03/08 15:29:18 079353	INFO [input.cpp->run:173]	
frame_id 106
2020/03/08 15:29:18 083792	WARNING [visualOdometry.cpp->trackingFrame2Frame:179]	The Estimated Rotation and translation matrices(using getTransformation function) are : 
   0.999023 -0.00199592  -0.0441537    0.571811
 0.00260887    0.999901   0.0138271    0.147106
   0.044122  -0.0139286    0.998929   -0.227571
          0           0           0           1
2020/03/08 15:29:18 084000	INFO [input.cpp->run:235]	rotation: 
[0.9990230202674866, -0.00199592113494873, -0.04415374994277954;
 0.00260886549949646, 0.9999011754989624, 0.01382705569267273;
 0.04412195086479187, -0.01392856240272522, 0.9989292621612549]
2020/03/08 15:29:18 084258	INFO [input.cpp->run:256]	frame times (ms): 12.532
2020/03/08 15:29:18 084362	INFO [input.cpp->run:257]	FPS: 79.7957
2020/03/08 15:29:18 236062	INFO [input.cpp->run:173]	
frame_id 107
2020/03/08 15:29:18 239632	WARNING [visualOdometry.cpp->trackingFrame2Frame:179]	The Estimated Rotation and translation matrices(using getTransformation function) are : 
   0.999666  0.00636086  -0.0250812    0.240034
-0.00627699    0.999975  0.00341743   0.0244641
  0.0251022 -0.00325909     0.99968   -0.030077
          0           0           0           1
2020/03/08 15:29:18 239837	INFO [input.cpp->run:235]	rotation: 
[0.9996656179428101, 0.006360858678817749, -0.02508118748664856;
 -0.006276994943618774, 0.9999747276306152, 0.003417432308197021;
 0.02510219812393188, -0.003259092569351196, 0.9996800422668457]
2020/03/08 15:29:18 239875	INFO [input.cpp->run:256]	frame times (ms): 11.197
2020/03/08 15:29:18 239880	INFO [input.cpp->run:257]	FPS: 89.3096
2020/03/08 15:29:18 393746	INFO [input.cpp->run:173]	
frame_id 108
2020/03/08 15:29:18 396915	WARNING [visualOdometry.cpp->trackingFrame2Frame:179]	The Estimated Rotation and translation matrices(using getTransformation function) are : 
   0.999601 -0.00263175  -0.0281092     0.21851
 0.00285749    0.999964  0.00799507   0.0387893
  0.0280871 -0.00807229    0.999573  -0.0343227
          0           0           0           1
2020/03/08 15:29:18 397133	INFO [input.cpp->run:235]	rotation: 
[0.999601423740387, -0.00263175368309021, -0.02810919284820557;
 0.002857491374015808, 0.9999639987945557, 0.007995069026947021;
 0.02808710932731628, -0.00807228684425354, 0.9995728731155396]
2020/03/08 15:29:18 397173	INFO [input.cpp->run:256]	frame times (ms): 11.24
2020/03/08 15:29:18 397182	INFO [input.cpp->run:257]	FPS: 88.968
2020/03/08 15:29:18 547761	INFO [input.cpp->run:173]	
frame_id 109
2020/03/08 15:29:18 551189	WARNING [visualOdometry.cpp->trackingFrame2Frame:179]	The Estimated Rotation and translation matrices(using getTransformation function) are : 
  0.998939 -0.0082224 -0.0453033   0.374849
 0.0088089    0.99988  0.0127568  0.0668831
  0.045193 -0.0131423   0.998892 -0.0193157
         0          0          0          1
2020/03/08 15:29:18 551389	INFO [input.cpp->run:235]	rotation: 
[0.9989394545555115, -0.008222401142120361, -0.0453033447265625;
 0.008808895945549011, 0.9998798370361328, 0.01275676488876343;
 0.04519301652908325, -0.01314231753349304, 0.9988919496536255]
2020/03/08 15:29:18 551441	INFO [input.cpp->run:256]	frame times (ms): 10.137
2020/03/08 15:29:18 551447	INFO [input.cpp->run:257]	FPS: 98.6485
2020/03/08 15:29:18 705679	INFO [input.cpp->run:173]	
frame_id 110
2020/03/08 15:29:18 708755	WARNING [visualOdometry.cpp->trackingFrame2Frame:179]	The Estimated Rotation and translation matrices(using getTransformation function) are : 
    0.99981  0.00394633  -0.0190979    0.132022
-0.00391118    0.999991   0.0018838   0.0495477
   0.019105 -0.00180888    0.999816  -0.0473213
          0           0           0           1
2020/03/08 15:29:18 708920	INFO [input.cpp->run:235]	rotation: 
[0.9998099803924561, 0.00394633412361145, -0.01909786462783813;
 -0.003911182284355164, 0.9999908208847046, 0.001883804798126221;
 0.01910495758056641, -0.001808881759643555, 0.9998159408569336]
2020/03/08 15:29:18 708952	INFO [input.cpp->run:256]	frame times (ms): 9.812
2020/03/08 15:29:18 708958	INFO [input.cpp->run:257]	FPS: 101.916
2020/03/08 15:29:18 927618	INFO [input.cpp->run:173]	
frame_id 111
2020/03/08 15:29:18 934985	WARNING [visualOdometry.cpp->trackingFrame2Frame:179]	The Estimated Rotation and translation matrices(using getTransformation function) are : 
   0.999648 -0.00113402  -0.0265255     0.29815
 0.00133254    0.999971  0.00747696    0.109073
  0.0265161 -0.00750974     0.99962   -0.168921
          0           0           0           1
2020/03/08 15:29:18 935372	INFO [input.cpp->run:235]	rotation: 
[0.9996476173400879, -0.001134023070335388, -0.02652546763420105;
 0.001332536339759827, 0.9999713897705078, 0.007476955652236938;
 0.0265161395072937, -0.007509738206863403, 0.999620258808136]
2020/03/08 15:29:18 935442	INFO [input.cpp->run:256]	frame times (ms): 20.554
2020/03/08 15:29:18 935450	INFO [input.cpp->run:257]	FPS: 48.6523
2020/03/08 15:29:19 095118	INFO [input.cpp->run:173]	
frame_id 112
2020/03/08 15:29:19 101009	WARNING [visualOdometry.cpp->trackingFrame2Frame:179]	The Estimated Rotation and translation matrices(using getTransformation function) are : 
   0.999879  0.00687928  -0.0139867    0.282022
-0.00688566    0.999977 -0.00038904    0.171715
  0.0139838  0.00048545    0.999902   -0.306823
          0           0           0           1
2020/03/08 15:29:19 101424	INFO [input.cpp->run:235]	rotation: 
[0.9998787045478821, 0.006879284977912903, -0.013986736536026;
 -0.00688566267490387, 0.9999765157699585, -0.0003890395164489746;
 0.01398384571075439, 0.0004854500293731689, 0.9999020099639893]
2020/03/08 15:29:19 101492	INFO [input.cpp->run:256]	frame times (ms): 20.648
2020/03/08 15:29:19 101501	INFO [input.cpp->run:257]	FPS: 48.4308
2020/03/08 15:29:19 244968	INFO [input.cpp->run:173]	
frame_id 113
2020/03/08 15:29:19 248548	WARNING [visualOdometry.cpp->trackingFrame2Frame:179]	The Estimated Rotation and translation matrices(using getTransformation function) are : 
   0.99972 -0.0106155 -0.0211348   0.588376
 0.0108511    0.99988  0.0110569   0.437915
 0.0210149 -0.0112832   0.999716  -0.784956
         0          0          0          1
2020/03/08 15:29:19 248714	INFO [input.cpp->run:235]	rotation: 
[0.9997202754020691, -0.0106155127286911, -0.02113482356071472;
 0.01085108518600464, 0.9998800754547119, 0.01105687022209167;
 0.02101489901542664, -0.01128318905830383, 0.9997155666351318]
2020/03/08 15:29:19 248747	INFO [input.cpp->run:256]	frame times (ms): 8.882
2020/03/08 15:29:19 248766	INFO [input.cpp->run:257]	FPS: 112.587
2020/03/08 15:29:19 388856	INFO [input.cpp->run:173]	
frame_id 114
2020/03/08 15:29:19 391471	WARNING [visualOdometry.cpp->trackingFrame2Frame:179]	The Estimated Rotation and translation matrices(using getTransformation function) are : 
   0.999873  -4.825e-05   -0.015931   0.0738583
0.000128031    0.999987  0.00500414  -0.0144567
  0.0159306 -0.00500554    0.999861   0.0435057
          0           0           0           1
2020/03/08 15:29:19 391638	INFO [input.cpp->run:235]	rotation: 
[0.9998730421066284, -4.824995994567871e-05, -0.01593101024627686;
 0.0001280307769775391, 0.9999873638153076, 0.005004137754440308;
 0.01593059301376343, -0.005005538463592529, 0.9998605847358704]
2020/03/08 15:29:19 391670	INFO [input.cpp->run:256]	frame times (ms): 8.193
2020/03/08 15:29:19 391674	INFO [input.cpp->run:257]	FPS: 122.055
2020/03/08 15:29:19 550088	INFO [input.cpp->run:173]	
frame_id 115
2020/03/08 15:29:19 553831	WARNING [visualOdometry.cpp->trackingFrame2Frame:179]	The Estimated Rotation and translation matrices(using getTransformation function) are : 
   0.999946  0.00145864  -0.0103003    0.195943
 -0.0014324    0.999996  0.00254616    0.127988
  0.0103042 -0.00253111    0.999944   -0.234761
          0           0           0           1
2020/03/08 15:29:19 554035	INFO [input.cpp->run:235]	rotation: 
[0.9999462366104126, 0.001458644866943359, -0.01030030846595764;
 -0.001432403922080994, 0.9999960660934448, 0.002546161413192749;
 0.01030415296554565, -0.002531111240386963, 0.9999438524246216]
2020/03/08 15:29:19 554074	INFO [input.cpp->run:256]	frame times (ms): 11.9
2020/03/08 15:29:19 554081	INFO [input.cpp->run:257]	FPS: 84.0336
2020/03/08 15:29:19 702498	INFO [input.cpp->run:173]	
frame_id 116
2020/03/08 15:29:19 705126	WARNING [visualOdometry.cpp->trackingFrame2Frame:179]	The Estimated Rotation and translation matrices(using getTransformation function) are : 
    0.999927   0.00775701  -0.00929672     -1.15336
  -0.0077659     0.999969 -0.000910074    -0.930878
  0.00928935  0.000982195     0.999956      1.75276
           0            0            0            1
2020/03/08 15:29:19 705290	INFO [input.cpp->run:235]	rotation: 
[0.9999265670776367, 0.007757008075714111, -0.009296715259552002;
 -0.007765904068946838, 0.9999693036079407, -0.0009100735187530518;
 0.009289354085922241, 0.0009821951389312744, 0.9999561905860901]
2020/03/08 15:29:19 705322	INFO [input.cpp->run:256]	frame times (ms): 8.477
2020/03/08 15:29:19 705326	INFO [input.cpp->run:257]	FPS: 117.966
2020/03/08 15:29:19 878455	INFO [input.cpp->run:173]	
frame_id 117
2020/03/08 15:29:19 884064	WARNING [visualOdometry.cpp->trackingFrame2Frame:179]	The Estimated Rotation and translation matrices(using getTransformation function) are : 
   0.999845   0.0175628  0.00094524    0.208519
 -0.0175509    0.999781  -0.0113679    0.142769
-0.00114468   0.0113496    0.999935   -0.280339
          0           0           0           1
2020/03/08 15:29:19 884265	INFO [input.cpp->run:235]	rotation: 
[0.9998451471328735, 0.01756283640861511, 0.0009452402591705322;
 -0.01755094528198242, 0.9997811317443848, -0.01136794686317444;
 -0.001144677400588989, 0.01134964823722839, 0.9999348521232605]
2020/03/08 15:29:19 884303	INFO [input.cpp->run:256]	frame times (ms): 11.99
2020/03/08 15:29:19 884308	INFO [input.cpp->run:257]	FPS: 83.4028
2020/03/08 15:29:20 069655	INFO [input.cpp->run:173]	
frame_id 118
2020/03/08 15:29:20 075819	WARNING [visualOdometry.cpp->trackingFrame2Frame:179]	The Estimated Rotation and translation matrices(using getTransformation function) are : 
   0.999938   0.0102152 -0.00456402    -1.37728
 -0.0102346    0.999939 -0.00425559    -1.06729
 0.00452027    0.004302    0.999981     2.00414
          0           0           0           1
2020/03/08 15:29:20 076205	INFO [input.cpp->run:235]	rotation: 
[0.9999376535415649, 0.01021523773670197, -0.004564017057418823;
 -0.01023459434509277, 0.9999387264251709, -0.004255592823028564;
 0.004520267248153687, 0.004301995038986206, 0.9999808073043823]
2020/03/08 15:29:20 076272	INFO [input.cpp->run:256]	frame times (ms): 21.449
2020/03/08 15:29:20 076281	INFO [input.cpp->run:257]	FPS: 46.6222
2020/03/08 15:29:20 268754	INFO [input.cpp->run:173]	
frame_id 119
2020/03/08 15:29:20 274957	WARNING [visualOdometry.cpp->trackingFrame2Frame:179]	The Estimated Rotation and translation matrices(using getTransformation function) are : 
   0.999912 -0.00743668   -0.010985     0.43695
 0.00752319    0.999941   0.0078463    0.296971
  0.0109261 -0.00792822    0.999909   -0.536336
          0           0           0           1
2020/03/08 15:29:20 275339	INFO [input.cpp->run:235]	rotation: 
[0.9999122619628906, -0.007436677813529968, -0.01098501682281494;
 0.007523193955421448, 0.9999409914016724, 0.007846295833587646;
 0.01092612743377686, -0.007928222417831421, 0.999908983707428]
2020/03/08 15:29:20 275407	INFO [input.cpp->run:256]	frame times (ms): 20.089
2020/03/08 15:29:20 275423	INFO [input.cpp->run:257]	FPS: 49.7785
2020/03/08 15:29:20 442327	INFO [input.cpp->run:173]	
frame_id 120
2020/03/08 15:29:20 445588	WARNING [visualOdometry.cpp->trackingFrame2Frame:179]	The Estimated Rotation and translation matrices(using getTransformation function) are : 
   0.999953 -0.00286394 -0.00928485   -0.409321
 0.00292328    0.999975  0.00639796   -0.315531
 0.00926638 -0.00642481    0.999936    0.594631
          0           0           0           1
2020/03/08 15:29:20 445793	INFO [input.cpp->run:235]	rotation: 
[0.9999528527259827, -0.002863943576812744, -0.009284853935241699;
 0.002923280000686646, 0.999975323677063, 0.00639796257019043;
 0.009266376495361328, -0.006424814462661743, 0.9999364614486694]
2020/03/08 15:29:20 445833	INFO [input.cpp->run:256]	frame times (ms): 10.732
2020/03/08 15:29:20 445842	INFO [input.cpp->run:257]	FPS: 93.1793
2020/03/08 15:29:20 593431	INFO [input.cpp->run:173]	
frame_id 121
2020/03/08 15:29:20 596467	WARNING [visualOdometry.cpp->trackingFrame2Frame:179]	The Estimated Rotation and translation matrices(using getTransformation function) are : 
   0.999982 -0.00365041 -0.00472593     1.38657
  0.0036675    0.999987  0.00358698    0.993312
 0.00471255 -0.00360438    0.999982    -1.87829
          0           0           0           1
2020/03/08 15:29:20 596669	INFO [input.cpp->run:235]	rotation: 
[0.9999821186065674, -0.00365041196346283, -0.004725933074951172;
 0.003667503595352173, 0.9999867081642151, 0.00358697772026062;
 0.004712551832199097, -0.003604382276535034, 0.9999823570251465]
2020/03/08 15:29:20 596706	INFO [input.cpp->run:256]	frame times (ms): 9.667
2020/03/08 15:29:20 596711	INFO [input.cpp->run:257]	FPS: 103.445
2020/03/08 15:29:20 743574	INFO [input.cpp->run:173]	
frame_id 122
2020/03/08 15:29:20 746757	INFO [input.cpp->run:196]	Not enough points
2020/03/08 15:29:20 895231	INFO [input.cpp->run:173]	
frame_id 123
2020/03/08 15:29:20 898585	INFO [input.cpp->run:196]	Not enough points
2020/03/08 15:29:21 052703	INFO [input.cpp->run:173]	
frame_id 124
2020/03/08 15:29:21 056821	INFO [input.cpp->run:196]	Not enough points
2020/03/08 15:29:21 205861	INFO [input.cpp->run:173]	
frame_id 125
2020/03/08 15:29:21 208806	INFO [input.cpp->run:196]	Not enough points
2020/03/08 15:29:21 355647	INFO [input.cpp->run:173]	
frame_id 126
2020/03/08 15:29:21 358981	WARNING [visualOdometry.cpp->trackingFrame2Frame:179]	The Estimated Rotation and translation matrices(using getTransformation function) are : 
    0.999996   0.00287317 -0.000881344     0.352992
 -0.00287473     0.999995  -0.00151202     0.288574
 0.000876933   0.00151446     0.999999    -0.522537
           0            0            0            1
2020/03/08 15:29:21 359145	INFO [input.cpp->run:235]	rotation: 
[0.9999957084655762, 0.002873167395591736, -0.0008813440799713135;
 -0.00287473201751709, 0.9999949932098389, -0.001512020826339722;
 0.0008769333362579346, 0.001514464616775513, 0.9999985694885254]
2020/03/08 15:29:21 359176	INFO [input.cpp->run:256]	frame times (ms): 9.64
2020/03/08 15:29:21 359181	INFO [input.cpp->run:257]	FPS: 103.734
2020/03/08 15:29:21 517050	INFO [input.cpp->run:173]	
frame_id 127
2020/03/08 15:29:21 520630	WARNING [visualOdometry.cpp->trackingFrame2Frame:179]	The Estimated Rotation and translation matrices(using getTransformation function) are : 
    0.999981   0.00611398  0.000179499     -1.14882
 -0.00611322     0.999973  -0.00410604    -0.784004
-0.000204593   0.00410491     0.999992      1.47111
           0            0            0            1
2020/03/08 15:29:21 520845	INFO [input.cpp->run:235]	rotation: 
[0.9999812245368958, 0.006113976240158081, 0.0001794993877410889;
 -0.006113216280937195, 0.9999727606773376, -0.004106044769287109;
 -0.0002045929431915283, 0.004104912281036377, 0.9999915957450867]
2020/03/08 15:29:21 520989	INFO [input.cpp->run:256]	frame times (ms): 9.512
2020/03/08 15:29:21 521115	INFO [input.cpp->run:257]	FPS: 105.13
2020/03/08 15:29:21 663403	INFO [input.cpp->run:173]	
frame_id 128
2020/03/08 15:29:21 666455	INFO [input.cpp->run:196]	Not enough points
2020/03/08 15:29:21 805309	INFO [input.cpp->run:173]	
frame_id 129
2020/03/08 15:29:21 807576	WARNING [visualOdometry.cpp->trackingFrame2Frame:179]	The Estimated Rotation and translation matrices(using getTransformation function) are : 
     0.99999   0.00447527   0.00060308     0.316917
 -0.00447327     0.999985  -0.00330576     0.235476
-0.000618041    0.0033029     0.999994    -0.446842
           0            0            0            1
2020/03/08 15:29:21 807712	INFO [input.cpp->run:235]	rotation: 
[0.9999898076057434, 0.004475265741348267, 0.0006030797958374023;
 -0.004473268985748291, 0.9999845623970032, -0.003305763006210327;
 -0.0006180405616760254, 0.003302901983261108, 0.9999943971633911]
2020/03/08 15:29:21 807739	INFO [input.cpp->run:256]	frame times (ms): 5.569
2020/03/08 15:29:21 807742	INFO [input.cpp->run:257]	FPS: 179.565
2020/03/08 15:29:21 960353	INFO [input.cpp->run:173]	
frame_id 130
2020/03/08 15:29:21 967129	INFO [input.cpp->run:196]	Not enough points
2020/03/08 15:29:22 113066	INFO [input.cpp->run:173]	
frame_id 131
2020/03/08 15:29:22 116257	WARNING [visualOdometry.cpp->trackingFrame2Frame:179]	The Estimated Rotation and translation matrices(using getTransformation function) are : 
    0.999995 -0.000280559  -0.00325003      1.26546
 0.000283718     0.999999    0.0010089     0.824162
  0.00324968  -0.00100985     0.999994     -1.56096
           0            0            0            1
2020/03/08 15:29:22 116463	INFO [input.cpp->run:235]	rotation: 
[0.9999945163726807, -0.0002805590629577637, -0.003250032663345337;
 0.0002837181091308594, 0.9999992847442627, 0.001008898019790649;
 0.003249675035476685, -0.001009851694107056, 0.9999940991401672]
2020/03/08 15:29:22 116502	INFO [input.cpp->run:256]	frame times (ms): 10.133
2020/03/08 15:29:22 116507	INFO [input.cpp->run:257]	FPS: 98.6875
2020/03/08 15:29:22 264309	INFO [input.cpp->run:173]	
frame_id 132
2020/03/08 15:29:22 267531	WARNING [visualOdometry.cpp->trackingFrame2Frame:179]	The Estimated Rotation and translation matrices(using getTransformation function) are : 
    0.99997   0.0071348  0.00323105    0.416598
-0.00711788    0.999961 -0.00523758    0.317864
-0.00326848  0.00521439    0.999981   -0.596664
          0           0           0           1
2020/03/08 15:29:22 267734	INFO [input.cpp->run:235]	rotation: 
[0.9999695420265198, 0.007134795188903809, 0.003231048583984375;
 -0.007117882370948792, 0.9999613165855408, -0.005237579345703125;
 -0.00326848030090332, 0.005214393138885498, 0.9999812245368958]
2020/03/08 15:29:22 267774	INFO [input.cpp->run:256]	frame times (ms): 10.689
2020/03/08 15:29:22 267779	INFO [input.cpp->run:257]	FPS: 93.5541
2020/03/08 15:29:22 419237	INFO [input.cpp->run:173]	
frame_id 133
2020/03/08 15:29:22 422426	WARNING [visualOdometry.cpp->trackingFrame2Frame:179]	The Estimated Rotation and translation matrices(using getTransformation function) are : 
    0.999997   0.00255561 -9.06587e-05     0.377586
 -0.00255564     0.999996  -0.00111216     0.234844
  8.7738e-05   0.00111231            1    -0.463157
           0            0            0            1
2020/03/08 15:29:22 422630	INFO [input.cpp->run:235]	rotation: 
[0.9999969005584717, 0.002555608749389648, -9.065866470336914e-05;
 -0.002555638551712036, 0.9999961256980896, -0.001112163066864014;
 8.7738037109375e-05, 0.001112312078475952, 0.9999995231628418]
2020/03/08 15:29:22 422691	INFO [input.cpp->run:256]	frame times (ms): 7.534
2020/03/08 15:29:22 422705	INFO [input.cpp->run:257]	FPS: 132.732
2020/03/08 15:29:22 576372	INFO [input.cpp->run:173]	
frame_id 134
2020/03/08 15:29:22 579166	WARNING [visualOdometry.cpp->trackingFrame2Frame:179]	The Estimated Rotation and translation matrices(using getTransformation function) are : 
   0.999945 -0.00728025 -0.00753132    0.265805
 0.00733612    0.999946  0.00743902    0.103172
 0.00747666 -0.00749388    0.999944    -0.20692
          0           0           0           1
2020/03/08 15:29:22 579330	INFO [input.cpp->run:235]	rotation: 
[0.9999452233314514, -0.007280245423316956, -0.007531315088272095;
 0.007336124777793884, 0.9999456405639648, 0.007439017295837402;
 0.007476657629013062, -0.007493883371353149, 0.9999440908432007]
2020/03/08 15:29:22 579359	INFO [input.cpp->run:256]	frame times (ms): 8.387
2020/03/08 15:29:22 579379	INFO [input.cpp->run:257]	FPS: 119.232
2020/03/08 15:29:22 725856	INFO [input.cpp->run:173]	
frame_id 135
2020/03/08 15:29:22 728777	WARNING [visualOdometry.cpp->trackingFrame2Frame:179]	The Estimated Rotation and translation matrices(using getTransformation function) are : 
    0.999999   0.00034903  -0.00157622    -0.343175
-0.000347689            1   0.00085938    -0.237597
  0.00157627 -0.000858992     0.999999     0.454784
           0            0            0            1
2020/03/08 15:29:22 728941	INFO [input.cpp->run:235]	rotation: 
[0.9999986886978149, 0.0003490298986434937, -0.001576215028762817;
 -0.0003476887941360474, 0.9999996423721313, 0.000859379768371582;
 0.001576274633407593, -0.000858992338180542, 0.9999985098838806]
2020/03/08 15:29:22 728972	INFO [input.cpp->run:256]	frame times (ms): 9.79
2020/03/08 15:29:22 729008	INFO [input.cpp->run:257]	FPS: 102.145
g3log g3FileSink shutdown at: 15:29:27 476946
