		g3log created log at: Sun Mar 08 15:38:08 2020
		LOG format: [YYYY/MM/DD hh:mm:ss uuu* LEVEL FILE->FUNCTION:LINE] message		(uuu*: microseconds fractions of the seconds value)

2020/03/08 15:38:08 953182	INFO [g3logger.h->logBanner:29]	Starting log.
2020/03/08 15:38:08 955464	DEBUG [main.cpp->main:49]	Filepath: /home/mitchell/KITTI/data_odometry_gray/dataset/sequences/00/
2020/03/08 15:38:08 955468	DEBUG [main.cpp->main:53]	Calibration Filepath: /home/mitchell/visual_odom_ws/src/visual_odom/calibration/old/kitti00.yaml
2020/03/08 15:38:08 955540	INFO [main.cpp->main:67]	P_left: 
[718.85602, 0, 607.19281, 0;
 0, 718.85602, 185.2157, 0;
 0, 0, 1, 0]
2020/03/08 15:38:08 955546	INFO [main.cpp->main:68]	P_right: 
[718.85602, 0, 607.19281, -386.14481;
 0, 718.85602, 185.2157, 0;
 0, 0, 1, 0]
2020/03/08 15:38:09 026778	INFO [input.cpp->Input:22]	frame_pose [1, 0, 0, 0;
 0, 1, 0, 0;
 0, 0, 1, 0;
 0, 0, 0, 1]
2020/03/08 15:38:10 725684	INFO [input.cpp->run:173]	
frame_id 1
2020/03/08 15:38:10 794115	INFO [input.cpp->run:235]	rotation: 
[0.9999893510838415, -0.002064169169107603, 0.00412758095728708;
 0.002056493109559052, 0.9999961498779306, 0.001863079548907653;
 -0.004131410776960994, -0.001854571367331932, 0.9999897459524449]
2020/03/08 15:38:10 794158	INFO [input.cpp->run:256]	frame times (ms): 94.03
2020/03/08 15:38:10 794162	INFO [input.cpp->run:257]	FPS: 10.6349
2020/03/08 15:38:10 833874	INFO [input.cpp->run:173]	
frame_id 2
2020/03/08 15:38:10 853791	INFO [input.cpp->run:235]	rotation: 
[0.9999912331902034, -0.0005904951310071344, 0.004145462367012951;
 0.0005847792994476728, 0.9999988769634232, 0.001379893134778129;
 -0.004146272531684481, -0.001377456856938609, 0.9999904554728012]
2020/03/08 15:38:10 853820	INFO [input.cpp->run:256]	frame times (ms): 33.699
2020/03/08 15:38:10 853822	INFO [input.cpp->run:257]	FPS: 29.6745
2020/03/08 15:38:10 943629	INFO [input.cpp->run:173]	
frame_id 3
2020/03/08 15:38:10 964318	INFO [input.cpp->run:235]	rotation: 
[0.9999871043492077, -0.001559601567361937, 0.004833091995601971;
 0.001556691906275596, 0.9999986048983832, 0.0006057322810223918;
 -0.004834029953962398, -0.0005982008345185832, 0.9999881370847185]
2020/03/08 15:38:10 964346	INFO [input.cpp->run:256]	frame times (ms): 37.716
2020/03/08 15:38:10 964349	INFO [input.cpp->run:257]	FPS: 26.5139
2020/03/08 15:38:11 069379	INFO [input.cpp->run:173]	
frame_id 4
2020/03/08 15:38:11 112729	INFO [input.cpp->run:235]	rotation: 
[0.9999911290356918, 0.0002865613377119094, 0.004202348453222155;
 -0.0002894469101260287, 0.9999997227676136, 0.0006860649984375538;
 -0.004202150688491355, -0.0006872752691544976, 0.9999909347500584]
2020/03/08 15:38:11 112759	INFO [input.cpp->run:256]	frame times (ms): 79.38
2020/03/08 15:38:11 112761	INFO [input.cpp->run:257]	FPS: 12.5976
2020/03/08 15:38:11 206467	INFO [input.cpp->run:173]	
frame_id 5
2020/03/08 15:38:11 233113	INFO [input.cpp->run:235]	rotation: 
[0.999987382669372, -0.002052464609277284, 0.004584963586169147;
 0.002046577060854766, 0.9999970757410217, 0.001288422189809579;
 -0.004587594619494607, -0.001279022452060514, 0.9999886589742777]
2020/03/08 15:38:11 233135	INFO [input.cpp->run:256]	frame times (ms): 48.378
2020/03/08 15:38:11 233137	INFO [input.cpp->run:257]	FPS: 20.6706
2020/03/08 15:38:11 332618	INFO [input.cpp->run:173]	
frame_id 6
2020/03/08 15:38:11 367954	INFO [input.cpp->run:235]	rotation: 
[0.9999829896104451, -0.003331986597402501, 0.004787311883634491;
 0.003327100264537532, 0.9999939364977319, 0.00102828575783728;
 -0.00479070909012144, -0.001012340399661502, 0.9999880120648093]
2020/03/08 15:38:11 367982	INFO [input.cpp->run:256]	frame times (ms): 56.649
2020/03/08 15:38:11 367985	INFO [input.cpp->run:257]	FPS: 17.6526
2020/03/08 15:38:11 471091	INFO [input.cpp->run:173]	
frame_id 7
2020/03/08 15:38:11 499230	INFO [input.cpp->run:235]	rotation: 
[0.9999890216386417, -0.0006073346536349954, 0.004646261595171046;
 0.0006132948585588831, 0.9999989908404856, -0.001281478609608114;
 -0.004645478619984443, 0.001284314069420702, 0.9999883849654266]
2020/03/08 15:38:11 499252	INFO [input.cpp->run:256]	frame times (ms): 49.627
2020/03/08 15:38:11 499255	INFO [input.cpp->run:257]	FPS: 20.1503
2020/03/08 15:38:11 589721	INFO [input.cpp->run:173]	
frame_id 8
2020/03/08 15:38:11 630292	INFO [input.cpp->run:235]	rotation: 
[0.999989055325356, 0.0006795679681735464, 0.004628975791558874;
 -0.0006675931646790943, 0.999996428340819, -0.002587977003704987;
 -0.004630717964709078, 0.002584858406540786, 0.9999859373801961]
2020/03/08 15:38:11 630321	INFO [input.cpp->run:256]	frame times (ms): 77.211
2020/03/08 15:38:11 630324	INFO [input.cpp->run:257]	FPS: 12.9515
2020/03/08 15:38:11 712059	INFO [input.cpp->run:173]	
frame_id 9
2020/03/08 15:38:11 761823	INFO [input.cpp->run:235]	rotation: 
[0.9999938006658792, 0.0007906978600574401, 0.003431242734627035;
 -0.0007809555304941777, 0.999995663062214, -0.002839712172435979;
 -0.00343347320787869, 0.00283701492012134, 0.9999900812548461]
2020/03/08 15:38:11 761857	INFO [input.cpp->run:256]	frame times (ms): 92.139
2020/03/08 15:38:11 761859	INFO [input.cpp->run:257]	FPS: 10.8532
2020/03/08 15:38:11 850126	INFO [input.cpp->run:173]	
frame_id 10
2020/03/08 15:38:11 884938	INFO [input.cpp->run:235]	rotation: 
[0.999995738362471, -0.001989361819882671, 0.00213674903675448;
 0.001987505042901977, 0.9999976458105997, 0.0008707450618958047;
 -0.002138476233423533, -0.0008664945516100053, 0.9999973380497525]
2020/03/08 15:38:11 884967	INFO [input.cpp->run:256]	frame times (ms): 61.15
2020/03/08 15:38:11 884969	INFO [input.cpp->run:257]	FPS: 16.3532
2020/03/08 15:38:11 988748	INFO [input.cpp->run:173]	
frame_id 11
2020/03/08 15:38:12 021626	INFO [input.cpp->run:235]	rotation: 
[0.9999980368592261, 0.0001958054693297636, 0.001971785463036922;
 -0.0001966133641362046, 0.9999998968092478, 0.000409542035470272;
 -0.001971705068996432, -0.0004099289108548461, 0.9999979721666484]
2020/03/08 15:38:12 021647	INFO [input.cpp->run:256]	frame times (ms): 55.537
2020/03/08 15:38:12 021649	INFO [input.cpp->run:257]	FPS: 18.006
2020/03/08 15:38:12 125444	INFO [input.cpp->run:173]	
frame_id 12
2020/03/08 15:38:12 155154	INFO [input.cpp->run:235]	rotation: 
[0.9999947652303873, 0.00280859248336392, 0.001606648712379672;
 -0.002809695690729089, 0.9999958183161693, 0.0006848067613311288;
 -0.001604718650760299, -0.0006893173704891925, 0.9999984748586443]
2020/03/08 15:38:12 155175	INFO [input.cpp->run:256]	frame times (ms): 52.559
2020/03/08 15:38:12 155177	INFO [input.cpp->run:257]	FPS: 19.0262
2020/03/08 15:38:12 245857	INFO [input.cpp->run:173]	
frame_id 13
2020/03/08 15:38:12 279173	INFO [input.cpp->run:235]	rotation: 
[0.9999982202907288, -0.0002632717642584729, 0.001868181830837433;
 0.000265274641252354, 0.9999993902945215, -0.001071932810459943;
 -0.00186789848215456, 0.001072426483996152, 0.9999976804256582]
2020/03/08 15:38:12 279199	INFO [input.cpp->run:256]	frame times (ms): 59.03
2020/03/08 15:38:12 279201	INFO [input.cpp->run:257]	FPS: 16.9405
2020/03/08 15:38:12 363216	INFO [input.cpp->run:173]	
frame_id 14
2020/03/08 15:38:12 392849	INFO [input.cpp->run:235]	rotation: 
[0.9999975808295355, 0.001397345646312508, 0.001698752548614216;
 -0.001398777539290241, 0.9999986672169997, 0.0008420128382519053;
 -0.001697573701572027, -0.00084438697818913, 0.9999982026254641]
2020/03/08 15:38:12 392875	INFO [input.cpp->run:256]	frame times (ms): 51.916
2020/03/08 15:38:12 392877	INFO [input.cpp->run:257]	FPS: 19.2619
2020/03/08 15:38:12 483693	INFO [input.cpp->run:173]	
frame_id 15
2020/03/08 15:38:12 514413	INFO [input.cpp->run:235]	rotation: 
[0.9999949218731343, -0.002594943887885619, 0.001849998422369771;
 0.002591495738974585, 0.999994905125382, 0.001863832909112494;
 -0.001854825538675307, -0.001859029181303844, 0.999996551810417]
2020/03/08 15:38:12 514437	INFO [input.cpp->run:256]	frame times (ms): 53.024
2020/03/08 15:38:12 514439	INFO [input.cpp->run:257]	FPS: 18.8594
2020/03/08 15:38:12 620040	INFO [input.cpp->run:173]	
frame_id 16
2020/03/08 15:38:12 660172	INFO [input.cpp->run:235]	rotation: 
[0.999997920145982, -0.001613435787843517, 0.001247609181102701;
 0.00160993356324846, 0.9999947754254375, 0.002803076122909361;
 -0.001252125246208261, -0.00280106172502575, 0.9999952931067128]
2020/03/08 15:38:12 660197	INFO [input.cpp->run:256]	frame times (ms): 67.394
2020/03/08 15:38:12 660200	INFO [input.cpp->run:257]	FPS: 14.8381
2020/03/08 15:38:12 738827	INFO [input.cpp->run:173]	
frame_id 17
2020/03/08 15:38:12 777456	INFO [input.cpp->run:235]	rotation: 
[0.9999886296308536, -0.004590138525353948, 0.00129276344533679;
 0.004588706833278285, 0.999988857698629, 0.001108263591954505;
 -0.001297836124386558, -0.001102318878132924, 0.9999985502561917]
2020/03/08 15:38:12 777484	INFO [input.cpp->run:256]	frame times (ms): 63.987
2020/03/08 15:38:12 777486	INFO [input.cpp->run:257]	FPS: 15.6282
2020/03/08 15:38:12 854132	INFO [input.cpp->run:173]	
frame_id 18
2020/03/08 15:38:12 885260	INFO [input.cpp->run:235]	rotation: 
[0.9999988808190207, -0.0008211799382136773, 0.001250609537454016;
 0.0008211717951467437, 0.999999662813711, 7.024747459889921e-06;
 -0.001250614884347313, -5.997774319027425e-06, 0.9999992179629131]
2020/03/08 15:38:12 885284	INFO [input.cpp->run:256]	frame times (ms): 55.124
2020/03/08 15:38:12 885286	INFO [input.cpp->run:257]	FPS: 18.1409
2020/03/08 15:38:12 976155	INFO [input.cpp->run:173]	
frame_id 19
2020/03/08 15:38:13 010112	INFO [input.cpp->run:235]	rotation: 
[0.9999988812594569, 0.001019156184386005, 0.001094897486734583;
 -0.001017854849153133, 0.9999987757833364, -0.001188445764229744;
 -0.001096107358193256, 0.001187329987951086, 0.9999986943972272]
2020/03/08 15:38:13 010132	INFO [input.cpp->run:256]	frame times (ms): 56.013
2020/03/08 15:38:13 010134	INFO [input.cpp->run:257]	FPS: 17.853
2020/03/08 15:38:13 093388	INFO [input.cpp->run:173]	
frame_id 20
2020/03/08 15:38:13 138204	INFO [input.cpp->run:235]	rotation: 
[0.9999984668636237, -0.001017439281681339, 0.001425162345220719;
 0.001019182349379824, 0.9999987329221564, -0.001222874245566571;
 -0.001423916339135092, 0.001224324871040831, 0.9999982367438801]
2020/03/08 15:38:13 138231	INFO [input.cpp->run:256]	frame times (ms): 81.089
2020/03/08 15:38:13 138233	INFO [input.cpp->run:257]	FPS: 12.3321
2020/03/08 15:38:13 209297	INFO [input.cpp->run:173]	
frame_id 21
2020/03/08 15:38:13 249811	INFO [input.cpp->run:235]	rotation: 
[0.9999995241768276, -6.912440932818951e-05, 0.0009730713923318029;
 6.86720313940578e-05, 0.9999998895655128, 0.0004649226970620764;
 -0.0009731034223779804, -0.0004648556530518809, 0.9999994184893065]
2020/03/08 15:38:13 249831	INFO [input.cpp->run:256]	frame times (ms): 67.272
2020/03/08 15:38:13 249833	INFO [input.cpp->run:257]	FPS: 14.865
2020/03/08 15:38:13 346219	INFO [input.cpp->run:173]	
frame_id 22
2020/03/08 15:38:13 375653	INFO [input.cpp->run:235]	rotation: 
[0.9999978739912817, -9.765673782351805e-06, 0.002062017834156486;
 7.13353393522326e-06, 0.9999991852596811, 0.001276490926991644;
 -0.002062028619941397, -0.001276473503686609, 0.9999970593223587]
2020/03/08 15:38:13 375676	INFO [input.cpp->run:256]	frame times (ms): 51.555
2020/03/08 15:38:13 375678	INFO [input.cpp->run:257]	FPS: 19.3968
2020/03/08 15:38:13 475686	INFO [input.cpp->run:173]	
frame_id 23
2020/03/08 15:38:13 523500	INFO [input.cpp->run:235]	rotation: 
[0.999999498685082, 0.0004265545978344902, 0.0009059143225670456;
 -0.0004271840956019721, 0.9999996673861977, 0.0006947958278053603;
 -0.0009056176528925318, -0.0006951824716844256, 0.9999993482887866]
2020/03/08 15:38:13 523521	INFO [input.cpp->run:256]	frame times (ms): 75.123
2020/03/08 15:38:13 523523	INFO [input.cpp->run:257]	FPS: 13.3115
2020/03/08 15:38:13 586000	INFO [input.cpp->run:173]	
frame_id 24
2020/03/08 15:38:13 615452	INFO [input.cpp->run:235]	rotation: 
[0.9999997900563076, 0.0002096981641793166, 0.0006131182763409465;
 -0.0002085946022704227, 0.9999983592738476, -0.001799427104566222;
 -0.0006134946069421581, 0.001799298833624854, 0.9999981930724048]
2020/03/08 15:38:13 615480	INFO [input.cpp->run:256]	frame times (ms): 51.41
2020/03/08 15:38:13 615482	INFO [input.cpp->run:257]	FPS: 19.4515
2020/03/08 15:38:13 716667	INFO [input.cpp->run:173]	
frame_id 25
2020/03/08 15:38:13 747611	INFO [input.cpp->run:235]	rotation: 
[0.9999980509170646, -0.001956277043875029, -0.0002667249508545587;
 0.001955296709362486, 0.9999915091253337, -0.003627463578867633;
 0.0002738190098532621, 0.003626934982221562, 0.9999933851610142]
2020/03/08 15:38:13 747639	INFO [input.cpp->run:256]	frame times (ms): 49.684
2020/03/08 15:38:13 747640	INFO [input.cpp->run:257]	FPS: 20.1272
2020/03/08 15:38:13 830730	INFO [input.cpp->run:173]	
frame_id 26
2020/03/08 15:38:13 861430	INFO [input.cpp->run:235]	rotation: 
[0.9999989273013358, -0.001095391543669543, -0.0009723752073321344;
 0.001091700459171865, 0.9999922280929749, -0.003788395934297114;
 0.0009765174269929306, 0.003787330328029524, 0.9999923512420988]
2020/03/08 15:38:13 861464	INFO [input.cpp->run:256]	frame times (ms): 55.45
2020/03/08 15:38:13 861468	INFO [input.cpp->run:257]	FPS: 18.0343
2020/03/08 15:38:13 958415	INFO [input.cpp->run:173]	
frame_id 27
2020/03/08 15:38:13 996101	INFO [input.cpp->run:235]	rotation: 
[0.9999966816408691, 0.002055381848172535, -0.001553097778183636;
 -0.002059876816446173, 0.9999936787689196, -0.002898159709866917;
 0.001547131135832925, 0.002901349282839135, 0.9999945942641828]
2020/03/08 15:38:13 996136	INFO [input.cpp->run:256]	frame times (ms): 69.44
2020/03/08 15:38:13 996138	INFO [input.cpp->run:257]	FPS: 14.4009
2020/03/08 15:38:14 072331	INFO [input.cpp->run:173]	
frame_id 28
2020/03/08 15:38:14 103739	INFO [input.cpp->run:235]	rotation: 
[0.9999983706492459, -0.0007787275726190832, -0.001628582887362614;
 0.0007778302502117711, 0.999999545389343, -0.0005515443854492021;
 0.00162901164981195, 0.0005502767257551739, 0.9999985217571923]
2020/03/08 15:38:14 103765	INFO [input.cpp->run:256]	frame times (ms): 56.098
2020/03/08 15:38:14 103767	INFO [input.cpp->run:257]	FPS: 17.8259
2020/03/08 15:38:14 209598	INFO [input.cpp->run:173]	
frame_id 29
2020/03/08 15:38:14 244613	INFO [input.cpp->run:235]	rotation: 
[0.9999986623977432, -0.0004526639655551475, -0.001571718186822939;
 0.0004566766079922721, 0.9999966352565285, 0.002553609621136313;
 0.001570556971336848, -0.002554323972352599, 0.9999955043798168]
2020/03/08 15:38:14 244644	INFO [input.cpp->run:256]	frame times (ms): 63.959
2020/03/08 15:38:14 244646	INFO [input.cpp->run:257]	FPS: 15.635
2020/03/08 15:38:14 347583	INFO [input.cpp->run:173]	
frame_id 30
2020/03/08 15:38:14 378130	INFO [input.cpp->run:235]	rotation: 
[0.9999976927816299, -0.001874202173301841, -0.001049665485077914;
 0.001879618967704343, 0.9999847990332301, 0.005183506053495913;
 0.001039934590836971, -0.005185467065171021, 0.9999860146358862]
2020/03/08 15:38:14 378155	INFO [input.cpp->run:256]	frame times (ms): 51.863
2020/03/08 15:38:14 378157	INFO [input.cpp->run:257]	FPS: 19.2816
2020/03/08 15:38:14 484398	INFO [input.cpp->run:173]	
frame_id 31
2020/03/08 15:38:14 521666	INFO [input.cpp->run:235]	rotation: 
[0.999999094512334, -0.0002120317385721303, -0.00132891574372783;
 0.0002159275346789029, 0.999995678066217, 0.002932102349285736;
 0.001328288301483192, -0.002932386643803563, 0.9999948183659551]
2020/03/08 15:38:14 521696	INFO [input.cpp->run:256]	frame times (ms): 66.16
2020/03/08 15:38:14 521699	INFO [input.cpp->run:257]	FPS: 15.1149
2020/03/08 15:38:14 616690	INFO [input.cpp->run:173]	
frame_id 32
2020/03/08 15:38:14 649895	INFO [input.cpp->run:235]	rotation: 
[0.9999974466579691, 0.002179215495191934, -0.0005980780616932065;
 -0.002179943627297281, 0.9999968803110942, -0.001219513780520954;
 0.0005954186125486012, 0.001220814443144376, 0.9999990775439601]
2020/03/08 15:38:14 649920	INFO [input.cpp->run:256]	frame times (ms): 54.49
2020/03/08 15:38:14 649924	INFO [input.cpp->run:257]	FPS: 18.352
2020/03/08 15:38:14 751542	INFO [input.cpp->run:173]	
frame_id 33
2020/03/08 15:38:14 782164	INFO [input.cpp->run:235]	rotation: 
[0.9999989600183388, 0.001377671197387866, 0.0004265961940242237;
 -0.001375656833367978, 0.9999880707856119, -0.004686774450178459;
 -0.0004330479392354323, 0.004686182726049583, 0.9999889260191537]
2020/03/08 15:38:14 782186	INFO [input.cpp->run:256]	frame times (ms): 50.01
2020/03/08 15:38:14 782188	INFO [input.cpp->run:257]	FPS: 19.996
2020/03/08 15:38:14 889649	INFO [input.cpp->run:173]	
frame_id 34
2020/03/08 15:38:14 932979	INFO [input.cpp->run:235]	rotation: 
[0.9999946886090205, 0.003223397184642567, 0.0004821455570283035;
 -0.003221832346302741, 0.9999896517542379, -0.003211881188696008;
 -0.0004924937364486355, 0.003210310736987975, 0.9999947256635364]
2020/03/08 15:38:14 933006	INFO [input.cpp->run:256]	frame times (ms): 77.952
2020/03/08 15:38:14 933009	INFO [input.cpp->run:257]	FPS: 12.8284
2020/03/08 15:38:15 006795	INFO [input.cpp->run:173]	
frame_id 35
2020/03/08 15:38:15 039408	INFO [input.cpp->run:235]	rotation: 
[0.9999778169614371, 0.006544169642424745, 0.001240737171989071;
 -0.006545004391586708, 0.9999783568265045, 0.0006699224419723004;
 -0.001236326232391661, -0.0006780282112964092, 0.9999990058871018]
2020/03/08 15:38:15 039429	INFO [input.cpp->run:256]	frame times (ms): 56.106
2020/03/08 15:38:15 039430	INFO [input.cpp->run:257]	FPS: 17.8234
2020/03/08 15:38:15 127460	INFO [input.cpp->run:173]	
frame_id 36
2020/03/08 15:38:15 159374	INFO [input.cpp->run:235]	rotation: 
[0.9999981972833851, 0.001250802666938781, 0.001428608647729051;
 -0.001256471162006759, 0.9999913148132319, 0.003973861890262688;
 -0.001423625722945739, -0.003975649732083498, 0.9999910837097543]
2020/03/08 15:38:15 159397	INFO [input.cpp->run:256]	frame times (ms): 55.462
2020/03/08 15:38:15 159399	INFO [input.cpp->run:257]	FPS: 18.0304
2020/03/08 15:38:15 264408	INFO [input.cpp->run:173]	
frame_id 37
2020/03/08 15:38:15 300422	INFO [input.cpp->run:235]	rotation: 
[0.9999982629257759, -0.0005044458582755849, 0.001794346623984685;
 0.0004964936788327373, 0.99999006653014, 0.004429484741270509;
 -0.001796563235128605, -0.004428586165170296, 0.9999885799273509]
2020/03/08 15:38:15 300452	INFO [input.cpp->run:256]	frame times (ms): 64.921
2020/03/08 15:38:15 300455	INFO [input.cpp->run:257]	FPS: 15.4033
2020/03/08 15:38:15 402979	INFO [input.cpp->run:173]	
frame_id 38
2020/03/08 15:38:15 446566	INFO [input.cpp->run:235]	rotation: 
[0.9999948121604264, -0.002211545993329422, 0.002341947171239746;
 0.002210100539041428, 0.9999973657659738, 0.00061961013602122;
 -0.002343311298316564, -0.0006144309828776726, 0.9999970656790581]
2020/03/08 15:38:15 446594	INFO [input.cpp->run:256]	frame times (ms): 78.471
2020/03/08 15:38:15 446597	INFO [input.cpp->run:257]	FPS: 12.7436
2020/03/08 15:38:15 520725	INFO [input.cpp->run:173]	
frame_id 39
2020/03/08 15:38:15 565156	INFO [input.cpp->run:235]	rotation: 
[0.999999878341122, -0.0003589968530681178, 0.0003382883393996965;
 0.0003594954595541623, 0.9999988475632384, -0.001475003460912854;
 -0.0003377584279430458, 0.001475124894587623, 0.9999988549622393]
2020/03/08 15:38:15 565186	INFO [input.cpp->run:256]	frame times (ms): 78.919
2020/03/08 15:38:15 565188	INFO [input.cpp->run:257]	FPS: 12.6712
2020/03/08 15:38:15 634830	INFO [input.cpp->run:173]	
frame_id 40
2020/03/08 15:38:15 672555	INFO [input.cpp->run:235]	rotation: 
[0.9999916974598727, -0.00375556543159551, 0.001581372698452191;
 0.003759842080011272, 0.9999892592581234, -0.00271015791477692;
 -0.001571177537957325, 0.002716081125197903, 0.9999950771401155]
2020/03/08 15:38:15 672587	INFO [input.cpp->run:256]	frame times (ms): 68.271
2020/03/08 15:38:15 672589	INFO [input.cpp->run:257]	FPS: 14.6475
2020/03/08 15:38:15 763577	INFO [input.cpp->run:173]	
frame_id 41
2020/03/08 15:38:15 798044	INFO [input.cpp->run:235]	rotation: 
[0.9999993546439149, -0.0005583286754033211, 0.0009894346082760354;
 0.0005594643815587205, 0.9999991846293634, -0.001147928662453685;
 -0.0009887928800305437, 0.001148481475052149, 0.9999988516388115]
2020/03/08 15:38:15 798070	INFO [input.cpp->run:256]	frame times (ms): 59.018
2020/03/08 15:38:15 798072	INFO [input.cpp->run:257]	FPS: 16.944
2020/03/08 15:38:15 899783	INFO [input.cpp->run:173]	
frame_id 42
2020/03/08 15:38:15 932862	INFO [input.cpp->run:235]	rotation: 
[0.9999976633371268, -0.001686418890606861, 0.001352520466302701;
 0.001689439326086641, 0.9999960749071135, -0.002235165571051012;
 -0.001348745732091585, 0.002237445349487715, 0.999996587355806]
2020/03/08 15:38:15 932883	INFO [input.cpp->run:256]	frame times (ms): 52.964
2020/03/08 15:38:15 932885	INFO [input.cpp->run:257]	FPS: 18.8807
2020/03/08 15:38:16 038657	INFO [input.cpp->run:173]	
frame_id 43
2020/03/08 15:38:16 068763	INFO [input.cpp->run:235]	rotation: 
[0.9999999587269442, 0.0002535778372267368, -0.0001350717963062987;
 -0.0002540175824698649, 0.9999946355400293, -0.003265634123968397;
 0.0001342429792807245, 0.003265668299796856, 0.9999946586804243]
2020/03/08 15:38:16 068788	INFO [input.cpp->run:256]	frame times (ms): 52.02
2020/03/08 15:38:16 068791	INFO [input.cpp->run:257]	FPS: 19.2234
2020/03/08 15:38:16 155606	INFO [input.cpp->run:173]	
frame_id 44
2020/03/08 15:38:16 193941	INFO [input.cpp->run:235]	rotation: 
[0.999981052103452, -0.006143042345003222, 0.0003980764006661412;
 0.006144121454125913, 0.9999772915282762, -0.00276879022857279;
 -0.0003810585653408989, 0.00277118359557569, 0.9999960876602715]
2020/03/08 15:38:16 193962	INFO [input.cpp->run:256]	frame times (ms): 63.061
2020/03/08 15:38:16 193964	INFO [input.cpp->run:257]	FPS: 15.8577
2020/03/08 15:38:16 272919	INFO [input.cpp->run:173]	
frame_id 45
2020/03/08 15:38:16 313415	INFO [input.cpp->run:235]	rotation: 
[0.9999999045962032, 0.0004271634379386698, 9.131802452424363e-05;
 -0.0004271900595799618, 0.9999998662080549, 0.0002917062311022181;
 -9.119340607008175e-05, -0.0002917452134246734, 0.9999999532842455]
2020/03/08 15:38:16 313443	INFO [input.cpp->run:256]	frame times (ms): 72.98
2020/03/08 15:38:16 313446	INFO [input.cpp->run:257]	FPS: 13.7024
2020/03/08 15:38:16 396448	INFO [input.cpp->run:173]	
frame_id 46
2020/03/08 15:38:16 436261	INFO [input.cpp->run:235]	rotation: 
[0.9999999988054445, 4.589593093313202e-05, 1.681292162773537e-05;
 -4.593003754402381e-05, 0.9999979298709759, 0.002034242904463639;
 -1.671952335097385e-05, -0.002034243674251745, 0.9999979307844248]
2020/03/08 15:38:16 436281	INFO [input.cpp->run:256]	frame times (ms): 61.066
2020/03/08 15:38:16 436283	INFO [input.cpp->run:257]	FPS: 16.3757
2020/03/08 15:38:16 529159	INFO [input.cpp->run:173]	
frame_id 47
2020/03/08 15:38:16 555809	INFO [input.cpp->run:235]	rotation: 
[0.9999959785259213, -0.00280298421502974, -0.0004315222770546802;
 0.002803903164369091, 0.9999937709257791, 0.002143883552167728;
 0.0004255103173148004, -0.002145084877273724, 0.9999976087730605]
2020/03/08 15:38:16 555830	INFO [input.cpp->run:256]	frame times (ms): 45.247
2020/03/08 15:38:16 555832	INFO [input.cpp->run:257]	FPS: 22.1009
2020/03/08 15:38:16 641305	INFO [input.cpp->run:173]	
frame_id 48
2020/03/08 15:38:16 658131	INFO [input.cpp->run:235]	rotation: 
[0.9999985818317195, -0.0006089704630733134, 0.001570187735576103;
 0.0006089568513291751, 0.9999998145439262, 9.146938186112288e-06;
 -0.001570193014590433, -8.190748634762578e-06, 0.9999987672126444]
2020/03/08 15:38:16 658149	INFO [input.cpp->run:256]	frame times (ms): 32.801
2020/03/08 15:38:16 658151	INFO [input.cpp->run:257]	FPS: 30.4869
2020/03/08 15:38:16 758478	INFO [input.cpp->run:173]	
frame_id 49
2020/03/08 15:38:16 798531	INFO [input.cpp->run:235]	rotation: 
[0.9999977783770174, 0.001710434884641905, 0.001231930815816136;
 -0.001708956997597315, 0.9999978200830735, -0.001199706247948804;
 -0.001233980149727113, 0.001197598265865587, 0.9999985215245989]
2020/03/08 15:38:16 798564	INFO [input.cpp->run:256]	frame times (ms): 70.59
2020/03/08 15:38:16 798567	INFO [input.cpp->run:257]	FPS: 14.1663
2020/03/08 15:38:16 882208	INFO [input.cpp->run:173]	
frame_id 50
2020/03/08 15:38:16 916046	INFO [input.cpp->run:235]	rotation: 
[0.9999994389337997, -0.0008469259615835716, 0.0006362770632730697;
 0.0008476383879532383, 0.9999990132791909, -0.001120245422993219;
 -0.000635327670513173, 0.001120784127325581, 0.9999991701005011]
2020/03/08 15:38:16 916075	INFO [input.cpp->run:256]	frame times (ms): 56.365
2020/03/08 15:38:16 916077	INFO [input.cpp->run:257]	FPS: 17.7415
2020/03/08 15:38:16 993705	INFO [input.cpp->run:173]	
frame_id 51
2020/03/08 15:38:17 019352	INFO [input.cpp->run:235]	rotation: 
[0.9999944511294946, -0.003293780092658348, 0.0004987212868599654;
 0.003291944452927844, 0.9999879645677464, 0.003637831960698434;
 -0.0005106975030262889, -0.003636170012066129, 0.9999932587051293]
2020/03/08 15:38:17 019374	INFO [input.cpp->run:256]	frame times (ms): 47.413
2020/03/08 15:38:17 019377	INFO [input.cpp->run:257]	FPS: 21.0913
2020/03/08 15:38:17 129867	INFO [input.cpp->run:173]	
frame_id 52
2020/03/08 15:38:17 165005	INFO [input.cpp->run:235]	rotation: 
[0.9999987058950036, -0.001264247019955259, 0.0009949310481760147;
 0.001260018799310892, 0.9999902216689726, 0.004238976181174826;
 -0.001000280432415588, -0.00423771706366985, 0.9999905205516424]
2020/03/08 15:38:17 165036	INFO [input.cpp->run:256]	frame times (ms): 64.718
2020/03/08 15:38:17 165039	INFO [input.cpp->run:257]	FPS: 15.4517
2020/03/08 15:38:17 254549	INFO [input.cpp->run:173]	
frame_id 53
2020/03/08 15:38:17 278464	INFO [input.cpp->run:235]	rotation: 
[0.9999983779530333, -0.00173351800959114, 0.0004888830256808149;
 0.001732696996645072, 0.9999970963691077, 0.001674817742732098;
 -0.0004917849328647676, -0.00167396793994875, 0.9999984779882997]
2020/03/08 15:38:17 278489	INFO [input.cpp->run:256]	frame times (ms): 39.54
2020/03/08 15:38:17 278491	INFO [input.cpp->run:257]	FPS: 25.2908
2020/03/08 15:38:17 364724	INFO [input.cpp->run:173]	
frame_id 54
2020/03/08 15:38:17 399682	INFO [input.cpp->run:235]	rotation: 
[0.9999990943707322, 0.001182464868570364, 0.0006426776408522014;
 -0.001180167392685262, 0.9999929541372925, -0.003563548890663838;
 -0.0006468868840044216, 0.003562787196213924, 0.9999934440208864]
2020/03/08 15:38:17 399708	INFO [input.cpp->run:256]	frame times (ms): 57.499
2020/03/08 15:38:17 399710	INFO [input.cpp->run:257]	FPS: 17.3916
2020/03/08 15:38:17 503073	INFO [input.cpp->run:173]	
frame_id 55
2020/03/08 15:38:17 533952	INFO [input.cpp->run:235]	rotation: 
[0.9999963593551451, 0.002676217071441168, 0.0003451646593839474;
 -0.002675070368402959, 0.9999910396967193, -0.003280933525459821;
 -0.0003539420569150167, 0.003279998240993525, 0.9999945581534728]
2020/03/08 15:38:17 533973	INFO [input.cpp->run:256]	frame times (ms): 52.007
2020/03/08 15:38:17 533975	INFO [input.cpp->run:257]	FPS: 19.2282
2020/03/08 15:38:17 623912	INFO [input.cpp->run:173]	
frame_id 56
2020/03/08 15:38:17 668257	INFO [input.cpp->run:235]	rotation: 
[0.9999979510293093, 0.001979661711770861, 0.0004229381632847455;
 -0.001979295849501817, 0.999997668182217, -0.0008637233750842942;
 -0.0004246470571652312, 0.0008628844855892283, 0.9999995375525138]
2020/03/08 15:38:17 668282	INFO [input.cpp->run:256]	frame times (ms): 65.979
2020/03/08 15:38:17 668284	INFO [input.cpp->run:257]	FPS: 15.1563
2020/03/08 15:38:17 735665	INFO [input.cpp->run:173]	
frame_id 57
2020/03/08 15:38:17 771827	INFO [input.cpp->run:235]	rotation: 
[0.9999950469753515, 0.003081342574263348, 0.0006413678387677101;
 -0.003082035791949854, 0.9999946644206907, 0.001082675171675898;
 -0.0006380283235981571, -0.001084646527793974, 0.9999992082305705]
2020/03/08 15:38:17 771854	INFO [input.cpp->run:256]	frame times (ms): 56.978
2020/03/08 15:38:17 771856	INFO [input.cpp->run:257]	FPS: 17.5506
2020/03/08 15:38:17 852737	INFO [input.cpp->run:173]	
frame_id 58
2020/03/08 15:38:17 889676	INFO [input.cpp->run:235]	rotation: 
[0.9999957970779898, 0.002764919919351778, 0.0008723784703395191;
 -0.002766182549918889, 0.9999951236220403, 0.001449471021048109;
 -0.0008683665449937547, -0.001451878087136029, 0.9999985689937579]
2020/03/08 15:38:17 889699	INFO [input.cpp->run:256]	frame times (ms): 62.175
2020/03/08 15:38:17 889701	INFO [input.cpp->run:257]	FPS: 16.0836
2020/03/08 15:38:17 970110	INFO [input.cpp->run:173]	
frame_id 59
2020/03/08 15:38:18 002120	INFO [input.cpp->run:235]	rotation: 
[0.9999983845512928, 0.001366814272348794, 0.001167353224038557;
 -0.001365478081374245, 0.9999984126057569, -0.001144663957512366;
 -0.00116891591402294, 0.00114306811312581, 0.9999986635145443]
2020/03/08 15:38:18 002145	INFO [input.cpp->run:256]	frame times (ms): 54.412
2020/03/08 15:38:18 002147	INFO [input.cpp->run:257]	FPS: 18.3783
2020/03/08 15:38:18 088205	INFO [input.cpp->run:173]	
frame_id 60
2020/03/08 15:38:18 126147	INFO [input.cpp->run:235]	rotation: 
[0.9999924734699378, 0.003568154707922912, 0.00152357325259126;
 -0.003561450247959424, 0.9999840624122203, -0.004380752638984597;
 -0.001539180173661847, 0.00437529353677994, 0.9999892438075821]
2020/03/08 15:38:18 126173	INFO [input.cpp->run:256]	frame times (ms): 63.965
2020/03/08 15:38:18 126175	INFO [input.cpp->run:257]	FPS: 15.6335
2020/03/08 15:38:18 224783	INFO [input.cpp->run:173]	
frame_id 61
2020/03/08 15:38:18 255703	INFO [input.cpp->run:235]	rotation: 
[0.9999990923451486, 0.001236892219063481, 0.0005342345153430889;
 -0.001234170454704931, 0.9999864095305878, -0.005065330928204438;
 -0.0005404925232573268, 0.005064666994177527, 0.9999870284239043]
2020/03/08 15:38:18 255723	INFO [input.cpp->run:256]	frame times (ms): 51.222
2020/03/08 15:38:18 255725	INFO [input.cpp->run:257]	FPS: 19.5229
2020/03/08 15:38:18 363453	INFO [input.cpp->run:173]	
frame_id 62
2020/03/08 15:38:18 393705	INFO [input.cpp->run:235]	rotation: 
[0.9999971052002282, -0.002392068226104874, 0.0002600014717234179;
 0.00239255092079872, 0.9999953850331981, -0.001872328068805361;
 -0.0002555215353430238, 0.001872944715551076, 0.9999982133918227]
2020/03/08 15:38:18 393725	INFO [input.cpp->run:256]	frame times (ms): 51.719
2020/03/08 15:38:18 393727	INFO [input.cpp->run:257]	FPS: 19.3353
2020/03/08 15:38:18 484602	INFO [input.cpp->run:173]	
frame_id 63
2020/03/08 15:38:18 519066	INFO [input.cpp->run:235]	rotation: 
[0.9999974256388796, -0.001722417880892015, 0.001477156815343753;
 0.001716922933853711, 0.9999916321873739, 0.003713183387766248;
 -0.001483540108234423, -0.00371063766427814, 0.9999920151065566]
2020/03/08 15:38:18 519089	INFO [input.cpp->run:256]	frame times (ms): 57.19
2020/03/08 15:38:18 519091	INFO [input.cpp->run:257]	FPS: 17.4856
2020/03/08 15:38:18 602136	INFO [input.cpp->run:173]	
frame_id 64
2020/03/08 15:38:18 634910	INFO [input.cpp->run:235]	rotation: 
[0.9999967948069977, -0.002108754055342893, 0.001401260884135536;
 0.002097474247948302, 0.9999657753228034, 0.008003048471920073;
 -0.001418089387354375, -0.00800008371198598, 0.9999669932968241]
2020/03/08 15:38:18 634934	INFO [input.cpp->run:256]	frame times (ms): 54.605
2020/03/08 15:38:18 634936	INFO [input.cpp->run:257]	FPS: 18.3133
2020/03/08 15:38:18 736925	INFO [input.cpp->run:173]	
frame_id 65
2020/03/08 15:38:18 762829	INFO [input.cpp->run:235]	rotation: 
[0.9999930211645429, -0.003620027053251466, 0.0009235942527556233;
 0.003614980690046564, 0.9999788413367543, 0.005408215363029017;
 -0.0009431525966598288, -0.005404838844594732, 0.9999849489768551]
2020/03/08 15:38:18 762853	INFO [input.cpp->run:256]	frame times (ms): 45.289
2020/03/08 15:38:18 762855	INFO [input.cpp->run:257]	FPS: 22.0804
2020/03/08 15:38:18 857791	INFO [input.cpp->run:173]	
frame_id 66
2020/03/08 15:38:18 891357	INFO [input.cpp->run:235]	rotation: 
[0.9999917741177872, -0.003863841322818073, 0.001233866683503521;
 0.003864952788178201, 0.9999921263194953, -0.0008996882569828627;
 -0.001230380715766485, 0.0009044496927318797, 0.999998834066344]
2020/03/08 15:38:18 891384	INFO [input.cpp->run:256]	frame times (ms): 57.942
2020/03/08 15:38:18 891387	INFO [input.cpp->run:257]	FPS: 17.2586
2020/03/08 15:38:18 974518	INFO [input.cpp->run:173]	
frame_id 67
2020/03/08 15:38:19 004495	INFO [input.cpp->run:235]	rotation: 
[0.9999964231503791, -0.002510068701259728, 0.0009237107572277565;
 0.002512050513035268, 0.9999945322023462, -0.002150620289767118;
 -0.0009183075018866069, 0.00215293300540334, 0.9999972607916515]
2020/03/08 15:38:19 004516	INFO [input.cpp->run:256]	frame times (ms): 55.776
2020/03/08 15:38:19 004518	INFO [input.cpp->run:257]	FPS: 17.9289
2020/03/08 15:38:19 086023	INFO [input.cpp->run:173]	
frame_id 68
2020/03/08 15:38:19 107459	INFO [input.cpp->run:235]	rotation: 
[0.9999956188940442, -0.002749525888711163, 0.001096494461825811;
 0.00275084385197034, 0.999995493671058, -0.001202287685691909;
 -0.001093183799543594, 0.001205298703391202, 0.9999986761012316]
2020/03/08 15:38:19 107480	INFO [input.cpp->run:256]	frame times (ms): 40.219
2020/03/08 15:38:19 107482	INFO [input.cpp->run:257]	FPS: 24.8639
2020/03/08 15:38:19 223671	INFO [input.cpp->run:173]	
frame_id 69
2020/03/08 15:38:19 249196	INFO [input.cpp->run:235]	rotation: 
[0.999998589445577, -0.001164060556919938, 0.001210813724862433;
 0.001163351785195361, 0.9999991516619902, 0.0005859077777203857;
 -0.001211494729817164, -0.0005844983489572206, 0.9999990953206906]
2020/03/08 15:38:19 249218	INFO [input.cpp->run:256]	frame times (ms): 48.448
2020/03/08 15:38:19 249219	INFO [input.cpp->run:257]	FPS: 20.6407
2020/03/08 15:38:19 348148	INFO [input.cpp->run:173]	
frame_id 70
2020/03/08 15:38:19 381208	INFO [input.cpp->run:235]	rotation: 
[0.9999970536116295, -0.001933731473884248, 0.001467464018855878;
 0.001935011861156825, 0.9999977480192892, -0.0008715993616722701;
 -0.00146577527503693, 0.000874436353884354, 0.9999985434308922]
2020/03/08 15:38:19 381233	INFO [input.cpp->run:256]	frame times (ms): 58.623
2020/03/08 15:38:19 381235	INFO [input.cpp->run:257]	FPS: 17.0582
2020/03/08 15:38:19 467498	INFO [input.cpp->run:173]	
frame_id 71
2020/03/08 15:38:19 496540	INFO [input.cpp->run:235]	rotation: 
[0.9999978838465884, -0.00126326923542595, 0.001623715856875384;
 0.001264610121691843, 0.9999988600244482, -0.0008250521464341065;
 -0.001622671742884791, 0.0008271037680045482, 0.9999983414165105]
2020/03/08 15:38:19 496566	INFO [input.cpp->run:256]	frame times (ms): 52.503
2020/03/08 15:38:19 496568	INFO [input.cpp->run:257]	FPS: 19.0465
2020/03/08 15:38:19 591620	INFO [input.cpp->run:173]	
frame_id 72
2020/03/08 15:38:19 623884	INFO [input.cpp->run:235]	rotation: 
[0.9999983062364922, -0.0006306427335313636, 0.001729107830437689;
 0.0006319378716700966, 0.9999995201433635, -0.0007485770295772909;
 -0.00172863491604963, 0.0007496684503870904, 0.9999982249076953]
2020/03/08 15:38:19 623909	INFO [input.cpp->run:256]	frame times (ms): 56.203
2020/03/08 15:38:19 623911	INFO [input.cpp->run:257]	FPS: 17.7926
2020/03/08 15:38:19 723736	INFO [input.cpp->run:173]	
frame_id 73
2020/03/08 15:38:19 751208	INFO [input.cpp->run:235]	rotation: 
[0.9999990408136199, -0.0004672980121573812, 0.001303842171454106;
 0.0004673527305346627, 0.9999998899228179, -4.166266358416348e-05;
 -0.00130382255905096, 4.227197782091933e-05, 0.9999991491295452]
2020/03/08 15:38:19 751231	INFO [input.cpp->run:256]	frame times (ms): 46.859
2020/03/08 15:38:19 751233	INFO [input.cpp->run:257]	FPS: 21.3406
2020/03/08 15:38:19 844731	INFO [input.cpp->run:173]	
frame_id 74
2020/03/08 15:38:19 876652	INFO [input.cpp->run:235]	rotation: 
[0.9999951567552269, -0.002776826491357313, 0.001405596217337815;
 0.002780365307467611, 0.9999929545165804, -0.002522000388043798;
 -0.001398583156744238, 0.002525896244337595, 0.9999958318979717]
2020/03/08 15:38:19 876682	INFO [input.cpp->run:256]	frame times (ms): 53.362
2020/03/08 15:38:19 876684	INFO [input.cpp->run:257]	FPS: 18.7399
2020/03/08 15:38:19 962365	INFO [input.cpp->run:173]	
frame_id 75
2020/03/08 15:38:19 992206	INFO [input.cpp->run:235]	rotation: 
[0.9999987477728803, -0.001161026204152457, 0.00107539333482311;
 0.001165579781554738, 0.9999903173026754, -0.004243433122765132;
 -0.001070456185063845, 0.004244681265751384, 0.9999904183563501]
2020/03/08 15:38:19 992228	INFO [input.cpp->run:256]	frame times (ms): 53.329
2020/03/08 15:38:19 992230	INFO [input.cpp->run:257]	FPS: 18.7515
2020/03/08 15:38:20 083470	INFO [input.cpp->run:173]	
frame_id 76
2020/03/08 15:38:20 115620	INFO [input.cpp->run:235]	rotation: 
[0.9999906832635233, -0.003652235738493028, 0.002300991147849173;
 0.003654798055524916, 0.9999927047581648, -0.001110352026720627;
 -0.002296919094207991, 0.001118751339836337, 0.9999967362737312]
2020/03/08 15:38:20 115644	INFO [input.cpp->run:256]	frame times (ms): 54.522
2020/03/08 15:38:20 115646	INFO [input.cpp->run:257]	FPS: 18.3412
2020/03/08 15:38:20 203966	INFO [input.cpp->run:173]	
frame_id 77
2020/03/08 15:38:20 233677	INFO [input.cpp->run:235]	rotation: 
[0.9999902837595751, -0.004185192242346832, 0.001384396019584679;
 0.004180337039144438, 0.9999851666887998, 0.00349158769223425;
 -0.001398988450130709, -0.003485766525171254, 0.9999929461066455]
2020/03/08 15:38:20 233704	INFO [input.cpp->run:256]	frame times (ms): 53.079
2020/03/08 15:38:20 233706	INFO [input.cpp->run:257]	FPS: 18.8398
2020/03/08 15:38:20 324609	INFO [input.cpp->run:173]	
frame_id 78
2020/03/08 15:38:20 353308	INFO [input.cpp->run:235]	rotation: 
[0.9999982479009948, -0.001564240517056888, 0.001028273575196341;
 0.001556570020736111, 0.9999712707964208, 0.007418535675044927;
 -0.001039848407795601, -0.007416922097215685, 0.999971953597646]
2020/03/08 15:38:20 353331	INFO [input.cpp->run:256]	frame times (ms): 53.245
2020/03/08 15:38:20 353334	INFO [input.cpp->run:257]	FPS: 18.7811
2020/03/08 15:38:20 449313	INFO [input.cpp->run:173]	
frame_id 79
2020/03/08 15:38:20 482890	INFO [input.cpp->run:235]	rotation: 
[0.9999989024678048, 0.0001321350939710928, 0.001475670526498053;
 -0.0001403065979736144, 0.9999846511334016, 0.005538755425873983;
 -0.001474916012659318, -0.005538956393222884, 0.9999835721574778]
2020/03/08 15:38:20 482915	INFO [input.cpp->run:256]	frame times (ms): 56.85
2020/03/08 15:38:20 482917	INFO [input.cpp->run:257]	FPS: 17.5902
2020/03/08 15:38:20 569658	INFO [input.cpp->run:173]	
frame_id 80
2020/03/08 15:38:20 602670	INFO [input.cpp->run:235]	rotation: 
[0.9999989138789835, -0.001397039299755136, 0.000469597751453866;
 0.001396313926932561, 0.9999978370967252, 0.001541463359565527;
 -0.0004717502206517972, -0.001540805979469364, 0.9999987016834887]
2020/03/08 15:38:20 602697	INFO [input.cpp->run:256]	frame times (ms): 57.31
2020/03/08 15:38:20 602699	INFO [input.cpp->run:257]	FPS: 17.449
2020/03/08 15:38:20 687073	INFO [input.cpp->run:173]	
frame_id 81
2020/03/08 15:38:20 716983	INFO [input.cpp->run:235]	rotation: 
[0.9999969410814786, -0.002341480776934914, 0.0007970542371120836;
 0.002344299842672647, 0.99999093489213, -0.003554488966281707;
 -0.0007887242441430701, 0.003556346627512237, 0.9999933651343551]
2020/03/08 15:38:20 717006	INFO [input.cpp->run:256]	frame times (ms): 51.356
2020/03/08 15:38:20 717009	INFO [input.cpp->run:257]	FPS: 19.4719
2020/03/08 15:38:20 808503	INFO [input.cpp->run:173]	
frame_id 82
2020/03/08 15:38:20 842213	INFO [input.cpp->run:235]	rotation: 
[0.9999994949889355, -0.0003434948754602427, 0.000944475062939315;
 0.0003455885979557769, 0.9999974815349943, -0.002217541925113298;
 -0.0009437109700245255, 0.002217867205042896, 0.9999970952331141]
2020/03/08 15:38:20 842242	INFO [input.cpp->run:256]	frame times (ms): 57.809
2020/03/08 15:38:20 842244	INFO [input.cpp->run:257]	FPS: 17.2983
2020/03/08 15:38:20 926469	INFO [input.cpp->run:173]	
frame_id 83
2020/03/08 15:38:20 957844	INFO [input.cpp->run:235]	rotation: 
[0.9999961863424419, 0.002458181908017887, 0.001258825754138015;
 -0.002462643319974953, 0.9999906489730768, 0.003554905664464655;
 -0.001250075378035399, -0.00355799214610624, 0.9999928889764355]
2020/03/08 15:38:20 957871	INFO [input.cpp->run:256]	frame times (ms): 56.275
2020/03/08 15:38:20 957873	INFO [input.cpp->run:257]	FPS: 17.7699
2020/03/08 15:38:21 045645	INFO [input.cpp->run:173]	
frame_id 84
2020/03/08 15:38:21 084845	INFO [input.cpp->run:235]	rotation: 
[0.9999712353656911, 0.00757958662899499, -0.0002798352144116313;
 -0.007578035125412367, 0.9999578597715555, 0.005181897792143157;
 0.0003191000653099161, -0.005179628135664, 0.9999865347231054]
2020/03/08 15:38:21 084872	INFO [input.cpp->run:256]	frame times (ms): 69.927
2020/03/08 15:38:21 084875	INFO [input.cpp->run:257]	FPS: 14.3006
2020/03/08 15:38:21 172162	INFO [input.cpp->run:173]	
frame_id 85
2020/03/08 15:38:21 217121	INFO [input.cpp->run:235]	rotation: 
[0.9999949491478479, 0.002873066411730956, -0.00135910565698724;
 -0.002866390520430258, 0.9999839421734849, 0.004888680861022454;
 0.00137312933748386, -0.004884760441446754, 0.9999871267327656]
2020/03/08 15:38:21 217149	INFO [input.cpp->run:256]	frame times (ms): 72.81
2020/03/08 15:38:21 217152	INFO [input.cpp->run:257]	FPS: 13.7344
2020/03/08 15:38:21 289750	INFO [input.cpp->run:173]	
frame_id 86
2020/03/08 15:38:21 320319	INFO [input.cpp->run:235]	rotation: 
[0.9999906831974809, -0.002665318724488051, -0.003395525634173525;
 0.002667037587183908, 0.9999963175535687, 0.0005017866187269436;
 0.003394175709061681, -0.0005108379381746974, 0.9999941092905782]
2020/03/08 15:38:21 320346	INFO [input.cpp->run:256]	frame times (ms): 52.194
2020/03/08 15:38:21 320348	INFO [input.cpp->run:257]	FPS: 19.1593
2020/03/08 15:38:21 416733	INFO [input.cpp->run:173]	
frame_id 87
2020/03/08 15:38:21 449070	INFO [input.cpp->run:235]	rotation: 
[0.9999803530049618, -0.004711149249847387, -0.004135054632976068;
 0.004698688780972815, 0.9999844070764417, -0.003017934346040759;
 0.004149208094515706, 0.002998445717886962, 0.9999868966118832]
2020/03/08 15:38:21 449095	INFO [input.cpp->run:256]	frame times (ms): 52.285
2020/03/08 15:38:21 449102	INFO [input.cpp->run:257]	FPS: 19.1259
2020/03/08 15:38:21 536918	INFO [input.cpp->run:173]	
frame_id 88
2020/03/08 15:38:21 568521	INFO [input.cpp->run:235]	rotation: 
[0.9999861549790061, 0.001528462689974256, -0.005035241017923686;
 -0.001540050678269079, 0.9999961730134935, -0.002298304217364606;
 0.005031708875877802, 0.002306026923639368, 0.9999846819554867]
2020/03/08 15:38:21 568546	INFO [input.cpp->run:256]	frame times (ms): 52.802
2020/03/08 15:38:21 568548	INFO [input.cpp->run:257]	FPS: 18.9387
2020/03/08 15:38:21 657360	INFO [input.cpp->run:173]	
frame_id 89
2020/03/08 15:38:21 686507	INFO [input.cpp->run:235]	rotation: 
[0.9999788811885619, 0.003778793831648439, -0.005287522486935796;
 -0.003800516452085252, 0.9999843553553744, -0.004104280593930868;
 0.005271930535333838, 0.004124289232605285, 0.9999775982424588]
2020/03/08 15:38:21 686532	INFO [input.cpp->run:256]	frame times (ms): 50.005
2020/03/08 15:38:21 686535	INFO [input.cpp->run:257]	FPS: 19.998
2020/03/08 15:38:21 794959	INFO [input.cpp->run:173]	
frame_id 90
2020/03/08 15:38:21 829199	INFO [input.cpp->run:235]	rotation: 
[0.9999618474569585, 0.004527400259955295, -0.007470359921228035;
 -0.004552555984909039, 0.9999840128581207, -0.003353842896469342;
 0.00745505630232276, 0.003387724170602691, 0.9999664721681788]
2020/03/08 15:38:21 829228	INFO [input.cpp->run:256]	frame times (ms): 59.836
2020/03/08 15:38:21 829230	INFO [input.cpp->run:257]	FPS: 16.7123
2020/03/08 15:38:21 930650	INFO [input.cpp->run:173]	
frame_id 91
2020/03/08 15:38:21 956156	INFO [input.cpp->run:235]	rotation: 
[0.9999368070869349, -0.003754206448768821, -0.01059659222231357;
 0.003756116536486606, 0.9999929329118036, 0.0001603590139606795;
 0.01059591531441743, -0.0002001509156840884, 0.999943841682252]
2020/03/08 15:38:21 956179	INFO [input.cpp->run:256]	frame times (ms): 43.802
2020/03/08 15:38:21 956181	INFO [input.cpp->run:257]	FPS: 22.83
2020/03/08 15:38:22 056107	INFO [input.cpp->run:173]	
frame_id 92
2020/03/08 15:38:22 101579	INFO [input.cpp->run:235]	rotation: 
[0.9998739609930882, -0.005400024839895869, -0.01492989818186308;
 0.005403529913003594, 0.9999853819221192, 0.0001944390719869076;
 0.01492862995963013, -0.0002750887165031647, 0.9998885239534088]
2020/03/08 15:38:22 101607	INFO [input.cpp->run:256]	frame times (ms): 77.892
2020/03/08 15:38:22 101610	INFO [input.cpp->run:257]	FPS: 12.8383
2020/03/08 15:38:22 191832	INFO [input.cpp->run:173]	
frame_id 93
2020/03/08 15:38:22 224363	INFO [input.cpp->run:235]	rotation: 
[0.9998186993533287, -0.005765760600959269, -0.01814729809394855;
 0.005755523682755648, 0.9999832469331472, -0.0006162793016642124;
 0.0181505473899671, 0.0005117203658705433, 0.9998351342955056]
2020/03/08 15:38:22 224389	INFO [input.cpp->run:256]	frame times (ms): 60.021
2020/03/08 15:38:22 224392	INFO [input.cpp->run:257]	FPS: 16.6608
2020/03/08 15:38:22 324530	INFO [input.cpp->run:173]	
frame_id 94
2020/03/08 15:38:22 353127	INFO [input.cpp->run:235]	rotation: 
[0.9997541198963347, 0.001250941453261072, -0.02213899039671351;
 -0.001267264038495753, 0.999998935465375, -0.0007232634192023669;
 0.02213806206879896, 0.0007511415294962338, 0.9997546408965755]
2020/03/08 15:38:22 353148	INFO [input.cpp->run:256]	frame times (ms): 48.31
2020/03/08 15:38:22 353150	INFO [input.cpp->run:257]	FPS: 20.6996
2020/03/08 15:38:22 442207	INFO [input.cpp->run:173]	
frame_id 95
2020/03/08 15:38:22 471718	INFO [input.cpp->run:235]	rotation: 
[0.999652998983997, 0.002939824861601552, -0.0261770711135526;
 -0.002984093037822938, 0.9999941826926396, -0.001652201446930698;
 0.02617206165059408, 0.001729742947010519, 0.9996559564061501]
2020/03/08 15:38:22 471746	INFO [input.cpp->run:256]	frame times (ms): 50.937
2020/03/08 15:38:22 471748	INFO [input.cpp->run:257]	FPS: 19.6321
2020/03/08 15:38:22 579492	INFO [input.cpp->run:173]	
frame_id 96
2020/03/08 15:38:22 615791	INFO [input.cpp->run:235]	rotation: 
[0.9995766697265465, 0.0008905930780885001, -0.02908071839477021;
 -0.000940022513863527, 0.9999981367014542, -0.001686105362403487;
 0.02907916257494523, 0.001712728112969758, 0.9995756443943354]
2020/03/08 15:38:22 615819	INFO [input.cpp->run:256]	frame times (ms): 63.621
2020/03/08 15:38:22 615822	INFO [input.cpp->run:257]	FPS: 15.7181
2020/03/08 15:38:22 718227	INFO [input.cpp->run:173]	
frame_id 97
2020/03/08 15:38:22 745870	INFO [input.cpp->run:235]	rotation: 
[0.9994601719809758, 0.000137973073827319, -0.03285339536774302;
 -0.0001887898675514144, 0.9999987907083833, -0.001543677478260257;
 0.03285314265248074, 0.001549046546065246, 0.9994589893900869]
2020/03/08 15:38:22 745892	INFO [input.cpp->run:256]	frame times (ms): 47.548
2020/03/08 15:38:22 745894	INFO [input.cpp->run:257]	FPS: 21.0314
2020/03/08 15:38:22 839389	INFO [input.cpp->run:173]	
frame_id 98
2020/03/08 15:38:22 869577	INFO [input.cpp->run:235]	rotation: 
[0.9992829371367856, -0.0002728312807108703, -0.03786208011152226;
 0.0002340439623773447, 0.9999994433293748, -0.001028865571447871;
 0.037862339741526, 0.001019266418902196, 0.9992824447198423]
2020/03/08 15:38:22 869602	INFO [input.cpp->run:256]	frame times (ms): 53.609
2020/03/08 15:38:22 869604	INFO [input.cpp->run:257]	FPS: 18.6536
2020/03/08 15:38:22 960084	INFO [input.cpp->run:173]	
frame_id 99
2020/03/08 15:38:22 991584	INFO [input.cpp->run:235]	rotation: 
[0.9991058751822048, -0.0008549933794559358, -0.04226960092929192;
 0.0008349089677626077, 0.9999995300367386, -0.0004928014991523651;
 0.04227000240615156, 0.0004570696042221138, 0.9991061194807891]
2020/03/08 15:38:22 991607	INFO [input.cpp->run:256]	frame times (ms): 53.75
2020/03/08 15:38:22 991609	INFO [input.cpp->run:257]	FPS: 18.6047
2020/03/08 15:38:23 081121	INFO [input.cpp->run:173]	
frame_id 100
2020/03/08 15:38:23 121591	INFO [input.cpp->run:235]	rotation: 
[0.9989362245293819, -0.0004828022702626695, -0.04611058690747749;
 0.0004585684409552043, 0.9999997511368192, -0.000536135509713828;
 0.04611083427969143, 0.0005144203219599757, 0.99893619732882]
2020/03/08 15:38:23 121620	INFO [input.cpp->run:256]	frame times (ms): 74.093
2020/03/08 15:38:23 121623	INFO [input.cpp->run:257]	FPS: 13.4966
2020/03/08 15:38:23 208108	INFO [input.cpp->run:173]	
frame_id 101
2020/03/08 15:38:23 256030	INFO [input.cpp->run:235]	rotation: 
[0.9987148657015994, -0.002459414131187463, -0.05062181652970934;
 0.002559047611526069, 0.9999949140196942, 0.001903473158792678;
 0.05061687763936235, -0.002030570578831692, 0.9987160800153195]
2020/03/08 15:38:23 256058	INFO [input.cpp->run:256]	frame times (ms): 83.802
2020/03/08 15:38:23 256061	INFO [input.cpp->run:257]	FPS: 11.9329
2020/03/08 15:38:23 323417	INFO [input.cpp->run:173]	
frame_id 102
2020/03/08 15:38:23 354114	INFO [input.cpp->run:235]	rotation: 
[0.9984527644383947, -0.00139187489145786, -0.05558902652155313;
 0.001528399978056527, 0.9999959194167228, 0.002413533387019261;
 0.05558544034938002, -0.002494761349249469, 0.9984508175102947]
2020/03/08 15:38:23 354136	INFO [input.cpp->run:256]	frame times (ms): 55.724
2020/03/08 15:38:23 354138	INFO [input.cpp->run:257]	FPS: 17.9456
2020/03/08 15:38:23 444053	INFO [input.cpp->run:173]	
frame_id 103
2020/03/08 15:38:23 477331	INFO [input.cpp->run:235]	rotation: 
[0.9982401168859854, -0.0008779492878507743, -0.05929501028334809;
 0.0009544872431045846, 0.9999987475376547, 0.00126248850472963;
 0.0592938276176968, -0.001316863003423729, 0.9982397046192227]
2020/03/08 15:38:23 477353	INFO [input.cpp->run:256]	frame times (ms): 57.578
2020/03/08 15:38:23 477355	INFO [input.cpp->run:257]	FPS: 17.3677
2020/03/08 15:38:23 580667	INFO [input.cpp->run:173]	
frame_id 104
2020/03/08 15:38:23 617815	INFO [input.cpp->run:235]	rotation: 
[0.9980512013746294, -8.951982719833879e-05, -0.06240025176919865;
 0.0001483386477551166, 0.9999995491006347, 0.0009379734393518486;
 0.06240013966574452, -0.0009454018869696274, 0.9980507646332263]
2020/03/08 15:38:23 617845	INFO [input.cpp->run:256]	frame times (ms): 69.996
2020/03/08 15:38:23 617848	INFO [input.cpp->run:257]	FPS: 14.2865
2020/03/08 15:38:23 718879	INFO [input.cpp->run:173]	
frame_id 105
2020/03/08 15:38:23 746103	INFO [input.cpp->run:235]	rotation: 
[0.9978802913558956, -0.0001040605440983101, -0.06507621143610011;
 0.0001457479507997796, 0.9999997872283163, 0.0006358465672524038;
 0.06507613142318529, -0.0006439834822500997, 0.9978800942018369]
2020/03/08 15:38:23 746126	INFO [input.cpp->run:256]	frame times (ms): 49.338
2020/03/08 15:38:23 746128	INFO [input.cpp->run:257]	FPS: 20.2684
2020/03/08 15:38:23 855586	INFO [input.cpp->run:173]	
frame_id 106
2020/03/08 15:38:23 893002	INFO [input.cpp->run:235]	rotation: 
[0.9977695035690566, 0.001753327264339642, -0.06673037982105653;
 -0.001629903617024823, 0.9999968591229464, 0.001903984884706317;
 0.06673350853774704, -0.001790973965780629, 0.9977692274521681]
2020/03/08 15:38:23 893026	INFO [input.cpp->run:256]	frame times (ms): 68.709
2020/03/08 15:38:23 893029	INFO [input.cpp->run:257]	FPS: 14.5541
2020/03/08 15:38:23 994275	INFO [input.cpp->run:173]	
frame_id 107
2020/03/08 15:38:24 022164	INFO [input.cpp->run:235]	rotation: 
[0.9978619747116299, 0.0004388214796838267, -0.06535508289579038;
 -0.0004100461114499944, 0.9999998130066342, 0.0004537057229364283;
 0.06535526977064014, -0.000425937091022401, 0.997861968055102]
2020/03/08 15:38:24 022187	INFO [input.cpp->run:256]	frame times (ms): 50.144
2020/03/08 15:38:24 022189	INFO [input.cpp->run:257]	FPS: 19.9426
2020/03/08 15:38:24 116841	INFO [input.cpp->run:173]	
frame_id 108
2020/03/08 15:38:24 149693	INFO [input.cpp->run:235]	rotation: 
[0.9979208534835859, 0.0005287746900896179, -0.06444913172354273;
 -0.0005669347531854416, 0.9999996746640299, -0.0005738090447325862;
 0.06444880734022214, 0.0006091544642428463, 0.9979208286047855]
2020/03/08 15:38:24 149717	INFO [input.cpp->run:256]	frame times (ms): 58.092
2020/03/08 15:38:24 149719	INFO [input.cpp->run:257]	FPS: 17.2141
2020/03/08 15:38:24 233981	INFO [input.cpp->run:173]	
frame_id 109
2020/03/08 15:38:24 265760	INFO [input.cpp->run:235]	rotation: 
[0.997935292733813, -0.002088020468613889, -0.06419339285940323;
 0.00191337861874616, 0.9999942999514193, -0.002781914256780928;
 0.06419883564785547, 0.002653344152839089, 0.9979335996278842]
2020/03/08 15:38:24 265785	INFO [input.cpp->run:256]	frame times (ms): 59.684
2020/03/08 15:38:24 265787	INFO [input.cpp->run:257]	FPS: 16.7549
2020/03/08 15:38:24 352053	INFO [input.cpp->run:173]	
frame_id 110
2020/03/08 15:38:24 381618	INFO [input.cpp->run:235]	rotation: 
[0.9979972341424304, 0.0003999621601622462, -0.06325630936380475;
 -0.0004714296611825938, 0.9999992673903663, -0.001114886902446616;
 0.06325581710904926, 0.001142474945514384, 0.9979966915540679]
2020/03/08 15:38:24 381642	INFO [input.cpp->run:256]	frame times (ms): 55.403
2020/03/08 15:38:24 381644	INFO [input.cpp->run:257]	FPS: 18.0496
2020/03/08 15:38:24 464181	INFO [input.cpp->run:173]	
frame_id 111
2020/03/08 15:38:24 483348	INFO [input.cpp->run:235]	rotation: 
[0.998113836481721, 0.003358919738409986, -0.06129834485474534;
 -0.0032700783028282, 0.9999934526568222, 0.001549590714126903;
 0.06130314846428148, -0.001346217545144869, 0.9981182854184605]
2020/03/08 15:38:24 483371	INFO [input.cpp->run:256]	frame times (ms): 38.985
2020/03/08 15:38:24 483373	INFO [input.cpp->run:257]	FPS: 25.6509
2020/03/08 15:38:24 603400	INFO [input.cpp->run:173]	
frame_id 112
2020/03/08 15:38:24 630829	INFO [input.cpp->run:235]	rotation: 
[0.9982202119104471, 0.004752248814074897, -0.05944598106408343;
 -0.004682116577777939, 0.9999881689430544, 0.001318998964877381;
 0.05945154596656288, -0.001038318412807141, 0.9982306524932298]
2020/03/08 15:38:24 630851	INFO [input.cpp->run:256]	frame times (ms): 50.873
2020/03/08 15:38:24 630853	INFO [input.cpp->run:257]	FPS: 19.6568
2020/03/08 15:38:24 740394	INFO [input.cpp->run:173]	
frame_id 113
2020/03/08 15:38:24 772489	INFO [input.cpp->run:235]	rotation: 
[0.9983547080397793, -0.002238783448704418, -0.05729628943899298;
 0.002322845095786855, 0.999996321374262, 0.001400581523754052;
 0.05729294306865401, -0.001531367563163535, 0.998356235813609]
2020/03/08 15:38:24 772521	INFO [input.cpp->run:256]	frame times (ms): 61.696
2020/03/08 15:38:24 772524	INFO [input.cpp->run:257]	FPS: 16.2085
2020/03/08 15:38:24 873972	INFO [input.cpp->run:173]	
frame_id 114
2020/03/08 15:38:24 900454	INFO [input.cpp->run:235]	rotation: 
[0.9984386955574241, -0.004081121530535455, -0.05570920624674341;
 0.004182632593929421, 0.9999897980602528, 0.001705684613033088;
 0.05570167679857936, -0.001936032661898692, 0.9984455793779442]
2020/03/08 15:38:24 900478	INFO [input.cpp->run:256]	frame times (ms): 48.199
2020/03/08 15:38:24 900481	INFO [input.cpp->run:257]	FPS: 20.7473
2020/03/08 15:38:24 995468	INFO [input.cpp->run:173]	
frame_id 115
2020/03/08 15:38:25 025843	INFO [input.cpp->run:235]	rotation: 
[0.9986453668583025, -0.001159910422514174, -0.05202005248226919;
 0.001302259506606732, 0.9999954999836712, 0.002702615878166963;
 0.05201668359885846, -0.002766698433008336, 0.9986423834422196]
2020/03/08 15:38:25 025865	INFO [input.cpp->run:256]	frame times (ms): 53.391
2020/03/08 15:38:25 025867	INFO [input.cpp->run:257]	FPS: 18.7297
2020/03/08 15:38:25 120736	INFO [input.cpp->run:173]	
frame_id 116
2020/03/08 15:38:25 153637	INFO [input.cpp->run:235]	rotation: 
[0.9988703206647083, 0.007188755607595704, -0.04697237792572414;
 -0.007147103029815413, 0.9999739029867766, 0.001054639120217774;
 0.04697873362984573, -0.0007177312916068962, 0.9988956319097251]
2020/03/08 15:38:25 153659	INFO [input.cpp->run:256]	frame times (ms): 57.17
2020/03/08 15:38:25 153661	INFO [input.cpp->run:257]	FPS: 17.4917
2020/03/08 15:38:25 237299	INFO [input.cpp->run:173]	
frame_id 117
2020/03/08 15:38:25 270463	INFO [input.cpp->run:235]	rotation: 
[0.9989714031347812, 0.01441781663208119, -0.04299142103362261;
 -0.01448216314374367, 0.9998944250307513, -0.001185640375993556;
 0.04296978787013637, 0.001807029603209828, 0.9990747379322573]
2020/03/08 15:38:25 270489	INFO [input.cpp->run:256]	frame times (ms): 59.313
2020/03/08 15:38:25 270492	INFO [input.cpp->run:257]	FPS: 16.8597
2020/03/08 15:38:25 358337	INFO [input.cpp->run:173]	
frame_id 118
2020/03/08 15:38:25 389743	INFO [input.cpp->run:235]	rotation: 
[0.9992858106313041, 0.003339341786890597, -0.03763930747726221;
 -0.003426642065978896, 0.9999915862466241, -0.002255118647014409;
 0.03763146017747949, 0.002382484499587464, 0.9992888456159811]
2020/03/08 15:38:25 389768	INFO [input.cpp->run:256]	frame times (ms): 54.197
2020/03/08 15:38:25 389770	INFO [input.cpp->run:257]	FPS: 18.4512
2020/03/08 15:38:25 480093	INFO [input.cpp->run:173]	
frame_id 119
2020/03/08 15:38:25 513757	INFO [input.cpp->run:235]	rotation: 
[0.9993683084605203, -0.003921412617302634, -0.03532147459893591;
 0.004041895656297465, 0.9999862527004325, 0.003340282869810336;
 0.03530789039665241, -0.003480938556137468, 0.99937041978563]
2020/03/08 15:38:25 513782	INFO [input.cpp->run:256]	frame times (ms): 58.501
2020/03/08 15:38:25 513784	INFO [input.cpp->run:257]	FPS: 17.0937
2020/03/08 15:38:25 597597	INFO [input.cpp->run:173]	
frame_id 120
2020/03/08 15:38:25 637412	INFO [input.cpp->run:235]	rotation: 
[0.9994064290553447, -0.01167514655058015, -0.0324111171647415;
 0.0118339365427433, 0.9999188754215668, 0.004711742944136417;
 0.0323534775371435, -0.005092497294233062, 0.999463515573511]
2020/03/08 15:38:25 637445	INFO [input.cpp->run:256]	frame times (ms): 72.079
2020/03/08 15:38:25 637450	INFO [input.cpp->run:257]	FPS: 13.8737
2020/03/08 15:38:25 721392	INFO [input.cpp->run:173]	
frame_id 121
2020/03/08 15:38:25 754243	INFO [input.cpp->run:235]	rotation: 
[0.9995346832109988, -0.006170084926044086, -0.02987217953704694;
 0.006268322136917286, 0.9999752463723761, 0.003196056960299366;
 0.02985172014936485, -0.003381818225607173, 0.9995486171815821]
2020/03/08 15:38:25 754265	INFO [input.cpp->run:256]	frame times (ms): 56.251
2020/03/08 15:38:25 754267	INFO [input.cpp->run:257]	FPS: 17.7775
2020/03/08 15:38:25 842457	INFO [input.cpp->run:173]	
frame_id 122
2020/03/08 15:38:25 885661	INFO [input.cpp->run:235]	rotation: 
[0.9996471663864994, 9.015423089863941e-05, -0.02656190143150433;
 -3.177754746515022e-05, 0.9999975835079844, 0.002198173873733239;
 0.02656203541955658, -0.002196554212018763, 0.9996447536119838]
2020/03/08 15:38:25 885688	INFO [input.cpp->run:256]	frame times (ms): 80.868
2020/03/08 15:38:25 885691	INFO [input.cpp->run:257]	FPS: 12.3658
2020/03/08 15:38:25 964144	INFO [input.cpp->run:173]	
frame_id 123
2020/03/08 15:38:25 996438	INFO [input.cpp->run:235]	rotation: 
[0.9996881993159084, 0.006408960406575848, -0.02413357360656835;
 -0.006337392158715462, 0.9999752951237961, 0.003040822701757605;
 0.02415246590191903, -0.002886930651022947, 0.9997041182381279]
2020/03/08 15:38:25 996461	INFO [input.cpp->run:256]	frame times (ms): 57.592
2020/03/08 15:38:25 996463	INFO [input.cpp->run:257]	FPS: 17.3635
2020/03/08 15:38:26 082158	INFO [input.cpp->run:173]	
frame_id 124
2020/03/08 15:38:26 114312	INFO [input.cpp->run:235]	rotation: 
[0.9997712740912308, 0.005907581698060712, -0.02055480431621396;
 -0.005748280577986523, 0.9999530533262938, 0.007800539328725217;
 0.02059992165989601, -0.007680600360843158, 0.999758296592583]
2020/03/08 15:38:26 114333	INFO [input.cpp->run:256]	frame times (ms): 55.894
2020/03/08 15:38:26 114334	INFO [input.cpp->run:257]	FPS: 17.891
2020/03/08 15:38:26 219593	INFO [input.cpp->run:173]	
frame_id 125
2020/03/08 15:38:26 254956	INFO [input.cpp->run:235]	rotation: 
[0.9997971417814825, 0.0003069309699010749, -0.02013904364556213;
 -0.0001605086324283388, 0.999973547346093, 0.00727178417240872;
 0.02014074285017951, -0.007267076540872097, 0.9997707437587839]
2020/03/08 15:38:26 254984	INFO [input.cpp->run:256]	frame times (ms): 64.887
2020/03/08 15:38:26 254987	INFO [input.cpp->run:257]	FPS: 15.4114
2020/03/08 15:38:26 352488	INFO [input.cpp->run:173]	
frame_id 126
2020/03/08 15:38:26 384119	INFO [input.cpp->run:235]	rotation: 
[0.9998390184399394, -0.003265007953066478, -0.01764304191813229;
 0.00326786394541301, 0.9999946516672983, 0.0001330489872570522;
 0.0176425131512727, -0.000190682629395194, 0.9998443405699919]
2020/03/08 15:38:26 384141	INFO [input.cpp->run:256]	frame times (ms): 54.861
2020/03/08 15:38:26 384143	INFO [input.cpp->run:257]	FPS: 18.2279
2020/03/08 15:38:26 489579	INFO [input.cpp->run:173]	
frame_id 127
2020/03/08 15:38:26 526564	INFO [input.cpp->run:235]	rotation: 
[0.9998754828551617, -0.002318644450891528, -0.01560905740484311;
 0.002248334376913531, 0.9999872550316377, -0.004520483029499757;
 0.01561933986079202, 0.004484825771505108, 0.9998679525617932]
2020/03/08 15:38:26 526590	INFO [input.cpp->run:256]	frame times (ms): 69.469
2020/03/08 15:38:26 526593	INFO [input.cpp->run:257]	FPS: 14.3949
2020/03/08 15:38:26 616930	INFO [input.cpp->run:173]	
frame_id 128
2020/03/08 15:38:26 665372	INFO [input.cpp->run:235]	rotation: 
[0.9998948906804785, -0.0008526157328293127, -0.01447344594372883;
 0.00080815556588425, 0.9999949381887471, -0.003077414737300229;
 0.01447599653409874, 0.003065394476434357, 0.9998905184474192]
2020/03/08 15:38:26 665402	INFO [input.cpp->run:256]	frame times (ms): 91.601
2020/03/08 15:38:26 665405	INFO [input.cpp->run:257]	FPS: 10.9169
2020/03/08 15:38:26 730755	INFO [input.cpp->run:173]	
frame_id 129
2020/03/08 15:38:26 764357	INFO [input.cpp->run:235]	rotation: 
[0.9999100102389599, 0.001532417943978979, -0.01332753237355398;
 -0.001560868664471799, 0.9999965248905008, -0.002124593122056915;
 0.01332423029429573, 0.002145204458086167, 0.9999089273453345]
2020/03/08 15:38:26 764383	INFO [input.cpp->run:256]	frame times (ms): 65.858
2020/03/08 15:38:26 764385	INFO [input.cpp->run:257]	FPS: 15.1842
2020/03/08 15:38:26 860150	INFO [input.cpp->run:173]	
frame_id 130
2020/03/08 15:38:26 890898	INFO [input.cpp->run:235]	rotation: 
[0.9999242305072792, 0.003156866250222073, -0.01189821162628644;
 -0.003158514508914652, 0.9999950047115647, -0.0001197414496151078;
 0.01189777418354646, 0.0001573130509179755, 0.9999292066051882]
2020/03/08 15:38:26 890922	INFO [input.cpp->run:256]	frame times (ms): 54.063
2020/03/08 15:38:26 890924	INFO [input.cpp->run:257]	FPS: 18.4969
2020/03/08 15:38:26 995966	INFO [input.cpp->run:173]	
frame_id 131
2020/03/08 15:38:27 024185	INFO [input.cpp->run:235]	rotation: 
[0.9999447243798365, 0.002558482961174605, -0.01019815423840343;
 -0.002547357053745293, 0.9999961462771052, 0.00110381292758664;
 0.01020093902411051, -0.001077773573508144, 0.9999473882395766]
2020/03/08 15:38:27 024204	INFO [input.cpp->run:256]	frame times (ms): 48.82
2020/03/08 15:38:27 024206	INFO [input.cpp->run:257]	FPS: 20.4834
2020/03/08 15:38:27 116416	INFO [input.cpp->run:173]	
frame_id 132
2020/03/08 15:38:27 152469	INFO [input.cpp->run:235]	rotation: 
[0.999967663948732, 0.002031307745367769, -0.007781056853618923;
 -0.002023712262336453, 0.999997468261869, 0.0009838996552179501;
 0.007783035757010896, -0.0009681212196196508, 0.9999692430748603]
2020/03/08 15:38:27 152492	INFO [input.cpp->run:256]	frame times (ms): 59.297
2020/03/08 15:38:27 152494	INFO [input.cpp->run:257]	FPS: 16.8643
2020/03/08 15:38:27 252197	INFO [input.cpp->run:173]	
frame_id 133
2020/03/08 15:38:27 280427	INFO [input.cpp->run:235]	rotation: 
[0.9999833440090863, 0.002137939851375468, -0.005361055642071854;
 -0.002134939102577358, 0.9999975611808731, 0.000565391310624533;
 0.005362251340041419, -0.0005539363661506483, 0.999985469601968]
2020/03/08 15:38:27 280448	INFO [input.cpp->run:256]	frame times (ms): 48.7
2020/03/08 15:38:27 280450	INFO [input.cpp->run:257]	FPS: 20.5339
2020/03/08 15:38:27 389557	INFO [input.cpp->run:173]	
frame_id 134
2020/03/08 15:38:27 418130	INFO [input.cpp->run:235]	rotation: 
[0.9999826431966348, 0.001402244514356427, -0.005722500833885397;
 -0.0013958721830099, 0.9999984014786891, 0.001117399174488085;
 0.005724058553208634, -0.001109391900279062, 0.9999830020571805]
2020/03/08 15:38:27 418150	INFO [input.cpp->run:256]	frame times (ms): 49.413
2020/03/08 15:38:27 418152	INFO [input.cpp->run:257]	FPS: 20.2376
2020/03/08 15:38:27 507715	INFO [input.cpp->run:173]	
frame_id 135
2020/03/08 15:38:27 548759	INFO [input.cpp->run:235]	rotation: 
[0.9999804101269186, -0.0002231910176884183, -0.006255361553837457;
 0.0002276561415186257, 0.9999997198272721, 0.0007131045214466642;
 0.006255200642731887, -0.0007145146232947459, 0.9999801807704852]
2020/03/08 15:38:27 548781	INFO [input.cpp->run:256]	frame times (ms): 67.29
2020/03/08 15:38:27 548783	INFO [input.cpp->run:257]	FPS: 14.861
2020/03/08 15:38:27 622284	INFO [input.cpp->run:173]	
frame_id 136
2020/03/08 15:38:27 651827	INFO [input.cpp->run:235]	rotation: 
[0.9999869462212884, 0.003109220184434465, -0.004054643864379346;
 -0.003108428593191867, 0.999995148519323, 0.0002015179846318393;
 0.004055250757138329, -0.0001889117831374148, 0.9999917595928653]
2020/03/08 15:38:27 651853	INFO [input.cpp->run:256]	frame times (ms): 54.831
2020/03/08 15:38:27 651855	INFO [input.cpp->run:257]	FPS: 18.2379
2020/03/08 15:38:27 746218	INFO [input.cpp->run:173]	
frame_id 137
2020/03/08 15:38:27 790822	INFO [input.cpp->run:235]	rotation: 
[0.9999944033209506, 0.001127473309582957, -0.003149941382358743;
 -0.001127760832947053, 0.9999993600720414, -8.950425298123095e-05;
 0.003149838452966854, 9.305613257175674e-05, 0.9999950349168122]
2020/03/08 15:38:27 790850	INFO [input.cpp->run:256]	frame times (ms): 84.409
2020/03/08 15:38:27 790853	INFO [input.cpp->run:257]	FPS: 11.8471
2020/03/08 15:38:27 864628	INFO [input.cpp->run:173]	
frame_id 138
2020/03/08 15:38:27 904372	INFO [input.cpp->run:235]	rotation: 
[0.9999949459677696, 0.0007131478048941567, -0.003098299392565407;
 -0.0007135783214155685, 0.9999997359017394, -0.0001378493039427086;
 0.003098200267381413, 0.0001400594865276732, 0.9999951907576573]
2020/03/08 15:38:27 904399	INFO [input.cpp->run:256]	frame times (ms): 77.225
2020/03/08 15:38:27 904401	INFO [input.cpp->run:257]	FPS: 12.9492
2020/03/08 15:38:27 988994	INFO [input.cpp->run:173]	
frame_id 139
2020/03/08 15:38:28 021894	INFO [input.cpp->run:235]	rotation: 
[0.9999953610598799, 0.001751316826934978, -0.002492137253910768;
 -0.001752127351718639, 0.9999984128311037, -0.0003230867016354055;
 0.0024915674712909, 0.0003274517447023569, 0.9999968424284603]
2020/03/08 15:38:28 021918	INFO [input.cpp->run:256]	frame times (ms): 58.122
2020/03/08 15:38:28 021920	INFO [input.cpp->run:257]	FPS: 17.2052
2020/03/08 15:38:28 106954	INFO [input.cpp->run:173]	
frame_id 140
2020/03/08 15:38:28 135968	INFO [input.cpp->run:235]	rotation: 
[0.9999905484007061, 0.004302354511799812, -0.0006267813891559494;
 -0.004302283215391677, 0.9999907385179719, 0.0001150539684064067;
 0.0006272705871914519, -0.0001123562899121147, 0.9999997969538167]
2020/03/08 15:38:28 135994	INFO [input.cpp->run:256]	frame times (ms): 53.205
2020/03/08 15:38:28 135996	INFO [input.cpp->run:257]	FPS: 18.7952
2020/03/08 15:38:28 227341	INFO [input.cpp->run:173]	
frame_id 141
2020/03/08 15:38:28 257259	INFO [input.cpp->run:235]	rotation: 
[0.9999950393041793, 0.003058127040401012, 0.0007544707003511304;
 -0.003058257819971338, 0.9999953086840782, 0.0001722467466985237;
 -0.0007539404084570214, -0.0001745532581540953, 0.9999997005524655]
2020/03/08 15:38:28 257287	INFO [input.cpp->run:256]	frame times (ms): 55.337
2020/03/08 15:38:28 257290	INFO [input.cpp->run:257]	FPS: 18.0711
2020/03/08 15:38:28 364347	INFO [input.cpp->run:173]	
frame_id 142
2020/03/08 15:38:28 396040	INFO [input.cpp->run:235]	rotation: 
[0.9999962399153483, 0.001086667025560814, 0.002517798629928411;
 -0.001086652674821445, 0.9999994095678316, -7.067698756254662e-06;
 -0.002517804823574292, 4.331699565235566e-06, 0.9999968303150299]
2020/03/08 15:38:28 396072	INFO [input.cpp->run:256]	frame times (ms): 63.969
2020/03/08 15:38:28 396075	INFO [input.cpp->run:257]	FPS: 15.6326
2020/03/08 15:38:28 503112	INFO [input.cpp->run:173]	
frame_id 143
2020/03/08 15:38:28 529258	INFO [input.cpp->run:235]	rotation: 
[0.9999906426872333, 0.001558615970795894, 0.004035499254090384;
 -0.001559509884976025, 0.9999987601197781, 0.0002183754227180024;
 -0.004035153887133195, -0.0002246667802884388, 0.9999918334956266]
2020/03/08 15:38:28 529280	INFO [input.cpp->run:256]	frame times (ms): 48.611
2020/03/08 15:38:28 529282	INFO [input.cpp->run:257]	FPS: 20.5715
2020/03/08 15:38:28 624222	INFO [input.cpp->run:173]	
frame_id 144
2020/03/08 15:38:28 654247	INFO [input.cpp->run:235]	rotation: 
[0.9999899246933098, -0.0002447450298737535, 0.00448225520679143;
 0.0002486999330944779, 0.9999995802791039, -0.0008818106142727404;
 -0.004482037506730124, 0.0008829164663304005, 0.9999895658447151]
2020/03/08 15:38:28 654270	INFO [input.cpp->run:256]	frame times (ms): 52.21
2020/03/08 15:38:28 654272	INFO [input.cpp->run:257]	FPS: 19.1534
2020/03/08 15:38:28 736020	INFO [input.cpp->run:173]	
frame_id 145
2020/03/08 15:38:28 753062	INFO [input.cpp->run:235]	rotation: 
[0.9999905190553109, 0.00175359312730079, 0.003985813672750173;
 -0.001748086774194577, 0.9999975136010355, -0.00138455204913975;
 -0.003988231703384946, 0.001377571374112615, 0.9999910981128729]
2020/03/08 15:38:28 753081	INFO [input.cpp->run:256]	frame times (ms): 33.043
2020/03/08 15:38:28 753083	INFO [input.cpp->run:257]	FPS: 30.2636
2020/03/08 15:38:28 873757	INFO [input.cpp->run:173]	
frame_id 146
2020/03/08 15:38:28 900411	INFO [input.cpp->run:235]	rotation: 
[0.9999912271155027, -0.000130598649425741, 0.004186721393155467;
 0.0001370850085129169, 0.9999987908719371, -0.001549019807557357;
 -0.004186514030978338, 0.001549580154923323, 0.9999900359011643]
2020/03/08 15:38:28 900439	INFO [input.cpp->run:256]	frame times (ms): 47.395
2020/03/08 15:38:28 900441	INFO [input.cpp->run:257]	FPS: 21.0993
2020/03/08 15:38:28 995001	INFO [input.cpp->run:173]	
frame_id 147
2020/03/08 15:38:29 028151	INFO [input.cpp->run:235]	rotation: 
[0.9999836216289513, -0.004020780751269294, 0.004073057327937706;
 0.004029834705856639, 0.9999894223354421, -0.002217126399713206;
 -0.004064099665352469, 0.002233503834573437, 0.9999892472194544]
2020/03/08 15:38:29 028181	INFO [input.cpp->run:256]	frame times (ms): 57.645
2020/03/08 15:38:29 028183	INFO [input.cpp->run:257]	FPS: 17.3476
2020/03/08 15:38:29 111966	INFO [input.cpp->run:173]	
frame_id 148
2020/03/08 15:38:29 142974	INFO [input.cpp->run:235]	rotation: 
[0.9999910802547081, -0.0009587538360385669, 0.00411341732673975;
 0.0009629169647719251, 0.999999026118581, -0.001010224137684316;
 -0.004112444764491783, 0.001014176006069425, 0.9999910295823097]
2020/03/08 15:38:29 142997	INFO [input.cpp->run:256]	frame times (ms): 56.512
2020/03/08 15:38:29 143000	INFO [input.cpp->run:257]	FPS: 17.6954
2020/03/08 15:38:29 246185	INFO [input.cpp->run:173]	
frame_id 149
2020/03/08 15:38:29 272591	INFO [input.cpp->run:235]	rotation: 
[0.9999894320947615, -0.002331021677528932, 0.003962579555694138;
 0.002326466217429734, 0.9999966280974797, 0.001153840807886107;
 -0.003965255822197747, -0.001144609806735589, 0.9999914832710601]
2020/03/08 15:38:29 272613	INFO [input.cpp->run:256]	frame times (ms): 45.286
2020/03/08 15:38:29 272616	INFO [input.cpp->run:257]	FPS: 22.0819
2020/03/08 15:38:29 372902	INFO [input.cpp->run:173]	
frame_id 150
2020/03/08 15:38:29 402627	INFO [input.cpp->run:235]	rotation: 
[0.9999950512687376, -0.001656983768492614, 0.002674292958149884;
 0.001645996340707163, 0.9999902176514659, 0.004105520359242097;
 -0.002681069577880565, -0.004101098165702053, 0.9999879963578332]
2020/03/08 15:38:29 402651	INFO [input.cpp->run:256]	frame times (ms): 50.932
2020/03/08 15:38:29 402653	INFO [input.cpp->run:257]	FPS: 19.634
2020/03/08 15:38:29 491908	INFO [input.cpp->run:173]	
frame_id 151
2020/03/08 15:38:29 522670	INFO [input.cpp->run:235]	rotation: 
[0.9999800139996913, -0.006186821586564662, 0.001301860143507517;
 0.006179974577307729, 0.9999673871025724, 0.005199292786320473;
 -0.001333984782921469, -0.005191143410663154, 0.9999856361541843]
2020/03/08 15:38:29 522695	INFO [input.cpp->run:256]	frame times (ms): 52.334
2020/03/08 15:38:29 522698	INFO [input.cpp->run:257]	FPS: 19.108
2020/03/08 15:38:29 628783	INFO [input.cpp->run:173]	
frame_id 152
2020/03/08 15:38:29 667582	INFO [input.cpp->run:235]	rotation: 
[0.9999932527549924, -0.003672306358746042, -9.279276574000254e-05;
 0.003672544197561961, 0.99998958929749, 0.002708083409736107;
 8.284688777653477e-05, -0.002708405923167235, 0.9999963288301356]
2020/03/08 15:38:29 667613	INFO [input.cpp->run:256]	frame times (ms): 70.563
2020/03/08 15:38:29 667616	INFO [input.cpp->run:257]	FPS: 14.1717
2020/03/08 15:38:29 765236	INFO [input.cpp->run:173]	
frame_id 153
2020/03/08 15:38:29 799736	INFO [input.cpp->run:235]	rotation: 
[0.9999950919382612, -0.003132795707074487, -4.111503728478531e-05;
 0.003132759891672132, 0.9999947367002793, -0.0008440303314224557;
 4.375899548294197e-05, 0.0008438973853297293, 0.999999642961113]
2020/03/08 15:38:29 799768	INFO [input.cpp->run:256]	frame times (ms): 62.986
2020/03/08 15:38:29 799770	INFO [input.cpp->run:257]	FPS: 15.8765
2020/03/08 15:38:29 896975	INFO [input.cpp->run:173]	
frame_id 154
2020/03/08 15:38:29 931242	INFO [input.cpp->run:235]	rotation: 
[0.9999939712633084, -0.003471417041852073, -8.185816475104346e-05;
 0.003471277127417781, 0.9999926112876834, -0.001651546289051103;
 8.75907658578329e-05, 0.0016512521799384, 0.9999986328461135]
2020/03/08 15:38:29 931268	INFO [input.cpp->run:256]	frame times (ms): 55.993
2020/03/08 15:38:29 931270	INFO [input.cpp->run:257]	FPS: 17.8594
2020/03/08 15:38:30 038927	INFO [input.cpp->run:173]	
frame_id 155
2020/03/08 15:38:30 087939	INFO [input.cpp->run:235]	rotation: 
[0.9999997076926155, 0.0007402134635090579, -0.0001915690792930984;
 -0.0007403913425813866, 0.99999929333146, -0.0009301382910896454;
 0.0001908804430312669, 0.0009302798552911692, 0.999999549071922]
2020/03/08 15:38:30 087967	INFO [input.cpp->run:256]	frame times (ms): 77.349
2020/03/08 15:38:30 087969	INFO [input.cpp->run:257]	FPS: 12.9284
2020/03/08 15:38:30 149600	INFO [input.cpp->run:173]	
frame_id 156
2020/03/08 15:38:30 178128	INFO [input.cpp->run:235]	rotation: 
[0.9999895313436581, -0.004575683744638007, 1.792652074302829e-05;
 0.004575700844399947, 0.9999889136702452, -0.001111529750156873;
 -1.284031339423362e-05, 0.001111600140330006, 0.9999993820899363]
2020/03/08 15:38:30 178155	INFO [input.cpp->run:256]	frame times (ms): 49.1
2020/03/08 15:38:30 178158	INFO [input.cpp->run:257]	FPS: 20.3666
2020/03/08 15:38:30 285332	INFO [input.cpp->run:173]	
frame_id 157
2020/03/08 15:38:30 312875	INFO [input.cpp->run:235]	rotation: 
[0.9999965627914512, -0.002618275174691739, 0.0001379869299463259;
 0.002618211107090593, 0.9999964655466671, 0.0004624551568241662;
 -0.0001391972770944824, -0.000462092288356729, 0.9999998835474108]
2020/03/08 15:38:30 312900	INFO [input.cpp->run:256]	frame times (ms): 47.101
2020/03/08 15:38:30 312902	INFO [input.cpp->run:257]	FPS: 21.231
2020/03/08 15:38:30 410825	INFO [input.cpp->run:173]	
frame_id 158
2020/03/08 15:38:30 444669	INFO [input.cpp->run:235]	rotation: 
[0.9999935305295583, -0.003596039148011895, 8.603182783897114e-05;
 0.003595976922298908, 0.9999932803912969, 0.0007128269267257344;
 -8.859460327301478e-05, -0.0007125129466455097, 0.9999997422381154]
2020/03/08 15:38:30 444690	INFO [input.cpp->run:256]	frame times (ms): 55.968
2020/03/08 15:38:30 444692	INFO [input.cpp->run:257]	FPS: 17.8674
2020/03/08 15:38:30 525302	INFO [input.cpp->run:173]	
frame_id 159
2020/03/08 15:38:30 560922	INFO [input.cpp->run:235]	rotation: 
[0.9999944600852654, -0.002928270534959826, -0.001582728799465594;
 0.002930940424975622, 0.999994281436305, 0.001687211579280523;
 0.001577779136576292, -0.001691841116092361, 0.999997324139737]
2020/03/08 15:38:30 560953	INFO [input.cpp->run:256]	frame times (ms): 63.16
2020/03/08 15:38:30 560956	INFO [input.cpp->run:257]	FPS: 15.8328
2020/03/08 15:38:30 658269	INFO [input.cpp->run:173]	
frame_id 160
2020/03/08 15:38:30 692102	INFO [input.cpp->run:235]	rotation: 
[0.9999907361509255, -0.003245339251913764, -0.002827611265722801;
 0.003244360341717437, 0.9999946755482907, -0.0003507150437442556;
 0.002828734399540864, 0.0003415380049207177, 0.9999959407985055]
2020/03/08 15:38:30 692128	INFO [input.cpp->run:256]	frame times (ms): 55.393
2020/03/08 15:38:30 692130	INFO [input.cpp->run:257]	FPS: 18.0528
2020/03/08 15:38:30 768058	INFO [input.cpp->run:173]	
frame_id 161
2020/03/08 15:38:30 791206	INFO [input.cpp->run:235]	rotation: 
[0.9999895918900116, -0.002324851083068642, -0.003925707463591137;
 0.002320416808453107, 0.9999966651611486, -0.00113372501809132;
 0.003928330113825581, 0.001124603940573048, 0.9999916517093999]
2020/03/08 15:38:30 791232	INFO [input.cpp->run:256]	frame times (ms): 40.947
2020/03/08 15:38:30 791235	INFO [input.cpp->run:257]	FPS: 24.4218
2020/03/08 15:38:30 905038	INFO [input.cpp->run:173]	
frame_id 162
2020/03/08 15:38:30 945649	INFO [input.cpp->run:235]	rotation: 
[0.9999787750637485, -0.003462223186335545, -0.005519278269220668;
 0.003449044434081307, 0.9999911827973426, -0.002395499961060593;
 0.005527523360133696, 0.002376412880732028, 0.9999818994098461]
2020/03/08 15:38:30 945672	INFO [input.cpp->run:256]	frame times (ms): 69.966
2020/03/08 15:38:30 945674	INFO [input.cpp->run:257]	FPS: 14.2927
2020/03/08 15:38:31 019583	INFO [input.cpp->run:173]	
frame_id 163
2020/03/08 15:38:31 054742	INFO [input.cpp->run:235]	rotation: 
[0.9999741571236185, -0.002988089191684258, -0.006538838420646938;
 0.002974542012388345, 0.9999934116893736, -0.002080547443212365;
 0.006545012202076137, 0.002061043626287551, 0.9999764571800904]
2020/03/08 15:38:31 054767	INFO [input.cpp->run:256]	frame times (ms): 66.673
2020/03/08 15:38:31 054770	INFO [input.cpp->run:257]	FPS: 14.9986
2020/03/08 15:38:31 142983	INFO [input.cpp->run:173]	
frame_id 164
2020/03/08 15:38:31 195302	INFO [input.cpp->run:235]	rotation: 
[0.9999722231968423, -0.0007842510056933067, -0.007412002774191144;
 0.0007881733050443114, 0.9999995509081451, 0.0005262759251221246;
 0.00741158671309752, -0.0005321032495828777, 0.9999723922431689]
2020/03/08 15:38:31 195327	INFO [input.cpp->run:256]	frame times (ms): 92.434
2020/03/08 15:38:31 195329	INFO [input.cpp->run:257]	FPS: 10.8185
2020/03/08 15:38:31 253387	INFO [input.cpp->run:173]	
frame_id 165
2020/03/08 15:38:31 280753	INFO [input.cpp->run:235]	rotation: 
[0.9999567665578657, -3.285745384342951e-05, -0.009298598578594913;
 4.732928933040476e-05, 0.9999987881087971, 0.001556130095975117;
 0.009298536179232292, -0.001556502915177153, 0.9999555562741769]
2020/03/08 15:38:31 280779	INFO [input.cpp->run:256]	frame times (ms): 51.607
2020/03/08 15:38:31 280781	INFO [input.cpp->run:257]	FPS: 19.3772
2020/03/08 15:38:31 391405	INFO [input.cpp->run:173]	
frame_id 166
2020/03/08 15:38:31 421861	INFO [input.cpp->run:235]	rotation: 
[0.9999513007024005, -0.0001021931298569702, -0.009868423386834068;
 0.000108681813845967, 0.999999778278944, 0.0006569857884309252;
 0.009868354059362821, -0.0006580263118379767, 0.9999510900986768]
2020/03/08 15:38:31 421889	INFO [input.cpp->run:256]	frame times (ms): 53.743
2020/03/08 15:38:31 421891	INFO [input.cpp->run:257]	FPS: 18.6071
2020/03/08 15:38:31 530721	INFO [input.cpp->run:173]	
frame_id 167
2020/03/08 15:38:31 560419	INFO [input.cpp->run:235]	rotation: 
[0.99994544814324, 0.0006856066861566953, -0.01042260433320879;
 -0.0006914825336352991, 0.9999996040324319, -0.0005601668367940164;
 0.01042221615206683, 0.0005673433275043794, 0.9999455262823213]
2020/03/08 15:38:31 560449	INFO [input.cpp->run:256]	frame times (ms): 50.739
2020/03/08 15:38:31 560451	INFO [input.cpp->run:257]	FPS: 19.7087
2020/03/08 15:38:31 667059	INFO [input.cpp->run:173]	
frame_id 168
2020/03/08 15:38:31 694895	INFO [input.cpp->run:235]	rotation: 
[0.9999356403154581, -0.00227010165490407, -0.01111583849249223;
 0.002258759372011114, 0.9999969156402918, -0.001032819443289912;
 0.01111814881237529, 0.001007644966983674, 0.9999376837676468]
2020/03/08 15:38:31 694923	INFO [input.cpp->run:256]	frame times (ms): 47.993
2020/03/08 15:38:31 694925	INFO [input.cpp->run:257]	FPS: 20.8364
2020/03/08 15:38:31 802086	INFO [input.cpp->run:173]	
frame_id 169
2020/03/08 15:38:31 832532	INFO [input.cpp->run:235]	rotation: 
[0.9999352383980317, 0.0002568186544451965, -0.01137774380315616;
 -0.0002630674612987601, 0.9999998153991508, -0.0005477199785916429;
 0.01137760103810707, 0.0005506776215460033, 0.999935121369769]
2020/03/08 15:38:31 832553	INFO [input.cpp->run:256]	frame times (ms): 49.294
2020/03/08 15:38:31 832555	INFO [input.cpp->run:257]	FPS: 20.2864
2020/03/08 15:38:31 939603	INFO [input.cpp->run:173]	
frame_id 170
2020/03/08 15:38:31 971747	INFO [input.cpp->run:235]	rotation: 
[0.9999448633496819, -0.0006375338812271969, -0.01048159392155222;
 0.0006423253505636651, 0.9999996907546407, 0.0004537717124146579;
 0.01048130138532694, -0.0004604792864525532, 0.9999449636255471]
2020/03/08 15:38:31 971774	INFO [input.cpp->run:256]	frame times (ms): 57.947
2020/03/08 15:38:31 971776	INFO [input.cpp->run:257]	FPS: 17.2571
2020/03/08 15:38:32 053181	INFO [input.cpp->run:173]	
frame_id 171
2020/03/08 15:38:32 086996	INFO [input.cpp->run:235]	rotation: 
[0.9999443987141459, -0.001499865469100835, -0.01043790610131849;
 0.001509711618318144, 0.9999984228119578, 0.0009354915425719622;
 0.01043648652731646, -0.0009511977561513638, 0.999945085978122]
2020/03/08 15:38:32 087026	INFO [input.cpp->run:256]	frame times (ms): 65.068
2020/03/08 15:38:32 087029	INFO [input.cpp->run:257]	FPS: 15.3685
2020/03/08 15:38:32 189333	INFO [input.cpp->run:173]	
frame_id 172
2020/03/08 15:38:32 218232	INFO [input.cpp->run:235]	rotation: 
[0.9999446626804513, -0.001149307080450945, -0.01045708707590861;
 0.001161680803425578, 0.9999986322435565, 0.001177288718703354;
 0.01045571970690024, -0.001189371368017159, 0.9999446301276684]
2020/03/08 15:38:32 218258	INFO [input.cpp->run:256]	frame times (ms): 49.429
2020/03/08 15:38:32 218260	INFO [input.cpp->run:257]	FPS: 20.231
2020/03/08 15:38:32 326921	INFO [input.cpp->run:173]	
frame_id 173
2020/03/08 15:38:32 354823	INFO [input.cpp->run:235]	rotation: 
[0.9999482127897341, -1.288776432669549e-05, -0.01017701196433187;
 2.903738604781017e-05, 0.9999987407271901, 0.001586726461726154;
 0.01017697869934072, -0.001586939803414468, 0.9999469539563653]
2020/03/08 15:38:32 354854	INFO [input.cpp->run:256]	frame times (ms): 53.553
2020/03/08 15:38:32 354856	INFO [input.cpp->run:257]	FPS: 18.6731
2020/03/08 15:38:32 468414	INFO [input.cpp->run:173]	
frame_id 174
2020/03/08 15:38:32 517344	INFO [input.cpp->run:235]	rotation: 
[0.9999541512158032, 0.0007082676227040937, -0.009549545709467842;
 -0.0007000284346696714, 0.9999993799168614, 0.0008660981950214346;
 0.00955015321726518, -0.0008593735319373927, 0.9999540269685698]
2020/03/08 15:38:32 517374	INFO [input.cpp->run:256]	frame times (ms): 82.055
2020/03/08 15:38:32 517377	INFO [input.cpp->run:257]	FPS: 12.1869
2020/03/08 15:38:32 604639	INFO [input.cpp->run:173]	
frame_id 175
2020/03/08 15:38:32 630327	INFO [input.cpp->run:235]	rotation: 
[0.9999524673131743, -0.0003249587732642889, -0.009744614722534397;
 0.000330571497640886, 0.9999997804067368, 0.0005743770218991223;
 0.009744425933830224, -0.0005775710120987821, 0.9999523551524573]
2020/03/08 15:38:32 630351	INFO [input.cpp->run:256]	frame times (ms): 46.188
2020/03/08 15:38:32 630353	INFO [input.cpp->run:257]	FPS: 21.6506
2020/03/08 15:38:32 737875	INFO [input.cpp->run:173]	
frame_id 176
2020/03/08 15:38:32 764228	INFO [input.cpp->run:235]	rotation: 
[0.9999555661994201, -0.0004141239271694924, -0.009417756005021679;
 0.0004185003240998812, 0.9999998053690105, 0.0004627303966540637;
 0.009417562544305426, -0.0004666511697242917, 0.9999555448880765]
2020/03/08 15:38:32 764255	INFO [input.cpp->run:256]	frame times (ms): 45.146
2020/03/08 15:38:32 764257	INFO [input.cpp->run:257]	FPS: 22.1504
g3log g3FileSink shutdown at: 15:39:19 773041
