		g3log created log at: Sun Mar 08 15:45:38 2020
		LOG format: [YYYY/MM/DD hh:mm:ss uuu* LEVEL FILE->FUNCTION:LINE] message		(uuu*: microseconds fractions of the seconds value)

2020/03/08 15:45:38 189232	INFO [g3logger.h->logBanner:29]	Starting log.
2020/03/08 15:45:38 196706	DEBUG [main.cpp->main:49]	Filepath: /home/mitchell/KITTI/data_odometry_gray/dataset/sequences/00/
2020/03/08 15:45:38 196711	DEBUG [main.cpp->main:53]	Calibration Filepath: /home/mitchell/visual_odom_ws/src/visual_odom/calibration/old/zed.yaml
2020/03/08 15:45:38 196788	INFO [main.cpp->main:67]	P_left: 
[718.85602, 0, 607.19281, 0;
 0, 718.85602, 185.2157, 0;
 0, 0, 1, 0]
2020/03/08 15:45:38 196795	INFO [main.cpp->main:68]	P_right: 
[718.85602, 0, 607.19281, -386.14481;
 0, 718.85602, 185.2157, 0;
 0, 0, 1, 0]
2020/03/08 15:45:38 259345	INFO [input.cpp->Input:22]	frame_pose [1, 0, 0, 0;
 0, 1, 0, 0;
 0, 0, 1, 0;
 0, 0, 0, 1]
2020/03/08 15:45:38 559510	INFO [input.cpp->run:173]	
frame_id 1
2020/03/08 15:45:38 620236	WARNING [visualOdometry.cpp->trackingFrame2Frame:179]	The Estimated Rotation and translation matrices(using getTransformation function) are : 
    0.999988   0.00452494  -0.00197572    0.0156981
 -0.00452677     0.999989 -0.000920184    0.0107845
   0.0019715  0.000929114     0.999997  -0.00555038
           0            0            0            1
2020/03/08 15:45:38 648640	INFO [input.cpp->run:235]	rotation: 
[0.999987781047821, 0.004524944815784693, -0.001975715160369873;
 -0.004526768811047077, 0.9999894499778748, -0.0009201836073771119;
 0.001971498131752014, 0.0009291137685067952, 0.9999974370002747]
2020/03/08 15:45:38 648684	INFO [input.cpp->run:256]	frame times (ms): 112.635
2020/03/08 15:45:38 648687	INFO [input.cpp->run:257]	FPS: 8.87823
2020/03/08 15:45:38 662960	INFO [input.cpp->run:173]	
frame_id 2
2020/03/08 15:45:38 687572	WARNING [visualOdometry.cpp->trackingFrame2Frame:179]	The Estimated Rotation and translation matrices(using getTransformation function) are : 
    0.999991 -7.71834e-07   0.00415503   -0.0252864
-3.69721e-05     0.999959   0.00908421   -0.0489635
 -0.00415487  -0.00908429      0.99995    0.0356841
           0            0            0            1
2020/03/08 15:45:38 689646	INFO [input.cpp->run:235]	rotation: 
[0.9999911189079285, -7.718335837125778e-07, 0.004155032336711884;
 -3.697210922837257e-05, 0.9999587535858154, 0.009084210731089115;
 -0.004154868423938751, -0.009084285236895084, 0.9999499917030334]
2020/03/08 15:45:38 689676	INFO [input.cpp->run:256]	frame times (ms): 44.48
2020/03/08 15:45:38 689679	INFO [input.cpp->run:257]	FPS: 22.482
2020/03/08 15:45:38 693086	INFO [input.cpp->run:173]	
frame_id 3
2020/03/08 15:45:38 715395	WARNING [visualOdometry.cpp->trackingFrame2Frame:179]	The Estimated Rotation and translation matrices(using getTransformation function) are : 
    0.999995   0.00193994   0.00233661    -0.014653
 -0.00193265     0.999993  -0.00312425    0.0270735
 -0.00234266   0.00311972     0.999992 -0.000605583
           0            0            0            1
2020/03/08 15:45:38 717248	INFO [input.cpp->run:235]	rotation: 
[0.9999951720237732, 0.001939937472343445, 0.002336613833904266;
 -0.001932650804519653, 0.9999930262565613, -0.003124246373772621;
 -0.002342656254768372, 0.003119722008705139, 0.9999922513961792]
2020/03/08 15:45:38 717281	INFO [input.cpp->run:256]	frame times (ms): 39.976
2020/03/08 15:45:38 717283	INFO [input.cpp->run:257]	FPS: 25.015
2020/03/08 15:45:38 751029	INFO [input.cpp->run:173]	
frame_id 4
2020/03/08 15:45:38 772472	WARNING [visualOdometry.cpp->trackingFrame2Frame:179]	The Estimated Rotation and translation matrices(using getTransformation function) are : 
    0.999975  -0.00089249   0.00704768   -0.0711994
 0.000899132     0.999999 -0.000939645   0.00871456
 -0.00704686   0.00094594     0.999975   0.00895929
           0            0            0            1
2020/03/08 15:45:38 773706	INFO [input.cpp->run:235]	rotation: 
[0.9999748468399048, -0.0008924901485443115, 0.007047683000564575;
 0.0008991323411464691, 0.9999992251396179, -0.0009396446403115988;
 -0.007046855986118317, 0.0009459401480853558, 0.9999748468399048]
2020/03/08 15:45:38 773733	INFO [input.cpp->run:256]	frame times (ms): 39.713
2020/03/08 15:45:38 773736	INFO [input.cpp->run:257]	FPS: 25.1807
2020/03/08 15:45:38 817932	INFO [input.cpp->run:173]	
frame_id 5
2020/03/08 15:45:38 839190	WARNING [visualOdometry.cpp->trackingFrame2Frame:179]	The Estimated Rotation and translation matrices(using getTransformation function) are : 
    0.999979 -0.000269089   0.00650191   -0.0799384
  0.00020742     0.999955   0.00948444   -0.0552735
 -0.00650417  -0.00948285     0.999934    0.0222135
           0            0            0            1
2020/03/08 15:45:38 841170	INFO [input.cpp->run:235]	rotation: 
[0.9999790787696838, -0.0002690888941287994, 0.006501906551420689;
 0.0002074204385280609, 0.9999550580978394, 0.009484443813562393;
 -0.00650416873395443, -0.009482847526669502, 0.9999340772628784]
2020/03/08 15:45:38 841192	INFO [input.cpp->run:256]	frame times (ms): 40.279
2020/03/08 15:45:38 841194	INFO [input.cpp->run:257]	FPS: 24.8268
2020/03/08 15:45:38 884811	INFO [input.cpp->run:173]	
frame_id 6
2020/03/08 15:45:38 909039	WARNING [visualOdometry.cpp->trackingFrame2Frame:179]	The Estimated Rotation and translation matrices(using getTransformation function) are : 
   0.999982  0.00580944  0.00144844  -0.0249581
-0.00580555     0.99998 -0.00267626    0.022478
-0.00146399   0.0026678    0.999995 0.000794888
          0           0           0           1
2020/03/08 15:45:38 911165	INFO [input.cpp->run:235]	rotation: 
[0.9999821782112122, 0.005809441208839417, 0.001448441296815872;
 -0.005805552005767822, 0.9999796152114868, -0.002676264382898808;
 -0.001463990658521652, 0.002667797729372978, 0.9999951124191284]
2020/03/08 15:45:38 911196	INFO [input.cpp->run:256]	frame times (ms): 47.178
2020/03/08 15:45:38 911198	INFO [input.cpp->run:257]	FPS: 21.1963
2020/03/08 15:45:38 951123	INFO [input.cpp->run:173]	
frame_id 7
2020/03/08 15:45:38 971812	WARNING [visualOdometry.cpp->trackingFrame2Frame:179]	The Estimated Rotation and translation matrices(using getTransformation function) are : 
   0.999942  0.00189307  -0.0106244   0.0726709
-0.00223547    0.999475   -0.032309    0.170951
  0.0105576   0.0323308    0.999421  -0.0932975
          0           0           0           1
2020/03/08 15:45:38 973016	INFO [input.cpp->run:235]	rotation: 
[0.9999418258666992, 0.001893068663775921, -0.01062437891960144;
 -0.002235467545688152, 0.9994754195213318, -0.03230895474553108;
 0.01055759936571121, 0.03233081847429276, 0.9994212985038757]
2020/03/08 15:45:38 973044	INFO [input.cpp->run:256]	frame times (ms): 39.615
2020/03/08 15:45:38 973046	INFO [input.cpp->run:257]	FPS: 25.243
2020/03/08 15:45:39 017910	INFO [input.cpp->run:173]	
frame_id 8
2020/03/08 15:45:39 049239	WARNING [visualOdometry.cpp->trackingFrame2Frame:179]	The Estimated Rotation and translation matrices(using getTransformation function) are : 
    0.999997 -0.000768295  -0.00229764    0.0286151
 0.000768051            1 -0.000106242  -0.00278711
  0.00229771  0.000104451     0.999997  -0.00610781
           0            0            0            1
2020/03/08 15:45:39 052037	INFO [input.cpp->run:235]	rotation: 
[0.9999973177909851, -0.0007682947907596827, -0.002297639846801758;
 0.0007680510170757771, 0.9999998211860657, -0.0001062418305082247;
 0.00229770690202713, 0.0001044512900989503, 0.9999973773956299]
2020/03/08 15:45:39 052071	INFO [input.cpp->run:256]	frame times (ms): 60.85
2020/03/08 15:45:39 052075	INFO [input.cpp->run:257]	FPS: 16.4339
2020/03/08 15:45:39 084016	INFO [input.cpp->run:173]	
frame_id 9
2020/03/08 15:45:39 106077	WARNING [visualOdometry.cpp->trackingFrame2Frame:179]	The Estimated Rotation and translation matrices(using getTransformation function) are : 
           1  1.51098e-05 -0.000834154    0.0147157
-1.75983e-05     0.999996  -0.00294809    0.0142379
 0.000834102   0.00294805     0.999995  -0.00929499
           0            0            0            1
2020/03/08 15:45:39 107381	INFO [input.cpp->run:235]	rotation: 
[0.9999996423721313, 1.510977745056152e-05, -0.0008341539651155472;
 -1.759827136993408e-05, 0.9999957680702209, -0.00294808647595346;
 0.0008341018110513687, 0.002948048524558544, 0.9999954104423523]
2020/03/08 15:45:39 107411	INFO [input.cpp->run:256]	frame times (ms): 42.452
2020/03/08 15:45:39 107414	INFO [input.cpp->run:257]	FPS: 23.556
2020/03/08 15:45:39 151106	INFO [input.cpp->run:173]	
frame_id 10
2020/03/08 15:45:39 182660	WARNING [visualOdometry.cpp->trackingFrame2Frame:179]	The Estimated Rotation and translation matrices(using getTransformation function) are : 
           1 -0.000826506 -2.34768e-05   0.00308204
 0.000826601     0.999986   0.00513086   -0.0338427
 1.91852e-05  -0.00513086     0.999987   0.00921726
           0            0            0            1
2020/03/08 15:45:39 184369	INFO [input.cpp->run:235]	rotation: 
[0.9999998807907104, -0.0008265059441328049, -2.347677946090698e-05;
 0.0008266009390354156, 0.9999864101409912, 0.005130861885845661;
 1.918524503707886e-05, -0.005130861885845661, 0.9999869465827942]
2020/03/08 15:45:39 184402	INFO [input.cpp->run:256]	frame times (ms): 58.079
2020/03/08 15:45:39 184405	INFO [input.cpp->run:257]	FPS: 17.2179
2020/03/08 15:45:39 217238	INFO [input.cpp->run:173]	
frame_id 11
2020/03/08 15:45:39 238389	WARNING [visualOdometry.cpp->trackingFrame2Frame:179]	The Estimated Rotation and translation matrices(using getTransformation function) are : 
   0.999999  0.00103808  0.00130991 -0.00735354
-0.00104208    0.999995  0.00306256  -0.0181011
-0.00130673 -0.00306389    0.999994   0.0106611
          0           0           0           1
2020/03/08 15:45:39 240462	INFO [input.cpp->run:235]	rotation: 
[0.9999987483024597, 0.0010380819439888, 0.001309905201196671;
 -0.001042082905769348, 0.9999949336051941, 0.003062564181163907;
 -0.001306734979152679, -0.003063887823373079, 0.9999943971633911]
2020/03/08 15:45:39 240485	INFO [input.cpp->run:256]	frame times (ms): 41.458
2020/03/08 15:45:39 240487	INFO [input.cpp->run:257]	FPS: 24.1208
2020/03/08 15:45:39 284292	INFO [input.cpp->run:173]	
frame_id 12
2020/03/08 15:45:39 309286	WARNING [visualOdometry.cpp->trackingFrame2Frame:179]	The Estimated Rotation and translation matrices(using getTransformation function) are : 
    0.999991   0.00261404   0.00353775   -0.0214136
 -0.00261148     0.999997 -0.000716913   0.00996041
 -0.00353965   0.00070765     0.999993   0.00782824
           0            0            0            1
2020/03/08 15:45:39 311675	INFO [input.cpp->run:235]	rotation: 
[0.9999906420707703, 0.002614036202430725, 0.003537751734256744;
 -0.00261148065328598, 0.999996542930603, -0.0007169134914875031;
 -0.00353965163230896, 0.0007076496258378029, 0.9999934434890747]
2020/03/08 15:45:39 311705	INFO [input.cpp->run:256]	frame times (ms): 47.105
2020/03/08 15:45:39 311707	INFO [input.cpp->run:257]	FPS: 21.2292
2020/03/08 15:45:39 350769	INFO [input.cpp->run:173]	
frame_id 13
2020/03/08 15:45:39 374480	WARNING [visualOdometry.cpp->trackingFrame2Frame:179]	The Estimated Rotation and translation matrices(using getTransformation function) are : 
    0.999998   0.00155225 -0.000842754   0.00980759
  -0.0015605      0.99995  -0.00987658    0.0596048
 0.000827391   0.00987788     0.999951   -0.0229282
           0            0            0            1
2020/03/08 15:45:39 375863	INFO [input.cpp->run:235]	rotation: 
[0.9999982714653015, 0.00155225396156311, -0.0008427537977695465;
 -0.001560501754283905, 0.9999498724937439, -0.00987657718360424;
 0.0008273907005786896, 0.009877877309918404, 0.9999510049819946]
2020/03/08 15:45:39 375889	INFO [input.cpp->run:256]	frame times (ms): 44.934
2020/03/08 15:45:39 375891	INFO [input.cpp->run:257]	FPS: 22.2549
2020/03/08 15:45:39 417771	INFO [input.cpp->run:173]	
frame_id 14
2020/03/08 15:45:39 451454	WARNING [visualOdometry.cpp->trackingFrame2Frame:179]	The Estimated Rotation and translation matrices(using getTransformation function) are : 
   0.999997 -0.00102602 -0.00234073  0.00887692
  0.0010093    0.999974 -0.00713292   0.0385228
   0.002348  0.00713054    0.999972  -0.0223093
          0           0           0           1
2020/03/08 15:45:39 454213	INFO [input.cpp->run:235]	rotation: 
[0.9999966621398926, -0.001026020850986242, -0.002340726554393768;
 0.001009301282465458, 0.9999741315841675, -0.007132919505238533;
 0.002347998321056366, 0.007130540441721678, 0.9999718070030212]
2020/03/08 15:45:39 454238	INFO [input.cpp->run:256]	frame times (ms): 64.123
2020/03/08 15:45:39 454240	INFO [input.cpp->run:257]	FPS: 15.595
2020/03/08 15:45:39 484124	INFO [input.cpp->run:173]	
frame_id 15
2020/03/08 15:45:39 507960	WARNING [visualOdometry.cpp->trackingFrame2Frame:179]	The Estimated Rotation and translation matrices(using getTransformation function) are : 
    0.999997  4.44129e-05   0.00257019   -0.0182629
-3.63439e-05     0.999995  -0.00313902     0.019268
 -0.00257031   0.00313885     0.999992  -0.00345564
           0            0            0            1
2020/03/08 15:45:39 510248	INFO [input.cpp->run:235]	rotation: 
[0.9999966025352478, 4.441291093826294e-05, 0.002570193260908127;
 -3.634393215179443e-05, 0.9999949336051941, -0.003139022039249539;
 -0.002570310607552528, 0.003138851374387741, 0.9999918341636658]
2020/03/08 15:45:39 510276	INFO [input.cpp->run:256]	frame times (ms): 46.377
2020/03/08 15:45:39 510279	INFO [input.cpp->run:257]	FPS: 21.5624
2020/03/08 15:45:39 550829	INFO [input.cpp->run:173]	
frame_id 16
2020/03/08 15:45:39 575340	WARNING [visualOdometry.cpp->trackingFrame2Frame:179]	The Estimated Rotation and translation matrices(using getTransformation function) are : 
    0.999999  0.000995055 -0.000593793   0.00909019
-0.000997066     0.999994  -0.00338841    0.0243554
 0.000590425   0.00338898     0.999994  -0.00329113
           0            0            0            1
2020/03/08 15:45:39 577474	INFO [input.cpp->run:235]	rotation: 
[0.9999992847442627, 0.0009950548410415649, -0.0005937926471233368;
 -0.0009970664978027344, 0.9999936819076538, -0.003388406243175268;
 0.0005904249846935272, 0.0033889792393893, 0.9999940991401672]
2020/03/08 15:45:39 577500	INFO [input.cpp->run:256]	frame times (ms): 46.801
2020/03/08 15:45:39 577504	INFO [input.cpp->run:257]	FPS: 21.3671
2020/03/08 15:45:39 617429	INFO [input.cpp->run:173]	
frame_id 17
2020/03/08 15:45:39 643398	WARNING [visualOdometry.cpp->trackingFrame2Frame:179]	The Estimated Rotation and translation matrices(using getTransformation function) are : 
   0.999997 -0.00117889 -0.00231552   0.0344787
 0.00112393    0.999721  -0.0235941    0.136945
 0.00234266   0.0235914    0.999719    -0.12662
          0           0           0           1
2020/03/08 15:45:39 644758	INFO [input.cpp->run:235]	rotation: 
[0.9999967813491821, -0.001178894191980362, -0.002315521240234375;
 0.001123934984207153, 0.9997212290763855, -0.02359406650066376;
 0.002342656254768372, 0.02359136939048767, 0.9997190237045288]
2020/03/08 15:45:39 644786	INFO [input.cpp->run:256]	frame times (ms): 49.398
2020/03/08 15:45:39 644788	INFO [input.cpp->run:257]	FPS: 20.2437
2020/03/08 15:45:39 684203	INFO [input.cpp->run:173]	
frame_id 18
2020/03/08 15:45:39 708681	WARNING [visualOdometry.cpp->trackingFrame2Frame:179]	The Estimated Rotation and translation matrices(using getTransformation function) are : 
    0.999998  5.60284e-06  -0.00193091    0.0240752
-8.28505e-06     0.999999  -0.00142594   0.00602007
  0.00193089   0.00142595     0.999997  -0.00904799
           0            0            0            1
2020/03/08 15:45:39 710099	INFO [input.cpp->run:235]	rotation: 
[0.9999982714653015, 5.602836608886719e-06, -0.00193091481924057;
 -8.285045623779297e-06, 0.9999988675117493, -0.001425940543413162;
 0.001930885016918182, 0.001425947993993759, 0.9999971389770508]
2020/03/08 15:45:39 710126	INFO [input.cpp->run:256]	frame times (ms): 47.018
2020/03/08 15:45:39 710128	INFO [input.cpp->run:257]	FPS: 21.2684
2020/03/08 15:45:39 751332	INFO [input.cpp->run:173]	
frame_id 19
2020/03/08 15:45:39 779682	WARNING [visualOdometry.cpp->trackingFrame2Frame:179]	The Estimated Rotation and translation matrices(using getTransformation function) are : 
   0.999993  0.00147057 -0.00342645   0.0292737
-0.00148205    0.999993 -0.00334695    0.020641
 0.00342151  0.00335201    0.999988  -0.0162544
          0           0           0           1
2020/03/08 15:45:39 781591	INFO [input.cpp->run:235]	rotation: 
[0.9999930262565613, 0.001470573246479034, -0.003426454961299896;
 -0.001482047140598297, 0.9999933242797852, -0.003346952376887202;
 0.003421507775783539, 0.003352007828652859, 0.9999884366989136]
2020/03/08 15:45:39 781625	INFO [input.cpp->run:256]	frame times (ms): 54.333
2020/03/08 15:45:39 781629	INFO [input.cpp->run:257]	FPS: 18.405
2020/03/08 15:45:39 817869	INFO [input.cpp->run:173]	
frame_id 20
2020/03/08 15:45:39 846301	WARNING [visualOdometry.cpp->trackingFrame2Frame:179]	The Estimated Rotation and translation matrices(using getTransformation function) are : 
   0.999983  0.00387596 -0.00429455   0.0388198
-0.00394981    0.999842  -0.0173226     0.11388
 0.00422671   0.0173393     0.99984  -0.0461674
          0           0           0           1
2020/03/08 15:45:39 848505	INFO [input.cpp->run:235]	rotation: 
[0.9999831914901733, 0.003875961527228355, -0.004294551908969879;
 -0.003949809819459915, 0.9998420476913452, -0.01732260547578335;
 0.004226706922054291, 0.01733927987515926, 0.9998404979705811]
2020/03/08 15:45:39 848532	INFO [input.cpp->run:256]	frame times (ms): 52.593
2020/03/08 15:45:39 848534	INFO [input.cpp->run:257]	FPS: 19.0139
2020/03/08 15:45:39 884003	INFO [input.cpp->run:173]	
frame_id 21
2020/03/08 15:45:39 904708	WARNING [visualOdometry.cpp->trackingFrame2Frame:179]	The Estimated Rotation and translation matrices(using getTransformation function) are : 
    0.999997    0.0018119  -0.00172944    0.0267103
 -0.00181334     0.999998 -0.000834256    0.0295665
  0.00172791  0.000837392     0.999998   0.00247717
           0            0            0            1
2020/03/08 15:45:39 906874	INFO [input.cpp->run:235]	rotation: 
[0.9999969005584717, 0.001811901107430458, -0.001729443669319153;
 -0.001813340932130814, 0.9999979138374329, -0.000834256352391094;
 0.001727908849716187, 0.0008373919408768415, 0.9999980330467224]
2020/03/08 15:45:39 906898	INFO [input.cpp->run:256]	frame times (ms): 40.935
2020/03/08 15:45:39 906902	INFO [input.cpp->run:257]	FPS: 24.429
2020/03/08 15:45:39 950859	INFO [input.cpp->run:173]	
frame_id 22
2020/03/08 15:45:39 977340	WARNING [visualOdometry.cpp->trackingFrame2Frame:179]	The Estimated Rotation and translation matrices(using getTransformation function) are : 
    0.999996  -0.00123079   0.00240451 -1.43051e-06
  0.00124195     0.999989  -0.00464476    0.0352948
 -0.00239873    0.0046477     0.999986   -0.0291924
           0            0            0            1
2020/03/08 15:45:39 978833	INFO [input.cpp->run:235]	rotation: 
[0.9999963045120239, -0.001230786088854074, 0.002404510974884033;
 0.00124194985255599, 0.9999885559082031, -0.004644761793315411;
 -0.00239872932434082, 0.004647700116038322, 0.9999863505363464]
2020/03/08 15:45:39 978859	INFO [input.cpp->run:256]	frame times (ms): 50.852
2020/03/08 15:45:39 978862	INFO [input.cpp->run:257]	FPS: 19.6649
2020/03/08 15:45:40 017438	INFO [input.cpp->run:173]	
frame_id 23
2020/03/08 15:45:40 040638	WARNING [visualOdometry.cpp->trackingFrame2Frame:179]	The Estimated Rotation and translation matrices(using getTransformation function) are : 
    0.999998   0.00197224  0.000432059  -0.00190747
 -0.00197258     0.999998  0.000675736   0.00725496
-0.000430703 -0.000676597            1   0.00533295
           0            0            0            1
2020/03/08 15:45:40 042640	INFO [input.cpp->run:235]	rotation: 
[0.9999980926513672, 0.001972243189811707, 0.0004320591688156128;
 -0.001972578465938568, 0.9999977350234985, 0.0006757359951734543;
 -0.0004307031631469727, -0.000676596537232399, 0.9999997019767761]
2020/03/08 15:45:40 042667	INFO [input.cpp->run:256]	frame times (ms): 43.7
2020/03/08 15:45:40 042669	INFO [input.cpp->run:257]	FPS: 22.8833
2020/03/08 15:45:40 084343	INFO [input.cpp->run:173]	
frame_id 24
2020/03/08 15:45:40 110879	WARNING [visualOdometry.cpp->trackingFrame2Frame:179]	The Estimated Rotation and translation matrices(using getTransformation function) are : 
           1  0.000148908    0.0012199   -0.0125415
-0.000154576      0.99999   0.00465194   -0.0309384
 -0.00121915  -0.00465204     0.999989    0.0118933
           0            0            0            1
2020/03/08 15:45:40 113593	INFO [input.cpp->run:235]	rotation: 
[0.9999997615814209, 0.0001489082351326942, 0.001219898462295532;
 -0.0001545757986605167, 0.9999897480010986, 0.004651941824704409;
 -0.001219145953655243, -0.004652044735848904, 0.999988853931427]
2020/03/08 15:45:40 113622	INFO [input.cpp->run:256]	frame times (ms): 51.735
2020/03/08 15:45:40 113625	INFO [input.cpp->run:257]	FPS: 19.3293
2020/03/08 15:45:40 150699	INFO [input.cpp->run:173]	
frame_id 25
2020/03/08 15:45:40 174272	WARNING [visualOdometry.cpp->trackingFrame2Frame:179]	The Estimated Rotation and translation matrices(using getTransformation function) are : 
    0.999997  -0.00172982   0.00189653   -0.0135385
  0.00172834     0.999998   0.00077074   -0.0105233
 -0.00189787 -0.000767585     0.999998   0.00265169
           0            0            0            1
2020/03/08 15:45:40 176675	INFO [input.cpp->run:235]	rotation: 
[0.9999968409538269, -0.001729816198348999, 0.001896530389785767;
 0.001728340983390808, 0.9999983310699463, 0.0007707402110099792;
 -0.001897871494293213, -0.000767584890127182, 0.9999980926513672]
2020/03/08 15:45:40 176698	INFO [input.cpp->run:256]	frame times (ms): 44.646
2020/03/08 15:45:40 176700	INFO [input.cpp->run:257]	FPS: 22.3984
2020/03/08 15:45:40 217605	INFO [input.cpp->run:173]	
frame_id 26
2020/03/08 15:45:40 245799	WARNING [visualOdometry.cpp->trackingFrame2Frame:179]	The Estimated Rotation and translation matrices(using getTransformation function) are : 
    0.999999 -0.000229004  -0.00156552    0.0152099
 0.000243085     0.999959   0.00901569   -0.0441432
  0.00156325  -0.00901606     0.999958    0.0889602
           0            0            0            1
2020/03/08 15:45:40 247557	INFO [input.cpp->run:235]	rotation: 
[0.9999988675117493, -0.0002290044212713838, -0.001565515995025635;
 0.0002430846216157079, 0.9999593496322632, 0.009015686810016632;
 0.00156325101852417, -0.009016063064336777, 0.9999582767486572]
2020/03/08 15:45:40 247590	INFO [input.cpp->run:256]	frame times (ms): 54.849
2020/03/08 15:45:40 247595	INFO [input.cpp->run:257]	FPS: 18.2319
2020/03/08 15:45:40 284310	INFO [input.cpp->run:173]	
frame_id 27
2020/03/08 15:45:40 310992	WARNING [visualOdometry.cpp->trackingFrame2Frame:179]	The Estimated Rotation and translation matrices(using getTransformation function) are : 
   0.999998  -0.0015351 -0.00150608   0.0090065
 0.00153323    0.999998  -0.0011385  0.00348115
 0.00150774  0.00113621    0.999998  -0.0061903
          0           0           0           1
2020/03/08 15:45:40 312392	INFO [input.cpp->run:235]	rotation: 
[0.9999980926513672, -0.001535102725028992, -0.001506075263023376;
 0.001533225178718567, 0.9999982118606567, -0.00113849900662899;
 0.001507744193077087, 0.001136207953095436, 0.9999982118606567]
2020/03/08 15:45:40 312420	INFO [input.cpp->run:256]	frame times (ms): 50.301
2020/03/08 15:45:40 312422	INFO [input.cpp->run:257]	FPS: 19.8803
2020/03/08 15:45:40 350925	INFO [input.cpp->run:173]	
frame_id 28
2020/03/08 15:45:40 377227	WARNING [visualOdometry.cpp->trackingFrame2Frame:179]	The Estimated Rotation and translation matrices(using getTransformation function) are : 
    0.999998  -0.00104122  -0.00133914     0.018558
  0.00104132            1  8.48048e-05  -0.00368738
  0.00133905 -8.62593e-05     0.999999  0.000342846
           0            0            0            1
2020/03/08 15:45:40 379815	INFO [input.cpp->run:235]	rotation: 
[0.9999984502792358, -0.001041222363710403, -0.001339135691523552;
 0.001041315495967865, 0.9999995827674866, 8.480483666062355e-05;
 0.001339048147201538, -8.625932969152927e-05, 0.9999993443489075]
2020/03/08 15:45:40 379846	INFO [input.cpp->run:256]	frame times (ms): 50.872
2020/03/08 15:45:40 379850	INFO [input.cpp->run:257]	FPS: 19.6572
2020/03/08 15:45:40 417562	INFO [input.cpp->run:173]	
frame_id 29
2020/03/08 15:45:40 444267	WARNING [visualOdometry.cpp->trackingFrame2Frame:179]	The Estimated Rotation and translation matrices(using getTransformation function) are : 
    0.999999  0.000186272   0.00156212   -0.0106709
-0.000188142     0.999999   0.00117022   -0.0101931
 -0.00156194  -0.00117056     0.999998  0.000130177
           0            0            0            1
2020/03/08 15:45:40 446637	INFO [input.cpp->run:235]	rotation: 
[0.9999988079071045, 0.0001862719655036926, 0.001562118530273438;
 -0.0001881420612335205, 0.9999993443489075, 0.001170219853520393;
 -0.001561939716339111, -0.001170560717582703, 0.9999980926513672]
2020/03/08 15:45:40 446666	INFO [input.cpp->run:256]	frame times (ms): 52.126
2020/03/08 15:45:40 446669	INFO [input.cpp->run:257]	FPS: 19.1843
2020/03/08 15:45:40 484060	INFO [input.cpp->run:173]	
frame_id 30
2020/03/08 15:45:40 506204	WARNING [visualOdometry.cpp->trackingFrame2Frame:179]	The Estimated Rotation and translation matrices(using getTransformation function) are : 
           1  0.000710152 -0.000864655   0.00516069
-0.000710985     0.999999 -0.000963625    0.0102171
 0.000863761  0.000964239     0.999999   -0.0039506
           0            0            0            1
2020/03/08 15:45:40 508218	INFO [input.cpp->run:235]	rotation: 
[0.9999996423721313, 0.0007101520895957947, -0.0008646547794342041;
 -0.0007109846919775009, 0.9999994039535522, -0.0009636245667934418;
 0.0008637607097625732, 0.000964239239692688, 0.9999992847442627]
2020/03/08 15:45:40 508241	INFO [input.cpp->run:256]	frame times (ms): 42.809
2020/03/08 15:45:40 508243	INFO [input.cpp->run:257]	FPS: 23.3596
2020/03/08 15:45:40 551460	INFO [input.cpp->run:173]	
frame_id 31
2020/03/08 15:45:40 580413	WARNING [visualOdometry.cpp->trackingFrame2Frame:179]	The Estimated Rotation and translation matrices(using getTransformation function) are : 
   0.999945 -0.00430529  0.00954694   0.0807397
 0.00414843    0.999857   0.0163895   -0.128053
-0.00961626   -0.016349     0.99982    0.428593
          0           0           0           1
2020/03/08 15:45:40 581940	INFO [input.cpp->run:235]	rotation: 
[0.9999454021453857, -0.004305288195610046, 0.009546935558319092;
 0.004148425534367561, 0.9998571872711182, 0.01638951897621155;
 -0.009616255760192871, -0.01634901016950607, 0.9998200535774231]
2020/03/08 15:45:40 581970	INFO [input.cpp->run:256]	frame times (ms): 54.042
2020/03/08 15:45:40 581973	INFO [input.cpp->run:257]	FPS: 18.5041
2020/03/08 15:45:40 617482	INFO [input.cpp->run:173]	
frame_id 32
2020/03/08 15:45:40 639588	WARNING [visualOdometry.cpp->trackingFrame2Frame:179]	The Estimated Rotation and translation matrices(using getTransformation function) are : 
           1  0.000192463 -0.000600398   0.00486696
 -0.00019303            1 -0.000992487   0.00913763
 0.000600196   0.00099261     0.999999  0.000383854
           0            0            0            1
2020/03/08 15:45:40 640858	INFO [input.cpp->run:235]	rotation: 
[0.9999997019767761, 0.0001924633979797363, -0.0006003975868225098;
 -0.0001930296421051025, 0.9999995231628418, -0.0009924871847033501;
 0.0006001964211463928, 0.0009926101192831993, 0.9999992251396179]
2020/03/08 15:45:40 640883	INFO [input.cpp->run:256]	frame times (ms): 41.225
2020/03/08 15:45:40 640885	INFO [input.cpp->run:257]	FPS: 24.2571
2020/03/08 15:45:40 684363	INFO [input.cpp->run:173]	
frame_id 33
2020/03/08 15:45:40 710583	WARNING [visualOdometry.cpp->trackingFrame2Frame:179]	The Estimated Rotation and translation matrices(using getTransformation function) are : 
           1 -1.46627e-05  0.000825107   -0.0046165
 1.30087e-05     0.999998   0.00184264  -0.00998139
-0.000825197  -0.00184264     0.999998   0.00697756
           0            0            0            1
2020/03/08 15:45:40 713298	INFO [input.cpp->run:235]	rotation: 
[0.9999999403953552, -1.466274261474609e-05, 0.0008251070976257324;
 1.3008713722229e-05, 0.9999982118606567, 0.001842638477683067;
 -0.0008251965045928955, -0.001842636615037918, 0.9999978542327881]
2020/03/08 15:45:40 713339	INFO [input.cpp->run:256]	frame times (ms): 50.814
2020/03/08 15:45:40 713341	INFO [input.cpp->run:257]	FPS: 19.6796
2020/03/08 15:45:40 750674	INFO [input.cpp->run:173]	
frame_id 34
2020/03/08 15:45:40 773835	WARNING [visualOdometry.cpp->trackingFrame2Frame:179]	The Estimated Rotation and translation matrices(using getTransformation function) are : 
           1 -0.000292718 -0.000775628   0.00660503
 0.000293463            1   0.00106978  -0.00882041
 0.000775293  -0.00107003     0.999999 -0.000448227
           0            0            0            1
2020/03/08 15:45:40 776288	INFO [input.cpp->run:235]	rotation: 
[0.9999999403953552, -0.0002927184104919434, -0.0007756277918815613;
 0.0002934634685516357, 0.9999995231628418, 0.001069782301783562;
 0.0007752925157546997, -0.001070033758878708, 0.9999994039535522]
2020/03/08 15:45:40 776315	INFO [input.cpp->run:256]	frame times (ms): 44.49
2020/03/08 15:45:40 776318	INFO [input.cpp->run:257]	FPS: 22.477
2020/03/08 15:45:40 817459	INFO [input.cpp->run:173]	
frame_id 35
2020/03/08 15:45:40 844151	WARNING [visualOdometry.cpp->trackingFrame2Frame:179]	The Estimated Rotation and translation matrices(using getTransformation function) are : 
    0.999999 -0.000566572  -0.00111935    0.0154901
 0.000567451            1   0.00078718  -0.00404072
  0.00111887 -0.000787843     0.999999   0.00666189
           0            0            0            1
2020/03/08 15:45:40 846385	INFO [input.cpp->run:235]	rotation: 
[0.9999992251396179, -0.0005665719509124756, -0.001119345426559448;
 0.0005674511194229126, 0.9999996423721313, 0.0007871799170970917;
 0.001118868589401245, -0.0007878430187702179, 0.9999989867210388]
2020/03/08 15:45:40 846414	INFO [input.cpp->run:256]	frame times (ms): 51.256
2020/03/08 15:45:40 846417	INFO [input.cpp->run:257]	FPS: 19.5099
2020/03/08 15:45:40 884206	INFO [input.cpp->run:173]	
frame_id 36
2020/03/08 15:45:40 908559	WARNING [visualOdometry.cpp->trackingFrame2Frame:179]	The Estimated Rotation and translation matrices(using getTransformation function) are : 
    0.999927 -3.03285e-05   -0.0121265     0.182938
 9.26135e-05     0.999987    0.0051349   -0.0416255
   0.0121262  -0.00513565     0.999913     0.438102
           0            0            0            1
2020/03/08 15:45:40 910628	INFO [input.cpp->run:235]	rotation: 
[0.9999265670776367, -3.032851964235306e-05, -0.01212647557258606;
 9.261351078748703e-05, 0.9999870657920837, 0.00513489730656147;
 0.01212620735168457, -0.00513564795255661, 0.9999133348464966]
2020/03/08 15:45:40 910653	INFO [input.cpp->run:256]	frame times (ms): 46.464
2020/03/08 15:45:40 910655	INFO [input.cpp->run:257]	FPS: 21.522
2020/03/08 15:45:40 950885	INFO [input.cpp->run:173]	
frame_id 37
2020/03/08 15:45:40 975192	WARNING [visualOdometry.cpp->trackingFrame2Frame:179]	The Estimated Rotation and translation matrices(using getTransformation function) are : 
    0.999997 -0.000146523  -0.00265034    0.0184381
  0.00015147     0.999998   0.00184212  -0.00788474
  0.00265012  -0.00184251     0.999995    0.0135593
           0            0            0            1
2020/03/08 15:45:40 977274	INFO [input.cpp->run:235]	rotation: 
[0.9999967813491821, -0.000146523118019104, -0.002650335431098938;
 0.0001514703035354614, 0.9999983906745911, 0.001842115074396133;
 0.002650119364261627, -0.00184250995516777, 0.9999948740005493]
2020/03/08 15:45:40 977298	INFO [input.cpp->run:256]	frame times (ms): 45.975
2020/03/08 15:45:40 977302	INFO [input.cpp->run:257]	FPS: 21.751
2020/03/08 15:45:41 017411	INFO [input.cpp->run:173]	
frame_id 38
2020/03/08 15:45:41 041362	WARNING [visualOdometry.cpp->trackingFrame2Frame:179]	The Estimated Rotation and translation matrices(using getTransformation function) are : 
    0.999996 -0.000192761  -0.00299119     0.023006
 0.000190198            1 -0.000864292   0.00391567
  0.00299135  0.000863725     0.999995  -0.00438213
           0            0            0            1
2020/03/08 15:45:41 043486	INFO [input.cpp->run:235]	rotation: 
[0.9999957084655762, -0.0001927614212036133, -0.002991192042827606;
 0.0001901984214782715, 0.9999998807907104, -0.0008642915636301041;
 0.002991348505020142, 0.0008637253195047379, 0.9999951124191284]
2020/03/08 15:45:41 043511	INFO [input.cpp->run:256]	frame times (ms): 46.577
2020/03/08 15:45:41 043514	INFO [input.cpp->run:257]	FPS: 21.4698
2020/03/08 15:45:41 084267	INFO [input.cpp->run:173]	
frame_id 39
2020/03/08 15:45:41 108361	WARNING [visualOdometry.cpp->trackingFrame2Frame:179]	The Estimated Rotation and translation matrices(using getTransformation function) are : 
    0.999999 -0.000746459  0.000905879   0.00518918
 0.000747979     0.999998  -0.00167504   0.00597334
-0.000904627   0.00167573     0.999998   0.00744009
           0            0            0            1
2020/03/08 15:45:41 109806	INFO [input.cpp->run:235]	rotation: 
[0.9999992847442627, -0.0007464587688446045, 0.0009058788418769836;
 0.000747978687286377, 0.9999982714653015, -0.001675042323768139;
 -0.0009046271443367004, 0.001675729639828205, 0.999998152256012]
2020/03/08 15:45:41 109832	INFO [input.cpp->run:256]	frame times (ms): 45.914
2020/03/08 15:45:41 109835	INFO [input.cpp->run:257]	FPS: 21.7798
2020/03/08 15:45:41 151007	INFO [input.cpp->run:173]	
frame_id 40
2020/03/08 15:45:41 176055	WARNING [visualOdometry.cpp->trackingFrame2Frame:179]	The Estimated Rotation and translation matrices(using getTransformation function) are : 
    0.999897   0.00054415   -0.0143303    -0.123063
-0.000582024     0.999996  -0.00263609      0.18339
   0.0143288   0.00264417     0.999894     -3.29286
           0            0            0            1
2020/03/08 15:45:41 177443	INFO [input.cpp->run:235]	rotation: 
[0.999897301197052, 0.0005441501270979643, -0.01433032751083374;
 -0.0005820237565785646, 0.9999963641166687, -0.002636093646287918;
 0.01432883739471436, 0.002644173800945282, 0.9998939037322998]
2020/03/08 15:45:41 177472	INFO [input.cpp->run:256]	frame times (ms): 48.271
2020/03/08 15:45:41 177475	INFO [input.cpp->run:257]	FPS: 20.7164
2020/03/08 15:45:41 217457	INFO [input.cpp->run:173]	
frame_id 41
2020/03/08 15:45:41 243339	WARNING [visualOdometry.cpp->trackingFrame2Frame:179]	The Estimated Rotation and translation matrices(using getTransformation function) are : 
    0.999997   2.5183e-05   0.00229758  -0.00999749
-3.65674e-05     0.999988   0.00496382   -0.0267787
 -0.00229734  -0.00496389     0.999985    0.0249634
           0            0            0            1
2020/03/08 15:45:41 245705	INFO [input.cpp->run:235]	rotation: 
[0.9999973773956299, 2.518296241760254e-05, 0.002297580242156982;
 -3.656744956970215e-05, 0.9999878406524658, 0.004963815212249756;
 -0.002297341823577881, -0.004963885992765427, 0.9999850988388062]
2020/03/08 15:45:41 245730	INFO [input.cpp->run:256]	frame times (ms): 49.951
2020/03/08 15:45:41 245732	INFO [input.cpp->run:257]	FPS: 20.0196
2020/03/08 15:45:41 284428	INFO [input.cpp->run:173]	
frame_id 42
2020/03/08 15:45:41 308606	WARNING [visualOdometry.cpp->trackingFrame2Frame:179]	The Estimated Rotation and translation matrices(using getTransformation function) are : 
    0.999999  9.30643e-05 -0.000644967     0.003613
-9.59551e-05      0.99999  -0.00445334     0.028456
 0.000644624   0.00445331      0.99999   -0.0110927
           0            0            0            1
2020/03/08 15:45:41 309911	INFO [input.cpp->run:235]	rotation: 
[0.999999463558197, 9.306427091360092e-05, -0.0006449669599533081;
 -9.595509618520737e-05, 0.9999901652336121, -0.004453338216990232;
 0.0006446242332458496, 0.004453309345990419, 0.9999899864196777]
2020/03/08 15:45:41 309938	INFO [input.cpp->run:256]	frame times (ms): 45.686
2020/03/08 15:45:41 309941	INFO [input.cpp->run:257]	FPS: 21.8885
2020/03/08 15:45:41 351263	INFO [input.cpp->run:173]	
frame_id 43
2020/03/08 15:45:41 375440	WARNING [visualOdometry.cpp->trackingFrame2Frame:179]	The Estimated Rotation and translation matrices(using getTransformation function) are : 
   0.999965 -0.00164315  0.00816385    0.224655
  0.0016025    0.999986  0.00497989   -0.191252
-0.00817191 -0.00496665    0.999955     2.45237
          0           0           0           1
2020/03/08 15:45:41 377958	INFO [input.cpp->run:235]	rotation: 
[0.9999653697013855, -0.001643146388232708, 0.008163854479789734;
 0.001602502539753914, 0.9999862909317017, 0.004979886114597321;
 -0.008171908557415009, -0.004966653883457184, 0.9999545812606812]
2020/03/08 15:45:41 377989	INFO [input.cpp->run:256]	frame times (ms): 46.259
2020/03/08 15:45:41 377993	INFO [input.cpp->run:257]	FPS: 21.6174
2020/03/08 15:45:41 417843	INFO [input.cpp->run:173]	
frame_id 44
2020/03/08 15:45:41 445460	WARNING [visualOdometry.cpp->trackingFrame2Frame:179]	The Estimated Rotation and translation matrices(using getTransformation function) are : 
   0.999996  0.00206182  -0.0020442   0.0170479
-0.00206871    0.999992 -0.00337968   0.0251737
 0.00203708  0.00338387    0.999992  -0.0115776
          0           0           0           1
2020/03/08 15:45:41 446916	INFO [input.cpp->run:235]	rotation: 
[0.9999958872795105, 0.002061821520328522, -0.002044200897216797;
 -0.002068713307380676, 0.9999920129776001, -0.003379684174433351;
 0.002037078142166138, 0.003383872332051396, 0.9999921321868896]
2020/03/08 15:45:41 446945	INFO [input.cpp->run:256]	frame times (ms): 52.116
2020/03/08 15:45:41 446949	INFO [input.cpp->run:257]	FPS: 19.188
2020/03/08 15:45:41 484207	INFO [input.cpp->run:173]	
frame_id 45
2020/03/08 15:45:41 508716	WARNING [visualOdometry.cpp->trackingFrame2Frame:179]	The Estimated Rotation and translation matrices(using getTransformation function) are : 
   0.999994  0.00233206  0.00262828    -0.01212
 -0.0023147    0.999976 -0.00658525   0.0475061
 -0.0026436  0.00657911    0.999975  0.00058794
          0           0           0           1
2020/03/08 15:45:41 510067	INFO [input.cpp->run:235]	rotation: 
[0.9999943971633911, 0.002332056872546673, 0.002628281712532043;
 -0.002314699813723564, 0.999975860118866, -0.006585246417671442;
 -0.002643600106239319, 0.006579107604920864, 0.999975323677063]
2020/03/08 15:45:41 510095	INFO [input.cpp->run:256]	frame times (ms): 46.037
2020/03/08 15:45:41 510098	INFO [input.cpp->run:257]	FPS: 21.7217
2020/03/08 15:45:41 550924	INFO [input.cpp->run:173]	
frame_id 46
2020/03/08 15:45:41 575048	WARNING [visualOdometry.cpp->trackingFrame2Frame:179]	The Estimated Rotation and translation matrices(using getTransformation function) are : 
   0.999921 -0.00230719   0.0123225  -0.0506563
 0.00230706    0.999997   2.525e-05  0.00180972
 -0.0123225 3.13669e-06    0.999924   0.0731897
          0           0           0           1
2020/03/08 15:45:41 577173	INFO [input.cpp->run:235]	rotation: 
[0.9999213814735413, -0.002307189628481865, 0.01232250034809113;
 0.00230706250295043, 0.9999971985816956, 2.525001764297485e-05;
 -0.01232250779867172, 3.136694431304932e-06, 0.9999241828918457]
2020/03/08 15:45:41 577197	INFO [input.cpp->run:256]	frame times (ms): 46.613
2020/03/08 15:45:41 577199	INFO [input.cpp->run:257]	FPS: 21.4532
2020/03/08 15:45:41 617577	INFO [input.cpp->run:173]	
frame_id 47
2020/03/08 15:45:41 643862	WARNING [visualOdometry.cpp->trackingFrame2Frame:179]	The Estimated Rotation and translation matrices(using getTransformation function) are : 
    0.999999  0.000285745  -0.00130566   0.00939655
-0.000287354            1  -0.00121475   0.00958395
  0.00130529   0.00121533     0.999998  -0.00620699
           0            0            0            1
2020/03/08 15:45:41 646523	INFO [input.cpp->run:235]	rotation: 
[0.9999992251396179, 0.0002857446670532227, -0.001305664889514446;
 -0.0002873539924621582, 0.9999995827674866, -0.001214754302054644;
 0.001305294223129749, 0.001215327531099319, 0.9999984502792358]
2020/03/08 15:45:41 646554	INFO [input.cpp->run:256]	frame times (ms): 50.777
2020/03/08 15:45:41 646556	INFO [input.cpp->run:257]	FPS: 19.694
2020/03/08 15:45:41 684177	INFO [input.cpp->run:173]	
frame_id 48
2020/03/08 15:45:41 708298	WARNING [visualOdometry.cpp->trackingFrame2Frame:179]	The Estimated Rotation and translation matrices(using getTransformation function) are : 
   0.999998 -0.00101559 -0.00152507   0.0120891
 0.00101842    0.999998  0.00184611  -0.0142145
 0.00152326 -0.00184764    0.999997  0.00125837
          0           0           0           1
2020/03/08 15:45:41 710420	INFO [input.cpp->run:235]	rotation: 
[0.999998152256012, -0.001015590503811836, -0.001525074243545532;
 0.001018421724438667, 0.9999979734420776, 0.001846108585596085;
 0.001523256301879883, -0.001847635023295879, 0.9999971389770508]
2020/03/08 15:45:41 710445	INFO [input.cpp->run:256]	frame times (ms): 45.853
2020/03/08 15:45:41 710447	INFO [input.cpp->run:257]	FPS: 21.8088
2020/03/08 15:45:41 750923	INFO [input.cpp->run:173]	
frame_id 49
2020/03/08 15:45:41 775208	WARNING [visualOdometry.cpp->trackingFrame2Frame:179]	The Estimated Rotation and translation matrices(using getTransformation function) are : 
   0.999986  0.00120133 -0.00509154    0.749491
-0.00116247     0.99997  0.00762668   -0.648288
 0.00510053 -0.00762066    0.999958     10.0041
          0           0           0           1
2020/03/08 15:45:41 777304	INFO [input.cpp->run:235]	rotation: 
[0.9999862313270569, 0.00120133301243186, -0.005091540515422821;
 -0.001162467990070581, 0.9999701976776123, 0.007626675069332123;
 0.005100533366203308, -0.007620655000209808, 0.9999579787254333]
2020/03/08 15:45:41 777329	INFO [input.cpp->run:256]	frame times (ms): 45.684
2020/03/08 15:45:41 777331	INFO [input.cpp->run:257]	FPS: 21.8895
2020/03/08 15:45:41 817578	INFO [input.cpp->run:173]	
frame_id 50
2020/03/08 15:45:41 843869	WARNING [visualOdometry.cpp->trackingFrame2Frame:179]	The Estimated Rotation and translation matrices(using getTransformation function) are : 
    0.999998 -0.000763223  -0.00178763    0.0153652
  0.00076364            1  0.000234284  -0.00557828
  0.00178741 -0.000235653     0.999998   -0.0017271
           0            0            0            1
2020/03/08 15:45:41 846204	INFO [input.cpp->run:235]	rotation: 
[0.9999982118606567, -0.0007632225751876831, -0.001787625253200531;
 0.0007636398077011108, 0.9999996423721313, 0.0002342835068702698;
 0.00178740918636322, -0.0002356525510549545, 0.9999982118606567]
2020/03/08 15:45:41 846232	INFO [input.cpp->run:256]	frame times (ms): 50.032
2020/03/08 15:45:41 846234	INFO [input.cpp->run:257]	FPS: 19.9872
2020/03/08 15:45:41 884246	INFO [input.cpp->run:173]	
frame_id 51
2020/03/08 15:45:41 907430	WARNING [visualOdometry.cpp->trackingFrame2Frame:179]	The Estimated Rotation and translation matrices(using getTransformation function) are : 
   0.999919  0.00224147  -0.0125712   0.0327041
-0.00230492    0.999985 -0.00502662   0.0696924
  0.0125597  0.00505519    0.999909   -0.502819
          0           0           0           1
2020/03/08 15:45:41 908764	INFO [input.cpp->run:235]	rotation: 
[0.9999187588691711, 0.0022414680570364, -0.01257117837667465;
 -0.002304917201399803, 0.9999848604202271, -0.005026616156101227;
 0.01255973428487778, 0.00505518913269043, 0.9999086856842041]
2020/03/08 15:45:41 908790	INFO [input.cpp->run:256]	frame times (ms): 44.313
2020/03/08 15:45:41 908792	INFO [input.cpp->run:257]	FPS: 22.5667
2020/03/08 15:45:41 950912	INFO [input.cpp->run:173]	
frame_id 52
2020/03/08 15:45:41 976046	WARNING [visualOdometry.cpp->trackingFrame2Frame:179]	The Estimated Rotation and translation matrices(using getTransformation function) are : 
   0.999996 -0.00173877 -0.00199457   0.0163707
 0.00177663    0.999815   0.0191562   -0.116347
 0.00196085  -0.0191597    0.999814   0.0563893
          0           0           0           1
2020/03/08 15:45:41 978815	INFO [input.cpp->run:235]	rotation: 
[0.9999964237213135, -0.001738771796226501, -0.00199456512928009;
 0.001776628196239471, 0.9998146295547485, 0.01915615424513817;
 0.00196085125207901, -0.01915965601801872, 0.9998143911361694]
2020/03/08 15:45:41 978843	INFO [input.cpp->run:256]	frame times (ms): 49.064
2020/03/08 15:45:41 978846	INFO [input.cpp->run:257]	FPS: 20.3815
2020/03/08 15:45:42 017464	INFO [input.cpp->run:173]	
frame_id 53
2020/03/08 15:45:42 043504	WARNING [visualOdometry.cpp->trackingFrame2Frame:179]	The Estimated Rotation and translation matrices(using getTransformation function) are : 
   0.999988 0.000468834 -0.00488067 0.000939846
-0.00049183    0.999988 -0.00472315   0.0485955
 0.00487841  0.00472545    0.999977   -0.277814
          0           0           0           1
2020/03/08 15:45:42 045773	INFO [input.cpp->run:235]	rotation: 
[0.999987781047821, 0.0004688343033194542, -0.004880674183368683;
 -0.000491829589009285, 0.9999883770942688, -0.004723154008388519;
 0.004878409206867218, 0.004725448787212372, 0.9999769330024719]
2020/03/08 15:45:42 045799	INFO [input.cpp->run:256]	frame times (ms): 50.164
2020/03/08 15:45:42 045802	INFO [input.cpp->run:257]	FPS: 19.9346
2020/03/08 15:45:42 084319	INFO [input.cpp->run:173]	
frame_id 54
2020/03/08 15:45:42 105842	WARNING [visualOdometry.cpp->trackingFrame2Frame:179]	The Estimated Rotation and translation matrices(using getTransformation function) are : 
           1  -8.6572e-05  0.000598192   -0.0068655
  8.4687e-05     0.999995   0.00312895   -0.0216281
-0.000598378  -0.00312888     0.999995   0.00305223
           0            0            0            1
2020/03/08 15:45:42 107891	INFO [input.cpp->run:235]	rotation: 
[0.9999998211860657, -8.657202124595642e-05, 0.0005981922149658203;
 8.468702435493469e-05, 0.9999954104423523, 0.00312895281240344;
 -0.0005983784794807434, -0.003128881566226482, 0.9999954104423523]
2020/03/08 15:45:42 107914	INFO [input.cpp->run:256]	frame times (ms): 42.041
2020/03/08 15:45:42 107916	INFO [input.cpp->run:257]	FPS: 23.7863
2020/03/08 15:45:42 151298	INFO [input.cpp->run:173]	
frame_id 55
2020/03/08 15:45:42 177553	WARNING [visualOdometry.cpp->trackingFrame2Frame:179]	The Estimated Rotation and translation matrices(using getTransformation function) are : 
   0.999994   0.0012041 -0.00349703   0.0181024
-0.00119506    0.999996  0.00257944  -0.0152653
 0.00350022 -0.00257543    0.999991 -0.00188732
          0           0           0           1
2020/03/08 15:45:42 179999	INFO [input.cpp->run:235]	rotation: 
[0.9999936819076538, 0.001204103231430054, -0.003497034311294556;
 -0.001195058226585388, 0.9999961256980896, 0.002579443156719208;
 0.003500223159790039, -0.002575434744358063, 0.9999911785125732]
2020/03/08 15:45:42 180035	INFO [input.cpp->run:256]	frame times (ms): 50.684
2020/03/08 15:45:42 180040	INFO [input.cpp->run:257]	FPS: 19.7301
2020/03/08 15:45:42 217693	INFO [input.cpp->run:173]	
frame_id 56
2020/03/08 15:45:42 240452	WARNING [visualOdometry.cpp->trackingFrame2Frame:179]	The Estimated Rotation and translation matrices(using getTransformation function) are : 
    0.999996  -0.00272482  0.000822127    0.0135469
  0.00272651     0.999994  -0.00205494   0.00804746
-0.000816405   0.00205717     0.999998   -0.0113173
           0            0            0            1
2020/03/08 15:45:42 241713	INFO [input.cpp->run:235]	rotation: 
[0.9999961853027344, -0.002724822843447328, 0.0008221268653869629;
 0.002726508304476738, 0.9999943971633911, -0.002054938580840826;
 -0.0008164048194885254, 0.002057169564068317, 0.9999977350234985]
2020/03/08 15:45:42 241739	INFO [input.cpp->run:256]	frame times (ms): 42.807
2020/03/08 15:45:42 241740	INFO [input.cpp->run:257]	FPS: 23.3607
2020/03/08 15:45:42 284410	INFO [input.cpp->run:173]	
frame_id 57
2020/03/08 15:45:42 310519	WARNING [visualOdometry.cpp->trackingFrame2Frame:179]	The Estimated Rotation and translation matrices(using getTransformation function) are : 
           1 -0.000730455 -0.000179373   0.00154483
 0.000730366            1 -0.000203289   0.00272083
 0.000179503  0.000203128            1   0.00328207
           0            0            0            1
2020/03/08 15:45:42 312795	INFO [input.cpp->run:235]	rotation: 
[0.9999998211860657, -0.0007304549217224121, -0.0001793727278709412;
 0.000730365514755249, 0.9999996423721313, -0.0002032886259257793;
 0.0001795031130313873, 0.0002031279727816582, 0.9999998807907104]
2020/03/08 15:45:42 312821	INFO [input.cpp->run:256]	frame times (ms): 49.729
2020/03/08 15:45:42 312823	INFO [input.cpp->run:257]	FPS: 20.109
2020/03/08 15:45:42 350895	INFO [input.cpp->run:173]	
frame_id 58
2020/03/08 15:45:42 373672	WARNING [visualOdometry.cpp->trackingFrame2Frame:179]	The Estimated Rotation and translation matrices(using getTransformation function) are : 
   0.999974 -0.00368883  0.00617371  -0.0084784
 0.00368205    0.999993  0.00109436  -0.0158297
-0.00617766 -0.00107162    0.999981   0.0587583
          0           0           0           1
2020/03/08 15:45:42 375953	INFO [input.cpp->run:235]	rotation: 
[0.999974250793457, -0.003688827157020569, 0.006173714995384216;
 0.003682047128677368, 0.9999926090240479, 0.001094363629817963;
 -0.006177663803100586, -0.001071617007255554, 0.999980628490448]
2020/03/08 15:45:42 375979	INFO [input.cpp->run:256]	frame times (ms): 43.755
2020/03/08 15:45:42 375981	INFO [input.cpp->run:257]	FPS: 22.8545
2020/03/08 15:45:42 417799	INFO [input.cpp->run:173]	
frame_id 59
2020/03/08 15:45:42 446098	WARNING [visualOdometry.cpp->trackingFrame2Frame:179]	The Estimated Rotation and translation matrices(using getTransformation function) are : 
    0.999999  -0.00076711  0.000732183    0.0126641
 0.000764625     0.999994   0.00334256   -0.0161965
-0.000734538  -0.00334196     0.999994    0.0380111
           0            0            0            1
2020/03/08 15:45:42 448532	INFO [input.cpp->run:235]	rotation: 
[0.9999991655349731, -0.0007671099156141281, 0.0007321834564208984;
 0.000764625146985054, 0.9999940395355225, 0.003342557698488235;
 -0.0007345378398895264, -0.003341961652040482, 0.9999942183494568]
2020/03/08 15:45:42 448562	INFO [input.cpp->run:256]	frame times (ms): 53.714
2020/03/08 15:45:42 448564	INFO [input.cpp->run:257]	FPS: 18.6171
2020/03/08 15:45:42 484148	INFO [input.cpp->run:173]	
frame_id 60
2020/03/08 15:45:42 506623	WARNING [visualOdometry.cpp->trackingFrame2Frame:179]	The Estimated Rotation and translation matrices(using getTransformation function) are : 
    0.999996   0.00261668 -4.98891e-05   -0.0060544
 -0.00261643     0.999983   0.00520848    -0.023478
 6.36876e-05  -0.00520855     0.999987    0.0158095
           0            0            0            1
2020/03/08 15:45:42 507968	INFO [input.cpp->run:235]	rotation: 
[0.9999961853027344, 0.002616684883832932, -4.988908767700195e-05;
 -0.002616427838802338, 0.9999827742576599, 0.005208482965826988;
 6.368756294250488e-05, -0.005208546295762062, 0.9999865293502808]
2020/03/08 15:45:42 507993	INFO [input.cpp->run:256]	frame times (ms): 41.72
2020/03/08 15:45:42 507996	INFO [input.cpp->run:257]	FPS: 23.9693
2020/03/08 15:45:42 551251	INFO [input.cpp->run:173]	
frame_id 61
2020/03/08 15:45:42 579798	WARNING [visualOdometry.cpp->trackingFrame2Frame:179]	The Estimated Rotation and translation matrices(using getTransformation function) are : 
    0.999996 -0.000830084     0.002817   -0.0338717
 0.000819713     0.999993   0.00366101   -0.0314028
 -0.00281999  -0.00365859     0.999989    -0.003232
           0            0            0            1
2020/03/08 15:45:42 582276	INFO [input.cpp->run:235]	rotation: 
[0.9999958276748657, -0.0008300840854644775, 0.002817004919052124;
 0.0008197128772735596, 0.9999930262565613, 0.003661006689071655;
 -0.002819985151290894, -0.003658592700958252, 0.9999893307685852]
2020/03/08 15:45:42 582308	INFO [input.cpp->run:256]	frame times (ms): 54.781
2020/03/08 15:45:42 582313	INFO [input.cpp->run:257]	FPS: 18.2545
2020/03/08 15:45:42 617458	INFO [input.cpp->run:173]	
frame_id 62
2020/03/08 15:45:42 639944	WARNING [visualOdometry.cpp->trackingFrame2Frame:179]	The Estimated Rotation and translation matrices(using getTransformation function) are : 
    0.999998  0.000963569    0.0016144   -0.0268651
-0.000957146     0.999992  -0.00399577    0.0203279
 -0.00161825   0.00399423     0.999991  -0.00447273
           0            0            0            1
2020/03/08 15:45:42 641332	INFO [input.cpp->run:235]	rotation: 
[0.9999982714653015, 0.0009635686874389648, 0.001614399254322052;
 -0.0009571462869644165, 0.9999915957450867, -0.003995773382484913;
 -0.001618251204490662, 0.003994227387011051, 0.9999908208847046]
2020/03/08 15:45:42 641359	INFO [input.cpp->run:256]	frame times (ms): 42.717
2020/03/08 15:45:42 641362	INFO [input.cpp->run:257]	FPS: 23.4099
2020/03/08 15:45:42 684535	INFO [input.cpp->run:173]	
frame_id 63
2020/03/08 15:45:42 712864	WARNING [visualOdometry.cpp->trackingFrame2Frame:179]	The Estimated Rotation and translation matrices(using getTransformation function) are : 
   0.999555 -0.00723073  -0.0289355    0.758753
 0.00944218    0.996983    0.077035   -0.355894
  0.0282912   -0.077274    0.996608      1.4834
          0           0           0           1
2020/03/08 15:45:42 714425	INFO [input.cpp->run:235]	rotation: 
[0.9995550513267517, -0.007230734452605247, -0.02893546223640442;
 0.00944217573851347, 0.9969834685325623, 0.07703503966331482;
 0.02829119563102722, -0.07727397978305817, 0.9966083765029907]
2020/03/08 15:45:42 714455	INFO [input.cpp->run:256]	frame times (ms): 55.225
2020/03/08 15:45:42 714457	INFO [input.cpp->run:257]	FPS: 18.1077
2020/03/08 15:45:42 751101	INFO [input.cpp->run:173]	
frame_id 64
2020/03/08 15:45:42 775770	WARNING [visualOdometry.cpp->trackingFrame2Frame:179]	The Estimated Rotation and translation matrices(using getTransformation function) are : 
    0.999997   0.00156268   0.00181855   -0.0261043
 -0.00156283     0.999999  0.000110795  -0.00898671
 -0.00181834 -0.000113647     0.999998   0.00257158
           0            0            0            1
2020/03/08 15:45:42 778278	INFO [input.cpp->run:235]	rotation: 
[0.9999969005584717, 0.001562684774398804, 0.001818552613258362;
 -0.001562833786010742, 0.9999987483024597, 0.0001107947900891304;
 -0.001818343997001648, -0.0001136474311351776, 0.9999983310699463]
2020/03/08 15:45:42 778307	INFO [input.cpp->run:256]	frame times (ms): 47.678
2020/03/08 15:45:42 778308	INFO [input.cpp->run:257]	FPS: 20.974
2020/03/08 15:45:42 817305	INFO [input.cpp->run:173]	
frame_id 65
2020/03/08 15:45:42 841211	WARNING [visualOdometry.cpp->trackingFrame2Frame:179]	The Estimated Rotation and translation matrices(using getTransformation function) are : 
    0.999802  0.000758856   -0.0198709     0.094296
 -0.00077852     0.999999 -0.000975087   0.00655818
   0.0198702  0.000990316     0.999802   -0.0628972
           0            0            0            1
2020/03/08 15:45:42 843558	INFO [input.cpp->run:235]	rotation: 
[0.9998024106025696, 0.0007588556036353111, -0.01987091451883316;
 -0.0007785195484757423, 0.9999991059303284, -0.0009750872850418091;
 0.01987016946077347, 0.0009903162717819214, 0.9998022317886353]
2020/03/08 15:45:42 843584	INFO [input.cpp->run:256]	frame times (ms): 46.535
2020/03/08 15:45:42 843586	INFO [input.cpp->run:257]	FPS: 21.4892
2020/03/08 15:45:42 884782	INFO [input.cpp->run:173]	
frame_id 66
2020/03/08 15:45:42 910717	WARNING [visualOdometry.cpp->trackingFrame2Frame:179]	The Estimated Rotation and translation matrices(using getTransformation function) are : 
   0.999993 -0.00066334 -0.00376786    0.440279
0.000690066    0.999975  0.00708015   -0.173937
 0.00376301 -0.00708267    0.999968     1.94067
          0           0           0           1
2020/03/08 15:45:42 913121	INFO [input.cpp->run:235]	rotation: 
[0.9999927282333374, -0.0006633400917053223, -0.003767862915992737;
 0.0006900662556290627, 0.9999749064445496, 0.007080145180225372;
 0.003763005137443542, -0.007082670927047729, 0.9999675154685974]
2020/03/08 15:45:42 913148	INFO [input.cpp->run:256]	frame times (ms): 49.462
2020/03/08 15:45:42 913151	INFO [input.cpp->run:257]	FPS: 20.2175
2020/03/08 15:45:42 951360	INFO [input.cpp->run:173]	
frame_id 67
2020/03/08 15:45:42 976159	WARNING [visualOdometry.cpp->trackingFrame2Frame:179]	The Estimated Rotation and translation matrices(using getTransformation function) are : 
    0.999997  0.000266403   0.00259309   -0.0250487
-0.000272028     0.999998   0.00217159   -0.0162729
 -0.00259248  -0.00217231     0.999994   0.00979185
           0            0            0            1
2020/03/08 15:45:42 978607	INFO [input.cpp->run:235]	rotation: 
[0.9999967813491821, 0.0002664029598236084, 0.002593085169792175;
 -0.0002720281481742859, 0.9999976754188538, 0.002171592321246862;
 -0.002592481672763824, -0.002172305714339018, 0.9999944567680359]
2020/03/08 15:45:42 978633	INFO [input.cpp->run:256]	frame times (ms): 47.933
2020/03/08 15:45:42 978635	INFO [input.cpp->run:257]	FPS: 20.8625
2020/03/08 15:45:43 018039	INFO [input.cpp->run:173]	
frame_id 68
2020/03/08 15:45:43 041326	WARNING [visualOdometry.cpp->trackingFrame2Frame:179]	The Estimated Rotation and translation matrices(using getTransformation function) are : 
   0.999996  0.00155811 -0.00244262   0.0210021
-0.00154935    0.999992  0.00358258   -0.029786
 0.00244821 -0.00357876    0.999991 0.000235081
          0           0           0           1
2020/03/08 15:45:43 043928	INFO [input.cpp->run:235]	rotation: 
[0.9999957084655762, 0.001558110117912292, -0.002442620694637299;
 -0.00154934823513031, 0.9999924302101135, 0.00358258280903101;
 0.002448208630084991, -0.003578764386475086, 0.9999905228614807]
2020/03/08 15:45:43 043955	INFO [input.cpp->run:256]	frame times (ms): 45.819
2020/03/08 15:45:43 043958	INFO [input.cpp->run:257]	FPS: 21.825
2020/03/08 15:45:43 085023	INFO [input.cpp->run:173]	
frame_id 69
2020/03/08 15:45:43 118993	WARNING [visualOdometry.cpp->trackingFrame2Frame:179]	The Estimated Rotation and translation matrices(using getTransformation function) are : 
    0.999999  0.000697561 -0.000755787   0.00653911
-0.000682011     0.999793    0.0203489     -0.12608
 0.000769705   -0.0203483     0.999793    0.0890603
           0            0            0            1
2020/03/08 15:45:43 121891	INFO [input.cpp->run:235]	rotation: 
[0.9999992847442627, 0.0006975606083869934, -0.0007557868957519531;
 -0.0006820112466812134, 0.9997929334640503, 0.02034886181354523;
 0.0007697045803070068, -0.02034825086593628, 0.9997929334640503]
2020/03/08 15:45:43 121917	INFO [input.cpp->run:256]	frame times (ms): 64.405
2020/03/08 15:45:43 121920	INFO [input.cpp->run:257]	FPS: 15.5267
2020/03/08 15:45:43 151022	INFO [input.cpp->run:173]	
frame_id 70
2020/03/08 15:45:43 172172	WARNING [visualOdometry.cpp->trackingFrame2Frame:179]	The Estimated Rotation and translation matrices(using getTransformation function) are : 
   0.999995 -0.00115457  0.00309331  -0.0279806
 0.00112124    0.999941   0.0107568  -0.0619649
-0.00310556  -0.0107533    0.999937   0.0305305
          0           0           0           1
2020/03/08 15:45:43 174277	INFO [input.cpp->run:235]	rotation: 
[0.9999945759773254, -0.001154571771621704, 0.003093313425779343;
 0.001121235080063343, 0.9999414682388306, 0.01075677573680878;
 -0.003105562180280685, -0.01075325161218643, 0.9999373555183411]
2020/03/08 15:45:43 174306	INFO [input.cpp->run:256]	frame times (ms): 41.314
2020/03/08 15:45:43 174308	INFO [input.cpp->run:257]	FPS: 24.2049
2020/03/08 15:45:43 217844	INFO [input.cpp->run:173]	
frame_id 71
2020/03/08 15:45:43 246119	WARNING [visualOdometry.cpp->trackingFrame2Frame:179]	The Estimated Rotation and translation matrices(using getTransformation function) are : 
   0.999976 -0.00149268  0.00675955  -0.0662351
 0.00134769     0.99977   0.0214047   -0.123414
-0.00679001   -0.021395    0.999748   0.0785112
          0           0           0           1
2020/03/08 15:45:43 248875	INFO [input.cpp->run:235]	rotation: 
[0.9999761581420898, -0.001492680516093969, 0.006759554147720337;
 0.00134769082069397, 0.9997698664665222, 0.02140471898019314;
 -0.006790012121200562, -0.02139498852193356, 0.9997478723526001]
2020/03/08 15:45:43 248910	INFO [input.cpp->run:256]	frame times (ms): 55.452
2020/03/08 15:45:43 248912	INFO [input.cpp->run:257]	FPS: 18.0336
2020/03/08 15:45:43 284600	INFO [input.cpp->run:173]	
frame_id 72
2020/03/08 15:45:43 307250	WARNING [visualOdometry.cpp->trackingFrame2Frame:179]	The Estimated Rotation and translation matrices(using getTransformation function) are : 
   0.999993  0.00307675  0.00216561  -0.0299304
-0.00307895    0.999995  0.00100649 -0.00430703
-0.00216252 -0.00101315    0.999997  0.00307751
          0           0           0           1
2020/03/08 15:45:43 308465	INFO [input.cpp->run:235]	rotation: 
[0.9999929666519165, 0.003076750785112381, 0.002165611833333969;
 -0.003078952431678772, 0.9999946355819702, 0.001006491016596556;
 -0.002162516117095947, -0.001013152068480849, 0.9999971389770508]
2020/03/08 15:45:43 308490	INFO [input.cpp->run:256]	frame times (ms): 42.427
2020/03/08 15:45:43 308493	INFO [input.cpp->run:257]	FPS: 23.5699
2020/03/08 15:45:43 351471	INFO [input.cpp->run:173]	
frame_id 73
2020/03/08 15:45:43 375589	WARNING [visualOdometry.cpp->trackingFrame2Frame:179]	The Estimated Rotation and translation matrices(using getTransformation function) are : 
    0.999999  0.000612138  -0.00146254    0.0148172
-0.000627613     0.999944   -0.0106046     0.059918
  0.00145597    0.0106055     0.999943   -0.0253849
           0            0            0            1
2020/03/08 15:45:43 376821	INFO [input.cpp->run:235]	rotation: 
[0.9999988675117493, 0.0006121378391981125, -0.001462541520595551;
 -0.0006276126950979233, 0.999943733215332, -0.01060462929308414;
 0.001455966383218765, 0.0106054674834013, 0.9999427795410156]
2020/03/08 15:45:43 376846	INFO [input.cpp->run:256]	frame times (ms): 44.609
2020/03/08 15:45:43 376849	INFO [input.cpp->run:257]	FPS: 22.417
2020/03/08 15:45:43 417785	INFO [input.cpp->run:173]	
frame_id 74
2020/03/08 15:45:43 444690	WARNING [visualOdometry.cpp->trackingFrame2Frame:179]	The Estimated Rotation and translation matrices(using getTransformation function) are : 
   0.999993 -0.00263232 -0.00238369   0.0335294
 0.00261233    0.999961 -0.00835344   0.0503461
 0.00240558  0.00834717    0.999962  -0.0206728
          0           0           0           1
2020/03/08 15:45:43 447125	INFO [input.cpp->run:235]	rotation: 
[0.9999934434890747, -0.002632319927215576, -0.002383694052696228;
 0.00261233001947403, 0.9999613761901855, -0.008353442884981632;
 0.00240558385848999, 0.008347170427441597, 0.9999622106552124]
2020/03/08 15:45:43 447150	INFO [input.cpp->run:256]	frame times (ms): 51.936
2020/03/08 15:45:43 447152	INFO [input.cpp->run:257]	FPS: 19.2545
2020/03/08 15:45:43 484344	INFO [input.cpp->run:173]	
frame_id 75
2020/03/08 15:45:43 505249	WARNING [visualOdometry.cpp->trackingFrame2Frame:179]	The Estimated Rotation and translation matrices(using getTransformation function) are : 
   0.999997 -0.00196557   0.0014255 -0.00299489
 0.00195827    0.999985  0.00511587  -0.0196034
-0.00143554 -0.00511309    0.999986   0.0171885
          0           0           0           1
2020/03/08 15:45:43 506489	INFO [input.cpp->run:235]	rotation: 
[0.9999971985816956, -0.00196557492017746, 0.001425504684448242;
 0.001958265900611877, 0.9999852180480957, 0.005115872249007225;
 -0.001435540616512299, -0.005113093182444572, 0.999985933303833]
2020/03/08 15:45:43 506513	INFO [input.cpp->run:256]	frame times (ms): 40.049
2020/03/08 15:45:43 506516	INFO [input.cpp->run:257]	FPS: 24.9694
2020/03/08 15:45:43 551516	INFO [input.cpp->run:173]	
frame_id 76
2020/03/08 15:45:43 587236	WARNING [visualOdometry.cpp->trackingFrame2Frame:179]	The Estimated Rotation and translation matrices(using getTransformation function) are : 
    0.999999   0.00160882  0.000280358   -0.0019331
 -0.00160844     0.999998  -0.00119681   0.00809276
-0.000282295   0.00119637     0.999999  -0.00528622
           0            0            0            1
2020/03/08 15:45:43 589115	INFO [input.cpp->run:235]	rotation: 
[0.999998927116394, 0.001608818769454956, 0.0002803578972816467;
 -0.001608438789844513, 0.9999980330467224, -0.00119681004434824;
 -0.0002822950482368469, 0.001196365803480148, 0.9999993443489075]
2020/03/08 15:45:43 589148	INFO [input.cpp->run:256]	frame times (ms): 65.951
2020/03/08 15:45:43 589152	INFO [input.cpp->run:257]	FPS: 15.1628
2020/03/08 15:45:43 617323	INFO [input.cpp->run:173]	
frame_id 77
2020/03/08 15:45:43 639219	WARNING [visualOdometry.cpp->trackingFrame2Frame:179]	The Estimated Rotation and translation matrices(using getTransformation function) are : 
   0.999995  0.00133386 -0.00293649   0.0275397
-0.00134388    0.999993 -0.00341171  0.00619352
 0.00293192  0.00341564     0.99999   -0.012455
          0           0           0           1
2020/03/08 15:45:43 641729	INFO [input.cpp->run:235]	rotation: 
[0.9999947547912598, 0.001333855092525482, -0.002936489880084991;
 -0.001343876123428345, 0.9999932050704956, -0.003411714918911457;
 0.002931918948888779, 0.003415642306208611, 0.9999897480010986]
2020/03/08 15:45:43 641753	INFO [input.cpp->run:256]	frame times (ms): 42.926
2020/03/08 15:45:43 641755	INFO [input.cpp->run:257]	FPS: 23.2959
2020/03/08 15:45:43 686170	INFO [input.cpp->run:173]	
frame_id 78
2020/03/08 15:45:43 715451	WARNING [visualOdometry.cpp->trackingFrame2Frame:179]	The Estimated Rotation and translation matrices(using getTransformation function) are : 
   0.999994  0.00332905  0.00166453  -0.0068028
-0.00333479    0.999989  0.00346867  -0.0188761
-0.00165298 -0.00347417    0.999993   0.0159373
          0           0           0           1
2020/03/08 15:45:43 717937	INFO [input.cpp->run:235]	rotation: 
[0.9999935030937195, 0.003329046070575714, 0.001664534211158752;
 -0.003334790468215942, 0.9999886751174927, 0.003468666691333055;
 -0.001652978360652924, -0.00347417127341032, 0.9999929070472717]
2020/03/08 15:45:43 717970	INFO [input.cpp->run:256]	frame times (ms): 56.149
2020/03/08 15:45:43 717972	INFO [input.cpp->run:257]	FPS: 17.8098
2020/03/08 15:45:43 790503	INFO [input.cpp->run:173]	
frame_id 79
2020/03/08 15:45:43 824068	WARNING [visualOdometry.cpp->trackingFrame2Frame:179]	The Estimated Rotation and translation matrices(using getTransformation function) are : 
   0.999997  -0.0020573  0.00094144  -0.0109512
 0.00202116    0.999316   0.0369239   -0.212477
-0.00101678  -0.0369216    0.999318    0.132435
          0           0           0           1
2020/03/08 15:45:43 825482	INFO [input.cpp->run:235]	rotation: 
[0.9999974370002747, -0.002057295292615891, 0.0009414404630661011;
 0.002021163702011108, 0.9993160963058472, 0.03692392259836197;
 -0.001016780734062195, -0.03692163899540901, 0.9993177056312561]
2020/03/08 15:45:43 825507	INFO [input.cpp->run:256]	frame times (ms): 60.069
2020/03/08 15:45:43 825510	INFO [input.cpp->run:257]	FPS: 16.6475
2020/03/08 15:45:43 855449	INFO [input.cpp->run:173]	
frame_id 80
2020/03/08 15:45:43 876668	WARNING [visualOdometry.cpp->trackingFrame2Frame:179]	The Estimated Rotation and translation matrices(using getTransformation function) are : 
    0.999994  0.000774547  -0.00344145    0.0251769
-0.000781044     0.999998  -0.00188574    0.0112277
  0.00343999   0.00188841     0.999992  -0.00814438
           0            0            0            1
2020/03/08 15:45:43 879087	INFO [input.cpp->run:235]	rotation: 
[0.9999936819076538, 0.0007745474576950073, -0.003441452980041504;
 -0.0007810443639755249, 0.9999979734420776, -0.001885741949081421;
 0.003439992666244507, 0.00188840925693512, 0.9999921917915344]
2020/03/08 15:45:43 879120	INFO [input.cpp->run:256]	frame times (ms): 40.514
2020/03/08 15:45:43 879123	INFO [input.cpp->run:257]	FPS: 24.6828
2020/03/08 15:45:43 922746	INFO [input.cpp->run:173]	
frame_id 81
2020/03/08 15:45:43 954524	WARNING [visualOdometry.cpp->trackingFrame2Frame:179]	The Estimated Rotation and translation matrices(using getTransformation function) are : 
    0.999963  0.000642089   -0.0085572     -5.91428
-0.000644662            1 -0.000301018      6.80373
  0.00855701  0.000306528     0.999963     -119.104
           0            0            0            1
2020/03/08 15:45:43 957314	INFO [input.cpp->run:235]	rotation: 
[0.9999631643295288, 0.0006420891731977463, -0.008557204157114029;
 -0.0006446619518101215, 0.9999997615814209, -0.0003010183572769165;
 0.00855700671672821, 0.0003065280616283417, 0.9999632835388184]
2020/03/08 15:45:43 957341	INFO [input.cpp->run:256]	frame times (ms): 58.737
2020/03/08 15:45:43 957344	INFO [input.cpp->run:257]	FPS: 17.025
2020/03/08 15:45:43 989047	INFO [input.cpp->run:173]	
frame_id 82
2020/03/08 15:45:44 009979	WARNING [visualOdometry.cpp->trackingFrame2Frame:179]	The Estimated Rotation and translation matrices(using getTransformation function) are : 
    0.999994  0.000556362  -0.00321418    0.0266956
-0.000541188     0.999989   0.00472798   -0.0275226
  0.00321685  -0.00472646     0.999984    0.0145245
           0            0            0            1
2020/03/08 15:45:44 012065	INFO [input.cpp->run:235]	rotation: 
[0.9999943971633911, 0.0005563618615269661, -0.003214180469512939;
 -0.0005411878228187561, 0.9999886751174927, 0.00472798477858305;
 0.003216847777366638, -0.004726463928818703, 0.9999838471412659]
2020/03/08 15:45:44 012089	INFO [input.cpp->run:256]	frame times (ms): 40.355
2020/03/08 15:45:44 012091	INFO [input.cpp->run:257]	FPS: 24.7801
2020/03/08 15:45:44 055955	INFO [input.cpp->run:173]	
frame_id 83
2020/03/08 15:45:44 086259	WARNING [visualOdometry.cpp->trackingFrame2Frame:179]	The Estimated Rotation and translation matrices(using getTransformation function) are : 
    0.999999 -0.000571281   0.00112428  -0.00262129
 0.000565559     0.999987   0.00497206   -0.0318332
 -0.00112724  -0.00497135     0.999987    0.0220261
           0            0            0            1
2020/03/08 15:45:44 087745	INFO [input.cpp->run:235]	rotation: 
[0.9999991655349731, -0.0005712807178497314, 0.001124277710914612;
 0.0005655586719512939, 0.9999871850013733, 0.004972055554389954;
 -0.001127243041992188, -0.004971351474523544, 0.9999867081642151]
2020/03/08 15:45:44 087772	INFO [input.cpp->run:256]	frame times (ms): 62.759
2020/03/08 15:45:44 087775	INFO [input.cpp->run:257]	FPS: 15.934
2020/03/08 15:45:44 122418	INFO [input.cpp->run:173]	
frame_id 84
2020/03/08 15:45:44 143299	WARNING [visualOdometry.cpp->trackingFrame2Frame:179]	The Estimated Rotation and translation matrices(using getTransformation function) are : 
   0.999999  0.00022772  0.00143716  -0.0106093
-0.00023599    0.999984  0.00574555  -0.0341774
-0.00143583  -0.0057459    0.999983   0.0153031
          0           0           0           1
2020/03/08 15:45:44 145368	INFO [input.cpp->run:235]	rotation: 
[0.999998927116394, 0.0002277195453643799, 0.001437157392501831;
 -0.0002359896898269653, 0.999983549118042, 0.005745546892285347;
 -0.001435831189155579, -0.00574590265750885, 0.9999825358390808]
2020/03/08 15:45:44 145393	INFO [input.cpp->run:256]	frame times (ms): 40.414
2020/03/08 15:45:44 145395	INFO [input.cpp->run:257]	FPS: 24.7439
2020/03/08 15:45:44 189655	INFO [input.cpp->run:173]	
frame_id 85
2020/03/08 15:45:44 222753	WARNING [visualOdometry.cpp->trackingFrame2Frame:179]	The Estimated Rotation and translation matrices(using getTransformation function) are : 
   0.999989  0.00271975 -0.00378421   0.0161676
-0.00273675    0.999986 -0.00444024   0.0304204
 0.00377208  0.00445041    0.999983  -0.0153346
          0           0           0           1
2020/03/08 15:45:44 224343	INFO [input.cpp->run:235]	rotation: 
[0.9999892711639404, 0.00271974503993988, -0.003784209489822388;
 -0.002736747264862061, 0.9999864101409912, -0.004440240561962128;
 0.003772079944610596, 0.004450410604476929, 0.9999832510948181]
2020/03/08 15:45:44 224374	INFO [input.cpp->run:256]	frame times (ms): 58.54
2020/03/08 15:45:44 224378	INFO [input.cpp->run:257]	FPS: 17.0823
2020/03/08 15:45:44 255788	INFO [input.cpp->run:173]	
frame_id 86
2020/03/08 15:45:44 278821	WARNING [visualOdometry.cpp->trackingFrame2Frame:179]	The Estimated Rotation and translation matrices(using getTransformation function) are : 
    0.999999 -8.68589e-05  -0.00136718   0.00711632
 7.53552e-05     0.999965  -0.00845228    0.0454497
  0.00136789   0.00845218     0.999964   -0.0214014
           0            0            0            1
2020/03/08 15:45:44 280893	INFO [input.cpp->run:235]	rotation: 
[0.9999993443489075, -8.685886859893799e-05, -0.001367181539535522;
 7.53551721572876e-05, 0.9999646544456482, -0.008452280424535275;
 0.00136788934469223, 0.008452181704342365, 0.9999635815620422]
2020/03/08 15:45:44 280918	INFO [input.cpp->run:256]	frame times (ms): 43.781
2020/03/08 15:45:44 280921	INFO [input.cpp->run:257]	FPS: 22.841
2020/03/08 15:45:44 322466	INFO [input.cpp->run:173]	
frame_id 87
2020/03/08 15:45:44 350936	WARNING [visualOdometry.cpp->trackingFrame2Frame:179]	The Estimated Rotation and translation matrices(using getTransformation function) are : 
           1 -0.000965804  0.000210971  -0.00687695
 0.000964433     0.999984   0.00563593    -0.045343
-0.000216484  -0.00563549     0.999984  -0.00445366
           0            0            0            1
2020/03/08 15:45:44 353623	INFO [input.cpp->run:235]	rotation: 
[0.9999997615814209, -0.000965803861618042, 0.0002109706401824951;
 0.000964432954788208, 0.9999836683273315, 0.005635932087898254;
 -0.0002164840698242188, -0.005635485053062439, 0.9999841451644897]
2020/03/08 15:45:44 353650	INFO [input.cpp->run:256]	frame times (ms): 54.361
2020/03/08 15:45:44 353652	INFO [input.cpp->run:257]	FPS: 18.3955
2020/03/08 15:45:44 389514	INFO [input.cpp->run:173]	
frame_id 88
2020/03/08 15:45:44 414040	WARNING [visualOdometry.cpp->trackingFrame2Frame:179]	The Estimated Rotation and translation matrices(using getTransformation function) are : 
   0.999961  0.00135584 -0.00874699    0.411006
-0.00122098    0.999881   0.0153808   -0.413234
 0.00876682  -0.0153695    0.999843     5.13551
          0           0           0           1
2020/03/08 15:45:44 416256	INFO [input.cpp->run:235]	rotation: 
[0.9999607801437378, 0.001355836167931557, -0.008746989071369171;
 -0.001220977865159512, 0.9998811483383179, 0.01538082212209702;
 0.008766822516918182, -0.01536954939365387, 0.9998434782028198]
2020/03/08 15:45:44 416283	INFO [input.cpp->run:256]	frame times (ms): 47.565
2020/03/08 15:45:44 416285	INFO [input.cpp->run:257]	FPS: 21.0239
2020/03/08 15:45:44 456328	INFO [input.cpp->run:173]	
frame_id 89
2020/03/08 15:45:44 482362	WARNING [visualOdometry.cpp->trackingFrame2Frame:179]	The Estimated Rotation and translation matrices(using getTransformation function) are : 
   0.999998  0.00121219  0.00137262  -0.0114836
-0.00121033    0.999998 -0.00134263  0.00188005
 -0.0013743  0.00134099    0.999998  -0.0049057
          0           0           0           1
2020/03/08 15:45:44 483877	INFO [input.cpp->run:235]	rotation: 
[0.9999980926513672, 0.001212194561958313, 0.001372620463371277;
 -0.001210331916809082, 0.9999982714653015, -0.00134262815117836;
 -0.001374304294586182, 0.001340989023447037, 0.999998152256012]
2020/03/08 15:45:44 483910	INFO [input.cpp->run:256]	frame times (ms): 49.338
2020/03/08 15:45:44 483913	INFO [input.cpp->run:257]	FPS: 20.2684
2020/03/08 15:45:44 522616	INFO [input.cpp->run:173]	
frame_id 90
2020/03/08 15:45:44 548527	WARNING [visualOdometry.cpp->trackingFrame2Frame:179]	The Estimated Rotation and translation matrices(using getTransformation function) are : 
    0.999997  0.000526398    0.0024396  -0.00659037
-0.000541821      0.99998   0.00632044   -0.0319918
 -0.00243623  -0.00632175     0.999977    0.0221872
           0            0            0            1
2020/03/08 15:45:44 549867	INFO [input.cpp->run:235]	rotation: 
[0.999997079372406, 0.0005263984203338623, 0.002439595758914948;
 -0.0005418211221694946, 0.999980092048645, 0.006320444867014885;
 -0.002436228096485138, -0.00632175151258707, 0.999977171421051]
2020/03/08 15:45:44 549896	INFO [input.cpp->run:256]	frame times (ms): 46.917
2020/03/08 15:45:44 549898	INFO [input.cpp->run:257]	FPS: 21.3142
2020/03/08 15:45:44 590260	INFO [input.cpp->run:173]	
frame_id 91
2020/03/08 15:45:44 611311	WARNING [visualOdometry.cpp->trackingFrame2Frame:179]	The Estimated Rotation and translation matrices(using getTransformation function) are : 
           1  5.76526e-05  2.98023e-05  -0.00331664
-5.76526e-05     0.999987  -0.00496804    0.0315496
  -3.016e-05   0.00496791     0.999988   -0.0178995
           0            0            0            1
2020/03/08 15:45:44 612986	INFO [input.cpp->run:235]	rotation: 
[0.9999999403953552, 5.765259265899658e-05, 2.980232238769531e-05;
 -5.765259265899658e-05, 0.9999874830245972, -0.004968039691448212;
 -3.015995025634766e-05, 0.004967913031578064, 0.9999875426292419]
2020/03/08 15:45:44 613013	INFO [input.cpp->run:256]	frame times (ms): 40.361
2020/03/08 15:45:44 613015	INFO [input.cpp->run:257]	FPS: 24.7764
2020/03/08 15:45:44 655906	INFO [input.cpp->run:173]	
frame_id 92
2020/03/08 15:45:44 676756	WARNING [visualOdometry.cpp->trackingFrame2Frame:179]	The Estimated Rotation and translation matrices(using getTransformation function) are : 
    0.999997 -0.000951797   0.00219601    -0.012527
 0.000945002     0.999995   0.00303735   -0.0173421
 -0.00219885  -0.00303532     0.999993     0.013927
           0            0            0            1
2020/03/08 15:45:44 678009	INFO [input.cpp->run:235]	rotation: 
[0.9999971985816956, -0.0009517967700958252, 0.002196013927459717;
 0.0009450018405914307, 0.9999948143959045, 0.003037348389625549;
 -0.002198845148086548, -0.003035321831703186, 0.9999932050704956]
2020/03/08 15:45:44 678037	INFO [input.cpp->run:256]	frame times (ms): 38.985
2020/03/08 15:45:44 678040	INFO [input.cpp->run:257]	FPS: 25.6509
2020/03/08 15:45:44 722627	INFO [input.cpp->run:173]	
frame_id 93
2020/03/08 15:45:44 751466	WARNING [visualOdometry.cpp->trackingFrame2Frame:179]	The Estimated Rotation and translation matrices(using getTransformation function) are : 
   0.999997  0.00123306 -0.00198728   0.0201253
 -0.0012431    0.999987 -0.00504484   0.0317998
 0.00198105  0.00504728    0.999985  -0.0138178
          0           0           0           1
2020/03/08 15:45:44 752936	INFO [input.cpp->run:235]	rotation: 
[0.9999972581863403, 0.0012330561876297, -0.001987278461456299;
 -0.001243099570274353, 0.9999865889549255, -0.005044844001531601;
 0.001981049776077271, 0.005047280341386795, 0.99998539686203]
2020/03/08 15:45:44 752963	INFO [input.cpp->run:256]	frame times (ms): 53.985
2020/03/08 15:45:44 752966	INFO [input.cpp->run:257]	FPS: 18.5237
2020/03/08 15:45:44 789008	INFO [input.cpp->run:173]	
frame_id 94
2020/03/08 15:45:44 810102	WARNING [visualOdometry.cpp->trackingFrame2Frame:179]	The Estimated Rotation and translation matrices(using getTransformation function) are : 
    0.999999  -0.00124745  -0.00125879    0.0140383
  0.00124692     0.999999 -0.000394639   0.00417352
  0.00125924   0.00039305     0.999999   0.00329161
           0            0            0            1
2020/03/08 15:45:44 811361	INFO [input.cpp->run:235]	rotation: 
[0.9999988079071045, -0.001247450709342957, -0.001258794218301773;
 0.001246921718120575, 0.9999991655349731, -0.0003946386277675629;
 0.001259241253137589, 0.0003930495586246252, 0.9999990463256836]
2020/03/08 15:45:44 811388	INFO [input.cpp->run:256]	frame times (ms): 40.284
2020/03/08 15:45:44 811392	INFO [input.cpp->run:257]	FPS: 24.8238
2020/03/08 15:45:44 856259	INFO [input.cpp->run:173]	
frame_id 95
2020/03/08 15:45:44 884961	WARNING [visualOdometry.cpp->trackingFrame2Frame:179]	The Estimated Rotation and translation matrices(using getTransformation function) are : 
    0.999992 -1.52523e-05   0.00396449   -0.0486189
 2.78899e-05     0.999995  -0.00319695    0.0472407
 -0.00396446   0.00319704     0.999987    -0.345233
           0            0            0            1
2020/03/08 15:45:44 887727	INFO [input.cpp->run:235]	rotation: 
[0.999992311000824, -1.525226980447769e-05, 0.003964491188526154;
 2.788985148072243e-05, 0.9999949336051941, -0.003196947276592255;
 -0.003964461386203766, 0.003197044134140015, 0.999987006187439]
2020/03/08 15:45:44 887756	INFO [input.cpp->run:256]	frame times (ms): 54.421
2020/03/08 15:45:44 887758	INFO [input.cpp->run:257]	FPS: 18.3753
2020/03/08 15:45:44 922362	INFO [input.cpp->run:173]	
frame_id 96
2020/03/08 15:45:44 943285	WARNING [visualOdometry.cpp->trackingFrame2Frame:179]	The Estimated Rotation and translation matrices(using getTransformation function) are : 
    0.999999  0.000181962   0.00106875  -0.00651884
-0.000184771     0.999996   0.00263583   -0.0161029
 -0.00106826  -0.00263593     0.999996   0.00297308
           0            0            0            1
2020/03/08 15:45:44 945333	INFO [input.cpp->run:235]	rotation: 
[0.9999992847442627, 0.0001819618046283722, 0.001068748533725739;
 -0.0001847706735134125, 0.9999964833259583, 0.002635829849168658;
 -0.001068258658051491, -0.002635932061821222, 0.9999960064888]
2020/03/08 15:45:44 945360	INFO [input.cpp->run:256]	frame times (ms): 39.727
2020/03/08 15:45:44 945363	INFO [input.cpp->run:257]	FPS: 25.1718
2020/03/08 15:45:44 989152	INFO [input.cpp->run:173]	
frame_id 97
2020/03/08 15:45:45 012595	WARNING [visualOdometry.cpp->trackingFrame2Frame:179]	The Estimated Rotation and translation matrices(using getTransformation function) are : 
           1  0.000743166 -0.000370651   -0.0043093
-0.000743851     0.999998  -0.00185353    0.0074991
 0.000369266   0.00185395     0.999998   -0.0086937
           0            0            0            1
2020/03/08 15:45:45 014672	INFO [input.cpp->run:235]	rotation: 
[0.9999999403953552, 0.0007431656122207642, -0.0003706514835357666;
 -0.0007438510656356812, 0.9999983310699463, -0.001853525638580322;
 0.0003692656755447388, 0.001853950321674347, 0.9999982118606567]
2020/03/08 15:45:45 014697	INFO [input.cpp->run:256]	frame times (ms): 45.083
2020/03/08 15:45:45 014698	INFO [input.cpp->run:257]	FPS: 22.1813
2020/03/08 15:45:45 055993	INFO [input.cpp->run:173]	
frame_id 98
2020/03/08 15:45:45 080257	WARNING [visualOdometry.cpp->trackingFrame2Frame:179]	The Estimated Rotation and translation matrices(using getTransformation function) are : 
           1  0.000638723  0.000250921 -0.000410318
-0.000638753            1 -0.000186652  0.000626206
-0.000251114  0.000186555            1   0.00176764
           0            0            0            1
2020/03/08 15:45:45 081605	INFO [input.cpp->run:235]	rotation: 
[1.000000357627869, 0.0006387233734130859, 0.0002509206533432007;
 -0.0006387531757354736, 1.000000238418579, -0.0001866519451141357;
 -0.0002511143684387207, 0.0001865550875663757, 1.000000238418579]
2020/03/08 15:45:45 081631	INFO [input.cpp->run:256]	frame times (ms): 45.352
2020/03/08 15:45:45 081634	INFO [input.cpp->run:257]	FPS: 22.0497
2020/03/08 15:45:45 122833	INFO [input.cpp->run:173]	
frame_id 99
2020/03/08 15:45:45 148824	WARNING [visualOdometry.cpp->trackingFrame2Frame:179]	The Estimated Rotation and translation matrices(using getTransformation function) are : 
    0.999999  0.000154749  -0.00141358    0.0131174
-0.000153735            1  0.000714678  -0.00195765
  0.00141367 -0.000714453     0.999999    0.0048337
           0            0            0            1
2020/03/08 15:45:45 151188	INFO [input.cpp->run:235]	rotation: 
[0.9999989867210388, 0.0001547485589981079, -0.001413583755493164;
 -0.0001537352800369263, 0.9999998211860657, 0.0007146783173084259;
 0.001413673162460327, -0.000714452937245369, 0.9999987483024597]
2020/03/08 15:45:45 151221	INFO [input.cpp->run:256]	frame times (ms): 50.361
2020/03/08 15:45:45 151223	INFO [input.cpp->run:257]	FPS: 19.8566
2020/03/08 15:45:45 190385	INFO [input.cpp->run:173]	
frame_id 100
2020/03/08 15:45:45 212503	WARNING [visualOdometry.cpp->trackingFrame2Frame:179]	The Estimated Rotation and translation matrices(using getTransformation function) are : 
    0.999999 -0.000252023   0.00158255  -0.00985038
 0.000245273     0.999991   0.00418371   -0.0228316
 -0.00158359  -0.00418328      0.99999    0.0118365
           0            0            0            1
2020/03/08 15:45:45 213761	INFO [input.cpp->run:235]	rotation: 
[0.9999986886978149, -0.0002520233392715454, 0.001582551747560501;
 0.0002452731132507324, 0.9999909400939941, 0.004183708224445581;
 -0.001583589240908623, -0.004183277022093534, 0.9999898672103882]
2020/03/08 15:45:45 213787	INFO [input.cpp->run:256]	frame times (ms): 39.315
2020/03/08 15:45:45 213789	INFO [input.cpp->run:257]	FPS: 25.4356
2020/03/08 15:45:45 256489	INFO [input.cpp->run:173]	
frame_id 101
2020/03/08 15:45:45 280306	WARNING [visualOdometry.cpp->trackingFrame2Frame:179]	The Estimated Rotation and translation matrices(using getTransformation function) are : 
    0.999999  0.000808999  -0.00107598     0.011443
-0.000811487     0.999997  -0.00231946    0.0171378
  0.00107408   0.00232033     0.999997  -0.00710487
           0            0            0            1
2020/03/08 15:45:45 282935	INFO [input.cpp->run:235]	rotation: 
[0.9999988079071045, 0.0008089989423751831, -0.001075983047485352;
 -0.0008114874362945557, 0.9999966621398926, -0.002319455146789551;
 0.001074075698852539, 0.002320334315299988, 0.9999966621398926]
2020/03/08 15:45:45 282965	INFO [input.cpp->run:256]	frame times (ms): 45.926
2020/03/08 15:45:45 282968	INFO [input.cpp->run:257]	FPS: 21.7742
2020/03/08 15:45:45 322801	INFO [input.cpp->run:173]	
frame_id 102
2020/03/08 15:45:45 346661	WARNING [visualOdometry.cpp->trackingFrame2Frame:179]	The Estimated Rotation and translation matrices(using getTransformation function) are : 
    0.999998 -0.000838235  -0.00149533    0.0112456
  0.00083866            1  0.000255244  -0.00324881
  0.00149512 -0.000256483     0.999999  -0.00403309
           0            0            0            1
2020/03/08 15:45:45 348052	INFO [input.cpp->run:235]	rotation: 
[0.9999983906745911, -0.0008382350206375122, -0.001495331525802612;
 0.0008386597037315369, 0.9999997615814209, 0.000255244318395853;
 0.001495122909545898, -0.0002564829774200916, 0.999998927116394]
2020/03/08 15:45:45 348082	INFO [input.cpp->run:256]	frame times (ms): 45.614
2020/03/08 15:45:45 348086	INFO [input.cpp->run:257]	FPS: 21.9231
2020/03/08 15:45:45 389876	INFO [input.cpp->run:173]	
frame_id 103
2020/03/08 15:45:45 419106	WARNING [visualOdometry.cpp->trackingFrame2Frame:179]	The Estimated Rotation and translation matrices(using getTransformation function) are : 
    0.999999  0.000833124  -0.00117113   0.00698972
-0.000837237     0.999994  -0.00345192    0.0223364
  0.00116828   0.00345287     0.999994   -0.0101333
           0            0            0            1
2020/03/08 15:45:45 420648	INFO [input.cpp->run:235]	rotation: 
[0.9999991655349731, 0.0008331239223480225, -0.001171126961708069;
 -0.0008372366428375244, 0.999993622303009, -0.003451919183135033;
 0.001168280839920044, 0.00345287099480629, 0.9999935626983643]
2020/03/08 15:45:45 420685	INFO [input.cpp->run:256]	frame times (ms): 53.48
2020/03/08 15:45:45 420688	INFO [input.cpp->run:257]	FPS: 18.6986
2020/03/08 15:45:45 456005	INFO [input.cpp->run:173]	
frame_id 104
2020/03/08 15:45:45 478903	WARNING [visualOdometry.cpp->trackingFrame2Frame:179]	The Estimated Rotation and translation matrices(using getTransformation function) are : 
    0.999997  -0.00176138   0.00167556  -0.00951529
  0.00176028     0.999998  0.000659708  -0.00482893
 -0.00167672 -0.000656784     0.999999    0.0011816
           0            0            0            1
2020/03/08 15:45:45 480254	INFO [input.cpp->run:235]	rotation: 
[0.9999974966049194, -0.001761382911354303, 0.001675563864409924;
 0.001760282553732395, 0.9999983310699463, 0.0006597075844183564;
 -0.001676722429692745, -0.0006567842792719603, 0.9999986290931702]
2020/03/08 15:45:45 480279	INFO [input.cpp->run:256]	frame times (ms): 42.963
2020/03/08 15:45:45 480282	INFO [input.cpp->run:257]	FPS: 23.2758
2020/03/08 15:45:45 522666	INFO [input.cpp->run:173]	
frame_id 105
2020/03/08 15:45:45 550965	WARNING [visualOdometry.cpp->trackingFrame2Frame:179]	The Estimated Rotation and translation matrices(using getTransformation function) are : 
    0.999997 -0.000379354    0.0023348   -0.0132546
  0.00037089     0.999993   0.00362124     -0.03052
  -0.0023362   -0.0036203     0.999991   -0.0109258
           0            0            0            1
2020/03/08 15:45:45 552449	INFO [input.cpp->run:235]	rotation: 
[0.9999971389770508, -0.0003793537616729736, 0.002334803342819214;
 0.0003708899021148682, 0.9999933242797852, 0.003621235489845276;
 -0.002336204051971436, -0.003620296716690063, 0.9999905824661255]
2020/03/08 15:45:45 552485	INFO [input.cpp->run:256]	frame times (ms): 53.155
2020/03/08 15:45:45 552489	INFO [input.cpp->run:257]	FPS: 18.8129
2020/03/08 15:45:45 589309	INFO [input.cpp->run:173]	
frame_id 106
2020/03/08 15:45:45 612268	WARNING [visualOdometry.cpp->trackingFrame2Frame:179]	The Estimated Rotation and translation matrices(using getTransformation function) are : 
     0.99999  -0.00226644   0.00397843   -0.0296369
  0.00227004     0.999997 -0.000905754  -0.00182366
  -0.0039764  0.000914812     0.999992   0.00436783
           0            0            0            1
2020/03/08 15:45:45 613581	INFO [input.cpp->run:235]	rotation: 
[0.9999897480010986, -0.002266436815261841, 0.003978431224822998;
 0.002270042896270752, 0.9999972581863403, -0.0009057540446519852;
 -0.003976404666900635, 0.0009148120880126953, 0.9999916553497314]
2020/03/08 15:45:45 613605	INFO [input.cpp->run:256]	frame times (ms): 43.581
2020/03/08 15:45:45 613608	INFO [input.cpp->run:257]	FPS: 22.9458
2020/03/08 15:45:45 655985	INFO [input.cpp->run:173]	
frame_id 107
2020/03/08 15:45:45 680012	WARNING [visualOdometry.cpp->trackingFrame2Frame:179]	The Estimated Rotation and translation matrices(using getTransformation function) are : 
    0.999994   0.00342698  0.000244349   -0.0316035
 -0.00342678     0.999994  -0.00065165  -0.00312066
-0.000246644   0.00065092            1   0.00437927
           0            0            0            1
2020/03/08 15:45:45 682211	INFO [input.cpp->run:235]	rotation: 
[0.9999940991401672, 0.003426983952522278, 0.0002443492412567139;
 -0.003426775336265564, 0.9999939799308777, -0.0006516501307487488;
 -0.0002466440200805664, 0.0006509199738502502, 0.9999995231628418]
2020/03/08 15:45:45 682236	INFO [input.cpp->run:256]	frame times (ms): 45.772
2020/03/08 15:45:45 682238	INFO [input.cpp->run:257]	FPS: 21.8474
2020/03/08 15:45:45 723339	INFO [input.cpp->run:173]	
frame_id 108
2020/03/08 15:45:45 745558	WARNING [visualOdometry.cpp->trackingFrame2Frame:179]	The Estimated Rotation and translation matrices(using getTransformation function) are : 
    0.999972   0.00741032 -0.000741199   0.00296533
 -0.00741088     0.999972 -0.000585116    0.0125893
 0.000736862  0.000590723            1  -0.00141954
           0            0            0            1
2020/03/08 15:45:45 747676	INFO [input.cpp->run:235]	rotation: 
[0.9999724626541138, 0.007410317659378052, -0.0007411986589431763;
 -0.007410883903503418, 0.9999723434448242, -0.000585116446018219;
 0.0007368624210357666, 0.0005907230079174042, 0.9999997615814209]
2020/03/08 15:45:45 747701	INFO [input.cpp->run:256]	frame times (ms): 43.302
2020/03/08 15:45:45 747703	INFO [input.cpp->run:257]	FPS: 23.0936
2020/03/08 15:45:45 790027	INFO [input.cpp->run:173]	
frame_id 109
2020/03/08 15:45:45 817903	WARNING [visualOdometry.cpp->trackingFrame2Frame:179]	The Estimated Rotation and translation matrices(using getTransformation function) are : 
    0.999991   0.00403978  -0.00130963    0.0164989
 -0.00403935     0.999992  0.000407912    0.0167928
  0.00131117 -0.000402652     0.999999    0.0063386
           0            0            0            1
2020/03/08 15:45:45 819295	INFO [input.cpp->run:235]	rotation: 
[0.9999912977218628, 0.004039779305458069, -0.001309633255004883;
 -0.004039347171783447, 0.9999917149543762, 0.0004079118371009827;
 0.001311168074607849, -0.0004026517271995544, 0.9999991655349731]
2020/03/08 15:45:45 819322	INFO [input.cpp->run:256]	frame times (ms): 51.984
2020/03/08 15:45:45 819324	INFO [input.cpp->run:257]	FPS: 19.2367
2020/03/08 15:45:45 855844	INFO [input.cpp->run:173]	
frame_id 110
2020/03/08 15:45:45 879952	WARNING [visualOdometry.cpp->trackingFrame2Frame:179]	The Estimated Rotation and translation matrices(using getTransformation function) are : 
    0.999993    0.0036782  0.000856891  -0.00892949
 -0.00368755     0.999932    0.0110889    -0.026876
-0.000816077    -0.011092     0.999938    0.0332975
           0            0            0            1
2020/03/08 15:45:45 882875	INFO [input.cpp->run:235]	rotation: 
[0.9999933242797852, 0.003678202629089355, 0.0008568912744522095;
 -0.003687545657157898, 0.9999319314956665, 0.01108894869685173;
 -0.0008160769939422607, -0.01109204068779945, 0.9999383687973022]
2020/03/08 15:45:45 882906	INFO [input.cpp->run:256]	frame times (ms): 47.773
2020/03/08 15:45:45 882908	INFO [input.cpp->run:257]	FPS: 20.9323
2020/03/08 15:45:45 922695	INFO [input.cpp->run:173]	
frame_id 111
2020/03/08 15:45:45 948999	WARNING [visualOdometry.cpp->trackingFrame2Frame:179]	The Estimated Rotation and translation matrices(using getTransformation function) are : 
   0.999848 -0.00268569   0.0172339  -0.0877134
 0.00292656    0.999898  -0.0139662    0.118065
 -0.0171946   0.0140145    0.999754  -0.0926189
          0           0           0           1
2020/03/08 15:45:45 950379	INFO [input.cpp->run:235]	rotation: 
[0.9998477697372437, -0.002685691229999065, 0.01723385602235794;
 0.002926564775407314, 0.9998980164527893, -0.01396618783473969;
 -0.01719461381435394, 0.01401451230049133, 0.9997538328170776]
2020/03/08 15:45:45 950411	INFO [input.cpp->run:256]	frame times (ms): 49.607
2020/03/08 15:45:45 950415	INFO [input.cpp->run:257]	FPS: 20.1584
2020/03/08 15:45:45 990236	INFO [input.cpp->run:173]	
frame_id 112
2020/03/08 15:45:46 015517	WARNING [visualOdometry.cpp->trackingFrame2Frame:179]	The Estimated Rotation and translation matrices(using getTransformation function) are : 
    0.99997 -0.00766943 -0.00118761   0.0334828
 0.00768603    0.999863   0.0146645  -0.0831528
 0.00107501  -0.0146732    0.999892   0.0526323
          0           0           0           1
2020/03/08 15:45:46 017725	INFO [input.cpp->run:235]	rotation: 
[0.9999697208404541, -0.007669433951377869, -0.001187607645988464;
 0.007686033844947815, 0.9998629689216614, 0.01466445997357368;
 0.001075014472007751, -0.01467324793338776, 0.9998918771743774]
2020/03/08 15:45:46 017760	INFO [input.cpp->run:256]	frame times (ms): 47.723
2020/03/08 15:45:46 017763	INFO [input.cpp->run:257]	FPS: 20.9543
2020/03/08 15:45:46 056324	INFO [input.cpp->run:173]	
frame_id 113
2020/03/08 15:45:46 080282	WARNING [visualOdometry.cpp->trackingFrame2Frame:179]	The Estimated Rotation and translation matrices(using getTransformation function) are : 
   0.999981 -0.00464977 -0.00399596   0.0583593
 0.00464204    0.999987 -0.00192832  -0.0140299
 0.00400487  0.00190975     0.99999  -0.0108232
          0           0           0           1
2020/03/08 15:45:46 081706	INFO [input.cpp->run:235]	rotation: 
[0.9999812245368958, -0.004649773240089417, -0.00399596244096756;
 0.00464203953742981, 0.9999872446060181, -0.001928317360579967;
 0.004004873335361481, 0.00190974585711956, 0.9999903440475464]
2020/03/08 15:45:46 081733	INFO [input.cpp->run:256]	frame times (ms): 46.143
2020/03/08 15:45:46 081736	INFO [input.cpp->run:257]	FPS: 21.6718
2020/03/08 15:45:46 123097	INFO [input.cpp->run:173]	
frame_id 114
2020/03/08 15:45:46 147773	WARNING [visualOdometry.cpp->trackingFrame2Frame:179]	The Estimated Rotation and translation matrices(using getTransformation function) are : 
   0.999973 -0.00320421 -0.00663779   0.0695295
 0.00319201    0.999993 -0.00185334  -0.0324086
 0.00664368  0.00183197    0.999976 -0.00962687
          0           0           0           1
2020/03/08 15:45:46 150244	INFO [input.cpp->run:235]	rotation: 
[0.9999728202819824, -0.003204211592674255, -0.006637793034315109;
 0.003192007541656494, 0.9999933242797852, -0.001853344962000847;
 0.006643682718276978, 0.001831965986639261, 0.9999762177467346]
2020/03/08 15:45:46 150272	INFO [input.cpp->run:256]	frame times (ms): 47.976
2020/03/08 15:45:46 150275	INFO [input.cpp->run:257]	FPS: 20.8438
2020/03/08 15:45:46 189297	INFO [input.cpp->run:173]	
frame_id 115
2020/03/08 15:45:46 211536	WARNING [visualOdometry.cpp->trackingFrame2Frame:179]	The Estimated Rotation and translation matrices(using getTransformation function) are : 
   0.999958  0.00188482 -0.00902215    0.109604
-0.00194626    0.999975 -0.00680402 -0.00377285
  0.0090091   0.0068212    0.999936  -0.0241742
          0           0           0           1
2020/03/08 15:45:46 214136	INFO [input.cpp->run:235]	rotation: 
[0.9999576807022095, 0.001884818077087402, -0.009022151120007038;
 -0.001946259289979935, 0.9999750256538391, -0.006804022006690502;
 0.009009098634123802, 0.00682119932025671, 0.9999362826347351]
2020/03/08 15:45:46 214168	INFO [input.cpp->run:256]	frame times (ms): 43.314
2020/03/08 15:45:46 214170	INFO [input.cpp->run:257]	FPS: 23.0872
g3log g3FileSink shutdown at: 15:45:46 391011
