		g3log created log at: Sun Mar 08 16:05:12 2020
		LOG format: [YYYY/MM/DD hh:mm:ss uuu* LEVEL FILE->FUNCTION:LINE] message		(uuu*: microseconds fractions of the seconds value)

2020/03/08 16:05:12 253674	INFO [g3logger.h->logBanner:29]	Starting log.
2020/03/08 16:05:12 258283	DEBUG [main.cpp->main:49]	Filepath: /home/mitchell/KITTI/data_odometry_gray/dataset/sequences/00/
2020/03/08 16:05:12 258289	DEBUG [main.cpp->main:53]	Calibration Filepath: /home/mitchell/visual_odom_ws/src/visual_odom/calibration/old/zed.yaml
2020/03/08 16:05:12 258369	INFO [main.cpp->main:67]	P_left: 
[718.85602, 0, 607.19281, 0;
 0, 718.85602, 185.2157, 0;
 0, 0, 1, 0]
2020/03/08 16:05:12 258378	INFO [main.cpp->main:68]	P_right: 
[718.85602, 0, 607.19281, -386.14481;
 0, 718.85602, 185.2157, 0;
 0, 0, 1, 0]
2020/03/08 16:05:12 305507	INFO [input.cpp->Input:22]	frame_pose [1, 0, 0, 0;
 0, 1, 0, 0;
 0, 0, 1, 0;
 0, 0, 0, 1]
2020/03/08 16:05:12 573689	INFO [input.cpp->run:173]	
frame_id 1
2020/03/08 16:05:12 678587	INFO [input.cpp->run:235]	rotation: 
[0.9999976737398976, 0.002066947710949816, 0.0006166376193609514;
 -0.002070190902821781, 0.9999837800096565, 0.005306036866135486;
 -0.0006056603167500457, -0.005307301080503561, 0.9999857327636338]
2020/03/08 16:05:12 678639	INFO [input.cpp->run:256]	frame times (ms): 127.606
2020/03/08 16:05:12 678642	INFO [input.cpp->run:257]	FPS: 7.83662
2020/03/08 16:05:12 691451	INFO [input.cpp->run:173]	
frame_id 2
2020/03/08 16:05:12 722825	INFO [input.cpp->run:235]	rotation: 
[0.9999969594125938, 0.002198073900646376, -0.001117871501758684;
 -0.002192008063493889, 0.999983023776902, 0.005398820116785218;
 0.001129719530115666, -0.005396353317854958, 0.9999848014368279]
2020/03/08 16:05:12 722855	INFO [input.cpp->run:256]	frame times (ms): 47.276
2020/03/08 16:05:12 722857	INFO [input.cpp->run:257]	FPS: 21.1524
2020/03/08 16:05:12 726273	INFO [input.cpp->run:173]	
frame_id 3
2020/03/08 16:05:12 755910	INFO [input.cpp->run:235]	rotation: 
[0.999996807865188, 0.001429811826036295, -0.002083242083033209;
 -0.001419978074477763, 0.99998787961223, 0.004714264619648321;
 0.002089957344635581, -0.004711291412998379, 0.9999867178175516]
2020/03/08 16:05:12 755934	INFO [input.cpp->run:256]	frame times (ms): 43.592
2020/03/08 16:05:12 755936	INFO [input.cpp->run:257]	FPS: 22.94
2020/03/08 16:05:12 765530	INFO [input.cpp->run:173]	
frame_id 4
2020/03/08 16:05:12 795278	INFO [input.cpp->run:235]	rotation: 
[0.9999921058467358, 0.003610577286482478, 0.001658908035170119;
 -0.003621874080871942, 0.9999699244737371, 0.006858000884420862;
 -0.001634096800413973, -0.006863955102325927, 0.9999751076141846]
2020/03/08 16:05:12 795315	INFO [input.cpp->run:256]	frame times (ms): 43.677
2020/03/08 16:05:12 795319	INFO [input.cpp->run:257]	FPS: 22.8953
2020/03/08 16:05:12 831859	INFO [input.cpp->run:173]	
frame_id 5
2020/03/08 16:05:12 862983	INFO [input.cpp->run:235]	rotation: 
[0.999999765256726, 0.0004389671751699822, -0.0005261124518860489;
 -0.000441048216956511, 0.9999920542207132, -0.003961940422132085;
 0.000524369109717331, 0.003962171533052042, 0.9999920130849943]
2020/03/08 16:05:12 863018	INFO [input.cpp->run:256]	frame times (ms): 45.309
2020/03/08 16:05:12 863021	INFO [input.cpp->run:257]	FPS: 22.0707
2020/03/08 16:05:12 898718	INFO [input.cpp->run:173]	
frame_id 6
2020/03/08 16:05:12 929420	INFO [input.cpp->run:235]	rotation: 
[0.9999421315939806, 0.008475247651983698, 0.006625982230881219;
 -0.008569872691981357, 0.9998597990591062, 0.01438539215756761;
 -0.006503133500831815, -0.01444134352203147, 0.9998745705597023]
2020/03/08 16:05:12 929451	INFO [input.cpp->run:256]	frame times (ms): 44.001
2020/03/08 16:05:12 929454	INFO [input.cpp->run:257]	FPS: 22.7268
2020/03/08 16:05:12 965365	INFO [input.cpp->run:173]	
frame_id 7
2020/03/08 16:05:12 994204	INFO [input.cpp->run:235]	rotation: 
[0.9999958450848963, 0.00217585503052333, -0.001890890750519345;
 -0.002196654125971296, 0.9999363343319788, -0.0110680618617697;
 0.001866687867616483, 0.01107216950788119, 0.9999369592823307]
2020/03/08 16:05:12 994245	INFO [input.cpp->run:256]	frame times (ms): 42.734
2020/03/08 16:05:12 994247	INFO [input.cpp->run:257]	FPS: 23.4006
2020/03/08 16:05:13 032175	INFO [input.cpp->run:173]	
frame_id 8
2020/03/08 16:05:13 063225	INFO [input.cpp->run:235]	rotation: 
[0.9999962709114295, 0.002568540903622949, -0.0009277719878215808;
 -0.002562606720089776, 0.9999766076438196, 0.006341704183952068;
 0.000944039211643945, -0.006339303020444776, 0.9999794608026616]
2020/03/08 16:05:13 063257	INFO [input.cpp->run:256]	frame times (ms): 47.602
2020/03/08 16:05:13 063259	INFO [input.cpp->run:257]	FPS: 21.0075
2020/03/08 16:05:13 098519	INFO [input.cpp->run:173]	
frame_id 9
2020/03/08 16:05:13 134199	INFO [input.cpp->run:235]	rotation: 
[0.9998914264508501, 0.009548136361625489, 0.0112235645899208;
 -0.009701893716395342, 0.9998587272775411, 0.01372584224196906;
 -0.01109092279299101, -0.01383324180933229, 0.9998428040710422]
2020/03/08 16:05:13 134224	INFO [input.cpp->run:256]	frame times (ms): 53.966
2020/03/08 16:05:13 134226	INFO [input.cpp->run:257]	FPS: 18.5302
2020/03/08 16:05:13 164987	INFO [input.cpp->run:173]	
frame_id 10
2020/03/08 16:05:13 193468	INFO [input.cpp->run:235]	rotation: 
[0.9999989984454779, 0.001202184631631047, -0.0007469003632165789;
 -0.001203261437769765, 0.999998235060061, -0.001442927120576981;
 0.0007451643801733762, 0.001443824391811713, 0.9999986800497149]
2020/03/08 16:05:13 193496	INFO [input.cpp->run:256]	frame times (ms): 43.271
2020/03/08 16:05:13 193499	INFO [input.cpp->run:257]	FPS: 23.1102
2020/03/08 16:05:13 231861	INFO [input.cpp->run:173]	
frame_id 11
2020/03/08 16:05:13 263771	INFO [input.cpp->run:235]	rotation: 
[0.9999999770000081, 0.0002021190240816497, -7.174875224034886e-05;
 -0.0002023375101925209, 0.9999953028497437, -0.003058322739896555;
 7.113027001816429e-05, 0.003058337187019044, 0.9999953207461199]
2020/03/08 16:05:13 263799	INFO [input.cpp->run:256]	frame times (ms): 47.712
2020/03/08 16:05:13 263801	INFO [input.cpp->run:257]	FPS: 20.9591
2020/03/08 16:05:13 298406	INFO [input.cpp->run:173]	
frame_id 12
2020/03/08 16:05:13 327258	INFO [input.cpp->run:235]	rotation: 
[0.9999954512206074, 0.002986667460193865, -0.0004211360539463261;
 -0.002983747142337131, 0.9999726155474581, 0.006772400472958256;
 0.0004413514294860291, -0.00677111310330505, 0.9999769783531308]
2020/03/08 16:05:13 327286	INFO [input.cpp->run:256]	frame times (ms): 43.248
2020/03/08 16:05:13 327288	INFO [input.cpp->run:257]	FPS: 23.1225
2020/03/08 16:05:13 364897	INFO [input.cpp->run:173]	
frame_id 13
2020/03/08 16:05:13 395283	INFO [input.cpp->run:235]	rotation: 
[0.999988949228799, 0.004559731563372061, -0.00114466953855413;
 -0.004545423058498597, 0.9999151716359896, 0.01220609115928386;
 0.001200228937234225, -0.0122007532652483, 0.9999248477111962]
2020/03/08 16:05:13 395316	INFO [input.cpp->run:256]	frame times (ms): 44.68
2020/03/08 16:05:13 395318	INFO [input.cpp->run:257]	FPS: 22.3814
2020/03/08 16:05:13 431698	INFO [input.cpp->run:173]	
frame_id 14
2020/03/08 16:05:13 462841	INFO [input.cpp->run:235]	rotation: 
[0.9999902014621949, 0.004409989589848357, -0.0003859681545468416;
 -0.004404920260779132, 0.9999149654840664, 0.01227430154812996;
 0.0004400648759815666, -0.01227248111897823, 0.9999245934319694]
2020/03/08 16:05:13 462873	INFO [input.cpp->run:256]	frame times (ms): 46.294
2020/03/08 16:05:13 462875	INFO [input.cpp->run:257]	FPS: 21.6011
2020/03/08 16:05:13 498279	INFO [input.cpp->run:173]	
frame_id 15
2020/03/08 16:05:13 526261	INFO [input.cpp->run:235]	rotation: 
[0.9999970349908451, 0.002254856917998106, -0.000919581316547819;
 -0.00224953275851428, 0.9999809367937491, 0.005750274033846697;
 0.0009325298315651213, -0.005748188355935852, 0.9999830442156197]
2020/03/08 16:05:13 526290	INFO [input.cpp->run:256]	frame times (ms): 42.91
2020/03/08 16:05:13 526292	INFO [input.cpp->run:257]	FPS: 23.3046
2020/03/08 16:05:13 565162	INFO [input.cpp->run:173]	
frame_id 16
2020/03/08 16:05:13 596942	INFO [input.cpp->run:235]	rotation: 
[0.9999989083139156, 0.001421520824360516, -0.0004032983050767825;
 -0.001420623645041561, 0.9999965350545877, 0.002216237188971851;
 0.0004064473349860163, -0.002215661834428354, 0.999997462818381]
2020/03/08 16:05:13 596966	INFO [input.cpp->run:256]	frame times (ms): 48.323
2020/03/08 16:05:13 596968	INFO [input.cpp->run:257]	FPS: 20.6941
2020/03/08 16:05:13 631584	INFO [input.cpp->run:173]	
frame_id 17
2020/03/08 16:05:13 660492	INFO [input.cpp->run:235]	rotation: 
[0.999987330769844, 0.003796505764282452, 0.003305275145022121;
 -0.003816031121620379, 0.9999751883162149, 0.00592120413677264;
 -0.00328271324994365, -0.005933742152493554, 0.9999770069845538]
2020/03/08 16:05:13 660520	INFO [input.cpp->run:256]	frame times (ms): 43.793
2020/03/08 16:05:13 660522	INFO [input.cpp->run:257]	FPS: 22.8347
2020/03/08 16:05:13 736053	INFO [input.cpp->run:173]	
frame_id 18
2020/03/08 16:05:13 793289	INFO [input.cpp->run:235]	rotation: 
[0.9999166523071222, 0.00837633882771632, 0.009824733419328852;
 -0.00847747604092379, 0.9999110370925577, 0.01029807265760709;
 -0.009737599236626465, -0.01038050327918081, 0.9998987070262556]
2020/03/08 16:05:13 793315	INFO [input.cpp->run:256]	frame times (ms): 83.954
2020/03/08 16:05:13 793317	INFO [input.cpp->run:257]	FPS: 11.9113
2020/03/08 16:05:13 801956	INFO [input.cpp->run:173]	
frame_id 19
2020/03/08 16:05:13 830110	INFO [input.cpp->run:235]	rotation: 
[0.9999943758438985, 0.002867551544036457, -0.001739375955374671;
 -0.002852047375634199, 0.9999567568385662, 0.008851569276898093;
 0.001764683070406554, -0.008846558711661968, 0.9999593113185267]
2020/03/08 16:05:13 830137	INFO [input.cpp->run:256]	frame times (ms): 43.518
2020/03/08 16:05:13 830139	INFO [input.cpp->run:257]	FPS: 22.979
2020/03/08 16:05:13 867270	INFO [input.cpp->run:173]	
frame_id 20
2020/03/08 16:05:13 895001	INFO [input.cpp->run:235]	rotation: 
[0.9999989161746947, 0.001027198894040538, -0.001054756781382073;
 -0.001024952765488853, 0.9999972108386748, 0.002127859652212582;
 0.001056939574576677, -0.002126776270104449, 0.9999971798467396]
2020/03/08 16:05:13 895026	INFO [input.cpp->run:256]	frame times (ms): 42.881
2020/03/08 16:05:13 895029	INFO [input.cpp->run:257]	FPS: 23.3204
2020/03/08 16:05:13 933998	INFO [input.cpp->run:173]	
frame_id 21
2020/03/08 16:05:13 965687	INFO [input.cpp->run:235]	rotation: 
[0.9999990102027839, 0.001010184721569625, -0.0009793468643721497;
 -0.001009078020843843, 0.9999988525703724, 0.001129875872149375;
 0.0009804871239838574, -0.001128886516405762, 0.9999988821294916]
2020/03/08 16:05:13 965710	INFO [input.cpp->run:256]	frame times (ms): 47.63
2020/03/08 16:05:13 965712	INFO [input.cpp->run:257]	FPS: 20.9952
2020/03/08 16:05:14 000764	INFO [input.cpp->run:173]	
frame_id 22
2020/03/08 16:05:14 028196	INFO [input.cpp->run:235]	rotation: 
[0.9999989061792072, 0.0007057480023684683, -0.001299830814526421;
 -0.000704616272636104, 0.9999993725009393, 0.0008709268832792235;
 0.001300444653791889, -0.0008700100486977003, 0.9999987759623596]
2020/03/08 16:05:14 028219	INFO [input.cpp->run:256]	frame times (ms): 41.53
2020/03/08 16:05:14 028222	INFO [input.cpp->run:257]	FPS: 24.079
2020/03/08 16:05:14 067421	INFO [input.cpp->run:173]	
frame_id 23
2020/03/08 16:05:14 102651	INFO [input.cpp->run:235]	rotation: 
[0.999991566333988, 0.003571503450356519, 0.00202771398411082;
 -0.003582506365536862, 0.9999787378024669, 0.005448815570932942;
 -0.002008210406843606, -0.005456033915697821, 0.9999830992496186]
2020/03/08 16:05:14 102676	INFO [input.cpp->run:256]	frame times (ms): 52.945
2020/03/08 16:05:14 102678	INFO [input.cpp->run:257]	FPS: 18.8875
2020/03/08 16:05:14 133854	INFO [input.cpp->run:173]	
frame_id 24
2020/03/08 16:05:14 161892	INFO [input.cpp->run:235]	rotation: 
[0.9999678722989007, 0.0003854084512464972, -0.008006611663812072;
 -0.000318562940047468, 0.9999651008642398, 0.00834838734270028;
 0.008009549779020794, -0.00834556851845563, 0.9999330970612189]
2020/03/08 16:05:14 161916	INFO [input.cpp->run:256]	frame times (ms): 42.488
2020/03/08 16:05:14 161918	INFO [input.cpp->run:257]	FPS: 23.5361
2020/03/08 16:05:14 200436	INFO [input.cpp->run:173]	
frame_id 25
2020/03/08 16:05:14 228190	INFO [input.cpp->run:235]	rotation: 
[0.9999936644857387, 0.00354020625602101, -0.0003713866565852147;
 -0.003536265146995751, 0.9999424974294591, 0.01012406357873607;
 0.0004072065741155924, -0.01012268611589714, 0.9999486813875025]
2020/03/08 16:05:14 228214	INFO [input.cpp->run:256]	frame times (ms): 42.009
2020/03/08 16:05:14 228216	INFO [input.cpp->run:257]	FPS: 23.8044
2020/03/08 16:05:14 267436	INFO [input.cpp->run:173]	
frame_id 26
2020/03/08 16:05:14 298764	INFO [input.cpp->run:235]	rotation: 
[0.9999893898127233, 0.001147262223584624, -0.004461395674858906;
 -0.001136615540316745, 0.999996502283425, 0.002388205608744802;
 0.004464119968238371, -0.002383109377780492, 0.9999871961293318]
2020/03/08 16:05:14 298788	INFO [input.cpp->run:256]	frame times (ms): 46.74
2020/03/08 16:05:14 298792	INFO [input.cpp->run:257]	FPS: 21.395
2020/03/08 16:05:14 333766	INFO [input.cpp->run:173]	
frame_id 27
2020/03/08 16:05:14 362977	INFO [input.cpp->run:235]	rotation: 
[0.9999391389427662, 0.007457067671999505, 0.008130839571315236;
 -0.00753539673665586, 0.9999250845926665, 0.009645879864994086;
 -0.008058300467247551, -0.009706561908519516, 0.9999204200582642]
2020/03/08 16:05:14 363001	INFO [input.cpp->run:256]	frame times (ms): 45.518
2020/03/08 16:05:14 363004	INFO [input.cpp->run:257]	FPS: 21.9693
2020/03/08 16:05:14 401027	INFO [input.cpp->run:173]	
frame_id 28
2020/03/08 16:05:14 432939	INFO [input.cpp->run:235]	rotation: 
[0.99994691982652, 0.0070670267323165, 0.00749764380455497;
 -0.007136221679964772, 0.9999318217092058, 0.009242633469065913;
 -0.007431814690212498, -0.00929564771674468, 0.9999291770240213]
2020/03/08 16:05:14 432964	INFO [input.cpp->run:256]	frame times (ms): 47.729
2020/03/08 16:05:14 432967	INFO [input.cpp->run:257]	FPS: 20.9516
2020/03/08 16:05:14 467137	INFO [input.cpp->run:173]	
frame_id 29
2020/03/08 16:05:14 495283	INFO [input.cpp->run:235]	rotation: 
[0.9999995086856279, 0.0007876563546726622, -0.0006018521162074921;
 -0.0007868783009191231, 0.9999988558939719, 0.001291910711676866;
 0.0006028690093065798, -0.00129143649257196, 0.9999989843698559]
2020/03/08 16:05:14 495307	INFO [input.cpp->run:256]	frame times (ms): 41.829
2020/03/08 16:05:14 495309	INFO [input.cpp->run:257]	FPS: 23.9069
2020/03/08 16:05:14 534259	INFO [input.cpp->run:173]	
frame_id 30
2020/03/08 16:05:14 564400	INFO [input.cpp->run:235]	rotation: 
[0.9999990345034657, 0.001203205442897279, -0.0006951897572887482;
 -0.001201564458715114, 0.9999965025133775, 0.002356099289972526;
 0.0006980221973615733, -0.002355261699862406, 0.9999969827491166]
2020/03/08 16:05:14 564427	INFO [input.cpp->run:256]	frame times (ms): 45.575
2020/03/08 16:05:14 564430	INFO [input.cpp->run:257]	FPS: 21.9419
2020/03/08 16:05:14 600825	INFO [input.cpp->run:173]	
frame_id 31
2020/03/08 16:05:14 632138	INFO [input.cpp->run:235]	rotation: 
[0.9999968532686389, 0.002150539027461331, -0.001291756444443062;
 -0.002143276289726645, 0.9999820359659185, 0.005597688112279552;
 0.001303771286035283, -0.005594901906899343, 0.999983498490393]
2020/03/08 16:05:14 632165	INFO [input.cpp->run:256]	frame times (ms): 46.898
2020/03/08 16:05:14 632168	INFO [input.cpp->run:257]	FPS: 21.3229
2020/03/08 16:05:14 667213	INFO [input.cpp->run:173]	
frame_id 32
2020/03/08 16:05:14 695927	INFO [input.cpp->run:235]	rotation: 
[0.9999976930259999, 0.002009391329906853, -0.0007591371162637509;
 -0.002007050914283098, 0.9999932694745488, 0.00307127859854725;
 0.0007653034074597184, -0.003069747886344113, 0.9999949954667817]
2020/03/08 16:05:14 695955	INFO [input.cpp->run:256]	frame times (ms): 43.501
2020/03/08 16:05:14 695957	INFO [input.cpp->run:257]	FPS: 22.988
2020/03/08 16:05:14 733848	INFO [input.cpp->run:173]	
frame_id 33
2020/03/08 16:05:14 761728	INFO [input.cpp->run:235]	rotation: 
[0.9999976388417243, 0.00181150829412288, -0.001200311908082339;
 -0.001805754906828332, 0.9999869591285003, 0.004777114416840573;
 0.001208950037357067, -0.00477493566819959, 0.999987869141007]
2020/03/08 16:05:14 761755	INFO [input.cpp->run:256]	frame times (ms): 42.058
2020/03/08 16:05:14 761758	INFO [input.cpp->run:257]	FPS: 23.7767
2020/03/08 16:05:14 800479	INFO [input.cpp->run:173]	
frame_id 34
2020/03/08 16:05:14 831431	INFO [input.cpp->run:235]	rotation: 
[0.9999956696032191, 0.002320708363783742, 0.001809720282205282;
 -0.002331955380711791, 0.9999778266946898, 0.006237636015940263;
 -0.001795204420652507, -0.00624182919145101, 0.9999789081822841]
2020/03/08 16:05:14 831454	INFO [input.cpp->run:256]	frame times (ms): 46.081
2020/03/08 16:05:14 831455	INFO [input.cpp->run:257]	FPS: 21.7009
2020/03/08 16:05:14 867141	INFO [input.cpp->run:173]	
frame_id 35
2020/03/08 16:05:14 895353	INFO [input.cpp->run:235]	rotation: 
[0.9999770456016597, 0.005653994122732656, 0.003733714000338414;
 -0.005705592778030606, 0.9998863215403477, 0.0139567262480699;
 -0.003654378309302898, -0.01397770893145164, 0.9998956291394618]
2020/03/08 16:05:14 895378	INFO [input.cpp->run:256]	frame times (ms): 43.242
2020/03/08 16:05:14 895380	INFO [input.cpp->run:257]	FPS: 23.1257
2020/03/08 16:05:14 933961	INFO [input.cpp->run:173]	
frame_id 36
2020/03/08 16:05:14 963760	INFO [input.cpp->run:235]	rotation: 
[0.9999683924423517, 0.0008729900993762321, 0.007902658068352412;
 -0.0009462540892121208, 0.9999565680663834, 0.009271816655802;
 -0.007894220636488048, -0.009279001518835371, 0.999925787951964]
2020/03/08 16:05:14 963783	INFO [input.cpp->run:256]	frame times (ms): 44.659
2020/03/08 16:05:14 963784	INFO [input.cpp->run:257]	FPS: 22.3919
2020/03/08 16:05:15 000593	INFO [input.cpp->run:173]	
frame_id 37
2020/03/08 16:05:15 029220	INFO [input.cpp->run:235]	rotation: 
[0.9999875384953215, 0.0008812220976621503, -0.004913888651825136;
 -0.000835411102291797, 0.9999562465603626, 0.009317030278016367;
 0.004921884025260199, -0.009312809056664807, 0.9999445217836418]
2020/03/08 16:05:15 029249	INFO [input.cpp->run:256]	frame times (ms): 43.117
2020/03/08 16:05:15 029251	INFO [input.cpp->run:257]	FPS: 23.1927
2020/03/08 16:05:15 067210	INFO [input.cpp->run:173]	
frame_id 38
2020/03/08 16:05:15 096335	INFO [input.cpp->run:235]	rotation: 
[0.9999951999060512, 0.0009655183816598443, -0.002944136394825055;
 -0.0009642122804203456, 0.9999994361279654, 0.0004450150891514368;
 0.002944564404957567, -0.0004421741805700774, 0.9999955670014038]
2020/03/08 16:05:15 096361	INFO [input.cpp->run:256]	frame times (ms): 43.75
2020/03/08 16:05:15 096363	INFO [input.cpp->run:257]	FPS: 22.8571
2020/03/08 16:05:15 133933	INFO [input.cpp->run:173]	
frame_id 39
2020/03/08 16:05:15 166146	INFO [input.cpp->run:235]	rotation: 
[0.9999616001044511, 0.005020234639962672, 0.007183004991327226;
 -0.005098251489639897, 0.9999277646855904, 0.01088454145229838;
 -0.007127843172664333, -0.01092074425294064, 0.9999149619826017]
2020/03/08 16:05:15 166167	INFO [input.cpp->run:256]	frame times (ms): 47.371
2020/03/08 16:05:15 166170	INFO [input.cpp->run:257]	FPS: 21.11
2020/03/08 16:05:15 200398	INFO [input.cpp->run:173]	
frame_id 40
2020/03/08 16:05:15 229218	INFO [input.cpp->run:235]	rotation: 
[0.9999874755481724, 0.004602971456623608, 0.001965044671975753;
 -0.004623201899675472, 0.999935045175124, 0.01041784213825141;
 -0.00191696400284123, -0.01042679645874982, 0.9999438020032024]
2020/03/08 16:05:15 229247	INFO [input.cpp->run:256]	frame times (ms): 43.932
2020/03/08 16:05:15 229251	INFO [input.cpp->run:257]	FPS: 22.7625
2020/03/08 16:05:15 267277	INFO [input.cpp->run:173]	
frame_id 41
2020/03/08 16:05:15 295748	INFO [input.cpp->run:235]	rotation: 
[0.9999731956859319, 0.006073546430524112, 0.004089002741657549;
 -0.006128790987406483, 0.9998882376949264, 0.01363634996496228;
 -0.004005724740630615, -0.01366104509510562, 0.9998986598731953]
2020/03/08 16:05:15 295773	INFO [input.cpp->run:256]	frame times (ms): 42.441
2020/03/08 16:05:15 295777	INFO [input.cpp->run:257]	FPS: 23.5621
2020/03/08 16:05:15 334272	INFO [input.cpp->run:173]	
frame_id 42
2020/03/08 16:05:15 363339	INFO [input.cpp->run:235]	rotation: 
[0.9999943523630221, 0.0008373602348183893, -0.003254853283481297;
 -0.0008339402755000296, 0.9999990989811407, 0.00105194131185887;
 0.003255731204621018, -0.00104922101763228, 0.9999941496576764]
2020/03/08 16:05:15 363363	INFO [input.cpp->run:256]	frame times (ms): 44.291
2020/03/08 16:05:15 363366	INFO [input.cpp->run:257]	FPS: 22.5779
2020/03/08 16:05:15 401186	INFO [input.cpp->run:173]	
frame_id 43
2020/03/08 16:05:15 431397	INFO [input.cpp->run:235]	rotation: 
[0.999968182601103, 0.005430773330556064, 0.00584298609267692;
 -0.00548809319535263, 0.999936534134508, 0.009839132896097828;
 -0.005789181161979565, -0.009870886692697433, 0.9999345233450907]
2020/03/08 16:05:15 431424	INFO [input.cpp->run:256]	frame times (ms): 45.441
2020/03/08 16:05:15 431426	INFO [input.cpp->run:257]	FPS: 22.0066
2020/03/08 16:05:15 467377	INFO [input.cpp->run:173]	
frame_id 44
2020/03/08 16:05:15 495629	INFO [input.cpp->run:235]	rotation: 
[0.9999380618198526, 0.001163105361003254, 0.01106886217621174;
 -0.001241153718727837, 0.9999743999816666, 0.007046908453532035;
 -0.01106038251613629, -0.007060210140298849, 0.9999139069796817]
2020/03/08 16:05:15 495656	INFO [input.cpp->run:256]	frame times (ms): 42.299
2020/03/08 16:05:15 495658	INFO [input.cpp->run:257]	FPS: 23.6412
2020/03/08 16:05:15 534076	INFO [input.cpp->run:173]	
frame_id 45
2020/03/08 16:05:15 564467	INFO [input.cpp->run:235]	rotation: 
[0.999991271890492, 0.0008582660428951722, -0.004088951239098235;
 -0.0008543968581356914, 0.9999991857393717, 0.0009479064312415997;
 0.004089761465528006, -0.000944404570718709, 0.9999911909367811]
2020/03/08 16:05:15 564489	INFO [input.cpp->run:256]	frame times (ms): 45.646
2020/03/08 16:05:15 564491	INFO [input.cpp->run:257]	FPS: 21.9077
2020/03/08 16:05:15 600591	INFO [input.cpp->run:173]	
frame_id 46
2020/03/08 16:05:15 628260	INFO [input.cpp->run:235]	rotation: 
[0.9999215643086553, 0.008268764171722547, 0.009407059562063762;
 -0.008462591457495651, 0.9997487817508076, 0.02075470870909852;
 -0.009233080545262201, -0.02083268890106234, 0.9997403409369836]
2020/03/08 16:05:15 628289	INFO [input.cpp->run:256]	frame times (ms): 41.689
2020/03/08 16:05:15 628292	INFO [input.cpp->run:257]	FPS: 23.9871
2020/03/08 16:05:15 667323	INFO [input.cpp->run:173]	
frame_id 47
2020/03/08 16:05:15 696855	INFO [input.cpp->run:235]	rotation: 
[0.9999747056450684, 0.005107532732840113, 0.004949866608479661;
 -0.005168481016276158, 0.9999100126180633, 0.01237955855953207;
 -0.004886192182381707, -0.012404828718183, 0.9999111187252742]
2020/03/08 16:05:15 696878	INFO [input.cpp->run:256]	frame times (ms): 45.355
2020/03/08 16:05:15 696880	INFO [input.cpp->run:257]	FPS: 22.0483
2020/03/08 16:05:15 733804	INFO [input.cpp->run:173]	
frame_id 48
2020/03/08 16:05:15 766584	INFO [input.cpp->run:235]	rotation: 
[0.9999561534850575, 0.006495730767758414, 0.006745115948656145;
 -0.006559496216012905, 0.9999335976175202, 0.009474880742013138;
 -0.006683121782530316, -0.009518709864054885, 0.9999323627354821]
2020/03/08 16:05:15 766608	INFO [input.cpp->run:256]	frame times (ms): 48.773
2020/03/08 16:05:15 766609	INFO [input.cpp->run:257]	FPS: 20.5031
2020/03/08 16:05:15 800745	INFO [input.cpp->run:173]	
frame_id 49
2020/03/08 16:05:15 828989	INFO [input.cpp->run:235]	rotation: 
[0.9999859660133753, 0.004596664032454866, 0.002634094924129191;
 -0.004627234785022497, 0.9999206158977638, 0.0117196672683504;
 -0.00258001444586367, -0.01173169137035669, 0.9999278528689206]
2020/03/08 16:05:15 829016	INFO [input.cpp->run:256]	frame times (ms): 43.065
2020/03/08 16:05:15 829020	INFO [input.cpp->run:257]	FPS: 23.2207
2020/03/08 16:05:15 867431	INFO [input.cpp->run:173]	
frame_id 50
2020/03/08 16:05:15 901324	INFO [input.cpp->run:235]	rotation: 
[0.9998641736059312, 0.00592989693667526, 0.01537760259756965;
 -0.006033908015473002, 0.9999591739198257, 0.006726250637662211;
 -0.01533708881728152, -0.006818124074864727, 0.9998591335236732]
2020/03/08 16:05:15 901350	INFO [input.cpp->run:256]	frame times (ms): 50.477
2020/03/08 16:05:15 901353	INFO [input.cpp->run:257]	FPS: 19.811
2020/03/08 16:05:15 934205	INFO [input.cpp->run:173]	
frame_id 51
2020/03/08 16:05:15 963073	INFO [input.cpp->run:235]	rotation: 
[0.9999994776652407, 0.0006974673202184475, -0.0007471335777400731;
 -0.0006919718158137557, 0.999972891166665, 0.007330627994059391;
 0.0007522261972829701, -0.007330107169639138, 0.9999728514737937]
2020/03/08 16:05:15 963102	INFO [input.cpp->run:256]	frame times (ms): 43.645
2020/03/08 16:05:15 963104	INFO [input.cpp->run:257]	FPS: 22.9121
2020/03/08 16:05:16 000918	INFO [input.cpp->run:173]	
frame_id 52
2020/03/08 16:05:16 033686	INFO [input.cpp->run:235]	rotation: 
[0.9999854079487338, 0.005157382566378912, 0.001607885153982832;
 -0.005176582203788505, 0.999912486606241, 0.01217465094412946;
 -0.00154495510996523, -0.01218279664067257, 0.999924593446786]
2020/03/08 16:05:16 033711	INFO [input.cpp->run:256]	frame times (ms): 48.953
2020/03/08 16:05:16 033715	INFO [input.cpp->run:257]	FPS: 20.4278
2020/03/08 16:05:16 067167	INFO [input.cpp->run:173]	
frame_id 53
2020/03/08 16:05:16 098914	INFO [input.cpp->run:235]	rotation: 
[0.9999675917787082, 0.006214874022500419, 0.005117688264750708;
 -0.006278598028232411, 0.9999017686857139, 0.01253124838078978;
 -0.005039305417475083, -0.01256297417276736, 0.9999083843437077]
2020/03/08 16:05:16 098938	INFO [input.cpp->run:256]	frame times (ms): 47.597
2020/03/08 16:05:16 098941	INFO [input.cpp->run:257]	FPS: 21.0097
2020/03/08 16:05:16 134597	INFO [input.cpp->run:173]	
frame_id 54
2020/03/08 16:05:16 161684	INFO [input.cpp->run:235]	rotation: 
[0.9999837466200797, 0.00109839513730973, -0.005594642418463255;
 -0.00108571881797117, 0.9999968379428384, 0.002268329555594858;
 0.00559711625003781, -0.002262218479019261, 0.9999817771625825]
2020/03/08 16:05:16 161710	INFO [input.cpp->run:256]	frame times (ms): 41.468
2020/03/08 16:05:16 161712	INFO [input.cpp->run:257]	FPS: 24.115
2020/03/08 16:05:16 201108	INFO [input.cpp->run:173]	
frame_id 55
2020/03/08 16:05:16 230688	INFO [input.cpp->run:235]	rotation: 
[0.9999896295260092, 0.004173129941214772, 0.001823684986102231;
 -0.004194943704351877, 0.9999176792905818, 0.01212588509984101;
 -0.001772931964886543, -0.01213340960451614, 0.9999248157154701]
2020/03/08 16:05:16 230717	INFO [input.cpp->run:256]	frame times (ms): 44.701
2020/03/08 16:05:16 230720	INFO [input.cpp->run:257]	FPS: 22.3709
2020/03/08 16:05:16 267307	INFO [input.cpp->run:173]	
frame_id 56
2020/03/08 16:05:16 296883	INFO [input.cpp->run:235]	rotation: 
[0.9999971846127665, 0.001260022530369424, -0.002010748558018683;
 -0.001256465336143124, 0.9999976453038246, 0.001769373240798862;
 0.002012973273464783, -0.001766841823465179, 0.9999964130978527]
2020/03/08 16:05:16 296909	INFO [input.cpp->run:256]	frame times (ms): 44.501
2020/03/08 16:05:16 296912	INFO [input.cpp->run:257]	FPS: 22.4714
2020/03/08 16:05:16 334152	INFO [input.cpp->run:173]	
frame_id 57
2020/03/08 16:05:16 363112	INFO [input.cpp->run:235]	rotation: 
[0.9999966357904142, 0.002560527475759277, -0.0004148576859791011;
 -0.002557646791192601, 0.9999735981502128, 0.006801576685453731;
 0.0004322623569503809, -0.006800492744094901, 0.9999767829543306]
2020/03/08 16:05:16 363134	INFO [input.cpp->run:256]	frame times (ms): 43.676
2020/03/08 16:05:16 363138	INFO [input.cpp->run:257]	FPS: 22.8959
2020/03/08 16:05:16 400610	INFO [input.cpp->run:173]	
frame_id 58
2020/03/08 16:05:16 432155	INFO [input.cpp->run:235]	rotation: 
[0.9999915760226971, 0.004000221009252127, -0.0009198453781007713;
 -0.003990557959211461, 0.9999392241746564, 0.01027732475697705;
 0.0009609010441504952, -0.01027356748473174, 0.9999467638231148]
2020/03/08 16:05:16 432176	INFO [input.cpp->run:256]	frame times (ms): 47.459
2020/03/08 16:05:16 432179	INFO [input.cpp->run:257]	FPS: 21.0708
2020/03/08 16:05:16 467431	INFO [input.cpp->run:173]	
frame_id 59
2020/03/08 16:05:16 498172	INFO [input.cpp->run:235]	rotation: 
[0.999975082790911, 0.004809091804413091, 0.005167826750914812;
 -0.004888604821172824, 0.9998681449346953, 0.01548529262731389;
 -0.005092675152918134, -0.0155101702398092, 0.999866740760447]
2020/03/08 16:05:16 498196	INFO [input.cpp->run:256]	frame times (ms): 46.382
2020/03/08 16:05:16 498198	INFO [input.cpp->run:257]	FPS: 21.5601
2020/03/08 16:05:16 534075	INFO [input.cpp->run:173]	
frame_id 60
2020/03/08 16:05:16 562867	INFO [input.cpp->run:235]	rotation: 
[0.9999963798833288, 0.001096444002214275, -0.00245724048215916;
 -0.001074567854607668, 0.9999599374732027, 0.008886436435071216;
 0.002466885518826788, -0.008883763793501361, 0.9999574957050416]
2020/03/08 16:05:16 562894	INFO [input.cpp->run:256]	frame times (ms): 43.786
2020/03/08 16:05:16 562898	INFO [input.cpp->run:257]	FPS: 22.8384
2020/03/08 16:05:16 600882	INFO [input.cpp->run:173]	
frame_id 61
2020/03/08 16:05:16 630507	INFO [input.cpp->run:235]	rotation: 
[0.9999584083028257, 0.006288521710119481, 0.006605767115237525;
 -0.00638815365896325, 0.999864501789526, 0.01517133988849782;
 -0.006509466745354182, -0.01521290754209091, 0.9998630877709243]
2020/03/08 16:05:16 630533	INFO [input.cpp->run:256]	frame times (ms): 44.999
2020/03/08 16:05:16 630536	INFO [input.cpp->run:257]	FPS: 22.2227
2020/03/08 16:05:16 667254	INFO [input.cpp->run:173]	
frame_id 62
2020/03/08 16:05:16 695552	INFO [input.cpp->run:235]	rotation: 
[0.9999992255276523, 0.001191154237403741, -0.0003606877850218716;
 -0.001190523069258475, 0.9999977686570506, 0.001745089035422779;
 0.0003627656504029162, -0.001744658276770709, 0.9999984122830297]
2020/03/08 16:05:16 695576	INFO [input.cpp->run:256]	frame times (ms): 42.545
2020/03/08 16:05:16 695579	INFO [input.cpp->run:257]	FPS: 23.5045
2020/03/08 16:05:16 734166	INFO [input.cpp->run:173]	
frame_id 63
2020/03/08 16:05:16 765971	INFO [input.cpp->run:235]	rotation: 
[0.999965190975504, 0.005989866320752015, 0.005808471294877379;
 -0.006068481833970147, 0.9998889263549413, 0.01361280577227154;
 -0.00572628723997217, -0.01364758052631805, 0.9998904705917658]
2020/03/08 16:05:16 765993	INFO [input.cpp->run:256]	frame times (ms): 47.437
2020/03/08 16:05:16 765996	INFO [input.cpp->run:257]	FPS: 21.0806
2020/03/08 16:05:16 800786	INFO [input.cpp->run:173]	
frame_id 64
2020/03/08 16:05:16 828994	INFO [input.cpp->run:235]	rotation: 
[0.9999967905580733, 0.001237740489180221, -0.002210627068121875;
 -0.001245419463159513, 0.999993184296627, -0.003475671252141707;
 0.002206310022107655, 0.003478413255153094, 0.9999915163826705]
2020/03/08 16:05:16 829020	INFO [input.cpp->run:256]	frame times (ms): 42.567
2020/03/08 16:05:16 829021	INFO [input.cpp->run:257]	FPS: 23.4924
2020/03/08 16:05:16 867412	INFO [input.cpp->run:173]	
frame_id 65
2020/03/08 16:05:16 897734	INFO [input.cpp->run:235]	rotation: 
[0.9999988705902514, 0.001488291135856869, -0.000209302930415339;
 -0.001487804445055054, 0.999996233155102, 0.002306537131752337;
 0.0002127349407713751, -0.002306223124896581, 0.9999973180357751]
2020/03/08 16:05:16 897757	INFO [input.cpp->run:256]	frame times (ms): 45.135
2020/03/08 16:05:16 897759	INFO [input.cpp->run:257]	FPS: 22.1558
2020/03/08 16:05:16 934351	INFO [input.cpp->run:173]	
frame_id 66
2020/03/08 16:05:16 962526	INFO [input.cpp->run:235]	rotation: 
[0.9999980757793673, 0.001338303553064968, -0.001434357404121226;
 -0.001336807079189837, 0.999998561757462, 0.001043757558259265;
 0.00143575220561615, -0.001041838090707518, 0.9999984265932607]
2020/03/08 16:05:16 962553	INFO [input.cpp->run:256]	frame times (ms): 42.596
2020/03/08 16:05:16 962554	INFO [input.cpp->run:257]	FPS: 23.4764
2020/03/08 16:05:17 001258	INFO [input.cpp->run:173]	
frame_id 67
2020/03/08 16:05:17 033392	INFO [input.cpp->run:235]	rotation: 
[0.9999987716656596, 0.001534918257386039, 0.0003173217848522106;
 -0.001535680977491269, 0.9999958986530593, 0.002417511322791491;
 -0.000313609801138689, -0.002417995658308057, 0.9999970274685266]
2020/03/08 16:05:17 033416	INFO [input.cpp->run:256]	frame times (ms): 48.259
2020/03/08 16:05:17 033419	INFO [input.cpp->run:257]	FPS: 20.7215
2020/03/08 16:05:17 067255	INFO [input.cpp->run:173]	
frame_id 68
2020/03/08 16:05:17 095090	INFO [input.cpp->run:235]	rotation: 
[0.999998183453265, 0.001138860042157143, -0.001528426633670269;
 -0.001133892121642072, 0.9999940846826975, 0.003247289372778758;
 0.001532115800653736, -0.003245550403007423, 0.9999935594911374]
2020/03/08 16:05:17 095122	INFO [input.cpp->run:256]	frame times (ms): 42.819
2020/03/08 16:05:17 095125	INFO [input.cpp->run:257]	FPS: 23.3541
2020/03/08 16:05:17 134293	INFO [input.cpp->run:173]	
frame_id 69
2020/03/08 16:05:17 163578	INFO [input.cpp->run:235]	rotation: 
[0.999997793261737, 0.001255101533817505, -0.001684693383447394;
 -0.001254867788340361, 0.9999992028815736, 0.0001397964636541564;
 0.00168486749930321, -0.0001376820876998327, 0.9999985711315554]
2020/03/08 16:05:17 163604	INFO [input.cpp->run:256]	frame times (ms): 43.942
2020/03/08 16:05:17 163605	INFO [input.cpp->run:257]	FPS: 22.7573
2020/03/08 16:05:17 200934	INFO [input.cpp->run:173]	
frame_id 70
2020/03/08 16:05:17 230630	INFO [input.cpp->run:235]	rotation: 
[0.9999897910057254, 0.0042227630354098, 0.001608153186876691;
 -0.004245979363962545, 0.9998826725833957, 0.01471776908117411;
 -0.001545814855178091, -0.0147244470127994, 0.9998903945516232]
2020/03/08 16:05:17 230658	INFO [input.cpp->run:256]	frame times (ms): 44.719
2020/03/08 16:05:17 230661	INFO [input.cpp->run:257]	FPS: 22.3619
2020/03/08 16:05:17 267283	INFO [input.cpp->run:173]	
frame_id 71
2020/03/08 16:05:17 295853	INFO [input.cpp->run:235]	rotation: 
[0.9999983345312079, 0.001537719682790022, -0.0009830325465347645;
 -0.001535162033061998, 0.9999954487043636, 0.002597277053133266;
 0.000987021956509287, -0.002595763613206685, 0.9999961438920261]
2020/03/08 16:05:17 295879	INFO [input.cpp->run:256]	frame times (ms): 43.273
2020/03/08 16:05:17 295881	INFO [input.cpp->run:257]	FPS: 23.1091
2020/03/08 16:05:17 334036	INFO [input.cpp->run:173]	
frame_id 72
2020/03/08 16:05:17 366157	INFO [input.cpp->run:235]	rotation: 
[0.9999892830654099, 0.003221258760100481, 0.003325243799780724;
 -0.003248709530769947, 0.9999604169512276, 0.008283140534341676;
 -0.003298430037485826, -0.008293854515690851, 0.9999601653748815]
2020/03/08 16:05:17 366180	INFO [input.cpp->run:256]	frame times (ms): 48.335
2020/03/08 16:05:17 366183	INFO [input.cpp->run:257]	FPS: 20.6889
2020/03/08 16:05:17 400730	INFO [input.cpp->run:173]	
frame_id 73
2020/03/08 16:05:17 429350	INFO [input.cpp->run:235]	rotation: 
[0.999994767337638, 0.0009838937514626777, -0.003081760929891868;
 -0.0009905714378173579, 0.9999971634617252, -0.002166064802865622;
 0.003079621010734233, 0.002169106172935187, 0.999992905431254]
2020/03/08 16:05:17 429378	INFO [input.cpp->run:256]	frame times (ms): 43.391
2020/03/08 16:05:17 429380	INFO [input.cpp->run:257]	FPS: 23.0463
2020/03/08 16:05:17 467324	INFO [input.cpp->run:173]	
frame_id 74
2020/03/08 16:05:17 496773	INFO [input.cpp->run:235]	rotation: 
[0.9999826125675322, 0.003759575137338059, 0.00454314399942602;
 -0.003800043054037346, 0.9999528892048698, 0.008931911532302097;
 -0.00450934977577407, -0.008949020372092031, 0.9999497891389245]
2020/03/08 16:05:17 496798	INFO [input.cpp->run:256]	frame times (ms): 44.14
2020/03/08 16:05:17 496802	INFO [input.cpp->run:257]	FPS: 22.6552
2020/03/08 16:05:17 534374	INFO [input.cpp->run:173]	
frame_id 75
2020/03/08 16:05:17 563748	INFO [input.cpp->run:235]	rotation: 
[0.9999784731395994, 0.003769238719084067, 0.00537085625147824;
 -0.003818109870088818, 0.9999511380374583, 0.009118309855008163;
 -0.00533622473434316, -0.009138620085689421, 0.9999440035964584]
2020/03/08 16:05:17 563773	INFO [input.cpp->run:256]	frame times (ms): 44.157
2020/03/08 16:05:17 563775	INFO [input.cpp->run:257]	FPS: 22.6465
2020/03/08 16:05:17 600859	INFO [input.cpp->run:173]	
frame_id 76
2020/03/08 16:05:17 629409	INFO [input.cpp->run:235]	rotation: 
[0.9999724771173915, 0.006730025381059474, 0.00312278178526618;
 -0.006774513164227955, 0.9998724799888853, 0.01446131848289743;
 -0.003025058527664731, -0.01448207579203976, 0.9998905532615346]
2020/03/08 16:05:17 629435	INFO [input.cpp->run:256]	frame times (ms): 44.467
2020/03/08 16:05:17 629437	INFO [input.cpp->run:257]	FPS: 22.4886
2020/03/08 16:05:17 667216	INFO [input.cpp->run:173]	
frame_id 77
2020/03/08 16:05:17 702192	INFO [input.cpp->run:235]	rotation: 
[0.9999707625485982, 0.006647366622313664, 0.003779757262531553;
 -0.006703942313898011, 0.9998626398382995, 0.01515779050649778;
 -0.003678478683781867, -0.01518268660598304, 0.9998779699653341]
2020/03/08 16:05:17 702224	INFO [input.cpp->run:256]	frame times (ms): 52.252
2020/03/08 16:05:17 702227	INFO [input.cpp->run:257]	FPS: 19.138
2020/03/08 16:05:17 734611	INFO [input.cpp->run:173]	
frame_id 78
2020/03/08 16:05:17 762723	INFO [input.cpp->run:235]	rotation: 
[0.9999988131450922, 0.001482420563067524, 0.0004196875995043793;
 -0.001483582065286814, 0.9999950328062274, 0.002780889628862882;
 -0.0004155630668653011, -0.002781508969346026, 0.9999960452497755]
2020/03/08 16:05:17 762746	INFO [input.cpp->run:256]	frame times (ms): 42.746
2020/03/08 16:05:17 762748	INFO [input.cpp->run:257]	FPS: 23.394
2020/03/08 16:05:17 801087	INFO [input.cpp->run:173]	
frame_id 79
2020/03/08 16:05:17 832999	INFO [input.cpp->run:235]	rotation: 
[0.9999964286027067, 0.001602849303107479, -0.002138610750758858;
 -0.001598562685435971, 0.9999967130834092, 0.00200459964042911;
 0.002141816792460372, -0.002001173777862545, 0.9999957039529411]
2020/03/08 16:05:17 833024	INFO [input.cpp->run:256]	frame times (ms): 47.561
2020/03/08 16:05:17 833027	INFO [input.cpp->run:257]	FPS: 21.0256
2020/03/08 16:05:17 867539	INFO [input.cpp->run:173]	
frame_id 80
2020/03/08 16:05:17 895991	INFO [input.cpp->run:235]	rotation: 
[0.9999868047645423, 0.00483119043629028, 0.001746395078330623;
 -0.00485151690246791, 0.999918270913344, 0.01182853657108403;
 -0.0016891064342984, -0.01183685315599977, 0.9999285153583815]
2020/03/08 16:05:17 896020	INFO [input.cpp->run:256]	frame times (ms): 42.652
2020/03/08 16:05:17 896024	INFO [input.cpp->run:257]	FPS: 23.4456
2020/03/08 16:05:17 934140	INFO [input.cpp->run:173]	
frame_id 81
2020/03/08 16:05:17 965994	INFO [input.cpp->run:235]	rotation: 
[0.9999521324829864, 0.007324980621725155, 0.006486709614228133;
 -0.007433126555248189, 0.9998311091572083, 0.01680778959531013;
 -0.006362497335294762, -0.01685520158164542, 0.9998376972325561]
2020/03/08 16:05:17 966017	INFO [input.cpp->run:256]	frame times (ms): 47.751
2020/03/08 16:05:17 966019	INFO [input.cpp->run:257]	FPS: 20.942
2020/03/08 16:05:18 000706	INFO [input.cpp->run:173]	
frame_id 82
2020/03/08 16:05:18 029021	INFO [input.cpp->run:235]	rotation: 
[0.9999854650029465, 0.005023068394815378, 0.00195922605684852;
 -0.005037597890328176, 0.9999593137665655, 0.007482875048710431;
 -0.00192155935016029, -0.007492636078194302, 0.9999700835596351]
2020/03/08 16:05:18 029048	INFO [input.cpp->run:256]	frame times (ms): 42.246
2020/03/08 16:05:18 029051	INFO [input.cpp->run:257]	FPS: 23.6709
2020/03/08 16:05:18 067476	INFO [input.cpp->run:173]	
frame_id 83
2020/03/08 16:05:18 097114	INFO [input.cpp->run:235]	rotation: 
[0.9999818187815745, 0.005277316338894218, 0.002917539811784239;
 -0.005307427848099957, 0.9999317157282813, 0.0104112962849377;
 -0.002862396885709411, -0.01042659162693086, 0.9999415447270474]
2020/03/08 16:05:18 097137	INFO [input.cpp->run:256]	frame times (ms): 44.269
2020/03/08 16:05:18 097139	INFO [input.cpp->run:257]	FPS: 22.5892
2020/03/08 16:05:18 134124	INFO [input.cpp->run:173]	
frame_id 84
2020/03/08 16:05:18 167035	INFO [input.cpp->run:235]	rotation: 
[0.9999692255325839, 0.004660553165082373, 0.006310882027077727;
 -0.004750563811879726, 0.9998861254236168, 0.01432369815433849;
 -0.006243407021291401, -0.01435323759793524, 0.9998774947158395]
2020/03/08 16:05:18 167061	INFO [input.cpp->run:256]	frame times (ms): 47.655
2020/03/08 16:05:18 167065	INFO [input.cpp->run:257]	FPS: 20.9842
2020/03/08 16:05:18 200844	INFO [input.cpp->run:173]	
frame_id 85
2020/03/08 16:05:18 230042	INFO [input.cpp->run:235]	rotation: 
[0.9999809118698775, 0.005227551635422847, 0.003293721267386957;
 -0.005260890065875394, 0.9999341823320795, 0.01019578538369428;
 -0.003240205487777406, -0.01021291867071154, 0.9999425970327609]
2020/03/08 16:05:18 230069	INFO [input.cpp->run:256]	frame times (ms): 43.65
2020/03/08 16:05:18 230072	INFO [input.cpp->run:257]	FPS: 22.9095
2020/03/08 16:05:18 267512	INFO [input.cpp->run:173]	
frame_id 86
2020/03/08 16:05:18 300333	INFO [input.cpp->run:235]	rotation: 
[0.9999794380958865, 0.005500667266303837, 0.003296368465531584;
 -0.005537915991633235, 0.9999196893769654, 0.011399398350024;
 -0.003233399434766831, -0.01141741896832776, 0.99992959135741]
2020/03/08 16:05:18 300359	INFO [input.cpp->run:256]	frame times (ms): 48.203
2020/03/08 16:05:18 300362	INFO [input.cpp->run:257]	FPS: 20.7456
2020/03/08 16:05:18 334131	INFO [input.cpp->run:173]	
frame_id 87
2020/03/08 16:05:18 363787	INFO [input.cpp->run:235]	rotation: 
[0.9999989953215398, 0.0009622267012197914, -0.001040901381767179;
 -0.0009627383138236099, 0.9999994159679445, -0.000491119852047911;
 0.001040428205212266, 0.0004921214742715135, 0.9999993376625829]
2020/03/08 16:05:18 363815	INFO [input.cpp->run:256]	frame times (ms): 44.788
2020/03/08 16:05:18 363818	INFO [input.cpp->run:257]	FPS: 22.3274
2020/03/08 16:05:18 400858	INFO [input.cpp->run:173]	
frame_id 88
2020/03/08 16:05:18 433549	INFO [input.cpp->run:235]	rotation: 
[0.9999793883052807, 0.00493200149262104, 0.004110757335748636;
 -0.004966684314918454, 0.9999517942327151, 0.008470021115077183;
 -0.004068785016755051, -0.008490263367569592, 0.9999556792260529]
2020/03/08 16:05:18 433575	INFO [input.cpp->run:256]	frame times (ms): 48.59
2020/03/08 16:05:18 433578	INFO [input.cpp->run:257]	FPS: 20.5804
2020/03/08 16:05:18 467462	INFO [input.cpp->run:173]	
frame_id 89
2020/03/08 16:05:18 497155	INFO [input.cpp->run:235]	rotation: 
[0.9999936028826021, 0.003193647422340507, 0.001610841399565914;
 -0.003208584465934619, 0.9999510738287209, 0.009357079379418525;
 -0.00158087937482298, -0.009362188041774966, 0.9999549241118185]
2020/03/08 16:05:18 497176	INFO [input.cpp->run:256]	frame times (ms): 44.258
2020/03/08 16:05:18 497178	INFO [input.cpp->run:257]	FPS: 22.5948
2020/03/08 16:05:18 534858	INFO [input.cpp->run:173]	
frame_id 90
2020/03/08 16:05:18 563132	INFO [input.cpp->run:235]	rotation: 
[0.9999876078418249, 0.003493074707792829, 0.003547194929842742;
 -0.003521859277758295, 0.999960658077534, 0.008141179544318847;
 -0.003518617628016979, -0.008153571378907888, 0.9999605685244578]
2020/03/08 16:05:18 563159	INFO [input.cpp->run:256]	frame times (ms): 43.261
2020/03/08 16:05:18 563162	INFO [input.cpp->run:257]	FPS: 23.1155
2020/03/08 16:05:18 601242	INFO [input.cpp->run:173]	
frame_id 91
2020/03/08 16:05:18 629303	INFO [input.cpp->run:235]	rotation: 
[0.9999808980645244, 0.004958453018549873, 0.003690155786700579;
 -0.004995819101940789, 0.9999356363622617, 0.01018650697243884;
 -0.003639408958604357, -0.01020474774120826, 0.9999413071905622]
2020/03/08 16:05:18 629335	INFO [input.cpp->run:256]	frame times (ms): 42.464
2020/03/08 16:05:18 629338	INFO [input.cpp->run:257]	FPS: 23.5494
2020/03/08 16:05:18 667516	INFO [input.cpp->run:173]	
frame_id 92
2020/03/08 16:05:18 699116	INFO [input.cpp->run:235]	rotation: 
[0.9999811603206965, 0.003940071011972937, 0.004706893252898288;
 -0.003985262754968991, 0.9999456821715255, 0.009630700249533686;
 -0.004668691941799741, -0.009649277016601907, 0.9999425457338084]
2020/03/08 16:05:18 699141	INFO [input.cpp->run:256]	frame times (ms): 48.139
2020/03/08 16:05:18 699144	INFO [input.cpp->run:257]	FPS: 20.7732
2020/03/08 16:05:18 734403	INFO [input.cpp->run:173]	
frame_id 93
2020/03/08 16:05:18 763199	INFO [input.cpp->run:235]	rotation: 
[0.999990968638959, 0.003947058857269417, 0.001575870202060213;
 -0.003962196144158775, 0.9999449003701054, 0.009720968343487433;
 -0.00153741413799392, -0.009727124456750953, 0.9999515085280741]
2020/03/08 16:05:18 763226	INFO [input.cpp->run:256]	frame times (ms): 43.263
2020/03/08 16:05:18 763227	INFO [input.cpp->run:257]	FPS: 23.1144
2020/03/08 16:05:18 800760	INFO [input.cpp->run:173]	
frame_id 94
2020/03/08 16:05:18 829310	INFO [input.cpp->run:235]	rotation: 
[0.9999823232033493, 0.0056669879569115, 0.001799591155887038;
 -0.005690609356362824, 0.9998939695424992, 0.01340397842794789;
 -0.001723440160087583, -0.01341398225881623, 0.9999085432348175]
2020/03/08 16:05:18 829334	INFO [input.cpp->run:256]	frame times (ms): 42.903
2020/03/08 16:05:18 829337	INFO [input.cpp->run:257]	FPS: 23.3084
2020/03/08 16:05:18 867709	INFO [input.cpp->run:173]	
frame_id 95
2020/03/08 16:05:18 902911	INFO [input.cpp->run:235]	rotation: 
[0.9999891646328923, 0.003259974901614633, 0.003323128112319772;
 -0.003281841309304425, 0.9999728608467262, 0.006595990269432962;
 -0.003301535162706937, -0.006606824778572076, 0.9999727244939807]
2020/03/08 16:05:18 902934	INFO [input.cpp->run:256]	frame times (ms): 51.602
2020/03/08 16:05:18 902936	INFO [input.cpp->run:257]	FPS: 19.3791
2020/03/08 16:05:18 934345	INFO [input.cpp->run:173]	
frame_id 96
2020/03/08 16:05:18 963554	INFO [input.cpp->run:235]	rotation: 
[0.9999365379308851, 0.00559852521063423, 0.009776329897332589;
 -0.005733393229997435, 0.999888030314979, 0.01382226591055062;
 -0.009697850940585015, -0.01387744026460367, 0.9998566738982325]
2020/03/08 16:05:18 963582	INFO [input.cpp->run:256]	frame times (ms): 43.621
2020/03/08 16:05:18 963585	INFO [input.cpp->run:257]	FPS: 22.9247
2020/03/08 16:05:19 000825	INFO [input.cpp->run:173]	
frame_id 97
2020/03/08 16:05:19 032149	INFO [input.cpp->run:235]	rotation: 
[0.9999946740860345, 0.00105920573168464, -0.00308705082296279;
 -0.001062057628571345, 0.9999990106673696, -0.0009223328442672965;
 0.003086070828607511, 0.0009256065578782355, 0.9999948096962008]
2020/03/08 16:05:19 032176	INFO [input.cpp->run:256]	frame times (ms): 47.123
2020/03/08 16:05:19 032178	INFO [input.cpp->run:257]	FPS: 21.2211
2020/03/08 16:05:19 067604	INFO [input.cpp->run:173]	
frame_id 98
2020/03/08 16:05:19 096436	INFO [input.cpp->run:235]	rotation: 
[0.9999786522565406, 0.001430561909127353, -0.006375619484944557;
 -0.001412807547777794, 0.9999951144952598, 0.002788361605901664;
 0.006379577260727617, -0.00277929455734334, 0.9999757879647576]
2020/03/08 16:05:19 096463	INFO [input.cpp->run:256]	frame times (ms): 43.219
2020/03/08 16:05:19 096465	INFO [input.cpp->run:257]	FPS: 23.138
2020/03/08 16:05:19 134467	INFO [input.cpp->run:173]	
frame_id 99
2020/03/08 16:05:19 168065	INFO [input.cpp->run:235]	rotation: 
[0.99999580173795, 0.002711984606280945, 0.001020610586838742;
 -0.002718543789220014, 0.9999753016690129, 0.006481170544952182;
 -0.001003008544712068, -0.006483917909871906, 0.9999784761595608]
2020/03/08 16:05:19 168089	INFO [input.cpp->run:256]	frame times (ms): 54.968
2020/03/08 16:05:19 168092	INFO [input.cpp->run:257]	FPS: 18.1924
2020/03/08 16:05:19 200787	INFO [input.cpp->run:173]	
frame_id 100
2020/03/08 16:05:19 229634	INFO [input.cpp->run:235]	rotation: 
[0.9999375104772165, 0.008099642102493605, 0.007705253950268151;
 -0.008247173057589919, 0.9997794967847577, 0.01931170488006613;
 -0.007547137019080344, -0.01937404466362458, 0.9997838201912387]
2020/03/08 16:05:19 229664	INFO [input.cpp->run:256]	frame times (ms): 43.635
2020/03/08 16:05:19 229667	INFO [input.cpp->run:257]	FPS: 22.9174
2020/03/08 16:05:19 267455	INFO [input.cpp->run:173]	
frame_id 101
2020/03/08 16:05:19 294899	INFO [input.cpp->run:235]	rotation: 
[0.9999699464312759, 0.006259517642626736, 0.004574349474290283;
 -0.006328450130931368, 0.9998642401164571, 0.01521354841186449;
 -0.004478498986447347, -0.01524203973297126, 0.999873803673047]
2020/03/08 16:05:19 294925	INFO [input.cpp->run:256]	frame times (ms): 42.027
2020/03/08 16:05:19 294927	INFO [input.cpp->run:257]	FPS: 23.7942
2020/03/08 16:05:19 335016	INFO [input.cpp->run:173]	
frame_id 102
2020/03/08 16:05:19 368288	INFO [input.cpp->run:235]	rotation: 
[0.9999967415434359, 0.001678463981054693, -0.001923450330760878;
 -0.001671561040915357, 0.9999921773813153, 0.003584837494584242;
 0.001929452304954976, -0.003581610648909942, 0.9999917246052402]
2020/03/08 16:05:19 368312	INFO [input.cpp->run:256]	frame times (ms): 50.307
2020/03/08 16:05:19 368315	INFO [input.cpp->run:257]	FPS: 19.8779
2020/03/08 16:05:19 400868	INFO [input.cpp->run:173]	
frame_id 103
2020/03/08 16:05:19 428740	INFO [input.cpp->run:235]	rotation: 
[0.9999845867297368, 0.00515740678943906, 0.00205607834620425;
 -0.005184108056449311, 0.9998994389778705, 0.01319988467370009;
 -0.001987794410028223, -0.01321034015262942, 0.999910763811669]
2020/03/08 16:05:19 428772	INFO [input.cpp->run:256]	frame times (ms): 42.079
2020/03/08 16:05:19 428776	INFO [input.cpp->run:257]	FPS: 23.7648
2020/03/08 16:05:19 467629	INFO [input.cpp->run:173]	
frame_id 104
2020/03/08 16:05:19 497243	INFO [input.cpp->run:235]	rotation: 
[0.999965583917319, 0.006598450568615368, 0.005029058658300562;
 -0.006673569783248518, 0.9998641765104035, 0.01506957190900635;
 -0.004928939768672432, -0.01510261504727379, 0.999873800322566]
2020/03/08 16:05:19 497266	INFO [input.cpp->run:256]	frame times (ms): 44.533
2020/03/08 16:05:19 497269	INFO [input.cpp->run:257]	FPS: 22.4553
2020/03/08 16:05:19 534468	INFO [input.cpp->run:173]	
frame_id 105
2020/03/08 16:05:19 561867	INFO [input.cpp->run:235]	rotation: 
[0.9999888019624537, 0.004446776806770351, -0.001619297911879142;
 -0.004426538450162552, 0.9999146232682208, 0.0122943861872511;
 0.001673830052866595, -0.01228708062978377, 0.9999231100152408]
2020/03/08 16:05:19 561892	INFO [input.cpp->run:256]	frame times (ms): 41.765
2020/03/08 16:05:19 561895	INFO [input.cpp->run:257]	FPS: 23.9435
2020/03/08 16:05:19 600951	INFO [input.cpp->run:173]	
frame_id 106
2020/03/08 16:05:19 634124	INFO [input.cpp->run:235]	rotation: 
[0.9999934553222786, 0.001479793049352801, -0.003301442887751667;
 -0.001456674240637357, 0.9999744800996053, 0.006994086765315867;
 0.003311708436239897, -0.00698923186446051, 0.9999700911653199]
2020/03/08 16:05:19 634148	INFO [input.cpp->run:256]	frame times (ms): 62.046
2020/03/08 16:05:19 634151	INFO [input.cpp->run:257]	FPS: 16.1171
2020/03/08 16:05:19 667448	INFO [input.cpp->run:173]	
frame_id 107
2020/03/08 16:05:19 695489	INFO [input.cpp->run:235]	rotation: 
[0.9999769955114518, 0.004678120189282608, 0.004911582167136084;
 -0.004747018672095505, 0.9998891653343212, 0.01411108999196764;
 -0.004845024418584427, -0.01413408074581644, 0.9998883705193565]
2020/03/08 16:05:19 695512	INFO [input.cpp->run:256]	frame times (ms): 42.271
2020/03/08 16:05:19 695514	INFO [input.cpp->run:257]	FPS: 23.6569
2020/03/08 16:05:19 734128	INFO [input.cpp->run:173]	
frame_id 108
2020/03/08 16:05:19 766775	INFO [input.cpp->run:235]	rotation: 
[0.9999905295372092, 0.004129641706265466, 0.001373643064858419;
 -0.004147285404311701, 0.9999055947812422, 0.01309967743669734;
 -0.001319416411503176, -0.01310525026652322, 0.999913252015286]
2020/03/08 16:05:19 766798	INFO [input.cpp->run:256]	frame times (ms): 48.521
2020/03/08 16:05:19 766800	INFO [input.cpp->run:257]	FPS: 20.6096
2020/03/08 16:05:19 801007	INFO [input.cpp->run:173]	
frame_id 109
2020/03/08 16:05:19 828951	INFO [input.cpp->run:235]	rotation: 
[0.9999882303164508, 0.004017630091928363, 0.002719903861781207;
 -0.004051313943871503, 0.999913738507779, 0.01249409455403705;
 -0.002669472588563694, -0.01250496668693915, 0.999918246520313]
2020/03/08 16:05:19 828976	INFO [input.cpp->run:256]	frame times (ms): 42.906
2020/03/08 16:05:19 828978	INFO [input.cpp->run:257]	FPS: 23.3068
2020/03/08 16:05:19 867466	INFO [input.cpp->run:173]	
frame_id 110
2020/03/08 16:05:19 898147	INFO [input.cpp->run:235]	rotation: 
[0.9999758225318094, 0.006198207728524346, 0.003152232983981837;
 -0.006240652726726114, 0.9998875183187507, 0.01363836368170686;
 -0.003067345004339727, -0.01365770593196954, 0.9999020244320441]
2020/03/08 16:05:19 898179	INFO [input.cpp->run:256]	frame times (ms): 45.263
2020/03/08 16:05:19 898182	INFO [input.cpp->run:257]	FPS: 22.0931
2020/03/08 16:05:19 934170	INFO [input.cpp->run:173]	
frame_id 111
2020/03/08 16:05:19 964264	INFO [input.cpp->run:235]	rotation: 
[0.9999828009937649, 0.005514466406180835, 0.001997092115928843;
 -0.005528931618210239, 0.9999579853043112, 0.007311534811792536;
 -0.001956688995614078, -0.007322450846403957, 0.9999712761283578]
2020/03/08 16:05:19 964294	INFO [input.cpp->run:256]	frame times (ms): 45.955
2020/03/08 16:05:19 964298	INFO [input.cpp->run:257]	FPS: 21.7604
2020/03/08 16:05:20 001117	INFO [input.cpp->run:173]	
frame_id 112
2020/03/08 16:05:20 037225	INFO [input.cpp->run:235]	rotation: 
[0.9999822925521894, 0.005510628265131185, 0.002246677144389986;
 -0.005536457794784695, 0.9999167229250154, 0.01165739464822467;
 -0.00218225047924267, -0.01166962685870575, 0.9999295263126419]
2020/03/08 16:05:20 037255	INFO [input.cpp->run:256]	frame times (ms): 53.164
2020/03/08 16:05:20 037257	INFO [input.cpp->run:257]	FPS: 18.8097
2020/03/08 16:05:20 067585	INFO [input.cpp->run:173]	
frame_id 113
2020/03/08 16:05:20 095856	INFO [input.cpp->run:235]	rotation: 
[0.9999851816485421, 0.004633085030241644, 0.002858497233650647;
 -0.004671496573111773, 0.9998968667190067, 0.01358061284627725;
 -0.002795282293372636, -0.01359376506401432, 0.9999036933366556]
2020/03/08 16:05:20 095878	INFO [input.cpp->run:256]	frame times (ms): 41.232
2020/03/08 16:05:20 095881	INFO [input.cpp->run:257]	FPS: 24.253
2020/03/08 16:05:20 134969	INFO [input.cpp->run:173]	
frame_id 114
2020/03/08 16:05:20 168851	INFO [input.cpp->run:235]	rotation: 
[0.9999881493828524, 0.004802116398426393, 0.0008004823258827436;
 -0.004809625248065679, 0.9999417896273064, 0.009658408870667285;
 -0.000754054925887681, -0.009662144432566699, 0.9999530360802616]
2020/03/08 16:05:20 168878	INFO [input.cpp->run:256]	frame times (ms): 50.549
2020/03/08 16:05:20 168881	INFO [input.cpp->run:257]	FPS: 19.7828
2020/03/08 16:05:20 201170	INFO [input.cpp->run:173]	
frame_id 115
2020/03/08 16:05:20 230365	INFO [input.cpp->run:235]	rotation: 
[0.9999834368880132, 0.005373241227517244, 0.002062578082848039;
 -0.005389133886360652, 0.999955224234419, 0.00777860927465966;
 -0.00202068938528796, -0.007789595946122684, 0.999967618980437]
2020/03/08 16:05:20 230395	INFO [input.cpp->run:256]	frame times (ms): 43.961
2020/03/08 16:05:20 230398	INFO [input.cpp->run:257]	FPS: 22.7474
2020/03/08 16:05:20 267721	INFO [input.cpp->run:173]	
frame_id 116
2020/03/08 16:05:20 296175	INFO [input.cpp->run:235]	rotation: 
[0.9999869043168635, 0.005039518989069221, 0.0008913153957863223;
 -0.00504747416928667, 0.9999453044270236, 0.009160303426060421;
 -0.0008451031217187796, -0.009164682357066238, 0.9999576463020861]
2020/03/08 16:05:20 296201	INFO [input.cpp->run:256]	frame times (ms): 42.916
2020/03/08 16:05:20 296203	INFO [input.cpp->run:257]	FPS: 23.3013
2020/03/08 16:05:20 334323	INFO [input.cpp->run:173]	
frame_id 117
2020/03/08 16:05:20 364000	INFO [input.cpp->run:235]	rotation: 
[0.9999869824246933, 0.003513124291892769, 0.003700397122734402;
 -0.003555029596505917, 0.9999289317568277, 0.01137950790752229;
 -0.003660156516352147, -0.0113925147952113, 0.9999284043674911]
2020/03/08 16:05:20 364025	INFO [input.cpp->run:256]	frame times (ms): 44.635
2020/03/08 16:05:20 364028	INFO [input.cpp->run:257]	FPS: 22.4039
2020/03/08 16:05:20 401149	INFO [input.cpp->run:173]	
frame_id 118
2020/03/08 16:05:20 434268	INFO [input.cpp->run:235]	rotation: 
[0.9999816271648718, 0.005270651742250598, 0.002994254983681768;
 -0.005304134294807051, 0.9999222363586345, 0.01128660245289082;
 -0.002934534388628641, -0.01130227701655114, 0.9999318211969069]
2020/03/08 16:05:20 434293	INFO [input.cpp->run:256]	frame times (ms): 49.125
2020/03/08 16:05:20 434294	INFO [input.cpp->run:257]	FPS: 20.3562
2020/03/08 16:05:20 467616	INFO [input.cpp->run:173]	
frame_id 119
2020/03/08 16:05:20 496045	INFO [input.cpp->run:235]	rotation: 
[0.9999790897724856, 0.005240594388146452, 0.003788956089757694;
 -0.005285153637437466, 0.9999158481439755, 0.01184752216891263;
 -0.003726549183878501, -0.01186729964958847, 0.9999226370225883]
2020/03/08 16:05:20 496069	INFO [input.cpp->run:256]	frame times (ms): 42.153
2020/03/08 16:05:20 496072	INFO [input.cpp->run:257]	FPS: 23.7231
2020/03/08 16:05:20 534446	INFO [input.cpp->run:173]	
frame_id 120
2020/03/08 16:05:20 570437	INFO [input.cpp->run:235]	rotation: 
[0.9999800248531437, 0.005416478523360387, 0.003257553547071602;
 -0.00545445504365219, 0.9999159210373649, 0.01176434342303125;
 -0.003193558341856351, -0.01178187660791849, 0.9999254915085988]
2020/03/08 16:05:20 570468	INFO [input.cpp->run:256]	frame times (ms): 53.09
2020/03/08 16:05:20 570471	INFO [input.cpp->run:257]	FPS: 18.8359
2020/03/08 16:05:20 601244	INFO [input.cpp->run:173]	
frame_id 121
2020/03/08 16:05:20 629887	INFO [input.cpp->run:235]	rotation: 
[0.9999674500801494, 0.006693889068745297, 0.004504512108890548;
 -0.006759752686923286, 0.9998680841980341, 0.01476888437779789;
 -0.004405056618869134, -0.01479885303962646, 0.9998807876066507]
2020/03/08 16:05:20 629925	INFO [input.cpp->run:256]	frame times (ms): 43.222
2020/03/08 16:05:20 629927	INFO [input.cpp->run:257]	FPS: 23.1364
2020/03/08 16:05:20 667816	INFO [input.cpp->run:173]	
frame_id 122
2020/03/08 16:05:20 697780	INFO [input.cpp->run:235]	rotation: 
[0.999980925084488, 0.005263673192152663, 0.003231595843835836;
 -0.005294509722985356, 0.9999398160619137, 0.009608976056762968;
 -0.003180822843997631, -0.009625902481972475, 0.9999486108632997]
2020/03/08 16:05:20 697807	INFO [input.cpp->run:256]	frame times (ms): 44.067
2020/03/08 16:05:20 697810	INFO [input.cpp->run:257]	FPS: 22.6927
2020/03/08 16:05:20 734572	INFO [input.cpp->run:173]	
frame_id 123
2020/03/08 16:05:20 765332	INFO [input.cpp->run:235]	rotation: 
[0.9999964091642177, 0.002032940022014366, -0.001746085203333151;
 -0.002024849823219459, 0.9999872653576553, 0.004622673005079761;
 0.001755460584523295, -0.004619120845504829, 0.9999877909658451]
2020/03/08 16:05:20 765359	INFO [input.cpp->run:256]	frame times (ms): 45.957
2020/03/08 16:05:20 765361	INFO [input.cpp->run:257]	FPS: 21.7595
2020/03/08 16:05:20 800992	INFO [input.cpp->run:173]	
frame_id 124
2020/03/08 16:05:20 830137	INFO [input.cpp->run:235]	rotation: 
[0.9999707567018039, 0.004554512772949554, 0.006143464382807104;
 -0.00462461206925237, 0.99992381122423, 0.01144485517686148;
 -0.006090870580689218, -0.01147293163108049, 0.9999156330087843]
2020/03/08 16:05:20 830161	INFO [input.cpp->run:256]	frame times (ms): 44.154
2020/03/08 16:05:20 830164	INFO [input.cpp->run:257]	FPS: 22.648
2020/03/08 16:05:20 867956	INFO [input.cpp->run:173]	
frame_id 125
2020/03/08 16:05:20 898274	INFO [input.cpp->run:235]	rotation: 
[0.9999962186646059, 0.002731498228493316, 0.0003187066325131217;
 -0.002733135186103953, 0.9999824618576487, 0.005254136386744007;
 -0.0003043493787581789, -0.005254987587403489, 0.9999861461424913]
2020/03/08 16:05:20 898297	INFO [input.cpp->run:256]	frame times (ms): 45.969
2020/03/08 16:05:20 898299	INFO [input.cpp->run:257]	FPS: 21.7538
2020/03/08 16:05:20 934877	INFO [input.cpp->run:173]	
frame_id 126
2020/03/08 16:05:20 966807	INFO [input.cpp->run:235]	rotation: 
[0.9999757319876814, 0.003821169394699443, 0.005825298289157159;
 -0.003879631988108076, 0.999941891488201, 0.0100579372952744;
 -0.005786526707576282, -0.0100802932227111, 0.9999324496170762]
2020/03/08 16:05:20 966833	INFO [input.cpp->run:256]	frame times (ms): 48.16
2020/03/08 16:05:20 966837	INFO [input.cpp->run:257]	FPS: 20.7641
2020/03/08 16:05:21 001092	INFO [input.cpp->run:173]	
frame_id 127
2020/03/08 16:05:21 029025	INFO [input.cpp->run:235]	rotation: 
[0.9999764857432873, 0.004236429222872428, 0.005392645727716876;
 -0.004294341723431241, 0.9999327453529343, 0.01077327248825518;
 -0.005346642840836496, -0.01079617702630848, 0.9999274253524348]
2020/03/08 16:05:21 029060	INFO [input.cpp->run:256]	frame times (ms): 42.97
2020/03/08 16:05:21 029063	INFO [input.cpp->run:257]	FPS: 23.272
2020/03/08 16:05:21 067824	INFO [input.cpp->run:173]	
frame_id 128
2020/03/08 16:05:21 099963	INFO [input.cpp->run:235]	rotation: 
[0.9999833209394543, 0.004867276362130952, 0.00310925452720569;
 -0.004895155143811806, 0.9999473136433934, 0.009022604583986916;
 -0.003065175201896395, -0.009037674378711053, 0.9999544615345272]
2020/03/08 16:05:21 099990	INFO [input.cpp->run:256]	frame times (ms): 45.981
2020/03/08 16:05:21 099994	INFO [input.cpp->run:257]	FPS: 21.7481
2020/03/08 16:05:21 134495	INFO [input.cpp->run:173]	
frame_id 129
2020/03/08 16:05:21 162344	INFO [input.cpp->run:235]	rotation: 
[0.9999894163932214, 0.003544182446998218, 0.002933576712312279;
 -0.003572571334018962, 0.9999462879696306, 0.009729229662205428;
 -0.002898936978959214, -0.009739607103932978, 0.9999483667759316]
2020/03/08 16:05:21 162370	INFO [input.cpp->run:256]	frame times (ms): 42.999
2020/03/08 16:05:21 162374	INFO [input.cpp->run:257]	FPS: 23.2564
2020/03/08 16:05:21 201241	INFO [input.cpp->run:173]	
frame_id 130
2020/03/08 16:05:21 232223	INFO [input.cpp->run:235]	rotation: 
[0.9999914427813339, 0.003028210881850875, 0.002818563989221425;
 -0.003046724155821304, 0.9999736615810885, 0.006587383094147771;
 -0.002798541767533729, -0.006595914111460886, 0.9999743307110486]
2020/03/08 16:05:21 232246	INFO [input.cpp->run:256]	frame times (ms): 47.164
2020/03/08 16:05:21 232248	INFO [input.cpp->run:257]	FPS: 21.2026
2020/03/08 16:05:21 267666	INFO [input.cpp->run:173]	
frame_id 131
2020/03/08 16:05:21 299338	INFO [input.cpp->run:235]	rotation: 
[0.9999717179089611, 0.004781964309077915, 0.005804842766847803;
 -0.004876571743429312, 0.9998537044891679, 0.01639477561051139;
 -0.00572559431258512, -0.01642261966418687, 0.9998487461276996]
2020/03/08 16:05:21 299360	INFO [input.cpp->run:256]	frame times (ms): 48.117
2020/03/08 16:05:21 299364	INFO [input.cpp->run:257]	FPS: 20.7827
2020/03/08 16:05:21 334419	INFO [input.cpp->run:173]	
frame_id 132
2020/03/08 16:05:21 365755	INFO [input.cpp->run:235]	rotation: 
[0.9999892549796018, 0.003518881048692344, 0.003017847164151414;
 -0.003547139787032566, 0.9999494316173778, 0.009410207618023138;
 -0.00298458115525, -0.009420811230897474, 0.9999511691033115]
2020/03/08 16:05:21 365778	INFO [input.cpp->run:256]	frame times (ms): 47.664
2020/03/08 16:05:21 365781	INFO [input.cpp->run:257]	FPS: 20.9802
2020/03/08 16:05:21 401241	INFO [input.cpp->run:173]	
frame_id 133
2020/03/08 16:05:21 429472	INFO [input.cpp->run:235]	rotation: 
[0.9999793871619009, 0.004104706813863331, 0.004937269820593389;
 -0.004149378227118316, 0.999950240938269, 0.009071841479332788;
 -0.004899786897145099, -0.009092141082828091, 0.9999466611069275]
2020/03/08 16:05:21 429498	INFO [input.cpp->run:256]	frame times (ms): 42.544
2020/03/08 16:05:21 429501	INFO [input.cpp->run:257]	FPS: 23.5051
2020/03/08 16:05:21 467916	INFO [input.cpp->run:173]	
frame_id 134
2020/03/08 16:05:21 502692	INFO [input.cpp->run:235]	rotation: 
[0.9999849705876367, 0.004529307418755017, 0.003089332152714101;
 -0.004565122748885575, 0.9999212905796233, 0.01168641518465246;
 -0.003036157626176512, -0.01170034272518882, 0.9999269391945504]
2020/03/08 16:05:21 502718	INFO [input.cpp->run:256]	frame times (ms): 51.872
2020/03/08 16:05:21 502720	INFO [input.cpp->run:257]	FPS: 19.2782
2020/03/08 16:05:21 534729	INFO [input.cpp->run:173]	
frame_id 135
2020/03/08 16:05:21 562831	INFO [input.cpp->run:235]	rotation: 
[0.9999888831338994, 0.003417260199813095, 0.003248990819188893;
 -0.003449334272206561, 0.999944864183089, 0.009918199783335805;
 -0.003214918614052552, -0.009929296379419569, 0.9999455352026503]
2020/03/08 16:05:21 562854	INFO [input.cpp->run:256]	frame times (ms): 42.716
2020/03/08 16:05:21 562856	INFO [input.cpp->run:257]	FPS: 23.4104
2020/03/08 16:05:21 601152	INFO [input.cpp->run:173]	
frame_id 136
2020/03/08 16:05:21 629481	INFO [input.cpp->run:235]	rotation: 
[0.9999894924697437, 0.003702760368623769, 0.002702686766341116;
 -0.003729457458430109, 0.9999436351920036, 0.00994070349960037;
 -0.002665726386965897, -0.009950678602676111, 0.9999469375412757]
2020/03/08 16:05:21 629505	INFO [input.cpp->run:256]	frame times (ms): 43.518
2020/03/08 16:05:21 629507	INFO [input.cpp->run:257]	FPS: 22.979
2020/03/08 16:05:21 667814	INFO [input.cpp->run:173]	
frame_id 137
2020/03/08 16:05:21 697679	INFO [input.cpp->run:235]	rotation: 
[0.9999862241188282, 0.003962651031937182, 0.003442233194862018;
 -0.003991944230390765, 0.9999555212566111, 0.008545167621564816;
 -0.003408218571361389, -0.008558791107292959, 0.9999575646700971]
2020/03/08 16:05:21 697702	INFO [input.cpp->run:256]	frame times (ms): 44.963
2020/03/08 16:05:21 697704	INFO [input.cpp->run:257]	FPS: 22.2405
2020/03/08 16:05:21 735132	INFO [input.cpp->run:173]	
frame_id 138
2020/03/08 16:05:21 766497	INFO [input.cpp->run:235]	rotation: 
[0.9999812516092057, 0.004216418934350851, 0.004440522655769735;
 -0.004256718981619633, 0.9999494837087933, 0.009105513386361187;
 -0.004401905677984908, -0.009124244729714964, 0.9999486843756106]
2020/03/08 16:05:21 766526	INFO [input.cpp->run:256]	frame times (ms): 47.572
2020/03/08 16:05:21 766529	INFO [input.cpp->run:257]	FPS: 21.0208
2020/03/08 16:05:21 801340	INFO [input.cpp->run:173]	
frame_id 139
2020/03/08 16:05:21 830598	INFO [input.cpp->run:235]	rotation: 
[0.9999909057687081, 0.003551441669935079, 0.002361279725895317;
 -0.003573694829861562, 0.9999486045074665, 0.009487731490375994;
 -0.002327463241792719, -0.009496083699899674, 0.9999522025123114]
2020/03/08 16:05:21 830625	INFO [input.cpp->run:256]	frame times (ms): 45.194
2020/03/08 16:05:21 830629	INFO [input.cpp->run:257]	FPS: 22.1268
2020/03/08 16:05:21 867797	INFO [input.cpp->run:173]	
frame_id 140
2020/03/08 16:05:21 895826	INFO [input.cpp->run:235]	rotation: 
[0.9999825260552684, 0.004019265000456014, 0.004335100111950391;
 -0.004064727068409608, 0.9999363002511102, 0.0105296454822043;
 -0.004292502531608015, -0.01054708248653041, 0.9999351646347069]
2020/03/08 16:05:21 895851	INFO [input.cpp->run:256]	frame times (ms): 42.576
2020/03/08 16:05:21 895853	INFO [input.cpp->run:257]	FPS: 23.4874
2020/03/08 16:05:21 934672	INFO [input.cpp->run:173]	
frame_id 141
2020/03/08 16:05:21 968966	INFO [input.cpp->run:235]	rotation: 
[0.999982501402033, 0.005044222219817977, 0.003090746176913143;
 -0.005077110343355982, 0.9999295744211222, 0.0107270288782511;
 -0.003036418991904166, -0.01074253322966887, 0.9999376871283105]
2020/03/08 16:05:21 968992	INFO [input.cpp->run:256]	frame times (ms): 51.375
2020/03/08 16:05:21 968994	INFO [input.cpp->run:257]	FPS: 19.4647
2020/03/08 16:05:22 001066	INFO [input.cpp->run:173]	
frame_id 142
2020/03/08 16:05:22 029038	INFO [input.cpp->run:235]	rotation: 
[0.9999959908968375, 0.002517182019015891, 0.001296913619029144;
 -0.002524212557436155, 0.9999819727746102, 0.005448162696148076;
 -0.001283176222099605, -0.005451414539544844, 0.9999843176461825]
2020/03/08 16:05:22 029062	INFO [input.cpp->run:256]	frame times (ms): 42.93
2020/03/08 16:05:22 029065	INFO [input.cpp->run:257]	FPS: 23.2937
2020/03/08 16:05:22 068041	INFO [input.cpp->run:173]	
frame_id 143
2020/03/08 16:05:22 096683	INFO [input.cpp->run:235]	rotation: 
[0.9999878677244426, 0.003701220703113886, 0.003250441389966276;
 -0.003727809298118638, 0.9999593291983032, 0.008212392289482243;
 -0.003219913315545153, -0.008224409680112506, 0.9999609948611266]
2020/03/08 16:05:22 096706	INFO [input.cpp->run:256]	frame times (ms): 43.711
2020/03/08 16:05:22 096708	INFO [input.cpp->run:257]	FPS: 22.8775
2020/03/08 16:05:22 134742	INFO [input.cpp->run:173]	
frame_id 144
2020/03/08 16:05:22 164539	INFO [input.cpp->run:235]	rotation: 
[0.9999861359177644, 0.001846733144218252, -0.004931282688344298;
 -0.001819273857289453, 0.9999828487950237, 0.005567078086470578;
 0.004941479018522851, -0.005558029550364367, 0.9999723446639046]
2020/03/08 16:05:22 164561	INFO [input.cpp->run:256]	frame times (ms): 45.155
2020/03/08 16:05:22 164563	INFO [input.cpp->run:257]	FPS: 22.1459
2020/03/08 16:05:22 201267	INFO [input.cpp->run:173]	
frame_id 145
2020/03/08 16:05:22 229304	INFO [input.cpp->run:235]	rotation: 
[0.9999780851048962, 0.004196122493279471, 0.005120729046371591;
 -0.004252852309974462, 0.9999291455377939, 0.01111832502164523;
 -0.00507371236615799, -0.01113985906907226, 0.9999250776846967]
2020/03/08 16:05:22 229328	INFO [input.cpp->run:256]	frame times (ms): 42.696
2020/03/08 16:05:22 229330	INFO [input.cpp->run:257]	FPS: 23.4214
2020/03/08 16:05:22 268223	INFO [input.cpp->run:173]	
frame_id 146
2020/03/08 16:05:22 299561	INFO [input.cpp->run:235]	rotation: 
[0.9999881365419634, 0.00433238335434539, 0.002226483730583615;
 -0.004363669276865916, 0.9998890213703386, 0.01424441411601655;
 -0.002164524375861599, -0.01425396076665801, 0.9998960643170314]
2020/03/08 16:05:22 299583	INFO [input.cpp->run:256]	frame times (ms): 47.215
2020/03/08 16:05:22 299585	INFO [input.cpp->run:257]	FPS: 21.1797
2020/03/08 16:05:22 334469	INFO [input.cpp->run:173]	
frame_id 147
2020/03/08 16:05:22 366082	INFO [input.cpp->run:235]	rotation: 
[0.9999805459398219, 0.004480950779409063, 0.004339219055120946;
 -0.004544171892397578, 0.9998820472532474, 0.01467113091984271;
 -0.004272966616784552, -0.01469056366404415, 0.999882957698312]
2020/03/08 16:05:22 366107	INFO [input.cpp->run:256]	frame times (ms): 48.501
2020/03/08 16:05:22 366110	INFO [input.cpp->run:257]	FPS: 20.6181
2020/03/08 16:05:22 401048	INFO [input.cpp->run:173]	
frame_id 148
2020/03/08 16:05:22 431503	INFO [input.cpp->run:235]	rotation: 
[0.9999986174295762, 0.001465235659090815, 0.0007862718355802296;
 -0.001466190164856153, 0.9999981873158567, 0.001214763928204345;
 -0.0007844904948927588, -0.001215915072739897, 0.9999989530620517]
2020/03/08 16:05:22 431529	INFO [input.cpp->run:256]	frame times (ms): 45.195
2020/03/08 16:05:22 431531	INFO [input.cpp->run:257]	FPS: 22.1263
2020/03/08 16:05:22 468341	INFO [input.cpp->run:173]	
frame_id 149
2020/03/08 16:05:22 496821	INFO [input.cpp->run:235]	rotation: 
[0.9999986391716591, 0.001522572366090088, 0.0006351599956151157;
 -0.001530203626568956, 0.9999244989009979, 0.0121924146275232;
 -0.0006165482067496252, -0.01219336995986857, 0.9999254680211573]
2020/03/08 16:05:22 496847	INFO [input.cpp->run:256]	frame times (ms): 42.283
2020/03/08 16:05:22 496850	INFO [input.cpp->run:257]	FPS: 23.6502
2020/03/08 16:05:22 535014	INFO [input.cpp->run:173]	
frame_id 150
2020/03/08 16:05:22 565443	INFO [input.cpp->run:235]	rotation: 
[0.9999951324121229, 0.001957356386275525, -0.002429795884012096;
 -0.001959161018691241, 0.9999978066333105, -0.0007405515991815546;
 0.002428341031176716, 0.000745308355860901, 0.9999967738324415]
2020/03/08 16:05:22 565474	INFO [input.cpp->run:256]	frame times (ms): 45.284
2020/03/08 16:05:22 565477	INFO [input.cpp->run:257]	FPS: 22.0829
2020/03/08 16:05:22 601228	INFO [input.cpp->run:173]	
frame_id 151
2020/03/08 16:05:22 629260	INFO [input.cpp->run:235]	rotation: 
[0.9999970923683522, 0.001987022874161907, 0.001366380232153183;
 -0.001988685460780155, 0.9999972826233016, 0.001216501603292481;
 -0.001363959302671182, -0.001219215366655501, 0.999998326563055]
2020/03/08 16:05:22 629290	INFO [input.cpp->run:256]	frame times (ms): 42.625
2020/03/08 16:05:22 629293	INFO [input.cpp->run:257]	FPS: 23.4604
2020/03/08 16:05:22 667660	INFO [input.cpp->run:173]	
frame_id 152
2020/03/08 16:05:22 698079	INFO [input.cpp->run:235]	rotation: 
[0.9999860702912563, 0.003782233231341136, 0.003681566953677437;
 -0.00380774765058251, 0.9999686116096085, 0.006948154674546224;
 -0.003655171853710076, -0.00696207636669363, 0.9999690841277965]
2020/03/08 16:05:22 698103	INFO [input.cpp->run:256]	frame times (ms): 45.623
2020/03/08 16:05:22 698106	INFO [input.cpp->run:257]	FPS: 21.9188
2020/03/08 16:05:22 734303	INFO [input.cpp->run:173]	
frame_id 153
2020/03/08 16:05:22 762506	INFO [input.cpp->run:235]	rotation: 
[0.9999909613501646, 0.002903494506505104, 0.003105951967478701;
 -0.002922157902379131, 0.9999776019327808, 0.006021347520158997;
 -0.003088399450711214, -0.006030369177393403, 0.9999770479548105]
2020/03/08 16:05:22 762536	INFO [input.cpp->run:256]	frame times (ms): 42.613
2020/03/08 16:05:22 762540	INFO [input.cpp->run:257]	FPS: 23.467
2020/03/08 16:05:22 801451	INFO [input.cpp->run:173]	
frame_id 154
2020/03/08 16:05:22 831483	INFO [input.cpp->run:235]	rotation: 
[0.9999938994101415, 0.002902975866889057, 0.001942646034702365;
 -0.002914354402576488, 0.9999784642772489, 0.005880265311272193;
 -0.00192553393012643, -0.005885890997209152, 0.9999808241192693]
2020/03/08 16:05:22 831505	INFO [input.cpp->run:256]	frame times (ms): 45.682
2020/03/08 16:05:22 831507	INFO [input.cpp->run:257]	FPS: 21.8905
2020/03/08 16:05:22 868084	INFO [input.cpp->run:173]	
frame_id 155
2020/03/08 16:05:22 900414	INFO [input.cpp->run:235]	rotation: 
[0.9999950793447622, 0.003136984336007508, -2.481004889059266e-05;
 -0.003136869887707819, 0.9999881147267828, 0.003732352138014304;
 3.651808420979807e-05, -0.003732255946500929, 0.9999930344417302]
2020/03/08 16:05:22 900445	INFO [input.cpp->run:256]	frame times (ms): 49.5
2020/03/08 16:05:22 900449	INFO [input.cpp->run:257]	FPS: 20.202
2020/03/08 16:05:22 934648	INFO [input.cpp->run:173]	
frame_id 156
2020/03/08 16:05:22 963004	INFO [input.cpp->run:235]	rotation: 
[0.9999857683000376, 0.004438597282707735, 0.002960076273596185;
 -0.004482813688568879, 0.9998759075947522, 0.01510211220340229;
 -0.002892676756422509, -0.0151151667451111, 0.9998815750654926]
2020/03/08 16:05:22 963028	INFO [input.cpp->run:256]	frame times (ms): 42.96
2020/03/08 16:05:22 963030	INFO [input.cpp->run:257]	FPS: 23.2775
2020/03/08 16:05:23 001207	INFO [input.cpp->run:173]	
frame_id 157
2020/03/08 16:05:23 030546	INFO [input.cpp->run:235]	rotation: 
[0.9999975446316913, 0.001916994568854037, -0.001111693488115516;
 -0.001914913061087324, 0.9999964172989025, 0.001870427044181112;
 0.001115275103735169, -0.001868293655213506, 0.9999976328173287]
2020/03/08 16:05:23 030572	INFO [input.cpp->run:256]	frame times (ms): 44.996
2020/03/08 16:05:23 030575	INFO [input.cpp->run:257]	FPS: 22.2242
2020/03/08 16:05:23 067594	INFO [input.cpp->run:173]	
frame_id 158
2020/03/08 16:05:23 096541	INFO [input.cpp->run:235]	rotation: 
[0.9999888317483332, 0.004725651430190769, -6.780239020315006e-05;
 -0.004724478690516429, 0.9999150110518273, 0.01215113057812948;
 0.0001252186353442955, -0.01215067454029747, 0.9999261699888193]
2020/03/08 16:05:23 096563	INFO [input.cpp->run:256]	frame times (ms): 43.611
2020/03/08 16:05:23 096565	INFO [input.cpp->run:257]	FPS: 22.93
2020/03/08 16:05:23 134905	INFO [input.cpp->run:173]	
frame_id 159
2020/03/08 16:05:23 163894	INFO [input.cpp->run:235]	rotation: 
[0.9999885636837262, 0.004733924758756143, 0.0006800427462473929;
 -0.00474158903476708, 0.9999197323420294, 0.01174930663782693;
 -0.0006243678272178049, -0.01175239675226901, 0.9999307432694494]
2020/03/08 16:05:23 163918	INFO [input.cpp->run:256]	frame times (ms): 43.991
2020/03/08 16:05:23 163921	INFO [input.cpp->run:257]	FPS: 22.7319
2020/03/08 16:05:23 201815	INFO [input.cpp->run:173]	
frame_id 160
2020/03/08 16:05:23 234860	INFO [input.cpp->run:235]	rotation: 
[0.999995747673649, 0.00143072965848577, -0.002541190127525188;
 -0.001430145944175218, 0.9999989505438159, 0.000231503445325392;
 0.002541518679502763, -0.0002278681881429328, 0.9999967443741458]
2020/03/08 16:05:23 234889	INFO [input.cpp->run:256]	frame times (ms): 49.343
2020/03/08 16:05:23 234891	INFO [input.cpp->run:257]	FPS: 20.2663
2020/03/08 16:05:23 267868	INFO [input.cpp->run:173]	
frame_id 161
2020/03/08 16:05:23 299047	INFO [input.cpp->run:235]	rotation: 
[0.9999475138624528, 0.007018026640739674, 0.007464370192426855;
 -0.007086692625349258, 0.9999324488288341, 0.009212847920420753;
 -0.007399209953335746, -0.00926526207081315, 0.9999297008344264]
2020/03/08 16:05:23 299074	INFO [input.cpp->run:256]	frame times (ms): 44.669
2020/03/08 16:05:23 299076	INFO [input.cpp->run:257]	FPS: 22.3869
2020/03/08 16:05:23 334874	INFO [input.cpp->run:173]	
frame_id 162
2020/03/08 16:05:23 362569	INFO [input.cpp->run:235]	rotation: 
[0.9999798822040484, 0.004966802549282134, 0.003945384596443459;
 -0.004995413095379728, 0.9999610578887285, 0.007275201307284431;
 -0.003909096466437934, -0.007294763772148407, 0.9999657521067032]
2020/03/08 16:05:23 362592	INFO [input.cpp->run:256]	frame times (ms): 42.194
2020/03/08 16:05:23 362594	INFO [input.cpp->run:257]	FPS: 23.7001
2020/03/08 16:05:23 401942	INFO [input.cpp->run:173]	
frame_id 163
2020/03/08 16:05:23 432749	INFO [input.cpp->run:235]	rotation: 
[0.9999936623856275, 0.002668531675691018, -0.002356719600518377;
 -0.002655341596320407, 0.9999808933486036, 0.005582302279115047;
 0.002371571121953632, -0.00557600900504977, 0.9999816417184814]
2020/03/08 16:05:23 432777	INFO [input.cpp->run:256]	frame times (ms): 45.644
2020/03/08 16:05:23 432781	INFO [input.cpp->run:257]	FPS: 21.9087
2020/03/08 16:05:23 468548	INFO [input.cpp->run:173]	
frame_id 164
2020/03/08 16:05:23 498033	INFO [input.cpp->run:235]	rotation: 
[0.9999959122432577, 0.002775626254328947, -0.0006865826033445957;
 -0.002772592389563244, 0.9999865598529011, 0.004380963935200555;
 0.0006987332940912221, -0.004379042413184851, 0.9999901678313279]
2020/03/08 16:05:23 498058	INFO [input.cpp->run:256]	frame times (ms): 43.503
2020/03/08 16:05:23 498060	INFO [input.cpp->run:257]	FPS: 22.9869
2020/03/08 16:05:23 535063	INFO [input.cpp->run:173]	
frame_id 165
2020/03/08 16:05:23 564795	INFO [input.cpp->run:235]	rotation: 
[0.9999959778217904, 0.002814424247083296, -0.0003512212959169156;
 -0.002812765622444509, 0.9999852940259739, 0.004636818018833939;
 0.0003642661039271793, -0.004635811465538516, 0.9999891882226835]
2020/03/08 16:05:23 564817	INFO [input.cpp->run:256]	frame times (ms): 43.693
2020/03/08 16:05:23 564819	INFO [input.cpp->run:257]	FPS: 22.887
2020/03/08 16:05:23 601366	INFO [input.cpp->run:173]	
frame_id 166
2020/03/08 16:05:23 630055	INFO [input.cpp->run:235]	rotation: 
[0.9999951407394069, 0.003105667905913327, -0.0002707848447012289;
 -0.00310421491636285, 0.9999816066090933, 0.005210594327868751;
 0.0002869622396245247, -0.005209728433879021, 0.9999863880985173]
2020/03/08 16:05:23 630080	INFO [input.cpp->run:256]	frame times (ms): 42.856
2020/03/08 16:05:23 630083	INFO [input.cpp->run:257]	FPS: 23.334
2020/03/08 16:05:23 667961	INFO [input.cpp->run:173]	
frame_id 167
2020/03/08 16:05:23 698118	INFO [input.cpp->run:235]	rotation: 
[0.9999961823010226, 0.001309883147384104, -0.002433020657551354;
 -0.001328101107800971, 0.9999709826502751, -0.007501333540826261;
 0.002423124187352011, 0.00750453620042347, 0.9999689047193364]
2020/03/08 16:05:23 698142	INFO [input.cpp->run:256]	frame times (ms): 45.513
2020/03/08 16:05:23 698145	INFO [input.cpp->run:257]	FPS: 21.9717
2020/03/08 16:05:23 734602	INFO [input.cpp->run:173]	
frame_id 168
2020/03/08 16:05:23 766937	INFO [input.cpp->run:235]	rotation: 
[0.9999887139270469, 0.004648421194286425, 0.0009819363173090771;
 -0.004658395718244151, 0.999934937758206, 0.0104124732808811;
 -0.0009334708688471852, -0.01041693001288417, 0.9999453066049381]
2020/03/08 16:05:23 766963	INFO [input.cpp->run:256]	frame times (ms): 48.392
2020/03/08 16:05:23 766965	INFO [input.cpp->run:257]	FPS: 20.6646
2020/03/08 16:05:23 801354	INFO [input.cpp->run:173]	
frame_id 169
2020/03/08 16:05:23 829535	INFO [input.cpp->run:235]	rotation: 
[0.9999898293887112, 0.004206872795127875, 0.001625835299765229;
 -0.004226746138158, 0.9999139390137046, 0.01241970946443363;
 -0.001573447240906459, -0.01242645514147091, 0.9999215506610492]
2020/03/08 16:05:23 829561	INFO [input.cpp->run:256]	frame times (ms): 42.368
2020/03/08 16:05:23 829564	INFO [input.cpp->run:257]	FPS: 23.6027
2020/03/08 16:05:23 868053	INFO [input.cpp->run:173]	
frame_id 170
2020/03/08 16:05:23 898463	INFO [input.cpp->run:235]	rotation: 
[0.9999874523434519, 0.004236332819938029, 0.002673694053399079;
 -0.004270063202241087, 0.9999097430396335, 0.01273861588489777;
 -0.002619487717347093, -0.01274987288771222, 0.9999152859244856]
2020/03/08 16:05:23 898485	INFO [input.cpp->run:256]	frame times (ms): 45.576
2020/03/08 16:05:23 898487	INFO [input.cpp->run:257]	FPS: 21.9414
2020/03/08 16:05:23 934611	INFO [input.cpp->run:173]	
frame_id 171
2020/03/08 16:05:23 962789	INFO [input.cpp->run:235]	rotation: 
[0.9999982919852477, 0.001846293706336133, -8.500668971878128e-05;
 -0.001846326975889649, 0.9999982183221022, -0.0003929749600083587;
 8.428099106882993e-05, 0.0003931312389456886, 0.9999999191722685]
2020/03/08 16:05:23 962821	INFO [input.cpp->run:256]	frame times (ms): 41.549
2020/03/08 16:05:23 962824	INFO [input.cpp->run:257]	FPS: 24.068
2020/03/08 16:05:24 001603	INFO [input.cpp->run:173]	
frame_id 172
2020/03/08 16:05:24 029382	INFO [input.cpp->run:235]	rotation: 
[0.9999921770784119, 0.003462491214761411, 0.001912311838000281;
 -0.003486347492285689, 0.9999143380745982, 0.01261593809437951;
 -0.001868465450868507, -0.01262250638446592, 0.9999185872707003]
2020/03/08 16:05:24 029404	INFO [input.cpp->run:256]	frame times (ms): 42.268
2020/03/08 16:05:24 029406	INFO [input.cpp->run:257]	FPS: 23.6586
2020/03/08 16:05:24 067989	INFO [input.cpp->run:173]	
frame_id 173
2020/03/08 16:05:24 096468	INFO [input.cpp->run:235]	rotation: 
[0.9999952286946768, 0.003089092999508831, -9.608402253568972e-06;
 -0.003088813857627358, 0.9999381099842203, 0.01068809759209833;
 4.262433503922004e-05, -0.01068801691735537, 0.9999428806074577]
2020/03/08 16:05:24 096493	INFO [input.cpp->run:256]	frame times (ms): 42.383
2020/03/08 16:05:24 096495	INFO [input.cpp->run:257]	FPS: 23.5944
2020/03/08 16:05:24 135095	INFO [input.cpp->run:173]	
frame_id 174
2020/03/08 16:05:24 166758	INFO [input.cpp->run:235]	rotation: 
[0.9999810337072291, 0.003776375124805341, 0.004865307465954444;
 -0.003825446152812798, 0.9999415105894858, 0.0101163907471608;
 -0.0048268196106184, -0.01013481084846, 0.9999369917257349]
2020/03/08 16:05:24 166788	INFO [input.cpp->run:256]	frame times (ms): 46.958
2020/03/08 16:05:24 166792	INFO [input.cpp->run:257]	FPS: 21.2956
2020/03/08 16:05:24 201735	INFO [input.cpp->run:173]	
frame_id 175
2020/03/08 16:05:24 231388	INFO [input.cpp->run:235]	rotation: 
[0.9999966269535233, 0.002400280340844997, -0.0009923385819319195;
 -0.002403842200303223, 0.9999906167355056, -0.003603884518022511;
 0.0009836789373972523, 0.003606257787312772, 0.999993013615855]
2020/03/08 16:05:24 231417	INFO [input.cpp->run:256]	frame times (ms): 44.048
2020/03/08 16:05:24 231420	INFO [input.cpp->run:257]	FPS: 22.7025
2020/03/08 16:05:24 267886	INFO [input.cpp->run:173]	
frame_id 176
2020/03/08 16:05:24 295252	INFO [input.cpp->run:235]	rotation: 
[0.9999915120199385, 0.001809441964066665, -0.003701595312265614;
 -0.001776497350967982, 0.9999589573664113, 0.008884122907838566;
 0.003717518693848888, -0.008877471625313865, 0.9999536842035748]
2020/03/08 16:05:24 295278	INFO [input.cpp->run:256]	frame times (ms): 40.85
2020/03/08 16:05:24 295281	INFO [input.cpp->run:257]	FPS: 24.4798
g3log g3FileSink shutdown at: 16:05:24 407767
