		g3log created log at: Mon Mar 09 14:52:45 2020
		LOG format: [YYYY/MM/DD hh:mm:ss uuu* LEVEL FILE->FUNCTION:LINE] message		(uuu*: microseconds fractions of the seconds value)

2020/03/09 14:52:45 715186	INFO [g3logger.h->logBanner:29]	Starting log.
2020/03/09 14:52:45 719055	DEBUG [main.cpp->main:48]	Filepath: /home/mitchell/KITTI/data_odometry_gray/dataset/sequences/00/
2020/03/09 14:52:45 719098	DEBUG [main.cpp->main:52]	Calibration Filepath: /home/mitchell/visual_odom_catkin_ws/tank_downsized.yaml
2020/03/09 14:52:45 719237	INFO [main.cpp->main:66]	P_left: 
[409.41, 0, 251.22, 0;
 0, 408.72, 191.78999, 0;
 0, 0, 1, 0]
2020/03/09 14:52:45 719850	INFO [main.cpp->main:67]	P_right: 
[409.41, 0, 251.22, -73.940002;
 0, 408.72, 191.78999, 0;
 0, 0, 1, 0]
2020/03/09 14:52:45 858620	INFO [input.cpp->Input:22]	frame_pose [1, 0, 0, 0;
 0, 1, 0, 0;
 0, 0, 1, 0;
 0, 0, 0, 1]
2020/03/09 14:52:46 393926	INFO [input.cpp->run:173]	
frame_id 1
2020/03/09 14:52:46 530307	INFO [input.cpp->run:235]	rotation: 
[-0.5987297068141414, -0.422082034680301, 0.6807124901001813;
 0.7154777022003392, -0.6638590269841528, 0.2176760206035027;
 0.3600199936564287, 0.6173637082723531, 0.6994624049052492]
2020/03/09 14:52:46 530427	INFO [input.cpp->run:256]	frame times (ms): 212.586
2020/03/09 14:52:46 530434	INFO [input.cpp->run:257]	FPS: 4.70398
2020/03/09 14:52:46 540403	INFO [input.cpp->run:173]	
frame_id 2
2020/03/09 14:52:46 589393	INFO [input.cpp->run:235]	rotation: 
[-0.5770783604114664, 0.6226103658444956, 0.5285233185847124;
 0.64791980243303, -0.04493824284289549, 0.7603818014296087;
 0.4971725008082781, 0.7812406074143721, -0.3774686977311712]
2020/03/09 14:52:46 589470	INFO [input.cpp->run:256]	frame times (ms): 157.826
2020/03/09 14:52:46 589484	INFO [input.cpp->run:257]	FPS: 6.33609
2020/03/09 14:52:46 658461	INFO [input.cpp->run:173]	
frame_id 3
2020/03/09 14:52:46 750548	INFO [input.cpp->run:235]	rotation: 
[-0.9927709940398441, -0.07497552410948734, -0.09372525901616513;
 0.08247484579101765, -0.9934666625120729, -0.07887895973496888;
 -0.08719892892052869, -0.08603871954899529, 0.9924684808765878]
2020/03/09 14:52:46 750631	INFO [input.cpp->run:256]	frame times (ms): 171.704
2020/03/09 14:52:46 750635	INFO [input.cpp->run:257]	FPS: 5.82398
2020/03/09 14:52:46 793347	INFO [input.cpp->run:173]	
frame_id 4
2020/03/09 14:52:46 857430	INFO [input.cpp->run:235]	rotation: 
[-0.296610544469598, 0.6068080116909139, 0.7374321811917139;
 0.6150729368795419, -0.4693184922186613, 0.6335814353182847;
 0.7305528504001775, 0.6415015119306597, -0.2340263723661373]
2020/03/09 14:52:46 857471	INFO [input.cpp->run:256]	frame times (ms): 165.419
2020/03/09 14:52:46 857485	INFO [input.cpp->run:257]	FPS: 6.04525
2020/03/09 14:52:46 926822	INFO [input.cpp->run:173]	
frame_id 5
2020/03/09 14:52:47 028492	INFO [input.cpp->run:235]	rotation: 
[-0.9995323311819768, 0.01477323403921401, 0.02677443702387639;
 -0.01495726630749772, -0.9998657782320844, -0.006686232493320269;
 0.02667206603413968, -0.007083577935672536, 0.9996191393811443]
2020/03/09 14:52:47 028563	INFO [input.cpp->run:256]	frame times (ms): 185.519
2020/03/09 14:52:47 028569	INFO [input.cpp->run:257]	FPS: 5.39028
2020/03/09 14:52:47 059099	INFO [input.cpp->run:173]	
frame_id 6
2020/03/09 14:52:47 108690	INFO [input.cpp->run:235]	rotation: 
[-0.9993197856286762, -0.009220876294064392, -0.03570632284940875;
 0.02226250607233014, -0.9227422261551519, -0.3847741738911462;
 -0.02939977677527691, -0.3853073571976068, 0.9223198434463827]
2020/03/09 14:52:47 108750	INFO [input.cpp->run:256]	frame times (ms): 162.636
2020/03/09 14:52:47 108755	INFO [input.cpp->run:257]	FPS: 6.1487
2020/03/09 14:52:47 193595	INFO [input.cpp->run:173]	
frame_id 7
2020/03/09 14:52:47 248281	INFO [input.cpp->run:235]	rotation: 
[-0.999081488311213, 0.01973585700878453, 0.03803518978499149;
 -0.01939053689421546, -0.9997675460412246, 0.009426609234594575;
 0.03821239056648485, 0.008680428033022609, 0.9992319367275836]
2020/03/09 14:52:47 248341	INFO [input.cpp->run:256]	frame times (ms): 163.726
2020/03/09 14:52:47 248345	INFO [input.cpp->run:257]	FPS: 6.10777
2020/03/09 14:52:47 325589	INFO [input.cpp->run:173]	
frame_id 8
2020/03/09 14:52:47 383177	INFO [input.cpp->run:235]	rotation: 
[-0.981451664484679, -0.1915800528887037, 0.007050788283209479;
 0.173256688043405, -0.9021255280608929, -0.3951602860474284;
 0.08206552460371747, -0.3866091242534463, 0.9185851265481609]
2020/03/09 14:52:47 383250	INFO [input.cpp->run:256]	frame times (ms): 175.891
2020/03/09 14:52:47 383266	INFO [input.cpp->run:257]	FPS: 5.68534
2020/03/09 14:52:47 458704	INFO [input.cpp->run:173]	
frame_id 9
2020/03/09 14:52:47 512401	INFO [input.cpp->run:235]	rotation: 
[-0.9991263081922325, -0.04176526175949589, 0.001511022276780765;
 0.04179073136829933, -0.9980880952552145, 0.04553777422668626;
 -0.000393763714402066, 0.0455611349724609, 0.9989614746976776]
2020/03/09 14:52:47 512463	INFO [input.cpp->run:256]	frame times (ms): 169.243
2020/03/09 14:52:47 512479	INFO [input.cpp->run:257]	FPS: 5.90866
2020/03/09 14:52:47 594710	INFO [input.cpp->run:173]	
frame_id 10
2020/03/09 14:52:47 648354	INFO [input.cpp->run:235]	rotation: 
[-0.9998625938667154, -0.01090694149824571, 0.01248326933450038;
 0.01104180654673852, -0.9998808608943407, 0.0107862192345868;
 0.01236413742677728, 0.0109225749869714, 0.9998639034695407]
2020/03/09 14:52:47 648444	INFO [input.cpp->run:256]	frame times (ms): 168.35
2020/03/09 14:52:47 648450	INFO [input.cpp->run:257]	FPS: 5.94001
2020/03/09 14:52:47 727267	INFO [input.cpp->run:173]	
frame_id 11
2020/03/09 14:52:47 779971	INFO [input.cpp->run:235]	rotation: 
[-0.9920158113980895, 0.07547531582034833, 0.1010351752510429;
 0.09829263931170867, -0.03921759110570744, 0.9943845018930071;
 0.07901384051752339, 0.9963761625258225, 0.03148580246694022]
2020/03/09 14:52:47 780027	INFO [input.cpp->run:256]	frame times (ms): 167.679
2020/03/09 14:52:47 780029	INFO [input.cpp->run:257]	FPS: 5.96378
2020/03/09 14:52:47 859733	INFO [input.cpp->run:173]	
frame_id 12
2020/03/09 14:52:47 914766	INFO [input.cpp->run:235]	rotation: 
[-0.9998981527014821, -0.002511014222597537, 0.01404916480569676;
 0.002504226897570371, -0.9999967390765031, -0.000500683538385725;
 0.01405037621593104, -0.0004654502487251032, 0.9999011802594581]
2020/03/09 14:52:47 914818	INFO [input.cpp->run:256]	frame times (ms): 166.824
2020/03/09 14:52:47 914822	INFO [input.cpp->run:257]	FPS: 5.99434
2020/03/09 14:52:47 993941	INFO [input.cpp->run:173]	
frame_id 13
2020/03/09 14:52:48 049379	INFO [input.cpp->run:235]	rotation: 
[-0.9999092521165233, -0.001080794488225454, 0.0134283064847895;
 0.001006182044342224, -0.9999840264749361, -0.005561869529929084;
 0.01343410322533148, -0.005547853481170149, 0.9998943675170305]
2020/03/09 14:52:48 049439	INFO [input.cpp->run:256]	frame times (ms): 168.189
2020/03/09 14:52:48 049441	INFO [input.cpp->run:257]	FPS: 5.94569
2020/03/09 14:52:48 124359	INFO [input.cpp->run:173]	
frame_id 14
2020/03/09 14:52:48 180254	INFO [input.cpp->run:235]	rotation: 
[-0.9999568193007879, -0.001783285702706543, 0.009120275541552397;
 0.001766187429143958, -0.9999966684485735, -0.001882464798839331;
 0.009123602129447024, -0.001866275396681256, 0.999956637510011]
2020/03/09 14:52:48 180324	INFO [input.cpp->run:256]	frame times (ms): 172.517
2020/03/09 14:52:48 180329	INFO [input.cpp->run:257]	FPS: 5.79653
2020/03/09 14:52:48 258510	INFO [input.cpp->run:173]	
frame_id 15
2020/03/09 14:52:48 330781	INFO [input.cpp->run:235]	rotation: 
[-0.7576691137458564, 0.4980259893555382, 0.4217909766721024;
 0.4895496661786721, 0.006294617112982626, 0.871952694897924;
 0.4316000908479043, 0.8671392573986251, -0.2485776938066693]
2020/03/09 14:52:48 330848	INFO [input.cpp->run:256]	frame times (ms): 178.143
2020/03/09 14:52:48 330851	INFO [input.cpp->run:257]	FPS: 5.61347
2020/03/09 14:52:48 391539	INFO [input.cpp->run:173]	
frame_id 16
2020/03/09 14:52:48 475502	INFO [input.cpp->run:235]	rotation: 
[-0.9984879148934396, 0.0273641003947063, 0.04767693175257631;
 -0.02646432679904512, -0.9994614456966923, 0.01940252491175592;
 0.04818218777540853, 0.01811144874013124, 0.9986743474254796]
2020/03/09 14:52:48 475568	INFO [input.cpp->run:256]	frame times (ms): 166.36
2020/03/09 14:52:48 475573	INFO [input.cpp->run:257]	FPS: 6.01106
2020/03/09 14:52:48 524618	INFO [input.cpp->run:173]	
frame_id 17
2020/03/09 14:52:48 576259	INFO [input.cpp->run:235]	rotation: 
[-0.9089037639250647, 0.3096948884886254, 0.2792544072469909;
 0.2900660491381452, -0.01158115871835708, 0.9569365516585346;
 0.2995924482697077, 0.9507654562544634, -0.07930581399244563]
2020/03/09 14:52:48 576316	INFO [input.cpp->run:256]	frame times (ms): 164.267
2020/03/09 14:52:48 576321	INFO [input.cpp->run:257]	FPS: 6.08765
2020/03/09 14:52:48 660277	INFO [input.cpp->run:173]	
frame_id 18
2020/03/09 14:52:48 712999	INFO [input.cpp->run:235]	rotation: 
[-0.9556815874161909, 0.0211046183989812, -0.2936448510631554;
 0.01995914134763684, -0.9904877647967991, -0.1361455855490947;
 -0.2937249328033533, -0.1359727284056409, 0.9461696893156064]
2020/03/09 14:52:48 713070	INFO [input.cpp->run:256]	frame times (ms): 161.354
2020/03/09 14:52:48 713074	INFO [input.cpp->run:257]	FPS: 6.19755
2020/03/09 14:52:48 794323	INFO [input.cpp->run:173]	
frame_id 19
2020/03/09 14:52:48 857741	INFO [input.cpp->run:235]	rotation: 
[-0.9999161370414396, -0.004589197976849735, 0.01211024962807826;
 0.004637661466472149, -0.9999813383513221, 0.003976813450626899;
 0.01209177324661238, 0.004032643181334784, 0.9999187601044022]
2020/03/09 14:52:48 857802	INFO [input.cpp->run:256]	frame times (ms): 171.285
2020/03/09 14:52:48 857807	INFO [input.cpp->run:257]	FPS: 5.83822
2020/03/09 14:52:48 924330	INFO [input.cpp->run:173]	
frame_id 20
2020/03/09 14:52:48 976766	INFO [input.cpp->run:235]	rotation: 
[-0.9987980322292587, -0.04893457329147496, 0.002810400637249578;
 0.0490007657142334, -0.9982529057847302, 0.0330160726277541;
 0.001189863176754156, 0.03311410015572808, 0.9994508695261095]
2020/03/09 14:52:48 976826	INFO [input.cpp->run:256]	frame times (ms): 156.263
2020/03/09 14:52:48 976830	INFO [input.cpp->run:257]	FPS: 6.39947
2020/03/09 14:52:49 060343	INFO [input.cpp->run:173]	
frame_id 21
2020/03/09 14:52:49 111622	INFO [input.cpp->run:235]	rotation: 
[-0.9999623281239856, -0.001185115881216258, 0.008598711136365107;
 0.001192294381874917, -0.9999989449687103, 0.0008297563336783168;
 0.008597718707047225, 0.0008399772701798457, 0.9999626861394482]
2020/03/09 14:52:49 111692	INFO [input.cpp->run:256]	frame times (ms): 161.536
2020/03/09 14:52:49 111698	INFO [input.cpp->run:257]	FPS: 6.19057
2020/03/09 14:52:49 191405	INFO [input.cpp->run:173]	
frame_id 22
2020/03/09 14:52:49 243175	INFO [input.cpp->run:235]	rotation: 
[-0.9248135772443413, 0.005805311239701964, -0.3803763211688327;
 0.004616630944662392, -0.9996386570106658, -0.02648097673110385;
 -0.380392605163725, -0.02624602391454119, 0.92445260136225]
2020/03/09 14:52:49 243251	INFO [input.cpp->run:256]	frame times (ms): 157.132
2020/03/09 14:52:49 243255	INFO [input.cpp->run:257]	FPS: 6.36408
2020/03/09 14:52:49 324443	INFO [input.cpp->run:173]	
frame_id 23
2020/03/09 14:52:49 375656	INFO [input.cpp->run:235]	rotation: 
[-0.7795956862490162, -0.2264103605487345, 0.5839254358375884;
 0.4585977522637105, -0.8413466093379972, 0.2860489198968036;
 0.4265192464597559, 0.490789396372464, 0.7597414697170046]
2020/03/09 14:52:49 375722	INFO [input.cpp->run:256]	frame times (ms): 167.018
2020/03/09 14:52:49 375727	INFO [input.cpp->run:257]	FPS: 5.98738
2020/03/09 14:52:49 459701	INFO [input.cpp->run:173]	
frame_id 24
2020/03/09 14:52:49 511673	INFO [input.cpp->run:235]	rotation: 
[-0.9247089139428126, 0.01334513873047219, 0.380440970121474;
 0.2629134275612395, -0.7003551043388888, 0.6636107725425087;
 0.2752997531468286, 0.7136698361978939, 0.6441159917426102]
2020/03/09 14:52:49 511740	INFO [input.cpp->run:256]	frame times (ms): 160.378
2020/03/09 14:52:49 511746	INFO [input.cpp->run:257]	FPS: 6.23527
2020/03/09 14:52:49 590999	INFO [input.cpp->run:173]	
frame_id 25
2020/03/09 14:52:49 643336	INFO [input.cpp->run:235]	rotation: 
[-0.9998801681694092, 0.0006857784913778698, 0.0154654133269968;
 -0.0007412302792065577, -0.9999933167497446, -0.003580088479114102;
 0.01546285482009302, -0.003591122903196387, 0.9998739940398025]
2020/03/09 14:52:49 643393	INFO [input.cpp->run:256]	frame times (ms): 166.802
2020/03/09 14:52:49 643399	INFO [input.cpp->run:257]	FPS: 5.99513
2020/03/09 14:52:49 726912	INFO [input.cpp->run:173]	
frame_id 26
2020/03/09 14:52:49 780660	INFO [input.cpp->run:235]	rotation: 
[-0.9999352800874096, -0.003630753657890968, 0.01078208070779354;
 0.003649073624709075, -0.9999919310229396, 0.001679925800125447;
 0.01077589431068786, 0.001719161681804798, 0.9999404605199835]
2020/03/09 14:52:49 780722	INFO [input.cpp->run:256]	frame times (ms): 170.92
2020/03/09 14:52:49 780726	INFO [input.cpp->run:257]	FPS: 5.85069
2020/03/09 14:52:49 859113	INFO [input.cpp->run:173]	
frame_id 27
2020/03/09 14:52:49 911723	INFO [input.cpp->run:235]	rotation: 
[-0.9999503776518647, -0.002806104711402291, 0.009558661529829857;
 0.002825633703986105, -0.9999939470719118, 0.002030175782866496;
 0.009552906786109722, 0.002057084316960705, 0.9999522540481867]
2020/03/09 14:52:49 911789	INFO [input.cpp->run:256]	frame times (ms): 162.688
2020/03/09 14:52:49 911802	INFO [input.cpp->run:257]	FPS: 6.14673
2020/03/09 14:52:49 990412	INFO [input.cpp->run:173]	
frame_id 28
2020/03/09 14:52:50 041051	INFO [input.cpp->run:235]	rotation: 
[-0.9691054568359776, 0.221736635374361, 0.1080161009460573;
 0.09649419475119714, -0.06218619703558115, 0.9933890211178953;
 0.2269878496969589, 0.9731216478072564, 0.03886868480977035]
2020/03/09 14:52:50 041108	INFO [input.cpp->run:256]	frame times (ms): 160.152
2020/03/09 14:52:50 041112	INFO [input.cpp->run:257]	FPS: 6.24407
2020/03/09 14:52:50 127749	INFO [input.cpp->run:173]	
frame_id 29
2020/03/09 14:52:50 179923	INFO [input.cpp->run:235]	rotation: 
[-0.9999649194179868, -0.0008328703004396954, 0.008334642190390765;
 0.0008288221275993821, -0.9999995368945876, -0.0004891466967701727;
 0.008335045726329156, -0.0004822216013463409, 0.9999651466301553]
2020/03/09 14:52:50 179985	INFO [input.cpp->run:256]	frame times (ms): 172.14
2020/03/09 14:52:50 179990	INFO [input.cpp->run:257]	FPS: 5.80923
2020/03/09 14:52:50 257858	INFO [input.cpp->run:173]	
frame_id 30
2020/03/09 14:52:50 309907	INFO [input.cpp->run:235]	rotation: 
[-0.999959846079107, -0.003561891923404305, 0.008223086730328495;
 0.003601396720101432, -0.999982021991185, 0.004794333747826777;
 0.008205861996948281, 0.004823755834108447, 0.9999546965780697]
2020/03/09 14:52:50 309967	INFO [input.cpp->run:256]	frame times (ms): 167.514
2020/03/09 14:52:50 309975	INFO [input.cpp->run:257]	FPS: 5.96965
2020/03/09 14:52:50 393361	INFO [input.cpp->run:173]	
frame_id 31
2020/03/09 14:52:50 446868	INFO [input.cpp->run:235]	rotation: 
[-0.9999674154564095, -0.005806568592380247, 0.005608189245242559;
 0.005834663123512881, -0.9999704466312176, 0.005006253129660007;
 0.005578954352169404, 0.005038811898165577, 0.9999717424222503]
2020/03/09 14:52:50 446937	INFO [input.cpp->run:256]	frame times (ms): 166.624
2020/03/09 14:52:50 446945	INFO [input.cpp->run:257]	FPS: 6.00154
2020/03/09 14:52:50 524905	INFO [input.cpp->run:173]	
frame_id 32
2020/03/09 14:52:50 576552	INFO [input.cpp->run:235]	rotation: 
[-0.981090270214191, 0.0208213600707528, -0.192427525722932;
 0.01847913812830346, -0.9795787773908691, -0.2002097408705313;
 -0.1926665594883571, -0.1999797235977045, 0.960670446617728]
2020/03/09 14:52:50 576611	INFO [input.cpp->run:256]	frame times (ms): 154.48
2020/03/09 14:52:50 576617	INFO [input.cpp->run:257]	FPS: 6.47333
2020/03/09 14:52:50 659460	INFO [input.cpp->run:173]	
frame_id 33
2020/03/09 14:52:50 714240	INFO [input.cpp->run:235]	rotation: 
[-0.9998168586291593, -0.00121899795071447, 0.0190987760057019;
 0.0008406270313174586, -0.9998034730403386, -0.01980678274408104;
 0.01911916700889552, -0.01978710035536187, 0.9996213923843427]
2020/03/09 14:52:50 714299	INFO [input.cpp->run:256]	frame times (ms): 166.72
2020/03/09 14:52:50 714303	INFO [input.cpp->run:257]	FPS: 5.99808
2020/03/09 14:52:50 791112	INFO [input.cpp->run:173]	
frame_id 34
2020/03/09 14:52:50 847291	INFO [input.cpp->run:235]	rotation: 
[-0.9998344196571751, -0.009675159581800069, 0.01541183168434207;
 0.009789172221884107, -0.9999251487388378, 0.007339552222279635;
 0.01533966675029416, 0.007489206011319204, 0.9998542925933314]
2020/03/09 14:52:50 847354	INFO [input.cpp->run:256]	frame times (ms): 169.132
2020/03/09 14:52:50 847360	INFO [input.cpp->run:257]	FPS: 5.91254
2020/03/09 14:52:50 927673	INFO [input.cpp->run:173]	
frame_id 35
2020/03/09 14:52:50 989755	INFO [input.cpp->run:235]	rotation: 
[-0.920287744597125, 0.03444252211133476, -0.3897232092331004;
 0.02886510164301223, -0.9874255220086717, -0.1554272961646076;
 -0.3901759514007434, -0.1542872358833104, 0.9077214197054133]
2020/03/09 14:52:50 989815	INFO [input.cpp->run:256]	frame times (ms): 170.692
2020/03/09 14:52:50 989824	INFO [input.cpp->run:257]	FPS: 5.85851
2020/03/09 14:52:51 060327	INFO [input.cpp->run:173]	
frame_id 36
2020/03/09 14:52:51 115840	INFO [input.cpp->run:235]	rotation: 
[-0.999821352939776, -0.01171793763187863, 0.01483078363847098;
 0.01191984327699972, -0.999836471014621, 0.01359957959940957;
 0.01466899934990455, 0.01377393069113952, 0.9997975291484718]
2020/03/09 14:52:51 115906	INFO [input.cpp->run:256]	frame times (ms): 168.275
2020/03/09 14:52:51 115910	INFO [input.cpp->run:257]	FPS: 5.94265
2020/03/09 14:52:51 194157	INFO [input.cpp->run:173]	
frame_id 37
2020/03/09 14:52:51 249673	INFO [input.cpp->run:235]	rotation: 
[-0.9992518972814068, -0.03194100253164812, -0.02180408532321278;
 0.03292150274876498, -0.9983896581448534, -0.04619810782018938;
 -0.02029335941316161, -0.0468813701450377, 0.9986943059300237]
2020/03/09 14:52:51 249731	INFO [input.cpp->run:256]	frame times (ms): 172.373
2020/03/09 14:52:51 249736	INFO [input.cpp->run:257]	FPS: 5.80137
2020/03/09 14:52:51 324313	INFO [input.cpp->run:173]	
frame_id 38
2020/03/09 14:52:51 373797	INFO [input.cpp->run:235]	rotation: 
[-0.9193388580003864, 0.03510301452989582, -0.3918977450068569;
 0.0284718688221869, -0.987466347852121, -0.1552403444513258;
 -0.3924352390603036, -0.1538765421710145, 0.9068167361232228]
2020/03/09 14:52:51 373855	INFO [input.cpp->run:256]	frame times (ms): 161.009
2020/03/09 14:52:51 373869	INFO [input.cpp->run:257]	FPS: 6.21083
2020/03/09 14:52:51 460634	INFO [input.cpp->run:173]	
frame_id 39
2020/03/09 14:52:51 515473	INFO [input.cpp->run:235]	rotation: 
[-0.9997964713615037, 0.00324375202243637, 0.01991215522997655;
 -0.00318355986114047, -0.9999902694554713, 0.003053840366560163;
 0.01992186737472865, 0.002989827284449221, 0.999797069476158]
2020/03/09 14:52:51 515534	INFO [input.cpp->run:256]	frame times (ms): 167.617
2020/03/09 14:52:51 515539	INFO [input.cpp->run:257]	FPS: 5.96598
2020/03/09 14:52:51 596444	INFO [input.cpp->run:173]	
frame_id 40
2020/03/09 14:52:51 650343	INFO [input.cpp->run:235]	rotation: 
[-0.3456776098454855, 0.7083963028876815, 0.6153711628818631;
 0.7324226975621545, -0.2062502413033099, 0.6488588675961076;
 0.5865696737364531, 0.675007789597565, -0.44754944066027]
2020/03/09 14:52:51 650388	INFO [input.cpp->run:256]	frame times (ms): 163.873
2020/03/09 14:52:51 650391	INFO [input.cpp->run:257]	FPS: 6.10229
2020/03/09 14:52:51 728317	INFO [input.cpp->run:173]	
frame_id 41
2020/03/09 14:52:51 778890	INFO [input.cpp->run:235]	rotation: 
[-0.999610607116447, -0.02227347468276923, -0.0168085236069168;
 0.02278405374974145, -0.9992651719940875, -0.03082211761634254;
 -0.01610965657663545, -0.03119308200840049, 0.9993835452916966]
2020/03/09 14:52:51 778961	INFO [input.cpp->run:256]	frame times (ms): 161.288
2020/03/09 14:52:51 778966	INFO [input.cpp->run:257]	FPS: 6.20009
2020/03/09 14:52:51 860744	INFO [input.cpp->run:173]	
frame_id 42
2020/03/09 14:52:51 913232	INFO [input.cpp->run:235]	rotation: 
[-0.9999004522198095, -0.003113092298905479, 0.01376206041837263;
 0.003050678117668212, -0.9999849775474554, -0.004553904087425893;
 0.0137760304022176, -0.004511467139810431, 0.9998949283052714]
2020/03/09 14:52:51 913293	INFO [input.cpp->run:256]	frame times (ms): 166.612
2020/03/09 14:52:51 913298	INFO [input.cpp->run:257]	FPS: 6.00197
2020/03/09 14:52:51 993676	INFO [input.cpp->run:173]	
frame_id 43
2020/03/09 14:52:52 048550	INFO [input.cpp->run:235]	rotation: 
[-0.9290013184153944, 0.02658644566810657, -0.3691201854263673;
 0.02014540792325964, -0.9923042047095226, -0.1221741701645942;
 -0.36952768897887, -0.1209360418673381, 0.9213163196510721]
2020/03/09 14:52:52 048615	INFO [input.cpp->run:256]	frame times (ms): 157.791
2020/03/09 14:52:52 048617	INFO [input.cpp->run:257]	FPS: 6.3375
2020/03/09 14:52:52 127820	INFO [input.cpp->run:173]	
frame_id 44
2020/03/09 14:52:52 179467	INFO [input.cpp->run:235]	rotation: 
[-0.7907273688790556, 0.5028818161316815, 0.3490846704020497;
 0.4506926779598968, 0.09231853905444187, 0.8878926722189965;
 0.4142780927576822, 0.8594109414889685, -0.299643947895001]
2020/03/09 14:52:52 179527	INFO [input.cpp->run:256]	frame times (ms): 164.783
2020/03/09 14:52:52 179534	INFO [input.cpp->run:257]	FPS: 6.06859
2020/03/09 14:52:52 259835	INFO [input.cpp->run:173]	
frame_id 45
2020/03/09 14:52:52 313378	INFO [input.cpp->run:235]	rotation: 
[-0.9999453718352835, -0.001036567073886704, 0.010400907359358;
 0.001052269280377157, -0.9999983148483634, 0.001504336995127843;
 0.01039933048605476, 0.001515199371260986, 0.9999447775233925]
2020/03/09 14:52:52 313442	INFO [input.cpp->run:256]	frame times (ms): 167.802
2020/03/09 14:52:52 313448	INFO [input.cpp->run:257]	FPS: 5.9594
2020/03/09 14:52:52 394789	INFO [input.cpp->run:173]	
frame_id 46
2020/03/09 14:52:52 449163	INFO [input.cpp->run:235]	rotation: 
[-0.9999933014031817, -0.001101368232148823, 0.003490578287710677;
 0.001092363070133658, -0.9999960733432877, -0.002580705509944914;
 0.003493406888473198, -0.002576875244024291, 0.9999905778667562]
2020/03/09 14:52:52 449222	INFO [input.cpp->run:256]	frame times (ms): 167.454
2020/03/09 14:52:52 449239	INFO [input.cpp->run:257]	FPS: 5.97179
2020/03/09 14:52:52 527872	INFO [input.cpp->run:173]	
frame_id 47
2020/03/09 14:52:52 579181	INFO [input.cpp->run:235]	rotation: 
[-0.9999243184186637, -0.0005275686581989296, 0.01229142409494204;
 0.0004764604804325787, -0.9999912311879315, -0.004160592825007267;
 0.0122935113121281, -0.004154421566933497, 0.9999158016358489]
2020/03/09 14:52:52 579241	INFO [input.cpp->run:256]	frame times (ms): 164.798
2020/03/09 14:52:52 579243	INFO [input.cpp->run:257]	FPS: 6.06803
2020/03/09 14:52:52 661572	INFO [input.cpp->run:173]	
frame_id 48
2020/03/09 14:52:52 716118	INFO [input.cpp->run:235]	rotation: 
[-0.7421144834933471, 0.4845601791503908, 0.4631063875300619;
 0.4660151614340586, -0.1235994840335224, 0.8761010426088049;
 0.4817633887117109, 0.8659818706695817, -0.1340874228577043]
2020/03/09 14:52:52 716174	INFO [input.cpp->run:256]	frame times (ms): 168.512
2020/03/09 14:52:52 716176	INFO [input.cpp->run:257]	FPS: 5.9343
2020/03/09 14:52:52 793051	INFO [input.cpp->run:173]	
frame_id 49
2020/03/09 14:52:52 845800	INFO [input.cpp->run:235]	rotation: 
[-0.9270411030158822, 8.872248514824044e-05, -0.3749597117657006;
 -0.006240850360968602, -0.9998651010879505, 0.01519313704126064;
 -0.3749077821356455, 0.01642472997352338, 0.9269165998834138]
2020/03/09 14:52:52 845871	INFO [input.cpp->run:256]	frame times (ms): 170.373
2020/03/09 14:52:52 845876	INFO [input.cpp->run:257]	FPS: 5.86947
2020/03/09 14:52:52 926140	INFO [input.cpp->run:173]	
frame_id 50
2020/03/09 14:52:52 983638	INFO [input.cpp->run:235]	rotation: 
[0.9998795608742121, 0.009096479751859878, -0.01257449013346843;
 -0.008524355418108132, 0.9989583973425166, 0.04482695331579596;
 0.01296915998430362, -0.0447143649736277, 0.9989156252929007]
2020/03/09 14:52:52 983697	INFO [input.cpp->run:256]	frame times (ms): 165.921
2020/03/09 14:52:52 983702	INFO [input.cpp->run:257]	FPS: 6.02696
2020/03/09 14:52:53 058958	INFO [input.cpp->run:173]	
frame_id 51
2020/03/09 14:52:53 114136	INFO [input.cpp->run:235]	rotation: 
[-0.999933958213814, -0.0002653828465151522, 0.01148950750899174;
 0.0003117476195857396, -0.9999918156085611, 0.004033798373148446;
 0.01148834297347031, 0.00403711380051491, 0.9999258570953572]
2020/03/09 14:52:53 114199	INFO [input.cpp->run:256]	frame times (ms): 165.613
2020/03/09 14:52:53 114203	INFO [input.cpp->run:257]	FPS: 6.03817
2020/03/09 14:52:53 193251	INFO [input.cpp->run:173]	
frame_id 52
2020/03/09 14:52:53 245847	INFO [input.cpp->run:235]	rotation: 
[-0.6302284108417435, -0.3587981356434889, -0.6885318061111246;
 -0.3641220866584185, -0.6466536945763701, 0.6702642055922798;
 -0.6857311836101739, 0.6731291831063984, 0.2768932044581509]
2020/03/09 14:52:53 245907	INFO [input.cpp->run:256]	frame times (ms): 165.31
2020/03/09 14:52:53 245909	INFO [input.cpp->run:257]	FPS: 6.04924
2020/03/09 14:52:53 324852	INFO [input.cpp->run:173]	
frame_id 53
2020/03/09 14:52:53 379622	INFO [input.cpp->run:235]	rotation: 
[0.999329194822738, -0.004012203023466863, -0.03640140933860653;
 0.005344239209449634, 0.9993168109671098, 0.03656980210225191;
 0.03622981482440241, -0.03673980872873688, 0.9986679062493024]
2020/03/09 14:52:53 379686	INFO [input.cpp->run:256]	frame times (ms): 166.746
2020/03/09 14:52:53 379691	INFO [input.cpp->run:257]	FPS: 5.99715
2020/03/09 14:52:53 461571	INFO [input.cpp->run:173]	
frame_id 54
2020/03/09 14:52:53 511844	INFO [input.cpp->run:235]	rotation: 
[-0.9973210700990748, 0.01076831327679253, -0.07235141025307813;
 -0.01492496419076573, -0.9982535696053522, 0.0571581683932976;
 -0.07160955648752983, 0.05808488787408526, 0.9957400349590819]
2020/03/09 14:52:53 511910	INFO [input.cpp->run:256]	frame times (ms): 159.598
2020/03/09 14:52:53 511915	INFO [input.cpp->run:257]	FPS: 6.26574
2020/03/09 14:52:53 592042	INFO [input.cpp->run:173]	
frame_id 55
2020/03/09 14:52:53 642336	INFO [input.cpp->run:235]	rotation: 
[-0.9999618891347223, 0.004472130493141362, 0.007498021537027245;
 -0.004509664367898077, -0.9999773490735988, -0.004996425424919747;
 0.007475507033393765, -0.005030048567378773, 0.9999594068791008]
2020/03/09 14:52:53 642392	INFO [input.cpp->run:256]	frame times (ms): 166.165
2020/03/09 14:52:53 642397	INFO [input.cpp->run:257]	FPS: 6.01811
2020/03/09 14:52:53 728568	INFO [input.cpp->run:173]	
frame_id 56
2020/03/09 14:52:53 778792	INFO [input.cpp->run:235]	rotation: 
[-0.9999069014764066, 0.0008063692149642861, 0.01362123887687168;
 -0.0008328244668136518, -0.9999977779016261, -0.001936645351518324;
 0.01361964695794715, -0.001947809153700345, 0.9999053511489184]
2020/03/09 14:52:53 778849	INFO [input.cpp->run:256]	frame times (ms): 150.01
2020/03/09 14:52:53 778862	INFO [input.cpp->run:257]	FPS: 6.66622
2020/03/09 14:52:53 858472	INFO [input.cpp->run:173]	
frame_id 57
2020/03/09 14:52:53 908476	INFO [input.cpp->run:235]	rotation: 
[-0.9304893574404725, 0.3489661299410636, 0.1114100347543856;
 0.2043896996530868, 0.24218629728726, 0.9484569827261583;
 0.303997378879716, 0.9053001919585811, -0.2966768546314635]
2020/03/09 14:52:53 908534	INFO [input.cpp->run:256]	frame times (ms): 163.747
2020/03/09 14:52:53 908537	INFO [input.cpp->run:257]	FPS: 6.10698
2020/03/09 14:52:53 993641	INFO [input.cpp->run:173]	
frame_id 58
2020/03/09 14:52:54 044374	INFO [input.cpp->run:235]	rotation: 
[-0.999890007742548, 0.01066257366579356, 0.01030931323750099;
 -0.01062062299842839, -0.9999351307281282, 0.004115422559865462;
 0.01035252547606821, 0.004005478565979529, 0.9999383887808908]
2020/03/09 14:52:54 044432	INFO [input.cpp->run:256]	frame times (ms): 146.508
2020/03/09 14:52:54 044442	INFO [input.cpp->run:257]	FPS: 6.82557
2020/03/09 14:52:54 125766	INFO [input.cpp->run:173]	
frame_id 59
2020/03/09 14:52:54 175184	INFO [input.cpp->run:235]	rotation: 
[-0.9960668634876207, 0.05614689927814488, 0.06854435909236617;
 -0.05372101808573641, -0.9978799615299599, 0.03673737324303;
 0.07046173200940614, 0.03291060738448271, 0.996971432009874]
2020/03/09 14:52:54 175262	INFO [input.cpp->run:256]	frame times (ms): 154.909
2020/03/09 14:52:54 175267	INFO [input.cpp->run:257]	FPS: 6.4554
2020/03/09 14:52:54 259754	INFO [input.cpp->run:173]	
frame_id 60
2020/03/09 14:52:54 308708	INFO [input.cpp->run:235]	rotation: 
[-0.9975720215436414, -0.02772979357492768, -0.06388364721604842;
 0.0277452952063188, -0.9996148173301416, 0.0006446455940758301;
 -0.06387691623150615, -0.001129390242404161, 0.9979571453977536]
2020/03/09 14:52:54 308768	INFO [input.cpp->run:256]	frame times (ms): 154.022
2020/03/09 14:52:54 308773	INFO [input.cpp->run:257]	FPS: 6.49258
2020/03/09 14:52:54 394854	INFO [input.cpp->run:173]	
frame_id 61
2020/03/09 14:52:54 444476	INFO [input.cpp->run:235]	rotation: 
[-0.9587411640284061, -0.2766841739846825, -0.06527823729138837;
 0.2842763088784382, -0.9343499580888608, -0.2148886596118904;
 -0.001536426993931937, -0.2245796600000944, 0.9744545221334517]
2020/03/09 14:52:54 444534	INFO [input.cpp->run:256]	frame times (ms): 153.203
2020/03/09 14:52:54 444555	INFO [input.cpp->run:257]	FPS: 6.52729
2020/03/09 14:52:54 525982	INFO [input.cpp->run:173]	
frame_id 62
2020/03/09 14:52:54 575920	INFO [input.cpp->run:235]	rotation: 
[0.9996228577650202, 0.01064654259819154, -0.02531389666564403;
 -0.01113679591333156, 0.9997516036522942, -0.01930551142681619;
 0.02510207183638061, 0.0195801462040257, 0.9994931234701668]
2020/03/09 14:52:54 575979	INFO [input.cpp->run:256]	frame times (ms): 153.345
2020/03/09 14:52:54 575983	INFO [input.cpp->run:257]	FPS: 6.52124
2020/03/09 14:52:54 659183	INFO [input.cpp->run:173]	
frame_id 63
2020/03/09 14:52:54 710259	INFO [input.cpp->run:235]	rotation: 
[-0.9998876086162927, 0.002114495158656176, 0.01484247438318578;
 -0.002067854923843097, -0.9999928786606488, 0.003156992873423958;
 0.01484904413103565, 0.003125945970891274, 0.9998848605465438]
2020/03/09 14:52:54 710318	INFO [input.cpp->run:256]	frame times (ms): 151.211
2020/03/09 14:52:54 710325	INFO [input.cpp->run:257]	FPS: 6.61328
2020/03/09 14:52:54 793579	INFO [input.cpp->run:173]	
frame_id 64
2020/03/09 14:52:54 843746	INFO [input.cpp->run:235]	rotation: 
[-0.99999070776955, 0.004251285968702151, 0.0007148021871590337;
 -0.004253422965052537, -0.9999864084623793, -0.003015175549111948;
 0.0007019740983931021, -0.00301818788744423, 0.9999951988755951]
2020/03/09 14:52:54 843807	INFO [input.cpp->run:256]	frame times (ms): 154.494
2020/03/09 14:52:54 843849	INFO [input.cpp->run:257]	FPS: 6.47274
2020/03/09 14:52:54 927068	INFO [input.cpp->run:173]	
frame_id 65
2020/03/09 14:52:54 976676	INFO [input.cpp->run:235]	rotation: 
[-0.9998586683542932, 0.0008097459732173373, 0.01679248725586996;
 -0.0007583799696691456, -0.9999950152727106, 0.003065010530618958;
 0.01679488542983552, 0.003051842261660781, 0.9998542984266305]
2020/03/09 14:52:54 976736	INFO [input.cpp->run:256]	frame times (ms): 153.821
2020/03/09 14:52:54 976741	INFO [input.cpp->run:257]	FPS: 6.50106
2020/03/09 14:52:55 059460	INFO [input.cpp->run:173]	
frame_id 66
2020/03/09 14:52:55 111347	INFO [input.cpp->run:235]	rotation: 
[-0.9989081010115379, 0.02353989120792403, 0.04035442051922219;
 -0.0234291132012449, -0.9997203281325976, 0.003215924914340865;
 0.04041883704569407, 0.00226694516266443, 0.9991802532934202]
2020/03/09 14:52:55 111412	INFO [input.cpp->run:256]	frame times (ms): 147.933
2020/03/09 14:52:55 111416	INFO [input.cpp->run:257]	FPS: 6.75982
2020/03/09 14:52:55 193914	INFO [input.cpp->run:173]	
frame_id 67
2020/03/09 14:52:55 247272	INFO [input.cpp->run:235]	rotation: 
[-0.9998730935468257, 0.003381023403080439, 0.01556809178571591;
 -0.003497161047028296, -0.9999662164251192, -0.007438808576833236;
 0.015542415054032, -0.007492308668190476, 0.9998511382426432]
2020/03/09 14:52:55 247334	INFO [input.cpp->run:256]	frame times (ms): 161.298
2020/03/09 14:52:55 247339	INFO [input.cpp->run:257]	FPS: 6.1997
2020/03/09 14:52:55 326380	INFO [input.cpp->run:173]	
frame_id 68
2020/03/09 14:52:55 377793	INFO [input.cpp->run:235]	rotation: 
[-0.9997749069609028, 0.0003317793729313027, 0.02121380054978383;
 -0.0003496560615666527, -0.9999995869199425, -0.0008389878324483853;
 0.02121351342792894, -0.0008462165160785117, 0.9997746099824959]
2020/03/09 14:52:55 377850	INFO [input.cpp->run:256]	frame times (ms): 158.396
2020/03/09 14:52:55 377854	INFO [input.cpp->run:257]	FPS: 6.31329
2020/03/09 14:52:55 459532	INFO [input.cpp->run:173]	
frame_id 69
2020/03/09 14:52:55 508953	INFO [input.cpp->run:235]	rotation: 
[-0.9998349119372003, -0.003139512620249834, 0.01789671288360343;
 0.003201934984332402, -0.9999888867792841, 0.003460336729893038;
 0.01788565022264925, 0.003517069580692228, 0.9998338530664375]
2020/03/09 14:52:55 509009	INFO [input.cpp->run:256]	frame times (ms): 151.423
2020/03/09 14:52:55 509013	INFO [input.cpp->run:257]	FPS: 6.60402
2020/03/09 14:52:55 593253	INFO [input.cpp->run:173]	
frame_id 70
2020/03/09 14:52:55 644068	INFO [input.cpp->run:235]	rotation: 
[-0.8362937755076006, 0.4230081035926603, 0.3488221113148993;
 0.4520558634692208, 0.1719654988825793, 0.8752561702137054;
 0.310255084326333, 0.8896583678519563, -0.3350369698416179]
2020/03/09 14:52:55 644120	INFO [input.cpp->run:256]	frame times (ms): 156.391
2020/03/09 14:52:55 644123	INFO [input.cpp->run:257]	FPS: 6.39423
2020/03/09 14:52:55 729266	INFO [input.cpp->run:173]	
frame_id 71
2020/03/09 14:52:55 784728	INFO [input.cpp->run:235]	rotation: 
[-0.9743843748448786, -0.0218070802683819, 0.2238292682120092;
 -0.01973094247454956, -0.9831596847028786, -0.1816802803938896;
 0.2240218292203267, -0.1814427888484541, 0.9575451605055895]
2020/03/09 14:52:55 784789	INFO [input.cpp->run:256]	frame times (ms): 165.89
2020/03/09 14:52:55 784792	INFO [input.cpp->run:257]	FPS: 6.02809
2020/03/09 14:52:55 862408	INFO [input.cpp->run:173]	
frame_id 72
2020/03/09 14:52:55 911776	INFO [input.cpp->run:235]	rotation: 
[-0.9998891582999706, -0.003913156987750669, 0.01436517722012405;
 0.003960266367225785, -0.9999868688931898, 0.003252434702672747;
 0.01435226130186365, 0.003308964125485164, 0.9998915257926426]
2020/03/09 14:52:55 911837	INFO [input.cpp->run:256]	frame times (ms): 158.797
2020/03/09 14:52:55 911842	INFO [input.cpp->run:257]	FPS: 6.29735
2020/03/09 14:52:55 995464	INFO [input.cpp->run:173]	
frame_id 73
2020/03/09 14:52:56 044619	INFO [input.cpp->run:235]	rotation: 
[-0.9937682205562401, -0.009524361063075675, 0.1110585897570478;
 -0.0003931201356651808, -0.9960371197481691, -0.08893762724702259;
 0.1114655519388973, -0.08842704693763989, 0.9898262918819878]
2020/03/09 14:52:56 044676	INFO [input.cpp->run:256]	frame times (ms): 154.474
2020/03/09 14:52:56 044679	INFO [input.cpp->run:257]	FPS: 6.47358
2020/03/09 14:52:56 130105	INFO [input.cpp->run:173]	
frame_id 74
2020/03/09 14:52:56 180665	INFO [input.cpp->run:235]	rotation: 
[-0.9998334010118418, 0.002982044531478948, 0.0180077103349033;
 -0.00306832023823713, -0.9999839384598335, -0.004765315653308897;
 0.01799321071985573, -0.004819775178607697, 0.999826492015099]
2020/03/09 14:52:56 180724	INFO [input.cpp->run:256]	frame times (ms): 160.82
2020/03/09 14:52:56 180727	INFO [input.cpp->run:257]	FPS: 6.21813
2020/03/09 14:52:56 261409	INFO [input.cpp->run:173]	
frame_id 75
2020/03/09 14:52:56 311076	INFO [input.cpp->run:235]	rotation: 
[-0.9998596899892636, -0.003610997940689754, 0.0163572928214358;
 0.003679194198582279, -0.9999846577368511, 0.004140992750762018;
 0.01634208874724952, 0.004200593384877837, 0.9998576354414626]
2020/03/09 14:52:56 311139	INFO [input.cpp->run:256]	frame times (ms): 155.283
2020/03/09 14:52:56 311142	INFO [input.cpp->run:257]	FPS: 6.43985
2020/03/09 14:52:56 395680	INFO [input.cpp->run:173]	
frame_id 76
2020/03/09 14:52:56 446502	INFO [input.cpp->run:235]	rotation: 
[-0.9967927934746804, -0.04258078100730334, 0.06775694773048201;
 -0.03276912110877758, -0.5552679172481562, -0.831025706447552;
 0.07300898286307968, -0.8305807710052663, 0.552091723590922]
2020/03/09 14:52:56 446570	INFO [input.cpp->run:256]	frame times (ms): 155.526
2020/03/09 14:52:56 446574	INFO [input.cpp->run:257]	FPS: 6.42979
2020/03/09 14:52:56 528936	INFO [input.cpp->run:173]	
frame_id 77
2020/03/09 14:52:56 582534	INFO [input.cpp->run:235]	rotation: 
[-0.9992981507003841, -0.02272696128541034, 0.0297773611578294;
 0.02022453387061831, -0.9964435235243347, -0.08180019960932039;
 0.03153052864302405, -0.08114055494720199, 0.9962038125335353]
2020/03/09 14:52:56 582591	INFO [input.cpp->run:256]	frame times (ms): 158.789
2020/03/09 14:52:56 582597	INFO [input.cpp->run:257]	FPS: 6.29767
2020/03/09 14:52:56 662108	INFO [input.cpp->run:173]	
frame_id 78
2020/03/09 14:52:56 711825	INFO [input.cpp->run:235]	rotation: 
[-0.9998519158999905, 0.003988277128780226, 0.01674036787715439;
 -0.004898751138464696, -0.9984905868527485, -0.05470420645377656;
 0.01649692421034311, -0.05477811252679365, 0.9983622638499513]
2020/03/09 14:52:56 711875	INFO [input.cpp->run:256]	frame times (ms): 155.633
2020/03/09 14:52:56 711879	INFO [input.cpp->run:257]	FPS: 6.42537
2020/03/09 14:52:56 795555	INFO [input.cpp->run:173]	
frame_id 79
2020/03/09 14:52:56 844334	INFO [input.cpp->run:235]	rotation: 
[-0.9996691474905479, 0.007936410321122725, -0.02446648619511678;
 -0.001464400179343269, -0.9672256815094679, -0.253914033800143;
 -0.02567977974274317, -0.2537941969781031, 0.9669172945462319]
2020/03/09 14:52:56 844395	INFO [input.cpp->run:256]	frame times (ms): 148.033
2020/03/09 14:52:56 844403	INFO [input.cpp->run:257]	FPS: 6.75525
2020/03/09 14:52:56 928539	INFO [input.cpp->run:173]	
frame_id 80
2020/03/09 14:52:56 985652	INFO [input.cpp->run:235]	rotation: 
[0.9996022900552993, 0.007887982001993836, -0.02707473833922478;
 -0.008523729078423163, 0.9996887516147077, -0.02344666154540634;
 0.02688136452635748, 0.02366811430941245, 0.9993584004781456]
2020/03/09 14:52:56 985708	INFO [input.cpp->run:256]	frame times (ms): 162.441
2020/03/09 14:52:56 985714	INFO [input.cpp->run:257]	FPS: 6.15608
2020/03/09 14:52:57 062242	INFO [input.cpp->run:173]	
frame_id 81
2020/03/09 14:52:57 111632	INFO [input.cpp->run:235]	rotation: 
[0.9995547561081116, 0.007507178184375861, -0.02887787764641798;
 -0.008162135153469995, 0.999710598029511, -0.02262962079253476;
 0.02869963573618916, 0.02285525023239656, 0.9993267575950444]
2020/03/09 14:52:57 111691	INFO [input.cpp->run:256]	frame times (ms): 155.712
2020/03/09 14:52:57 111696	INFO [input.cpp->run:257]	FPS: 6.42211
2020/03/09 14:52:57 195526	INFO [input.cpp->run:173]	
frame_id 82
2020/03/09 14:52:57 243316	INFO [input.cpp->run:235]	rotation: 
[-0.9998649292368363, 0.004874487404763782, 0.01569594389506611;
 -0.004975056487136515, -0.9999673056619248, -0.006374670201697147;
 0.0156643574769623, -0.006451897377624967, 0.9998564901649947]
2020/03/09 14:52:57 243361	INFO [input.cpp->run:256]	frame times (ms): 152.04
2020/03/09 14:52:57 243366	INFO [input.cpp->run:257]	FPS: 6.57722
2020/03/09 14:52:57 326698	INFO [input.cpp->run:173]	
frame_id 83
2020/03/09 14:52:57 380127	INFO [input.cpp->run:235]	rotation: 
[0.9993198822067082, 0.01335769882201684, -0.03437069840068804;
 -0.01414579977278971, 0.9996402060231067, -0.02278935828120072;
 0.03405391864615454, 0.02326005985076305, 0.999149288265062]
2020/03/09 14:52:57 380189	INFO [input.cpp->run:256]	frame times (ms): 158.34
2020/03/09 14:52:57 380193	INFO [input.cpp->run:257]	FPS: 6.31552
2020/03/09 14:52:57 462305	INFO [input.cpp->run:173]	
frame_id 84
2020/03/09 14:52:57 505439	INFO [input.cpp->run:235]	rotation: 
[0.9998146034302189, -0.002999232669092071, -0.01902007810370098;
 0.002537176557671979, 0.999702200122067, -0.02427084271742494;
 0.01908720783114791, 0.02421808569014964, 0.9995244683461807]
2020/03/09 14:52:57 505505	INFO [input.cpp->run:256]	frame times (ms): 149.726
2020/03/09 14:52:57 505510	INFO [input.cpp->run:257]	FPS: 6.67887
2020/03/09 14:52:57 594082	INFO [input.cpp->run:173]	
frame_id 85
2020/03/09 14:52:57 645769	INFO [input.cpp->run:235]	rotation: 
[-0.9958841549269727, -0.03659105932352245, -0.0829207111822606;
 0.05094788540696659, -0.9826634598015634, -0.1782605894284536;
 -0.07496040913674376, -0.1817515313509175, 0.9804832063394292]
2020/03/09 14:52:57 645835	INFO [input.cpp->run:256]	frame times (ms): 154.897
2020/03/09 14:52:57 645840	INFO [input.cpp->run:257]	FPS: 6.4559
2020/03/09 14:52:57 727308	INFO [input.cpp->run:173]	
frame_id 86
2020/03/09 14:52:57 779712	INFO [input.cpp->run:235]	rotation: 
[-0.9998234169231915, 0.003607633670022203, 0.01844234126505945;
 -0.003648626799302531, -0.9999909465278086, -0.002189608388908562;
 0.01843427499288767, -0.002256510961703822, 0.9998275279585809]
2020/03/09 14:52:57 779781	INFO [input.cpp->run:256]	frame times (ms): 152.35
2020/03/09 14:52:57 779785	INFO [input.cpp->run:257]	FPS: 6.56383
2020/03/09 14:52:57 859489	INFO [input.cpp->run:173]	
frame_id 87
2020/03/09 14:52:57 909307	INFO [input.cpp->run:235]	rotation: 
[-0.9997804143845876, 0.00467196943910321, 0.02042781717517084;
 -0.004770534792957018, -0.9999772013678055, -0.004778989684075191;
 0.02040502415512674, -0.004875391899262681, 0.9997799085514059]
2020/03/09 14:52:57 909371	INFO [input.cpp->run:256]	frame times (ms): 152.225
2020/03/09 14:52:57 909374	INFO [input.cpp->run:257]	FPS: 6.56922
2020/03/09 14:52:57 995187	INFO [input.cpp->run:173]	
frame_id 88
2020/03/09 14:52:58 045270	INFO [input.cpp->run:235]	rotation: 
[-0.999758134767897, 0.005357193297027927, 0.02133008310799261;
 -0.005582731830226403, -0.999928991898411, -0.01052826036623873;
 0.021272166573421, -0.01064479408000997, 0.9997170516142381]
2020/03/09 14:52:58 045347	INFO [input.cpp->run:256]	frame times (ms): 154.71
2020/03/09 14:52:58 045351	INFO [input.cpp->run:257]	FPS: 6.46371
2020/03/09 14:52:58 127632	INFO [input.cpp->run:173]	
frame_id 89
2020/03/09 14:52:58 180707	INFO [input.cpp->run:235]	rotation: 
[-0.9120283576604857, 0.35292177444067, 0.2089270110559328;
 0.2364145811240281, 0.03613499431870137, 0.9709801275090739;
 0.335130453189601, 0.9349548028173533, -0.1163919929964962]
2020/03/09 14:52:58 180779	INFO [input.cpp->run:256]	frame times (ms): 164.417
2020/03/09 14:52:58 180798	INFO [input.cpp->run:257]	FPS: 6.0821
2020/03/09 14:52:58 261229	INFO [input.cpp->run:173]	
frame_id 90
2020/03/09 14:52:58 316050	INFO [input.cpp->run:235]	rotation: 
[-0.920308040632377, 0.3330220846631902, 0.205254479790279;
 0.2098290735275008, -0.02259354737016706, 0.9774770030644315;
 0.3301588560829252, 0.9426483027851984, -0.04908469217790079]
2020/03/09 14:52:58 316115	INFO [input.cpp->run:256]	frame times (ms): 163.014
2020/03/09 14:52:58 316121	INFO [input.cpp->run:257]	FPS: 6.13444
2020/03/09 14:52:58 393106	INFO [input.cpp->run:173]	
frame_id 91
2020/03/09 14:52:58 439831	INFO [input.cpp->run:235]	rotation: 
[-0.9997841170413954, 0.007549481968348109, 0.01935780549977378;
 -0.00780838244576561, -0.9998806102742054, -0.01333395519953441;
 0.01925482992233753, -0.01348222977448901, 0.999723702332284]
2020/03/09 14:52:58 439900	INFO [input.cpp->run:256]	frame times (ms): 152.317
2020/03/09 14:52:58 439904	INFO [input.cpp->run:257]	FPS: 6.56526
2020/03/09 14:52:58 526356	INFO [input.cpp->run:173]	
frame_id 92
2020/03/09 14:52:58 580815	INFO [input.cpp->run:235]	rotation: 
[-0.9999444038362028, 0.005418683887453191, 0.00904583338277678;
 -0.005439280498996934, -0.999982666999125, -0.002253869776726427;
 0.009033463583495277, -0.002302947295329255, 0.9999565455405754]
2020/03/09 14:52:58 580889	INFO [input.cpp->run:256]	frame times (ms): 154.951
2020/03/09 14:52:58 580894	INFO [input.cpp->run:257]	FPS: 6.45365
2020/03/09 14:52:58 658753	INFO [input.cpp->run:173]	
frame_id 93
2020/03/09 14:52:58 709992	INFO [input.cpp->run:235]	rotation: 
[-0.9998343855525151, 0.002670262334506252, 0.01800197672172237;
 -0.002672430252233811, -0.9999964244081752, -9.637121872144677e-05;
 0.01800165501756609, -0.0001444642854464445, 0.9998379466427041]
2020/03/09 14:52:58 710052	INFO [input.cpp->run:256]	frame times (ms): 153.185
2020/03/09 14:52:58 710056	INFO [input.cpp->run:257]	FPS: 6.52805
2020/03/09 14:52:58 795148	INFO [input.cpp->run:173]	
frame_id 94
2020/03/09 14:52:58 844092	INFO [input.cpp->run:235]	rotation: 
[0.9994753150197836, -0.02396749361460961, -0.02178655355805459;
 0.02471845777937075, 0.9990857880103479, 0.03487959347170972;
 0.02093065959576523, -0.03539982267718183, 0.9991540221824212]
2020/03/09 14:52:58 844152	INFO [input.cpp->run:256]	frame times (ms): 157.052
2020/03/09 14:52:58 844156	INFO [input.cpp->run:257]	FPS: 6.36732
2020/03/09 14:52:58 925957	INFO [input.cpp->run:173]	
frame_id 95
2020/03/09 14:52:58 976595	INFO [input.cpp->run:235]	rotation: 
[-0.9862943837603402, 0.1265963497070507, 0.1058147097697715;
 0.1371628378104384, 0.272656141027768, 0.9522840882234846;
 0.091704659023401, 0.953746293833269, -0.2862835351757166]
2020/03/09 14:52:58 976661	INFO [input.cpp->run:256]	frame times (ms): 159.125
2020/03/09 14:52:58 976666	INFO [input.cpp->run:257]	FPS: 6.28437
2020/03/09 14:52:59 062046	INFO [input.cpp->run:173]	
frame_id 96
2020/03/09 14:52:59 117216	INFO [input.cpp->run:235]	rotation: 
[-0.9999889770530939, 0.001715115204545367, 0.004370829685778107;
 -0.001717084252096345, -0.9999984260013147, -0.0004467846957901005;
 0.004370056518873019, -0.0004542848537281652, 0.9999903480690668]
2020/03/09 14:52:59 117281	INFO [input.cpp->run:256]	frame times (ms): 157.004
2020/03/09 14:52:59 117289	INFO [input.cpp->run:257]	FPS: 6.36926
2020/03/09 14:52:59 192475	INFO [input.cpp->run:173]	
frame_id 97
2020/03/09 14:52:59 244210	INFO [input.cpp->run:235]	rotation: 
[-0.9996438054238045, 0.007016823634810646, 0.02574930026025735;
 -0.007329235686637263, -0.9999004314840565, -0.01205858292866214;
 0.02566212349094769, -0.01224301041719976, 0.9995957003278172]
2020/03/09 14:52:59 244273	INFO [input.cpp->run:256]	frame times (ms): 158.562
2020/03/09 14:52:59 244275	INFO [input.cpp->run:257]	FPS: 6.30668
2020/03/09 14:52:59 328160	INFO [input.cpp->run:173]	
frame_id 98
2020/03/09 14:52:59 377698	INFO [input.cpp->run:235]	rotation: 
[-0.9998422782608372, -0.0008382437865993557, 0.01774023532913101;
 0.0006788871631432069, -0.9999593865790685, -0.008986896273617592;
 0.01774704804744833, -0.008973435226671555, 0.999802240318471]
2020/03/09 14:52:59 377762	INFO [input.cpp->run:256]	frame times (ms): 148.135
2020/03/09 14:52:59 377764	INFO [input.cpp->run:257]	FPS: 6.7506
2020/03/09 14:52:59 459442	INFO [input.cpp->run:173]	
frame_id 99
2020/03/09 14:52:59 517208	INFO [input.cpp->run:235]	rotation: 
[-0.9999459961008783, 0.00311141620195437, 0.00991584444414669;
 -0.003228163784876125, -0.9999254064251333, -0.01177966655343408;
 0.009878453340493804, -0.0118110403754409, 0.9998814507154588]
2020/03/09 14:52:59 517271	INFO [input.cpp->run:256]	frame times (ms): 163.845
2020/03/09 14:52:59 517282	INFO [input.cpp->run:257]	FPS: 6.10333
2020/03/09 14:52:59 596731	INFO [input.cpp->run:173]	
frame_id 100
2020/03/09 14:52:59 645072	INFO [input.cpp->run:235]	rotation: 
[-0.9999919107135103, 0.00271183795496956, 0.002970596311959809;
 -0.002697186214505225, -0.9999842336349879, 0.004925207403774096;
 0.002983905840827703, 0.004917155310938909, 0.9999834588079851]
2020/03/09 14:52:59 645139	INFO [input.cpp->run:256]	frame times (ms): 154.026
2020/03/09 14:52:59 645142	INFO [input.cpp->run:257]	FPS: 6.49241
2020/03/09 14:52:59 726439	INFO [input.cpp->run:173]	
frame_id 101
2020/03/09 14:52:59 774803	INFO [input.cpp->run:235]	rotation: 
[-0.9998868434031413, 0.003475797506506469, 0.01463622973978449;
 -0.003477306225973913, -0.9999939511389192, -7.763365054665949e-05;
 0.01463587136841506, -0.0001285195185858991, 0.9998928816388388]
2020/03/09 14:52:59 774867	INFO [input.cpp->run:256]	frame times (ms): 144.882
2020/03/09 14:52:59 774870	INFO [input.cpp->run:257]	FPS: 6.90217
2020/03/09 14:52:59 860077	INFO [input.cpp->run:173]	
frame_id 102
2020/03/09 14:52:59 909334	INFO [input.cpp->run:235]	rotation: 
[-0.9719073932386225, 0.212802436927028, 0.1005541734888401;
 0.1004394056112675, -0.01137837262843244, 0.9948781123518516;
 0.2128566296091357, 0.9770289941830009, -0.01031502579698274]
2020/03/09 14:52:59 909403	INFO [input.cpp->run:256]	frame times (ms): 156.196
2020/03/09 14:52:59 909406	INFO [input.cpp->run:257]	FPS: 6.40221
2020/03/09 14:52:59 993276	INFO [input.cpp->run:173]	
frame_id 103
2020/03/09 14:53:00 041032	INFO [input.cpp->run:235]	rotation: 
[-0.9998639590577584, 0.00327633172910373, 0.01616567436719669;
 -0.003368277482671862, -0.9999782879709072, -0.00566377026134265;
 0.01614676698739094, -0.005717450233662891, 0.9998532855767794]
2020/03/09 14:53:00 041096	INFO [input.cpp->run:256]	frame times (ms): 146.483
2020/03/09 14:53:00 041100	INFO [input.cpp->run:257]	FPS: 6.82673
2020/03/09 14:53:00 126995	INFO [input.cpp->run:173]	
frame_id 104
2020/03/09 14:53:00 176310	INFO [input.cpp->run:235]	rotation: 
[-0.9808083959978358, 0.1838010948460335, 0.06505419182152739;
 0.07241246340801678, 0.03360250255513497, 0.9968085608406538;
 0.181028521187506, 0.9823889399598471, -0.04626710668750633]
2020/03/09 14:53:00 176374	INFO [input.cpp->run:256]	frame times (ms): 145.583
2020/03/09 14:53:00 176377	INFO [input.cpp->run:257]	FPS: 6.86893
2020/03/09 14:53:00 259968	INFO [input.cpp->run:173]	
frame_id 105
2020/03/09 14:53:00 308442	INFO [input.cpp->run:235]	rotation: 
[-0.9247257003748595, 0.03345572252952991, -0.3791610392646542;
 0.01372385694298649, -0.9925515723909938, -0.1210497083630287;
 -0.3803866911668098, -0.1171413282073964, 0.9173788063875103]
2020/03/09 14:53:00 308502	INFO [input.cpp->run:256]	frame times (ms): 152.581
2020/03/09 14:53:00 308507	INFO [input.cpp->run:257]	FPS: 6.5539
2020/03/09 14:53:00 396339	INFO [input.cpp->run:173]	
frame_id 106
2020/03/09 14:53:00 445266	INFO [input.cpp->run:235]	rotation: 
[-0.9998649608717403, 0.003641438148967342, 0.01602497891294948;
 -0.003763272596554828, -0.9999641960574418, -0.007579207251300128;
 0.01599680594110117, -0.007638490125763485, 0.999842865488513]
2020/03/09 14:53:00 445314	INFO [input.cpp->run:256]	frame times (ms): 147.707
2020/03/09 14:53:00 445316	INFO [input.cpp->run:257]	FPS: 6.77016
2020/03/09 14:53:00 527024	INFO [input.cpp->run:173]	
frame_id 107
2020/03/09 14:53:00 575845	INFO [input.cpp->run:235]	rotation: 
[-0.9998788782047757, 0.002971118360028132, 0.01527747936178906;
 -0.003072728912865357, -0.9999732881853316, -0.006631836310082706;
 0.01525736730197016, -0.006677976602713868, 0.9998612990667786]
2020/03/09 14:53:00 575913	INFO [input.cpp->run:256]	frame times (ms): 144.953
2020/03/09 14:53:00 575916	INFO [input.cpp->run:257]	FPS: 6.89879
2020/03/09 14:53:00 659944	INFO [input.cpp->run:173]	
frame_id 108
2020/03/09 14:53:00 707669	INFO [input.cpp->run:235]	rotation: 
[-0.9999709572034875, -0.003126028349021447, 0.006950733508210338;
 0.003006991286787069, -0.9998497612131605, -0.01707082321937606;
 0.007003053115765322, -0.01704942663983504, 0.9998301227200106]
2020/03/09 14:53:00 707739	INFO [input.cpp->run:256]	frame times (ms): 145.314
2020/03/09 14:53:00 707743	INFO [input.cpp->run:257]	FPS: 6.88165
2020/03/09 14:53:00 793510	INFO [input.cpp->run:173]	
frame_id 109
2020/03/09 14:53:00 841958	INFO [input.cpp->run:235]	rotation: 
[0.9998943753600461, 0.01389891790779094, -0.004249494597674216;
 -0.01401986641636659, 0.9994546561591237, -0.02989705048186529;
 0.003831640511636009, 0.02995346996326892, 0.9995439500933159]
2020/03/09 14:53:00 842021	INFO [input.cpp->run:256]	frame times (ms): 141.451
2020/03/09 14:53:00 842025	INFO [input.cpp->run:257]	FPS: 7.06959
2020/03/09 14:53:00 926441	INFO [input.cpp->run:173]	
frame_id 110
2020/03/09 14:53:00 975045	INFO [input.cpp->run:235]	rotation: 
[-0.9996141646806573, 0.02626030352177216, 0.009050868949224196;
 -0.02567735569072568, -0.9979028898408795, 0.05941797583184346;
 0.01059222235999544, 0.05916264789684431, 0.9981921588147799]
2020/03/09 14:53:00 975104	INFO [input.cpp->run:256]	frame times (ms): 144.748
2020/03/09 14:53:00 975107	INFO [input.cpp->run:257]	FPS: 6.90856
2020/03/09 14:53:01 060423	INFO [input.cpp->run:173]	
frame_id 111
2020/03/09 14:53:01 108176	INFO [input.cpp->run:235]	rotation: 
[-0.991810624861689, 0.08966005757147243, -0.09095470569325316;
 -0.062545604142778, 0.2799379876769088, 0.9579784812081208;
 0.1113540830588666, 0.9558220530682912, -0.2720376280120748]
2020/03/09 14:53:01 108238	INFO [input.cpp->run:256]	frame times (ms): 140.558
2020/03/09 14:53:01 108241	INFO [input.cpp->run:257]	FPS: 7.1145
2020/03/09 14:53:01 193354	INFO [input.cpp->run:173]	
frame_id 112
2020/03/09 14:53:01 233538	INFO [input.cpp->run:235]	rotation: 
[0.9997259431117222, 0.0221571051081478, -0.007556544355984901;
 -0.02233361702045539, 0.9994592218644377, -0.02413448530456709;
 0.007017707614392435, 0.02429663605026899, 0.9996801614799004]
2020/03/09 14:53:01 233604	INFO [input.cpp->run:256]	frame times (ms): 146.97
2020/03/09 14:53:01 233610	INFO [input.cpp->run:257]	FPS: 6.80411
2020/03/09 14:53:01 326889	INFO [input.cpp->run:173]	
frame_id 113
2020/03/09 14:53:01 380205	INFO [input.cpp->run:235]	rotation: 
[0.9997064066069078, 0.02276989436683396, -0.008284473406751793;
 -0.02295206701842994, 0.9994810267799218, -0.02260264866193456;
 0.007765514064468327, 0.0227861584624652, 0.9997102018954482]
2020/03/09 14:53:01 380268	INFO [input.cpp->run:256]	frame times (ms): 152.527
2020/03/09 14:53:01 380274	INFO [input.cpp->run:257]	FPS: 6.55622
2020/03/09 14:53:01 461808	INFO [input.cpp->run:173]	
frame_id 114
2020/03/09 14:53:01 517832	INFO [input.cpp->run:235]	rotation: 
[0.9997246652439093, 0.02196295080390553, -0.008259690971129639;
 -0.02214128348365831, 0.999509284309428, -0.02215748507731122;
 0.007768994056479572, 0.02233426451084107, 0.9997203725843092]
2020/03/09 14:53:01 517905	INFO [input.cpp->run:256]	frame times (ms): 163.018
2020/03/09 14:53:01 517910	INFO [input.cpp->run:257]	FPS: 6.13429
2020/03/09 14:53:01 594300	INFO [input.cpp->run:173]	
frame_id 115
2020/03/09 14:53:01 647458	INFO [input.cpp->run:235]	rotation: 
[-0.999807644060964, 0.007276291850687373, 0.01821346903168984;
 -0.007494133301878945, -0.9999008599181469, -0.0119209186308725;
 0.01812492326379269, -0.01205511973618822, 0.9997630525503665]
2020/03/09 14:53:01 647528	INFO [input.cpp->run:256]	frame times (ms): 157.31
2020/03/09 14:53:01 647532	INFO [input.cpp->run:257]	FPS: 6.35687
2020/03/09 14:53:01 726607	INFO [input.cpp->run:173]	
frame_id 116
2020/03/09 14:53:01 775309	INFO [input.cpp->run:235]	rotation: 
[-0.9998559674692394, 0.01504236888468673, -0.007859481820593347;
 -0.01518744781449219, -0.9997090801907631, 0.01873756689168453;
 -0.007575337948455186, 0.01885423354250404, 0.9997935447543613]
2020/03/09 14:53:01 775380	INFO [input.cpp->run:256]	frame times (ms): 151.27
2020/03/09 14:53:01 775384	INFO [input.cpp->run:257]	FPS: 6.6107
2020/03/09 14:53:01 860081	INFO [input.cpp->run:173]	
frame_id 117
2020/03/09 14:53:01 907816	INFO [input.cpp->run:235]	rotation: 
[-0.9195077972536108, 0.01994619530290137, -0.3925653577211712;
 0.02746270414570011, -0.9930111621754136, -0.1147807983769071;
 -0.392111222321956, -0.1163227453595082, 0.912533729919727]
2020/03/09 14:53:01 907880	INFO [input.cpp->run:256]	frame times (ms): 145.42
2020/03/09 14:53:01 907885	INFO [input.cpp->run:257]	FPS: 6.87663
2020/03/09 14:53:01 992963	INFO [input.cpp->run:173]	
frame_id 118
2020/03/09 14:53:02 041927	INFO [input.cpp->run:235]	rotation: 
[-0.9997393154682502, 0.01293930360073989, -0.01881157966260036;
 -0.01403408717896457, -0.9981427174208434, 0.05928035135513025;
 -0.01800959477966404, 0.05952890123345424, 0.9980641083687009]
2020/03/09 14:53:02 041989	INFO [input.cpp->run:256]	frame times (ms): 147.492
2020/03/09 14:53:02 041992	INFO [input.cpp->run:257]	FPS: 6.78003
2020/03/09 14:53:02 127606	INFO [input.cpp->run:173]	
frame_id 119
2020/03/09 14:53:02 177056	INFO [input.cpp->run:235]	rotation: 
[-0.9983314016795324, 0.05110016103400119, -0.02689211711411714;
 -0.05248792878592837, -0.9971758927391486, 0.05371458155515239;
 -0.02407134712357322, 0.05503646502257346, 0.9981941483326151]
2020/03/09 14:53:02 177120	INFO [input.cpp->run:256]	frame times (ms): 152.072
2020/03/09 14:53:02 177134	INFO [input.cpp->run:257]	FPS: 6.57583
2020/03/09 14:53:02 260611	INFO [input.cpp->run:173]	
frame_id 120
2020/03/09 14:53:02 308999	INFO [input.cpp->run:235]	rotation: 
[-0.999932246885903, -0.01163330382829729, -0.0004097313120795533;
 0.01160847463047534, -0.9991717227987189, 0.03900143171979291;
 -0.0008631074459100491, 0.03899403289579806, 0.9992390707153407]
2020/03/09 14:53:02 309063	INFO [input.cpp->run:256]	frame times (ms): 151.276
2020/03/09 14:53:02 309067	INFO [input.cpp->run:257]	FPS: 6.61043
2020/03/09 14:53:02 395605	INFO [input.cpp->run:173]	
frame_id 121
2020/03/09 14:53:02 445816	INFO [input.cpp->run:235]	rotation: 
[-0.8047497174463536, -0.06752418502463158, 0.5897612879011078;
 0.2761746290352119, -0.9220265553756661, 0.2712832568724924;
 0.5254573879462321, 0.381192229221482, 0.760649076666685]
2020/03/09 14:53:02 445883	INFO [input.cpp->run:256]	frame times (ms): 148.217
2020/03/09 14:53:02 445887	INFO [input.cpp->run:257]	FPS: 6.74686
2020/03/09 14:53:02 526981	INFO [input.cpp->run:173]	
frame_id 122
2020/03/09 14:53:02 577824	INFO [input.cpp->run:235]	rotation: 
[-0.999317580938848, 0.008740501264176003, 0.03588838341552734;
 -0.007550946149567936, -0.9994219045750036, 0.03314875364050412;
 0.03615737322836499, 0.03285514104860072, 0.9988058790715544]
2020/03/09 14:53:02 577887	INFO [input.cpp->run:256]	frame times (ms): 151.805
2020/03/09 14:53:02 577889	INFO [input.cpp->run:257]	FPS: 6.5874
2020/03/09 14:53:02 660219	INFO [input.cpp->run:173]	
frame_id 123
2020/03/09 14:53:02 711983	INFO [input.cpp->run:235]	rotation: 
[-0.9998678284609113, 0.001202734553529237, 0.01621354490712743;
 -0.001337562843265404, -0.9999645975285882, -0.008307503543717957;
 0.01620297918600178, -0.008328092163413986, 0.9998340394017473]
2020/03/09 14:53:02 712054	INFO [input.cpp->run:256]	frame times (ms): 151.784
2020/03/09 14:53:02 712058	INFO [input.cpp->run:257]	FPS: 6.58831
2020/03/09 14:53:02 794470	INFO [input.cpp->run:173]	
frame_id 124
2020/03/09 14:53:02 846117	INFO [input.cpp->run:235]	rotation: 
[-0.8560834433492642, 0.05566107693766064, -0.5138316675112647;
 0.0494537818941768, -0.9808004109948151, -0.1886395431736541;
 -0.5144661908032736, -0.1869021088873573, 0.8368943423239448]
2020/03/09 14:53:02 846177	INFO [input.cpp->run:256]	frame times (ms): 157.459
2020/03/09 14:53:02 846181	INFO [input.cpp->run:257]	FPS: 6.35086
2020/03/09 14:53:02 929308	INFO [input.cpp->run:173]	
frame_id 125
2020/03/09 14:53:02 980754	INFO [input.cpp->run:235]	rotation: 
[0.9999520965113158, 0.008868850854539225, -0.004141034549985959;
 -0.008974486741882351, 0.9996156799063222, -0.02622882142111987;
 0.00390682356192553, 0.02626472862873625, 0.999647388212321]
2020/03/09 14:53:02 980818	INFO [input.cpp->run:256]	frame times (ms): 156.356
2020/03/09 14:53:02 980821	INFO [input.cpp->run:257]	FPS: 6.39566
2020/03/09 14:53:03 061029	INFO [input.cpp->run:173]	
frame_id 126
2020/03/09 14:53:03 110863	INFO [input.cpp->run:235]	rotation: 
[-0.9991170188980127, 0.0006856638470295528, -0.04200848025621521;
 0.006539220750297291, -0.9851438880903383, -0.1716064053298418;
 -0.04150206188042744, -0.1717295828427355, 0.9842695409471592]
2020/03/09 14:53:03 110922	INFO [input.cpp->run:256]	frame times (ms): 145.214
2020/03/09 14:53:03 110926	INFO [input.cpp->run:257]	FPS: 6.88639
2020/03/09 14:53:03 194210	INFO [input.cpp->run:173]	
frame_id 127
2020/03/09 14:53:03 241868	INFO [input.cpp->run:235]	rotation: 
[-0.9998708794256762, 0.007769585377430088, 0.01406620132046068;
 -0.007387639741375849, -0.999608006954029, 0.02700472574283263;
 0.01427050298961285, 0.02689732284925003, 0.9995363358917804]
2020/03/09 14:53:03 241930	INFO [input.cpp->run:256]	frame times (ms): 150.238
2020/03/09 14:53:03 241933	INFO [input.cpp->run:257]	FPS: 6.65611
2020/03/09 14:53:03 329529	INFO [input.cpp->run:173]	
frame_id 128
2020/03/09 14:53:03 380786	INFO [input.cpp->run:235]	rotation: 
[0.9999145981958136, 0.01008186020591659, -0.008315792788002421;
 -0.00981820709270499, 0.9994662234585765, 0.03115880252730572;
 0.008625492704152903, -0.03107449533362098, 0.9994798530312511]
2020/03/09 14:53:03 380845	INFO [input.cpp->run:256]	frame times (ms): 156.813
2020/03/09 14:53:03 380848	INFO [input.cpp->run:257]	FPS: 6.37702
2020/03/09 14:53:03 461547	INFO [input.cpp->run:173]	
frame_id 129
2020/03/09 14:53:03 515813	INFO [input.cpp->run:235]	rotation: 
[-0.9999002961369472, 0.0004206116534223587, 0.0141145623765773;
 -0.0007005605106331534, -0.9998030222764254, -0.01983496563890432;
 0.01410343930451815, -0.0198428761212325, 0.9997036327167274]
2020/03/09 14:53:03 515887	INFO [input.cpp->run:256]	frame times (ms): 162.991
2020/03/09 14:53:03 515892	INFO [input.cpp->run:257]	FPS: 6.13531
2020/03/09 14:53:03 595574	INFO [input.cpp->run:173]	
frame_id 130
2020/03/09 14:53:03 649992	INFO [input.cpp->run:235]	rotation: 
[-0.9900385344853622, -0.04900725524778107, -0.1319923829891529;
 -0.1234796818838009, -0.1482121107697192, 0.9812165603897338;
 -0.067649600116717, 0.9877405829236052, 0.1406843006514409]
2020/03/09 14:53:03 650056	INFO [input.cpp->run:256]	frame times (ms): 160.857
2020/03/09 14:53:03 650061	INFO [input.cpp->run:257]	FPS: 6.2167
2020/03/09 14:53:03 728288	INFO [input.cpp->run:173]	
frame_id 131
2020/03/09 14:53:03 785478	INFO [input.cpp->run:235]	rotation: 
[-0.9997993340238529, -0.002973750099398288, -0.01981031286493329;
 0.003450189729126517, -0.9997045751838155, -0.02405947936635174;
 -0.01973291352773945, -0.02412300078541647, 0.9995142284914273]
2020/03/09 14:53:03 785538	INFO [input.cpp->run:256]	frame times (ms): 160.756
2020/03/09 14:53:03 785540	INFO [input.cpp->run:257]	FPS: 6.22061
2020/03/09 14:53:03 862357	INFO [input.cpp->run:173]	
frame_id 132
2020/03/09 14:53:03 913786	INFO [input.cpp->run:235]	rotation: 
[-0.9998496770440365, -0.004856808124081401, 0.01664436029956383;
 0.004536448802434969, -0.9998047693811027, -0.01923132223906797;
 0.01673451365288893, -0.01915292504151365, 0.999676508434181]
2020/03/09 14:53:03 913848	INFO [input.cpp->run:256]	frame times (ms): 156.883
2020/03/09 14:53:03 913854	INFO [input.cpp->run:257]	FPS: 6.37418
2020/03/09 14:53:03 994919	INFO [input.cpp->run:173]	
frame_id 133
2020/03/09 14:53:04 046263	INFO [input.cpp->run:235]	rotation: 
[-0.9942571813669995, -0.04143518174955121, -0.09867007151883066;
 0.05072857234752217, -0.9943146527986898, -0.09362148886555462;
 -0.09422987449706015, -0.09808922949642644, 0.9907064316986467]
2020/03/09 14:53:04 046313	INFO [input.cpp->run:256]	frame times (ms): 156.251
2020/03/09 14:53:04 046316	INFO [input.cpp->run:257]	FPS: 6.39996
2020/03/09 14:53:04 128074	INFO [input.cpp->run:173]	
frame_id 134
2020/03/09 14:53:04 178817	INFO [input.cpp->run:235]	rotation: 
[0.999824596960034, -0.0028881711664076, -0.01850496638794725;
 0.002482293050016926, 0.9997566677808966, -0.0219190202530087;
 0.01856376941570228, 0.02186924084076764, 0.9995884767093552]
2020/03/09 14:53:04 178872	INFO [input.cpp->run:256]	frame times (ms): 150.092
2020/03/09 14:53:04 178875	INFO [input.cpp->run:257]	FPS: 6.66258
2020/03/09 14:53:04 262552	INFO [input.cpp->run:173]	
frame_id 135
2020/03/09 14:53:04 314010	INFO [input.cpp->run:235]	rotation: 
[-0.9995028325113576, 0.001206809672059665, 0.03150605358003938;
 -0.002240403887495152, -0.9994597013897539, -0.03279155208776706;
 0.03144945774085439, -0.03284583547908725, 0.9989655062610958]
2020/03/09 14:53:04 314067	INFO [input.cpp->run:256]	frame times (ms): 162.119
2020/03/09 14:53:04 314083	INFO [input.cpp->run:257]	FPS: 6.16831
2020/03/09 14:53:04 394169	INFO [input.cpp->run:173]	
frame_id 136
2020/03/09 14:53:04 445031	INFO [input.cpp->run:235]	rotation: 
[-0.9998344785155602, -0.001557064476385521, 0.01812708254888883;
 0.001325577070762941, -0.9999175142536179, -0.012775270419661;
 0.01814547924270173, -0.01274912699295038, 0.9997540704313086]
2020/03/09 14:53:04 445084	INFO [input.cpp->run:256]	frame times (ms): 152.564
2020/03/09 14:53:04 445086	INFO [input.cpp->run:257]	FPS: 6.55463
2020/03/09 14:53:04 528070	INFO [input.cpp->run:173]	
frame_id 137
2020/03/09 14:53:04 578679	INFO [input.cpp->run:235]	rotation: 
[-0.9998794781481938, -0.01053832265092199, 0.01140056725785279;
 0.01021284101684376, -0.999548979877006, -0.02824065695413927;
 0.01169303452746267, -0.02812082115696065, 0.9995361385967985]
2020/03/09 14:53:04 578734	INFO [input.cpp->run:256]	frame times (ms): 155.548
2020/03/09 14:53:04 578736	INFO [input.cpp->run:257]	FPS: 6.42888
2020/03/09 14:53:04 661459	INFO [input.cpp->run:173]	
frame_id 138
2020/03/09 14:53:04 714703	INFO [input.cpp->run:235]	rotation: 
[-0.9998452351094888, -0.00131695702948215, 0.01754341623041452;
 0.001028510854842336, -0.999864312992797, -0.01644073504632872;
 0.01756268755835922, -0.01642014700374535, 0.9997109236064704]
2020/03/09 14:53:04 714763	INFO [input.cpp->run:256]	frame times (ms): 161.089
2020/03/09 14:53:04 714766	INFO [input.cpp->run:257]	FPS: 6.20775
2020/03/09 14:53:04 794170	INFO [input.cpp->run:173]	
frame_id 139
2020/03/09 14:53:04 847067	INFO [input.cpp->run:235]	rotation: 
[-0.9995295231300938, 0.02795925344153245, 0.01261001737982011;
 -0.02809111721075406, -0.9995512219049075, -0.01040403394160117;
 0.01231346925845378, -0.0107533685605241, 0.999866362840266]
2020/03/09 14:53:04 847135	INFO [input.cpp->run:256]	frame times (ms): 165.276
2020/03/09 14:53:04 847140	INFO [input.cpp->run:257]	FPS: 6.05049
2020/03/09 14:53:04 928323	INFO [input.cpp->run:173]	
frame_id 140
2020/03/09 14:53:04 978185	INFO [input.cpp->run:235]	rotation: 
[0.9997268992239648, 0.0083215656859993, -0.02183754822707752;
 -0.008888146927630217, 0.999623006795297, -0.02597778146267194;
 0.02161313980497038, 0.02616478224757629, 0.9994239722748838]
2020/03/09 14:53:04 978250	INFO [input.cpp->run:256]	frame times (ms): 150.949
2020/03/09 14:53:04 978257	INFO [input.cpp->run:257]	FPS: 6.62475
2020/03/09 14:53:05 061801	INFO [input.cpp->run:173]	
frame_id 141
2020/03/09 14:53:05 112064	INFO [input.cpp->run:235]	rotation: 
[-0.9999359915932552, 0.007253419307688129, 0.008683353313112008;
 -0.007244260990372094, -0.9999731706230141, 0.001085687275305733;
 0.008690995289197282, 0.001022713304521222, 0.9999617095961123]
2020/03/09 14:53:05 112121	INFO [input.cpp->run:256]	frame times (ms): 158.536
2020/03/09 14:53:05 112123	INFO [input.cpp->run:257]	FPS: 6.30772
2020/03/09 14:53:05 194452	INFO [input.cpp->run:173]	
frame_id 142
2020/03/09 14:53:05 240480	INFO [input.cpp->run:235]	rotation: 
[-0.9998651000732686, -0.009942592415629144, -0.01307388662676008;
 0.01252158807858648, -0.9765391123721128, -0.2149757470959836;
 -0.01062974540912919, -0.2151104527063777, 0.9765318743640654]
2020/03/09 14:53:05 240534	INFO [input.cpp->run:256]	frame times (ms): 154.478
2020/03/09 14:53:05 240537	INFO [input.cpp->run:257]	FPS: 6.47341
2020/03/09 14:53:05 327720	INFO [input.cpp->run:173]	
frame_id 143
2020/03/09 14:53:05 377218	INFO [input.cpp->run:235]	rotation: 
[-0.9996815707301343, -0.00857033683774977, -0.02373407822138855;
 0.008989202063759232, -0.9998047302754882, -0.01759816936545294;
 -0.02357862143528302, -0.01780591601816005, 0.9995634036748078]
2020/03/09 14:53:05 377273	INFO [input.cpp->run:256]	frame times (ms): 159.673
2020/03/09 14:53:05 377275	INFO [input.cpp->run:257]	FPS: 6.2628
2020/03/09 14:53:05 460920	INFO [input.cpp->run:173]	
frame_id 144
2020/03/09 14:53:05 510980	INFO [input.cpp->run:235]	rotation: 
[-0.9022641444591694, -0.03780420101246477, -0.4295232892512026;
 -0.1432865222376712, -0.9132504749331845, 0.3813692994714525;
 -0.4066797095607261, 0.405640743047493, 0.8185763259534704]
2020/03/09 14:53:05 511035	INFO [input.cpp->run:256]	frame times (ms): 153.91
2020/03/09 14:53:05 511040	INFO [input.cpp->run:257]	FPS: 6.4973
2020/03/09 14:53:05 596679	INFO [input.cpp->run:173]	
frame_id 145
2020/03/09 14:53:05 639641	INFO [input.cpp->run:235]	rotation: 
[0.999877353043825, -0.0001237404640447619, -0.01566089264287518;
 -0.0002256485612548991, 0.9997511666328327, -0.02230591623352072;
 0.01565975583465169, 0.02230671433868282, 0.9996285222734551]
2020/03/09 14:53:05 639695	INFO [input.cpp->run:256]	frame times (ms): 143.243
2020/03/09 14:53:05 639698	INFO [input.cpp->run:257]	FPS: 6.98114
2020/03/09 14:53:05 727540	INFO [input.cpp->run:173]	
frame_id 146
2020/03/09 14:53:05 775804	INFO [input.cpp->run:235]	rotation: 
[-0.9999246264121009, -0.001868667263849815, -0.01213464368152418;
 0.002038523827893661, -0.9998999115092109, -0.01400040658250345;
 -0.01210726704189052, -0.01402408808191507, 0.9998283547880842]
2020/03/09 14:53:05 775859	INFO [input.cpp->run:256]	frame times (ms): 156.501
2020/03/09 14:53:05 775864	INFO [input.cpp->run:257]	FPS: 6.38974
2020/03/09 14:53:05 863436	INFO [input.cpp->run:173]	
frame_id 147
2020/03/09 14:53:05 917370	INFO [input.cpp->run:235]	rotation: 
[-0.9997068793161989, 0.002750726755500793, 0.02405387599085258;
 -0.003094295480276791, -0.9998935650810785, -0.01425776437354859;
 0.0240120966045758, -0.01432801492766757, 0.9996089871569205]
2020/03/09 14:53:05 917428	INFO [input.cpp->run:256]	frame times (ms): 164.527
2020/03/09 14:53:05 917432	INFO [input.cpp->run:257]	FPS: 6.07803
2020/03/09 14:53:05 995582	INFO [input.cpp->run:173]	
frame_id 148
2020/03/09 14:53:06 047717	INFO [input.cpp->run:235]	rotation: 
[-0.9631816540852647, 0.006677746259841316, -0.2687685043647465;
 0.007520292900302215, -0.9986311298820515, -0.05176206743543769;
 -0.2687462491426946, -0.05187749160653694, 0.9618129648930435]
2020/03/09 14:53:06 047778	INFO [input.cpp->run:256]	frame times (ms): 156.838
2020/03/09 14:53:06 047784	INFO [input.cpp->run:257]	FPS: 6.37601
2020/03/09 14:53:06 127472	INFO [input.cpp->run:173]	
frame_id 149
2020/03/09 14:53:06 179709	INFO [input.cpp->run:235]	rotation: 
[-0.999962530810079, 0.005970890479366765, 0.006267810046984619;
 -0.005981028841388978, -0.9999808334114374, -0.001600032426417746;
 0.006258136296066683, -0.001637460427162244, 0.9999790770078389]
2020/03/09 14:53:06 179771	INFO [input.cpp->run:256]	frame times (ms): 155.705
2020/03/09 14:53:06 179776	INFO [input.cpp->run:257]	FPS: 6.4224
2020/03/09 14:53:06 261154	INFO [input.cpp->run:173]	
frame_id 150
2020/03/09 14:53:06 314548	INFO [input.cpp->run:235]	rotation: 
[-0.9999878351015509, -0.004386203093512703, 0.00225629593269992;
 0.004353919114592894, -0.9998908334256776, -0.01411965366598467;
 0.002317981289191359, -0.01410965817184212, 0.9998977670287179]
2020/03/09 14:53:06 314610	INFO [input.cpp->run:256]	frame times (ms): 159.802
2020/03/09 14:53:06 314627	INFO [input.cpp->run:257]	FPS: 6.25774
2020/03/09 14:53:06 395399	INFO [input.cpp->run:173]	
frame_id 151
2020/03/09 14:53:06 448758	INFO [input.cpp->run:235]	rotation: 
[-0.9109068742381986, -0.07424952077506317, 0.4058764283994182;
 0.2254793659900749, -0.9133843983166952, 0.3389513186644398;
 0.3455542243676214, 0.4002698459493573, 0.8487498621180262]
2020/03/09 14:53:06 448830	INFO [input.cpp->run:256]	frame times (ms): 158.773
2020/03/09 14:53:06 448846	INFO [input.cpp->run:257]	FPS: 6.2983
2020/03/09 14:53:06 528425	INFO [input.cpp->run:173]	
frame_id 152
2020/03/09 14:53:06 580668	INFO [input.cpp->run:235]	rotation: 
[-0.910363192264396, -0.2238249393092045, 0.3480535227711527;
 0.3368051547719792, -0.8894398181417789, 0.3089645572277546;
 0.2404186887269821, 0.3984961812202851, 0.8850986654964789]
2020/03/09 14:53:06 580722	INFO [input.cpp->run:256]	frame times (ms): 161.078
2020/03/09 14:53:06 580724	INFO [input.cpp->run:257]	FPS: 6.20817
2020/03/09 14:53:06 661831	INFO [input.cpp->run:173]	
frame_id 153
2020/03/09 14:53:06 713377	INFO [input.cpp->run:235]	rotation: 
[-0.9828569380163618, -0.08587648445947438, -0.1631486095864237;
 -0.1625889846539374, -0.01351842131688796, 0.9866012742513059;
 -0.08693136063759366, 0.9962140742340375, -0.0006758962315839279]
2020/03/09 14:53:06 713435	INFO [input.cpp->run:256]	frame times (ms): 161.284
2020/03/09 14:53:06 713439	INFO [input.cpp->run:257]	FPS: 6.20024
2020/03/09 14:53:06 794659	INFO [input.cpp->run:173]	
frame_id 154
2020/03/09 14:53:06 845815	INFO [input.cpp->run:235]	rotation: 
[-0.9030818003516169, 0.04123582192685565, -0.4274843492617;
 0.04824663679762507, -0.9793377807550662, -0.1963918868575279;
 -0.4267499547878131, -0.1979826208932457, 0.8824326364730857]
2020/03/09 14:53:06 845874	INFO [input.cpp->run:256]	frame times (ms): 151.889
2020/03/09 14:53:06 845878	INFO [input.cpp->run:257]	FPS: 6.58376
2020/03/09 14:53:06 928700	INFO [input.cpp->run:173]	
frame_id 155
2020/03/09 14:53:06 979282	INFO [input.cpp->run:235]	rotation: 
[-0.9341575068894775, -0.04936828820714819, -0.3534296598214864;
 0.03368706438897826, -0.998161441970039, 0.05038767167815274;
 -0.3552674119798894, 0.0351640140454476, 0.9341030768075453]
2020/03/09 14:53:06 979361	INFO [input.cpp->run:256]	frame times (ms): 158.714
2020/03/09 14:53:06 979367	INFO [input.cpp->run:257]	FPS: 6.30064
2020/03/09 14:53:07 061722	INFO [input.cpp->run:173]	
frame_id 156
2020/03/09 14:53:07 112718	INFO [input.cpp->run:235]	rotation: 
[-0.9939330519442555, -0.09170372239021513, 0.06072491706504239;
 0.02736667084456097, 0.3285490375744595, 0.9440903533220651;
 -0.1065277127308353, 0.9400244450059129, -0.3240461220438566]
2020/03/09 14:53:07 112785	INFO [input.cpp->run:256]	frame times (ms): 156.622
2020/03/09 14:53:07 112789	INFO [input.cpp->run:257]	FPS: 6.3848
2020/03/09 14:53:07 194549	INFO [input.cpp->run:173]	
frame_id 157
2020/03/09 14:53:07 244126	INFO [input.cpp->run:235]	rotation: 
[-0.9160107671478206, -0.07193467402858744, -0.3946513361711348;
 -0.4002437163158795, 0.09766008839417728, 0.9111901418938286;
 -0.02700448145984174, 0.9926166983318601, -0.1182490937548473]
2020/03/09 14:53:07 244187	INFO [input.cpp->run:256]	frame times (ms): 153.361
2020/03/09 14:53:07 244190	INFO [input.cpp->run:257]	FPS: 6.52056
2020/03/09 14:53:07 329216	INFO [input.cpp->run:173]	
frame_id 158
2020/03/09 14:53:07 380588	INFO [input.cpp->run:235]	rotation: 
[-0.9662013524288817, 0.1877535185585697, 0.1766453023249607;
 0.2141202108774339, 0.2029206589915686, 0.9554976407339947;
 0.1435530628666737, 0.96102644210412, -0.2362640381401554]
2020/03/09 14:53:07 380652	INFO [input.cpp->run:256]	frame times (ms): 160.974
2020/03/09 14:53:07 380657	INFO [input.cpp->run:257]	FPS: 6.21218
2020/03/09 14:53:07 462982	INFO [input.cpp->run:173]	
frame_id 159
2020/03/09 14:53:07 513101	INFO [input.cpp->run:235]	rotation: 
[-0.9999391934575032, -0.006316513278504627, 0.009039416328530293;
 0.006194698338806953, -0.9998904751195791, -0.01344111147314704;
 0.009123327246635829, -0.01338429770831692, 0.9998688041312251]
2020/03/09 14:53:07 513160	INFO [input.cpp->run:256]	frame times (ms): 154.6
2020/03/09 14:53:07 513165	INFO [input.cpp->run:257]	FPS: 6.46831
2020/03/09 14:53:07 596827	INFO [input.cpp->run:173]	
frame_id 160
2020/03/09 14:53:07 648641	INFO [input.cpp->run:235]	rotation: 
[-0.9990290696518628, -0.01062589336652539, 0.04275521466086692;
 0.001848381369942242, -0.979732500882773, -0.2003017977959722;
 0.04401705892997428, -0.2000282907594586, 0.9788008895679468]
2020/03/09 14:53:07 648702	INFO [input.cpp->run:256]	frame times (ms): 158.469
2020/03/09 14:53:07 648706	INFO [input.cpp->run:257]	FPS: 6.31038
2020/03/09 14:53:07 728444	INFO [input.cpp->run:173]	
frame_id 161
2020/03/09 14:53:07 778891	INFO [input.cpp->run:235]	rotation: 
[-0.4672221746576304, 0.1378747500120543, 0.8733235327284548;
 0.7178570460418332, -0.5174607217909303, 0.4657420561337603;
 0.5161246951622138, 0.8445264677395984, 0.1427947629676559]
2020/03/09 14:53:07 778962	INFO [input.cpp->run:256]	frame times (ms): 158.762
2020/03/09 14:53:07 778966	INFO [input.cpp->run:257]	FPS: 6.29874
2020/03/09 14:53:07 863437	INFO [input.cpp->run:173]	
frame_id 162
2020/03/09 14:53:07 913742	INFO [input.cpp->run:235]	rotation: 
[0.9998088339509327, 0.008448872996937905, -0.01763269970135154;
 -0.008817623209992206, 0.9997418293237432, -0.02094096992362463;
 0.01745121986002801, 0.02109244522328215, 0.9996252116067801]
2020/03/09 14:53:07 913803	INFO [input.cpp->run:256]	frame times (ms): 155.566
2020/03/09 14:53:07 913808	INFO [input.cpp->run:257]	FPS: 6.42814
2020/03/09 14:53:07 995893	INFO [input.cpp->run:173]	
frame_id 163
2020/03/09 14:53:08 050723	INFO [input.cpp->run:235]	rotation: 
[0.9999721684462213, 0.002045898426841234, 0.007174721777819726;
 -0.002135889968952937, 0.9999188676378366, 0.01255771141200427;
 -0.00714844787367148, -0.01257268632765905, 0.999895408156025]
2020/03/09 14:53:08 050779	INFO [input.cpp->run:256]	frame times (ms): 159.929
2020/03/09 14:53:08 050781	INFO [input.cpp->run:257]	FPS: 6.25277
2020/03/09 14:53:08 128382	INFO [input.cpp->run:173]	
frame_id 164
2020/03/09 14:53:08 178867	INFO [input.cpp->run:235]	rotation: 
[-0.9520023849525791, 0.03445071129506903, -0.3041457011628886;
 0.0398872797050235, -0.9712104605735409, -0.2348600566087469;
 -0.3034805825128432, -0.2357188786749894, 0.9232205295994402]
2020/03/09 14:53:08 178929	INFO [input.cpp->run:256]	frame times (ms): 153.21
2020/03/09 14:53:08 178934	INFO [input.cpp->run:257]	FPS: 6.52699
2020/03/09 14:53:08 261271	INFO [input.cpp->run:173]	
frame_id 165
2020/03/09 14:53:08 313041	INFO [input.cpp->run:235]	rotation: 
[-0.5795615915189533, 0.09331459040310688, 0.8095682484225268;
 0.3675208986934141, -0.856731656709752, 0.3618552990007867;
 0.7273491257020956, 0.5072506832023628, 0.4622337003412151]
2020/03/09 14:53:08 313105	INFO [input.cpp->run:256]	frame times (ms): 155.33
2020/03/09 14:53:08 313117	INFO [input.cpp->run:257]	FPS: 6.43791
2020/03/09 14:53:08 395907	INFO [input.cpp->run:173]	
frame_id 166
2020/03/09 14:53:08 449614	INFO [input.cpp->run:235]	rotation: 
[-0.9997294187284363, -0.00850523779776974, 0.02165064107378952;
 0.008486487444322044, -0.9999635304333672, -0.0009577755967696839;
 0.02165799759349966, -0.0007737785469965994, 0.9997651386235666]
2020/03/09 14:53:08 449675	INFO [input.cpp->run:256]	frame times (ms): 162.913
2020/03/09 14:53:08 449685	INFO [input.cpp->run:257]	FPS: 6.13825
2020/03/09 14:53:08 529602	INFO [input.cpp->run:173]	
frame_id 167
2020/03/09 14:53:08 580413	INFO [input.cpp->run:235]	rotation: 
[-0.9990439036797335, 0.0005722378260051668, 0.04371442627131059;
 0.04146836134520557, 0.3290389934205538, 0.9434053825456648;
 -0.01384389857311955, 0.9443161617555103, -0.3287481302146645]
2020/03/09 14:53:08 580470	INFO [input.cpp->run:256]	frame times (ms): 158.845
2020/03/09 14:53:08 580472	INFO [input.cpp->run:257]	FPS: 6.29544
2020/03/09 14:53:08 661163	INFO [input.cpp->run:173]	
frame_id 168
2020/03/09 14:53:08 712703	INFO [input.cpp->run:235]	rotation: 
[-0.9142234572261863, 0.09416622840366481, 0.3941169771598636;
 0.1566283709616899, -0.8149038129910322, 0.5580316558964769;
 0.3737151638176953, 0.5718955297962256, 0.7302550782649901]
2020/03/09 14:53:08 712767	INFO [input.cpp->run:256]	frame times (ms): 155.135
2020/03/09 14:53:08 712775	INFO [input.cpp->run:257]	FPS: 6.446
2020/03/09 14:53:08 797501	INFO [input.cpp->run:173]	
frame_id 169
2020/03/09 14:53:08 851317	INFO [input.cpp->run:235]	rotation: 
[-0.7284651898122156, -0.2364353160196212, -0.642990519813904;
 0.3000617088190309, -0.9538587049821053, 0.01079545415737476;
 -0.6158745311607355, -0.1850727215679359, 0.7657980475288388]
2020/03/09 14:53:08 851375	INFO [input.cpp->run:256]	frame times (ms): 155.41
2020/03/09 14:53:08 851378	INFO [input.cpp->run:257]	FPS: 6.43459
2020/03/09 14:53:08 929321	INFO [input.cpp->run:173]	
frame_id 170
2020/03/09 14:53:08 983544	INFO [input.cpp->run:235]	rotation: 
[-0.9643987291021929, 0.03306718232518693, -0.2623769287859509;
 0.03772383848075358, -0.9648034730032198, -0.2602521286967763;
 -0.2617479767187382, -0.2608846870439088, 0.9292078221526381]
2020/03/09 14:53:08 983601	INFO [input.cpp->run:256]	frame times (ms): 160.084
2020/03/09 14:53:08 983606	INFO [input.cpp->run:257]	FPS: 6.24672
2020/03/09 14:53:09 063240	INFO [input.cpp->run:173]	
frame_id 171
2020/03/09 14:53:09 123436	INFO [input.cpp->run:235]	rotation: 
[-0.9996992941773192, -0.0233905824492322, -0.007362192204463243;
 0.02314886125974651, -0.9992399422228112, 0.03136348336728291;
 -0.008090206656618637, 0.03118362581930611, 0.9994809303018313]
2020/03/09 14:53:09 123495	INFO [input.cpp->run:256]	frame times (ms): 169.63
2020/03/09 14:53:09 123499	INFO [input.cpp->run:257]	FPS: 5.89518
2020/03/09 14:53:09 196416	INFO [input.cpp->run:173]	
frame_id 172
2020/03/09 14:53:09 248185	INFO [input.cpp->run:235]	rotation: 
[-0.9985065098406565, 0.05463271691862034, -0.0001266803888052464;
 -0.05443075863536259, -0.9946107628342029, 0.08824241026141545;
 0.004694924941882951, 0.08811751639972017, 0.9960990216757244]
2020/03/09 14:53:09 248237	INFO [input.cpp->run:256]	frame times (ms): 156.97
2020/03/09 14:53:09 248241	INFO [input.cpp->run:257]	FPS: 6.37064
2020/03/09 14:53:09 330080	INFO [input.cpp->run:173]	
frame_id 173
2020/03/09 14:53:09 385906	INFO [input.cpp->run:235]	rotation: 
[-0.9998691524337657, -0.001869398362566613, 0.01606808517356468;
 0.002216661009652977, -0.99976377322998, 0.02162138179953899;
 0.01602387048597124, 0.02165417019225592, 0.9996371003959056]
2020/03/09 14:53:09 385950	INFO [input.cpp->run:256]	frame times (ms): 163.886
2020/03/09 14:53:09 385953	INFO [input.cpp->run:257]	FPS: 6.1018
2020/03/09 14:53:09 462861	INFO [input.cpp->run:173]	
frame_id 174
2020/03/09 14:53:09 513965	INFO [input.cpp->run:235]	rotation: 
[-0.9999639494805838, -0.0006396025548400511, -0.008467032996536988;
 0.0007286720741163034, -0.9999443907758294, -0.01052066504379769;
 -0.008459833107160395, -0.01052645545885345, 0.9999088083216749]
2020/03/09 14:53:09 514019	INFO [input.cpp->run:256]	frame times (ms): 160.393
2020/03/09 14:53:09 514024	INFO [input.cpp->run:257]	FPS: 6.23469
2020/03/09 14:53:09 595936	INFO [input.cpp->run:173]	
frame_id 175
2020/03/09 14:53:09 648469	INFO [input.cpp->run:235]	rotation: 
[0.9999650613795907, 0.008068641481097509, -0.002184729905696476;
 -0.008105982110138214, 0.9998112037030904, -0.01765927529112026;
 0.002041831075640479, 0.01767636768193522, 0.9998416759424622]
2020/03/09 14:53:09 648518	INFO [input.cpp->run:256]	frame times (ms): 161.693
2020/03/09 14:53:09 648520	INFO [input.cpp->run:257]	FPS: 6.18456
2020/03/09 14:53:09 730214	INFO [input.cpp->run:173]	
frame_id 176
2020/03/09 14:53:09 785631	INFO [input.cpp->run:235]	rotation: 
[-0.9998546750133962, -0.01462168835632541, 0.008765562358814366;
 0.01478560194546474, -0.999711364147062, 0.0189360600529974;
 0.008486155134454857, 0.01906291228618944, 0.9997822715702671]
2020/03/09 14:53:09 785684	INFO [input.cpp->run:256]	frame times (ms): 163.934
2020/03/09 14:53:09 785689	INFO [input.cpp->run:257]	FPS: 6.10002
2020/03/09 14:53:09 862994	INFO [input.cpp->run:173]	
frame_id 177
2020/03/09 14:53:09 915032	INFO [input.cpp->run:235]	rotation: 
[-0.9621275394762938, -0.1275889714854763, -0.2408975967845489;
 0.05529059651694268, -0.956673280349127, 0.2858656758039364;
 -0.2669336017029206, 0.2617198674562535, 0.9274961796474354]
2020/03/09 14:53:09 915089	INFO [input.cpp->run:256]	frame times (ms): 144.787
2020/03/09 14:53:09 915095	INFO [input.cpp->run:257]	FPS: 6.9067
2020/03/09 14:53:09 995016	INFO [input.cpp->run:173]	
frame_id 178
2020/03/09 14:53:10 047091	INFO [input.cpp->run:235]	rotation: 
[-0.9194081978590287, 0.03941190017827208, -0.3913250155995027;
 0.03968837446315227, -0.9805908997403474, -0.1920060422978622;
 -0.3912970721102902, -0.1920629830830339, 0.8999991177146567]
2020/03/09 14:53:10 047146	INFO [input.cpp->run:256]	frame times (ms): 151.491
2020/03/09 14:53:10 047153	INFO [input.cpp->run:257]	FPS: 6.60105
2020/03/09 14:53:10 128206	INFO [input.cpp->run:173]	
frame_id 179
2020/03/09 14:53:10 183891	INFO [input.cpp->run:235]	rotation: 
[-0.999997991654118, 0.001998900900340431, 0.0001451995911715291;
 -0.002000013362496421, -0.9999650748356417, -0.008114743095091319;
 0.0001289739527731333, -0.008115017199003012, 0.9999670643884121]
2020/03/09 14:53:10 183955	INFO [input.cpp->run:256]	frame times (ms): 162.204
2020/03/09 14:53:10 183959	INFO [input.cpp->run:257]	FPS: 6.16508
2020/03/09 14:53:10 263425	INFO [input.cpp->run:173]	
frame_id 180
2020/03/09 14:53:10 315714	INFO [input.cpp->run:235]	rotation: 
[-0.9998112945327857, 0.007733382788183066, 0.01782049705610652;
 -0.007603394637332377, -0.9999440773275667, 0.007350551510615117;
 0.0178763451148229, 0.007213668149607027, 0.9998141823744866]
2020/03/09 14:53:10 315773	INFO [input.cpp->run:256]	frame times (ms): 150.782
2020/03/09 14:53:10 315776	INFO [input.cpp->run:257]	FPS: 6.63209
2020/03/09 14:53:10 395283	INFO [input.cpp->run:173]	
frame_id 181
2020/03/09 14:53:10 446422	INFO [input.cpp->run:235]	rotation: 
[-0.8932617006244659, 0.03388274266510744, -0.4482582893232173;
 0.02834129587982484, -0.9909270656299971, -0.1313785429580331;
 -0.4486427366461417, -0.1300596415165505, 0.8841969150043707]
2020/03/09 14:53:10 446493	INFO [input.cpp->run:256]	frame times (ms): 158.968
2020/03/09 14:53:10 446498	INFO [input.cpp->run:257]	FPS: 6.29057
2020/03/09 14:53:10 528838	INFO [input.cpp->run:173]	
frame_id 182
2020/03/09 14:53:10 580440	INFO [input.cpp->run:235]	rotation: 
[0.999971408094889, 0.006930893694873625, -0.00302418671961937;
 -0.006982512649713176, 0.9998241265316363, -0.0174057611826423;
 0.00290301736497676, 0.01742637994079502, 0.9998439347079812]
2020/03/09 14:53:10 580506	INFO [input.cpp->run:256]	frame times (ms): 156.053
2020/03/09 14:53:10 580511	INFO [input.cpp->run:257]	FPS: 6.40808
2020/03/09 14:53:10 661814	INFO [input.cpp->run:173]	
frame_id 183
2020/03/09 14:53:10 717444	INFO [input.cpp->run:235]	rotation: 
[0.9999669797612559, 0.00773933033025422, -0.002478336779190085;
 -0.007783726034761517, 0.9997997601518271, -0.01843510806490632;
 0.002335165126421455, 0.01845379002774784, 0.9998269873520339]
2020/03/09 14:53:10 717506	INFO [input.cpp->run:256]	frame times (ms): 163.556
2020/03/09 14:53:10 717510	INFO [input.cpp->run:257]	FPS: 6.11411
2020/03/09 14:53:10 795804	INFO [input.cpp->run:173]	
frame_id 184
2020/03/09 14:53:10 848603	INFO [input.cpp->run:235]	rotation: 
[-0.9960976455256327, 0.001229583083927383, 0.08824946857477801;
 -0.009829372075890224, -0.9952279980104368, -0.09708045849053042;
 0.08770897344562141, -0.09756905299108733, 0.9913563516090151]
2020/03/09 14:53:10 848667	INFO [input.cpp->run:256]	frame times (ms): 161.127
2020/03/09 14:53:10 848670	INFO [input.cpp->run:257]	FPS: 6.20628
2020/03/09 14:53:10 929831	INFO [input.cpp->run:173]	
frame_id 185
2020/03/09 14:53:10 980985	INFO [input.cpp->run:235]	rotation: 
[-0.9999973383746937, -0.00229282878612441, 0.0002572541269977851;
 0.002292735634112358, -0.99999730622348, -0.0003618136197636398;
 0.0002580830106952641, -0.000361222841047363, 0.9999999014556042]
2020/03/09 14:53:10 981051	INFO [input.cpp->run:256]	frame times (ms): 160.925
2020/03/09 14:53:10 981054	INFO [input.cpp->run:257]	FPS: 6.21407
2020/03/09 14:53:11 062269	INFO [input.cpp->run:173]	
frame_id 186
2020/03/09 14:53:11 116606	INFO [input.cpp->run:235]	rotation: 
[0.9998412678973165, -0.01778920793337025, 0.0009915092485241099;
 0.01780782679547031, 0.9995558127786357, -0.02389682918848474;
 -0.0005659631694038643, 0.02391069261950401, 0.9997139383164299]
2020/03/09 14:53:11 116665	INFO [input.cpp->run:256]	frame times (ms): 162.896
2020/03/09 14:53:11 116668	INFO [input.cpp->run:257]	FPS: 6.13889
2020/03/09 14:53:11 196315	INFO [input.cpp->run:173]	
frame_id 187
2020/03/09 14:53:11 249074	INFO [input.cpp->run:235]	rotation: 
[-0.9965813825750602, 0.08241422671950155, -0.005783004323706029;
 -0.08249889954741532, -0.9889778853492844, 0.122949883544162;
 0.004413556190520323, 0.1230066564226673, 0.9923960313289589]
2020/03/09 14:53:11 249139	INFO [input.cpp->run:256]	frame times (ms): 161.987
2020/03/09 14:53:11 249142	INFO [input.cpp->run:257]	FPS: 6.17334
2020/03/09 14:53:11 329637	INFO [input.cpp->run:173]	
frame_id 188
2020/03/09 14:53:11 379021	INFO [input.cpp->run:235]	rotation: 
[0.9999657781290108, 0.008002875971972393, -0.002096794462809943;
 -0.008036925999637306, 0.9998271095702627, -0.0167677902196549;
 0.001962241401662247, 0.01678406817643528, 0.9998572121378784]
2020/03/09 14:53:11 379091	INFO [input.cpp->run:256]	frame times (ms): 161.302
2020/03/09 14:53:11 379098	INFO [input.cpp->run:257]	FPS: 6.19955
2020/03/09 14:53:11 464376	INFO [input.cpp->run:173]	
frame_id 189
2020/03/09 14:53:11 515815	INFO [input.cpp->run:235]	rotation: 
[-0.9999996478535381, 0.0002889128982011223, -0.0007879226720287604;
 -0.0002868593126379647, -0.9999965653226917, -0.002605197603704981;
 -0.0007886726409587112, -0.002604970663337753, 0.999996296054795]
2020/03/09 14:53:11 515887	INFO [input.cpp->run:256]	frame times (ms): 162.864
2020/03/09 14:53:11 515890	INFO [input.cpp->run:257]	FPS: 6.14009
2020/03/09 14:53:11 596411	INFO [input.cpp->run:173]	
frame_id 190
2020/03/09 14:53:11 650029	INFO [input.cpp->run:235]	rotation: 
[-0.9999529572726085, 0.004761917383833978, -0.008450289024311478;
 -0.004835600766529859, -0.9999502817135935, 0.00872072623877927;
 -0.008408341512545449, 0.008761178216115524, 0.9999262680564376]
2020/03/09 14:53:11 650094	INFO [input.cpp->run:256]	frame times (ms): 162.407
2020/03/09 14:53:11 650098	INFO [input.cpp->run:257]	FPS: 6.15737
2020/03/09 14:53:11 728582	INFO [input.cpp->run:173]	
frame_id 191
2020/03/09 14:53:11 784756	INFO [input.cpp->run:235]	rotation: 
[-0.99502875022505, 0.08814055471449594, 0.04635761900913465;
 0.04407251590376942, -0.02769838460398932, 0.9986442874378452;
 0.08930509261787442, 0.9957228741497055, 0.02367611301633854]
2020/03/09 14:53:11 784816	INFO [input.cpp->run:256]	frame times (ms): 164.766
2020/03/09 14:53:11 784819	INFO [input.cpp->run:257]	FPS: 6.06921
2020/03/09 14:53:11 862574	INFO [input.cpp->run:173]	
frame_id 192
2020/03/09 14:53:11 912958	INFO [input.cpp->run:235]	rotation: 
[-0.6291221719554332, -0.6453463761624378, 0.4332820646277523;
 0.4980622392683003, -0.7626309009790995, -0.4127082682559841;
 0.5967740766564217, -0.04384248676587948, 0.8012106700394465]
2020/03/09 14:53:11 913001	INFO [input.cpp->run:256]	frame times (ms): 154.26
2020/03/09 14:53:11 913004	INFO [input.cpp->run:257]	FPS: 6.48256
2020/03/09 14:53:11 995578	INFO [input.cpp->run:173]	
frame_id 193
2020/03/09 14:53:12 047244	INFO [input.cpp->run:235]	rotation: 
[-0.9842403104718437, 0.1303588513064131, 0.1194888326512615;
 0.1375175370874918, 0.1394233180303813, 0.980637581057747;
 0.1111752590987717, 0.9816148472162958, -0.1551526779944494]
2020/03/09 14:53:12 047302	INFO [input.cpp->run:256]	frame times (ms): 154.006
2020/03/09 14:53:12 047307	INFO [input.cpp->run:257]	FPS: 6.49325
2020/03/09 14:53:12 130437	INFO [input.cpp->run:173]	
frame_id 194
2020/03/09 14:53:12 182964	INFO [input.cpp->run:235]	rotation: 
[-0.9783376329927841, 0.1809219967246286, 0.1006116641908389;
 0.1341857566507778, 0.1841318613433464, 0.9736989474936768;
 0.1576377447889143, 0.9661069758258705, -0.2044202844104681]
2020/03/09 14:53:12 183005	INFO [input.cpp->run:256]	frame times (ms): 156.869
2020/03/09 14:53:12 183007	INFO [input.cpp->run:257]	FPS: 6.37475
2020/03/09 14:53:12 261624	INFO [input.cpp->run:173]	
frame_id 195
2020/03/09 14:53:12 316912	INFO [input.cpp->run:235]	rotation: 
[-0.970268192719117, 0.1809096825803118, 0.160783459803144;
 0.2086120314803577, 0.2882608458139242, 0.9345516064360913;
 0.1227218583595304, 0.9403070623574681, -0.3174302662971061]
2020/03/09 14:53:12 316972	INFO [input.cpp->run:256]	frame times (ms): 164.227
2020/03/09 14:53:12 316975	INFO [input.cpp->run:257]	FPS: 6.08913
2020/03/09 14:53:12 395562	INFO [input.cpp->run:173]	
frame_id 196
2020/03/09 14:53:12 447928	INFO [input.cpp->run:235]	rotation: 
[-0.9999698964936584, 0.0005237864603690747, -0.007741560191982111;
 -0.0003841292433278516, -0.9998373649444985, -0.01803042166911633;
 -0.007749745233655648, -0.01802690513054455, 0.9998074675357387]
2020/03/09 14:53:12 447995	INFO [input.cpp->run:256]	frame times (ms): 156.058
2020/03/09 14:53:12 448002	INFO [input.cpp->run:257]	FPS: 6.40787
2020/03/09 14:53:12 530925	INFO [input.cpp->run:173]	
frame_id 197
2020/03/09 14:53:12 584675	INFO [input.cpp->run:235]	rotation: 
[0.9999933177932556, -0.0007388186457269664, 0.003580295496956159;
 0.0007017999221546571, 0.9999463996991687, 0.01032982117656316;
 -0.003587735456532727, -0.01032723949946138, 0.9999402363534606]
2020/03/09 14:53:12 584733	INFO [input.cpp->run:256]	frame times (ms): 169.198
2020/03/09 14:53:12 584737	INFO [input.cpp->run:257]	FPS: 5.91024
2020/03/09 14:53:12 662445	INFO [input.cpp->run:173]	
frame_id 198
2020/03/09 14:53:12 717394	INFO [input.cpp->run:235]	rotation: 
[0.9999840465884017, 0.002408987964244805, -0.005109143340467561;
 -0.002464777536187732, 0.9999371020778732, -0.01094151542529578;
 0.005082464006997463, 0.01095393377253144, 0.9999270872891306]
2020/03/09 14:53:12 717458	INFO [input.cpp->run:256]	frame times (ms): 164.85
2020/03/09 14:53:12 717462	INFO [input.cpp->run:257]	FPS: 6.06612
2020/03/09 14:53:12 797449	INFO [input.cpp->run:173]	
frame_id 199
2020/03/09 14:53:12 851580	INFO [input.cpp->run:235]	rotation: 
[-0.6816078206235407, 0.1127338409447112, -0.7229812307181145;
 0.1106189882856167, -0.9608286075681139, -0.2541098705469466;
 -0.7233078309374879, -0.2531787273539622, 0.6424377897663978]
2020/03/09 14:53:12 851649	INFO [input.cpp->run:256]	frame times (ms): 162.163
2020/03/09 14:53:12 851654	INFO [input.cpp->run:257]	FPS: 6.16664
2020/03/09 14:53:12 929478	INFO [input.cpp->run:173]	
frame_id 200
2020/03/09 14:53:12 981085	INFO [input.cpp->run:235]	rotation: 
[0.9999949527611852, 0.001213148656787512, 0.002936447256702995;
 -0.00124485829928124, 0.9999406762653134, 0.01082101094549496;
 -0.002923145560791407, -0.01082461179000641, 0.9999371395240934]
2020/03/09 14:53:12 981150	INFO [input.cpp->run:256]	frame times (ms): 156.659
2020/03/09 14:53:12 981155	INFO [input.cpp->run:257]	FPS: 6.38329
2020/03/09 14:53:13 063584	INFO [input.cpp->run:173]	
frame_id 201
2020/03/09 14:53:13 119578	INFO [input.cpp->run:235]	rotation: 
[-0.9999237004319688, -0.004736883911342921, 0.01140856017421999;
 0.004532009803557803, -0.9998292006509344, -0.01791732158705658;
 0.01149148387192854, -0.01786425079660517, 0.9997743817191437]
2020/03/09 14:53:13 119640	INFO [input.cpp->run:256]	frame times (ms): 161.131
2020/03/09 14:53:13 119644	INFO [input.cpp->run:257]	FPS: 6.20613
2020/03/09 14:53:13 199235	INFO [input.cpp->run:173]	
frame_id 202
2020/03/09 14:53:13 253827	INFO [input.cpp->run:235]	rotation: 
[-0.9942333343388645, -0.0837845603209654, -0.0669344779709696;
 -0.04353944800766996, -0.2550257798426481, 0.9659535020293871;
 -0.098002006900936, 0.9632974613625181, 0.2499071979273855]
2020/03/09 14:53:13 253889	INFO [input.cpp->run:256]	frame times (ms): 156.457
2020/03/09 14:53:13 253892	INFO [input.cpp->run:257]	FPS: 6.39153
2020/03/09 14:53:13 332666	INFO [input.cpp->run:173]	
frame_id 203
2020/03/09 14:53:13 385350	INFO [input.cpp->run:235]	rotation: 
[-0.9994449967935002, -0.00960891927463671, 0.03189619185442007;
 0.00851963365403853, -0.9993816707497224, -0.03411293027423049;
 0.0322042578992504, -0.0338222536189866, 0.99890887518997]
2020/03/09 14:53:13 385411	INFO [input.cpp->run:256]	frame times (ms): 156.151
2020/03/09 14:53:13 385414	INFO [input.cpp->run:257]	FPS: 6.40406
2020/03/09 14:53:13 462347	INFO [input.cpp->run:173]	
frame_id 204
2020/03/09 14:53:13 516663	INFO [input.cpp->run:235]	rotation: 
[-0.9999765451992758, -0.002367954302843032, -0.006426651051706736;
 0.002450999451200623, -0.9999132056433142, -0.01294502923138643;
 -0.006395440016994169, -0.01296047732650623, 0.9998955567330307]
2020/03/09 14:53:13 516727	INFO [input.cpp->run:256]	frame times (ms): 156.11
2020/03/09 14:53:13 516730	INFO [input.cpp->run:257]	FPS: 6.40574
2020/03/09 14:53:13 597870	INFO [input.cpp->run:173]	
frame_id 205
2020/03/09 14:53:13 651840	INFO [input.cpp->run:235]	rotation: 
[-0.8695328115097855, -0.3110431166648763, 0.3836207362529926;
 0.3973721575038573, -0.9018764063846197, 0.1694529906714358;
 0.2932713046798434, 0.2997851350253449, 0.907811001623806]
2020/03/09 14:53:13 651903	INFO [input.cpp->run:256]	frame times (ms): 162.411
2020/03/09 14:53:13 651907	INFO [input.cpp->run:257]	FPS: 6.15722
2020/03/09 14:53:13 731996	INFO [input.cpp->run:173]	
frame_id 206
2020/03/09 14:53:13 799374	INFO [input.cpp->run:235]	rotation: 
[-0.9997729098876635, -0.02106636745563719, -0.003215092063668943;
 0.02095473810686031, -0.9992838204847646, 0.03150785724617983;
 -0.003876545579081133, 0.03143333071115469, 0.9994983332226101]
2020/03/09 14:53:13 799438	INFO [input.cpp->run:256]	frame times (ms): 166.433
2020/03/09 14:53:13 799444	INFO [input.cpp->run:257]	FPS: 6.00842
2020/03/09 14:53:13 862813	INFO [input.cpp->run:173]	
frame_id 207
2020/03/09 14:53:13 916453	INFO [input.cpp->run:235]	rotation: 
[-0.9999274228915623, -0.006873625004792772, 0.009894555509583177;
 0.006591836722657049, -0.9995795663760819, -0.02823540635489314;
 0.0100844751008947, -0.0281681338163819, 0.9995523295952248]
2020/03/09 14:53:13 916513	INFO [input.cpp->run:256]	frame times (ms): 162.405
2020/03/09 14:53:13 916518	INFO [input.cpp->run:257]	FPS: 6.15745
2020/03/09 14:53:13 996647	INFO [input.cpp->run:173]	
frame_id 208
2020/03/09 14:53:14 049294	INFO [input.cpp->run:235]	rotation: 
[-0.999938547821538, -0.004615878717068884, 0.01007939701683958;
 0.004431504607201838, -0.9998238434998338, -0.01823852340888074;
 0.01016180827757112, -0.0181927357175674, 0.9997828574343732]
2020/03/09 14:53:14 049355	INFO [input.cpp->run:256]	frame times (ms): 161.795
2020/03/09 14:53:14 049359	INFO [input.cpp->run:257]	FPS: 6.18066
2020/03/09 14:53:14 129665	INFO [input.cpp->run:173]	
frame_id 209
2020/03/09 14:53:14 183470	INFO [input.cpp->run:235]	rotation: 
[0.999927585859879, -7.121932410264229e-05, -0.01203403358156353;
 -0.0001775390977395308, 0.999786359510301, -0.02066890942957454;
 0.01203293465049562, 0.0206695492197352, 0.9997139481965578]
2020/03/09 14:53:14 183531	INFO [input.cpp->run:256]	frame times (ms): 163.91
2020/03/09 14:53:14 183536	INFO [input.cpp->run:257]	FPS: 6.10091
2020/03/09 14:53:14 263049	INFO [input.cpp->run:173]	
frame_id 210
2020/03/09 14:53:14 315691	INFO [input.cpp->run:235]	rotation: 
[-0.9999938941596428, -0.0004063145431561221, -0.003470814302901675;
 0.0004335270022449556, -0.9999691475290584, -0.00784321645414583;
 -0.00346752040679381, -0.007844673256438358, 0.999963218025407]
2020/03/09 14:53:14 315752	INFO [input.cpp->run:256]	frame times (ms): 165.236
2020/03/09 14:53:14 315757	INFO [input.cpp->run:257]	FPS: 6.05195
g3log g3FileSink shutdown at: 14:53:14 551320
