		g3log created log at: Sun Mar 08 15:49:18 2020
		LOG format: [YYYY/MM/DD hh:mm:ss uuu* LEVEL FILE->FUNCTION:LINE] message		(uuu*: microseconds fractions of the seconds value)

2020/03/08 15:49:18 840508	INFO [g3logger.h->logBanner:29]	Starting log.
2020/03/08 15:49:18 846952	DEBUG [main.cpp->main:49]	Filepath: /home/mitchell/KITTI/data_odometry_gray/dataset/sequences/00/
2020/03/08 15:49:18 846958	DEBUG [main.cpp->main:53]	Calibration Filepath: /home/mitchell/visual_odom_ws/src/visual_odom/calibration/old/zed.yaml
2020/03/08 15:49:18 847043	INFO [main.cpp->main:67]	P_left: 
[718.85602, 0, 607.19281, 0;
 0, 718.85602, 185.2157, 0;
 0, 0, 1, 0]
2020/03/08 15:49:18 847052	INFO [main.cpp->main:68]	P_right: 
[718.85602, 0, 607.19281, -386.14481;
 0, 718.85602, 185.2157, 0;
 0, 0, 1, 0]
2020/03/08 15:49:18 926900	INFO [input.cpp->Input:22]	frame_pose [1, 0, 0, 0;
 0, 1, 0, 0;
 0, 0, 1, 0;
 0, 0, 0, 1]
2020/03/08 15:49:19 158980	INFO [input.cpp->run:173]	
frame_id 1
2020/03/08 15:49:19 256835	INFO [input.cpp->run:235]	rotation: 
[0.9998968706130694, -0.002147413551967911, -0.01419988567656417;
 0.002137086660139121, 0.9999974408587304, -0.0007423857467121703;
 0.01420144354626399, 0.0007119627986703601, 0.9998989009445783]
2020/03/08 15:49:19 256879	INFO [input.cpp->run:256]	frame times (ms): 120.442
2020/03/08 15:49:19 256882	INFO [input.cpp->run:257]	FPS: 8.30275
2020/03/08 15:49:19 270614	INFO [input.cpp->run:173]	
frame_id 2
2020/03/08 15:49:19 310450	INFO [input.cpp->run:235]	rotation: 
[0.9999166182066234, -0.0006903950422807125, -0.0128949598260515;
 0.0006480919895761263, 0.9999943960720181, -0.003284478852527204;
 0.01289715515154157, 0.003275847866621003, 0.9999114621854036]
2020/03/08 15:49:19 310484	INFO [input.cpp->run:256]	frame times (ms): 52.564
2020/03/08 15:49:19 310486	INFO [input.cpp->run:257]	FPS: 19.0244
2020/03/08 15:49:19 315110	INFO [input.cpp->run:173]	
frame_id 3
2020/03/08 15:49:19 348748	INFO [input.cpp->run:235]	rotation: 
[0.9999821197844336, -0.005045660758292804, 0.003209582362681605;
 0.005045319989851277, 0.9999872657643338, 0.0001142601048730238;
 -0.003210118008830804, -9.806469182420643e-05, 0.9999948427495442]
2020/03/08 15:49:19 348806	INFO [input.cpp->run:256]	frame times (ms): 43.999
2020/03/08 15:49:19 348809	INFO [input.cpp->run:257]	FPS: 22.7278
2020/03/08 15:49:19 356958	INFO [input.cpp->run:173]	
frame_id 4
2020/03/08 15:49:19 389761	INFO [input.cpp->run:235]	rotation: 
[0.9999843033268289, -0.00362891458325607, -0.004268966959829668;
 0.003626771215168907, 0.9999932933378655, -0.0005097154524839539;
 0.004270788043149435, 0.0004942248851586687, 0.9999907580129195]
2020/03/08 15:49:19 389804	INFO [input.cpp->run:256]	frame times (ms): 41.397
2020/03/08 15:49:19 389807	INFO [input.cpp->run:257]	FPS: 24.1563
2020/03/08 15:49:19 416538	INFO [input.cpp->run:173]	
frame_id 5
2020/03/08 15:49:19 449041	INFO [input.cpp->run:235]	rotation: 
[0.9999195133745921, -0.005264805859944926, -0.01154333539217104;
 0.005268315662108377, 0.999986084881327, 0.0002736673158346092;
 0.01154173396000109, -0.0003344592239154178, 0.99993333603507]
2020/03/08 15:49:19 449072	INFO [input.cpp->run:256]	frame times (ms): 44.058
2020/03/08 15:49:19 449074	INFO [input.cpp->run:257]	FPS: 22.6974
2020/03/08 15:49:19 483230	INFO [input.cpp->run:173]	
frame_id 6
2020/03/08 15:49:19 513446	INFO [input.cpp->run:235]	rotation: 
[0.9999460349769801, 0.009952016290841314, 0.002980688773229678;
 -0.009916729787667, 0.9998832172744463, -0.01162799566652937;
 -0.003096062682573846, 0.0115978094763303, 0.9999279500100077]
2020/03/08 15:49:19 513475	INFO [input.cpp->run:256]	frame times (ms): 41.295
2020/03/08 15:49:19 513477	INFO [input.cpp->run:257]	FPS: 24.216
2020/03/08 15:49:19 549889	INFO [input.cpp->run:173]	
frame_id 7
2020/03/08 15:49:19 574715	INFO [input.cpp->run:235]	rotation: 
[0.99974169822748, 0.02174709548598498, 0.006603079823671149;
 -0.02165316007635881, 0.9996678093068123, -0.01397897329657281;
 -0.006904888409083953, 0.01383238495857337, 0.999880486679491]
2020/03/08 15:49:19 574743	INFO [input.cpp->run:256]	frame times (ms): 37.091
2020/03/08 15:49:19 574745	INFO [input.cpp->run:257]	FPS: 26.9607
2020/03/08 15:49:19 616703	INFO [input.cpp->run:173]	
frame_id 8
2020/03/08 15:49:19 650002	INFO [input.cpp->run:235]	rotation: 
[0.9999934111839996, -0.0002649843713980994, 0.003620410456160944;
 0.0002557653119370013, 0.999996724602815, 0.002546638519100466;
 -0.00362107341728589, -0.002545695764358184, 0.999990203582206]
2020/03/08 15:49:19 650033	INFO [input.cpp->run:256]	frame times (ms): 44.742
2020/03/08 15:49:19 650036	INFO [input.cpp->run:257]	FPS: 22.3504
2020/03/08 15:49:19 683331	INFO [input.cpp->run:173]	
frame_id 9
2020/03/08 15:49:19 715230	INFO [input.cpp->run:235]	rotation: 
[0.9999838823043445, -0.005626706898160796, 0.0007584860004963021;
 0.005625793638479678, 0.9999834540539938, 0.001200859767587805;
 -0.0007652303365659014, -0.001196573326779078, 0.9999989913168941]
2020/03/08 15:49:19 715256	INFO [input.cpp->run:256]	frame times (ms): 42.98
2020/03/08 15:49:19 715258	INFO [input.cpp->run:257]	FPS: 23.2666
2020/03/08 15:49:19 750241	INFO [input.cpp->run:173]	
frame_id 10
2020/03/08 15:49:19 783693	INFO [input.cpp->run:235]	rotation: 
[0.9999253715531742, -0.003932838526791183, 0.01156650791590907;
 0.003931646890666518, 0.9999922631384608, 0.0001257614665567346;
 -0.01156691302697969, -8.02766562903614e-05, 0.9999330978013903]
2020/03/08 15:49:19 783721	INFO [input.cpp->run:256]	frame times (ms): 44.8
2020/03/08 15:49:19 783722	INFO [input.cpp->run:257]	FPS: 22.3214
2020/03/08 15:49:19 816585	INFO [input.cpp->run:173]	
frame_id 11
2020/03/08 15:49:19 843960	INFO [input.cpp->run:235]	rotation: 
[0.9999948849513546, 0.003198447745634081, 1.77356465198695e-06;
 -0.003198414525785753, 0.999986737189982, -0.004036779490538758;
 -1.468496939067151e-05, 0.004036753169620348, 0.999991852170906]
2020/03/08 15:49:19 843995	INFO [input.cpp->run:256]	frame times (ms): 39.342
2020/03/08 15:49:19 843999	INFO [input.cpp->run:257]	FPS: 25.4181
2020/03/08 15:49:19 883292	INFO [input.cpp->run:173]	
frame_id 12
2020/03/08 15:49:19 916779	INFO [input.cpp->run:235]	rotation: 
[0.9999930280501788, 0.000384423024951583, -0.003714306122580184;
 -0.0003926620494841226, 0.9999974637814055, -0.002217712170567127;
 0.003713444162666849, 0.00221915517584366, 0.9999906427975995]
2020/03/08 15:49:19 916807	INFO [input.cpp->run:256]	frame times (ms): 45.67
2020/03/08 15:49:19 916809	INFO [input.cpp->run:257]	FPS: 21.8962
2020/03/08 15:49:19 950029	INFO [input.cpp->run:173]	
frame_id 13
2020/03/08 15:49:19 981113	INFO [input.cpp->run:235]	rotation: 
[0.9999018740040673, 0.01375899966596157, 0.002632924485532151;
 -0.01373181617683444, 0.9998549241810879, -0.01007808589547463;
 -0.002771206892325647, 0.01004094213821623, 0.9999457484750545]
2020/03/08 15:49:19 981144	INFO [input.cpp->run:256]	frame times (ms): 43.418
2020/03/08 15:49:19 981147	INFO [input.cpp->run:257]	FPS: 23.0319
2020/03/08 15:49:20 016657	INFO [input.cpp->run:173]	
frame_id 14
2020/03/08 15:49:20 050800	INFO [input.cpp->run:235]	rotation: 
[0.9999593608879578, 0.002890766209614156, 0.008539323349561962;
 -0.002864498298507787, 0.9999911332965672, -0.003086742254390043;
 -0.008548170684121085, 0.003062155934720493, 0.9999587751397487]
2020/03/08 15:49:20 050829	INFO [input.cpp->run:256]	frame times (ms): 46.71
2020/03/08 15:49:20 050831	INFO [input.cpp->run:257]	FPS: 21.4087
2020/03/08 15:49:20 083128	INFO [input.cpp->run:173]	
frame_id 15
2020/03/08 15:49:20 112861	INFO [input.cpp->run:235]	rotation: 
[0.9999644714535024, -0.00331633428974578, -0.007749694032420273;
 0.003310473755761982, 0.9999942247358901, -0.0007689332731368675;
 0.007752199315670694, 0.0007432507953458067, 0.9999696750322108]
2020/03/08 15:49:20 112888	INFO [input.cpp->run:256]	frame times (ms): 42.164
2020/03/08 15:49:20 112890	INFO [input.cpp->run:257]	FPS: 23.7169
2020/03/08 15:49:20 150027	INFO [input.cpp->run:173]	
frame_id 16
2020/03/08 15:49:20 171844	INFO [input.cpp->run:235]	rotation: 
[0.999995560082855, -0.002805076898959459, 0.001005663049058612;
 0.002805821050205604, 0.9999957903818053, -0.0007393151579004507;
 -0.001003584979730666, 0.000742133585954868, 0.9999992210271611]
2020/03/08 15:49:20 171871	INFO [input.cpp->run:256]	frame times (ms): 34.623
2020/03/08 15:49:20 171873	INFO [input.cpp->run:257]	FPS: 28.8825
2020/03/08 15:49:20 216910	INFO [input.cpp->run:173]	
frame_id 17
2020/03/08 15:49:20 244511	INFO [input.cpp->run:235]	rotation: 
[0.9999939124310369, 0.00348273297976745, -0.0002137097553637177;
 -0.003483496889744816, 0.9999871436405029, -0.00368480706787116;
 0.0002008738087349196, 0.003685529093622136, 0.9999931882393065]
2020/03/08 15:49:20 244538	INFO [input.cpp->run:256]	frame times (ms): 41.999
2020/03/08 15:49:20 244540	INFO [input.cpp->run:257]	FPS: 23.8101
2020/03/08 15:49:20 283342	INFO [input.cpp->run:173]	
frame_id 18
2020/03/08 15:49:20 318457	INFO [input.cpp->run:235]	rotation: 
[0.9998589775456791, 0.01679281089209188, 0.0001628608351430305;
 -0.01678939642639961, 0.9997786472565859, -0.01267961582336811;
 -0.0003757511761565735, 0.0126750933777013, 0.9999195971771532]
2020/03/08 15:49:20 318486	INFO [input.cpp->run:256]	frame times (ms): 48.093
2020/03/08 15:49:20 318488	INFO [input.cpp->run:257]	FPS: 20.793
2020/03/08 15:49:20 350098	INFO [input.cpp->run:173]	
frame_id 19
2020/03/08 15:49:20 374788	INFO [input.cpp->run:235]	rotation: 
[0.999765389295361, 0.02162633467103515, -0.001211617015311015;
 -0.02164225773505633, 0.9996503400570503, -0.01519244233008633;
 0.0008826365190737161, 0.01521510014820762, 0.999883854095192]
2020/03/08 15:49:20 374816	INFO [input.cpp->run:256]	frame times (ms): 36.989
2020/03/08 15:49:20 374819	INFO [input.cpp->run:257]	FPS: 27.0351
2020/03/08 15:49:20 416885	INFO [input.cpp->run:173]	
frame_id 20
2020/03/08 15:49:20 453450	INFO [input.cpp->run:235]	rotation: 
[0.999988372717166, -0.0005817791014985739, 0.004787062100217303;
 0.0005887761020570056, 0.9999987603321365, -0.001460368751996243;
 -0.004786206553829863, 0.001463170279639393, 0.9999874756013482]
2020/03/08 15:49:20 453484	INFO [input.cpp->run:256]	frame times (ms): 52.293
2020/03/08 15:49:20 453488	INFO [input.cpp->run:257]	FPS: 19.123
2020/03/08 15:49:20 483208	INFO [input.cpp->run:173]	
frame_id 21
2020/03/08 15:49:20 516163	INFO [input.cpp->run:235]	rotation: 
[0.9998844583149531, 0.01356452737575791, 0.006861021591943658;
 -0.01349636205924602, 0.9998600502677185, -0.009885751858164283;
 -0.006994156945518707, 0.009792010810235457, 0.9999275965253253]
2020/03/08 15:49:20 516199	INFO [input.cpp->run:256]	frame times (ms): 45.455
2020/03/08 15:49:20 516202	INFO [input.cpp->run:257]	FPS: 21.9998
2020/03/08 15:49:20 550160	INFO [input.cpp->run:173]	
frame_id 22
2020/03/08 15:49:20 582984	INFO [input.cpp->run:235]	rotation: 
[0.9999865585345024, 0.002845238622473028, 0.004334439698906963;
 -0.002830707588456204, 0.9999903657778311, -0.003354913719958348;
 -0.004343943470043017, 0.003342599093653933, 0.999984978480391]
2020/03/08 15:49:20 583014	INFO [input.cpp->run:256]	frame times (ms): 45.799
2020/03/08 15:49:20 583015	INFO [input.cpp->run:257]	FPS: 21.8345
2020/03/08 15:49:20 616562	INFO [input.cpp->run:173]	
frame_id 23
2020/03/08 15:49:20 650850	INFO [input.cpp->run:235]	rotation: 
[0.999010257200556, 0.04445476456073708, -0.001509939047888484;
 -0.0444739213948145, 0.9977096925394993, -0.05096508342488767;
 -0.0007591599612495029, 0.05098179401107158, 0.998699294260072]
2020/03/08 15:49:20 650879	INFO [input.cpp->run:256]	frame times (ms): 46.318
2020/03/08 15:49:20 650881	INFO [input.cpp->run:257]	FPS: 21.5899
2020/03/08 15:49:20 683149	INFO [input.cpp->run:173]	
frame_id 24
2020/03/08 15:49:20 712682	INFO [input.cpp->run:235]	rotation: 
[0.9999844161890103, -0.005223547794230781, -0.001970260786179982;
 0.005236070795555961, 0.9999657770761866, 0.006405328956599248;
 0.001936734816152638, -0.006415545562125608, 0.999977544664575]
2020/03/08 15:49:20 712714	INFO [input.cpp->run:256]	frame times (ms): 41.69
2020/03/08 15:49:20 712717	INFO [input.cpp->run:257]	FPS: 23.9866
2020/03/08 15:49:20 750009	INFO [input.cpp->run:173]	
frame_id 25
2020/03/08 15:49:20 786581	INFO [input.cpp->run:235]	rotation: 
[0.9999998966260222, 0.0004538435530082762, 2.782039253060269e-05;
 -0.0004537798756373532, 0.9999973710222885, -0.002247672648745225;
 -2.884041113231686e-05, 0.002247659792060099, 0.9999974735936535]
2020/03/08 15:49:20 786611	INFO [input.cpp->run:256]	frame times (ms): 51.526
2020/03/08 15:49:20 786613	INFO [input.cpp->run:257]	FPS: 19.4077
2020/03/08 15:49:20 816461	INFO [input.cpp->run:173]	
frame_id 26
2020/03/08 15:49:20 847523	INFO [input.cpp->run:235]	rotation: 
[0.9999548789028199, 0.009461615175557174, -0.0008473468691358123;
 -0.009467122601222696, 0.9999324011777996, -0.00675030847099225;
 0.0007834207684166311, 0.006758025826363605, 0.999976857401625]
2020/03/08 15:49:20 847553	INFO [input.cpp->run:256]	frame times (ms): 44.216
2020/03/08 15:49:20 847556	INFO [input.cpp->run:257]	FPS: 22.6162
2020/03/08 15:49:20 883228	INFO [input.cpp->run:173]	
frame_id 27
2020/03/08 15:49:20 923766	INFO [input.cpp->run:235]	rotation: 
[0.9998045411082261, 0.01975691153291173, -0.0007375812159332088;
 -0.0197680713662101, 0.9995823791849271, -0.02107820147595745;
 0.0003208330248312475, 0.02108866211217131, 0.9997775579580134]
2020/03/08 15:49:20 923795	INFO [input.cpp->run:256]	frame times (ms): 56.479
2020/03/08 15:49:20 923797	INFO [input.cpp->run:257]	FPS: 17.7057
2020/03/08 15:49:20 949799	INFO [input.cpp->run:173]	
frame_id 28
2020/03/08 15:49:20 977884	INFO [input.cpp->run:235]	rotation: 
[0.9999864113256742, 0.003639420391156185, -0.003732530403885862;
 -0.003636794105671282, 0.9999931346723635, 0.000710166722136544;
 0.003735089374091391, -0.000696582627340149, 0.999992781913955]
2020/03/08 15:49:20 977912	INFO [input.cpp->run:256]	frame times (ms): 41.799
2020/03/08 15:49:20 977914	INFO [input.cpp->run:257]	FPS: 23.924
2020/03/08 15:49:21 016721	INFO [input.cpp->run:173]	
frame_id 29
2020/03/08 15:49:21 059807	INFO [input.cpp->run:235]	rotation: 
[0.9998476585555509, -0.01590074571982959, -0.007199025387914313;
 0.01605243637810354, 0.9996393706201412, 0.02152784226286959;
 0.006854120462134591, -0.02164012457730724, 0.9997423298235246]
2020/03/08 15:49:21 059836	INFO [input.cpp->run:256]	frame times (ms): 58.539
2020/03/08 15:49:21 059838	INFO [input.cpp->run:257]	FPS: 17.0826
2020/03/08 15:49:21 083253	INFO [input.cpp->run:173]	
frame_id 30
2020/03/08 15:49:21 117367	INFO [input.cpp->run:235]	rotation: 
[0.9998792955287812, 0.01499799307412211, -0.004056424116992748;
 -0.01503704043791941, 0.999839172648152, -0.00977324168979637;
 0.003909192721868753, 0.00983305862930668, 0.9999440130178568]
2020/03/08 15:49:21 117394	INFO [input.cpp->run:256]	frame times (ms): 47.085
2020/03/08 15:49:21 117396	INFO [input.cpp->run:257]	FPS: 21.2382
2020/03/08 15:49:21 150019	INFO [input.cpp->run:173]	
frame_id 31
2020/03/08 15:49:21 176663	INFO [input.cpp->run:235]	rotation: 
[0.9999977603847882, -0.0008205042182776221, 0.001950896777305842;
 0.0008234572205019522, 0.9999985158546678, -0.001513342878445588;
 -0.001949652177676032, 0.001514945969177583, 0.9999969518929028]
2020/03/08 15:49:21 176690	INFO [input.cpp->run:256]	frame times (ms): 39.189
2020/03/08 15:49:21 176692	INFO [input.cpp->run:257]	FPS: 25.5174
2020/03/08 15:49:21 216593	INFO [input.cpp->run:173]	
frame_id 32
2020/03/08 15:49:21 250795	INFO [input.cpp->run:235]	rotation: 
[0.9999501119589499, 0.009988307715908855, -8.545323860963938e-05;
 -0.009988660247981503, 0.9999260206013533, -0.006941180792366399;
 1.6116267164523e-05, 0.006941688073821654, 0.999975906063217]
2020/03/08 15:49:21 250824	INFO [input.cpp->run:256]	frame times (ms): 47.462
2020/03/08 15:49:21 250827	INFO [input.cpp->run:257]	FPS: 21.0695
2020/03/08 15:49:21 283188	INFO [input.cpp->run:173]	
frame_id 33
2020/03/08 15:49:21 316215	INFO [input.cpp->run:235]	rotation: 
[0.9999913559843865, -0.003964212699949571, -0.0012541826731499;
 0.003963987229104809, 0.9999921267714118, -0.0001822098681445279;
 0.001254895117356377, 0.000177236729020252, 0.9999991969123707]
2020/03/08 15:49:21 316247	INFO [input.cpp->run:256]	frame times (ms): 45.873
2020/03/08 15:49:21 316249	INFO [input.cpp->run:257]	FPS: 21.7993
2020/03/08 15:49:21 350225	INFO [input.cpp->run:173]	
frame_id 34
2020/03/08 15:49:21 383831	INFO [input.cpp->run:235]	rotation: 
[0.9998621178901436, 0.01659425374338014, -0.0006131483808321075;
 -0.01660067689298297, 0.9997824073366369, -0.0126315282865454;
 0.0004034041786892675, 0.01263996530293219, 0.9999200310735901]
2020/03/08 15:49:21 383861	INFO [input.cpp->run:256]	frame times (ms): 46.347
2020/03/08 15:49:21 383863	INFO [input.cpp->run:257]	FPS: 21.5764
2020/03/08 15:49:21 416607	INFO [input.cpp->run:173]	
frame_id 35
2020/03/08 15:49:21 446301	INFO [input.cpp->run:235]	rotation: 
[0.9998693960158755, 0.01586740236341178, -0.003068623972687948;
 -0.01590330416523024, 0.9998008932898736, -0.01205233145075766;
 0.002876773796517758, 0.01209955862865858, 0.9999226594359762]
2020/03/08 15:49:21 446331	INFO [input.cpp->run:256]	frame times (ms): 42.264
2020/03/08 15:49:21 446333	INFO [input.cpp->run:257]	FPS: 23.6608
2020/03/08 15:49:21 483219	INFO [input.cpp->run:173]	
frame_id 36
2020/03/08 15:49:21 513805	INFO [input.cpp->run:235]	rotation: 
[0.9999115856581405, 0.01320788783756083, -0.001540313439992353;
 -0.01322028088079358, 0.9998778757010645, -0.008334138045385998;
 0.001430048969767147, 0.008353764564376909, 0.9999640841437991]
2020/03/08 15:49:21 513834	INFO [input.cpp->run:256]	frame times (ms): 42.691
2020/03/08 15:49:21 513836	INFO [input.cpp->run:257]	FPS: 23.4241
2020/03/08 15:49:21 549888	INFO [input.cpp->run:173]	
frame_id 37
2020/03/08 15:49:21 583100	INFO [input.cpp->run:235]	rotation: 
[0.9999940282510134, -0.003437900310134841, 0.0003525673966345084;
 0.003437877697010162, 0.9999940883863697, 6.472444479164457e-05;
 -0.0003527878285811033, -6.351197468392426e-05, 0.9999999357534864]
2020/03/08 15:49:21 583131	INFO [input.cpp->run:256]	frame times (ms): 45.952
2020/03/08 15:49:21 583134	INFO [input.cpp->run:257]	FPS: 21.7618
2020/03/08 15:49:21 616486	INFO [input.cpp->run:173]	
frame_id 38
2020/03/08 15:49:21 640192	INFO [input.cpp->run:235]	rotation: 
[0.999961036047856, 0.008815606099859801, 0.0004598643176078046;
 -0.008812643103114613, 0.9999426231412569, -0.006089971011369834;
 -0.0005135247176336135, 0.006085681101923855, 0.9999813502150378]
2020/03/08 15:49:21 640221	INFO [input.cpp->run:256]	frame times (ms): 36.698
2020/03/08 15:49:21 640223	INFO [input.cpp->run:257]	FPS: 27.2494
2020/03/08 15:49:21 683853	INFO [input.cpp->run:173]	
frame_id 39
2020/03/08 15:49:21 726288	INFO [input.cpp->run:235]	rotation: 
[0.9998429128373861, 0.01633580853809061, -0.006876845807344218;
 -0.01642319275818249, 0.9997825756312679, -0.01284835412554821;
 0.006665462360461147, 0.01295927557831668, 0.9998938087557131]
2020/03/08 15:49:21 726318	INFO [input.cpp->run:256]	frame times (ms): 59.122
2020/03/08 15:49:21 726321	INFO [input.cpp->run:257]	FPS: 16.9142
2020/03/08 15:49:21 749892	INFO [input.cpp->run:173]	
frame_id 40
2020/03/08 15:49:21 779516	INFO [input.cpp->run:235]	rotation: 
[0.9999063913363501, 0.01162829832938677, -0.007210495314520983;
 -0.01168547692606731, 0.9999002048064979, -0.007939147116284167;
 0.007117456970596781, 0.008022662019955443, 0.9999424876963601]
2020/03/08 15:49:21 779545	INFO [input.cpp->run:256]	frame times (ms): 41.968
2020/03/08 15:49:21 779547	INFO [input.cpp->run:257]	FPS: 23.8277
2020/03/08 15:49:21 816510	INFO [input.cpp->run:173]	
frame_id 41
2020/03/08 15:49:21 851300	INFO [input.cpp->run:235]	rotation: 
[0.9998930106800965, 0.007358061773589595, 0.01264223556292543;
 -0.007336976440710506, 0.9999716160813317, -0.001713420088074904;
 -0.01265448417759159, 0.001620480985941876, 0.9999186157240865]
2020/03/08 15:49:21 851331	INFO [input.cpp->run:256]	frame times (ms): 47.119
2020/03/08 15:49:21 851334	INFO [input.cpp->run:257]	FPS: 21.2229
2020/03/08 15:49:21 883557	INFO [input.cpp->run:173]	
frame_id 42
2020/03/08 15:49:21 904825	INFO [input.cpp->run:235]	rotation: 
[0.9999410886375792, 0.01077804725776014, -0.001285671654193705;
 -0.01078703614437571, 0.9999158782394865, -0.007202520098997573;
 0.001207934399228749, 0.007215964375329264, 0.9999732350181284]
2020/03/08 15:49:21 904854	INFO [input.cpp->run:256]	frame times (ms): 33.118
2020/03/08 15:49:21 904857	INFO [input.cpp->run:257]	FPS: 30.1951
2020/03/08 15:49:21 950308	INFO [input.cpp->run:173]	
frame_id 43
2020/03/08 15:49:21 991965	INFO [input.cpp->run:235]	rotation: 
[0.9999668771142282, 0.007759023327742519, 0.002458095079049876;
 -0.007750921701331884, 0.9999645540127006, -0.003288454190131635;
 -0.002483523142216367, 0.003269292764546984, 0.9999915718832944]
2020/03/08 15:49:21 991995	INFO [input.cpp->run:256]	frame times (ms): 58.844
2020/03/08 15:49:21 991996	INFO [input.cpp->run:257]	FPS: 16.9941
2020/03/08 15:49:22 016488	INFO [input.cpp->run:173]	
frame_id 44
2020/03/08 15:49:22 036906	INFO [input.cpp->run:235]	rotation: 
[0.9999521356974305, 0.009393259757860668, 0.002737331779114729;
 -0.009383450283691266, 0.9999495850425612, -0.003574665576412171;
 -0.002770771538956312, 0.003548808860878145, 0.9999898643390082]
2020/03/08 15:49:22 036932	INFO [input.cpp->run:256]	frame times (ms): 32.736
2020/03/08 15:49:22 036935	INFO [input.cpp->run:257]	FPS: 30.5474
2020/03/08 15:49:22 083735	INFO [input.cpp->run:173]	
frame_id 45
2020/03/08 15:49:22 133607	INFO [input.cpp->run:235]	rotation: 
[0.9991480582494683, -0.0247299490276839, 0.03303917852195028;
 0.02359248788820847, 0.999130157688686, 0.03438491692917347;
 -0.03386077688952044, -0.03357614656373747, 0.9988623980160474]
2020/03/08 15:49:22 133644	INFO [input.cpp->run:256]	frame times (ms): 70.213
2020/03/08 15:49:22 133647	INFO [input.cpp->run:257]	FPS: 14.2424
2020/03/08 15:49:22 150129	INFO [input.cpp->run:173]	
frame_id 46
2020/03/08 15:49:22 184699	INFO [input.cpp->run:235]	rotation: 
[0.9999410149158466, 0.01027094359467425, -0.00353191261806674;
 -0.01030061948130864, 0.9999109108620658, -0.00848926247062109;
 0.003444405227020204, 0.0085251426186798, 0.9999577281145254]
2020/03/08 15:49:22 184728	INFO [input.cpp->run:256]	frame times (ms): 47.006
2020/03/08 15:49:22 184732	INFO [input.cpp->run:257]	FPS: 21.2739
2020/03/08 15:49:22 216728	INFO [input.cpp->run:173]	
frame_id 47
2020/03/08 15:49:22 249739	INFO [input.cpp->run:235]	rotation: 
[0.9999625357532085, 0.008157895441768405, 0.002894102965417308;
 -0.008136695631538779, 0.9999405208654962, -0.007262844858580868;
 -0.002953180355643848, 0.007239024326612743, 0.9999694371592492]
2020/03/08 15:49:22 249768	INFO [input.cpp->run:256]	frame times (ms): 45.796
2020/03/08 15:49:22 249770	INFO [input.cpp->run:257]	FPS: 21.836
2020/03/08 15:49:22 283134	INFO [input.cpp->run:173]	
frame_id 48
2020/03/08 15:49:22 317253	INFO [input.cpp->run:235]	rotation: 
[0.9999195807351985, 0.01246462624920092, 0.002337767056982954;
 -0.01244612624772729, 0.9998923716358868, -0.007767823748465455;
 -0.002434338466733222, 0.007738102921861507, 0.9999670973384075]
2020/03/08 15:49:22 317282	INFO [input.cpp->run:256]	frame times (ms): 46.268
2020/03/08 15:49:22 317285	INFO [input.cpp->run:257]	FPS: 21.6132
2020/03/08 15:49:22 349842	INFO [input.cpp->run:173]	
frame_id 49
2020/03/08 15:49:22 383768	INFO [input.cpp->run:235]	rotation: 
[0.9996296487507812, 0.0270088289963674, -0.003329939133789844;
 -0.02709109618817197, 0.9992461450619633, -0.02780672735380929;
 0.002576401698682828, 0.02788664079897138, 0.999607771788133]
2020/03/08 15:49:22 383796	INFO [input.cpp->run:256]	frame times (ms): 46.965
2020/03/08 15:49:22 383798	INFO [input.cpp->run:257]	FPS: 21.2925
2020/03/08 15:49:22 416522	INFO [input.cpp->run:173]	
frame_id 50
2020/03/08 15:49:22 450656	INFO [input.cpp->run:235]	rotation: 
[0.9998877784198987, 0.01400141373225429, -0.005328318685833129;
 -0.01405876790726832, 0.9998419402334759, -0.01088327134127712;
 0.005175095308216074, 0.01095695959911062, 0.9999265790171268]
2020/03/08 15:49:22 450686	INFO [input.cpp->run:256]	frame times (ms): 46.235
2020/03/08 15:49:22 450688	INFO [input.cpp->run:257]	FPS: 21.6286
2020/03/08 15:49:22 483181	INFO [input.cpp->run:173]	
frame_id 51
2020/03/08 15:49:22 510078	INFO [input.cpp->run:235]	rotation: 
[0.9999989856295061, -0.001279602862870831, 0.000625584904153784;
 0.001280430899252747, 0.999998302413682, -0.001325015647598167;
 -0.0006238883483533947, 0.001325815321782775, 0.9999989264879544]
2020/03/08 15:49:22 510106	INFO [input.cpp->run:256]	frame times (ms): 39.363
2020/03/08 15:49:22 510108	INFO [input.cpp->run:257]	FPS: 25.4046
2020/03/08 15:49:22 550015	INFO [input.cpp->run:173]	
frame_id 52
2020/03/08 15:49:22 587085	INFO [input.cpp->run:235]	rotation: 
[0.9999340302555864, 0.01148497643142157, 0.0001745084233975755;
 -0.01148292664836228, 0.9998931003531185, -0.009051533672074676;
 -0.0002784464194007328, 0.009048932677286381, 0.9999590188027675]
2020/03/08 15:49:22 587121	INFO [input.cpp->run:256]	frame times (ms): 51.191
2020/03/08 15:49:22 587123	INFO [input.cpp->run:257]	FPS: 19.5347
2020/03/08 15:49:22 616534	INFO [input.cpp->run:173]	
frame_id 53
2020/03/08 15:49:22 650574	INFO [input.cpp->run:235]	rotation: 
[0.9998641915560964, 0.009632596428421828, 0.01337204284770764;
 -0.009571358149142466, 0.9999434464954504, -0.004636045079703677;
 -0.01341594376309837, 0.004507426854354446, 0.9998998427623129]
2020/03/08 15:49:22 650613	INFO [input.cpp->run:256]	frame times (ms): 47.063
2020/03/08 15:49:22 650617	INFO [input.cpp->run:257]	FPS: 21.2481
2020/03/08 15:49:22 683197	INFO [input.cpp->run:173]	
frame_id 54
2020/03/08 15:49:22 717670	INFO [input.cpp->run:235]	rotation: 
[0.9999932750841212, 0.003408541332278203, 0.001353378187856751;
 -0.003403373620313748, 0.9999869789473114, -0.003802497051934159;
 -0.001366321533815443, 0.003797865428838496, 0.999991854658652]
2020/03/08 15:49:22 717698	INFO [input.cpp->run:256]	frame times (ms): 47.059
2020/03/08 15:49:22 717701	INFO [input.cpp->run:257]	FPS: 21.2499
2020/03/08 15:49:22 749874	INFO [input.cpp->run:173]	
frame_id 55
2020/03/08 15:49:22 784568	INFO [input.cpp->run:235]	rotation: 
[0.9998730387341583, -0.01576141897462651, -0.002341812209922686;
 0.01581439900672518, 0.9995709554577191, 0.02465379868090667;
 0.001952228617849108, -0.02468770295610488, 0.9996933060324925]
2020/03/08 15:49:22 784606	INFO [input.cpp->run:256]	frame times (ms): 47.031
2020/03/08 15:49:22 784609	INFO [input.cpp->run:257]	FPS: 21.2626
2020/03/08 15:49:22 816558	INFO [input.cpp->run:173]	
frame_id 56
2020/03/08 15:49:22 846279	INFO [input.cpp->run:235]	rotation: 
[0.9999908933344021, 0.001213866056215267, 0.004091427313565285;
 -0.001210201915175036, 0.9999988645728191, -0.0008979222668048775;
 -0.004092512625408298, 0.0008929626365563846, 0.9999912269405871]
2020/03/08 15:49:22 846305	INFO [input.cpp->run:256]	frame times (ms): 41.978
2020/03/08 15:49:22 846307	INFO [input.cpp->run:257]	FPS: 23.822
2020/03/08 15:49:22 883152	INFO [input.cpp->run:173]	
frame_id 57
2020/03/08 15:49:22 917101	INFO [input.cpp->run:235]	rotation: 
[0.9998391731733529, 0.0170777657530747, -0.005475189942747758;
 -0.01716777551030943, 0.9997108464485172, -0.01683719030055094;
 0.005186065180238018, 0.01692847926047865, 0.9998432533741846]
2020/03/08 15:49:22 917130	INFO [input.cpp->run:256]	frame times (ms): 46.076
2020/03/08 15:49:22 917132	INFO [input.cpp->run:257]	FPS: 21.7033
2020/03/08 15:49:22 950291	INFO [input.cpp->run:173]	
frame_id 58
2020/03/08 15:49:22 983697	INFO [input.cpp->run:235]	rotation: 
[0.9999840894140331, 0.005637678063013839, -0.000193661676814223;
 -0.005637876763983146, 0.9999835649124531, -0.001041273535505312;
 0.000187788128998895, 0.001042348808900995, 0.9999994391221323]
2020/03/08 15:49:22 983726	INFO [input.cpp->run:256]	frame times (ms): 45.943
2020/03/08 15:49:22 983728	INFO [input.cpp->run:257]	FPS: 21.7661
2020/03/08 15:49:23 016613	INFO [input.cpp->run:173]	
frame_id 59
2020/03/08 15:49:23 041704	INFO [input.cpp->run:235]	rotation: 
[0.9999495825568019, 0.01001500670050793, -0.0007293732009901866;
 -0.01001842416998302, 0.9999380857970057, -0.004843113644174533;
 0.0006808242268320324, 0.004850176636873213, 0.9999880060605544]
2020/03/08 15:49:23 041733	INFO [input.cpp->run:256]	frame times (ms): 38.289
2020/03/08 15:49:23 041735	INFO [input.cpp->run:257]	FPS: 26.1172
2020/03/08 15:49:23 083329	INFO [input.cpp->run:173]	
frame_id 60
2020/03/08 15:49:23 122427	INFO [input.cpp->run:235]	rotation: 
[0.9999913624656802, 0.003142422860108073, 0.002720325826242884;
 -0.003132414150678716, 0.9999883385121535, -0.003675706910413194;
 -0.002731844728618662, 0.003667153974256025, 0.9999895444483946]
2020/03/08 15:49:23 122457	INFO [input.cpp->run:256]	frame times (ms): 54.948
2020/03/08 15:49:23 122458	INFO [input.cpp->run:257]	FPS: 18.199
2020/03/08 15:49:23 149879	INFO [input.cpp->run:173]	
frame_id 61
2020/03/08 15:49:23 179375	INFO [input.cpp->run:235]	rotation: 
[0.99996160587338, 0.008336867151444568, -0.002698782175400561;
 -0.008352915915256635, 0.9999471666927324, -0.005991044891287557;
 0.002648693044455635, 0.006013357570936129, 0.9999784117449138]
2020/03/08 15:49:23 179407	INFO [input.cpp->run:256]	frame times (ms): 41.317
2020/03/08 15:49:23 179410	INFO [input.cpp->run:257]	FPS: 24.2031
2020/03/08 15:49:23 216566	INFO [input.cpp->run:173]	
frame_id 62
2020/03/08 15:49:23 242440	INFO [input.cpp->run:235]	rotation: 
[0.9999904709759937, 0.001302264110461944, 0.004166781179382011;
 -0.001291158241827212, 0.9999956102250416, -0.002666916016905258;
 -0.004170235917164764, 0.002661510629936861, 0.9999877626719048]
2020/03/08 15:49:23 242471	INFO [input.cpp->run:256]	frame times (ms): 39.015
2020/03/08 15:49:23 242472	INFO [input.cpp->run:257]	FPS: 25.6312
2020/03/08 15:49:23 283523	INFO [input.cpp->run:173]	
frame_id 63
2020/03/08 15:49:23 323590	INFO [input.cpp->run:235]	rotation: 
[0.9998572512024025, 0.0001015401271111532, 0.01689576596601185;
 -0.0001706735753279003, 0.9999916198364305, 0.004090370086268098;
 -0.01689520904003093, -0.004092669851641877, 0.9998488895653078]
2020/03/08 15:49:23 323619	INFO [input.cpp->run:256]	frame times (ms): 54.958
2020/03/08 15:49:23 323621	INFO [input.cpp->run:257]	FPS: 18.1957
2020/03/08 15:49:23 349877	INFO [input.cpp->run:173]	
frame_id 64
2020/03/08 15:49:23 377472	INFO [input.cpp->run:235]	rotation: 
[0.9996200398846614, 0.01861582445536597, 0.02032798418030774;
 -0.01813703751515141, 0.9995595658989429, -0.02348876518872089;
 -0.02075629377229552, 0.02311115098310498, 0.9995174090375186]
2020/03/08 15:49:23 377502	INFO [input.cpp->run:256]	frame times (ms): 39.957
2020/03/08 15:49:23 377504	INFO [input.cpp->run:257]	FPS: 25.0269
2020/03/08 15:49:23 416671	INFO [input.cpp->run:173]	
frame_id 65
2020/03/08 15:49:23 432533	INFO [input.cpp->run:235]	rotation: 
[0.9997950140841987, -0.01965009284278619, -0.004878899839806323;
 0.01969410204733693, 0.999764252006353, 0.009142360457051009;
 0.004698101417174615, -0.009236571953244016, 0.9999463053492554]
2020/03/08 15:49:23 432558	INFO [input.cpp->run:256]	frame times (ms): 28.657
2020/03/08 15:49:23 432560	INFO [input.cpp->run:257]	FPS: 34.8955
2020/03/08 15:49:23 484909	INFO [input.cpp->run:173]	
frame_id 66
2020/03/08 15:49:23 526583	INFO [input.cpp->run:235]	rotation: 
[0.9984589898167884, -0.05116332335405707, -0.02149325469552665;
 0.05108527961297356, 0.9986856099308148, -0.004164939853193582;
 0.02167809633945952, 0.003060532712553511, 0.9997603179155554]
2020/03/08 15:49:23 526618	INFO [input.cpp->run:256]	frame times (ms): 61.342
2020/03/08 15:49:23 526622	INFO [input.cpp->run:257]	FPS: 16.302
2020/03/08 15:49:23 549891	INFO [input.cpp->run:173]	
frame_id 67
2020/03/08 15:49:23 571515	INFO [input.cpp->run:235]	rotation: 
[0.9988240932410031, -0.04804612949739544, -0.00648075625275424;
 0.0480229139641451, 0.9988394124846093, -0.003691585268279987;
 0.00665060115180746, 0.003376019508262991, 0.9999721856114796]
2020/03/08 15:49:23 571540	INFO [input.cpp->run:256]	frame times (ms): 30.484
2020/03/08 15:49:23 571543	INFO [input.cpp->run:257]	FPS: 32.8041
2020/03/08 15:49:23 616975	INFO [input.cpp->run:173]	
frame_id 68
2020/03/08 15:49:23 648695	INFO [input.cpp->run:235]	rotation: 
[0.9997823834165943, -0.0021833166836027, -0.02074654038853636;
 0.001807163209164915, 0.9998339616286214, -0.01813238360370362;
 0.02078268440239396, 0.01809094531182717, 0.9996203267875033]
2020/03/08 15:49:23 648730	INFO [input.cpp->run:256]	frame times (ms): 45.481
2020/03/08 15:49:23 648732	INFO [input.cpp->run:257]	FPS: 21.9872
2020/03/08 15:49:23 683244	INFO [input.cpp->run:173]	
frame_id 69
2020/03/08 15:49:23 712809	INFO [input.cpp->run:235]	rotation: 
[0.9999636336096256, -0.006960933546868563, -0.004927155608528318;
 0.006965999050522503, 0.9999752253889016, 0.001011664788097518;
 0.004919991408802642, -0.001045950558791691, 0.9999873497559686]
2020/03/08 15:49:23 712835	INFO [input.cpp->run:256]	frame times (ms): 42.156
2020/03/08 15:49:23 712837	INFO [input.cpp->run:257]	FPS: 23.7214
2020/03/08 15:49:23 750495	INFO [input.cpp->run:173]	
frame_id 70
2020/03/08 15:49:23 785998	INFO [input.cpp->run:235]	rotation: 
[0.9999992519777791, -0.0006390385915508463, -0.001042915893507022;
 0.0006317490438285248, 0.9999754747707335, -0.00697500897432381;
 0.001047347615666635, 0.006974344895743589, 0.9999751304788771]
2020/03/08 15:49:23 786028	INFO [input.cpp->run:256]	frame times (ms): 48.925
2020/03/08 15:49:23 786030	INFO [input.cpp->run:257]	FPS: 20.4394
2020/03/08 15:49:23 816560	INFO [input.cpp->run:173]	
frame_id 71
2020/03/08 15:49:23 836120	INFO [input.cpp->run:235]	rotation: 
[0.9999047418665415, -0.01282309663989017, -0.005106406306681468;
 0.01286475530932173, 0.9998835353172388, 0.008210595126501871;
 0.005000526335912765, -0.008275505668180973, 0.9999532542785686]
2020/03/08 15:49:23 836145	INFO [input.cpp->run:256]	frame times (ms): 32.368
2020/03/08 15:49:23 836148	INFO [input.cpp->run:257]	FPS: 30.8947
2020/03/08 15:49:23 883792	INFO [input.cpp->run:173]	
frame_id 72
2020/03/08 15:49:23 928187	INFO [input.cpp->run:235]	rotation: 
[0.9999972487138016, -0.001233678023846005, 0.001995144947309431;
 0.001245750376692507, 0.9999808561024852, -0.00606098461800749;
 -0.001987629448932928, 0.006063453395073829, 0.99997964172382]
2020/03/08 15:49:23 928215	INFO [input.cpp->run:256]	frame times (ms): 63.001
2020/03/08 15:49:23 928217	INFO [input.cpp->run:257]	FPS: 15.8728
2020/03/08 15:49:23 949866	INFO [input.cpp->run:173]	
frame_id 73
2020/03/08 15:49:23 983436	INFO [input.cpp->run:235]	rotation: 
[0.9999962384936433, -0.002461385181376368, -0.001210198972671917;
 0.002463379664056124, 0.9999956057051631, 0.001649342594696258;
 0.001206133987279222, -0.001652317570222345, 0.9999979075415367]
2020/03/08 15:49:23 983464	INFO [input.cpp->run:256]	frame times (ms): 46.396
2020/03/08 15:49:23 983468	INFO [input.cpp->run:257]	FPS: 21.5536
2020/03/08 15:49:24 016976	INFO [input.cpp->run:173]	
frame_id 74
2020/03/08 15:49:24 049875	INFO [input.cpp->run:235]	rotation: 
[0.9999776280837952, -0.006687049832531418, -0.0001633904652552435;
 0.006688198446827058, 0.9999414025649833, 0.00851231096177364;
 0.0001064586434016896, -0.008513213312922039, 0.9999637562760192]
2020/03/08 15:49:24 049904	INFO [input.cpp->run:256]	frame times (ms): 45.882
2020/03/08 15:49:24 049906	INFO [input.cpp->run:257]	FPS: 21.795
2020/03/08 15:49:24 083193	INFO [input.cpp->run:173]	
frame_id 75
2020/03/08 15:49:24 114334	INFO [input.cpp->run:235]	rotation: 
[0.9999861124293431, -0.004410873935043074, -0.002884291867750484;
 0.00440202132517598, 0.999985603375696, -0.003068427870750884;
 0.002897784792200736, 0.003055688543432154, 0.9999911327660979]
2020/03/08 15:49:24 114363	INFO [input.cpp->run:256]	frame times (ms): 44.37
2020/03/08 15:49:24 114365	INFO [input.cpp->run:257]	FPS: 22.5378
2020/03/08 15:49:24 149792	INFO [input.cpp->run:173]	
frame_id 76
2020/03/08 15:49:24 182736	INFO [input.cpp->run:235]	rotation: 
[0.9999942448044294, -0.002117395576678705, -0.002650847787146437;
 0.00210700170003024, 0.9999901062911423, -0.003917634958257365;
 0.002659116743361861, 0.003912027070707967, 0.9999888125085916]
2020/03/08 15:49:24 182765	INFO [input.cpp->run:256]	frame times (ms): 46.32
2020/03/08 15:49:24 182767	INFO [input.cpp->run:257]	FPS: 21.5889
2020/03/08 15:49:24 216517	INFO [input.cpp->run:173]	
frame_id 77
2020/03/08 15:49:24 249780	INFO [input.cpp->run:235]	rotation: 
[0.9999682123193504, -0.004474610804540732, -0.006599409745608836;
 0.004455493850372896, 0.9999858441225012, -0.002908630117088357;
 0.006612331312921249, 0.002879134028945415, 0.9999739934927565]
2020/03/08 15:49:24 249809	INFO [input.cpp->run:256]	frame times (ms): 46.011
2020/03/08 15:49:24 249811	INFO [input.cpp->run:257]	FPS: 21.7339
2020/03/08 15:49:24 283170	INFO [input.cpp->run:173]	
frame_id 78
2020/03/08 15:49:24 316766	INFO [input.cpp->run:235]	rotation: 
[0.9999920994413826, -0.003970302621065069, -0.0001942985156958037;
 0.003969508614244285, 0.9999844020364563, -0.003929209227352416;
 0.0002098956347287097, 0.003928406914772805, 0.999992261751527]
2020/03/08 15:49:24 316794	INFO [input.cpp->run:256]	frame times (ms): 46.308
2020/03/08 15:49:24 316796	INFO [input.cpp->run:257]	FPS: 21.5945
2020/03/08 15:49:24 350494	INFO [input.cpp->run:173]	
frame_id 79
2020/03/08 15:49:24 384677	INFO [input.cpp->run:235]	rotation: 
[0.9999252479903379, 0.005896661667425868, -0.01071110697552266;
 -0.00593454571123066, 0.9999762353060719, -0.003508559575779625;
 0.01069016364058537, 0.003571862857864437, 0.9999364790810775]
2020/03/08 15:49:24 384706	INFO [input.cpp->run:256]	frame times (ms): 46.879
2020/03/08 15:49:24 384708	INFO [input.cpp->run:257]	FPS: 21.3315
2020/03/08 15:49:24 416490	INFO [input.cpp->run:173]	
frame_id 80
2020/03/08 15:49:24 441158	INFO [input.cpp->run:235]	rotation: 
[0.999999838843043, -0.0005159207173660573, -0.0002369381808025213;
 0.0005171723738085988, 0.9999857505630716, 0.005313304390510257;
 0.0002341935607541217, -0.005313426072115702, 0.999985856228353]
2020/03/08 15:49:24 441185	INFO [input.cpp->run:256]	frame times (ms): 37.08
2020/03/08 15:49:24 441189	INFO [input.cpp->run:257]	FPS: 26.9687
2020/03/08 15:49:24 483497	INFO [input.cpp->run:173]	
frame_id 81
2020/03/08 15:49:24 524995	INFO [input.cpp->run:235]	rotation: 
[0.9999787142575063, -0.005533259813783144, -0.003457465507817821;
 0.005524381565117703, 0.9999814324685938, -0.002572144315943162;
 0.003471633653997078, 0.002552989207228177, 0.9999907149598342]
2020/03/08 15:49:24 525024	INFO [input.cpp->run:256]	frame times (ms): 58.797
2020/03/08 15:49:24 525026	INFO [input.cpp->run:257]	FPS: 17.0077
2020/03/08 15:49:24 550087	INFO [input.cpp->run:173]	
frame_id 82
2020/03/08 15:49:24 583199	INFO [input.cpp->run:235]	rotation: 
[0.9999633731491584, -0.00294797101241118, -0.00803503746519035;
 0.002914523485176768, 0.9999870530502074, -0.004171244995918251;
 0.008047230145297339, 0.004147673910953389, 0.9999590186043211]
2020/03/08 15:49:24 583232	INFO [input.cpp->run:256]	frame times (ms): 46.083
2020/03/08 15:49:24 583236	INFO [input.cpp->run:257]	FPS: 21.7
2020/03/08 15:49:24 616636	INFO [input.cpp->run:173]	
frame_id 83
2020/03/08 15:49:24 649848	INFO [input.cpp->run:235]	rotation: 
[0.9999177916278998, -0.01254361271051985, -0.002658527064432327;
 0.01259774525297273, 0.9996909699839832, 0.0214303837348748;
 0.00238889106596293, -0.02146211342462032, 0.9997668082542167]
2020/03/08 15:49:24 649878	INFO [input.cpp->run:256]	frame times (ms): 46.107
2020/03/08 15:49:24 649880	INFO [input.cpp->run:257]	FPS: 21.6887
2020/03/08 15:49:24 683188	INFO [input.cpp->run:173]	
frame_id 84
2020/03/08 15:49:24 716268	INFO [input.cpp->run:235]	rotation: 
[0.9999428742921797, -0.01068041801378671, -0.0004205036799814995;
 0.01068615993705259, 0.9997883902478608, 0.01757784717736594;
 0.000232675941665276, -0.01758133659998238, 0.9998454092834873]
2020/03/08 15:49:24 716296	INFO [input.cpp->run:256]	frame times (ms): 46.112
2020/03/08 15:49:24 716298	INFO [input.cpp->run:257]	FPS: 21.6863
2020/03/08 15:49:24 749878	INFO [input.cpp->run:173]	
frame_id 85
2020/03/08 15:49:24 783886	INFO [input.cpp->run:235]	rotation: 
[0.9999822816101395, -0.005488445459736792, 0.0023050883313385;
 0.005469205379617365, 0.9999508317140459, 0.00827175597461436;
 -0.002350374075619198, -0.008259002410914922, 0.9999631316308023]
2020/03/08 15:49:24 783915	INFO [input.cpp->run:256]	frame times (ms): 46.384
2020/03/08 15:49:24 783917	INFO [input.cpp->run:257]	FPS: 21.5592
2020/03/08 15:49:24 816530	INFO [input.cpp->run:173]	
frame_id 86
2020/03/08 15:49:24 849573	INFO [input.cpp->run:235]	rotation: 
[0.999985606294629, -0.004622508238312626, -0.002723898153379958;
 0.004633725900658078, 0.9999807504369091, 0.00412641974520664;
 0.002704771310263648, -0.004138982148160661, 0.9999877764447606]
2020/03/08 15:49:24 849602	INFO [input.cpp->run:256]	frame times (ms): 46.075
2020/03/08 15:49:24 849604	INFO [input.cpp->run:257]	FPS: 21.7037
2020/03/08 15:49:24 883227	INFO [input.cpp->run:173]	
frame_id 87
2020/03/08 15:49:24 915327	INFO [input.cpp->run:235]	rotation: 
[0.9999178634793466, -0.01116022972436594, -0.006302028831900804;
 0.01125358115580107, 0.9998245074285803, 0.01497702428276476;
 0.006133775841072871, -0.01504671451500643, 0.9998679778731967]
2020/03/08 15:49:24 915357	INFO [input.cpp->run:256]	frame times (ms): 44.853
2020/03/08 15:49:24 915359	INFO [input.cpp->run:257]	FPS: 22.2951
2020/03/08 15:49:24 949847	INFO [input.cpp->run:173]	
frame_id 88
2020/03/08 15:49:24 978584	INFO [input.cpp->run:235]	rotation: 
[0.9999766604845887, -0.006607593716201279, -0.001737294267315227;
 0.00660511591432715, 0.9999771661807308, -0.00142813196633578;
 0.001746691114058576, 0.001416623604414829, 0.9999974711206602]
2020/03/08 15:49:24 978614	INFO [input.cpp->run:256]	frame times (ms): 41.704
2020/03/08 15:49:24 978617	INFO [input.cpp->run:257]	FPS: 23.9785
2020/03/08 15:49:25 016571	INFO [input.cpp->run:173]	
frame_id 89
2020/03/08 15:49:25 051373	INFO [input.cpp->run:235]	rotation: 
[0.9999626090743929, -0.006654413231055542, -0.005522611491237196;
 0.006674383067371926, 0.9999712260940745, 0.003605495053840527;
 0.005498460130142903, -0.00364222026566798, 0.9999782503473431]
2020/03/08 15:49:25 051401	INFO [input.cpp->run:256]	frame times (ms): 46.71
2020/03/08 15:49:25 051403	INFO [input.cpp->run:257]	FPS: 21.4087
2020/03/08 15:49:25 083404	INFO [input.cpp->run:173]	
frame_id 90
2020/03/08 15:49:25 116952	INFO [input.cpp->run:235]	rotation: 
[0.9999983909905388, -0.0005018480467905367, -0.001722255750907983;
 0.0004916150024053696, 0.9999822553673823, -0.00593694071495849;
 0.001725204632214123, 0.005936084475599583, 0.999980893102501]
2020/03/08 15:49:25 116980	INFO [input.cpp->run:256]	frame times (ms): 46.648
2020/03/08 15:49:25 116982	INFO [input.cpp->run:257]	FPS: 21.4371
2020/03/08 15:49:25 149811	INFO [input.cpp->run:173]	
frame_id 91
2020/03/08 15:49:25 183237	INFO [input.cpp->run:235]	rotation: 
[0.9999888431479131, 0.002924810709275152, 0.003709320963897557;
 -0.002884558976977883, 0.9999374007200509, -0.0108108260894705;
 -0.003740708382998711, 0.01080000571959799, 0.9999346813553623]
2020/03/08 15:49:25 183266	INFO [input.cpp->run:256]	frame times (ms): 45.926
2020/03/08 15:49:25 183268	INFO [input.cpp->run:257]	FPS: 21.7742
2020/03/08 15:49:25 216596	INFO [input.cpp->run:173]	
frame_id 92
2020/03/08 15:49:25 249616	INFO [input.cpp->run:235]	rotation: 
[0.9999808355145308, 0.005207112317615788, 0.003348818444262142;
 -0.005213944292423507, 0.9999843374085711, 0.00203463079120353;
 -0.003338171442032404, -0.00205205235136512, 0.9999923228168158]
2020/03/08 15:49:25 249644	INFO [input.cpp->run:256]	frame times (ms): 45.94
2020/03/08 15:49:25 249646	INFO [input.cpp->run:257]	FPS: 21.7675
2020/03/08 15:49:25 283193	INFO [input.cpp->run:173]	
frame_id 93
2020/03/08 15:49:25 316427	INFO [input.cpp->run:235]	rotation: 
[0.999996115016998, -0.001909071604209271, 0.002031107215518576;
 0.001919271680458536, 0.999985498142126, -0.005031888478558844;
 -0.002021471525280446, 0.005035767176316357, 0.9999852772425294]
2020/03/08 15:49:25 316458	INFO [input.cpp->run:256]	frame times (ms): 46.087
2020/03/08 15:49:25 316461	INFO [input.cpp->run:257]	FPS: 21.6981
2020/03/08 15:49:25 350212	INFO [input.cpp->run:173]	
frame_id 94
2020/03/08 15:49:25 383436	INFO [input.cpp->run:235]	rotation: 
[0.9998520646699951, -0.01693528086961986, -0.00300749680214522;
 0.016960652336908, 0.9998189903397714, 0.008621068858717907;
 0.002860952193652204, -0.008670802605716845, 0.9999583151985478]
2020/03/08 15:49:25 383466	INFO [input.cpp->run:256]	frame times (ms): 45.877
2020/03/08 15:49:25 383468	INFO [input.cpp->run:257]	FPS: 21.7974
2020/03/08 15:49:25 416634	INFO [input.cpp->run:173]	
frame_id 95
2020/03/08 15:49:25 431820	INFO [input.cpp->run:235]	rotation: 
[0.9981554092845557, -0.03580043456854165, -0.04903170199661205;
 0.03510088983417066, 0.9992703716206822, -0.0150549637632571;
 0.04953490132048732, 0.01330613714671308, 0.998683753880778]
2020/03/08 15:49:25 431842	INFO [input.cpp->run:256]	frame times (ms): 26.081
2020/03/08 15:49:25 431844	INFO [input.cpp->run:257]	FPS: 38.3421
2020/03/08 15:49:25 484198	INFO [input.cpp->run:173]	
frame_id 96
2020/03/08 15:49:25 510433	INFO [input.cpp->run:235]	rotation: 
[0.9984267272158935, -0.04937378971475921, -0.0265762915050703;
 0.04889637662742111, 0.9986357580312246, -0.0183239497410004;
 0.02744475785408065, 0.0169956368107835, 0.9994788309892946]
2020/03/08 15:49:25 510472	INFO [input.cpp->run:256]	frame times (ms): 40.73
2020/03/08 15:49:25 510476	INFO [input.cpp->run:257]	FPS: 24.5519
2020/03/08 15:49:25 550330	INFO [input.cpp->run:173]	
frame_id 97
2020/03/08 15:49:25 590682	INFO [input.cpp->run:235]	rotation: 
[0.9909667271992865, -0.06268111569396204, -0.1185581010277035;
 0.0598289862733232, 0.9978306362856829, -0.02746841260822446;
 0.1200226561339213, 0.02012707194475407, 0.9925671075496554]
2020/03/08 15:49:25 590712	INFO [input.cpp->run:256]	frame times (ms): 53.542
2020/03/08 15:49:25 590714	INFO [input.cpp->run:257]	FPS: 18.6769
2020/03/08 15:49:25 616518	INFO [input.cpp->run:173]	
frame_id 98
2020/03/08 15:49:25 649572	INFO [input.cpp->run:235]	rotation: 
[0.9999438131481997, -0.007073464623430445, -0.007895355904546842;
 0.006983577120465947, 0.9999111434429653, -0.01135494910531244;
 0.007974973181201881, 0.01129917327961693, 0.9999043596694417]
2020/03/08 15:49:25 649601	INFO [input.cpp->run:256]	frame times (ms): 42.756
2020/03/08 15:49:25 649603	INFO [input.cpp->run:257]	FPS: 23.3885
2020/03/08 15:49:25 683125	INFO [input.cpp->run:173]	
frame_id 99
2020/03/08 15:49:25 707620	INFO [input.cpp->run:235]	rotation: 
[0.9988537795936059, -0.03370227625947685, -0.03398946258030772;
 0.033953947867917, 0.9993998931484511, 0.006854414566336346;
 0.03373805589762116, -0.00800063433699681, 0.9993986859279207]
2020/03/08 15:49:25 707650	INFO [input.cpp->run:256]	frame times (ms): 35.55
2020/03/08 15:49:25 707652	INFO [input.cpp->run:257]	FPS: 28.1294
2020/03/08 15:49:25 750075	INFO [input.cpp->run:173]	
frame_id 100
2020/03/08 15:49:25 788723	INFO [input.cpp->run:235]	rotation: 
[0.9991731221388011, -0.01031426590850959, -0.03932795334325429;
 0.0103410462019783, 0.9999464159054006, 0.0004775786763905969;
 0.03932092011702142, -0.0008838759597079484, 0.9992262426520025]
2020/03/08 15:49:25 788754	INFO [input.cpp->run:256]	frame times (ms): 53.443
2020/03/08 15:49:25 788757	INFO [input.cpp->run:257]	FPS: 18.7115
2020/03/08 15:49:25 816506	INFO [input.cpp->run:173]	
frame_id 101
2020/03/08 15:49:25 850587	INFO [input.cpp->run:235]	rotation: 
[0.9999287711958377, -0.008562634854006705, -0.008314674926847692;
 0.008664843776948122, 0.9998863729732439, 0.01233538101284178;
 0.008208106791659299, -0.01240654773770059, 0.9998893461559278]
2020/03/08 15:49:25 850618	INFO [input.cpp->run:256]	frame times (ms): 47.502
2020/03/08 15:49:25 850620	INFO [input.cpp->run:257]	FPS: 21.0517
2020/03/08 15:49:25 883501	INFO [input.cpp->run:173]	
frame_id 102
2020/03/08 15:49:25 909865	INFO [input.cpp->run:235]	rotation: 
[0.9999863664108002, -0.003922727571578672, 0.003446621668237381;
 0.003866436927935821, 0.9998614618905053, 0.01618974032107804;
 -0.003509652120521511, -0.01617619345151456, 0.9998629971688182]
2020/03/08 15:49:25 909893	INFO [input.cpp->run:256]	frame times (ms): 39.877
2020/03/08 15:49:25 909895	INFO [input.cpp->run:257]	FPS: 25.0771
2020/03/08 15:49:25 950028	INFO [input.cpp->run:173]	
frame_id 103
2020/03/08 15:49:25 973026	INFO [input.cpp->run:235]	rotation: 
[0.9999696069838914, 0.0001103358052594365, -0.007795699743567927;
 -6.353825685056084e-05, 0.9999819798871945, 0.006002987904080578;
 0.007796221608683508, -0.006002310129999873, 0.9999515944293161]
2020/03/08 15:49:25 973056	INFO [input.cpp->run:256]	frame times (ms): 38.932
2020/03/08 15:49:25 973058	INFO [input.cpp->run:257]	FPS: 25.6858
2020/03/08 15:49:26 017001	INFO [input.cpp->run:173]	
frame_id 104
2020/03/08 15:49:26 053060	INFO [input.cpp->run:235]	rotation: 
[0.9999917276861451, 0.0001323813579576083, 0.004065345551690771;
 -0.0001972145010427294, 0.9998727472883799, 0.01595149950406293;
 -0.004062716544279837, -0.01595216929334712, 0.9998645021347229]
2020/03/08 15:49:26 053090	INFO [input.cpp->run:256]	frame times (ms): 53.483
2020/03/08 15:49:26 053092	INFO [input.cpp->run:257]	FPS: 18.6975
2020/03/08 15:49:26 083167	INFO [input.cpp->run:173]	
frame_id 105
2020/03/08 15:49:26 117081	INFO [input.cpp->run:235]	rotation: 
[0.9999925417271538, 0.000646198251256623, -0.003807744461846163;
 -0.0006265765200082039, 0.9999865317851618, 0.005152053003230366;
 0.003811022425966772, -0.005149628734539365, 0.9999794785054167]
2020/03/08 15:49:26 117117	INFO [input.cpp->run:256]	frame times (ms): 47.206
2020/03/08 15:49:26 117120	INFO [input.cpp->run:257]	FPS: 21.1837
2020/03/08 15:49:26 150214	INFO [input.cpp->run:173]	
frame_id 106
2020/03/08 15:49:26 184623	INFO [input.cpp->run:235]	rotation: 
[0.9999783846663813, -0.005392592694946187, 0.003761667720720709;
 0.005344766108315567, 0.9999062007095587, 0.01261044241187039;
 -0.003829317858587921, -0.01259006459880612, 0.9999134095501149]
2020/03/08 15:49:26 184653	INFO [input.cpp->run:256]	frame times (ms): 47.765
2020/03/08 15:49:26 184655	INFO [input.cpp->run:257]	FPS: 20.9358
2020/03/08 15:49:26 216718	INFO [input.cpp->run:173]	
frame_id 107
2020/03/08 15:49:26 245908	INFO [input.cpp->run:235]	rotation: 
[0.9999606139782232, -0.008819508440310944, -0.0009933595351232119;
 0.008829308591590559, 0.9999076015099462, 0.01033594467966882;
 0.0009021097988611596, -0.01034430826580459, 0.9999460892890241]
2020/03/08 15:49:26 245942	INFO [input.cpp->run:256]	frame times (ms): 42.789
2020/03/08 15:49:26 245945	INFO [input.cpp->run:257]	FPS: 23.3705
2020/03/08 15:49:26 283216	INFO [input.cpp->run:173]	
frame_id 108
2020/03/08 15:49:26 309807	INFO [input.cpp->run:235]	rotation: 
[0.999975684369144, -0.006047148318556773, 0.003473135136385552;
 0.005988807410992011, 0.9998447818852495, 0.01656943941815684;
 -0.003572793900614344, -0.0165482365843403, 0.9998566852352854]
2020/03/08 15:49:26 309836	INFO [input.cpp->run:256]	frame times (ms): 41.045
2020/03/08 15:49:26 309839	INFO [input.cpp->run:257]	FPS: 24.3635
2020/03/08 15:49:26 350025	INFO [input.cpp->run:173]	
frame_id 109
2020/03/08 15:49:26 388236	INFO [input.cpp->run:235]	rotation: 
[0.9999802028012, -0.005636440746260366, 0.002797238170890004;
 0.005593385645178911, 0.9998693105569304, 0.01516825116593924;
 -0.002882367550312528, -0.01515230484522426, 0.9998810427321754]
2020/03/08 15:49:26 388265	INFO [input.cpp->run:256]	frame times (ms): 54.193
2020/03/08 15:49:26 388267	INFO [input.cpp->run:257]	FPS: 18.4526
2020/03/08 15:49:26 416576	INFO [input.cpp->run:173]	
frame_id 110
2020/03/08 15:49:26 449891	INFO [input.cpp->run:235]	rotation: 
[0.9999851641763161, -0.004078974568845203, 0.003610179182913095;
 0.004026044163278324, 0.9998860489270592, 0.01454923123157219;
 -0.003669113743311525, -0.01453448064091514, 0.9998876369256885]
2020/03/08 15:49:26 449922	INFO [input.cpp->run:256]	frame times (ms): 47.122
2020/03/08 15:49:26 449926	INFO [input.cpp->run:257]	FPS: 21.2215
2020/03/08 15:49:26 483203	INFO [input.cpp->run:173]	
frame_id 111
2020/03/08 15:49:26 505644	INFO [input.cpp->run:235]	rotation: 
[0.9999767453706916, -0.006802320249992246, 0.0004869877366779423;
 0.006794560797331109, 0.9998721804478862, 0.01447261931929361;
 -0.0005853728815896151, -0.01446897389611181, 0.9998951475694755]
2020/03/08 15:49:26 505673	INFO [input.cpp->run:256]	frame times (ms): 36.642
2020/03/08 15:49:26 505675	INFO [input.cpp->run:257]	FPS: 27.2911
2020/03/08 15:49:26 550127	INFO [input.cpp->run:173]	
frame_id 112
2020/03/08 15:49:26 589468	INFO [input.cpp->run:235]	rotation: 
[0.9999675369655643, -0.005498595649517732, -0.005889860856235913;
 0.005527038604460451, 0.9999730910523273, 0.004823796794910638;
 0.00586317825820768, -0.004856193688156491, 0.999971019841863]
2020/03/08 15:49:26 589495	INFO [input.cpp->run:256]	frame times (ms): 56.546
2020/03/08 15:49:26 589498	INFO [input.cpp->run:257]	FPS: 17.6847
2020/03/08 15:49:26 616587	INFO [input.cpp->run:173]	
frame_id 113
2020/03/08 15:49:26 641081	INFO [input.cpp->run:235]	rotation: 
[0.9999641678463076, -0.006967654076160451, 0.004807787445021134;
 0.00688886298595452, 0.9998448023739572, 0.01621464561879358;
 -0.004920019329462432, -0.01618094442414535, 0.9998569749955942]
2020/03/08 15:49:26 641111	INFO [input.cpp->run:256]	frame times (ms): 38.591
2020/03/08 15:49:26 641113	INFO [input.cpp->run:257]	FPS: 25.9128
2020/03/08 15:49:26 683416	INFO [input.cpp->run:173]	
frame_id 114
2020/03/08 15:49:26 727786	INFO [input.cpp->run:235]	rotation: 
[0.9999762324289403, -0.006888032083302204, -0.0002993179602049818;
 0.006891835006311239, 0.9998568572945823, 0.01545210442778374;
 0.0001928405239692674, -0.01545380001878989, 0.9998805643063133]
2020/03/08 15:49:26 727817	INFO [input.cpp->run:256]	frame times (ms): 62.287
2020/03/08 15:49:26 727820	INFO [input.cpp->run:257]	FPS: 16.0547
2020/03/08 15:49:26 750154	INFO [input.cpp->run:173]	
frame_id 115
2020/03/08 15:49:26 784279	INFO [input.cpp->run:235]	rotation: 
[0.9999721689986752, -0.001979935697427635, -0.007193127464392847;
 0.00203230473232983, 0.9999714321551467, 0.007280426571273296;
 0.00717850719578247, -0.007294842576697884, 0.9999476257815813]
2020/03/08 15:49:26 784308	INFO [input.cpp->run:256]	frame times (ms): 48.335
2020/03/08 15:49:26 784310	INFO [input.cpp->run:257]	FPS: 20.6889
2020/03/08 15:49:26 816514	INFO [input.cpp->run:173]	
frame_id 116
2020/03/08 15:49:26 851821	INFO [input.cpp->run:235]	rotation: 
[0.9999861041626553, -0.001011686978717583, -0.00517377725187978;
 0.001031571196925716, 0.9999920872413578, 0.003842045749115433;
 0.0051698493653731, -0.003847329480264981, 0.9999792351411151]
2020/03/08 15:49:26 851853	INFO [input.cpp->run:256]	frame times (ms): 49.519
2020/03/08 15:49:26 851855	INFO [input.cpp->run:257]	FPS: 20.1943
2020/03/08 15:49:26 883207	INFO [input.cpp->run:173]	
frame_id 117
2020/03/08 15:49:26 918894	INFO [input.cpp->run:235]	rotation: 
[0.9999579870442405, -0.009076917839907465, 0.001278166248180355;
 0.009061531880494007, 0.9998920225568294, 0.01156857239212285;
 -0.00138303521618525, -0.01155650421799628, 0.9999322649179044]
2020/03/08 15:49:26 918924	INFO [input.cpp->run:256]	frame times (ms): 49.519
2020/03/08 15:49:26 918926	INFO [input.cpp->run:257]	FPS: 20.1943
2020/03/08 15:49:26 950053	INFO [input.cpp->run:173]	
frame_id 118
2020/03/08 15:49:26 979134	INFO [input.cpp->run:235]	rotation: 
[0.9999977109680225, -0.00196368059477575, 0.0008497159742966001;
 0.001961898106810148, 0.9999958840588266, 0.00209351886171846;
 -0.0008538234792791894, -0.002091847013425541, 0.9999974475775119]
2020/03/08 15:49:26 979163	INFO [input.cpp->run:256]	frame times (ms): 42.781
2020/03/08 15:49:26 979165	INFO [input.cpp->run:257]	FPS: 23.3749
2020/03/08 15:49:27 016940	INFO [input.cpp->run:173]	
frame_id 119
2020/03/08 15:49:27 050405	INFO [input.cpp->run:235]	rotation: 
[0.9999473627080254, -0.00989011878411398, 0.002730817405237518;
 0.009853663318379976, 0.9998662258948483, 0.01305509992302999;
 -0.002859568581560043, -0.0130275041826284, 0.9999110495450577]
2020/03/08 15:49:27 050433	INFO [input.cpp->run:256]	frame times (ms): 48.207
2020/03/08 15:49:27 050435	INFO [input.cpp->run:257]	FPS: 20.7439
2020/03/08 15:49:27 083106	INFO [input.cpp->run:173]	
frame_id 120
2020/03/08 15:49:27 107719	INFO [input.cpp->run:235]	rotation: 
[0.9999714468450771, -0.00576616144491459, -0.004884350187517811;
 0.005804437316366189, 0.9999522724078281, 0.007858843035784073;
 0.004838801711529462, -0.007886969545515985, 0.9999571899383416]
2020/03/08 15:49:27 107743	INFO [input.cpp->run:256]	frame times (ms): 38.726
2020/03/08 15:49:27 107745	INFO [input.cpp->run:257]	FPS: 25.8224
2020/03/08 15:49:27 150062	INFO [input.cpp->run:173]	
frame_id 121
2020/03/08 15:49:27 184034	INFO [input.cpp->run:235]	rotation: 
[0.9999527078157396, 0.003809706526612113, 0.008948087401844688;
 -0.003909944231874429, 0.9999295049688419, 0.01121148647015555;
 -0.008904744132966115, -0.01124594277719472, 0.9998971118585044]
2020/03/08 15:49:27 184063	INFO [input.cpp->run:256]	frame times (ms): 50.436
2020/03/08 15:49:27 184064	INFO [input.cpp->run:257]	FPS: 19.8271
2020/03/08 15:49:27 216472	INFO [input.cpp->run:173]	
frame_id 122
2020/03/08 15:49:27 250758	INFO [input.cpp->run:235]	rotation: 
[0.9997996234436649, -0.01980349979143127, 0.002921362339157054;
 0.01973156063694119, 0.9995434036184889, 0.02288339567453152;
 -0.003373199777151737, -0.02282116734037145, 0.9997338725103228]
2020/03/08 15:49:27 250790	INFO [input.cpp->run:256]	frame times (ms): 48.643
2020/03/08 15:49:27 250793	INFO [input.cpp->run:257]	FPS: 20.5579
2020/03/08 15:49:27 283168	INFO [input.cpp->run:173]	
frame_id 123
2020/03/08 15:49:27 310681	INFO [input.cpp->run:235]	rotation: 
[0.9999940193760969, -0.003451746260660287, -0.0002160087736623776;
 0.003453907345955725, 0.9999339179147271, 0.01096495908561982;
 0.0001781462428300955, -0.01096563958261356, 0.9999398596978022]
2020/03/08 15:49:27 310711	INFO [input.cpp->run:256]	frame times (ms): 42.281
2020/03/08 15:49:27 310714	INFO [input.cpp->run:257]	FPS: 23.6513
2020/03/08 15:49:27 349829	INFO [input.cpp->run:173]	
frame_id 124
2020/03/08 15:49:27 388401	INFO [input.cpp->run:235]	rotation: 
[0.9999945771614367, -0.001064816398957839, -0.003116378307586045;
 0.001092918649125394, 0.9999586329782481, 0.00902983173153106;
 0.003106634279389243, -0.009033188712181416, 0.9999543741217117]
2020/03/08 15:49:27 388430	INFO [input.cpp->run:256]	frame times (ms): 54.346
2020/03/08 15:49:27 388432	INFO [input.cpp->run:257]	FPS: 18.4006
2020/03/08 15:49:27 416520	INFO [input.cpp->run:173]	
frame_id 125
2020/03/08 15:49:27 439140	INFO [input.cpp->run:235]	rotation: 
[0.9999788198285618, -0.006366881943547308, -0.001350077254708578;
 0.006385661803619981, 0.9998759986187303, 0.01439481536965942;
 0.001258259753206391, -0.0144031316217594, 0.9998954778284977]
2020/03/08 15:49:27 439166	INFO [input.cpp->run:256]	frame times (ms): 37.476
2020/03/08 15:49:27 439169	INFO [input.cpp->run:257]	FPS: 26.6837
2020/03/08 15:49:27 483403	INFO [input.cpp->run:173]	
frame_id 126
2020/03/08 15:49:27 498136	INFO [input.cpp->run:196]	Not enough points
2020/03/08 15:49:27 555121	INFO [input.cpp->run:173]	
frame_id 127
2020/03/08 15:49:27 586396	INFO [input.cpp->run:196]	Not enough points
2020/03/08 15:49:27 617276	INFO [input.cpp->run:173]	
frame_id 128
2020/03/08 15:49:27 631434	INFO [input.cpp->run:196]	Not enough points
2020/03/08 15:49:27 689761	INFO [input.cpp->run:173]	
frame_id 129
2020/03/08 15:49:27 725315	INFO [input.cpp->run:196]	Not enough points
2020/03/08 15:49:27 751431	INFO [input.cpp->run:173]	
frame_id 130
2020/03/08 15:49:27 772464	INFO [input.cpp->run:235]	rotation: 
[0.9993733256927129, 0.01280803756724081, 0.03299863735918521;
 -0.01208460617294864, 0.9996842704208567, -0.02203001967235261;
 -0.03327038003287003, 0.02161743848830521, 0.9992125740630333]
2020/03/08 15:49:27 772496	INFO [input.cpp->run:256]	frame times (ms): 33.165
2020/03/08 15:49:27 772498	INFO [input.cpp->run:257]	FPS: 30.1523
2020/03/08 15:49:27 817247	INFO [input.cpp->run:173]	
frame_id 131
2020/03/08 15:49:27 842191	INFO [input.cpp->run:235]	rotation: 
[0.99964500119051, 0.01665513427255256, 0.02079610774131852;
 -0.01635839854455151, 0.9997630926274642, -0.01435832222183208;
 -0.02103032077460774, 0.01401303401592913, 0.9996806292440529]
2020/03/08 15:49:27 842227	INFO [input.cpp->run:256]	frame times (ms): 37.235
2020/03/08 15:49:27 842233	INFO [input.cpp->run:257]	FPS: 26.8565
2020/03/08 15:49:27 885498	INFO [input.cpp->run:173]	
frame_id 132
2020/03/08 15:49:27 920390	INFO [input.cpp->run:235]	rotation: 
[0.9998090303645545, 0.009920703843528856, 0.0168369366791724;
 -0.0098063250947146, 0.9999283695528308, -0.006862343007623005;
 -0.01690380991452045, 0.006695924033805447, 0.9998346992436836]
2020/03/08 15:49:27 920430	INFO [input.cpp->run:256]	frame times (ms): 53.663
2020/03/08 15:49:27 920437	INFO [input.cpp->run:257]	FPS: 18.6348
2020/03/08 15:49:27 950257	INFO [input.cpp->run:173]	
frame_id 133
2020/03/08 15:49:27 969338	INFO [input.cpp->run:235]	rotation: 
[0.9997076610535538, 0.002232841611209883, 0.02407502542411991;
 -0.002049309049466192, 0.9999686740783368, -0.007645338084933047;
 -0.02409134208076724, 0.007593765887384296, 0.9996809200721973]
2020/03/08 15:49:27 969364	INFO [input.cpp->run:256]	frame times (ms): 29.963
2020/03/08 15:49:27 969366	INFO [input.cpp->run:257]	FPS: 33.3745
2020/03/08 15:49:28 018294	INFO [input.cpp->run:173]	
frame_id 134
2020/03/08 15:49:28 052355	INFO [input.cpp->run:235]	rotation: 
[0.999949842525676, -0.003147787206478914, 0.009508094897435607;
 0.003157297826135156, 0.9999945301930915, -0.0009854208924997146;
 -0.009504940994714044, 0.001015391353626961, 0.9999543114948233]
2020/03/08 15:49:28 052393	INFO [input.cpp->run:256]	frame times (ms): 55.75
2020/03/08 15:49:28 052396	INFO [input.cpp->run:257]	FPS: 17.9372
2020/03/08 15:49:28 083447	INFO [input.cpp->run:173]	
frame_id 135
2020/03/08 15:49:28 102038	INFO [input.cpp->run:235]	rotation: 
[0.9999700620676842, -0.004834683627679156, 0.006041589407759031;
 0.004793978535832766, 0.9999658356181353, 0.006733896815533421;
 -0.006073939261275975, -0.006704731966643225, 0.9999590760781693]
2020/03/08 15:49:28 102071	INFO [input.cpp->run:256]	frame times (ms): 32.416
2020/03/08 15:49:28 102073	INFO [input.cpp->run:257]	FPS: 30.849
2020/03/08 15:49:28 150181	INFO [input.cpp->run:173]	
frame_id 136
2020/03/08 15:49:28 184327	INFO [input.cpp->run:235]	rotation: 
[0.9998937189978241, -0.01255363690865624, 0.007413292727658782;
 0.01239749010528752, 0.9997079062527359, 0.0207461903698096;
 -0.007671567492346845, -0.02065207922066702, 0.9997572898839366]
2020/03/08 15:49:28 184357	INFO [input.cpp->run:256]	frame times (ms): 50.152
2020/03/08 15:49:28 184359	INFO [input.cpp->run:257]	FPS: 19.9394
2020/03/08 15:49:28 216588	INFO [input.cpp->run:173]	
frame_id 137
2020/03/08 15:49:28 240403	INFO [input.cpp->run:235]	rotation: 
[0.9999987187978328, -0.000339048891710334, -0.001564432338583205;
 0.0003418267780702487, 0.9999983649749474, 0.001775725734903764;
 0.001563827722854737, -0.001776258224705911, 0.9999971996708653]
2020/03/08 15:49:28 240436	INFO [input.cpp->run:256]	frame times (ms): 37.21
2020/03/08 15:49:28 240438	INFO [input.cpp->run:257]	FPS: 26.8745
2020/03/08 15:49:28 283361	INFO [input.cpp->run:173]	
frame_id 138
2020/03/08 15:49:28 315766	INFO [input.cpp->run:235]	rotation: 
[0.999973656547013, -0.007256727008845097, 0.0001616326562123102;
 0.007254594900504526, 0.9999170014466605, 0.01064711560699794;
 -0.0002388824523272703, -0.01064566254576499, 0.9999433047948947]
2020/03/08 15:49:28 315798	INFO [input.cpp->run:256]	frame times (ms): 46.359
2020/03/08 15:49:28 315801	INFO [input.cpp->run:257]	FPS: 21.5708
2020/03/08 15:49:28 349894	INFO [input.cpp->run:173]	
frame_id 139
2020/03/08 15:49:28 373948	INFO [input.cpp->run:235]	rotation: 
[0.9999809122788816, -0.004595731667671427, 0.004129688648599875;
 0.004559609225830466, 0.9999516346075915, 0.008714264702972631;
 -0.004169537336843783, -0.008695268601056266, 0.9999535025501697]
2020/03/08 15:49:28 373979	INFO [input.cpp->run:256]	frame times (ms): 36.367
2020/03/08 15:49:28 373982	INFO [input.cpp->run:257]	FPS: 27.4975
2020/03/08 15:49:28 416886	INFO [input.cpp->run:173]	
frame_id 140
2020/03/08 15:49:28 443658	INFO [input.cpp->run:235]	rotation: 
[0.9999951915189201, -0.00303216416748665, -0.0006503226119841723;
 0.003035397757607467, 0.9999827410046375, 0.005030313440054348;
 0.0006350586519050686, -0.005032263239685484, 0.9999871364308619]
2020/03/08 15:49:28 443685	INFO [input.cpp->run:256]	frame times (ms): 43.752
2020/03/08 15:49:28 443687	INFO [input.cpp->run:257]	FPS: 22.8561
2020/03/08 15:49:28 483331	INFO [input.cpp->run:173]	
frame_id 141
2020/03/08 15:49:28 519968	INFO [input.cpp->run:235]	rotation: 
[0.9999380024408082, -0.005853443700398964, -0.009472511363547842;
 0.005879171411953843, 0.9999790981225419, 0.002690476079899389;
 0.009456564820015141, -0.00274599979495735, 0.9999515152580803]
2020/03/08 15:49:28 519995	INFO [input.cpp->run:256]	frame times (ms): 51.741
2020/03/08 15:49:28 519997	INFO [input.cpp->run:257]	FPS: 19.327
2020/03/08 15:49:28 550311	INFO [input.cpp->run:173]	
frame_id 142
2020/03/08 15:49:28 585148	INFO [input.cpp->run:235]	rotation: 
[0.9999831659667132, -0.002691753766207604, -0.005140257274779418;
 0.002703260357726138, 0.9999938532734517, 0.002232890224063189;
 0.005134215288353412, -0.002246748089234256, 0.9999842958548881]
2020/03/08 15:49:28 585177	INFO [input.cpp->run:256]	frame times (ms): 48.005
2020/03/08 15:49:28 585179	INFO [input.cpp->run:257]	FPS: 20.8312
2020/03/08 15:49:28 616643	INFO [input.cpp->run:173]	
frame_id 143
2020/03/08 15:49:28 640771	INFO [input.cpp->run:235]	rotation: 
[0.9999847416713866, -0.003247146006840251, -0.004469056636519917;
 0.003284514216033591, 0.9999594949802716, 0.008379759254589933;
 0.004441665315490863, -0.008394310073524435, 0.9999549025669181]
2020/03/08 15:49:28 640799	INFO [input.cpp->run:256]	frame times (ms): 37.24
2020/03/08 15:49:28 640800	INFO [input.cpp->run:257]	FPS: 26.8528
2020/03/08 15:49:28 683550	INFO [input.cpp->run:173]	
frame_id 144
2020/03/08 15:49:28 713510	INFO [input.cpp->run:235]	rotation: 
[0.9999858685353661, -0.004405327816840283, 0.002975872375584031;
 0.004388656202810387, 0.9999747692225291, 0.005585751076008541;
 -0.003000404356603428, -0.005572612060404878, 0.9999799715836918]
2020/03/08 15:49:28 713543	INFO [input.cpp->run:256]	frame times (ms): 46.05
2020/03/08 15:49:28 713547	INFO [input.cpp->run:257]	FPS: 21.7155
2020/03/08 15:49:28 749880	INFO [input.cpp->run:173]	
frame_id 145
2020/03/08 15:49:28 772177	INFO [input.cpp->run:235]	rotation: 
[0.9999770748256082, -0.003975794684246539, 0.005481138554065451;
 0.003933950693260184, 0.999963199117616, 0.0076239387724462;
 -0.005511248058574706, -0.007602201463505668, 0.9999559153671451]
2020/03/08 15:49:28 772210	INFO [input.cpp->run:256]	frame times (ms): 35.868
2020/03/08 15:49:28 772213	INFO [input.cpp->run:257]	FPS: 27.88
2020/03/08 15:49:28 816763	INFO [input.cpp->run:173]	
frame_id 146
2020/03/08 15:49:28 855982	INFO [input.cpp->run:235]	rotation: 
[0.9999883602246736, -0.004248103545646734, 0.002287582005923329;
 0.004246314289460391, 0.9999906751120714, 0.0007864501628823626;
 -0.002290901596202911, -0.0007767272166190965, 0.9999970742280737]
2020/03/08 15:49:28 856012	INFO [input.cpp->run:256]	frame times (ms): 55.36
2020/03/08 15:49:28 856014	INFO [input.cpp->run:257]	FPS: 18.0636
2020/03/08 15:49:28 883329	INFO [input.cpp->run:173]	
frame_id 147
2020/03/08 15:49:28 914743	INFO [input.cpp->run:235]	rotation: 
[0.999965098080571, -0.004324884676098371, -0.007148286036003574;
 0.004341162737133284, 0.9999880159254163, 0.002263252447072299;
 0.007138412064584087, -0.002294205328191612, 0.9999718894524527]
2020/03/08 15:49:28 914772	INFO [input.cpp->run:256]	frame times (ms): 43.794
2020/03/08 15:49:28 914776	INFO [input.cpp->run:257]	FPS: 22.8342
2020/03/08 15:49:28 949953	INFO [input.cpp->run:173]	
frame_id 148
2020/03/08 15:49:28 969545	INFO [input.cpp->run:235]	rotation: 
[0.9999842027349991, -0.001022668329705348, -0.005527063409774176;
 0.001027545467668099, 0.9999990851890782, 0.0008796427220751294;
 0.005526158770802882, -0.0008853081350821703, 0.999984338776736]
2020/03/08 15:49:28 969572	INFO [input.cpp->run:256]	frame times (ms): 31.699
2020/03/08 15:49:28 969574	INFO [input.cpp->run:257]	FPS: 31.5467
2020/03/08 15:49:29 016978	INFO [input.cpp->run:173]	
frame_id 149
2020/03/08 15:49:29 049640	INFO [input.cpp->run:235]	rotation: 
[0.9999579468420979, -0.004834206099900992, 0.007793266242061447;
 0.004769150202695417, 0.9999538087902062, 0.008344788331876444;
 -0.007833246688321822, -0.008307270149897078, 0.9999348126297917]
2020/03/08 15:49:29 049674	INFO [input.cpp->run:256]	frame times (ms): 51.817
2020/03/08 15:49:29 049676	INFO [input.cpp->run:257]	FPS: 19.2987
2020/03/08 15:49:29 083340	INFO [input.cpp->run:173]	
frame_id 150
2020/03/08 15:49:29 114662	INFO [input.cpp->run:235]	rotation: 
[0.9999880568909162, -0.002995298089605393, -0.003861899129207374;
 0.002996497153050417, 0.9999954640598865, 0.0003047367126995385;
 0.003860968834570818, -0.0003163052429417747, 0.9999924964071739]
2020/03/08 15:49:29 114690	INFO [input.cpp->run:256]	frame times (ms): 45.017
2020/03/08 15:49:29 114692	INFO [input.cpp->run:257]	FPS: 22.2138
2020/03/08 15:49:29 149830	INFO [input.cpp->run:173]	
frame_id 151
2020/03/08 15:49:29 176965	INFO [input.cpp->run:235]	rotation: 
[0.9999927416572374, -0.00305131764660411, 0.002281686538749081;
 0.003044833672227016, 0.9999913321087418, 0.002839840716043267;
 -0.002290332017428685, -0.002832872747503308, 0.9999933645836088]
2020/03/08 15:49:29 176993	INFO [input.cpp->run:256]	frame times (ms): 39.776
2020/03/08 15:49:29 176995	INFO [input.cpp->run:257]	FPS: 25.1408
2020/03/08 15:49:29 216645	INFO [input.cpp->run:173]	
frame_id 152
2020/03/08 15:49:29 253543	INFO [input.cpp->run:235]	rotation: 
[0.9999648524715442, -0.004383432638115692, -0.007146981171796183;
 0.004391712408055547, 0.9999897029057572, 0.001143216768815404;
 0.007141896364960638, -0.001174564073463807, 0.9999738065147254]
2020/03/08 15:49:29 253571	INFO [input.cpp->run:256]	frame times (ms): 49.973
2020/03/08 15:49:29 253574	INFO [input.cpp->run:257]	FPS: 20.0108
2020/03/08 15:49:29 283236	INFO [input.cpp->run:173]	
frame_id 153
2020/03/08 15:49:29 317789	INFO [input.cpp->run:235]	rotation: 
[0.9999481236216224, -0.004135956384797861, -0.00930827214791451;
 0.004149191780983284, 0.9999904078053129, 0.001403034186577668;
 0.0093023799729538, -0.001441583208536611, 0.9999556928007819]
2020/03/08 15:49:29 317818	INFO [input.cpp->run:256]	frame times (ms): 48.003
2020/03/08 15:49:29 317821	INFO [input.cpp->run:257]	FPS: 20.832
2020/03/08 15:49:29 350000	INFO [input.cpp->run:173]	
frame_id 154
2020/03/08 15:49:29 381330	INFO [input.cpp->run:235]	rotation: 
[0.9999758821072756, -0.006500105939984068, 0.00244618612231422;
 0.006469754648998022, 0.9999044336302283, 0.01221744168777078;
 -0.002525367014472812, -0.01220132080478563, 0.9999223721329876]
2020/03/08 15:49:29 381360	INFO [input.cpp->run:256]	frame times (ms): 44.995
2020/03/08 15:49:29 381369	INFO [input.cpp->run:257]	FPS: 22.2247
2020/03/08 15:49:29 416786	INFO [input.cpp->run:173]	
frame_id 155
2020/03/08 15:49:29 453692	INFO [input.cpp->run:235]	rotation: 
[0.999985408784868, -0.004824936225900094, -0.002429445981383436;
 0.004846116858463352, 0.9999496310641497, 0.008789225566853732;
 0.002386916159939528, -0.008800870700499751, 0.999958422788747]
2020/03/08 15:49:29 453723	INFO [input.cpp->run:256]	frame times (ms): 50.604
2020/03/08 15:49:29 453725	INFO [input.cpp->run:257]	FPS: 19.7613
2020/03/08 15:49:29 483255	INFO [input.cpp->run:173]	
frame_id 156
2020/03/08 15:49:29 510289	INFO [input.cpp->run:235]	rotation: 
[0.9999944477133942, -0.001409069229273627, -0.003019779179147712;
 0.001425558739840505, 0.99998404888059, 0.005465324021597183;
 0.00301202999038259, -0.005469598549153043, 0.9999805053935042]
2020/03/08 15:49:29 510318	INFO [input.cpp->run:256]	frame times (ms): 40.007
2020/03/08 15:49:29 510320	INFO [input.cpp->run:257]	FPS: 24.9956
2020/03/08 15:49:29 550085	INFO [input.cpp->run:173]	
frame_id 157
2020/03/08 15:49:29 587460	INFO [input.cpp->run:235]	rotation: 
[0.9999549665653724, -0.004466236534178178, 0.008373623616194328;
 0.004394351515218236, 0.9999535052570636, 0.008583530676382383;
 -0.008411570365015945, -0.008546347484889104, 0.9999281001295353]
2020/03/08 15:49:29 587489	INFO [input.cpp->run:256]	frame times (ms): 52.867
2020/03/08 15:49:29 587491	INFO [input.cpp->run:257]	FPS: 18.9154
2020/03/08 15:49:29 616626	INFO [input.cpp->run:173]	
frame_id 158
2020/03/08 15:49:29 644090	INFO [input.cpp->run:235]	rotation: 
[0.9999765847273688, -0.003320515110031385, 0.005983659113906701;
 0.003272952214515193, 0.9999631123964581, 0.007941135321234147;
 -0.00600980705088654, -0.007921365147037835, 0.9999505658748429]
2020/03/08 15:49:29 644122	INFO [input.cpp->run:256]	frame times (ms): 40.752
2020/03/08 15:49:29 644125	INFO [input.cpp->run:257]	FPS: 24.5387
2020/03/08 15:49:29 683350	INFO [input.cpp->run:173]	
frame_id 159
2020/03/08 15:49:29 703256	INFO [input.cpp->run:235]	rotation: 
[0.9999865752948304, -0.003365397065156444, 0.003939966079849416;
 0.003341348268516071, 0.9999758455666689, 0.006094561097749644;
 -0.003960381530233196, -0.006081314481224852, 0.9999736661494218]
2020/03/08 15:49:29 703287	INFO [input.cpp->run:256]	frame times (ms): 33.998
2020/03/08 15:49:29 703291	INFO [input.cpp->run:257]	FPS: 29.4135
2020/03/08 15:49:29 750314	INFO [input.cpp->run:173]	
frame_id 160
2020/03/08 15:49:29 793165	INFO [input.cpp->run:235]	rotation: 
[0.9999192503789823, -0.01267052906266909, -0.0009748922023343465;
 0.01268421859813834, 0.9997974879874332, 0.01562349552990844;
 0.0007767368207802305, -0.01563459968436946, 0.9998774704795687]
2020/03/08 15:49:29 793195	INFO [input.cpp->run:256]	frame times (ms): 60.406
2020/03/08 15:49:29 793197	INFO [input.cpp->run:257]	FPS: 16.5546
2020/03/08 15:49:29 816736	INFO [input.cpp->run:173]	
frame_id 161
2020/03/08 15:49:29 851330	INFO [input.cpp->run:235]	rotation: 
[0.9999904418187173, -0.004180159994835125, 0.001281613679760296;
 0.004173954597627216, 0.9999797357178217, 0.00480689678818547;
 -0.00130168130643232, -0.004801501445683544, 0.999987625528258]
2020/03/08 15:49:29 851359	INFO [input.cpp->run:256]	frame times (ms): 48.404
2020/03/08 15:49:29 851361	INFO [input.cpp->run:257]	FPS: 20.6595
2020/03/08 15:49:29 883218	INFO [input.cpp->run:173]	
frame_id 162
2020/03/08 15:49:29 908938	INFO [input.cpp->run:235]	rotation: 
[0.9999804670466889, -0.00332930223255537, 0.005289732670959912;
 0.003289415380907763, 0.9999662289124716, 0.007531320005313002;
 -0.005314628071442657, -0.007513772768382222, 0.999957648076781]
2020/03/08 15:49:29 908967	INFO [input.cpp->run:256]	frame times (ms): 38.602
2020/03/08 15:49:29 908969	INFO [input.cpp->run:257]	FPS: 25.9054
2020/03/08 15:49:29 950033	INFO [input.cpp->run:173]	
frame_id 163
2020/03/08 15:49:29 974160	INFO [input.cpp->run:235]	rotation: 
[0.9999682280476481, -0.007513244451642341, 0.00266346636111689;
 0.007476652100199064, 0.999881023148717, 0.01349219109142833;
 -0.002764519600133918, -0.01347184860681319, 0.9999054288914005]
2020/03/08 15:49:29 974191	INFO [input.cpp->run:256]	frame times (ms): 38.812
2020/03/08 15:49:29 974193	INFO [input.cpp->run:257]	FPS: 25.7652
2020/03/08 15:49:30 016477	INFO [input.cpp->run:173]	
frame_id 164
2020/03/08 15:49:30 039437	INFO [input.cpp->run:235]	rotation: 
[0.9999801613558389, -0.002654550055515661, 0.005712290149589288;
 0.002611456145298483, 0.999968176284474, 0.007538349627367339;
 -0.00573211928971439, -0.007523282681516647, 0.9999552705127077]
2020/03/08 15:49:30 039467	INFO [input.cpp->run:256]	frame times (ms): 36.106
2020/03/08 15:49:30 039469	INFO [input.cpp->run:257]	FPS: 27.6962
2020/03/08 15:49:30 083999	INFO [input.cpp->run:173]	
frame_id 165
2020/03/08 15:49:30 105303	INFO [input.cpp->run:235]	rotation: 
[0.9999977439881097, -0.001908826584066577, 0.0009318796934024642;
 0.001908973747549153, 0.999998165574451, -0.0001570571999737574;
 -0.0009315781889800169, 0.0001588357795214262, 0.9999995534665368]
2020/03/08 15:49:30 105331	INFO [input.cpp->run:256]	frame times (ms): 37.641
2020/03/08 15:49:30 105333	INFO [input.cpp->run:257]	FPS: 26.5668
2020/03/08 15:49:30 150936	INFO [input.cpp->run:173]	
frame_id 166
2020/03/08 15:49:30 181109	INFO [input.cpp->run:235]	rotation: 
[0.9999728549356649, -0.003915801036208447, 0.006241465698095939;
 0.003869460889639014, 0.9999649890885545, 0.007419425149614127;
 -0.006270300171382024, -0.007395072641428305, 0.999952997013554]
2020/03/08 15:49:30 181147	INFO [input.cpp->run:256]	frame times (ms): 51.081
2020/03/08 15:49:30 181151	INFO [input.cpp->run:257]	FPS: 19.5767
2020/03/08 15:49:30 216893	INFO [input.cpp->run:173]	
frame_id 167
2020/03/08 15:49:30 244255	INFO [input.cpp->run:235]	rotation: 
[0.9999965552429175, -0.002037460275625449, -0.001654768238701837;
 0.00203710868522066, 0.9999979021663357, -0.0002141287754478071;
 0.001655201046147162, 0.0002107570950751045, 0.9999986079445029]
2020/03/08 15:49:30 244287	INFO [input.cpp->run:256]	frame times (ms): 43.216
2020/03/08 15:49:30 244291	INFO [input.cpp->run:257]	FPS: 23.1396
2020/03/08 15:49:30 283618	INFO [input.cpp->run:173]	
frame_id 168
2020/03/08 15:49:30 314757	INFO [input.cpp->run:235]	rotation: 
[0.9999812037334119, -0.002639477013957866, 0.005534016712059642;
 0.002605799705937478, 0.9999780976649549, 0.006083913072228718;
 -0.005549953852880534, -0.006069378178255775, 0.9999661797584757]
2020/03/08 15:49:30 314788	INFO [input.cpp->run:256]	frame times (ms): 47.538
2020/03/08 15:49:30 314792	INFO [input.cpp->run:257]	FPS: 21.0358
2020/03/08 15:49:30 349993	INFO [input.cpp->run:173]	
frame_id 169
2020/03/08 15:49:30 375971	INFO [input.cpp->run:235]	rotation: 
[0.9999965701494978, -0.002418077082336828, 0.001006276534743805;
 0.002418788730271488, 0.9999968250879087, -0.0007065940708496601;
 -0.001004564740975031, 0.0007090256176794063, 0.9999992440658916]
2020/03/08 15:49:30 376001	INFO [input.cpp->run:256]	frame times (ms): 39.279
2020/03/08 15:49:30 376003	INFO [input.cpp->run:257]	FPS: 25.4589
2020/03/08 15:49:30 416802	INFO [input.cpp->run:173]	
frame_id 170
2020/03/08 15:49:30 449187	INFO [input.cpp->run:235]	rotation: 
[0.9999936462447758, -0.001696270498462491, 0.003135304845497081;
 0.001686002715733177, 0.9999932170462892, 0.003274638339666269;
 -0.003140838251278155, -0.003269331400931652, 0.9999897232508294]
2020/03/08 15:49:30 449217	INFO [input.cpp->run:256]	frame times (ms): 47.339
2020/03/08 15:49:30 449219	INFO [input.cpp->run:257]	FPS: 21.1242
2020/03/08 15:49:30 483135	INFO [input.cpp->run:173]	
frame_id 171
2020/03/08 15:49:30 510690	INFO [input.cpp->run:235]	rotation: 
[0.9999733177243119, -0.002996817123270776, 0.006662051227823557;
 0.002951836532154615, 0.9999728524395315, 0.006751373566505027;
 -0.006682103001294706, -0.006731528138300876, 0.9999550170024667]
2020/03/08 15:49:30 510718	INFO [input.cpp->run:256]	frame times (ms): 40.615
2020/03/08 15:49:30 510720	INFO [input.cpp->run:257]	FPS: 24.6214
2020/03/08 15:49:30 550121	INFO [input.cpp->run:173]	
frame_id 172
2020/03/08 15:49:30 574214	INFO [input.cpp->run:235]	rotation: 
[0.9999892271060057, -0.003611198567989708, 0.002916319055932565;
 0.003597067950584952, 0.9999818361817295, 0.00483615640519839;
 -0.002933730405528241, -0.004825614107988322, 0.9999840532100441]
2020/03/08 15:49:30 574244	INFO [input.cpp->run:256]	frame times (ms): 38.428
2020/03/08 15:49:30 574248	INFO [input.cpp->run:257]	FPS: 26.0227
2020/03/08 15:49:30 616926	INFO [input.cpp->run:173]	
frame_id 173
2020/03/08 15:49:30 650298	INFO [input.cpp->run:235]	rotation: 
[0.9999909762323266, -0.003149575105580226, 0.002850899958389277;
 0.003134880626511645, 0.999981854668071, 0.00514420626166034;
 -0.002867050291842931, -0.005135222610490494, 0.999982704606117]
2020/03/08 15:49:30 650328	INFO [input.cpp->run:256]	frame times (ms): 50.801
2020/03/08 15:49:30 650330	INFO [input.cpp->run:257]	FPS: 19.6847
2020/03/08 15:49:30 683333	INFO [input.cpp->run:173]	
frame_id 174
2020/03/08 15:49:30 716521	INFO [input.cpp->run:235]	rotation: 
[0.9999895322834362, -0.004144507175839588, 0.001938655158570976;
 0.004136291479559647, 0.9999825293011858, 0.004222817211187573;
 -0.001956122785144622, -0.004214754165119704, 0.9999892046572189]
2020/03/08 15:49:30 716553	INFO [input.cpp->run:256]	frame times (ms): 46.194
2020/03/08 15:49:30 716556	INFO [input.cpp->run:257]	FPS: 21.6478
2020/03/08 15:49:30 749898	INFO [input.cpp->run:173]	
frame_id 175
2020/03/08 15:49:30 772384	INFO [input.cpp->run:235]	rotation: 
[0.9999791586211274, -0.003064398430658933, 0.005682586175356321;
 0.003035762114123805, 0.9999826855420464, 0.005041107467928347;
 -0.005697935746270423, -0.005023751424476279, 0.9999711473086893]
2020/03/08 15:49:30 772413	INFO [input.cpp->run:256]	frame times (ms): 35.445
2020/03/08 15:49:30 772415	INFO [input.cpp->run:257]	FPS: 28.2127
2020/03/08 15:49:30 882295	INFO [input.cpp->run:173]	
frame_id 176
2020/03/08 15:49:30 935310	INFO [input.cpp->run:235]	rotation: 
[0.9999998109490805, -0.0006010234145338603, -0.0001298947973473501;
 0.0006009636989772518, 0.9999997139551609, -0.0004592735884781074;
 0.000130170794371966, 0.0004591954395941215, 0.9999998860975498]
2020/03/08 15:49:30 935364	INFO [input.cpp->run:256]	frame times (ms): 91.829
2020/03/08 15:49:30 935368	INFO [input.cpp->run:257]	FPS: 10.8898
2020/03/08 15:49:30 941485	INFO [input.cpp->run:173]	
frame_id 177
2020/03/08 15:49:30 969059	INFO [input.cpp->run:235]	rotation: 
[0.9999687781558461, -0.00596395101667235, 0.005184014060067623;
 0.005910109710689788, 0.9999290747265722, 0.01034002512902452;
 -0.005245313785833624, -0.01030906420253463, 0.9999331027016538]
2020/03/08 15:49:30 969094	INFO [input.cpp->run:256]	frame times (ms): 40.662
2020/03/08 15:49:30 969103	INFO [input.cpp->run:257]	FPS: 24.593
2020/03/08 15:49:31 005555	INFO [input.cpp->run:173]	
frame_id 178
2020/03/08 15:49:31 032811	INFO [input.cpp->run:235]	rotation: 
[0.9999794970698717, -0.004402946585998095, 0.004649677542291416;
 0.004366953068243667, 0.999960641225017, 0.007723064272199551;
 -0.00468349877615001, -0.007702601003142748, 0.999959366562962]
2020/03/08 15:49:31 032849	INFO [input.cpp->run:256]	frame times (ms): 44.856
2020/03/08 15:49:31 032852	INFO [input.cpp->run:257]	FPS: 22.2936
2020/03/08 15:49:31 072123	INFO [input.cpp->run:173]	
frame_id 179
2020/03/08 15:49:31 109558	INFO [input.cpp->run:235]	rotation: 
[0.9999784407350136, -0.001437434525134159, 0.006407171541083626;
 0.00140400790894672, 0.9999853978451381, 0.005218511118370304;
 -0.006414579250623898, -0.005209402891588609, 0.9999658570644052]
2020/03/08 15:49:31 109588	INFO [input.cpp->run:256]	frame times (ms): 51.486
2020/03/08 15:49:31 109591	INFO [input.cpp->run:257]	FPS: 19.4228
2020/03/08 15:49:31 138705	INFO [input.cpp->run:173]	
frame_id 180
2020/03/08 15:49:31 164011	INFO [input.cpp->run:235]	rotation: 
[0.999977550527121, -0.003880799215599715, 0.005462402331148822;
 0.003833679935280442, 0.9999555817612024, 0.008610307936953264;
 -0.005495574577145468, -0.0085891735378634, 0.9999480110275751]
2020/03/08 15:49:31 164041	INFO [input.cpp->run:256]	frame times (ms): 38.444
2020/03/08 15:49:31 164044	INFO [input.cpp->run:257]	FPS: 26.0119
2020/03/08 15:49:31 206690	INFO [input.cpp->run:173]	
frame_id 181
2020/03/08 15:49:31 231430	INFO [input.cpp->run:235]	rotation: 
[0.9999772526441433, -0.00626631554489998, 0.002495492689431192;
 0.006247606094949016, 0.9999528369075853, 0.007435817275483529;
 -0.002541970171661258, -0.007420057274965487, 0.9999692400957555]
2020/03/08 15:49:31 231459	INFO [input.cpp->run:256]	frame times (ms): 37.809
2020/03/08 15:49:31 231461	INFO [input.cpp->run:257]	FPS: 26.4487
2020/03/08 15:49:31 272581	INFO [input.cpp->run:173]	
frame_id 182
2020/03/08 15:49:31 296600	INFO [input.cpp->run:235]	rotation: 
[0.9999737118710537, -0.004172404662519206, 0.005930143856525599;
 0.004126847297294134, 0.9999620393012009, 0.007673922593332346;
 -0.005961937454529057, -0.007649248062118821, 0.999952971047075]
2020/03/08 15:49:31 296635	INFO [input.cpp->run:256]	frame times (ms): 37.941
2020/03/08 15:49:31 296638	INFO [input.cpp->run:257]	FPS: 26.3567
2020/03/08 15:49:31 338940	INFO [input.cpp->run:173]	
frame_id 183
2020/03/08 15:49:31 363072	INFO [input.cpp->run:235]	rotation: 
[0.9999881757495144, -0.001968749566061973, 0.004446615151387874;
 0.001951110098462457, 0.999990224806441, 0.00396780303788173;
 -0.004454383295373135, -0.003959080285858884, 0.9999822419186993]
2020/03/08 15:49:31 363100	INFO [input.cpp->run:256]	frame times (ms): 37.819
2020/03/08 15:49:31 363102	INFO [input.cpp->run:257]	FPS: 26.4417
2020/03/08 15:49:31 405562	INFO [input.cpp->run:173]	
frame_id 184
2020/03/08 15:49:31 428486	INFO [input.cpp->run:235]	rotation: 
[0.999975883590224, -0.004269559960043272, 0.005477508165065858;
 0.004224608327107064, 0.9999575204108287, 0.008192072894551939;
 -0.005512252029189659, -0.008168735004559164, 0.9999514422440682]
2020/03/08 15:49:31 428518	INFO [input.cpp->run:256]	frame times (ms): 37.77
2020/03/08 15:49:31 428522	INFO [input.cpp->run:257]	FPS: 26.476
2020/03/08 15:49:31 472956	INFO [input.cpp->run:173]	
frame_id 185
2020/03/08 15:49:31 519862	INFO [input.cpp->run:235]	rotation: 
[0.9999848767722148, -0.003049540494002673, 0.004576737881263172;
 0.003037399422231661, 0.9999918562114489, 0.002657388855756613;
 -0.004584804424201555, -0.002643447286463379, 0.9999859957793586]
2020/03/08 15:49:31 519890	INFO [input.cpp->run:256]	frame times (ms): 68.44
2020/03/08 15:49:31 519892	INFO [input.cpp->run:257]	FPS: 14.6113
2020/03/08 15:49:31 538805	INFO [input.cpp->run:173]	
frame_id 186
2020/03/08 15:49:31 565990	INFO [input.cpp->run:235]	rotation: 
[0.9999813072586871, -0.002564682676546982, -0.00555045367298419;
 0.002571260082083208, 0.9999960002134368, 0.001178209963593158;
 0.005547409737671207, -0.001192459599585893, 0.9999839020130803]
2020/03/08 15:49:31 566024	INFO [input.cpp->run:256]	frame times (ms): 39.962
2020/03/08 15:49:31 566027	INFO [input.cpp->run:257]	FPS: 25.0238
2020/03/08 15:49:31 605302	INFO [input.cpp->run:173]	
frame_id 187
2020/03/08 15:49:31 628901	INFO [input.cpp->run:235]	rotation: 
[0.9999807755367627, -0.004577323018478, 0.0041829022077056;
 0.004547158495085819, 0.9999637938073423, 0.007192664599955766;
 -0.004215673909979969, -0.007173506005531704, 0.9999653838533978]
2020/03/08 15:49:31 628928	INFO [input.cpp->run:256]	frame times (ms): 36.684
2020/03/08 15:49:31 628930	INFO [input.cpp->run:257]	FPS: 27.2598
2020/03/08 15:49:31 672551	INFO [input.cpp->run:173]	
frame_id 188
2020/03/08 15:49:31 700552	INFO [input.cpp->run:235]	rotation: 
[0.9999724702010567, -0.004336762173966049, 0.006020908058030434;
 0.004276324177810535, 0.9999407060120518, 0.01001486453456876;
 -0.006063983140071516, -0.009988841472660749, 0.9999317232463979]
2020/03/08 15:49:31 700583	INFO [input.cpp->run:256]	frame times (ms): 43.509
2020/03/08 15:49:31 700587	INFO [input.cpp->run:257]	FPS: 22.9838
2020/03/08 15:49:31 738841	INFO [input.cpp->run:173]	
frame_id 189
2020/03/08 15:49:31 770393	INFO [input.cpp->run:235]	rotation: 
[0.9999753982079698, -0.00234693503200804, 0.006610209888341542;
 0.002279971955319389, 0.9999461959376361, 0.01011963229241535;
 -0.00663360435173458, -0.01010431223816207, 0.9999269464153361]
2020/03/08 15:49:31 770421	INFO [input.cpp->run:256]	frame times (ms): 46.09
2020/03/08 15:49:31 770423	INFO [input.cpp->run:257]	FPS: 21.6967
2020/03/08 15:49:31 805420	INFO [input.cpp->run:173]	
frame_id 190
2020/03/08 15:49:31 827422	INFO [input.cpp->run:235]	rotation: 
[0.9999776564998946, -0.002338543911298911, 0.00626240475805617;
 0.002308398189403869, 0.9999857353891042, 0.004816670645963726;
 -0.006273579423100874, -0.00480210690087783, 0.9999687904982508]
2020/03/08 15:49:31 827446	INFO [input.cpp->run:256]	frame times (ms): 35.705
2020/03/08 15:49:31 827448	INFO [input.cpp->run:257]	FPS: 28.0073
2020/03/08 15:49:31 872507	INFO [input.cpp->run:173]	
frame_id 191
2020/03/08 15:49:31 910034	INFO [input.cpp->run:235]	rotation: 
[0.9999976142449003, -0.001598532947329625, 0.001488689666777054;
 0.001597681915471772, 0.9999985597246319, 0.0005726789316992261;
 -0.001489602968794558, -0.0005702991128691849, 0.9999987279201495]
2020/03/08 15:49:31 910067	INFO [input.cpp->run:256]	frame times (ms): 54.642
2020/03/08 15:49:31 910072	INFO [input.cpp->run:257]	FPS: 18.3009
2020/03/08 15:49:31 938795	INFO [input.cpp->run:173]	
frame_id 192
2020/03/08 15:49:31 972353	INFO [input.cpp->run:235]	rotation: 
[0.999959260961774, -0.007934423816833991, 0.004303642117731367;
 0.007858620545220659, 0.9998185312998632, 0.01735357463206532;
 -0.004440551757258273, -0.01731904697375935, 0.999840153280519]
2020/03/08 15:49:31 972388	INFO [input.cpp->run:256]	frame times (ms): 46.507
2020/03/08 15:49:31 972391	INFO [input.cpp->run:257]	FPS: 21.5021
2020/03/08 15:49:32 005517	INFO [input.cpp->run:173]	
frame_id 193
2020/03/08 15:49:32 030777	INFO [input.cpp->run:235]	rotation: 
[0.9999959747712832, 0.00162052781765242, -0.002329019283599107;
 -0.001580214644529978, 0.9998506841622758, 0.01720791393243712;
 0.002356557427344984, -0.01720416431626846, 0.9998492203163787]
2020/03/08 15:49:32 030807	INFO [input.cpp->run:256]	frame times (ms): 35.824
2020/03/08 15:49:32 030808	INFO [input.cpp->run:257]	FPS: 27.9142
2020/03/08 15:49:32 072808	INFO [input.cpp->run:173]	
frame_id 194
2020/03/08 15:49:32 110222	INFO [input.cpp->run:235]	rotation: 
[0.9999207244183133, -0.002202920052373145, -0.01239725864852928;
 0.002223569191425186, 0.9999961631713762, 0.00165208431301974;
 0.01239357167271108, -0.001679519505463829, 0.9999217862390158]
2020/03/08 15:49:32 110253	INFO [input.cpp->run:256]	frame times (ms): 49.468
2020/03/08 15:49:32 110255	INFO [input.cpp->run:257]	FPS: 20.2151
2020/03/08 15:49:32 138685	INFO [input.cpp->run:173]	
frame_id 195
2020/03/08 15:49:32 173267	INFO [input.cpp->run:235]	rotation: 
[0.9994414028395883, -0.02732665194805832, -0.01923892885130095;
 0.0276885408530986, 0.9994397564409762, 0.01880207304072074;
 0.01871435265944374, -0.01932426812357944, 0.9996381073498679]
2020/03/08 15:49:32 173296	INFO [input.cpp->run:256]	frame times (ms): 44.312
2020/03/08 15:49:32 173298	INFO [input.cpp->run:257]	FPS: 22.5673
2020/03/08 15:49:32 205643	INFO [input.cpp->run:173]	
frame_id 196
2020/03/08 15:49:32 238879	INFO [input.cpp->run:235]	rotation: 
[0.9999975271481962, -0.001071109610812217, 0.00194895400002744;
 0.00102275403411718, 0.9996957396737485, 0.02464512228296936;
 -0.001974758637984473, -0.02464306803866843, 0.9996943630560109]
2020/03/08 15:49:32 238911	INFO [input.cpp->run:256]	frame times (ms): 43.653
2020/03/08 15:49:32 238914	INFO [input.cpp->run:257]	FPS: 22.9079
2020/03/08 15:49:32 272066	INFO [input.cpp->run:173]	
frame_id 197
2020/03/08 15:49:32 305235	INFO [input.cpp->run:235]	rotation: 
[0.9996630367595492, -0.01480603621052159, -0.02132121545336728;
 0.01497090270152156, 0.9998590935417977, 0.007593756256051429;
 0.0212057777263122, -0.007910395281366736, 0.9997438375091465]
2020/03/08 15:49:32 305265	INFO [input.cpp->run:256]	frame times (ms): 42.778
2020/03/08 15:49:32 305267	INFO [input.cpp->run:257]	FPS: 23.3765
2020/03/08 15:49:32 338652	INFO [input.cpp->run:173]	
frame_id 198
2020/03/08 15:49:32 371364	INFO [input.cpp->run:235]	rotation: 
[0.9996641440021831, -0.006187956718387581, -0.02516561916651154;
 0.006382175617728512, 0.9999504123804226, 0.007644646140092446;
 0.02511706652391961, -0.00780269004088466, 0.9996540656633968]
2020/03/08 15:49:32 371396	INFO [input.cpp->run:256]	frame times (ms): 42.797
2020/03/08 15:49:32 371399	INFO [input.cpp->run:257]	FPS: 23.3661
2020/03/08 15:49:32 405456	INFO [input.cpp->run:173]	
frame_id 199
2020/03/08 15:49:32 439932	INFO [input.cpp->run:235]	rotation: 
[0.9997564670909357, 0.01362099893371863, -0.01736303250870948;
 -0.01362287567147316, 0.9999072042717894, 1.018890406746224e-05;
 0.01736156007651533, 0.0002263480104118816, 0.999849251136534]
2020/03/08 15:49:32 439961	INFO [input.cpp->run:256]	frame times (ms): 44.946
2020/03/08 15:49:32 439963	INFO [input.cpp->run:257]	FPS: 22.2489
2020/03/08 15:49:32 472316	INFO [input.cpp->run:173]	
frame_id 200
2020/03/08 15:49:32 492586	INFO [input.cpp->run:235]	rotation: 
[0.9998722132883118, 0.009806872691896302, -0.01262467195366457;
 -0.009774834951580189, 0.9999488530003771, 0.002596918346736154;
 0.01264949388719061, -0.002473182410415187, 0.9999169333865502]
2020/03/08 15:49:32 492613	INFO [input.cpp->run:256]	frame times (ms): 30.608
2020/03/08 15:49:32 492615	INFO [input.cpp->run:257]	FPS: 32.6712
2020/03/08 15:49:32 539248	INFO [input.cpp->run:173]	
frame_id 201
2020/03/08 15:49:32 568849	INFO [input.cpp->run:235]	rotation: 
[0.9999653412306544, 0.007101464261180301, -0.00434574997072007;
 -0.007078306662967368, 0.9999607905874996, 0.005321171150009172;
 0.004383367683166259, -0.005290226173792298, 0.9999763995189008]
2020/03/08 15:49:32 568883	INFO [input.cpp->run:256]	frame times (ms): 47.672
2020/03/08 15:49:32 568886	INFO [input.cpp->run:257]	FPS: 20.9767
g3log g3FileSink shutdown at: 15:49:32 700711
