		g3log created log at: Mon Mar 09 15:39:27 2020
		LOG format: [YYYY/MM/DD hh:mm:ss uuu* LEVEL FILE->FUNCTION:LINE] message		(uuu*: microseconds fractions of the seconds value)

2020/03/09 15:39:27 635319	INFO [g3logger.h->logBanner:29]	Starting log.
2020/03/09 15:39:27 639122	DEBUG [main.cpp->main:48]	Filepath: /home/mitchell/KITTI/data_odometry_gray/dataset/sequences/00/
2020/03/09 15:39:27 639127	DEBUG [main.cpp->main:52]	Calibration Filepath: /home/mitchell/visual_odom_catkin_ws/tank_downsized.yaml
2020/03/09 15:39:27 639251	INFO [main.cpp->main:66]	P_left: 
[409.41, 0, 251.22, 0;
 0, 408.72, 191.78999, 0;
 0, 0, 1, 0]
2020/03/09 15:39:27 639262	INFO [main.cpp->main:67]	P_right: 
[409.41, 0, 251.22, -73.940002;
 0, 408.72, 191.78999, 0;
 0, 0, 1, 0]
2020/03/09 15:39:27 801208	INFO [input.cpp->Input:22]	frame_pose [1, 0, 0, 0;
 0, 1, 0, 0;
 0, 0, 1, 0;
 0, 0, 0, 1]
2020/03/09 15:39:28 157161	INFO [input.cpp->run:173]	
frame_id 1
2020/03/09 15:39:28 300692	INFO [input.cpp->run:235]	rotation: 
[0.9999954419549055, 0.002421568340105035, 0.001803351376566523;
 -0.00241250492991688, 0.9999845337292025, -0.005011199691942372;
 -0.001815458447965742, 0.005006826256581861, 0.9999858178001627]
2020/03/09 15:39:28 300791	INFO [input.cpp->run:256]	frame times (ms): 296.814
2020/03/09 15:39:28 300797	INFO [input.cpp->run:257]	FPS: 3.36911
2020/03/09 15:39:28 410358	INFO [input.cpp->run:173]	
frame_id 2
2020/03/09 15:39:28 467264	INFO [input.cpp->run:235]	rotation: 
[0.9999962275276426, 0.001964450235423365, 0.001919860868855213;
 -0.001955198209329841, 0.999986524469376, -0.004809166208445603;
 -0.001929282365401652, 0.004805394357466072, 0.9999865929374372]
2020/03/09 15:39:28 467323	INFO [input.cpp->run:256]	frame times (ms): 241.383
2020/03/09 15:39:28 467328	INFO [input.cpp->run:257]	FPS: 4.14279
2020/03/09 15:39:28 471597	INFO [input.cpp->run:173]	
frame_id 3
2020/03/09 15:39:28 535092	INFO [input.cpp->run:235]	rotation: 
[0.9999934252883584, 0.003312567188347488, 0.00147522156948744;
 -0.003305285752429341, 0.9999824773993504, -0.004911209662839614;
 -0.001491464431753225, 0.004906301344216965, 0.9999868517840464]
2020/03/09 15:39:28 535166	INFO [input.cpp->run:256]	frame times (ms): 241.7
2020/03/09 15:39:28 535171	INFO [input.cpp->run:257]	FPS: 4.13736
2020/03/09 15:39:28 557050	INFO [input.cpp->run:173]	
frame_id 4
2020/03/09 15:39:28 629454	INFO [input.cpp->run:235]	rotation: 
[0.9999940517777557, 0.003351131482795328, 0.0008162884859595926;
 -0.003347547030144773, 0.9999849197468332, -0.004353643049283622;
 -0.0008308658064098746, 0.004350884588750278, 0.9999901896845325]
2020/03/09 15:39:28 629515	INFO [input.cpp->run:256]	frame times (ms): 252.97
2020/03/09 15:39:28 629519	INFO [input.cpp->run:257]	FPS: 3.95304
2020/03/09 15:39:28 691858	INFO [input.cpp->run:173]	
frame_id 5
2020/03/09 15:39:28 759793	INFO [input.cpp->run:235]	rotation: 
[0.9999973246904322, 0.001992922421237186, 0.001174253891254473;
 -0.001987233961847103, 0.9999863815103813, -0.004825732582207414;
 -0.001183855210352022, 0.004823386154666333, 0.9999876666403661]
2020/03/09 15:39:28 759854	INFO [input.cpp->run:256]	frame times (ms): 254.517
2020/03/09 15:39:28 759859	INFO [input.cpp->run:257]	FPS: 3.92901
2020/03/09 15:39:28 823875	INFO [input.cpp->run:173]	
frame_id 6
2020/03/09 15:39:28 882016	INFO [input.cpp->run:235]	rotation: 
[0.9999899446724033, 0.004137578701262083, 0.001729449789585757;
 -0.004124094895034916, 0.9999616282875299, -0.007728764056995016;
 -0.001761361797185002, 0.007721553926692056, 0.999968637112973]
2020/03/09 15:39:28 882076	INFO [input.cpp->run:256]	frame times (ms): 246.09
2020/03/09 15:39:28 882081	INFO [input.cpp->run:257]	FPS: 4.06355
2020/03/09 15:39:28 957745	INFO [input.cpp->run:173]	
frame_id 7
2020/03/09 15:39:29 013597	INFO [input.cpp->run:235]	rotation: 
[0.9999611199269561, -0.006369292224522075, 0.006098422007883826;
 0.006509492244093021, 0.9997084295804168, -0.02325257698795679;
 -0.005948541430610698, 0.02329137055682657, 0.9997110217019881]
2020/03/09 15:39:29 013646	INFO [input.cpp->run:256]	frame times (ms): 241.485
2020/03/09 15:39:29 013651	INFO [input.cpp->run:257]	FPS: 4.14104
2020/03/09 15:39:29 093444	INFO [input.cpp->run:173]	
frame_id 8
2020/03/09 15:39:29 152603	INFO [input.cpp->run:235]	rotation: 
[-0.9884723420077006, -0.02468010246793152, -0.1493764426808445;
 -0.02211012943325292, -0.9525157971289111, 0.3036853608528405;
 -0.1497784071962846, 0.3034873123576133, 0.9409898405273551]
2020/03/09 15:39:29 152656	INFO [input.cpp->run:256]	frame times (ms): 241.656
2020/03/09 15:39:29 152658	INFO [input.cpp->run:257]	FPS: 4.13811
2020/03/09 15:39:29 224681	INFO [input.cpp->run:173]	
frame_id 9
2020/03/09 15:39:29 283856	INFO [input.cpp->run:235]	rotation: 
[-0.9692878399420161, -0.05699730560807519, -0.2392329210078754;
 -0.04416616440484325, -0.916612781027715, 0.3973290318846616;
 -0.241930637295703, 0.3956921995820208, 0.8859442702154789]
2020/03/09 15:39:29 283921	INFO [input.cpp->run:256]	frame times (ms): 254.001
2020/03/09 15:39:29 283926	INFO [input.cpp->run:257]	FPS: 3.93699
2020/03/09 15:39:29 360590	INFO [input.cpp->run:173]	
frame_id 10
2020/03/09 15:39:29 416708	INFO [input.cpp->run:235]	rotation: 
[-0.9856712477246441, -0.02205576959451648, -0.1672295860083883;
 -0.02514586553375616, -0.9611226561002333, 0.2749744085863098;
 -0.1667929160830927, 0.2752395010866467, 0.9467963562382735]
2020/03/09 15:39:29 416772	INFO [input.cpp->run:256]	frame times (ms): 236.655
2020/03/09 15:39:29 416777	INFO [input.cpp->run:257]	FPS: 4.22556
2020/03/09 15:39:29 489601	INFO [input.cpp->run:173]	
frame_id 11
2020/03/09 15:39:29 546160	INFO [input.cpp->run:235]	rotation: 
[-0.983380093420831, -0.007861720539127683, -0.1813884925065598;
 -0.01694446193866513, -0.9907275612258943, 0.1348027619783844;
 -0.180766360458042, 0.1356358830750789, 0.9741285490884648]
2020/03/09 15:39:29 546225	INFO [input.cpp->run:256]	frame times (ms): 233.168
2020/03/09 15:39:29 546232	INFO [input.cpp->run:257]	FPS: 4.28875
2020/03/09 15:39:29 628948	INFO [input.cpp->run:173]	
frame_id 12
2020/03/09 15:39:29 682393	INFO [input.cpp->run:235]	rotation: 
[0.9999881894876055, 0.004510422224366015, 0.001810242154720138;
 -0.004493387002660261, 0.9999465957994952, -0.009306719198799069;
 -0.001852122713295342, 0.009298475163106931, 0.9999550529904312]
2020/03/09 15:39:29 682441	INFO [input.cpp->run:256]	frame times (ms): 235.666
2020/03/09 15:39:29 682446	INFO [input.cpp->run:257]	FPS: 4.24329
2020/03/09 15:39:29 759623	INFO [input.cpp->run:173]	
frame_id 13
2020/03/09 15:39:29 813871	INFO [input.cpp->run:235]	rotation: 
[-0.9744838390649494, 0.0003740358895218936, -0.224457362317192;
 -0.01292919093978842, -0.998431783869381, 0.05446842187036539;
 -0.2240849915163448, 0.05598064894728316, 0.972960473770935]
2020/03/09 15:39:29 813912	INFO [input.cpp->run:256]	frame times (ms): 229.703
2020/03/09 15:39:29 813917	INFO [input.cpp->run:257]	FPS: 4.35345
2020/03/09 15:39:29 890892	INFO [input.cpp->run:173]	
frame_id 14
2020/03/09 15:39:29 947521	INFO [input.cpp->run:235]	rotation: 
[-0.9574581467246325, -0.02840487515655763, -0.2871707860106467;
 -0.03004703601097059, -0.9799214607578485, 0.1971068399958759;
 -0.2870036112971189, 0.1973501806777606, 0.9373803034461878]
2020/03/09 15:39:29 947563	INFO [input.cpp->run:256]	frame times (ms): 237.348
2020/03/09 15:39:29 947571	INFO [input.cpp->run:257]	FPS: 4.21322
2020/03/09 15:39:30 024700	INFO [input.cpp->run:173]	
frame_id 15
2020/03/09 15:39:30 079432	INFO [input.cpp->run:235]	rotation: 
[-0.9731089814193675, -0.02490580426745581, -0.2289947842086196;
 -0.02431879747295312, -0.9774732394475231, 0.2096536721677792;
 -0.2290578668599499, 0.2095847491535497, 0.9505823091935873]
2020/03/09 15:39:30 079474	INFO [input.cpp->run:256]	frame times (ms): 235.625
2020/03/09 15:39:30 079477	INFO [input.cpp->run:257]	FPS: 4.24403
2020/03/09 15:39:30 157191	INFO [input.cpp->run:173]	
frame_id 16
2020/03/09 15:39:30 210575	INFO [input.cpp->run:235]	rotation: 
[-0.9886815505657096, -0.01144070131933848, -0.1495924527651907;
 -0.02217785556004225, -0.974989079082216, 0.2211434792011064;
 -0.1483810442534423, 0.2219581177243445, 0.9636999842702727]
2020/03/09 15:39:30 210619	INFO [input.cpp->run:256]	frame times (ms): 222.862
2020/03/09 15:39:30 210621	INFO [input.cpp->run:257]	FPS: 4.48708
2020/03/09 15:39:30 299573	INFO [input.cpp->run:173]	
frame_id 17
2020/03/09 15:39:30 361215	INFO [input.cpp->run:235]	rotation: 
[-0.9823157078695758, -0.03555141127210736, -0.1838258611546692;
 -0.02914486419684003, -0.9408055369095371, 0.3376914547501988;
 -0.1849497957923771, 0.3370772001736684, 0.9231319159033766]
2020/03/09 15:39:30 361278	INFO [input.cpp->run:256]	frame times (ms): 234.21
2020/03/09 15:39:30 361282	INFO [input.cpp->run:257]	FPS: 4.26967
2020/03/09 15:39:30 428596	INFO [input.cpp->run:173]	
frame_id 18
2020/03/09 15:39:30 484058	INFO [input.cpp->run:235]	rotation: 
[0.9999852037957717, 0.004421578224242832, 0.003168885535307508;
 -0.004373706224010305, 0.9998785591470625, -0.0149578625431699;
 -0.003234638062447336, 0.01494378144919194, 0.9998831034238971]
2020/03/09 15:39:30 484121	INFO [input.cpp->run:256]	frame times (ms): 236.138
2020/03/09 15:39:30 484124	INFO [input.cpp->run:257]	FPS: 4.23481
2020/03/09 15:39:30 557134	INFO [input.cpp->run:173]	
frame_id 19
2020/03/09 15:39:30 614166	INFO [input.cpp->run:235]	rotation: 
[-0.956551179382416, -0.03422630175262286, -0.2895486167994029;
 -0.03227646213526449, -0.9745519373015011, 0.2218259486487588;
 -0.2897724472998423, 0.2215334777640377, 0.9311041010626204]
2020/03/09 15:39:30 614225	INFO [input.cpp->run:256]	frame times (ms): 278.034
2020/03/09 15:39:30 614228	INFO [input.cpp->run:257]	FPS: 3.59668
2020/03/09 15:39:30 698373	INFO [input.cpp->run:173]	
frame_id 20
2020/03/09 15:39:30 752627	INFO [input.cpp->run:235]	rotation: 
[0.9999984629424137, 0.001150679594991519, 0.001322894281433642;
 -0.001139149476560938, 0.9999616463264155, -0.008683790338023356;
 -0.001332835803927333, 0.008682270016209297, 0.9999614201238393]
2020/03/09 15:39:30 752686	INFO [input.cpp->run:256]	frame times (ms): 227.745
2020/03/09 15:39:30 752689	INFO [input.cpp->run:257]	FPS: 4.39088
2020/03/09 15:39:30 830943	INFO [input.cpp->run:173]	
frame_id 21
2020/03/09 15:39:30 884316	INFO [input.cpp->run:235]	rotation: 
[-0.9689279426403514, -0.03612726182343725, -0.2446905452277974;
 -0.02979152127737855, -0.9650276079487771, 0.2604499590259919;
 -0.2455424754104989, 0.2596469465443454, 0.9339659286716415]
2020/03/09 15:39:30 884374	INFO [input.cpp->run:256]	frame times (ms): 235.036
2020/03/09 15:39:30 884377	INFO [input.cpp->run:257]	FPS: 4.25467
2020/03/09 15:39:30 963840	INFO [input.cpp->run:173]	
frame_id 22
2020/03/09 15:39:31 016789	INFO [input.cpp->run:235]	rotation: 
[-0.9715092052489573, -0.01422925990709739, -0.2365742849065288;
 -0.02004618355616138, -0.989685480264506, 0.1418478081552435;
 -0.2361525241054431, 0.1425488629071111, 0.9612033120222372]
2020/03/09 15:39:31 016853	INFO [input.cpp->run:256]	frame times (ms): 229.244
2020/03/09 15:39:31 016857	INFO [input.cpp->run:257]	FPS: 4.36216
2020/03/09 15:39:31 095048	INFO [input.cpp->run:173]	
frame_id 23
2020/03/09 15:39:31 148604	INFO [input.cpp->run:235]	rotation: 
[0.9999997522235208, -0.0007025561280238567, -4.435971077519771e-05;
 0.0007027807981602812, 0.9999857821180923, 0.005285987213100073;
 4.064537736484924e-05, -0.005286017078509717, 0.9999860280880923]
2020/03/09 15:39:31 148667	INFO [input.cpp->run:256]	frame times (ms): 233.496
2020/03/09 15:39:31 148671	INFO [input.cpp->run:257]	FPS: 4.28273
2020/03/09 15:39:31 237343	INFO [input.cpp->run:173]	
frame_id 24
2020/03/09 15:39:31 291839	INFO [input.cpp->run:235]	rotation: 
[-0.9737710660863663, -0.03073292854343178, -0.2254448889555181;
 -0.02807325994167384, -0.9670365601218404, 0.2530853284249514;
 -0.2257915032264695, 0.2527761430413532, 0.9408094486025684]
2020/03/09 15:39:31 291902	INFO [input.cpp->run:256]	frame times (ms): 240.574
2020/03/09 15:39:31 291906	INFO [input.cpp->run:257]	FPS: 4.15672
2020/03/09 15:39:31 368379	INFO [input.cpp->run:173]	
frame_id 25
2020/03/09 15:39:31 432997	INFO [input.cpp->run:235]	rotation: 
[0.9999989290324101, -0.001419133061671857, 0.000357764428304569;
 0.001417017953502816, 0.9999819166319747, 0.005844524716503438;
 -0.000366052116973694, -0.005844011498588856, 0.9999828566207782]
2020/03/09 15:39:31 433060	INFO [input.cpp->run:256]	frame times (ms): 246.421
2020/03/09 15:39:31 433064	INFO [input.cpp->run:257]	FPS: 4.0581
2020/03/09 15:39:31 503300	INFO [input.cpp->run:173]	
frame_id 26
2020/03/09 15:39:31 561586	INFO [input.cpp->run:235]	rotation: 
[-0.956516855042791, -0.03167605520741583, -0.2899519504082444;
 -0.03329555980827759, -0.9757296607183502, 0.2164325181009233;
 -0.2897704465885051, 0.2166754640492315, 0.9322471944516366]
2020/03/09 15:39:31 561649	INFO [input.cpp->run:256]	frame times (ms): 243.056
2020/03/09 15:39:31 561653	INFO [input.cpp->run:257]	FPS: 4.11428
2020/03/09 15:39:31 632118	INFO [input.cpp->run:173]	
frame_id 27
2020/03/09 15:39:31 690908	INFO [input.cpp->run:235]	rotation: 
[-0.9697457710396377, -0.04805111826291658, -0.2393412408767486;
 -0.04138651953083208, -0.9338824702863495, 0.3551769808039221;
 -0.2405832403802531, 0.3543368760453091, 0.9036399076637704]
2020/03/09 15:39:31 690963	INFO [input.cpp->run:256]	frame times (ms): 247.986
2020/03/09 15:39:31 690966	INFO [input.cpp->run:257]	FPS: 4.03249
2020/03/09 15:39:31 825128	INFO [input.cpp->run:173]	
frame_id 28
2020/03/09 15:39:31 883660	INFO [input.cpp->run:235]	rotation: 
[-0.9845660303592836, -0.009560388656574489, -0.1747521983589833;
 -0.01972180838053381, -0.986086144754493, 0.1650610959536576;
 -0.1738987697965794, 0.1659599773799584, 0.9706783729800929]
2020/03/09 15:39:31 883720	INFO [input.cpp->run:256]	frame times (ms): 256.494
2020/03/09 15:39:31 883723	INFO [input.cpp->run:257]	FPS: 3.89873
2020/03/09 15:39:32 025491	INFO [input.cpp->run:173]	
frame_id 29
2020/03/09 15:39:32 084487	INFO [input.cpp->run:235]	rotation: 
[-0.9498513917806495, -0.01999753788342575, -0.312061583683356;
 -0.02141274283990423, -0.9914510493542861, 0.1287101828852603;
 -0.3119676713642542, 0.1289376407915314, 0.9413029569754248]
2020/03/09 15:39:32 084551	INFO [input.cpp->run:256]	frame times (ms): 249.848
2020/03/09 15:39:32 084555	INFO [input.cpp->run:257]	FPS: 4.00243
2020/03/09 15:39:32 224739	INFO [input.cpp->run:173]	
frame_id 30
2020/03/09 15:39:32 286244	INFO [input.cpp->run:235]	rotation: 
[-0.9571613983297604, -0.02763190332347268, -0.2882334738820944;
 -0.03408738089688879, -0.9777614618121392, 0.2069313273977122;
 -0.2875414891993991, 0.2078918029016801, 0.9349336288075649]
2020/03/09 15:39:32 286300	INFO [input.cpp->run:256]	frame times (ms): 252.386
2020/03/09 15:39:32 286303	INFO [input.cpp->run:257]	FPS: 3.96218
2020/03/09 15:39:32 426952	INFO [input.cpp->run:173]	
frame_id 31
2020/03/09 15:39:32 489074	INFO [input.cpp->run:235]	rotation: 
[-0.9650096940433979, -0.01653857264430873, -0.2616921206631118;
 -0.0244112917169103, -0.9880082348531787, 0.1524592296288355;
 -0.261075428255858, 0.1535128772357388, 0.953033796506622]
2020/03/09 15:39:32 489135	INFO [input.cpp->run:256]	frame times (ms): 254.381
2020/03/09 15:39:32 489139	INFO [input.cpp->run:257]	FPS: 3.93111
2020/03/09 15:39:32 626235	INFO [input.cpp->run:173]	
frame_id 32
2020/03/09 15:39:32 690204	INFO [input.cpp->run:235]	rotation: 
[-0.9598052994371711, -0.04048522786665387, -0.2777314053125926;
 -0.03869608723591735, -0.9610034871210437, 0.2738154681054822;
 -0.2779863306080944, 0.2735566560436415, 0.9208096198070846]
2020/03/09 15:39:32 690264	INFO [input.cpp->run:256]	frame times (ms): 245.395
2020/03/09 15:39:32 690268	INFO [input.cpp->run:257]	FPS: 4.07506
2020/03/09 15:39:32 826036	INFO [input.cpp->run:173]	
frame_id 33
2020/03/09 15:39:32 888197	INFO [input.cpp->run:235]	rotation: 
[-0.9873030079663283, 0.0125626332704524, -0.1583507205728865;
 -0.01687774154569984, -0.9995211439135802, 0.02593500935038702;
 -0.1579490813552166, 0.02827831527867647, 0.987042260789295]
2020/03/09 15:39:32 888269	INFO [input.cpp->run:256]	frame times (ms): 250.436
2020/03/09 15:39:32 888274	INFO [input.cpp->run:257]	FPS: 3.99304
2020/03/09 15:39:33 026971	INFO [input.cpp->run:173]	
frame_id 34
2020/03/09 15:39:33 092392	INFO [input.cpp->run:235]	rotation: 
[0.9999941564113446, 0.001731247909477539, 0.00294786767669853;
 -0.001669295951060818, 0.9997803826951511, -0.02089018499116166;
 -0.00298338636303887, 0.02088514205393665, 0.9997774303549745]
2020/03/09 15:39:33 092467	INFO [input.cpp->run:256]	frame times (ms): 253.413
2020/03/09 15:39:33 092471	INFO [input.cpp->run:257]	FPS: 3.94613
2020/03/09 15:39:33 226401	INFO [input.cpp->run:173]	
frame_id 35
2020/03/09 15:39:33 284561	INFO [input.cpp->run:235]	rotation: 
[-0.9462117395160587, -0.03530615080105243, -0.3216159506579354;
 -0.03499369972064861, -0.9770299651111771, 0.2102091535940171;
 -0.3216500971270726, 0.2101569008870881, 0.9232417300077373]
2020/03/09 15:39:33 284621	INFO [input.cpp->run:256]	frame times (ms): 248.223
2020/03/09 15:39:33 284624	INFO [input.cpp->run:257]	FPS: 4.02864
2020/03/09 15:39:33 424174	INFO [input.cpp->run:173]	
frame_id 36
2020/03/09 15:39:33 481486	INFO [input.cpp->run:235]	rotation: 
[0.9999824390316675, 0.005300118684301937, 0.002651484529403114;
 -0.00525479305302273, 0.9998447439393864, -0.01681889314886303;
 -0.002740215000187867, 0.01680466479032775, 0.9998550367243431]
2020/03/09 15:39:33 481554	INFO [input.cpp->run:256]	frame times (ms): 260.416
2020/03/09 15:39:33 481558	INFO [input.cpp->run:257]	FPS: 3.84001
2020/03/09 15:39:33 624404	INFO [input.cpp->run:173]	
frame_id 37
2020/03/09 15:39:33 680439	INFO [input.cpp->run:235]	rotation: 
[-0.9534729567014458, -0.02929834300504173, -0.3000515421326173;
 -0.03383866141863258, -0.9785769413542117, 0.2030815472740712;
 -0.2995734731787813, 0.2037861058732773, 0.9320552329237832]
2020/03/09 15:39:33 680497	INFO [input.cpp->run:256]	frame times (ms): 249.751
2020/03/09 15:39:33 680501	INFO [input.cpp->run:257]	FPS: 4.00399
2020/03/09 15:39:33 826476	INFO [input.cpp->run:173]	
frame_id 38
2020/03/09 15:39:33 886841	INFO [input.cpp->run:235]	rotation: 
[-0.9705165220697727, -0.04258297348936401, -0.2372432733680694;
 -0.03891083959602053, -0.9436816273421086, 0.3285588726223697;
 -0.2378731320505222, 0.3281031493078875, 0.91420167165824]
2020/03/09 15:39:33 886901	INFO [input.cpp->run:256]	frame times (ms): 251.973
2020/03/09 15:39:33 886905	INFO [input.cpp->run:257]	FPS: 3.96868
2020/03/09 15:39:34 026177	INFO [input.cpp->run:173]	
frame_id 39
2020/03/09 15:39:34 087489	INFO [input.cpp->run:235]	rotation: 
[-0.958759053221743, -0.02687873426255933, -0.2829463049940566;
 -0.03186169712126395, -0.9790788342506038, 0.2009713128260635;
 -0.2824285929609461, 0.2016982150811488, 0.9378442940654803]
2020/03/09 15:39:34 087549	INFO [input.cpp->run:256]	frame times (ms): 259.758
2020/03/09 15:39:34 087553	INFO [input.cpp->run:257]	FPS: 3.84974
2020/03/09 15:39:34 226917	INFO [input.cpp->run:173]	
frame_id 40
2020/03/09 15:39:34 283731	INFO [input.cpp->run:235]	rotation: 
[0.9999868344550025, 0.004601190129031616, 0.002271555867662119;
 -0.004575203048459149, 0.9999255068869515, -0.01131583818983474;
 -0.00232345297537486, 0.01130529638132739, 0.9999333937018013]
2020/03/09 15:39:34 283787	INFO [input.cpp->run:256]	frame times (ms): 249.73
2020/03/09 15:39:34 283790	INFO [input.cpp->run:257]	FPS: 4.00432
2020/03/09 15:39:34 424939	INFO [input.cpp->run:173]	
frame_id 41
2020/03/09 15:39:34 483714	INFO [input.cpp->run:235]	rotation: 
[-0.943259859388245, -0.01616965804094874, -0.3316615440862977;
 -0.03055643749627862, -0.9903488441062366, 0.1351868007794291;
 -0.3306465511606078, 0.1376506779361432, 0.9336622242916954]
2020/03/09 15:39:34 483768	INFO [input.cpp->run:256]	frame times (ms): 253.707
2020/03/09 15:39:34 483772	INFO [input.cpp->run:257]	FPS: 3.94155
2020/03/09 15:39:34 626901	INFO [input.cpp->run:173]	
frame_id 42
2020/03/09 15:39:34 685648	INFO [input.cpp->run:235]	rotation: 
[-0.9852207919027924, 0.01812213555283037, -0.1703278585711667;
 -0.01689458999539139, -0.9998198267737932, -0.008653717057410824;
 -0.1704539938849253, -0.005648202636852124, 0.985349447544196]
2020/03/09 15:39:34 685705	INFO [input.cpp->run:256]	frame times (ms): 254.082
2020/03/09 15:39:34 685709	INFO [input.cpp->run:257]	FPS: 3.93574
2020/03/09 15:39:34 824915	INFO [input.cpp->run:173]	
frame_id 43
2020/03/09 15:39:34 882947	INFO [input.cpp->run:235]	rotation: 
[-0.9155990677708001, -0.008969206380755705, -0.4019924134037123;
 -0.009032844443920489, -0.9990400757258001, 0.04286414369889609;
 -0.4019909884792116, 0.04287750494941479, 0.9146391445541899]
2020/03/09 15:39:34 883008	INFO [input.cpp->run:256]	frame times (ms): 263.163
2020/03/09 15:39:34 883011	INFO [input.cpp->run:257]	FPS: 3.79993
2020/03/09 15:39:35 024617	INFO [input.cpp->run:173]	
frame_id 44
2020/03/09 15:39:35 084795	INFO [input.cpp->run:235]	rotation: 
[-0.9486425155923519, -0.03678900748924502, -0.3142036704727852;
 -0.03894497069627718, -0.9720789122954449, 0.2313998217976215;
 -0.3139437320095441, 0.2317523617969429, 0.9207226378956139]
2020/03/09 15:39:35 084855	INFO [input.cpp->run:256]	frame times (ms): 255.043
2020/03/09 15:39:35 084859	INFO [input.cpp->run:257]	FPS: 3.92091
2020/03/09 15:39:35 224745	INFO [input.cpp->run:173]	
frame_id 45
2020/03/09 15:39:35 286150	INFO [input.cpp->run:235]	rotation: 
[-0.9557298436630066, -0.01946424458469653, -0.2936011054383685;
 -0.02346545099356381, -0.9895900031423138, 0.1419894302068433;
 -0.2933084358513297, 0.1425930182847059, 0.9453239617162486]
2020/03/09 15:39:35 286213	INFO [input.cpp->run:256]	frame times (ms): 265.401
2020/03/09 15:39:35 286217	INFO [input.cpp->run:257]	FPS: 3.76788
2020/03/09 15:39:35 423929	INFO [input.cpp->run:173]	
frame_id 46
2020/03/09 15:39:35 484993	INFO [input.cpp->run:235]	rotation: 
[-0.9467049509273051, -0.03126058942572389, -0.3205815207376824;
 -0.03693908462102186, -0.9781759566246108, 0.204468339624717;
 -0.3199769365393227, 0.2054131773530704, 0.9248892834564717]
2020/03/09 15:39:35 485055	INFO [input.cpp->run:256]	frame times (ms): 273.972
2020/03/09 15:39:35 485059	INFO [input.cpp->run:257]	FPS: 3.65001
2020/03/09 15:39:35 627433	INFO [input.cpp->run:173]	
frame_id 47
2020/03/09 15:39:35 692684	INFO [input.cpp->run:235]	rotation: 
[-0.9487313734649464, -0.02991552704572315, -0.3146646504532928;
 -0.03342364161299047, -0.9804349052159195, 0.1939851974135586;
 -0.3143113761616698, 0.194557081279062, 0.9291694683638334]
2020/03/09 15:39:35 692746	INFO [input.cpp->run:256]	frame times (ms): 281.009
2020/03/09 15:39:35 692755	INFO [input.cpp->run:257]	FPS: 3.5586
2020/03/09 15:39:35 827816	INFO [input.cpp->run:173]	
frame_id 48
2020/03/09 15:39:35 890149	INFO [input.cpp->run:235]	rotation: 
[-0.9480926050706642, -0.03173171761167511, -0.3164071906700834;
 -0.03697612985966058, -0.9772583722057274, 0.2088033519233192;
 -0.3158372651080349, 0.2096644272432138, 0.9253581198205656]
2020/03/09 15:39:35 890210	INFO [input.cpp->run:256]	frame times (ms): 272.259
2020/03/09 15:39:35 890214	INFO [input.cpp->run:257]	FPS: 3.67297
2020/03/09 15:39:36 025697	INFO [input.cpp->run:173]	
frame_id 49
2020/03/09 15:39:36 089986	INFO [input.cpp->run:235]	rotation: 
[-0.9553284442936376, -0.009456855621697697, -0.2953948736949381;
 -0.03350528778486168, -0.9895789106902907, 0.1400391916838683;
 -0.2936408677516664, 0.1436807133848102, 0.9450560265864032]
2020/03/09 15:39:36 090047	INFO [input.cpp->run:256]	frame times (ms): 272.973
2020/03/09 15:39:36 090051	INFO [input.cpp->run:257]	FPS: 3.66337
2020/03/09 15:39:36 224560	INFO [input.cpp->run:173]	
frame_id 50
2020/03/09 15:39:36 283907	INFO [input.cpp->run:235]	rotation: 
[-0.9333348215358716, 0.02273436285969808, -0.3582865608056858;
 0.003174132548906887, -0.9974313448588715, -0.07155862754123313;
 -0.3589930859935394, -0.06792540790003795, 0.9308652443670077]
2020/03/09 15:39:36 283971	INFO [input.cpp->run:256]	frame times (ms): 278.126
2020/03/09 15:39:36 283975	INFO [input.cpp->run:257]	FPS: 3.59549
2020/03/09 15:39:36 425925	INFO [input.cpp->run:173]	
frame_id 51
2020/03/09 15:39:36 488200	INFO [input.cpp->run:235]	rotation: 
[-0.9347854125997358, -0.02315128789910052, -0.3544576847232328;
 -0.03385746859683939, -0.9875233822371743, 0.1537896009327865;
 -0.3535956790049276, 0.1557613154909288, 0.9223386083134439]
2020/03/09 15:39:36 488273	INFO [input.cpp->run:256]	frame times (ms): 282.142
2020/03/09 15:39:36 488278	INFO [input.cpp->run:257]	FPS: 3.54431
2020/03/09 15:39:36 625629	INFO [input.cpp->run:173]	
frame_id 52
2020/03/09 15:39:36 689645	INFO [input.cpp->run:235]	rotation: 
[-0.9059706696863471, -0.03601910856634413, -0.4218053692002481;
 -0.03274656192491897, -0.987425943608835, 0.1546533820202432;
 -0.4220720416589675, 0.1539241037209174, 0.8933994414278212]
2020/03/09 15:39:36 689711	INFO [input.cpp->run:256]	frame times (ms): 274.489
2020/03/09 15:39:36 689715	INFO [input.cpp->run:257]	FPS: 3.64313
2020/03/09 15:39:36 825304	INFO [input.cpp->run:173]	
frame_id 53
2020/03/09 15:39:36 895932	INFO [input.cpp->run:235]	rotation: 
[-0.9132752790942252, -0.04503557729762411, -0.4048457253977555;
 -0.0345254769785796, -0.9817350798166875, 0.1870941594404373;
 -0.405877144016224, 0.1848459624519614, 0.8950395042289711]
2020/03/09 15:39:36 895996	INFO [input.cpp->run:256]	frame times (ms): 276.999
2020/03/09 15:39:36 896000	INFO [input.cpp->run:257]	FPS: 3.61012
2020/03/09 15:39:37 024729	INFO [input.cpp->run:173]	
frame_id 54
2020/03/09 15:39:37 084332	INFO [input.cpp->run:235]	rotation: 
[-0.9278130369580839, -0.01242744592500561, -0.3728384731199266;
 -0.02812564939966668, -0.9942699516997632, 0.103132007605775;
 -0.3719837581084209, 0.1061735453619764, 0.9221470934557043]
2020/03/09 15:39:37 084394	INFO [input.cpp->run:256]	frame times (ms): 272.26
2020/03/09 15:39:37 084397	INFO [input.cpp->run:257]	FPS: 3.67296
2020/03/09 15:39:37 225743	INFO [input.cpp->run:173]	
frame_id 55
2020/03/09 15:39:37 285512	INFO [input.cpp->run:235]	rotation: 
[-0.9129847847147969, 0.002487221197090159, -0.4079860250180054;
 -0.006275690656316312, -0.9999487242356392, 0.00794761639134175;
 -0.4079453377427692, 0.009816446925158069, 0.912953579752937]
2020/03/09 15:39:37 285571	INFO [input.cpp->run:256]	frame times (ms): 270.457
2020/03/09 15:39:37 285574	INFO [input.cpp->run:257]	FPS: 3.69745
2020/03/09 15:39:37 427023	INFO [input.cpp->run:173]	
frame_id 56
2020/03/09 15:39:37 494716	INFO [input.cpp->run:235]	rotation: 
[-0.8879064745776477, -0.007857642327163308, -0.4599569000027627;
 -0.01635862920859248, -0.9986824134396134, 0.04863982254125684;
 -0.4597330613013478, 0.05071187773576862, 0.88660804068258]
2020/03/09 15:39:37 494779	INFO [input.cpp->run:256]	frame times (ms): 276.303
2020/03/09 15:39:37 494783	INFO [input.cpp->run:257]	FPS: 3.61922
2020/03/09 15:39:37 625978	INFO [input.cpp->run:173]	
frame_id 57
2020/03/09 15:39:37 693130	INFO [input.cpp->run:235]	rotation: 
[-0.9713587677561651, -0.009383186711059827, -0.2374323063746166;
 -0.01859890700692706, -0.9931520809818266, 0.1153387389371624;
 -0.2368886340907307, 0.1164512767152538, 0.9645324645599106]
2020/03/09 15:39:37 693196	INFO [input.cpp->run:256]	frame times (ms): 276.422
2020/03/09 15:39:37 693201	INFO [input.cpp->run:257]	FPS: 3.61766
2020/03/09 15:39:37 825655	INFO [input.cpp->run:173]	
frame_id 58
2020/03/09 15:39:37 888367	INFO [input.cpp->run:235]	rotation: 
[-0.9422042887484099, -0.0144085598209614, -0.3347289525391983;
 -0.03475608631573362, -0.9894810856554425, 0.1404250532994035;
 -0.3332312901396211, 0.1439429558332495, 0.9317925373911682]
2020/03/09 15:39:37 888439	INFO [input.cpp->run:256]	frame times (ms): 276.37
2020/03/09 15:39:37 888443	INFO [input.cpp->run:257]	FPS: 3.61834
2020/03/09 15:39:38 026001	INFO [input.cpp->run:173]	
frame_id 59
2020/03/09 15:39:38 088131	INFO [input.cpp->run:235]	rotation: 
[-0.945763782729696, 0.02351325236884688, -0.3240030775160252;
 0.005989139303947889, -0.9959454964224932, -0.08975911299779868;
 -0.3247999345554343, -0.08683141780941159, 0.9417883559452163]
2020/03/09 15:39:38 088212	INFO [input.cpp->run:256]	frame times (ms): 266.736
2020/03/09 15:39:38 088217	INFO [input.cpp->run:257]	FPS: 3.74903
2020/03/09 15:39:38 225157	INFO [input.cpp->run:173]	
frame_id 60
2020/03/09 15:39:38 288083	INFO [input.cpp->run:235]	rotation: 
[-0.9826047640639946, -0.00824389736293776, -0.1855260515264928;
 -0.05295281559231597, -0.9451039431608065, 0.3224508271701922;
 -0.1779996543805288, 0.3266658457478595, 0.9282270995086537]
2020/03/09 15:39:38 288155	INFO [input.cpp->run:256]	frame times (ms): 275.231
2020/03/09 15:39:38 288159	INFO [input.cpp->run:257]	FPS: 3.63331
2020/03/09 15:39:38 425698	INFO [input.cpp->run:173]	
frame_id 61
2020/03/09 15:39:38 490300	INFO [input.cpp->run:235]	rotation: 
[-0.9435961318454692, -0.0180675329976212, -0.3306053602373195;
 -0.03153645912042578, -0.9890660224460739, 0.1440619831490881;
 -0.3295933732835259, 0.1463624524735846, 0.9327090869041129]
2020/03/09 15:39:38 490367	INFO [input.cpp->run:256]	frame times (ms): 278.865
2020/03/09 15:39:38 490373	INFO [input.cpp->run:257]	FPS: 3.58596
2020/03/09 15:39:38 624992	INFO [input.cpp->run:173]	
frame_id 62
2020/03/09 15:39:38 688131	INFO [input.cpp->run:235]	rotation: 
[-0.9859581788354588, 0.01979374452164884, -0.165815190092094;
 -0.008491204540924849, -0.9976083125744964, -0.06859704168336907;
 -0.1667764043050148, -0.06622584359657031, 0.9837681477904299]
2020/03/09 15:39:38 688186	INFO [input.cpp->run:256]	frame times (ms): 276.956
2020/03/09 15:39:38 688191	INFO [input.cpp->run:257]	FPS: 3.61068
2020/03/09 15:39:38 825470	INFO [input.cpp->run:173]	
frame_id 63
2020/03/09 15:39:38 886198	INFO [input.cpp->run:235]	rotation: 
[-0.9411345069553526, -0.01657783800550517, -0.3376255545792833;
 -0.03104826532682349, -0.9903352880813392, 0.1351740448497646;
 -0.3366033942759648, 0.1376996458525375, 0.9315239999559781]
2020/03/09 15:39:38 886253	INFO [input.cpp->run:256]	frame times (ms): 268.104
2020/03/09 15:39:38 886256	INFO [input.cpp->run:257]	FPS: 3.7299
2020/03/09 15:39:39 024803	INFO [input.cpp->run:173]	
frame_id 64
2020/03/09 15:39:39 088418	INFO [input.cpp->run:235]	rotation: 
[-0.9882804501977863, 0.0173831710687728, -0.1516561146820485;
 -0.01386105022225531, -0.9996098086691156, -0.02425080821808251;
 -0.1520184957286349, -0.02186448664130677, 0.9881357807408429]
2020/03/09 15:39:39 088487	INFO [input.cpp->run:256]	frame times (ms): 265.957
2020/03/09 15:39:39 088491	INFO [input.cpp->run:257]	FPS: 3.76001
2020/03/09 15:39:39 226175	INFO [input.cpp->run:173]	
frame_id 65
2020/03/09 15:39:39 287063	INFO [input.cpp->run:235]	rotation: 
[-0.9300707553311495, -0.04082112408708322, -0.3651054996929134;
 -0.03888902163830569, -0.9772845799991637, 0.2083326515260476;
 -0.3653163479421096, 0.2079627022427944, 0.907356313915384]
2020/03/09 15:39:39 287121	INFO [input.cpp->run:256]	frame times (ms): 271.157
2020/03/09 15:39:39 287126	INFO [input.cpp->run:257]	FPS: 3.6879
2020/03/09 15:39:39 426399	INFO [input.cpp->run:173]	
frame_id 66
2020/03/09 15:39:39 490657	INFO [input.cpp->run:235]	rotation: 
[-0.9847941222514635, 0.01397874809336053, -0.1731621534305693;
 -0.00693844593555836, -0.999126988979958, -0.04119609034656344;
 -0.1735868507317561, -0.03936819139337305, 0.9840313769181579]
2020/03/09 15:39:39 490717	INFO [input.cpp->run:256]	frame times (ms): 279.634
2020/03/09 15:39:39 490732	INFO [input.cpp->run:257]	FPS: 3.5761
2020/03/09 15:39:39 626973	INFO [input.cpp->run:173]	
frame_id 67
2020/03/09 15:39:39 688446	INFO [input.cpp->run:235]	rotation: 
[-0.9854022935063242, 0.01870117996932732, -0.1692116598235207;
 -0.006507739865272288, -0.9973595331634174, -0.07232987577685976;
 -0.1701175160714557, -0.07017284001524271, 0.9829220738440421]
2020/03/09 15:39:39 688507	INFO [input.cpp->run:256]	frame times (ms): 282.604
2020/03/09 15:39:39 688512	INFO [input.cpp->run:257]	FPS: 3.53852
2020/03/09 15:39:39 828095	INFO [input.cpp->run:173]	
frame_id 68
2020/03/09 15:39:39 887988	INFO [input.cpp->run:235]	rotation: 
[-0.9588892372051869, -0.02644305837885003, -0.2825459173933104;
 -0.03712267809773413, -0.9754050036214755, 0.2172716863308269;
 -0.2813420294639723, 0.2188283427112721, 0.9343237227446014]
2020/03/09 15:39:39 888056	INFO [input.cpp->run:256]	frame times (ms): 264.089
2020/03/09 15:39:39 888062	INFO [input.cpp->run:257]	FPS: 3.7866
2020/03/09 15:39:40 027375	INFO [input.cpp->run:173]	
frame_id 69
2020/03/09 15:39:40 089710	INFO [input.cpp->run:235]	rotation: 
[-0.974077606127187, -0.01706644724741961, -0.2255693986778347;
 -0.04950121261909143, -0.9569023290771564, 0.2861600296266985;
 -0.2207316180132977, 0.2899080353923714, 0.931252320171159]
2020/03/09 15:39:40 089770	INFO [input.cpp->run:256]	frame times (ms): 273.794
2020/03/09 15:39:40 089775	INFO [input.cpp->run:257]	FPS: 3.65238
2020/03/09 15:39:40 226196	INFO [input.cpp->run:173]	
frame_id 70
2020/03/09 15:39:40 287077	INFO [input.cpp->run:235]	rotation: 
[0.9999995325903638, 0.0008785547567281112, -0.0004036837788458691;
 -0.0008821788792453424, 0.9999585055725695, -0.009066912015596418;
 0.0003957012495384654, 0.009067263898937963, 0.9999588132247789]
2020/03/09 15:39:40 287133	INFO [input.cpp->run:256]	frame times (ms): 273.864
2020/03/09 15:39:40 287135	INFO [input.cpp->run:257]	FPS: 3.65145
2020/03/09 15:39:40 425382	INFO [input.cpp->run:173]	
frame_id 71
2020/03/09 15:39:40 491116	INFO [input.cpp->run:235]	rotation: 
[-0.9801412747825232, 0.02219088107481211, -0.1970549320996912;
 0.002193676373568985, -0.9924447105063811, -0.122673079246726;
 -0.1982883487541778, -0.1206692230232259, 0.9726873440953743]
2020/03/09 15:39:40 491166	INFO [input.cpp->run:256]	frame times (ms): 279.677
2020/03/09 15:39:40 491170	INFO [input.cpp->run:257]	FPS: 3.57555
2020/03/09 15:39:40 624884	INFO [input.cpp->run:173]	
frame_id 72
2020/03/09 15:39:40 688389	INFO [input.cpp->run:235]	rotation: 
[-0.9270742718622853, -0.008235529273917394, -0.3747872336520977;
 -0.0296654833985654, -0.995011747249353, 0.09524485251455328;
 -0.3737020919739987, 0.0994172967514608, 0.9222054801186599]
2020/03/09 15:39:40 688455	INFO [input.cpp->run:256]	frame times (ms): 279.862
2020/03/09 15:39:40 688459	INFO [input.cpp->run:257]	FPS: 3.57319
2020/03/09 15:39:40 829105	INFO [input.cpp->run:173]	
frame_id 73
2020/03/09 15:39:40 895667	INFO [input.cpp->run:235]	rotation: 
[-0.9738029810137477, 0.01079323879473156, -0.2271370955283578;
 -0.01485268971621146, -0.999758924625439, 0.01617065984985267;
 -0.2269078045747488, 0.01912063356967003, 0.9737285297222027]
2020/03/09 15:39:40 895730	INFO [input.cpp->run:256]	frame times (ms): 269.776
2020/03/09 15:39:40 895740	INFO [input.cpp->run:257]	FPS: 3.70678
2020/03/09 15:39:41 025659	INFO [input.cpp->run:173]	
frame_id 74
2020/03/09 15:39:41 090195	INFO [input.cpp->run:235]	rotation: 
[-0.9834830650601203, 0.02068084228263349, -0.1798148033461985;
 -0.001304037491225174, -0.9942348415072221, -0.1072165072147499;
 -0.1809954701813631, -0.105211133895562, 0.9778400979087722]
2020/03/09 15:39:41 090251	INFO [input.cpp->run:256]	frame times (ms): 269.895
2020/03/09 15:39:41 090256	INFO [input.cpp->run:257]	FPS: 3.70514
2020/03/09 15:39:41 227325	INFO [input.cpp->run:173]	
frame_id 75
2020/03/09 15:39:41 290743	INFO [input.cpp->run:235]	rotation: 
[-0.9401145699499167, 0.02819860139511652, -0.3396902033430498;
 0.01032862918208617, -0.9937578308126768, -0.1110796701368086;
 -0.3407020909637951, -0.1079361504679622, 0.933954962851558]
2020/03/09 15:39:41 290795	INFO [input.cpp->run:256]	frame times (ms): 272.949
2020/03/09 15:39:41 290798	INFO [input.cpp->run:257]	FPS: 3.66369
2020/03/09 15:39:41 426591	INFO [input.cpp->run:173]	
frame_id 76
2020/03/09 15:39:41 487767	INFO [input.cpp->run:235]	rotation: 
[-0.9737153497931265, -0.002542427296483081, -0.2277541517529185;
 -0.04041097605412379, -0.9821452805800213, 0.1837324164341837;
 -0.224154791587426, 0.188106841709262, 0.9562271934590465]
2020/03/09 15:39:41 487826	INFO [input.cpp->run:256]	frame times (ms): 267.226
2020/03/09 15:39:41 487831	INFO [input.cpp->run:257]	FPS: 3.74215
2020/03/09 15:39:41 626842	INFO [input.cpp->run:173]	
frame_id 77
2020/03/09 15:39:41 691529	INFO [input.cpp->run:235]	rotation: 
[-0.9673631755925667, -0.0169977175450799, -0.2528231874368381;
 -0.03934183603118983, -0.9755736703254799, 0.2161208775323816;
 -0.2503212065430332, 0.2190139067865998, 0.9430653223339889]
2020/03/09 15:39:41 691587	INFO [input.cpp->run:256]	frame times (ms): 275.892
2020/03/09 15:39:41 691592	INFO [input.cpp->run:257]	FPS: 3.62461
2020/03/09 15:39:41 826562	INFO [input.cpp->run:173]	
frame_id 78
2020/03/09 15:39:41 888926	INFO [input.cpp->run:235]	rotation: 
[-0.9413800824845551, -0.006677915619693744, -0.3372817008738372;
 -0.02293596661724119, -0.9962235992302781, 0.083740562286164;
 -0.3365672024079369, 0.08656757926410075, 0.9376718895667335]
2020/03/09 15:39:41 888982	INFO [input.cpp->run:256]	frame times (ms): 297.031
2020/03/09 15:39:41 888986	INFO [input.cpp->run:257]	FPS: 3.36665
2020/03/09 15:39:42 025836	INFO [input.cpp->run:173]	
frame_id 79
2020/03/09 15:39:42 085066	INFO [input.cpp->run:235]	rotation: 
[-0.8961140487070367, -0.002689262160771618, -0.4438157045203711;
 -0.01064297428949833, -0.999563873621417, 0.02754613673858961;
 -0.4436962235676069, 0.02940799925154107, 0.8956946079841419]
2020/03/09 15:39:42 085122	INFO [input.cpp->run:256]	frame times (ms): 269.808
2020/03/09 15:39:42 085127	INFO [input.cpp->run:257]	FPS: 3.70634
2020/03/09 15:39:42 226711	INFO [input.cpp->run:173]	
frame_id 80
2020/03/09 15:39:42 285352	INFO [input.cpp->run:235]	rotation: 
[-0.9347366593901918, -0.03526940418114895, -0.3535865477090033;
 -0.03875961277369571, -0.9790048886894596, 0.200117766177249;
 -0.3532209931610771, 0.2007622899123381, 0.9137447307314317]
2020/03/09 15:39:42 285405	INFO [input.cpp->run:256]	frame times (ms): 274.169
2020/03/09 15:39:42 285408	INFO [input.cpp->run:257]	FPS: 3.64739
2020/03/09 15:39:42 425998	INFO [input.cpp->run:173]	
frame_id 81
2020/03/09 15:39:42 487674	INFO [input.cpp->run:235]	rotation: 
[-0.960456455651043, -0.02622492518907046, -0.2771924423519945;
 -0.0348647025039853, -0.9763907346447502, 0.2131797031126404;
 -0.2762387541919937, 0.2144140541072636, 0.9368664601125084]
2020/03/09 15:39:42 487730	INFO [input.cpp->run:256]	frame times (ms): 270.716
2020/03/09 15:39:42 487735	INFO [input.cpp->run:257]	FPS: 3.69391
2020/03/09 15:39:42 628517	INFO [input.cpp->run:173]	
frame_id 82
2020/03/09 15:39:42 686410	INFO [input.cpp->run:235]	rotation: 
[0.9999617401579688, -0.008729936426900011, 0.0005535614049870624;
 0.008724754187689544, 0.9999235731851822, 0.008759363729289314;
 -0.0006299877865488626, -0.008754198910230432, 0.9999614828166278]
2020/03/09 15:39:42 686467	INFO [input.cpp->run:256]	frame times (ms): 265.001
2020/03/09 15:39:42 686472	INFO [input.cpp->run:257]	FPS: 3.77357
2020/03/09 15:39:42 828073	INFO [input.cpp->run:173]	
frame_id 83
2020/03/09 15:39:42 891417	INFO [input.cpp->run:235]	rotation: 
[-0.9347099314481806, -0.02194613984273255, 0.3547332955871789;
 -0.02096884282434178, -0.9929478877034255, -0.1166824748448266;
 0.3547924064615048, -0.1165026147831403, 0.9276580668899213]
2020/03/09 15:39:42 891476	INFO [input.cpp->run:256]	frame times (ms): 280.321
2020/03/09 15:39:42 891482	INFO [input.cpp->run:257]	FPS: 3.56734
2020/03/09 15:39:43 026525	INFO [input.cpp->run:173]	
frame_id 84
2020/03/09 15:39:43 089458	INFO [input.cpp->run:235]	rotation: 
[-0.9872413974890245, 0.01866056348192544, -0.15813350832273;
 0.00206201809647291, -0.9915277448434724, -0.1298787099065418;
 -0.1592173708025846, -0.1285477132280261, 0.9788387580488209]
2020/03/09 15:39:43 089531	INFO [input.cpp->run:256]	frame times (ms): 276.537
2020/03/09 15:39:43 089536	INFO [input.cpp->run:257]	FPS: 3.61615
2020/03/09 15:39:43 226437	INFO [input.cpp->run:173]	
frame_id 85
2020/03/09 15:39:43 287205	INFO [input.cpp->run:235]	rotation: 
[-0.9858676870909125, 0.02606124926703186, -0.1654862980329675;
 0.002303002200816365, -0.9856238645667478, -0.1689387278789927;
 -0.1675099988982077, -0.1669323482227185, 0.9716347005876081]
2020/03/09 15:39:43 287290	INFO [input.cpp->run:256]	frame times (ms): 272.772
2020/03/09 15:39:43 287297	INFO [input.cpp->run:257]	FPS: 3.66607
2020/03/09 15:39:43 427876	INFO [input.cpp->run:173]	
frame_id 86
2020/03/09 15:39:43 497294	INFO [input.cpp->run:235]	rotation: 
[0.9999575169554368, -0.009120823194584165, 0.001332241933927995;
 0.009108592019183844, 0.9999187725989749, 0.008915254095518535;
 -0.001413448175718182, -0.008902740500134503, 0.9999593708625575]
2020/03/09 15:39:43 497358	INFO [input.cpp->run:256]	frame times (ms): 286.963
2020/03/09 15:39:43 497363	INFO [input.cpp->run:257]	FPS: 3.48477
2020/03/09 15:39:43 629378	INFO [input.cpp->run:173]	
frame_id 87
2020/03/09 15:39:43 692025	INFO [input.cpp->run:235]	rotation: 
[-0.9667018782813471, -0.002288306974907535, -0.2558949827145973;
 -0.03176959586425607, -0.9911511475934118, 0.128880159073787;
 -0.2539255231479052, 0.1327183720343622, 0.9580749774514578]
2020/03/09 15:39:43 692092	INFO [input.cpp->run:256]	frame times (ms): 272.387
2020/03/09 15:39:43 692096	INFO [input.cpp->run:257]	FPS: 3.67125
2020/03/09 15:39:43 826592	INFO [input.cpp->run:173]	
frame_id 88
2020/03/09 15:39:43 887310	INFO [input.cpp->run:235]	rotation: 
[-0.9873545955409929, 0.02005613821801819, -0.1572534704986251;
 -0.01729469513128244, -0.9996716117567005, -0.0189093143206353;
 -0.157581078129318, -0.01595054756239853, 0.9873772246958414]
2020/03/09 15:39:43 887378	INFO [input.cpp->run:256]	frame times (ms): 267.987
2020/03/09 15:39:43 887386	INFO [input.cpp->run:257]	FPS: 3.73152
2020/03/09 15:39:44 026409	INFO [input.cpp->run:173]	
frame_id 89
2020/03/09 15:39:44 089228	INFO [input.cpp->run:235]	rotation: 
[-0.9436439035834675, -0.02587006717996222, -0.3299498793057208;
 -0.02570629794856735, -0.9881994914691715, 0.1509998387610075;
 -0.3299626789131386, 0.150971867194438, 0.9318434019942887]
2020/03/09 15:39:44 089297	INFO [input.cpp->run:256]	frame times (ms): 274.045
2020/03/09 15:39:44 089301	INFO [input.cpp->run:257]	FPS: 3.64904
2020/03/09 15:39:44 227200	INFO [input.cpp->run:173]	
frame_id 90
2020/03/09 15:39:44 288522	INFO [input.cpp->run:235]	rotation: 
[-0.9494498873600268, -0.0008362417368383088, -0.3139175243464277;
 -0.02115903948807858, -0.9975518188488877, 0.06665331018950192;
 -0.3132047356601978, 0.06992617114524145, 0.9471077679699349]
2020/03/09 15:39:44 288582	INFO [input.cpp->run:256]	frame times (ms): 270.393
2020/03/09 15:39:44 288585	INFO [input.cpp->run:257]	FPS: 3.69832
2020/03/09 15:39:44 426123	INFO [input.cpp->run:173]	
frame_id 91
2020/03/09 15:39:44 490363	INFO [input.cpp->run:235]	rotation: 
[-0.9490616707300995, 0.02236465266047704, -0.314295668857158;
 0.001074102416575261, -0.9972424159384101, -0.07420518955788502;
 -0.3150885454201577, -0.0707628869160887, 0.9464205314659595]
2020/03/09 15:39:44 490433	INFO [input.cpp->run:256]	frame times (ms): 279.433
2020/03/09 15:39:44 490437	INFO [input.cpp->run:257]	FPS: 3.57868
2020/03/09 15:39:44 626274	INFO [input.cpp->run:173]	
frame_id 92
2020/03/09 15:39:44 692629	INFO [input.cpp->run:235]	rotation: 
[-0.9276976765025294, -0.02457044269954761, -0.3725229044734787;
 -0.02536329222938812, -0.9913785468066226, 0.1285506917090523;
 -0.3724697630937241, 0.1287045852995821, 0.9190763870885634]
2020/03/09 15:39:44 692687	INFO [input.cpp->run:256]	frame times (ms): 286.635
2020/03/09 15:39:44 692690	INFO [input.cpp->run:257]	FPS: 3.48876
2020/03/09 15:39:44 825968	INFO [input.cpp->run:173]	
frame_id 93
2020/03/09 15:39:44 888000	INFO [input.cpp->run:235]	rotation: 
[-0.9458407855576885, -0.01585858142752622, -0.3242432941029333;
 -0.02651408914660909, -0.9916953064387601, 0.1258468206354829;
 -0.3235463049585645, 0.127628071294838, 0.9375653918342014]
2020/03/09 15:39:44 888057	INFO [input.cpp->run:256]	frame times (ms): 275.957
2020/03/09 15:39:44 888061	INFO [input.cpp->run:257]	FPS: 3.62375
2020/03/09 15:39:45 027981	INFO [input.cpp->run:173]	
frame_id 94
2020/03/09 15:39:45 089334	INFO [input.cpp->run:235]	rotation: 
[-0.9491533994644393, -0.01765740222569858, -0.3143183743145449;
 -0.03315393950271676, -0.9872672255228335, 0.1555771246163679;
 -0.313063317206837, 0.158087449075145, 0.9364826308396569]
2020/03/09 15:39:45 089395	INFO [input.cpp->run:256]	frame times (ms): 279.103
2020/03/09 15:39:45 089398	INFO [input.cpp->run:257]	FPS: 3.58291
2020/03/09 15:39:45 226626	INFO [input.cpp->run:173]	
frame_id 95
2020/03/09 15:39:45 288662	INFO [input.cpp->run:235]	rotation: 
[-0.9540867846334903, 0.007778548480975712, -0.2994292931081678;
 -0.01333806780396017, -0.999774439949776, 0.01652770916881001;
 -0.2992331922347267, 0.01976267711219601, 0.9539753315774864]
2020/03/09 15:39:45 288722	INFO [input.cpp->run:256]	frame times (ms): 272.549
2020/03/09 15:39:45 288726	INFO [input.cpp->run:257]	FPS: 3.66906
2020/03/09 15:39:45 427812	INFO [input.cpp->run:173]	
frame_id 96
2020/03/09 15:39:45 490958	INFO [input.cpp->run:235]	rotation: 
[-0.9339063684185196, -0.01589200284020252, -0.3571643029098222;
 -0.03261768548944055, -0.9910578030739839, 0.1293851520054767;
 -0.3560266585814104, 0.1324834903370808, 0.9250368334112212]
2020/03/09 15:39:45 491032	INFO [input.cpp->run:256]	frame times (ms): 278.358
2020/03/09 15:39:45 491037	INFO [input.cpp->run:257]	FPS: 3.5925
2020/03/09 15:39:45 629470	INFO [input.cpp->run:173]	
frame_id 97
2020/03/09 15:39:45 687735	INFO [input.cpp->run:235]	rotation: 
[-0.8809131591692226, -0.04423106809510678, 0.4712065562125233;
 -0.04051657938216596, -0.9849203408626331, -0.168197291744556;
 0.471540467826112, -0.167258885474586, 0.8658371974176966]
2020/03/09 15:39:45 687795	INFO [input.cpp->run:256]	frame times (ms): 272.509
2020/03/09 15:39:45 687800	INFO [input.cpp->run:257]	FPS: 3.6696
2020/03/09 15:39:45 827249	INFO [input.cpp->run:173]	
frame_id 98
2020/03/09 15:39:45 890719	INFO [input.cpp->run:235]	rotation: 
[-0.9915539780305863, 0.01892178229684436, -0.1283069554094029;
 -0.006846346097908111, -0.9955572316424534, -0.09390913730581411;
 -0.1295138455796419, -0.09223754484549888, 0.9872782784625862]
2020/03/09 15:39:45 890787	INFO [input.cpp->run:256]	frame times (ms): 277.54
2020/03/09 15:39:45 890792	INFO [input.cpp->run:257]	FPS: 3.60308
2020/03/09 15:39:46 028480	INFO [input.cpp->run:173]	
frame_id 99
2020/03/09 15:39:46 088556	INFO [input.cpp->run:235]	rotation: 
[-0.9302770599571791, 0.00802533283561428, -0.3667699357230694;
 -0.006817680451021172, -0.9999662343038692, -0.004587971818473809;
 -0.3667943714817535, -0.001767564713654746, 0.9303003626594408]
2020/03/09 15:39:46 088611	INFO [input.cpp->run:256]	frame times (ms): 268.681
2020/03/09 15:39:46 088615	INFO [input.cpp->run:257]	FPS: 3.72189
2020/03/09 15:39:46 229230	INFO [input.cpp->run:173]	
frame_id 100
2020/03/09 15:39:46 290513	INFO [input.cpp->run:235]	rotation: 
[-0.980423918384843, 0.03013029063744196, -0.1945793047706104;
 -0.01162728473086659, -0.9953573699898915, -0.09554324809526599;
 -0.1965546908844919, -0.09141045669347392, 0.9762225063469865]
2020/03/09 15:39:46 290570	INFO [input.cpp->run:256]	frame times (ms): 273.386
2020/03/09 15:39:46 290573	INFO [input.cpp->run:257]	FPS: 3.65783
2020/03/09 15:39:46 429079	INFO [input.cpp->run:173]	
frame_id 101
2020/03/09 15:39:46 490165	INFO [input.cpp->run:235]	rotation: 
[0.999182356595277, -0.01268305168856648, -0.03838956197423951;
 0.01462737772119192, 0.9986018426291033, 0.05079763497212412;
 0.03769161829519135, -0.05131763924446194, 0.9979708622062394]
2020/03/09 15:39:46 490217	INFO [input.cpp->run:256]	frame times (ms): 264.832
2020/03/09 15:39:46 490221	INFO [input.cpp->run:257]	FPS: 3.77598
2020/03/09 15:39:46 628836	INFO [input.cpp->run:173]	
frame_id 102
2020/03/09 15:39:46 688264	INFO [input.cpp->run:235]	rotation: 
[0.9999537901359365, -0.009545112319364474, -0.001143863447277331;
 0.009562206919441638, 0.999826118128944, 0.01600930061047922;
 0.0009908539776793915, -0.01601949868184472, 0.9998711886390053]
2020/03/09 15:39:46 688321	INFO [input.cpp->run:256]	frame times (ms): 265.502
2020/03/09 15:39:46 688323	INFO [input.cpp->run:257]	FPS: 3.76645
2020/03/09 15:39:46 827372	INFO [input.cpp->run:173]	
frame_id 103
2020/03/09 15:39:46 888072	INFO [input.cpp->run:235]	rotation: 
[0.9999362564875989, -0.01108123608052715, -0.002165448797485666;
 0.01111603138697202, 0.9997974509983955, 0.01677768825896054;
 0.00197909266351068, -0.01680068998698067, 0.9998568997652567]
2020/03/09 15:39:46 888129	INFO [input.cpp->run:256]	frame times (ms): 267.507
2020/03/09 15:39:46 888131	INFO [input.cpp->run:257]	FPS: 3.73822
2020/03/09 15:39:47 029146	INFO [input.cpp->run:173]	
frame_id 104
2020/03/09 15:39:47 090877	INFO [input.cpp->run:235]	rotation: 
[-0.9346512163265492, -0.008366720330008461, -0.3554674412801001;
 -0.02467803750730089, -0.9957859258577985, 0.08832544553137218;
 -0.3547084694281915, 0.09132572394701598, 0.9305060525657332]
2020/03/09 15:39:47 090938	INFO [input.cpp->run:256]	frame times (ms): 266.001
2020/03/09 15:39:47 090946	INFO [input.cpp->run:257]	FPS: 3.75938
2020/03/09 15:39:47 227666	INFO [input.cpp->run:173]	
frame_id 105
2020/03/09 15:39:47 289904	INFO [input.cpp->run:235]	rotation: 
[-0.93531894329442, 0.02952456155543946, -0.352571658786648;
 0.01124687163555247, -0.9935273718077847, -0.1130348147569117;
 -0.3536268968744076, -0.1096889316826224, 0.9289329125794293]
2020/03/09 15:39:47 289961	INFO [input.cpp->run:256]	frame times (ms): 269.285
2020/03/09 15:39:47 289967	INFO [input.cpp->run:257]	FPS: 3.71354
2020/03/09 15:39:47 427126	INFO [input.cpp->run:173]	
frame_id 106
2020/03/09 15:39:47 487528	INFO [input.cpp->run:235]	rotation: 
[-0.9998345767367197, 0.001001496431543471, 0.01816084157196756;
 -0.001017204533160255, -0.9999991165129811, -0.0008557267057804787;
 0.01815996851985757, -0.000874058439049343, 0.9998347121225606]
2020/03/09 15:39:47 487596	INFO [input.cpp->run:256]	frame times (ms): 256.647
2020/03/09 15:39:47 487600	INFO [input.cpp->run:257]	FPS: 3.8964
2020/03/09 15:39:47 628572	INFO [input.cpp->run:173]	
frame_id 107
2020/03/09 15:39:47 690018	INFO [input.cpp->run:235]	rotation: 
[-0.9631884024563563, 0.02509538822682698, -0.2676533632579965;
 0.01709701104227732, -0.987899179984137, -0.154152205304011;
 -0.2682830475206968, -0.1530536888690192, 0.9511039768272411]
2020/03/09 15:39:47 690075	INFO [input.cpp->run:256]	frame times (ms): 257.909
2020/03/09 15:39:47 690079	INFO [input.cpp->run:257]	FPS: 3.87734
2020/03/09 15:39:47 828671	INFO [input.cpp->run:173]	
frame_id 108
2020/03/09 15:39:47 888304	INFO [input.cpp->run:235]	rotation: 
[-0.9229778773511652, 0.03731506736689757, -0.3830397155227397;
 0.02347342822762974, -0.9879769407606628, -0.1528089090741904;
 -0.3841364810683565, -0.1500304978082982, 0.9110049470995281]
2020/03/09 15:39:47 888360	INFO [input.cpp->run:256]	frame times (ms): 264.104
2020/03/09 15:39:47 888364	INFO [input.cpp->run:257]	FPS: 3.78639
2020/03/09 15:39:48 030353	INFO [input.cpp->run:173]	
frame_id 109
2020/03/09 15:39:48 091038	INFO [input.cpp->run:235]	rotation: 
[-0.8228083251366745, -0.06207251768350643, 0.564918987673641;
 -0.05692894447698289, -0.9800156504317482, -0.1906001578949349;
 0.5654604808176406, -0.1889876383715832, 0.8028313130267248]
2020/03/09 15:39:48 091100	INFO [input.cpp->run:256]	frame times (ms): 257.884
2020/03/09 15:39:48 091104	INFO [input.cpp->run:257]	FPS: 3.87771
2020/03/09 15:39:48 228455	INFO [input.cpp->run:173]	
frame_id 110
2020/03/09 15:39:48 285822	INFO [input.cpp->run:235]	rotation: 
[0.9999995599260866, -0.0001739565411016219, 0.0009218930279964895;
 0.0001745512063416447, 0.9999997767490352, -0.0006450067876619443;
 -0.0009217806190332128, 0.0006451674213514377, 0.9999993670395441]
2020/03/09 15:39:48 285880	INFO [input.cpp->run:256]	frame times (ms): 262.624
2020/03/09 15:39:48 285884	INFO [input.cpp->run:257]	FPS: 3.80773
2020/03/09 15:39:48 429754	INFO [input.cpp->run:173]	
frame_id 111
2020/03/09 15:39:48 489141	INFO [input.cpp->run:235]	rotation: 
[-0.8721697059848288, -0.05318951975272656, 0.4863032787785946;
 -0.04751004776619071, -0.9801632031755823, -0.1924133324430421;
 0.4868909521890825, -0.1909213715880354, 0.8523416161066829]
2020/03/09 15:39:48 489196	INFO [input.cpp->run:256]	frame times (ms): 254.163
2020/03/09 15:39:48 489201	INFO [input.cpp->run:257]	FPS: 3.93448
2020/03/09 15:39:48 630425	INFO [input.cpp->run:173]	
frame_id 112
2020/03/09 15:39:48 690312	INFO [input.cpp->run:235]	rotation: 
[-0.9247297884757499, 0.02563036786965402, -0.3797603225041564;
 0.008683338502111884, -0.9960499981052503, -0.08836855157231364;
 -0.3805251869956211, -0.08501461943334877, 0.9208545468989928]
2020/03/09 15:39:48 690381	INFO [input.cpp->run:256]	frame times (ms): 257.276
2020/03/09 15:39:48 690385	INFO [input.cpp->run:257]	FPS: 3.88688
2020/03/09 15:39:48 832204	INFO [input.cpp->run:173]	
frame_id 113
2020/03/09 15:39:48 891997	INFO [input.cpp->run:235]	rotation: 
[-0.9944068094503141, 0.004240486743273481, 0.1055325333299017;
 -0.01101142973967107, -0.9979108871201012, -0.0636601113905791;
 0.1050421140968468, -0.06446611233316908, 0.9923760751986682]
2020/03/09 15:39:48 892055	INFO [input.cpp->run:256]	frame times (ms): 274.874
2020/03/09 15:39:48 892060	INFO [input.cpp->run:257]	FPS: 3.63803
2020/03/09 15:39:49 028278	INFO [input.cpp->run:173]	
frame_id 114
2020/03/09 15:39:49 085317	INFO [input.cpp->run:235]	rotation: 
[-0.9195546367504993, 0.04304043072364003, -0.3905979919991662;
 0.02811649698346465, -0.9842297901827971, -0.1746458780335394;
 -0.391955013525833, -0.1715786741988952, 0.9038429210499532]
2020/03/09 15:39:49 085371	INFO [input.cpp->run:256]	frame times (ms): 255.201
2020/03/09 15:39:49 085376	INFO [input.cpp->run:257]	FPS: 3.91848
2020/03/09 15:39:49 232544	INFO [input.cpp->run:173]	
frame_id 115
2020/03/09 15:39:49 294744	INFO [input.cpp->run:235]	rotation: 
[-0.9154250992126509, 0.06258865364110135, -0.3975921882619205;
 0.04834681983040074, -0.9635833547882329, -0.2630013372348918;
 -0.3995741142063572, -0.2599803431231845, 0.8790624257956632]
2020/03/09 15:39:49 294817	INFO [input.cpp->run:256]	frame times (ms): 260.068
2020/03/09 15:39:49 294822	INFO [input.cpp->run:257]	FPS: 3.84515
2020/03/09 15:39:49 429775	INFO [input.cpp->run:173]	
frame_id 116
2020/03/09 15:39:49 493173	INFO [input.cpp->run:235]	rotation: 
[0.05217848550084225, -0.3355282146906515, 0.9405839796622855;
 -0.306608983392988, -0.9017580940407844, -0.3046691174613045;
 0.9504043018387265, -0.2724943246719752, -0.1499283364411387]
2020/03/09 15:39:49 493232	INFO [input.cpp->run:256]	frame times (ms): 267.909
2020/03/09 15:39:49 493237	INFO [input.cpp->run:257]	FPS: 3.73261
2020/03/09 15:39:49 627582	INFO [input.cpp->run:173]	
frame_id 117
2020/03/09 15:39:49 687790	INFO [input.cpp->run:235]	rotation: 
[0.9999860063787886, 0.004572897084653805, 0.002660011062846139;
 -0.00453814495523406, 0.9999061422681913, -0.01292717659463341;
 -0.002718876048403598, 0.01291492418083509, 0.999912902430225]
2020/03/09 15:39:49 687855	INFO [input.cpp->run:256]	frame times (ms): 261.277
2020/03/09 15:39:49 687861	INFO [input.cpp->run:257]	FPS: 3.82736
2020/03/09 15:39:49 829917	INFO [input.cpp->run:173]	
frame_id 118
2020/03/09 15:39:49 890995	INFO [input.cpp->run:235]	rotation: 
[-0.9274401814093136, -0.04474304103058398, -0.3712852948701238;
 -0.05480605247116133, -0.9658360174146839, 0.2532924872100843;
 -0.3699337866699764, 0.2552623116401595, 0.8933029417482818]
2020/03/09 15:39:49 891062	INFO [input.cpp->run:256]	frame times (ms): 267.917
2020/03/09 15:39:49 891067	INFO [input.cpp->run:257]	FPS: 3.7325
2020/03/09 15:39:50 027317	INFO [input.cpp->run:173]	
frame_id 119
2020/03/09 15:39:50 089120	INFO [input.cpp->run:235]	rotation: 
[-0.922237689642435, 0.02985743784569315, -0.3854687759187172;
 0.01303858470346676, -0.9940446048837723, -0.1081911216800873;
 -0.3864034667441717, -0.1048038973834251, 0.9163561010771577]
2020/03/09 15:39:50 089179	INFO [input.cpp->run:256]	frame times (ms): 265.463
2020/03/09 15:39:50 089183	INFO [input.cpp->run:257]	FPS: 3.767
2020/03/09 15:39:50 230340	INFO [input.cpp->run:173]	
frame_id 120
2020/03/09 15:39:50 289288	INFO [input.cpp->run:235]	rotation: 
[-0.9995709466680293, 0.004329642101503924, 0.02896854805565467;
 -0.004613687485682426, -0.9999418663285059, -0.00974565807162037;
 0.02892466879610459, -0.009875128492195257, 0.9995328135545622]
2020/03/09 15:39:50 289340	INFO [input.cpp->run:256]	frame times (ms): 256.152
2020/03/09 15:39:50 289346	INFO [input.cpp->run:257]	FPS: 3.90393
2020/03/09 15:39:50 431271	INFO [input.cpp->run:173]	
frame_id 121
2020/03/09 15:39:50 488592	INFO [input.cpp->run:235]	rotation: 
[-0.9978016387015638, -0.008065205604161059, -0.06577873716510935;
 0.005758316188280799, -0.9993642289376332, 0.03518493590395645;
 -0.06602069068973537, 0.03472881193551472, 0.9972137072976873]
2020/03/09 15:39:50 488653	INFO [input.cpp->run:256]	frame times (ms): 252.609
2020/03/09 15:39:50 488657	INFO [input.cpp->run:257]	FPS: 3.95869
2020/03/09 15:39:50 631265	INFO [input.cpp->run:173]	
frame_id 122
2020/03/09 15:39:50 699713	INFO [input.cpp->run:235]	rotation: 
[-0.9999784025133273, -0.000470729960285072, -0.006555373383615556;
 0.0004991261833040766, -0.9999904975396936, -0.004330785537194999;
 -0.006553272460936257, -0.004333963961609174, 0.9999691352118982]
2020/03/09 15:39:50 699781	INFO [input.cpp->run:256]	frame times (ms): 277.958
2020/03/09 15:39:50 699785	INFO [input.cpp->run:257]	FPS: 3.59767
2020/03/09 15:39:50 827394	INFO [input.cpp->run:173]	
frame_id 123
2020/03/09 15:39:50 886296	INFO [input.cpp->run:235]	rotation: 
[-0.7813413628793336, -0.08969828706854366, 0.617624393908494;
 -0.09141451748839591, -0.962496015387527, -0.2554306292430431;
 0.6173727080510032, -0.256038351932093, 0.743838222796912]
2020/03/09 15:39:50 886356	INFO [input.cpp->run:256]	frame times (ms): 255.386
2020/03/09 15:39:50 886359	INFO [input.cpp->run:257]	FPS: 3.91564
2020/03/09 15:39:51 026962	INFO [input.cpp->run:173]	
frame_id 124
2020/03/09 15:39:51 086775	INFO [input.cpp->run:235]	rotation: 
[-0.9279156114710844, -0.005004601830244072, 0.3727567195219482;
 -0.02481005888711334, -0.9968639791559128, -0.07514431475140226;
 0.371963814054891, -0.07897569893302978, 0.9248814843058417]
2020/03/09 15:39:51 086842	INFO [input.cpp->run:256]	frame times (ms): 264.237
2020/03/09 15:39:51 086849	INFO [input.cpp->run:257]	FPS: 3.78448
2020/03/09 15:39:51 229164	INFO [input.cpp->run:173]	
frame_id 125
2020/03/09 15:39:51 285086	INFO [input.cpp->run:235]	rotation: 
[-0.8103976828323285, -0.05446284870176101, 0.5833432898142241;
 -0.05242887897224036, -0.9849338430594405, -0.1647924071244652;
 0.5835296121960796, -0.1641314196229668, 0.7953326780554431]
2020/03/09 15:39:51 285148	INFO [input.cpp->run:256]	frame times (ms): 262.169
2020/03/09 15:39:51 285152	INFO [input.cpp->run:257]	FPS: 3.81433
2020/03/09 15:39:51 429504	INFO [input.cpp->run:173]	
frame_id 126
2020/03/09 15:39:51 495827	INFO [input.cpp->run:235]	rotation: 
[-0.6610650056148575, -0.1892494168090175, 0.726070049367742;
 -0.1864505711781571, -0.8958851162937347, -0.4032691941007899;
 0.7267938104158341, -0.401963327482506, 0.556952637573811]
2020/03/09 15:39:51 495897	INFO [input.cpp->run:256]	frame times (ms): 271.473
2020/03/09 15:39:51 495901	INFO [input.cpp->run:257]	FPS: 3.68361
2020/03/09 15:39:51 627009	INFO [input.cpp->run:173]	
frame_id 127
2020/03/09 15:39:51 686974	INFO [input.cpp->run:235]	rotation: 
[-0.7485301246218361, -0.1471414108514135, 0.6465694531496785;
 -0.1433965968130134, -0.9160782585945885, -0.3744836981134859;
 0.6474102783830858, -0.3730281884026486, 0.6646125955028042]
2020/03/09 15:39:51 687036	INFO [input.cpp->run:256]	frame times (ms): 262.897
2020/03/09 15:39:51 687041	INFO [input.cpp->run:257]	FPS: 3.80377
2020/03/09 15:39:51 827129	INFO [input.cpp->run:173]	
frame_id 128
2020/03/09 15:39:51 887545	INFO [input.cpp->run:235]	rotation: 
[0.999999139833371, -0.0004195786160540899, 0.001242693165349011;
 0.0004449597758985985, 0.9997898572028018, -0.02049496145883065;
 -0.001233832774766207, 0.02049549677822111, 0.9997891839125376]
2020/03/09 15:39:51 887612	INFO [input.cpp->run:256]	frame times (ms): 256.514
2020/03/09 15:39:51 887616	INFO [input.cpp->run:257]	FPS: 3.89842
2020/03/09 15:39:52 030104	INFO [input.cpp->run:173]	
frame_id 129
2020/03/09 15:39:52 093364	INFO [input.cpp->run:235]	rotation: 
[-0.8505288129104642, -0.06912575137605931, 0.5213658685662227;
 -0.06331429357943447, -0.970657084855286, -0.231983024915133;
 0.5221034750292836, -0.2303181584611454, 0.8211951700085751]
2020/03/09 15:39:52 093438	INFO [input.cpp->run:256]	frame times (ms): 260.009
2020/03/09 15:39:52 093443	INFO [input.cpp->run:257]	FPS: 3.84602
2020/03/09 15:39:52 227336	INFO [input.cpp->run:173]	
frame_id 130
2020/03/09 15:39:52 286374	INFO [input.cpp->run:235]	rotation: 
[-0.721714440450005, -0.1220728473911493, 0.6813416810791436;
 -0.1174417781209283, -0.9484598741057279, -0.2943319485940007;
 0.6821551841023646, -0.292441596119916, 0.6701807350715967]
2020/03/09 15:39:52 286432	INFO [input.cpp->run:256]	frame times (ms): 260.96
2020/03/09 15:39:52 286436	INFO [input.cpp->run:257]	FPS: 3.83201
2020/03/09 15:39:52 432826	INFO [input.cpp->run:173]	
frame_id 131
2020/03/09 15:39:52 490124	INFO [input.cpp->run:235]	rotation: 
[-0.8004999189342937, -0.07929041222203315, 0.5940647357955606;
 -0.08306674406557632, -0.9669652736090507, -0.2409939328375669;
 0.5935484780677425, -0.242262647066843, 0.7674692267574208]
2020/03/09 15:39:52 490182	INFO [input.cpp->run:256]	frame times (ms): 261.608
2020/03/09 15:39:52 490185	INFO [input.cpp->run:257]	FPS: 3.82251
2020/03/09 15:39:52 627869	INFO [input.cpp->run:173]	
frame_id 132
2020/03/09 15:39:52 684449	INFO [input.cpp->run:235]	rotation: 
[-0.9990420449184252, 0.001661445240397245, 0.04372907596696405;
 -0.002884610862009247, -0.9996059084630879, -0.02792323021893093;
 0.04366544979026473, -0.02802262238616865, 0.9986531235264908]
2020/03/09 15:39:52 684510	INFO [input.cpp->run:256]	frame times (ms): 261.519
2020/03/09 15:39:52 684519	INFO [input.cpp->run:257]	FPS: 3.82381
2020/03/09 15:39:52 832601	INFO [input.cpp->run:173]	
frame_id 133
2020/03/09 15:39:52 897904	INFO [input.cpp->run:235]	rotation: 
[-0.8348830445007827, -0.03272814033166651, 0.5494535201775805;
 -0.03293405298935292, -0.9934720095837802, -0.1092186537513612;
 0.5494412162905133, -0.1092805335089282, 0.8283550656796909]
2020/03/09 15:39:52 897960	INFO [input.cpp->run:256]	frame times (ms): 274.237
2020/03/09 15:39:52 897963	INFO [input.cpp->run:257]	FPS: 3.64648
2020/03/09 15:39:53 031053	INFO [input.cpp->run:173]	
frame_id 134
2020/03/09 15:39:53 093507	INFO [input.cpp->run:235]	rotation: 
[-0.9928368224692478, -0.07978659002410514, 0.0889333683242271;
 0.05365807652185027, -0.9628192288943279, -0.264763938812118;
 0.1067513689520773, -0.2580953942317783, 0.960203578780667]
2020/03/09 15:39:53 093565	INFO [input.cpp->run:256]	frame times (ms): 276.849
2020/03/09 15:39:53 093570	INFO [input.cpp->run:257]	FPS: 3.61208
2020/03/09 15:39:53 230555	INFO [input.cpp->run:173]	
frame_id 135
2020/03/09 15:39:53 297679	INFO [input.cpp->run:235]	rotation: 
[-0.9999087293159411, -0.005249882356056219, 0.01244876592388366;
 0.005309514125470237, -0.9999745660112214, 0.004761973374643174;
 0.01242344950211129, 0.004827635644593333, 0.9999111719730667]
2020/03/09 15:39:53 297745	INFO [input.cpp->run:256]	frame times (ms): 279.263
2020/03/09 15:39:53 297750	INFO [input.cpp->run:257]	FPS: 3.58085
2020/03/09 15:39:53 431225	INFO [input.cpp->run:173]	
frame_id 136
2020/03/09 15:39:53 492105	INFO [input.cpp->run:235]	rotation: 
[-0.9991214093306076, -0.01994546423501154, -0.03685902703097919;
 0.01768825551487365, -0.9980064954445923, 0.06058185097241161;
 -0.03799388153454608, 0.05987665243525913, 0.9974824567174532]
2020/03/09 15:39:53 492171	INFO [input.cpp->run:256]	frame times (ms): 258.379
2020/03/09 15:39:53 492177	INFO [input.cpp->run:257]	FPS: 3.87028
2020/03/09 15:39:53 629862	INFO [input.cpp->run:173]	
frame_id 137
2020/03/09 15:39:53 689541	INFO [input.cpp->run:235]	rotation: 
[-0.6568523920605526, -0.2125095488825198, 0.7234532650268973;
 -0.2144829515646174, -0.8671680878108867, -0.4494625356695932;
 0.7228706651486559, -0.450398933298202, 0.5240217575171682]
2020/03/09 15:39:53 689596	INFO [input.cpp->run:256]	frame times (ms): 262.46
2020/03/09 15:39:53 689600	INFO [input.cpp->run:257]	FPS: 3.8101
2020/03/09 15:39:53 830934	INFO [input.cpp->run:173]	
frame_id 138
2020/03/09 15:39:53 893945	INFO [input.cpp->run:235]	rotation: 
[-0.6392687576133911, -0.1570878786661794, 0.7527674633747072;
 -0.1568792612976997, -0.9316836433329634, -0.3276499444842063;
 0.7528109675835757, -0.3275499765256824, 0.5709524147982086]
2020/03/09 15:39:53 893999	INFO [input.cpp->run:256]	frame times (ms): 277.847
2020/03/09 15:39:53 894006	INFO [input.cpp->run:257]	FPS: 3.5991
2020/03/09 15:39:54 030572	INFO [input.cpp->run:173]	
frame_id 139
2020/03/09 15:39:54 095872	INFO [input.cpp->run:235]	rotation: 
[-0.9942966515904043, 0.001022136997081006, -0.1066448492524108;
 -0.002785492954869946, -0.9998618407986184, 0.01638720060890849;
 -0.1066133653211857, 0.01659079717064371, 0.994162127514488]
2020/03/09 15:39:54 095941	INFO [input.cpp->run:256]	frame times (ms): 279.075
2020/03/09 15:39:54 095947	INFO [input.cpp->run:257]	FPS: 3.58327
2020/03/09 15:39:54 228665	INFO [input.cpp->run:173]	
frame_id 140
2020/03/09 15:39:54 289678	INFO [input.cpp->run:235]	rotation: 
[-0.8258259448201352, -0.1122684809722891, 0.5526366772501676;
 -0.1056868263414694, -0.9318060185411395, -0.3472287985584975;
 0.5539330316922788, -0.3451569671767967, 0.7576442861986858]
2020/03/09 15:39:54 289734	INFO [input.cpp->run:256]	frame times (ms): 270.368
2020/03/09 15:39:54 289737	INFO [input.cpp->run:257]	FPS: 3.69866
2020/03/09 15:39:54 428226	INFO [input.cpp->run:173]	
frame_id 141
2020/03/09 15:39:54 486789	INFO [input.cpp->run:235]	rotation: 
[-0.7338190301470509, -0.08032325047663814, 0.6745797257751739;
 -0.07860048002798366, -0.9762781170382878, -0.2017498518749039;
 0.6747826283577639, -0.2010701708982274, 0.7100980149539534]
2020/03/09 15:39:54 486841	INFO [input.cpp->run:256]	frame times (ms): 269.75
2020/03/09 15:39:54 486844	INFO [input.cpp->run:257]	FPS: 3.70714
2020/03/09 15:39:54 628465	INFO [input.cpp->run:173]	
frame_id 142
2020/03/09 15:39:54 687742	INFO [input.cpp->run:235]	rotation: 
[-0.768559041179611, -0.100904546634449, 0.6317715352004813;
 -0.1012380540187726, -0.9558616925648131, -0.2758247289595745;
 0.6317181781772381, -0.2759469100309459, 0.7244207659950146]
2020/03/09 15:39:54 687799	INFO [input.cpp->run:256]	frame times (ms): 272.539
2020/03/09 15:39:54 687803	INFO [input.cpp->run:257]	FPS: 3.6692
2020/03/09 15:39:54 832070	INFO [input.cpp->run:173]	
frame_id 143
2020/03/09 15:39:54 894074	INFO [input.cpp->run:235]	rotation: 
[-0.7501481683144938, 0.02258903109122718, 0.6608838485307154;
 -0.03346324258275801, -0.9994326393042564, -0.00382241928306256;
 0.6604225442625784, -0.02498269736612941, 0.7504784659549238]
2020/03/09 15:39:54 894132	INFO [input.cpp->run:256]	frame times (ms): 284.368
2020/03/09 15:39:54 894138	INFO [input.cpp->run:257]	FPS: 3.51657
2020/03/09 15:39:55 028934	INFO [input.cpp->run:173]	
frame_id 144
2020/03/09 15:39:55 091843	INFO [input.cpp->run:235]	rotation: 
[-0.884700596467716, -0.07194503011075068, 0.4605743884021675;
 -0.06989677699215863, -0.9563756191033792, -0.2836549237202424;
 0.4608896778793988, -0.2831423455207491, 0.8410773549425958]
2020/03/09 15:39:55 091905	INFO [input.cpp->run:256]	frame times (ms): 280.18
2020/03/09 15:39:55 091909	INFO [input.cpp->run:257]	FPS: 3.56913
2020/03/09 15:39:55 228506	INFO [input.cpp->run:173]	
frame_id 145
2020/03/09 15:39:55 288878	INFO [input.cpp->run:235]	rotation: 
[-0.7818477633851141, -0.08649651490450848, 0.6174402220450729;
 -0.08370407077035562, -0.9668014402975159, -0.2414303286149445;
 0.6178249779882373, -0.2404440224834523, 0.7486514333291636]
2020/03/09 15:39:55 288932	INFO [input.cpp->run:256]	frame times (ms): 285.583
2020/03/09 15:39:55 288936	INFO [input.cpp->run:257]	FPS: 3.50161
2020/03/09 15:39:55 430361	INFO [input.cpp->run:173]	
frame_id 146
2020/03/09 15:39:55 491826	INFO [input.cpp->run:235]	rotation: 
[-0.9998475067689365, 0.0002509474258552361, 0.01746139265152678;
 -0.0003630993273262953, -0.999979325820667, -0.006419975866227463;
 0.01745942057514602, -0.006425337083290222, 0.9998269268611174]
2020/03/09 15:39:55 491895	INFO [input.cpp->run:256]	frame times (ms): 279.849
2020/03/09 15:39:55 491899	INFO [input.cpp->run:257]	FPS: 3.57336
2020/03/09 15:39:55 630049	INFO [input.cpp->run:173]	
frame_id 147
2020/03/09 15:39:55 693143	INFO [input.cpp->run:235]	rotation: 
[0.9999911076929804, -0.001252981594274797, 0.004026732185104002;
 0.001010865130585797, 0.9982232224524784, 0.05957664230449328;
 -0.00409422601402385, -0.05957204204754257, 0.9982156125405132]
2020/03/09 15:39:55 693211	INFO [input.cpp->run:256]	frame times (ms): 285.125
2020/03/09 15:39:55 693214	INFO [input.cpp->run:257]	FPS: 3.50723
2020/03/09 15:39:55 833096	INFO [input.cpp->run:173]	
frame_id 148
2020/03/09 15:39:55 895876	INFO [input.cpp->run:235]	rotation: 
[0.999968135502072, 0.007465844124679739, -0.002826508803436935;
 -0.007487367532811672, 0.9999424582276325, -0.007682418962023703;
 0.002768990418639821, 0.007703337275846665, 0.9999664950821483]
2020/03/09 15:39:55 895943	INFO [input.cpp->run:256]	frame times (ms): 299.888
2020/03/09 15:39:55 895948	INFO [input.cpp->run:257]	FPS: 3.33458
2020/03/09 15:39:56 028605	INFO [input.cpp->run:173]	
frame_id 149
2020/03/09 15:39:56 096983	INFO [input.cpp->run:235]	rotation: 
[0.9999882327950677, 0.004504957595525026, -0.001799896791505391;
 -0.004524890068992134, 0.9999267254742773, -0.01122804756637185;
 0.0017491830267546, 0.01123605977875224, 0.9999353435694666]
2020/03/09 15:39:56 097044	INFO [input.cpp->run:256]	frame times (ms): 300.24
2020/03/09 15:39:56 097048	INFO [input.cpp->run:257]	FPS: 3.33067
2020/03/09 15:39:56 230605	INFO [input.cpp->run:173]	
frame_id 150
2020/03/09 15:39:56 291646	INFO [input.cpp->run:235]	rotation: 
[-0.991150584122574, 0.0192474361410069, 0.1313394677752209;
 0.01971936072973846, -0.9571040282596731, 0.289072700028068;
 0.1312694420110441, 0.2891045058298207, 0.9482546695392564]
2020/03/09 15:39:56 291705	INFO [input.cpp->run:256]	frame times (ms): 281.393
2020/03/09 15:39:56 291708	INFO [input.cpp->run:257]	FPS: 3.55375
2020/03/09 15:39:56 430821	INFO [input.cpp->run:173]	
frame_id 151
2020/03/09 15:39:56 493888	INFO [input.cpp->run:235]	rotation: 
[0.9999757694947626, 0.006770534355209977, -0.001618730336483571;
 -0.006786782151796951, 0.999924416008707, -0.01025191970659112;
 0.001549197011803583, 0.0102626572675532, 0.999946137476628]
2020/03/09 15:39:56 493952	INFO [input.cpp->run:256]	frame times (ms): 308.942
2020/03/09 15:39:56 493955	INFO [input.cpp->run:257]	FPS: 3.23685
2020/03/09 15:39:56 630798	INFO [input.cpp->run:173]	
frame_id 152
2020/03/09 15:39:56 708503	INFO [input.cpp->run:235]	rotation: 
[-0.9999835403569389, -0.004743404925617462, -0.003227866929410841;
 0.004702254694308136, -0.9999090708281638, 0.01263878460722475;
 -0.003287524295303881, 0.01262339832491996, 0.9999149173798434]
2020/03/09 15:39:56 708567	INFO [input.cpp->run:256]	frame times (ms): 306.093
2020/03/09 15:39:56 708572	INFO [input.cpp->run:257]	FPS: 3.26698
2020/03/09 15:39:56 828783	INFO [input.cpp->run:173]	
frame_id 153
2020/03/09 15:39:56 898348	INFO [input.cpp->run:235]	rotation: 
[-0.9999899752128842, -0.002882442250779675, -0.00342651432305039;
 0.002882222540905965, -0.9999958440035552, 6.90568020580274e-05;
 -0.003426699134713001, 5.91801329596549e-05, 0.9999941270981305]
2020/03/09 15:39:56 898410	INFO [input.cpp->run:256]	frame times (ms): 302.683
2020/03/09 15:39:56 898415	INFO [input.cpp->run:257]	FPS: 3.30379
2020/03/09 15:39:57 036374	INFO [input.cpp->run:173]	
frame_id 154
2020/03/09 15:39:57 098767	INFO [input.cpp->run:235]	rotation: 
[-0.9999518916357824, 0.003441628037359557, 0.009185293162059521;
 -0.00345615334226904, -0.9999928013593361, -0.001565960913327753;
 0.009179837585449937, -0.001597631359171557, 0.999956588135677]
2020/03/09 15:39:57 098834	INFO [input.cpp->run:256]	frame times (ms): 294.242
2020/03/09 15:39:57 098838	INFO [input.cpp->run:257]	FPS: 3.39856
2020/03/09 15:39:57 229079	INFO [input.cpp->run:173]	
frame_id 155
2020/03/09 15:39:57 293693	INFO [input.cpp->run:235]	rotation: 
[-0.9961580735471954, -0.03684433556949907, -0.07944549982964721;
 -0.02331023772747834, -0.762901574469779, 0.6460942814238653;
 -0.08441401141889168, 0.6454639282004646, 0.7591117125089021]
2020/03/09 15:39:57 293757	INFO [input.cpp->run:256]	frame times (ms): 299.86
2020/03/09 15:39:57 293760	INFO [input.cpp->run:257]	FPS: 3.33489
2020/03/09 15:39:57 429722	INFO [input.cpp->run:173]	
frame_id 156
2020/03/09 15:39:57 493928	INFO [input.cpp->run:235]	rotation: 
[-0.9837630647298978, -0.0105650039166956, 0.1791608583521498;
 -0.01430464631870139, -0.9904741569776172, -0.1369537201144069;
 0.1789011167291467, -0.137292844138792, 0.9742407635596788]
2020/03/09 15:39:57 493991	INFO [input.cpp->run:256]	frame times (ms): 306.9
2020/03/09 15:39:57 493996	INFO [input.cpp->run:257]	FPS: 3.25839
2020/03/09 15:39:57 630758	INFO [input.cpp->run:173]	
frame_id 157
2020/03/09 15:39:57 692059	INFO [input.cpp->run:235]	rotation: 
[-0.9999599159302041, 0.001813931645617064, 0.008767906525746584;
 -0.001768376135723166, -0.9999849128023278, 0.005200674337385653;
 0.008777207910366791, 0.005184960916532146, 0.9999480370507217]
2020/03/09 15:39:57 692132	INFO [input.cpp->run:256]	frame times (ms): 296.056
2020/03/09 15:39:57 692137	INFO [input.cpp->run:257]	FPS: 3.37774
2020/03/09 15:39:57 828561	INFO [input.cpp->run:173]	
frame_id 158
2020/03/09 15:39:57 892061	INFO [input.cpp->run:235]	rotation: 
[0.9999774638849721, 0.006607240928681373, -0.001189995583907123;
 -0.006622326828449853, 0.9998915527259582, -0.0131539946270899;
 0.001102954920454163, 0.01316157872683495, 0.9999127743637746]
2020/03/09 15:39:57 892126	INFO [input.cpp->run:256]	frame times (ms): 295.611
2020/03/09 15:39:57 892162	INFO [input.cpp->run:257]	FPS: 3.38282
2020/03/09 15:39:58 028925	INFO [input.cpp->run:173]	
frame_id 159
2020/03/09 15:39:58 090887	INFO [input.cpp->run:235]	rotation: 
[-0.9999236783048747, -0.001412665929888463, 0.0122736278345097;
 0.001440779014723765, -0.9999963583375691, 0.002281987605350947;
 0.01227035945195782, 0.002299497025607143, 0.9999220722598077]
2020/03/09 15:39:58 090960	INFO [input.cpp->run:256]	frame times (ms): 287.16
2020/03/09 15:39:58 090963	INFO [input.cpp->run:257]	FPS: 3.48238
2020/03/09 15:39:58 230763	INFO [input.cpp->run:173]	
frame_id 160
2020/03/09 15:39:58 293700	INFO [input.cpp->run:235]	rotation: 
[-0.9999640079478577, -0.0009480698875130259, 0.008431131142692403;
 0.001038693669968065, -0.9999416686296331, 0.01075083502082807;
 0.008420446800310238, 0.01075920543876201, 0.9999066634311475]
2020/03/09 15:39:58 293758	INFO [input.cpp->run:256]	frame times (ms): 278.867
2020/03/09 15:39:58 293763	INFO [input.cpp->run:257]	FPS: 3.58594
2020/03/09 15:39:58 431884	INFO [input.cpp->run:173]	
frame_id 161
2020/03/09 15:39:58 493823	INFO [input.cpp->run:235]	rotation: 
[-0.9775974383195324, -0.09209885657882545, 0.189264495370793;
 0.04492317636627462, -0.9697667061870388, -0.2398633856934114;
 0.205633549831375, -0.2259874690951128, 0.9521788209132421]
2020/03/09 15:39:58 493886	INFO [input.cpp->run:256]	frame times (ms): 275.518
2020/03/09 15:39:58 493891	INFO [input.cpp->run:257]	FPS: 3.62953
2020/03/09 15:39:58 633487	INFO [input.cpp->run:173]	
frame_id 162
2020/03/09 15:39:58 695366	INFO [input.cpp->run:235]	rotation: 
[-0.9998296350848505, -0.004790662761425326, -0.01782555346689057;
 0.005610765813020943, -0.9989143563031577, -0.0462453033122227;
 -0.01758465561465783, -0.04633743974103805, 0.9987710556304475]
2020/03/09 15:39:58 695435	INFO [input.cpp->run:256]	frame times (ms): 279.9
2020/03/09 15:39:58 695441	INFO [input.cpp->run:257]	FPS: 3.5727
2020/03/09 15:39:58 831817	INFO [input.cpp->run:173]	
frame_id 163
2020/03/09 15:39:58 890723	INFO [input.cpp->run:235]	rotation: 
[-0.9997753364307905, -0.002225665215473647, 0.02107897243814846;
 0.002391342090136792, -0.9999664240337234, 0.007837875236042763;
 0.02106082020500465, 0.007886521385025394, 0.9997470903347183]
2020/03/09 15:39:58 890785	INFO [input.cpp->run:256]	frame times (ms): 273.272
2020/03/09 15:39:58 890789	INFO [input.cpp->run:257]	FPS: 3.65936
2020/03/09 15:39:59 029564	INFO [input.cpp->run:173]	
frame_id 164
2020/03/09 15:39:59 094054	INFO [input.cpp->run:235]	rotation: 
[-0.9999900704749056, -0.002069466263538465, 0.003946677207143784;
 0.002081392828201573, -0.9999932730261987, 0.003020216258008542;
 0.003940400422295071, 0.003028400854329593, 0.9999876509401391]
2020/03/09 15:39:59 094119	INFO [input.cpp->run:256]	frame times (ms): 283.476
2020/03/09 15:39:59 094123	INFO [input.cpp->run:257]	FPS: 3.52764
2020/03/09 15:39:59 229227	INFO [input.cpp->run:173]	
frame_id 165
2020/03/09 15:39:59 291723	INFO [input.cpp->run:235]	rotation: 
[-0.5159439631043571, 0.5183731033974328, -0.6819759179108044;
 -0.5970407471890817, 0.3532930713238058, 0.7202265976416696;
 0.6142834631764661, 0.7787639767148368, 0.1272104376190119]
2020/03/09 15:39:59 291797	INFO [input.cpp->run:256]	frame times (ms): 287.324
2020/03/09 15:39:59 291804	INFO [input.cpp->run:257]	FPS: 3.48039
2020/03/09 15:39:59 429690	INFO [input.cpp->run:173]	
frame_id 166
2020/03/09 15:39:59 502256	INFO [input.cpp->run:235]	rotation: 
[0.9999844699273618, -0.005526238058947252, -0.0007215240877088281;
 0.005534071298843164, 0.9999202968981049, 0.01134785909610538;
 0.0006587556091764773, -0.01135167582877455, 0.9999353506586942]
2020/03/09 15:39:59 502319	INFO [input.cpp->run:256]	frame times (ms): 296.659
2020/03/09 15:39:59 502324	INFO [input.cpp->run:257]	FPS: 3.37087
2020/03/09 15:39:59 632902	INFO [input.cpp->run:173]	
frame_id 167
2020/03/09 15:39:59 693459	INFO [input.cpp->run:235]	rotation: 
[-0.9484122573131367, -0.07173494978944656, 0.3088175629022838;
 -0.04725422393888007, -0.9312008022466423, -0.3614306354131373;
 0.3134983708061888, -0.3573781790679386, 0.8797724754889471]
2020/03/09 15:39:59 693529	INFO [input.cpp->run:256]	frame times (ms): 284.454
2020/03/09 15:39:59 693533	INFO [input.cpp->run:257]	FPS: 3.51551
2020/03/09 15:39:59 830795	INFO [input.cpp->run:173]	
frame_id 168
2020/03/09 15:39:59 896265	INFO [input.cpp->run:235]	rotation: 
[-0.9999793557868043, -0.0008919817109921858, 0.006363361441500765;
 0.000894447283602908, -0.9999995260123702, 0.0003846285113779325;
 0.006363015343748483, 0.0003903122623808763, 0.9999796796395783]
2020/03/09 15:39:59 896326	INFO [input.cpp->run:256]	frame times (ms): 291.388
2020/03/09 15:39:59 896328	INFO [input.cpp->run:257]	FPS: 3.43185
g3log g3FileSink shutdown at: 15:40:00 070754
