		g3log created log at: Mon Mar 09 13:18:04 2020
		LOG format: [YYYY/MM/DD hh:mm:ss uuu* LEVEL FILE->FUNCTION:LINE] message		(uuu*: microseconds fractions of the seconds value)

2020/03/09 13:18:04 781238	INFO [g3logger.h->logBanner:29]	Starting log.
2020/03/09 13:18:04 785008	DEBUG [main.cpp->main:48]	Filepath: /home/mitchell/KITTI/data_odometry_gray/dataset/sequences/00/
2020/03/09 13:18:04 785012	DEBUG [main.cpp->main:52]	Calibration Filepath: /home/mitchell/visual_odom_catkin_ws/tank_downsized.yaml
2020/03/09 13:18:04 785117	INFO [main.cpp->main:66]	P_left: 
[409.41, 0, 251.22, 0;
 0, 408.72, 191.78999, 0;
 0, 0, 1, 0]
2020/03/09 13:18:04 785128	INFO [main.cpp->main:67]	P_right: 
[409.41, 0, 251.22, -73.940002;
 0, 408.72, 191.78999, 0;
 0, 0, 1, 0]
2020/03/09 13:18:04 933233	INFO [input.cpp->Input:22]	frame_pose [1, 0, 0, 0;
 0, 1, 0, 0;
 0, 0, 1, 0;
 0, 0, 0, 1]
2020/03/09 13:18:05 476398	INFO [input.cpp->run:173]	
frame_id 1
2020/03/09 13:18:05 606217	INFO [input.cpp->run:235]	rotation: 
[-0.9998865913543518, -0.002264620146817407, 0.014888785221304;
 0.002308226658690634, -0.9999930953210784, 0.002912284302883589;
 0.01488208720131694, 0.00294632071562839, 0.9998849147150756]
2020/03/09 13:18:05 606341	INFO [input.cpp->run:256]	frame times (ms): 234.039
2020/03/09 13:18:05 606349	INFO [input.cpp->run:257]	FPS: 4.27279
2020/03/09 13:18:05 616196	INFO [input.cpp->run:173]	
frame_id 2
2020/03/09 13:18:05 668650	INFO [input.cpp->run:235]	rotation: 
[-0.9998839890055278, -0.007011878703039021, 0.01352191138291611;
 0.007093970472288648, -0.9999566404792531, 0.006032639918313673;
 0.01347902493995264, 0.006127864105836767, 0.9998903765754372]
2020/03/09 13:18:05 668717	INFO [input.cpp->run:256]	frame times (ms): 107.72
2020/03/09 13:18:05 668722	INFO [input.cpp->run:257]	FPS: 9.28333
2020/03/09 13:18:05 742663	INFO [input.cpp->run:173]	
frame_id 3
2020/03/09 13:18:05 791678	INFO [input.cpp->run:235]	rotation: 
[-0.9999017736017632, -0.006418748689648653, 0.01245964739899765;
 0.006504622204336704, -0.9999552874864202, 0.006863885046366583;
 0.01241503274369686, 0.006944256130790293, 0.9998988170153835]
2020/03/09 13:18:05 791735	INFO [input.cpp->run:256]	frame times (ms): 100.114
2020/03/09 13:18:05 791738	INFO [input.cpp->run:257]	FPS: 9.98861
2020/03/09 13:18:05 874949	INFO [input.cpp->run:173]	
frame_id 4
2020/03/09 13:18:05 943433	INFO [input.cpp->run:235]	rotation: 
[-0.8540646452577749, 0.4041883840993031, 0.327422253183722;
 0.4176679935621258, 0.1576838225572077, 0.8948124156813737;
 0.3100435918939452, 0.9009814439060007, -0.3034887293830848]
2020/03/09 13:18:05 943497	INFO [input.cpp->run:256]	frame times (ms): 118.152
2020/03/09 13:18:05 943501	INFO [input.cpp->run:257]	FPS: 8.46367
2020/03/09 13:18:06 007433	INFO [input.cpp->run:173]	
frame_id 5
2020/03/09 13:18:06 059377	INFO [input.cpp->run:235]	rotation: 
[-0.6304571576795406, 0.5158706447631175, 0.5800010777596196;
 0.5565405190753115, -0.2204576929982714, 0.8010374874032193;
 0.5410974246455231, 0.8278139183835733, -0.1481137858959022]
2020/03/09 13:18:06 059437	INFO [input.cpp->run:256]	frame times (ms): 107.356
2020/03/09 13:18:06 059441	INFO [input.cpp->run:257]	FPS: 9.3148
2020/03/09 13:18:06 140608	INFO [input.cpp->run:173]	
frame_id 6
2020/03/09 13:18:06 187470	INFO [input.cpp->run:235]	rotation: 
[-0.9999054424288478, -0.005142080140285383, 0.01275402732476751;
 0.005220158331842649, -0.9999677930600342, 0.006096129069738472;
 0.01272226977235302, 0.00616213067658414, 0.999900081006779]
2020/03/09 13:18:06 187530	INFO [input.cpp->run:256]	frame times (ms): 107.206
2020/03/09 13:18:06 187535	INFO [input.cpp->run:257]	FPS: 9.32784
2020/03/09 13:18:06 273435	INFO [input.cpp->run:173]	
frame_id 7
2020/03/09 13:18:06 322064	INFO [input.cpp->run:235]	rotation: 
[-0.8587730316910451, 0.3987857941704084, 0.321681162656516;
 0.4110992712214943, 0.1616002471636546, 0.8971525786162584;
 0.3057879481623296, 0.9026933313614995, -0.3027184835356939]
2020/03/09 13:18:06 322121	INFO [input.cpp->run:256]	frame times (ms): 108.452
2020/03/09 13:18:06 322125	INFO [input.cpp->run:257]	FPS: 9.22067
2020/03/09 13:18:06 406261	INFO [input.cpp->run:173]	
frame_id 8
2020/03/09 13:18:06 455768	INFO [input.cpp->run:235]	rotation: 
[-0.9999104558527584, -0.006027527258237728, 0.0119477693098009;
 0.006101166314572829, -0.999962558391853, 0.006136577549571391;
 0.01191033357765184, 0.006208923382614976, 0.9999097925435572]
2020/03/09 13:18:06 455838	INFO [input.cpp->run:256]	frame times (ms): 99.487
2020/03/09 13:18:06 455842	INFO [input.cpp->run:257]	FPS: 10.0516
2020/03/09 13:18:06 542506	INFO [input.cpp->run:173]	
frame_id 9
2020/03/09 13:18:06 590329	INFO [input.cpp->run:235]	rotation: 
[-0.9938092677469932, 0.06125702676928438, -0.09268611552747466;
 -0.06721390625592652, -0.9957745507516521, 0.06257263684043526;
 -0.08846146136032756, 0.06841506227968117, 0.993727301178378]
2020/03/09 13:18:06 590392	INFO [input.cpp->run:256]	frame times (ms): 102.358
2020/03/09 13:18:06 590396	INFO [input.cpp->run:257]	FPS: 9.76963
2020/03/09 13:18:06 674759	INFO [input.cpp->run:173]	
frame_id 10
2020/03/09 13:18:06 716573	INFO [input.cpp->run:235]	rotation: 
[-0.9947482994026724, 0.007906760421021012, -0.1020455975294174;
 0.005615481575359352, -0.9912938713864455, -0.1315481923796369;
 -0.1021972954738434, -0.1314303758319124, 0.986043492502493]
2020/03/09 13:18:06 716631	INFO [input.cpp->run:256]	frame times (ms): 93.47
2020/03/09 13:18:06 716635	INFO [input.cpp->run:257]	FPS: 10.6986
2020/03/09 13:18:06 806789	INFO [input.cpp->run:173]	
frame_id 11
2020/03/09 13:18:06 854050	INFO [input.cpp->run:235]	rotation: 
[-0.624617050463566, 0.5338031043282491, 0.5700068298535728;
 0.5622453582884969, -0.1991666762255015, 0.8026286763904755;
 0.5419720448078806, 0.8218192507424071, -0.1757254157939427]
2020/03/09 13:18:06 854111	INFO [input.cpp->run:256]	frame times (ms): 106.515
2020/03/09 13:18:06 854116	INFO [input.cpp->run:257]	FPS: 9.38835
2020/03/09 13:18:06 945242	INFO [input.cpp->run:173]	
frame_id 12
2020/03/09 13:18:06 994679	INFO [input.cpp->run:235]	rotation: 
[-0.7172416911874272, 0.5218661834262862, 0.4617575587022709;
 0.5509906387504363, 0.01907026934395262, 0.834293498018854;
 0.4265837226524068, 0.8528141716829235, -0.3012213739839581]
2020/03/09 13:18:06 994741	INFO [input.cpp->run:256]	frame times (ms): 101.833
2020/03/09 13:18:06 994744	INFO [input.cpp->run:257]	FPS: 9.82
2020/03/09 13:18:07 074389	INFO [input.cpp->run:173]	
frame_id 13
2020/03/09 13:18:07 123307	INFO [input.cpp->run:235]	rotation: 
[-0.9999402659045596, -0.00402398823794679, 0.01016229016409803;
 0.004024443728961014, -0.9999919015965301, 2.437269402204134e-05;
 0.01016210979033803, 6.526880306399701e-05, 0.9999483622990697]
2020/03/09 13:18:07 123367	INFO [input.cpp->run:256]	frame times (ms): 105.107
2020/03/09 13:18:07 123371	INFO [input.cpp->run:257]	FPS: 9.51411
2020/03/09 13:18:07 208188	INFO [input.cpp->run:173]	
frame_id 14
2020/03/09 13:18:07 254633	INFO [input.cpp->run:235]	rotation: 
[-0.6880277425700896, 0.4926580358500989, 0.5328281947928704;
 0.5038576018927191, -0.2040965615697309, 0.8393283687391548;
 0.5222502680409311, 0.8459507392677987, -0.1078053999734696]
2020/03/09 13:18:07 254695	INFO [input.cpp->run:256]	frame times (ms): 105.945
2020/03/09 13:18:07 254699	INFO [input.cpp->run:257]	FPS: 9.43886
2020/03/09 13:18:07 339561	INFO [input.cpp->run:173]	
frame_id 15
2020/03/09 13:18:07 387118	INFO [input.cpp->run:235]	rotation: 
[-0.9997919034072434, 0.003257077587133957, 0.02013805668162888;
 -0.003172607983202575, -0.9999860416469993, 0.004225052632896065;
 0.02015153691176004, 0.004160283254444621, 0.9997882813892837]
2020/03/09 13:18:07 387176	INFO [input.cpp->run:256]	frame times (ms): 108.618
2020/03/09 13:18:07 387179	INFO [input.cpp->run:257]	FPS: 9.20658
2020/03/09 13:18:07 476611	INFO [input.cpp->run:173]	
frame_id 16
2020/03/09 13:18:07 522882	INFO [input.cpp->run:235]	rotation: 
[-0.9998719352876855, -0.001332378271784446, 0.0159479714132982;
 0.001438014159341779, -0.9999770923154047, 0.006614148449060287;
 0.01593879353451924, 0.006636234818747054, 0.9998509465155762]
2020/03/09 13:18:07 522943	INFO [input.cpp->run:256]	frame times (ms): 104.091
2020/03/09 13:18:07 522947	INFO [input.cpp->run:257]	FPS: 9.60698
2020/03/09 13:18:07 608687	INFO [input.cpp->run:173]	
frame_id 17
2020/03/09 13:18:07 654767	INFO [input.cpp->run:235]	rotation: 
[-0.9998234864700356, -0.003358233026692936, 0.01848562073182569;
 0.00335081835384074, -0.9999942926522478, -0.0004320639885592127;
 0.01848696619951578, -0.0003700457661890813, 0.9998290329585693]
2020/03/09 13:18:07 654828	INFO [input.cpp->run:256]	frame times (ms): 110.982
2020/03/09 13:18:07 654832	INFO [input.cpp->run:257]	FPS: 9.01047
2020/03/09 13:18:07 742768	INFO [input.cpp->run:173]	
frame_id 18
2020/03/09 13:18:07 785509	INFO [input.cpp->run:235]	rotation: 
[-0.9928049412005542, -0.001932607673887239, -0.1197272473388705;
 0.004789964301593022, -0.9997104221162473, -0.02358236956168828;
 -0.1196470015075752, -0.02398618226674286, 0.9925267039684686]
2020/03/09 13:18:07 785568	INFO [input.cpp->run:256]	frame times (ms): 104.098
2020/03/09 13:18:07 785572	INFO [input.cpp->run:257]	FPS: 9.60633
2020/03/09 13:18:07 873517	INFO [input.cpp->run:173]	
frame_id 19
2020/03/09 13:18:07 923850	INFO [input.cpp->run:235]	rotation: 
[-0.9999132397508105, -0.002092180715497615, 0.0130052201400797;
 0.002136454082854984, -0.9999919672368469, 0.003391316224244175;
 0.01299802042582204, 0.00341880704847018, 0.9999096775326134]
2020/03/09 13:18:07 923912	INFO [input.cpp->run:256]	frame times (ms): 112.53
2020/03/09 13:18:07 923916	INFO [input.cpp->run:257]	FPS: 8.88652
2020/03/09 13:18:08 007461	INFO [input.cpp->run:173]	
frame_id 20
2020/03/09 13:18:08 054234	INFO [input.cpp->run:235]	rotation: 
[-0.7882609900257603, 0.4575832660083921, 0.4114148347747091;
 0.4696750389891874, 0.01544835404293365, 0.8827042007988116;
 0.3975549890947331, 0.8890325657851105, -0.2270927731554433]
2020/03/09 13:18:08 054295	INFO [input.cpp->run:256]	frame times (ms): 106.28
2020/03/09 13:18:08 054299	INFO [input.cpp->run:257]	FPS: 9.40911
2020/03/09 13:18:08 142417	INFO [input.cpp->run:173]	
frame_id 21
2020/03/09 13:18:08 191187	INFO [input.cpp->run:235]	rotation: 
[-0.9848514577120077, 0.01190472652843707, -0.1729909932014287;
 0.007509007850930283, -0.9937765997623118, -0.1111381328165656;
 -0.1732374700912833, -0.1107535428378751, 0.9786329402310303]
2020/03/09 13:18:08 191265	INFO [input.cpp->run:256]	frame times (ms): 107.728
2020/03/09 13:18:08 191272	INFO [input.cpp->run:257]	FPS: 9.28264
2020/03/09 13:18:08 275228	INFO [input.cpp->run:173]	
frame_id 22
2020/03/09 13:18:08 323301	INFO [input.cpp->run:235]	rotation: 
[-0.7400267420572242, 0.5295217378229714, 0.4146892212405707;
 0.5379356358406676, 0.09589565284175805, 0.8375137464297225;
 0.4037148408627893, 0.8428586791028453, -0.3558139602771923]
2020/03/09 13:18:08 323361	INFO [input.cpp->run:256]	frame times (ms): 111.803
2020/03/09 13:18:08 323364	INFO [input.cpp->run:257]	FPS: 8.9443
2020/03/09 13:18:08 408459	INFO [input.cpp->run:173]	
frame_id 23
2020/03/09 13:18:08 455596	INFO [input.cpp->run:235]	rotation: 
[-0.9998739509935587, -4.421004289891003e-05, 0.01587703278332456;
 0.0001320489585809299, -0.9999846927175479, 0.005531445892701204;
 0.01587654520363904, 0.005532845205086638, 0.9998586514784646]
2020/03/09 13:18:08 455653	INFO [input.cpp->run:256]	frame times (ms): 106.555
2020/03/09 13:18:08 455657	INFO [input.cpp->run:257]	FPS: 9.38482
2020/03/09 13:18:08 543081	INFO [input.cpp->run:173]	
frame_id 24
2020/03/09 13:18:08 590879	INFO [input.cpp->run:235]	rotation: 
[-0.9510861783372142, 0.2363957050678338, 0.1988772284636795;
 0.2491677132591227, 0.206442246174359, 0.9462013790223014;
 0.1826212803731605, 0.9494728377473296, -0.2552465442173518]
2020/03/09 13:18:08 590935	INFO [input.cpp->run:256]	frame times (ms): 111.115
2020/03/09 13:18:08 590939	INFO [input.cpp->run:257]	FPS: 8.99969
2020/03/09 13:18:08 675018	INFO [input.cpp->run:173]	
frame_id 25
2020/03/09 13:18:08 737349	INFO [input.cpp->run:235]	rotation: 
[-0.9511099952652781, 0.2334018408083496, 0.2022705060401951;
 0.2475410244971132, 0.1844322469396633, 0.9511614939008555;
 0.1846976396638635, 0.9547294522512968, -0.2331918843067585]
2020/03/09 13:18:08 737415	INFO [input.cpp->run:256]	frame times (ms): 115.631
2020/03/09 13:18:08 737428	INFO [input.cpp->run:257]	FPS: 8.6482
2020/03/09 13:18:08 808101	INFO [input.cpp->run:173]	
frame_id 26
2020/03/09 13:18:08 859885	INFO [input.cpp->run:235]	rotation: 
[-0.9473387324720357, 0.2435782347330168, 0.2078917254789717;
 0.2572549266920012, 0.1922529606907941, 0.9470262413462033;
 0.190707180386502, 0.9506358096926349, -0.244790377014822]
2020/03/09 13:18:08 859946	INFO [input.cpp->run:256]	frame times (ms): 109.711
2020/03/09 13:18:08 859950	INFO [input.cpp->run:257]	FPS: 9.11486
2020/03/09 13:18:08 944203	INFO [input.cpp->run:173]	
frame_id 27
2020/03/09 13:18:08 994068	INFO [input.cpp->run:235]	rotation: 
[-0.6019432455703504, 0.5912663246059857, 0.5367200969771504;
 0.6035506956859022, -0.1032278968795917, 0.7906140392396784;
 0.5228679439870989, 0.7998425686925806, -0.2947218662704864]
2020/03/09 13:18:08 994134	INFO [input.cpp->run:256]	frame times (ms): 101.767
2020/03/09 13:18:08 994138	INFO [input.cpp->run:257]	FPS: 9.82637
2020/03/09 13:18:09 077151	INFO [input.cpp->run:173]	
frame_id 28
2020/03/09 13:18:09 130651	INFO [input.cpp->run:235]	rotation: 
[-0.9986961889285829, -0.007333468968124832, 0.05051873367789153;
 0.001476260999058786, -0.993362554737464, -0.1150158923754518;
 0.05102688382594846, -0.1147913545453332, 0.9920782237548915]
2020/03/09 13:18:09 130711	INFO [input.cpp->run:256]	frame times (ms): 114.273
2020/03/09 13:18:09 130716	INFO [input.cpp->run:257]	FPS: 8.75097
2020/03/09 13:18:09 208934	INFO [input.cpp->run:173]	
frame_id 29
2020/03/09 13:18:09 259497	INFO [input.cpp->run:235]	rotation: 
[-0.9997410672885776, -0.003011523212895231, 0.0225550239333481;
 -0.0001695946787951272, -0.9901901413199791, -0.1397263585382688;
 0.02275455150822879, -0.1396940040254345, 0.9899332379635515]
2020/03/09 13:18:09 259551	INFO [input.cpp->run:256]	frame times (ms): 113.168
2020/03/09 13:18:09 259553	INFO [input.cpp->run:257]	FPS: 8.83642
2020/03/09 13:18:09 343453	INFO [input.cpp->run:173]	
frame_id 30
2020/03/09 13:18:09 392384	INFO [input.cpp->run:235]	rotation: 
[-0.9972395689098628, 0.004968387927318972, -0.07408479818339715;
 0.005115180082461438, -0.9907914316443981, -0.1353003100985654;
 -0.07407480768247059, -0.135305780000145, 0.9880310059736771]
2020/03/09 13:18:09 392441	INFO [input.cpp->run:256]	frame times (ms): 112
2020/03/09 13:18:09 392445	INFO [input.cpp->run:257]	FPS: 8.92857
2020/03/09 13:18:09 474139	INFO [input.cpp->run:173]	
frame_id 31
2020/03/09 13:18:09 524222	INFO [input.cpp->run:235]	rotation: 
[-0.9999133759646266, -0.008260485142989495, 0.01024719240698537;
 0.008327463978996667, -0.9999441288488468, 0.006510954185014219;
 0.01019283624423751, 0.0065957233055436, 0.9999262985457351]
2020/03/09 13:18:09 524291	INFO [input.cpp->run:256]	frame times (ms): 111.558
2020/03/09 13:18:09 524295	INFO [input.cpp->run:257]	FPS: 8.96395
2020/03/09 13:18:09 607967	INFO [input.cpp->run:173]	
frame_id 32
2020/03/09 13:18:09 655380	INFO [input.cpp->run:235]	rotation: 
[-0.9999110541281819, -0.005063385078412334, 0.01233879912373067;
 0.00512344007120592, -0.9999751600048561, 0.004840427160827767;
 0.01231398368136107, 0.004903213722675057, 0.9999121582924606]
2020/03/09 13:18:09 655440	INFO [input.cpp->run:256]	frame times (ms): 112.043
2020/03/09 13:18:09 655445	INFO [input.cpp->run:257]	FPS: 8.92515
2020/03/09 13:18:09 740873	INFO [input.cpp->run:173]	
frame_id 33
2020/03/09 13:18:09 789894	INFO [input.cpp->run:235]	rotation: 
[-0.9999150476575935, -0.007890804686999335, 0.01037461658587901;
 0.007953159163894634, -0.9999504752411592, 0.005982835807008001;
 0.01032689339666704, 0.006064838528063839, 0.9999282839316042]
2020/03/09 13:18:09 789954	INFO [input.cpp->run:256]	frame times (ms): 98.927
2020/03/09 13:18:09 789958	INFO [input.cpp->run:257]	FPS: 10.1085
2020/03/09 13:18:09 874089	INFO [input.cpp->run:173]	
frame_id 34
2020/03/09 13:18:09 923432	INFO [input.cpp->run:235]	rotation: 
[-0.9999045275084781, -0.004768737218638814, 0.01296900201968576;
 0.004841025402407618, -0.9999728903246916, 0.005548250961833708;
 0.01294219228339189, 0.005610504524711968, 0.9999005059994106]
2020/03/09 13:18:09 923492	INFO [input.cpp->run:256]	frame times (ms): 106.929
2020/03/09 13:18:09 923495	INFO [input.cpp->run:257]	FPS: 9.352
2020/03/09 13:18:10 009652	INFO [input.cpp->run:173]	
frame_id 35
2020/03/09 13:18:10 058286	INFO [input.cpp->run:235]	rotation: 
[-0.9971285154904708, -0.004212253227058204, -0.07561071695547636;
 0.006399221181070068, -0.9995674394573184, -0.02870512053651381;
 -0.07545709750610452, -0.02910654392900642, 0.9967241521787571]
2020/03/09 13:18:10 058334	INFO [input.cpp->run:256]	frame times (ms): 112.319
2020/03/09 13:18:10 058341	INFO [input.cpp->run:257]	FPS: 8.90321
2020/03/09 13:18:10 143847	INFO [input.cpp->run:173]	
frame_id 36
2020/03/09 13:18:10 191833	INFO [input.cpp->run:235]	rotation: 
[-0.9330398897378122, 0.2702563624548583, 0.2374827629760098;
 0.2836905778019487, 0.1467116017639555, 0.9476261720606133;
 0.2212605256805829, 0.951544641338767, -0.2135569603525702]
2020/03/09 13:18:10 191873	INFO [input.cpp->run:256]	frame times (ms): 104.355
2020/03/09 13:18:10 191876	INFO [input.cpp->run:257]	FPS: 9.58267
2020/03/09 13:18:10 274374	INFO [input.cpp->run:173]	
frame_id 37
2020/03/09 13:18:10 320513	INFO [input.cpp->run:235]	rotation: 
[-0.999910460464004, -0.006707997809048958, 0.01157902500460646;
 0.006774677964281113, -0.9999606397070538, 0.005729116436242807;
 0.01154013835028814, 0.005807047619362005, 0.9999165482203011]
2020/03/09 13:18:10 320558	INFO [input.cpp->run:256]	frame times (ms): 107.853
2020/03/09 13:18:10 320560	INFO [input.cpp->run:257]	FPS: 9.27188
2020/03/09 13:18:10 409896	INFO [input.cpp->run:173]	
frame_id 38
2020/03/09 13:18:10 456585	INFO [input.cpp->run:235]	rotation: 
[-0.9999069515988089, -0.006424507740889092, 0.01203386241671165;
 0.006505633612406274, -0.9999562951859183, 0.006714495465311784;
 0.01199019915089898, 0.006792158592069165, 0.9999050463448932]
2020/03/09 13:18:10 456630	INFO [input.cpp->run:256]	frame times (ms): 106.727
2020/03/09 13:18:10 456633	INFO [input.cpp->run:257]	FPS: 9.3697
2020/03/09 13:18:10 541116	INFO [input.cpp->run:173]	
frame_id 39
2020/03/09 13:18:10 590124	INFO [input.cpp->run:235]	rotation: 
[-0.9861158100774109, 0.01445347208390338, 0.1654288555847844;
 0.139930608897996, -0.4640844259809214, 0.8746685487974258;
 0.08941495293745727, 0.8856730450378846, 0.455618506521096]
2020/03/09 13:18:10 590172	INFO [input.cpp->run:256]	frame times (ms): 114.768
2020/03/09 13:18:10 590175	INFO [input.cpp->run:257]	FPS: 8.71323
2020/03/09 13:18:10 674706	INFO [input.cpp->run:173]	
frame_id 40
2020/03/09 13:18:10 726247	INFO [input.cpp->run:235]	rotation: 
[-0.9998976638401927, -0.005223127938308539, 0.01331843765105119;
 0.005292294988399701, -0.9999726651574106, 0.005163385685863285;
 0.01329110456962236, 0.005233342385634562, 0.9998979741287581]
2020/03/09 13:18:10 726317	INFO [input.cpp->run:256]	frame times (ms): 110.68
2020/03/09 13:18:10 726321	INFO [input.cpp->run:257]	FPS: 9.03506
2020/03/09 13:18:10 808827	INFO [input.cpp->run:173]	
frame_id 41
2020/03/09 13:18:10 857203	INFO [input.cpp->run:235]	rotation: 
[-0.9998943312621377, -0.003039809790706716, 0.01421569084774729;
 0.003087184017119054, -0.9999897506694629, 0.003311774580162281;
 0.01420547798163959, 0.003355311082699781, 0.9998934674668354]
2020/03/09 13:18:10 857266	INFO [input.cpp->run:256]	frame times (ms): 111.763
2020/03/09 13:18:10 857272	INFO [input.cpp->run:257]	FPS: 8.9475
2020/03/09 13:18:10 940433	INFO [input.cpp->run:173]	
frame_id 42
2020/03/09 13:18:10 989919	INFO [input.cpp->run:235]	rotation: 
[-0.999867755723183, -0.0007103502800201426, 0.01624704488714743;
 0.0007556063907626511, -0.999995851630072, 0.002779529030123369;
 0.01624500304917013, 0.002791437824264625, 0.999864144647064]
2020/03/09 13:18:10 989981	INFO [input.cpp->run:256]	frame times (ms): 113.144
2020/03/09 13:18:10 989986	INFO [input.cpp->run:257]	FPS: 8.83829
2020/03/09 13:18:11 076623	INFO [input.cpp->run:173]	
frame_id 43
2020/03/09 13:18:11 123653	INFO [input.cpp->run:235]	rotation: 
[-0.9999002572992377, -0.004992622856281353, 0.0132117057919551;
 0.005058889551280251, -0.9999747679227663, 0.00498709878763906;
 0.01318647372978047, 0.005053437921322523, 0.9999002848663208]
2020/03/09 13:18:11 123715	INFO [input.cpp->run:256]	frame times (ms): 109.145
2020/03/09 13:18:11 123721	INFO [input.cpp->run:257]	FPS: 9.16212
2020/03/09 13:18:11 208647	INFO [input.cpp->run:173]	
frame_id 44
2020/03/09 13:18:11 254800	INFO [input.cpp->run:235]	rotation: 
[-0.9998957934507385, -0.003743425899540917, 0.01394234564385173;
 0.003794175475599385, -0.9999862668651058, 0.003615288875006145;
 0.01392862060572924, 0.003667811844142129, 0.9998962649616696]
2020/03/09 13:18:11 254860	INFO [input.cpp->run:256]	frame times (ms): 110.02
2020/03/09 13:18:11 254862	INFO [input.cpp->run:257]	FPS: 9.08926
2020/03/09 13:18:11 340212	INFO [input.cpp->run:173]	
frame_id 45
2020/03/09 13:18:11 387243	INFO [input.cpp->run:235]	rotation: 
[-0.9973288598102568, 0.00140666537475242, -0.07302853334209025;
 0.00581959708775399, -0.9951057614763484, -0.09864408632205464;
 -0.07280987350153495, -0.09880559077855987, 0.9924395082581055]
2020/03/09 13:18:11 387303	INFO [input.cpp->run:256]	frame times (ms): 109.957
2020/03/09 13:18:11 387308	INFO [input.cpp->run:257]	FPS: 9.09446
2020/03/09 13:18:11 477289	INFO [input.cpp->run:173]	
frame_id 46
2020/03/09 13:18:11 525629	INFO [input.cpp->run:235]	rotation: 
[-0.9999020365637399, -0.0006259073083739359, -0.01398304386486248;
 0.001927487104078961, -0.9956395110569375, -0.09326440272561747;
 -0.0138636960854223, -0.09328221836097102, 0.9955431812174225]
2020/03/09 13:18:11 525671	INFO [input.cpp->run:256]	frame times (ms): 108.593
2020/03/09 13:18:11 525674	INFO [input.cpp->run:257]	FPS: 9.2087
2020/03/09 13:18:11 607535	INFO [input.cpp->run:173]	
frame_id 47
2020/03/09 13:18:11 659913	INFO [input.cpp->run:235]	rotation: 
[-0.9996583772377072, 0.0005377924474841689, -0.02613119969992185;
 0.002261094298016336, -0.9942606110726308, -0.1069613234868301;
 -0.02603874557364937, -0.1069838681706839, 0.9939197330168006]
2020/03/09 13:18:11 659977	INFO [input.cpp->run:256]	frame times (ms): 113.786
2020/03/09 13:18:11 659982	INFO [input.cpp->run:257]	FPS: 8.78843
2020/03/09 13:18:11 743034	INFO [input.cpp->run:173]	
frame_id 48
2020/03/09 13:18:11 793658	INFO [input.cpp->run:235]	rotation: 
[-0.9998894069991905, -0.002124951069798262, 0.0147193190657102;
 0.002163966967000665, -0.9999941863629221, 0.002635239519099684;
 0.01471363373789583, 0.002666800200288354, 0.9998881923289822]
2020/03/09 13:18:11 793721	INFO [input.cpp->run:256]	frame times (ms): 107.645
2020/03/09 13:18:11 793725	INFO [input.cpp->run:257]	FPS: 9.2898
2020/03/09 13:18:11 874398	INFO [input.cpp->run:173]	
frame_id 49
2020/03/09 13:18:11 927902	INFO [input.cpp->run:235]	rotation: 
[-0.9998976106779744, -0.004423897443397997, 0.01360872117019859;
 0.004504566380838643, -0.9999724324873056, 0.005902808411398308;
 0.01358223259256492, 0.005963505414716501, 0.9998899737275941]
2020/03/09 13:18:11 927971	INFO [input.cpp->run:256]	frame times (ms): 118.204
2020/03/09 13:18:11 927977	INFO [input.cpp->run:257]	FPS: 8.45995
2020/03/09 13:18:12 009001	INFO [input.cpp->run:173]	
frame_id 50
2020/03/09 13:18:12 059591	INFO [input.cpp->run:235]	rotation: 
[-0.9999252520326319, -0.003708679406974212, 0.01165058129595977;
 0.003688743582757946, -0.9999916963493194, -0.001732167194948187;
 0.0116569086064078, -0.001689061711980351, 0.9999306293699958]
2020/03/09 13:18:12 059656	INFO [input.cpp->run:256]	frame times (ms): 116.773
2020/03/09 13:18:12 059660	INFO [input.cpp->run:257]	FPS: 8.56362
2020/03/09 13:18:12 140830	INFO [input.cpp->run:173]	
frame_id 51
2020/03/09 13:18:12 188676	INFO [input.cpp->run:235]	rotation: 
[-0.9999367595507954, -0.004702011049941448, 0.01021606534537928;
 0.00467115765688684, -0.9999844635941579, -0.003041850826183759;
 0.01023020944063895, -0.002993937606309772, 0.9999431879624014]
2020/03/09 13:18:12 188737	INFO [input.cpp->run:256]	frame times (ms): 106.346
2020/03/09 13:18:12 188742	INFO [input.cpp->run:257]	FPS: 9.40327
2020/03/09 13:18:12 276863	INFO [input.cpp->run:173]	
frame_id 52
2020/03/09 13:18:12 325893	INFO [input.cpp->run:235]	rotation: 
[-0.6419137991376793, 0.5476554624482789, 0.5366751055593999;
 0.5708339934259375, -0.1259923296756933, 0.8113411642535389;
 0.5119523673409743, 0.8271634828215357, -0.2317441396465485]
2020/03/09 13:18:12 325955	INFO [input.cpp->run:256]	frame times (ms): 107.461
2020/03/09 13:18:12 325959	INFO [input.cpp->run:257]	FPS: 9.3057
2020/03/09 13:18:12 409206	INFO [input.cpp->run:173]	
frame_id 53
2020/03/09 13:18:12 455392	INFO [input.cpp->run:235]	rotation: 
[-0.9999192794668781, -0.0009210249187844168, 0.01267226355227465;
 0.0008541987927459957, -0.9999857073832839, -0.005277819016967041;
 0.01267694343530023, -0.005266568356374558, 0.9999057747422433]
2020/03/09 13:18:12 455455	INFO [input.cpp->run:256]	frame times (ms): 102.781
2020/03/09 13:18:12 455460	INFO [input.cpp->run:257]	FPS: 9.72942
2020/03/09 13:18:12 543610	INFO [input.cpp->run:173]	
frame_id 54
2020/03/09 13:18:12 592087	INFO [input.cpp->run:235]	rotation: 
[-0.9990626858127589, -0.02163625829803186, 0.03749162764481363;
 0.0206417081521752, -0.9994299691455174, -0.02671435304009002;
 0.03804825490291151, -0.02591542206198832, 0.9989397985855766]
2020/03/09 13:18:12 592154	INFO [input.cpp->run:256]	frame times (ms): 106.603
2020/03/09 13:18:12 592159	INFO [input.cpp->run:257]	FPS: 9.3806
2020/03/09 13:18:12 674031	INFO [input.cpp->run:173]	
frame_id 55
2020/03/09 13:18:12 722796	INFO [input.cpp->run:235]	rotation: 
[-0.999905781622345, -0.001202023997474062, 0.01367417333943281;
 0.001156762611935724, -0.9999938282984072, -0.003317418477556643;
 0.01367807656313512, -0.003301288143301501, 0.9999010009586586]
2020/03/09 13:18:12 722856	INFO [input.cpp->run:256]	frame times (ms): 111.066
2020/03/09 13:18:12 722860	INFO [input.cpp->run:257]	FPS: 9.00366
2020/03/09 13:18:12 810016	INFO [input.cpp->run:173]	
frame_id 56
2020/03/09 13:18:12 860447	INFO [input.cpp->run:235]	rotation: 
[-0.9839577913398572, 0.007444614324163448, -0.178246017007827;
 0.005717035644770529, -0.9972999780464537, -0.07321249409752105;
 -0.1783097876310397, -0.07305704282345125, 0.9812585225764237]
2020/03/09 13:18:12 860516	INFO [input.cpp->run:256]	frame times (ms): 109.598
2020/03/09 13:18:12 860521	INFO [input.cpp->run:257]	FPS: 9.12425
2020/03/09 13:18:12 946077	INFO [input.cpp->run:173]	
frame_id 57
2020/03/09 13:18:12 991636	INFO [input.cpp->run:235]	rotation: 
[-0.9989393196447987, -0.04042190092589346, -0.02205233758865588;
 0.04047315678145978, -0.9991788522670659, -0.001882753943635749;
 -0.02195812486826158, -0.002773284660137406, 0.9997550448207115]
2020/03/09 13:18:12 991694	INFO [input.cpp->run:256]	frame times (ms): 104.875
2020/03/09 13:18:12 991698	INFO [input.cpp->run:257]	FPS: 9.53516
2020/03/09 13:18:13 077746	INFO [input.cpp->run:173]	
frame_id 58
2020/03/09 13:18:13 125608	INFO [input.cpp->run:235]	rotation: 
[-0.9999057185583989, -0.004017254059356498, 0.01313071452871065;
 0.004064399581035365, -0.9999853828804641, 0.003565765199413959;
 0.01311619801076474, 0.003618797484559733, 0.9999074305427016]
2020/03/09 13:18:13 125673	INFO [input.cpp->run:256]	frame times (ms): 110.71
2020/03/09 13:18:13 125678	INFO [input.cpp->run:257]	FPS: 9.03261
2020/03/09 13:18:13 210333	INFO [input.cpp->run:173]	
frame_id 59
2020/03/09 13:18:13 262373	INFO [input.cpp->run:235]	rotation: 
[-0.9919296040828688, 0.00560147084727876, -0.1266660336015547;
 0.0005706036409918354, -0.9988162874324901, -0.04863844540137203;
 -0.1267885442596767, -0.04831818999015223, 0.9907522483247712]
2020/03/09 13:18:13 262449	INFO [input.cpp->run:256]	frame times (ms): 109.527
2020/03/09 13:18:13 262457	INFO [input.cpp->run:257]	FPS: 9.13017
2020/03/09 13:18:13 342944	INFO [input.cpp->run:173]	
frame_id 60
2020/03/09 13:18:13 396042	INFO [input.cpp->run:235]	rotation: 
[-0.9998983706203272, -0.001354320593736823, 0.01419204870848949;
 0.001390197273816501, -0.9999958625435057, 0.00251838190311963;
 0.0141885792930311, 0.002537855708953449, 0.9998961163571174]
2020/03/09 13:18:13 396113	INFO [input.cpp->run:256]	frame times (ms): 105.564
2020/03/09 13:18:13 396118	INFO [input.cpp->run:257]	FPS: 9.47293
2020/03/09 13:18:13 476864	INFO [input.cpp->run:173]	
frame_id 61
2020/03/09 13:18:13 527281	INFO [input.cpp->run:235]	rotation: 
[-0.9999522088560432, 0.0008150342044406106, 0.009742470075179317;
 -0.0009106798558979879, -0.999951397493161, -0.009816991070308284;
 0.00973399538320387, -0.009825394176318974, 0.9999043509072058]
2020/03/09 13:18:13 527342	INFO [input.cpp->run:256]	frame times (ms): 111.402
2020/03/09 13:18:13 527344	INFO [input.cpp->run:257]	FPS: 8.9765
2020/03/09 13:18:13 609651	INFO [input.cpp->run:173]	
frame_id 62
2020/03/09 13:18:13 659944	INFO [input.cpp->run:235]	rotation: 
[-0.9997032453970962, -0.002310740856291239, -0.02425039420727736;
 0.003467866781018157, -0.9988517327950002, -0.04778273529649237;
 -0.02411213475622587, -0.04785265268635181, 0.9985633322871303]
2020/03/09 13:18:13 660014	INFO [input.cpp->run:256]	frame times (ms): 109.041
2020/03/09 13:18:13 660019	INFO [input.cpp->run:257]	FPS: 9.17086
2020/03/09 13:18:13 744392	INFO [input.cpp->run:173]	
frame_id 63
2020/03/09 13:18:13 791343	INFO [input.cpp->run:235]	rotation: 
[-0.9999435203214545, 0.003159134140290336, 0.01014771100399063;
 -0.00325288623801946, -0.9999520604053262, -0.00923556291004002;
 0.01011804814474432, -0.009268050637887956, 0.9999058597383625]
2020/03/09 13:18:13 791408	INFO [input.cpp->run:256]	frame times (ms): 108.802
2020/03/09 13:18:13 791413	INFO [input.cpp->run:257]	FPS: 9.19101
2020/03/09 13:18:13 877193	INFO [input.cpp->run:173]	
frame_id 64
2020/03/09 13:18:13 926802	INFO [input.cpp->run:235]	rotation: 
[-0.998059890952141, -0.0039122351361092, 0.06213814037159578;
 0.01380576615225912, -0.9870851596132078, 0.1596004025443457;
 0.06071124190419338, 0.160148624994434, 0.9852241181674564]
2020/03/09 13:18:13 926864	INFO [input.cpp->run:256]	frame times (ms): 111.053
2020/03/09 13:18:13 926868	INFO [input.cpp->run:257]	FPS: 9.00471
2020/03/09 13:18:14 010816	INFO [input.cpp->run:173]	
frame_id 65
2020/03/09 13:18:14 060669	INFO [input.cpp->run:235]	rotation: 
[-0.9998726126059571, 0.0007632942257866112, 0.01594289630094302;
 -0.0007218937979321553, -0.9999963532159738, 0.002602388152804225;
 0.01594482454849375, 0.002590547563398425, 0.9998695173038528]
2020/03/09 13:18:14 060734	INFO [input.cpp->run:256]	frame times (ms): 115.848
2020/03/09 13:18:14 060738	INFO [input.cpp->run:257]	FPS: 8.632
2020/03/09 13:18:14 142394	INFO [input.cpp->run:173]	
frame_id 66
2020/03/09 13:18:14 189668	INFO [input.cpp->run:235]	rotation: 
[-0.9957749407079102, -0.0405095988760124, 0.08240897922594635;
 0.03784678407920521, -0.9987177599898799, -0.03362226666450007;
 0.0836653356714709, -0.03036129575135601, 0.9960312762796554]
2020/03/09 13:18:14 189743	INFO [input.cpp->run:256]	frame times (ms): 109.574
2020/03/09 13:18:14 189749	INFO [input.cpp->run:257]	FPS: 9.12625
2020/03/09 13:18:14 275098	INFO [input.cpp->run:173]	
frame_id 67
2020/03/09 13:18:14 321175	INFO [input.cpp->run:235]	rotation: 
[-0.809095017163702, 0.396845748939752, 0.4334497718874887;
 0.3986185516367372, -0.1713590810689626, 0.9009657682876915;
 0.4318199896853995, 0.9017480340337025, -0.01954429902691213]
2020/03/09 13:18:14 321238	INFO [input.cpp->run:256]	frame times (ms): 105.218
2020/03/09 13:18:14 321255	INFO [input.cpp->run:257]	FPS: 9.50408
2020/03/09 13:18:14 408513	INFO [input.cpp->run:173]	
frame_id 68
2020/03/09 13:18:14 443167	INFO [input.cpp->run:235]	rotation: 
[0.9999741926673785, 0.0006645779416166505, -0.007153484142995182;
 -0.0005400049455605111, 0.9998484248242322, 0.01740217719598552;
 0.007163964955479411, -0.01739786517539508, 0.9998229802787368]
2020/03/09 13:18:14 443248	INFO [input.cpp->run:256]	frame times (ms): 95.422
2020/03/09 13:18:14 443259	INFO [input.cpp->run:257]	FPS: 10.4798
2020/03/09 13:18:14 542285	INFO [input.cpp->run:173]	
frame_id 69
2020/03/09 13:18:14 591473	INFO [input.cpp->run:235]	rotation: 
[-0.9999640736949834, 0.003183217770228505, 0.0078561087034974;
 -0.003173360335922055, -0.9999941623645284, 0.001266894251145761;
 0.00786009564269181, 0.0012419184725621, 0.9999683377662489]
2020/03/09 13:18:14 591540	INFO [input.cpp->run:256]	frame times (ms): 109.872
2020/03/09 13:18:14 591545	INFO [input.cpp->run:257]	FPS: 9.1015
2020/03/09 13:18:14 674075	INFO [input.cpp->run:173]	
frame_id 70
2020/03/09 13:18:14 724199	INFO [input.cpp->run:235]	rotation: 
[-0.7624601471516703, 0.2619071763832171, 0.5916579712675423;
 0.08667769958855238, -0.8648275509001195, 0.4945303667098089;
 0.6412031662425648, 0.4283432480652307, 0.6366950301654933]
2020/03/09 13:18:14 724260	INFO [input.cpp->run:256]	frame times (ms): 108.595
2020/03/09 13:18:14 724266	INFO [input.cpp->run:257]	FPS: 9.20853
2020/03/09 13:18:14 810978	INFO [input.cpp->run:173]	
frame_id 71
2020/03/09 13:18:14 845130	INFO [input.cpp->run:235]	rotation: 
[0.9999373067999839, -0.009248656426610838, -0.006312275651236887;
 0.0093824002690438, 0.9997248691143016, 0.02149782871789666;
 0.006111712917516236, -0.02155570524698937, 0.9997489677596666]
2020/03/09 13:18:14 845207	INFO [input.cpp->run:256]	frame times (ms): 99.922
2020/03/09 13:18:14 845213	INFO [input.cpp->run:257]	FPS: 10.0078
2020/03/09 13:18:14 941916	INFO [input.cpp->run:173]	
frame_id 72
2020/03/09 13:18:14 974263	INFO [input.cpp->run:235]	rotation: 
[-0.9951176361234731, 0.01092647116448227, -0.09808925784163448;
 0.001149004968510125, -0.9925030192065359, -0.1222147153721392;
 -0.0986892601229397, -0.1217307237052437, 0.9876447037485615]
2020/03/09 13:18:14 974318	INFO [input.cpp->run:256]	frame times (ms): 94.512
2020/03/09 13:18:14 974326	INFO [input.cpp->run:257]	FPS: 10.5807
2020/03/09 13:18:15 078616	INFO [input.cpp->run:173]	
frame_id 73
2020/03/09 13:18:15 127549	INFO [input.cpp->run:235]	rotation: 
[-0.9995022487945389, 0.01786449039868556, 0.02600220447298527;
 -0.01813854585808081, -0.9997819916321604, -0.01034226098031714;
 0.02581177655284431, -0.01080875528569143, 0.9996083848189551]
2020/03/09 13:18:15 127614	INFO [input.cpp->run:256]	frame times (ms): 112.336
2020/03/09 13:18:15 127620	INFO [input.cpp->run:257]	FPS: 8.90187
2020/03/09 13:18:15 208321	INFO [input.cpp->run:173]	
frame_id 74
2020/03/09 13:18:15 245623	INFO [input.cpp->run:235]	rotation: 
[-0.9992567391914344, 0.007029455657851652, -0.03790192519722351;
 -0.002063052295331262, -0.9915758281732019, -0.1295110836872876;
 -0.03849302528677575, -0.1293366295207324, 0.9908533308560294]
2020/03/09 13:18:15 245690	INFO [input.cpp->run:256]	frame times (ms): 93.371
2020/03/09 13:18:15 245695	INFO [input.cpp->run:257]	FPS: 10.71
2020/03/09 13:18:15 343372	INFO [input.cpp->run:173]	
frame_id 75
2020/03/09 13:18:15 390875	INFO [input.cpp->run:235]	rotation: 
[-0.9994775706110438, 0.0001198721271644539, 0.03231983100387443;
 -0.00722540648383529, -0.9755126472031781, -0.2198246315766072;
 0.03150205305355867, -0.219943312645147, 0.9750038768518248]
2020/03/09 13:18:15 390932	INFO [input.cpp->run:256]	frame times (ms): 110.348
2020/03/09 13:18:15 390934	INFO [input.cpp->run:257]	FPS: 9.06224
2020/03/09 13:18:15 475498	INFO [input.cpp->run:173]	
frame_id 76
2020/03/09 13:18:15 524474	INFO [input.cpp->run:235]	rotation: 
[0.9998867301206251, -0.01377155469281667, -0.006072166831281132;
 0.0138737290534911, 0.9997572085061374, 0.01711851869076763;
 0.005834943944415271, -0.01720082327560524, 0.9998350289461791]
2020/03/09 13:18:15 524533	INFO [input.cpp->run:256]	frame times (ms): 115.375
2020/03/09 13:18:15 524536	INFO [input.cpp->run:257]	FPS: 8.66739
2020/03/09 13:18:15 609251	INFO [input.cpp->run:173]	
frame_id 77
2020/03/09 13:18:15 658955	INFO [input.cpp->run:235]	rotation: 
[-0.9996195801099271, 0.00836889127090761, 0.02628034854693993;
 -0.008359099646232994, -0.9999649457464954, 0.0004824223386663478;
 0.02628346464903873, 0.0002625587633716983, 0.9996544955878195]
2020/03/09 13:18:15 659016	INFO [input.cpp->run:256]	frame times (ms): 111.099
2020/03/09 13:18:15 659018	INFO [input.cpp->run:257]	FPS: 9.00098
2020/03/09 13:18:15 744697	INFO [input.cpp->run:173]	
frame_id 78
2020/03/09 13:18:15 792307	INFO [input.cpp->run:235]	rotation: 
[-0.5037050800132161, 0.5494119211672437, 0.6666541331516649;
 0.6347206505584375, -0.2881141850912209, 0.7170215562337688;
 0.586012703039408, 0.7843065454454273, -0.2035985133735181]
2020/03/09 13:18:15 792374	INFO [input.cpp->run:256]	frame times (ms): 111.651
2020/03/09 13:18:15 792379	INFO [input.cpp->run:257]	FPS: 8.95648
2020/03/09 13:18:15 875706	INFO [input.cpp->run:173]	
frame_id 79
2020/03/09 13:18:15 913711	INFO [input.cpp->run:235]	rotation: 
[-0.9999848207369825, 0.002671388653407175, -0.004818918788222418;
 -0.002285902800431356, -0.9969273677753111, -0.07829813553959349;
 -0.005013276773928974, -0.07828593145164729, 0.9969183416873906]
2020/03/09 13:18:15 913775	INFO [input.cpp->run:256]	frame times (ms): 97.85
2020/03/09 13:18:15 913782	INFO [input.cpp->run:257]	FPS: 10.2197
2020/03/09 13:18:16 009008	INFO [input.cpp->run:173]	
frame_id 80
2020/03/09 13:18:16 051334	INFO [input.cpp->run:235]	rotation: 
[-0.9998824015458088, 0.0009267924923013111, -0.01530764954727604;
 0.002977713345495951, -0.96744211641836, -0.2530748596822618;
 -0.01504381275535101, -0.2530906802623136, 0.9673255869985764]
2020/03/09 13:18:16 051393	INFO [input.cpp->run:256]	frame times (ms): 107.569
2020/03/09 13:18:16 051398	INFO [input.cpp->run:257]	FPS: 9.29636
2020/03/09 13:18:16 143906	INFO [input.cpp->run:173]	
frame_id 81
2020/03/09 13:18:16 194390	INFO [input.cpp->run:235]	rotation: 
[-0.9998346687310175, 0.002432756272527124, 0.01801990289804598;
 -0.002416866646060727, -0.9999966712096395, 0.0009035071971496891;
 0.01802204092636805, 0.0008598061168787091, 0.9998372201385036]
2020/03/09 13:18:16 194448	INFO [input.cpp->run:256]	frame times (ms): 113.106
2020/03/09 13:18:16 194453	INFO [input.cpp->run:257]	FPS: 8.84126
2020/03/09 13:18:16 277134	INFO [input.cpp->run:173]	
frame_id 82
2020/03/09 13:18:16 325887	INFO [input.cpp->run:235]	rotation: 
[-0.9998135127352066, 0.006237943699983509, 0.01827642772761779;
 -0.006295838081024285, -0.9999753389966132, -0.003111883909470589;
 0.01825656525594354, -0.003226369012424582, 0.9998281294142763]
2020/03/09 13:18:16 325932	INFO [input.cpp->run:256]	frame times (ms): 107.303
2020/03/09 13:18:16 325935	INFO [input.cpp->run:257]	FPS: 9.3194
2020/03/09 13:18:16 409195	INFO [input.cpp->run:173]	
frame_id 83
2020/03/09 13:18:16 458183	INFO [input.cpp->run:235]	rotation: 
[-0.9711724240722721, 0.001793733785835767, -0.238371359942197;
 -0.001613854502883446, -0.9999982466970458, -0.0009497770674574873;
 -0.2383726456522023, -0.0005377006043297764, 0.9711736161381386]
2020/03/09 13:18:16 458231	INFO [input.cpp->run:256]	frame times (ms): 110.537
2020/03/09 13:18:16 458233	INFO [input.cpp->run:257]	FPS: 9.04674
2020/03/09 13:18:16 543718	INFO [input.cpp->run:173]	
frame_id 84
2020/03/09 13:18:16 592901	INFO [input.cpp->run:235]	rotation: 
[-0.9998265072377287, 0.001349668475596679, 0.01857777757994891;
 -0.001411719864510621, -0.9999934677811358, -0.003327377658546701;
 0.01857316536910761, -0.003353027000253674, 0.9998218815059553]
2020/03/09 13:18:16 592962	INFO [input.cpp->run:256]	frame times (ms): 117.74
2020/03/09 13:18:16 592965	INFO [input.cpp->run:257]	FPS: 8.49329
2020/03/09 13:18:16 676273	INFO [input.cpp->run:173]	
frame_id 85
2020/03/09 13:18:16 709209	INFO [input.cpp->run:235]	rotation: 
[-0.995222932222516, 0.003844398432799203, -0.09755273332463434;
 0.00422743273318428, -0.9965902168211633, -0.08240187224106707;
 -0.09753688528399775, -0.08242063053044807, 0.9918131858732573]
2020/03/09 13:18:16 709257	INFO [input.cpp->run:256]	frame times (ms): 97.969
2020/03/09 13:18:16 709263	INFO [input.cpp->run:257]	FPS: 10.2073
2020/03/09 13:18:16 809439	INFO [input.cpp->run:173]	
frame_id 86
2020/03/09 13:18:16 860936	INFO [input.cpp->run:235]	rotation: 
[-0.9883991497413764, 0.01001902003950107, -0.1515478143292481;
 0.006381540762276785, -0.9942009745249113, -0.1073484894687205;
 -0.151744511360456, -0.1070702642714805, 0.9826034611076897]
2020/03/09 13:18:16 860985	INFO [input.cpp->run:256]	frame times (ms): 106.368
2020/03/09 13:18:16 860990	INFO [input.cpp->run:257]	FPS: 9.40132
2020/03/09 13:18:16 943679	INFO [input.cpp->run:173]	
frame_id 87
2020/03/09 13:18:16 990939	INFO [input.cpp->run:235]	rotation: 
[-0.6676512952407972, 0.488082337467062, 0.5621542313422312;
 0.6509351703403083, 0.0162797128267258, 0.7589587439145244;
 0.3612826483202861, 0.8726457487451411, -0.32857913083413]
2020/03/09 13:18:16 990986	INFO [input.cpp->run:256]	frame times (ms): 108.66
2020/03/09 13:18:16 990989	INFO [input.cpp->run:257]	FPS: 9.20302
2020/03/09 13:18:17 078936	INFO [input.cpp->run:173]	
frame_id 88
2020/03/09 13:18:17 130430	INFO [input.cpp->run:235]	rotation: 
[-0.9991363357870118, -0.03580226826978102, -0.02108981026093873;
 0.03591131054708785, -0.9993433839717415, -0.004814424856529895;
 -0.02090359502321027, -0.005567629535734919, 0.9997659932286449]
2020/03/09 13:18:17 130488	INFO [input.cpp->run:256]	frame times (ms): 114.066
2020/03/09 13:18:17 130493	INFO [input.cpp->run:257]	FPS: 8.76685
2020/03/09 13:18:17 211930	INFO [input.cpp->run:173]	
frame_id 89
2020/03/09 13:18:17 252141	INFO [input.cpp->run:235]	rotation: 
[-0.9931042336192401, 0.007666296343452361, -0.1169837983137674;
 0.002398070541046629, -0.9963224196739631, -0.08564978291098899;
 -0.1172101976161716, -0.085339697417988, 0.9894336287085577]
2020/03/09 13:18:17 252199	INFO [input.cpp->run:256]	frame times (ms): 106.711
2020/03/09 13:18:17 252204	INFO [input.cpp->run:257]	FPS: 9.37111
2020/03/09 13:18:17 344674	INFO [input.cpp->run:173]	
frame_id 90
2020/03/09 13:18:17 395557	INFO [input.cpp->run:235]	rotation: 
[-0.5991801304580084, 0.4895383680618777, 0.633510345187541;
 0.5571144452415202, -0.3133383557300281, 0.7690530344076638;
 0.5749840573159894, 0.8137390619994322, -0.08498277948341604]
2020/03/09 13:18:17 395620	INFO [input.cpp->run:256]	frame times (ms): 118.222
2020/03/09 13:18:17 395624	INFO [input.cpp->run:257]	FPS: 8.45866
2020/03/09 13:18:17 479274	INFO [input.cpp->run:173]	
frame_id 91
2020/03/09 13:18:17 510500	INFO [input.cpp->run:235]	rotation: 
[-0.9860026392367955, 0.01367689809509179, -0.1661678003602688;
 0.008817462398494253, -0.9909577343373699, -0.133884357240858;
 -0.1664963896753464, -0.1334755079235251, 0.9769663458940805]
2020/03/09 13:18:17 510544	INFO [input.cpp->run:256]	frame times (ms): 93.72
2020/03/09 13:18:17 510547	INFO [input.cpp->run:257]	FPS: 10.6701
2020/03/09 13:18:17 610563	INFO [input.cpp->run:173]	
frame_id 92
2020/03/09 13:18:17 660702	INFO [input.cpp->run:235]	rotation: 
[-0.9997834923020933, 0.005479266427637314, 0.02007351886553779;
 -0.005601874156527767, -0.9999659664897013, -0.006056803468174479;
 0.02003964885332478, -0.00616794145016234, 0.9997801603213092]
2020/03/09 13:18:17 660762	INFO [input.cpp->run:256]	frame times (ms): 112.88
2020/03/09 13:18:17 660772	INFO [input.cpp->run:257]	FPS: 8.85897
2020/03/09 13:18:17 744964	INFO [input.cpp->run:173]	
frame_id 93
2020/03/09 13:18:17 793331	INFO [input.cpp->run:235]	rotation: 
[-0.9999240134214107, 0.002971817719361018, 0.01196393257509535;
 -0.002952701819079526, -0.9999943364201473, 0.0016151407358799;
 0.01196866472026601, 0.001579692081383611, 0.9999271251635]
2020/03/09 13:18:17 793391	INFO [input.cpp->run:256]	frame times (ms): 117.632
2020/03/09 13:18:17 793395	INFO [input.cpp->run:257]	FPS: 8.50109
2020/03/09 13:18:17 878069	INFO [input.cpp->run:173]	
frame_id 94
2020/03/09 13:18:17 912480	INFO [input.cpp->run:235]	rotation: 
[-0.9794620658468853, 0.01965236643465754, -0.2006684979274762;
 0.004566438571480471, -0.9928212666044514, -0.1195202084030386;
 -0.2015768072118528, -0.1179818506019075, 0.9723410274810091]
2020/03/09 13:18:17 912540	INFO [input.cpp->run:256]	frame times (ms): 96.2
2020/03/09 13:18:17 912544	INFO [input.cpp->run:257]	FPS: 10.395
2020/03/09 13:18:18 011572	INFO [input.cpp->run:173]	
frame_id 95
2020/03/09 13:18:18 060562	INFO [input.cpp->run:235]	rotation: 
[-0.9702165619048462, -0.2247567076442804, 0.09035621381201885;
 0.1855854834454362, -0.929389040244035, -0.3190517829578692;
 0.1556851031404852, -0.2927805223083924, 0.9434202215433809]
2020/03/09 13:18:18 060621	INFO [input.cpp->run:256]	frame times (ms): 115.346
2020/03/09 13:18:18 060627	INFO [input.cpp->run:257]	FPS: 8.66957
2020/03/09 13:18:18 144501	INFO [input.cpp->run:173]	
frame_id 96
2020/03/09 13:18:18 191514	INFO [input.cpp->run:235]	rotation: 
[-0.9997449084411799, 0.008476792002223069, 0.02093470905667731;
 -0.008631979289132893, -0.9999358507452121, -0.007333711747869866;
 0.02087119976160117, -0.007512548954909427, 0.9997539470433265]
2020/03/09 13:18:18 191577	INFO [input.cpp->run:256]	frame times (ms): 118.317
2020/03/09 13:18:18 191582	INFO [input.cpp->run:257]	FPS: 8.45187
2020/03/09 13:18:18 277580	INFO [input.cpp->run:173]	
frame_id 97
2020/03/09 13:18:18 325548	INFO [input.cpp->run:235]	rotation: 
[-0.9995783954742476, 0.01494901082136824, 0.02489092960480294;
 -0.0153307925735918, -0.9997666524035321, -0.01521865765763916;
 0.02465761748819507, -0.01559383908142993, 0.9995743264422651]
2020/03/09 13:18:18 325601	INFO [input.cpp->run:256]	frame times (ms): 114.17
2020/03/09 13:18:18 325603	INFO [input.cpp->run:257]	FPS: 8.75887
2020/03/09 13:18:18 411576	INFO [input.cpp->run:173]	
frame_id 98
2020/03/09 13:18:18 463243	INFO [input.cpp->run:235]	rotation: 
[-0.9533895640101094, 0.2330214357064463, 0.1917011991040219;
 0.2192132017526547, 0.09831324360891158, 0.9707111199056313;
 0.2073497321289884, 0.9674892850220107, -0.1448121954589301]
2020/03/09 13:18:18 463303	INFO [input.cpp->run:256]	frame times (ms): 119.732
2020/03/09 13:18:18 463308	INFO [input.cpp->run:257]	FPS: 8.35199
2020/03/09 13:18:18 544667	INFO [input.cpp->run:173]	
frame_id 99
2020/03/09 13:18:18 592127	INFO [input.cpp->run:235]	rotation: 
[-0.9997818888745713, 0.005809495617913646, 0.02006051941151301;
 -0.005818070030291754, -0.9999830067722499, -0.000369090575684602;
 0.02005803428845581, -0.0004857235797039641, 0.9997986994055793]
2020/03/09 13:18:18 592186	INFO [input.cpp->run:256]	frame times (ms): 114.754
2020/03/09 13:18:18 592191	INFO [input.cpp->run:257]	FPS: 8.71429
2020/03/09 13:18:18 675663	INFO [input.cpp->run:173]	
frame_id 100
2020/03/09 13:18:18 724765	INFO [input.cpp->run:235]	rotation: 
[-0.9866334480030462, -0.1629350376367915, -0.002571534934150777;
 0.1629020318151904, -0.9865915084423288, 0.01000617309329199;
 -0.00416741071925174, 0.009453516794693076, 0.9999466304298995]
2020/03/09 13:18:18 724820	INFO [input.cpp->run:256]	frame times (ms): 120.493
2020/03/09 13:18:18 724824	INFO [input.cpp->run:257]	FPS: 8.29924
2020/03/09 13:18:18 811372	INFO [input.cpp->run:173]	
frame_id 101
2020/03/09 13:18:18 860592	INFO [input.cpp->run:235]	rotation: 
[-0.9998489916820821, 0.006005046193639311, 0.016307460027116;
 -0.006160771740069118, -0.9999357436669067, -0.00951595654030038;
 0.01624926841093143, -0.009614986090597213, 0.9998217407711172]
2020/03/09 13:18:18 860668	INFO [input.cpp->run:256]	frame times (ms): 120.004
2020/03/09 13:18:18 860674	INFO [input.cpp->run:257]	FPS: 8.33306
2020/03/09 13:18:18 943533	INFO [input.cpp->run:173]	
frame_id 102
2020/03/09 13:18:18 975890	INFO [input.cpp->run:235]	rotation: 
[0.9998685301719347, -0.0131760240209679, -0.009450648803854007;
 0.01305916142443262, 0.9998387943979077, -0.01232248026288467;
 0.009611486602265087, 0.01219744268022802, 0.9998794135881371]
2020/03/09 13:18:18 975953	INFO [input.cpp->run:256]	frame times (ms): 100.025
2020/03/09 13:18:18 975957	INFO [input.cpp->run:257]	FPS: 9.9975
2020/03/09 13:18:19 076410	INFO [input.cpp->run:173]	
frame_id 103
2020/03/09 13:18:19 105443	INFO [input.cpp->run:196]	Not enough points
2020/03/09 13:18:19 209648	INFO [input.cpp->run:173]	
frame_id 104
2020/03/09 13:18:19 240344	INFO [input.cpp->run:196]	Not enough points
2020/03/09 13:18:19 344549	INFO [input.cpp->run:173]	
frame_id 105
2020/03/09 13:18:19 392995	INFO [input.cpp->run:235]	rotation: 
[-0.977504088464821, -0.04527678985932525, 0.2059994401317487;
 0.06430680891541893, -0.9941620694863234, 0.08663956325943982;
 0.2008740684152019, 0.09793769394214456, 0.9747090933933156]
2020/03/09 13:18:19 393054	INFO [input.cpp->run:256]	frame times (ms): 120.056
2020/03/09 13:18:19 393057	INFO [input.cpp->run:257]	FPS: 8.32945
2020/03/09 13:18:19 477494	INFO [input.cpp->run:173]	
frame_id 106
2020/03/09 13:18:19 529897	INFO [input.cpp->run:235]	rotation: 
[-0.9994160592225406, -0.003785370494137678, 0.03395896845178514;
 0.004508484546771969, -0.9997641866898366, 0.02124251820056043;
 0.0338705496734072, 0.02138321731245639, 0.9991974498977612]
2020/03/09 13:18:19 529974	INFO [input.cpp->run:256]	frame times (ms): 123.777
2020/03/09 13:18:19 529979	INFO [input.cpp->run:257]	FPS: 8.07905
2020/03/09 13:18:19 610899	INFO [input.cpp->run:173]	
frame_id 107
2020/03/09 13:18:19 655635	INFO [input.cpp->run:235]	rotation: 
[0.9996007865896602, 0.002943077339850849, -0.02809992429000788;
 -0.003422521416152587, 0.9998491334269102, -0.01702929043186051;
 0.02804556643194242, 0.01711866470342636, 0.9994600529897546]
2020/03/09 13:18:19 655694	INFO [input.cpp->run:256]	frame times (ms): 119.848
2020/03/09 13:18:19 655700	INFO [input.cpp->run:257]	FPS: 8.3439
2020/03/09 13:18:19 742999	INFO [input.cpp->run:173]	
frame_id 108
2020/03/09 13:18:19 777597	INFO [input.cpp->run:196]	Not enough points
2020/03/09 13:18:19 876484	INFO [input.cpp->run:173]	
frame_id 109
2020/03/09 13:18:19 907594	INFO [input.cpp->run:196]	Not enough points
2020/03/09 13:18:20 009887	INFO [input.cpp->run:173]	
frame_id 110
2020/03/09 13:18:20 044035	INFO [input.cpp->run:196]	Not enough points
2020/03/09 13:18:20 145091	INFO [input.cpp->run:173]	
frame_id 111
2020/03/09 13:18:20 172507	INFO [input.cpp->run:196]	Not enough points
2020/03/09 13:18:20 275899	INFO [input.cpp->run:173]	
frame_id 112
2020/03/09 13:18:20 304861	INFO [input.cpp->run:196]	Not enough points
2020/03/09 13:18:20 411912	INFO [input.cpp->run:173]	
frame_id 113
2020/03/09 13:18:20 440880	INFO [input.cpp->run:196]	Not enough points
2020/03/09 13:18:20 542659	INFO [input.cpp->run:173]	
frame_id 114
2020/03/09 13:18:20 578616	INFO [input.cpp->run:196]	Not enough points
2020/03/09 13:18:20 677807	INFO [input.cpp->run:173]	
frame_id 115
2020/03/09 13:18:20 709573	INFO [input.cpp->run:196]	Not enough points
2020/03/09 13:18:20 809641	INFO [input.cpp->run:173]	
frame_id 116
2020/03/09 13:18:20 838021	INFO [input.cpp->run:196]	Not enough points
2020/03/09 13:18:20 946959	INFO [input.cpp->run:173]	
frame_id 117
2020/03/09 13:18:20 975724	INFO [input.cpp->run:196]	Not enough points
2020/03/09 13:18:21 076043	INFO [input.cpp->run:173]	
frame_id 118
2020/03/09 13:18:21 123443	INFO [input.cpp->run:235]	rotation: 
[-0.9995557711046865, -0.01755186945495784, 0.02408718185989622;
 0.01825245832974825, -0.9994074924593486, 0.02918067478722703;
 0.0235607346285382, 0.02960736217148062, 0.9992838915388412]
2020/03/09 13:18:21 123491	INFO [input.cpp->run:256]	frame times (ms): 109.991
2020/03/09 13:18:21 123494	INFO [input.cpp->run:257]	FPS: 9.09165
2020/03/09 13:18:21 211290	INFO [input.cpp->run:173]	
frame_id 119
2020/03/09 13:18:21 258868	INFO [input.cpp->run:235]	rotation: 
[-0.9998627973285118, 0.002623914578603995, 0.01635547586245974;
 -0.002670481433906343, -0.9999924411467662, -0.002825982703856555;
 0.01634793709660259, -0.002869271966113409, 0.9998622466275389]
2020/03/09 13:18:21 258926	INFO [input.cpp->run:256]	frame times (ms): 123.298
2020/03/09 13:18:21 258934	INFO [input.cpp->run:257]	FPS: 8.11043
2020/03/09 13:18:21 342667	INFO [input.cpp->run:173]	
frame_id 120
2020/03/09 13:18:21 371108	INFO [input.cpp->run:196]	Not enough points
2020/03/09 13:18:21 476963	INFO [input.cpp->run:173]	
frame_id 121
2020/03/09 13:18:21 501153	INFO [input.cpp->run:196]	Not enough points
2020/03/09 13:18:21 609992	INFO [input.cpp->run:173]	
frame_id 122
2020/03/09 13:18:21 659490	INFO [input.cpp->run:235]	rotation: 
[-0.7856261667479661, 0.3254490941589967, 0.5261885719321405;
 0.3521179718317492, -0.4641090625336699, 0.8127826966583468;
 0.5087282772109217, 0.8238238071245617, 0.2500197487815742]
2020/03/09 13:18:21 659540	INFO [input.cpp->run:256]	frame times (ms): 118.704
2020/03/09 13:18:21 659544	INFO [input.cpp->run:257]	FPS: 8.42432
2020/03/09 13:18:21 746483	INFO [input.cpp->run:173]	
frame_id 123
2020/03/09 13:18:21 795586	INFO [input.cpp->run:235]	rotation: 
[-0.7815728884369061, 0.2164050044387112, 0.585074947433466;
 0.2741072517370595, -0.723367760836727, 0.6337225711044353;
 0.5603650904593789, 0.6556736662669479, 0.5060464492104566]
2020/03/09 13:18:21 795648	INFO [input.cpp->run:256]	frame times (ms): 116.923
2020/03/09 13:18:21 795651	INFO [input.cpp->run:257]	FPS: 8.55264
2020/03/09 13:18:21 877004	INFO [input.cpp->run:173]	
frame_id 124
2020/03/09 13:18:21 930641	INFO [input.cpp->run:235]	rotation: 
[-0.9999380664379112, 0.002697460722995121, 0.01079754574240857;
 -0.002704758879830827, -0.999996123431609, -0.0006613631046372292;
 0.01079571988398565, -0.0006905269017914839, 0.9999414860904536]
2020/03/09 13:18:21 930700	INFO [input.cpp->run:256]	frame times (ms): 125.419
2020/03/09 13:18:21 930703	INFO [input.cpp->run:257]	FPS: 7.97327
2020/03/09 13:18:22 009313	INFO [input.cpp->run:173]	
frame_id 125
2020/03/09 13:18:22 060477	INFO [input.cpp->run:235]	rotation: 
[-0.9999786592818761, 0.005408720209313499, -0.003664249789364494;
 -0.005352582762566775, -0.9998707432890176, -0.01516069168730171;
 -0.003745776100004782, -0.01514075494699355, 0.9998783559518847]
2020/03/09 13:18:22 060535	INFO [input.cpp->run:256]	frame times (ms): 125.502
2020/03/09 13:18:22 060545	INFO [input.cpp->run:257]	FPS: 7.968
2020/03/09 13:18:22 143297	INFO [input.cpp->run:173]	
frame_id 126
2020/03/09 13:18:22 190059	INFO [input.cpp->run:235]	rotation: 
[-0.9999419873751486, 0.005737811562579555, 0.009115887379216234;
 -0.005695231358792983, -0.9999727832747073, 0.004690101236137275;
 0.00914255019171601, 0.00463791206338841, 0.9999474503931115]
2020/03/09 13:18:22 190125	INFO [input.cpp->run:256]	frame times (ms): 111.471
2020/03/09 13:18:22 190131	INFO [input.cpp->run:257]	FPS: 8.97094
2020/03/09 13:18:22 276044	INFO [input.cpp->run:173]	
frame_id 127
2020/03/09 13:18:22 324584	INFO [input.cpp->run:235]	rotation: 
[-0.7223630575767535, 0.3153583105172703, 0.6154191653142246;
 0.3419391722009159, -0.6106485338700196, 0.7142730364482113;
 0.601056749036991, 0.7264003744974863, 0.3332765823861541]
2020/03/09 13:18:22 324646	INFO [input.cpp->run:256]	frame times (ms): 117.403
2020/03/09 13:18:22 324651	INFO [input.cpp->run:257]	FPS: 8.51767
2020/03/09 13:18:22 410322	INFO [input.cpp->run:173]	
frame_id 128
2020/03/09 13:18:22 461721	INFO [input.cpp->run:235]	rotation: 
[-0.9998290985889353, -0.004987005568024329, 0.01780178053739557;
 0.00568820467774317, -0.9992010665830441, 0.03955847402075983;
 0.01759027976983885, 0.03965297359305508, 0.9990586688192282]
2020/03/09 13:18:22 461782	INFO [input.cpp->run:256]	frame times (ms): 124.708
2020/03/09 13:18:22 461785	INFO [input.cpp->run:257]	FPS: 8.01873
2020/03/09 13:18:22 543286	INFO [input.cpp->run:173]	
frame_id 129
2020/03/09 13:18:22 576256	INFO [input.cpp->run:235]	rotation: 
[0.9997120430756339, 0.005923195100553219, -0.02325396072377079;
 -0.00610065454499062, 0.9999527536877235, -0.007567853491018726;
 0.02320803618716106, 0.007707538656381904, 0.9997009457353713]
2020/03/09 13:18:22 576333	INFO [input.cpp->run:256]	frame times (ms): 103.75
2020/03/09 13:18:22 576340	INFO [input.cpp->run:257]	FPS: 9.63855
2020/03/09 13:18:22 675983	INFO [input.cpp->run:173]	
frame_id 130
2020/03/09 13:18:22 706911	INFO [input.cpp->run:196]	Not enough points
2020/03/09 13:18:22 812259	INFO [input.cpp->run:173]	
frame_id 131
2020/03/09 13:18:22 861924	INFO [input.cpp->run:235]	rotation: 
[0.9985401654285462, 0.0148722961377781, -0.05192641749169558;
 -0.01654226678274734, 0.9993547994622859, -0.0318800596201242;
 0.05141878485164786, 0.03269250065817068, 0.9981419282672658]
2020/03/09 13:18:22 861990	INFO [input.cpp->run:256]	frame times (ms): 110.303
2020/03/09 13:18:22 861994	INFO [input.cpp->run:257]	FPS: 9.06594
2020/03/09 13:18:22 944417	INFO [input.cpp->run:173]	
frame_id 132
2020/03/09 13:18:22 973116	INFO [input.cpp->run:196]	Not enough points
2020/03/09 13:18:23 076601	INFO [input.cpp->run:173]	
frame_id 133
2020/03/09 13:18:23 104648	INFO [input.cpp->run:196]	Not enough points
2020/03/09 13:18:23 209434	INFO [input.cpp->run:173]	
frame_id 134
2020/03/09 13:18:23 246686	INFO [input.cpp->run:235]	rotation: 
[0.9998897146074073, -0.004490876944581456, -0.01415594032857899;
 0.004299383295206497, 0.9998992360621621, -0.01352896986416737;
 0.01421527085913461, 0.0134666160030379, 0.9998082697836762]
2020/03/09 13:18:23 246758	INFO [input.cpp->run:256]	frame times (ms): 108.077
2020/03/09 13:18:23 246763	INFO [input.cpp->run:257]	FPS: 9.25266
2020/03/09 13:18:23 342841	INFO [input.cpp->run:173]	
frame_id 135
2020/03/09 13:18:23 394520	INFO [input.cpp->run:235]	rotation: 
[-0.7518157154374357, 0.2426858704178348, 0.6130878389927781;
 0.2963269983229852, -0.7062636705690288, 0.6429478499063916;
 0.5890360261360812, 0.6650527768033905, 0.459065751260006]
2020/03/09 13:18:23 394584	INFO [input.cpp->run:256]	frame times (ms): 121.885
2020/03/09 13:18:23 394590	INFO [input.cpp->run:257]	FPS: 8.20445
2020/03/09 13:18:23 476672	INFO [input.cpp->run:173]	
frame_id 136
2020/03/09 13:18:23 525009	INFO [input.cpp->run:235]	rotation: 
[-0.9995417256953403, 0.005713701573329538, 0.02972696096663731;
 -0.004677538873740127, -0.9993830188667661, 0.03480951351044456;
 0.02990751116468397, 0.03465451218932541, 0.998951753369928]
2020/03/09 13:18:23 525069	INFO [input.cpp->run:256]	frame times (ms): 122.885
2020/03/09 13:18:23 525083	INFO [input.cpp->run:257]	FPS: 8.13769
2020/03/09 13:18:23 609930	INFO [input.cpp->run:173]	
frame_id 137
2020/03/09 13:18:23 660346	INFO [input.cpp->run:235]	rotation: 
[-0.8953484632230584, -0.4392967037508124, 0.0732771142839191;
 0.4101338181964038, -0.877419564402771, -0.2488476625867534;
 0.1736127316061435, -0.1927519496060218, 0.9657666930202817]
2020/03/09 13:18:23 660407	INFO [input.cpp->run:256]	frame times (ms): 118.777
2020/03/09 13:18:23 660412	INFO [input.cpp->run:257]	FPS: 8.41914
2020/03/09 13:18:23 745324	INFO [input.cpp->run:173]	
frame_id 138
2020/03/09 13:18:23 776330	INFO [input.cpp->run:196]	Not enough points
2020/03/09 13:18:23 876640	INFO [input.cpp->run:173]	
frame_id 139
2020/03/09 13:18:23 923521	INFO [input.cpp->run:235]	rotation: 
[0.9981330607713155, 0.01395988303338648, -0.0594601939197956;
 -0.01628622760640892, 0.9991134440684643, -0.03882118844141643;
 0.05886553988232652, 0.03971709389351, 0.9974755138182673]
2020/03/09 13:18:23 923582	INFO [input.cpp->run:256]	frame times (ms): 120.605
2020/03/09 13:18:23 923594	INFO [input.cpp->run:257]	FPS: 8.29153
2020/03/09 13:18:24 009620	INFO [input.cpp->run:173]	
frame_id 140
2020/03/09 13:18:24 060682	INFO [input.cpp->run:235]	rotation: 
[-0.9996700152722967, 0.01036852802414181, 0.02350221674860901;
 -0.01116933769038277, -0.9993525034926142, -0.03420262648690409;
 0.02313236825411974, -0.03445384433785386, 0.9991385420197234]
2020/03/09 13:18:24 060742	INFO [input.cpp->run:256]	frame times (ms): 118.452
2020/03/09 13:18:24 060747	INFO [input.cpp->run:257]	FPS: 8.44224
2020/03/09 13:18:24 143838	INFO [input.cpp->run:173]	
frame_id 141
2020/03/09 13:18:24 191957	INFO [input.cpp->run:235]	rotation: 
[-0.9992243225369488, 0.01049328743901945, 0.03795581864876348;
 -0.01166135100434163, -0.999461077511305, -0.0306849707950787;
 0.03761337718590615, -0.03110378527869893, 0.9988081839862987]
2020/03/09 13:18:24 192021	INFO [input.cpp->run:256]	frame times (ms): 110.999
2020/03/09 13:18:24 192026	INFO [input.cpp->run:257]	FPS: 9.00909
2020/03/09 13:18:24 279053	INFO [input.cpp->run:173]	
frame_id 142
2020/03/09 13:18:24 327972	INFO [input.cpp->run:235]	rotation: 
[-0.9999545904905661, 0.001506869039317623, 0.009409904491683914;
 -0.001424410279624162, -0.9999605849586851, 0.008763537210492283;
 0.009422739102807004, 0.008749735697878415, 0.9999173236388182]
2020/03/09 13:18:24 328035	INFO [input.cpp->run:256]	frame times (ms): 106.87
2020/03/09 13:18:24 328040	INFO [input.cpp->run:257]	FPS: 9.35716
2020/03/09 13:18:24 410229	INFO [input.cpp->run:173]	
frame_id 143
2020/03/09 13:18:24 461941	INFO [input.cpp->run:235]	rotation: 
[-0.9996695957694651, 0.009036577955898633, 0.02406324069948158;
 -0.008430068705396506, -0.9996471855536576, 0.02518805979573685;
 0.02428236470643901, 0.02497688278185025, 0.9993930768675379]
2020/03/09 13:18:24 462006	INFO [input.cpp->run:256]	frame times (ms): 108.502
2020/03/09 13:18:24 462010	INFO [input.cpp->run:257]	FPS: 9.21642
2020/03/09 13:18:24 543334	INFO [input.cpp->run:173]	
frame_id 144
2020/03/09 13:18:24 593722	INFO [input.cpp->run:235]	rotation: 
[-0.999712250045109, -0.02121845674936597, 0.01118902153545145;
 0.02147791774185969, -0.9994906834503486, 0.02360238855346936;
 0.01068251652090552, 0.0238359138513781, 0.9996588083199436]
2020/03/09 13:18:24 593783	INFO [input.cpp->run:256]	frame times (ms): 117.538
2020/03/09 13:18:24 593787	INFO [input.cpp->run:257]	FPS: 8.50789
2020/03/09 13:18:24 678934	INFO [input.cpp->run:173]	
frame_id 145
2020/03/09 13:18:24 731010	INFO [input.cpp->run:235]	rotation: 
[-0.999716279739048, -0.01794645868912349, 0.01566156586159616;
 0.01826912585615582, -0.9996186249636514, 0.02070854090057785;
 0.01528394795756217, 0.02098878858577958, 0.999662879018988]
2020/03/09 13:18:24 731070	INFO [input.cpp->run:256]	frame times (ms): 127.542
2020/03/09 13:18:24 731076	INFO [input.cpp->run:257]	FPS: 7.84055
2020/03/09 13:18:24 810954	INFO [input.cpp->run:173]	
frame_id 146
2020/03/09 13:18:24 862768	INFO [input.cpp->run:235]	rotation: 
[-0.9679900159344297, 0.03101669711890049, -0.2490648380464353;
 0.004610262157279502, -0.9899701626999542, -0.141201354266407;
 -0.250946357881727, -0.1378297553638568, 0.9581382384615675]
2020/03/09 13:18:24 862823	INFO [input.cpp->run:256]	frame times (ms): 122.717
2020/03/09 13:18:24 862828	INFO [input.cpp->run:257]	FPS: 8.14883
2020/03/09 13:18:24 944790	INFO [input.cpp->run:173]	
frame_id 147
2020/03/09 13:18:24 973374	INFO [input.cpp->run:196]	Not enough points
2020/03/09 13:18:25 077767	INFO [input.cpp->run:173]	
frame_id 148
2020/03/09 13:18:25 109893	INFO [input.cpp->run:196]	Not enough points
2020/03/09 13:18:25 211461	INFO [input.cpp->run:173]	
frame_id 149
2020/03/09 13:18:25 241495	INFO [input.cpp->run:196]	Not enough points
2020/03/09 13:18:25 344074	INFO [input.cpp->run:173]	
frame_id 150
2020/03/09 13:18:25 373518	INFO [input.cpp->run:196]	Not enough points
2020/03/09 13:18:25 477593	INFO [input.cpp->run:173]	
frame_id 151
2020/03/09 13:18:25 508872	INFO [input.cpp->run:196]	Not enough points
2020/03/09 13:18:25 612583	INFO [input.cpp->run:173]	
frame_id 152
2020/03/09 13:18:25 663203	INFO [input.cpp->run:235]	rotation: 
[-0.9601587744951413, 0.1464422916377318, 0.2380121488073201;
 0.1560888861762636, -0.4254294706272846, 0.8914292036578351;
 0.2318003178864124, 0.8930646229370403, 0.3856218249607772]
2020/03/09 13:18:25 663288	INFO [input.cpp->run:256]	frame times (ms): 125.322
2020/03/09 13:18:25 663292	INFO [input.cpp->run:257]	FPS: 7.97944
2020/03/09 13:18:25 743657	INFO [input.cpp->run:173]	
frame_id 153
2020/03/09 13:18:25 775317	INFO [input.cpp->run:196]	Not enough points
2020/03/09 13:18:25 878049	INFO [input.cpp->run:173]	
frame_id 154
2020/03/09 13:18:25 910740	INFO [input.cpp->run:196]	Not enough points
2020/03/09 13:18:26 011278	INFO [input.cpp->run:173]	
frame_id 155
2020/03/09 13:18:26 047377	INFO [input.cpp->run:235]	rotation: 
[0.9999896218283387, 0.004338570851057443, -0.001390337580068182;
 -0.00434300682533679, 0.9999854375209842, -0.003203597615297294;
 0.001376418298074101, 0.003209602613411067, 0.9999939019432732]
2020/03/09 13:18:26 047442	INFO [input.cpp->run:256]	frame times (ms): 109.914
2020/03/09 13:18:26 047447	INFO [input.cpp->run:257]	FPS: 9.09802
2020/03/09 13:18:26 144023	INFO [input.cpp->run:173]	
frame_id 156
2020/03/09 13:18:26 193722	INFO [input.cpp->run:235]	rotation: 
[-0.9989586630151702, 0.03852112811273599, 0.02444815485605575;
 0.01476426508447496, -0.2340859205112485, 0.9721038001648366;
 0.04316950385930855, 0.9714524715637525, 0.2332734220377827]
2020/03/09 13:18:26 193783	INFO [input.cpp->run:256]	frame times (ms): 126.856
2020/03/09 13:18:26 193786	INFO [input.cpp->run:257]	FPS: 7.88295
2020/03/09 13:18:26 277901	INFO [input.cpp->run:173]	
frame_id 157
2020/03/09 13:18:26 306747	INFO [input.cpp->run:196]	Not enough points
2020/03/09 13:18:26 411797	INFO [input.cpp->run:173]	
frame_id 158
2020/03/09 13:18:26 461500	INFO [input.cpp->run:235]	rotation: 
[-0.9999979224928267, -0.001344275295625515, 0.001532296955589864;
 0.001350136636952688, -0.9999917517643599, 0.003830604953312586;
 0.001527134929237465, 0.003832665805461751, 0.9999914892296489]
2020/03/09 13:18:26 461565	INFO [input.cpp->run:256]	frame times (ms): 119.773
2020/03/09 13:18:26 461569	INFO [input.cpp->run:257]	FPS: 8.34913
2020/03/09 13:18:26 544116	INFO [input.cpp->run:173]	
frame_id 159
2020/03/09 13:18:26 572435	INFO [input.cpp->run:196]	Not enough points
2020/03/09 13:18:26 677076	INFO [input.cpp->run:173]	
frame_id 160
2020/03/09 13:18:26 706908	INFO [input.cpp->run:196]	Not enough points
2020/03/09 13:18:26 810125	INFO [input.cpp->run:173]	
frame_id 161
2020/03/09 13:18:26 836288	INFO [input.cpp->run:196]	Not enough points
2020/03/09 13:18:26 945650	INFO [input.cpp->run:173]	
frame_id 162
2020/03/09 13:18:26 996259	INFO [input.cpp->run:235]	rotation: 
[-0.5105672544153964, 0.420085825523014, -0.7502326158688194;
 -0.4727526203857583, -0.8659590148554046, -0.1631561966615309;
 -0.7182103025139105, 0.2713722236805102, 0.6407269914539042]
2020/03/09 13:18:26 996305	INFO [input.cpp->run:256]	frame times (ms): 121.053
2020/03/09 13:18:26 996308	INFO [input.cpp->run:257]	FPS: 8.26084
2020/03/09 13:18:27 076933	INFO [input.cpp->run:173]	
frame_id 163
2020/03/09 13:18:27 126560	INFO [input.cpp->run:235]	rotation: 
[-0.95186425501253, 0.07903850916870012, -0.2961542741508729;
 -0.04508979860068082, -0.9917776844969032, -0.1197661663246809;
 -0.3031853395063672, -0.1006475961081555, 0.9476015572518121]
2020/03/09 13:18:27 126619	INFO [input.cpp->run:256]	frame times (ms): 125.647
2020/03/09 13:18:27 126623	INFO [input.cpp->run:257]	FPS: 7.95881
2020/03/09 13:18:27 212315	INFO [input.cpp->run:173]	
frame_id 164
2020/03/09 13:18:27 241505	INFO [input.cpp->run:196]	Not enough points
2020/03/09 13:18:27 344298	INFO [input.cpp->run:173]	
frame_id 165
2020/03/09 13:18:27 385900	INFO [input.cpp->run:196]	Not enough points
2020/03/09 13:18:27 476732	INFO [input.cpp->run:173]	
frame_id 166
2020/03/09 13:18:27 509023	INFO [input.cpp->run:196]	Not enough points
2020/03/09 13:18:27 610636	INFO [input.cpp->run:173]	
frame_id 167
2020/03/09 13:18:27 640821	INFO [input.cpp->run:196]	Not enough points
2020/03/09 13:18:27 744056	INFO [input.cpp->run:173]	
frame_id 168
2020/03/09 13:18:27 773416	INFO [input.cpp->run:196]	Not enough points
2020/03/09 13:18:27 877552	INFO [input.cpp->run:173]	
frame_id 169
2020/03/09 13:18:27 910308	INFO [input.cpp->run:196]	Not enough points
2020/03/09 13:18:28 011022	INFO [input.cpp->run:173]	
frame_id 170
2020/03/09 13:18:28 066431	INFO [input.cpp->run:235]	rotation: 
[-0.999806402046117, -0.01451902306938374, 0.01327992457466586;
 0.0149734575938617, -0.9992826182559854, 0.03478569273634305;
 0.01276534352389064, 0.03497780468487334, 0.9993065591619741]
2020/03/09 13:18:28 066492	INFO [input.cpp->run:256]	frame times (ms): 127.659
2020/03/09 13:18:28 066497	INFO [input.cpp->run:257]	FPS: 7.83337
2020/03/09 13:18:28 143474	INFO [input.cpp->run:173]	
frame_id 171
2020/03/09 13:18:28 174638	INFO [input.cpp->run:196]	Not enough points
2020/03/09 13:18:28 277421	INFO [input.cpp->run:173]	
frame_id 172
2020/03/09 13:18:28 331796	INFO [input.cpp->run:235]	rotation: 
[-0.9997660722315953, -0.02115055351399127, 0.004522709437984897;
 0.02120104587282607, -0.9997099621990384, 0.01142397189664893;
 0.00427977435234271, 0.01151718568266101, 0.9999245161338146]
2020/03/09 13:18:28 331863	INFO [input.cpp->run:256]	frame times (ms): 127.85
2020/03/09 13:18:28 331875	INFO [input.cpp->run:257]	FPS: 7.82167
2020/03/09 13:18:28 410186	INFO [input.cpp->run:173]	
frame_id 173
2020/03/09 13:18:28 460742	INFO [input.cpp->run:235]	rotation: 
[-0.9999907647156395, -0.002965517723615718, 0.003110657175179092;
 0.003002061148854473, -0.9999257567718673, 0.01180968132791723;
 0.0030754044106606, 0.01181891064520497, 0.9999254248387086]
2020/03/09 13:18:28 460782	INFO [input.cpp->run:256]	frame times (ms): 115.244
2020/03/09 13:18:28 460785	INFO [input.cpp->run:257]	FPS: 8.67724
2020/03/09 13:18:28 543277	INFO [input.cpp->run:173]	
frame_id 174
2020/03/09 13:18:28 593447	INFO [input.cpp->run:235]	rotation: 
[-0.9998311389870944, -0.001817752004911614, -0.01828631426553979;
 0.002309433161644391, -0.9996353851281979, -0.02690284962734017;
 -0.01823074409456019, -0.02694053780547114, 0.9994707836612886]
2020/03/09 13:18:28 593488	INFO [input.cpp->run:256]	frame times (ms): 123.53
2020/03/09 13:18:28 593490	INFO [input.cpp->run:257]	FPS: 8.0952
2020/03/09 13:18:28 677920	INFO [input.cpp->run:173]	
frame_id 175
2020/03/09 13:18:28 729974	INFO [input.cpp->run:235]	rotation: 
[-0.999701800457176, -0.02338597336463416, 0.007028969516883157;
 0.02354030989865374, -0.9994642030678357, 0.0227411652263345;
 0.006493379132315931, 0.02289984794195634, 0.999716676359697]
2020/03/09 13:18:28 730015	INFO [input.cpp->run:256]	frame times (ms): 129.025
2020/03/09 13:18:28 730020	INFO [input.cpp->run:257]	FPS: 7.75044
2020/03/09 13:18:28 811712	INFO [input.cpp->run:173]	
frame_id 176
2020/03/09 13:18:28 860880	INFO [input.cpp->run:235]	rotation: 
[-0.9998913000616956, -0.01116222770292016, -0.009632898506696769;
 0.01119976414678237, -0.9999298628324773, -0.003851583944226967;
 -0.009589230625478104, -0.003959051468614751, 0.9999461848357037]
2020/03/09 13:18:28 860944	INFO [input.cpp->run:256]	frame times (ms): 113.492
2020/03/09 13:18:28 860948	INFO [input.cpp->run:257]	FPS: 8.81119
2020/03/09 13:18:28 945105	INFO [input.cpp->run:173]	
frame_id 177
2020/03/09 13:18:28 977380	INFO [input.cpp->run:196]	Not enough points
2020/03/09 13:18:29 077206	INFO [input.cpp->run:173]	
frame_id 178
2020/03/09 13:18:29 103220	INFO [input.cpp->run:196]	Not enough points
2020/03/09 13:18:29 212210	INFO [input.cpp->run:173]	
frame_id 179
2020/03/09 13:18:29 261841	INFO [input.cpp->run:235]	rotation: 
[-0.999786565936909, -0.01917659166774086, 0.007686410351496117;
 0.01931006828585273, -0.9996571312619272, 0.01768448981366861;
 0.007344646681669544, 0.01782914044991446, 0.9998140716732982]
2020/03/09 13:18:29 261908	INFO [input.cpp->run:256]	frame times (ms): 121.157
2020/03/09 13:18:29 261912	INFO [input.cpp->run:257]	FPS: 8.25375
2020/03/09 13:18:29 344647	INFO [input.cpp->run:173]	
frame_id 180
2020/03/09 13:18:29 397265	INFO [input.cpp->run:235]	rotation: 
[-0.6878641303554396, 0.245227484566746, 0.683159146160996;
 0.3258519235260057, -0.7366930638239779, 0.5925401704931427;
 0.6485857399795012, 0.6301958509278737, 0.4268368861386468]
2020/03/09 13:18:29 397334	INFO [input.cpp->run:256]	frame times (ms): 120.864
2020/03/09 13:18:29 397338	INFO [input.cpp->run:257]	FPS: 8.27376
2020/03/09 13:18:29 477961	INFO [input.cpp->run:173]	
frame_id 181
2020/03/09 13:18:29 530600	INFO [input.cpp->run:235]	rotation: 
[-0.7260077180807916, 0.2454818914069417, 0.6423795095411997;
 0.3255723813645464, -0.7001036085315505, 0.6354978849797376;
 0.6057354354664586, 0.6705173959804264, 0.4283584992828874]
2020/03/09 13:18:29 530665	INFO [input.cpp->run:256]	frame times (ms): 118.458
2020/03/09 13:18:29 530669	INFO [input.cpp->run:257]	FPS: 8.44181
2020/03/09 13:18:29 610587	INFO [input.cpp->run:173]	
frame_id 182
2020/03/09 13:18:29 662560	INFO [input.cpp->run:235]	rotation: 
[-0.9224126834953887, -0.2294906754794771, -0.3106265783779764;
 0.2114324459315164, -0.973137767828929, 0.09109997602823952;
 -0.3231890501459667, 0.01835523611678056, 0.9461563946688969]
2020/03/09 13:18:29 662611	INFO [input.cpp->run:256]	frame times (ms): 122.718
2020/03/09 13:18:29 662616	INFO [input.cpp->run:257]	FPS: 8.14876
2020/03/09 13:18:29 744878	INFO [input.cpp->run:173]	
frame_id 183
2020/03/09 13:18:29 785774	INFO [input.cpp->run:235]	rotation: 
[0.9998524722391519, 0.01661626845428619, -0.004351250384793606;
 -0.01665782642323043, 0.9998142407900453, -0.009695397479151411;
 0.004189340772675222, 0.009766449512504684, 0.9999435313495508]
2020/03/09 13:18:29 785820	INFO [input.cpp->run:256]	frame times (ms): 111.364
2020/03/09 13:18:29 785822	INFO [input.cpp->run:257]	FPS: 8.97956
2020/03/09 13:18:29 878922	INFO [input.cpp->run:173]	
frame_id 184
2020/03/09 13:18:29 930339	INFO [input.cpp->run:235]	rotation: 
[-0.999729844854307, -0.01130633396133801, 0.02030773547045207;
 0.01230603194882016, -0.9986835602189164, 0.04979666782169895;
 0.0197179838030611, 0.05003312263715612, 0.9985528968231572]
2020/03/09 13:18:29 930405	INFO [input.cpp->run:256]	frame times (ms): 119.721
2020/03/09 13:18:29 930409	INFO [input.cpp->run:257]	FPS: 8.35275
2020/03/09 13:18:30 010986	INFO [input.cpp->run:173]	
frame_id 185
2020/03/09 13:18:30 060678	INFO [input.cpp->run:235]	rotation: 
[-0.9999700296816199, -0.007170701111386795, 0.002919038216842235;
 0.007144280285977384, -0.9999343081128883, -0.008963186821363602;
 0.00298311879341474, -0.008942063764614266, 0.9999555692619019]
2020/03/09 13:18:30 060740	INFO [input.cpp->run:256]	frame times (ms): 120.13
2020/03/09 13:18:30 060743	INFO [input.cpp->run:257]	FPS: 8.32432
2020/03/09 13:18:30 146752	INFO [input.cpp->run:173]	
frame_id 186
2020/03/09 13:18:30 195825	INFO [input.cpp->run:235]	rotation: 
[-0.9999286784706999, -0.002498761140747173, -0.01167879123030751;
 0.002723266760524536, -0.9998110475131693, -0.01924715794007148;
 -0.01162849044333089, -0.01927758966729311, 0.9997465442534068]
2020/03/09 13:18:30 195885	INFO [input.cpp->run:256]	frame times (ms): 120.337
2020/03/09 13:18:30 195888	INFO [input.cpp->run:257]	FPS: 8.31
2020/03/09 13:18:30 278535	INFO [input.cpp->run:173]	
frame_id 187
2020/03/09 13:18:30 329148	INFO [input.cpp->run:235]	rotation: 
[-0.9998412697580846, 7.197913769652734e-05, -0.01781656834367366;
 0.0003929133945622177, -0.9996595627012788, -0.02608839433450251;
 -0.01781238073940235, -0.02609125368570597, 0.9995008582154914]
2020/03/09 13:18:30 329221	INFO [input.cpp->run:256]	frame times (ms): 129.014
2020/03/09 13:18:30 329225	INFO [input.cpp->run:257]	FPS: 7.7511
2020/03/09 13:18:30 412153	INFO [input.cpp->run:173]	
frame_id 188
2020/03/09 13:18:30 461360	INFO [input.cpp->run:235]	rotation: 
[-0.7683822922154372, 0.251133044253121, 0.5886602136155548;
 0.3052037434576174, -0.6646782670942455, 0.6819482943977847;
 0.5625294018886546, 0.7036582944418056, 0.4340802652437012]
2020/03/09 13:18:30 461425	INFO [input.cpp->run:256]	frame times (ms): 121.912
2020/03/09 13:18:30 461428	INFO [input.cpp->run:257]	FPS: 8.20264
2020/03/09 13:18:30 545385	INFO [input.cpp->run:173]	
frame_id 189
2020/03/09 13:18:30 597867	INFO [input.cpp->run:235]	rotation: 
[-0.9997876279837582, -0.01759376309748747, 0.01073118962090515;
 0.01782747292091928, -0.9995971073424107, 0.02208628990887688;
 0.01033828515104048, 0.02227290939133357, 0.999698473224492]
2020/03/09 13:18:30 597927	INFO [input.cpp->run:256]	frame times (ms): 125.392
2020/03/09 13:18:30 597930	INFO [input.cpp->run:257]	FPS: 7.97499
2020/03/09 13:18:30 680070	INFO [input.cpp->run:173]	
frame_id 190
2020/03/09 13:18:30 729106	INFO [input.cpp->run:235]	rotation: 
[-0.6208397611490361, 0.3846283259979628, 0.6830951923534618;
 0.3997808875022595, -0.5942044647770743, 0.6979228438924294;
 0.674339108286264, 0.7063866539502255, 0.215138704459916]
2020/03/09 13:18:30 729158	INFO [input.cpp->run:256]	frame times (ms): 114.019
2020/03/09 13:18:30 729163	INFO [input.cpp->run:257]	FPS: 8.77047
2020/03/09 13:18:30 812353	INFO [input.cpp->run:173]	
frame_id 191
2020/03/09 13:18:30 861199	INFO [input.cpp->run:235]	rotation: 
[-0.9085187400779527, -0.1825181945975142, -0.3758733930035927;
 -0.4036043126912714, 0.1504864889201988, 0.9024729222694037;
 -0.1081538612541216, 0.9716176847368181, -0.2103849257967154]
2020/03/09 13:18:30 861264	INFO [input.cpp->run:256]	frame times (ms): 119.369
2020/03/09 13:18:30 861268	INFO [input.cpp->run:257]	FPS: 8.37738
2020/03/09 13:18:30 945116	INFO [input.cpp->run:173]	
frame_id 192
2020/03/09 13:18:30 993733	INFO [input.cpp->run:235]	rotation: 
[-0.9999738587998985, -0.003520634608508029, -0.006315603596968034;
 0.003634121765865469, -0.9998305031173125, -0.01804877267773947;
 -0.006250989988115714, -0.01807125253365763, 0.9998171607629235]
2020/03/09 13:18:30 993797	INFO [input.cpp->run:256]	frame times (ms): 123.046
2020/03/09 13:18:30 993801	INFO [input.cpp->run:257]	FPS: 8.12704
2020/03/09 13:18:31 079826	INFO [input.cpp->run:173]	
frame_id 193
2020/03/09 13:18:31 132477	INFO [input.cpp->run:235]	rotation: 
[-0.5859798913862801, 0.4522965339305, 0.6723506616977331;
 0.4398658733782945, -0.5192994131107185, 0.7326978456226099;
 0.6805480000176869, 0.7250903150210459, 0.1053492037682631]
2020/03/09 13:18:31 132541	INFO [input.cpp->run:256]	frame times (ms): 123.659
2020/03/09 13:18:31 132545	INFO [input.cpp->run:257]	FPS: 8.08675
2020/03/09 13:18:31 212142	INFO [input.cpp->run:173]	
frame_id 194
2020/03/09 13:18:31 261466	INFO [input.cpp->run:235]	rotation: 
[-0.9999463435300542, -0.0009609843443098014, -0.01031438655300251;
 0.00117065577290643, -0.9997924088427559, -0.02034130736853046;
 -0.01029269769963775, -0.02035229052194524, 0.9997398884932891]
2020/03/09 13:18:31 261530	INFO [input.cpp->run:256]	frame times (ms): 122.963
2020/03/09 13:18:31 261535	INFO [input.cpp->run:257]	FPS: 8.13253
2020/03/09 13:18:31 344473	INFO [input.cpp->run:173]	
frame_id 195
2020/03/09 13:18:31 394258	INFO [input.cpp->run:235]	rotation: 
[-0.7479471876660553, 0.3036235907509747, 0.5902437798079057;
 0.3371954628994653, -0.5921451934617439, 0.7318902169452528;
 0.5717291528883708, 0.7464427540003578, 0.3405128349092108]
2020/03/09 13:18:31 394319	INFO [input.cpp->run:256]	frame times (ms): 121.165
2020/03/09 13:18:31 394322	INFO [input.cpp->run:257]	FPS: 8.25321
2020/03/09 13:18:31 477978	INFO [input.cpp->run:173]	
frame_id 196
2020/03/09 13:18:31 528782	INFO [input.cpp->run:235]	rotation: 
[-0.9640455497346742, -0.04369031859694151, -0.2621208387321913;
 0.1099545715511451, -0.9635749326045779, -0.2437895433587894;
 -0.2419218266956783, -0.2638456088643143, 0.9337340758755917]
2020/03/09 13:18:31 528845	INFO [input.cpp->run:256]	frame times (ms): 119.059
2020/03/09 13:18:31 528848	INFO [input.cpp->run:257]	FPS: 8.3992
2020/03/09 13:18:31 613651	INFO [input.cpp->run:173]	
frame_id 197
2020/03/09 13:18:31 666712	INFO [input.cpp->run:235]	rotation: 
[-0.6235261059101296, 0.3747807014775166, 0.686115603268553;
 0.3935393062318574, -0.607851131044139, 0.6896693533418091;
 0.6755309095068102, 0.7000403047599341, 0.2315201114644687]
2020/03/09 13:18:31 666775	INFO [input.cpp->run:256]	frame times (ms): 120.707
2020/03/09 13:18:31 666779	INFO [input.cpp->run:257]	FPS: 8.28452
2020/03/09 13:18:31 744591	INFO [input.cpp->run:173]	
frame_id 198
2020/03/09 13:18:31 792989	INFO [input.cpp->run:235]	rotation: 
[-0.9229598167857355, -0.2758214955112189, -0.2684542404448034;
 -0.3147734393599708, 0.1395223989095669, 0.9388563159909049;
 -0.2215013735224602, 0.9510289179706755, -0.2155948485265576]
2020/03/09 13:18:31 793055	INFO [input.cpp->run:256]	frame times (ms): 121.18
2020/03/09 13:18:31 793059	INFO [input.cpp->run:257]	FPS: 8.25219
2020/03/09 13:18:31 878308	INFO [input.cpp->run:173]	
frame_id 199
2020/03/09 13:18:31 929236	INFO [input.cpp->run:235]	rotation: 
[-0.3495882193145382, 0.3631357754901737, -0.863666883396394;
 0.4219394306669897, 0.8840784865727236, 0.2009287098144474;
 0.8365137140327746, -0.2941728031930078, -0.4622847262203901]
2020/03/09 13:18:31 929303	INFO [input.cpp->run:256]	frame times (ms): 124.129
2020/03/09 13:18:31 929319	INFO [input.cpp->run:257]	FPS: 8.05614
2020/03/09 13:18:32 011069	INFO [input.cpp->run:173]	
frame_id 200
2020/03/09 13:18:32 061535	INFO [input.cpp->run:235]	rotation: 
[-0.9996940708972308, 0.004698853943827052, 0.0242834384825769;
 -0.003919040270659788, -0.9994782179997682, 0.0320613921619867;
 0.02442141962047789, 0.03195641587572574, 0.9991908635231299]
2020/03/09 13:18:32 061600	INFO [input.cpp->run:256]	frame times (ms): 120.8
2020/03/09 13:18:32 061606	INFO [input.cpp->run:257]	FPS: 8.27815
2020/03/09 13:18:32 145095	INFO [input.cpp->run:173]	
frame_id 201
2020/03/09 13:18:32 196232	INFO [input.cpp->run:235]	rotation: 
[-0.9999792450849975, -0.005444918580647103, -0.003444163307487632;
 0.005516902542090557, -0.9997590139429998, -0.02124800757863465;
 -0.003327639640885858, -0.02126656769134984, 0.9997683031148015]
2020/03/09 13:18:32 196302	INFO [input.cpp->run:256]	frame times (ms): 124.384
2020/03/09 13:18:32 196318	INFO [input.cpp->run:257]	FPS: 8.03962
2020/03/09 13:18:32 279652	INFO [input.cpp->run:173]	
frame_id 202
2020/03/09 13:18:32 330564	INFO [input.cpp->run:235]	rotation: 
[-0.9482418840381386, -0.05607873783490784, -0.312558001847089;
 0.1372733822800959, -0.959952419658204, -0.2442281116287437;
 -0.2863448059127036, -0.2744932187781752, 0.9179652090202616]
2020/03/09 13:18:32 330625	INFO [input.cpp->run:256]	frame times (ms): 124.826
2020/03/09 13:18:32 330629	INFO [input.cpp->run:257]	FPS: 8.01115
2020/03/09 13:18:32 411848	INFO [input.cpp->run:173]	
frame_id 203
2020/03/09 13:18:32 461577	INFO [input.cpp->run:235]	rotation: 
[-0.8758125671763336, 0.3044466878197634, 0.3745191069245675;
 0.3096546459523989, -0.2407808546740335, 0.9198579130836112;
 0.3702247255601583, 0.9215947017523579, 0.1166055671307675]
2020/03/09 13:18:32 461636	INFO [input.cpp->run:256]	frame times (ms): 121.935
2020/03/09 13:18:32 461641	INFO [input.cpp->run:257]	FPS: 8.20109
2020/03/09 13:18:32 545975	INFO [input.cpp->run:173]	
frame_id 204
2020/03/09 13:18:32 596646	INFO [input.cpp->run:235]	rotation: 
[-0.9828308022611912, -0.04529158258100957, -0.1788638774988706;
 0.074459718054184, -0.9843214117677952, -0.1598971817223369;
 -0.1688175480035024, -0.1704700292801119, 0.9707938012798198]
2020/03/09 13:18:32 596708	INFO [input.cpp->run:256]	frame times (ms): 126.063
2020/03/09 13:18:32 596713	INFO [input.cpp->run:257]	FPS: 7.93254
2020/03/09 13:18:32 678546	INFO [input.cpp->run:173]	
frame_id 205
2020/03/09 13:18:32 730869	INFO [input.cpp->run:235]	rotation: 
[-0.995440311218082, 0.0326820853231994, -0.08961287910214205;
 -0.01809313062675706, -0.9871096810336655, -0.1590192322762825;
 -0.09365482062430699, -0.1566727765393282, 0.9832000893334412]
2020/03/09 13:18:32 730953	INFO [input.cpp->run:256]	frame times (ms): 123.833
2020/03/09 13:18:32 730958	INFO [input.cpp->run:257]	FPS: 8.07539
2020/03/09 13:18:32 814102	INFO [input.cpp->run:173]	
frame_id 206
2020/03/09 13:18:32 868223	INFO [input.cpp->run:235]	rotation: 
[-0.99998562458054, -0.004576150205296006, 0.002794544965798064;
 0.004542249091158505, -0.999917448076548, -0.0120193596034816;
 0.002849316665652963, -0.01200649330081456, 0.9999238598579174]
2020/03/09 13:18:32 868284	INFO [input.cpp->run:256]	frame times (ms): 120.001
2020/03/09 13:18:32 868290	INFO [input.cpp->run:257]	FPS: 8.33326
2020/03/09 13:18:32 945506	INFO [input.cpp->run:173]	
frame_id 207
2020/03/09 13:18:32 998144	INFO [input.cpp->run:235]	rotation: 
[-0.9995461280128997, 0.0009253260629817118, 0.03011115650547476;
 -0.0002700942913829658, -0.9997632470215958, 0.02175722762461678;
 0.03012416012926817, 0.02173921977700193, 0.9993097324153275]
2020/03/09 13:18:32 998206	INFO [input.cpp->run:256]	frame times (ms): 125.59
2020/03/09 13:18:32 998211	INFO [input.cpp->run:257]	FPS: 7.96242
2020/03/09 13:18:33 077876	INFO [input.cpp->run:173]	
frame_id 208
2020/03/09 13:18:33 128530	INFO [input.cpp->run:235]	rotation: 
[-0.9999866514170057, -0.004775640341435565, 0.001972370942105295;
 0.004751441220860974, -0.9999155430765284, -0.01209671526886225;
 0.002029973923160418, -0.01208718219025738, 0.9999248867952888]
2020/03/09 13:18:33 128597	INFO [input.cpp->run:256]	frame times (ms): 124.524
2020/03/09 13:18:33 128602	INFO [input.cpp->run:257]	FPS: 8.03058
2020/03/09 13:18:33 211936	INFO [input.cpp->run:173]	
frame_id 209
2020/03/09 13:18:33 262539	INFO [input.cpp->run:235]	rotation: 
[-0.9654009718936097, 0.1891091057327569, -0.179551412124301;
 -0.1780625272616901, -0.981086463069722, -0.07591500751842704;
 -0.1905116790437097, -0.04131704382334185, 0.9808150702541463]
2020/03/09 13:18:33 262614	INFO [input.cpp->run:256]	frame times (ms): 123.867
2020/03/09 13:18:33 262619	INFO [input.cpp->run:257]	FPS: 8.07318
2020/03/09 13:18:33 344796	INFO [input.cpp->run:173]	
frame_id 210
2020/03/09 13:18:33 394069	INFO [input.cpp->run:235]	rotation: 
[-0.9999725200950854, -0.006201870174682491, 0.004061509697191346;
 0.006165014942815251, -0.999940271219554, -0.009024776125733351;
 0.004117237598057736, -0.008999488857769968, 0.999951027578281]
2020/03/09 13:18:33 394132	INFO [input.cpp->run:256]	frame times (ms): 118.88
2020/03/09 13:18:33 394141	INFO [input.cpp->run:257]	FPS: 8.41184
2020/03/09 13:18:33 480314	INFO [input.cpp->run:173]	
frame_id 211
2020/03/09 13:18:33 530043	INFO [input.cpp->run:235]	rotation: 
[-0.5453491305889553, -0.2298946594825148, 0.8060662325809768;
 0.3944686463039122, -0.9188968347839591, 0.004805632859496534;
 0.7395869204150584, 0.3205886032993685, 0.5918058250689415]
2020/03/09 13:18:33 530107	INFO [input.cpp->run:256]	frame times (ms): 127.912
2020/03/09 13:18:33 530110	INFO [input.cpp->run:257]	FPS: 7.81787
2020/03/09 13:18:33 610994	INFO [input.cpp->run:173]	
frame_id 212
2020/03/09 13:18:33 663596	INFO [input.cpp->run:235]	rotation: 
[-0.555497802407169, -0.2280964329306416, 0.7996212908653213;
 0.3914741936717115, -0.9201402280459247, 0.009482426940241012;
 0.7336008091665991, 0.3182985674110252, 0.6004297417468583]
2020/03/09 13:18:33 663669	INFO [input.cpp->run:256]	frame times (ms): 125.246
2020/03/09 13:18:33 663675	INFO [input.cpp->run:257]	FPS: 7.98429
2020/03/09 13:18:33 745294	INFO [input.cpp->run:173]	
frame_id 213
2020/03/09 13:18:33 800897	INFO [input.cpp->run:235]	rotation: 
[-0.5481138173841367, -0.2415002728314011, 0.800780157980296;
 0.3937150786269709, -0.9192000621228682, -0.00772545500751684;
 0.7379428704543105, 0.311044794226931, 0.5989085538961509]
2020/03/09 13:18:33 800967	INFO [input.cpp->run:256]	frame times (ms): 123.86
2020/03/09 13:18:33 800972	INFO [input.cpp->run:257]	FPS: 8.07363
2020/03/09 13:18:33 880799	INFO [input.cpp->run:173]	
frame_id 214
2020/03/09 13:18:33 930213	INFO [input.cpp->run:235]	rotation: 
[-0.9997021829189496, 0.005198093401428361, 0.02384376841183194;
 -0.004436230548811297, -0.999481391617798, 0.03189463384752356;
 0.02399719411941407, 0.03177935862694256, 0.9992067889279254]
2020/03/09 13:18:33 930285	INFO [input.cpp->run:256]	frame times (ms): 118.239
2020/03/09 13:18:33 930291	INFO [input.cpp->run:257]	FPS: 8.45745
2020/03/09 13:18:34 012310	INFO [input.cpp->run:173]	
frame_id 215
2020/03/09 13:18:34 060223	INFO [input.cpp->run:235]	rotation: 
[-0.9997064756807587, 0.004952001053723507, 0.02371582103829735;
 -0.004184016514885788, -0.9994686970440089, 0.03232363894975937;
 0.02386328744661533, 0.03221492378875293, 0.9991960479292965]
2020/03/09 13:18:34 060291	INFO [input.cpp->run:256]	frame times (ms): 113.209
2020/03/09 13:18:34 060296	INFO [input.cpp->run:257]	FPS: 8.83322
2020/03/09 13:18:34 147356	INFO [input.cpp->run:173]	
frame_id 216
2020/03/09 13:18:34 216538	INFO [input.cpp->run:235]	rotation: 
[-0.4234321001886386, 0.01569868439482119, 0.9057918126358344;
 0.3642116018227787, -0.9125383724943404, 0.1860742535201096;
 0.8294909075014172, 0.4086896989571087, 0.3806803965780531]
2020/03/09 13:18:34 216601	INFO [input.cpp->run:256]	frame times (ms): 127.215
2020/03/09 13:18:34 216606	INFO [input.cpp->run:257]	FPS: 7.86071
2020/03/09 13:18:34 279148	INFO [input.cpp->run:173]	
frame_id 217
2020/03/09 13:18:34 334133	INFO [input.cpp->run:235]	rotation: 
[-0.9999824337371088, -0.005323236745278863, 0.002606792619754843;
 0.005291187425975518, -0.9999121761748204, -0.01215085482417422;
 0.002671245558142119, -0.01213684835073226, 0.9999227776979975]
2020/03/09 13:18:34 334194	INFO [input.cpp->run:256]	frame times (ms): 128.556
2020/03/09 13:18:34 334199	INFO [input.cpp->run:257]	FPS: 7.77871
g3log g3FileSink shutdown at: 13:18:34 507492
