		g3log created log at: Sun Mar 08 16:03:19 2020
		LOG format: [YYYY/MM/DD hh:mm:ss uuu* LEVEL FILE->FUNCTION:LINE] message		(uuu*: microseconds fractions of the seconds value)

2020/03/08 16:03:19 183077	INFO [g3logger.h->logBanner:29]	Starting log.
2020/03/08 16:03:19 189088	DEBUG [main.cpp->main:49]	Filepath: /home/mitchell/KITTI/data_odometry_gray/dataset/sequences/00/
2020/03/08 16:03:19 189094	DEBUG [main.cpp->main:53]	Calibration Filepath: /home/mitchell/visual_odom_ws/src/visual_odom/calibration/old/zed.yaml
2020/03/08 16:03:19 189190	INFO [main.cpp->main:67]	P_left: 
[718.85602, 0, 607.19281, 0;
 0, 718.85602, 185.2157, 0;
 0, 0, 1, 0]
2020/03/08 16:03:19 189200	INFO [main.cpp->main:68]	P_right: 
[718.85602, 0, 607.19281, -386.14481;
 0, 718.85602, 185.2157, 0;
 0, 0, 1, 0]
2020/03/08 16:03:19 251844	INFO [input.cpp->Input:22]	frame_pose [1, 0, 0, 0;
 0, 1, 0, 0;
 0, 0, 1, 0;
 0, 0, 0, 1]
2020/03/08 16:03:19 507110	INFO [input.cpp->run:173]	
frame_id 1
2020/03/08 16:03:19 570091	INFO [input.cpp->run:196]	Not enough points
2020/03/08 16:03:19 571597	INFO [input.cpp->run:173]	
frame_id 2
2020/03/08 16:03:19 598453	INFO [input.cpp->run:196]	Not enough points
2020/03/08 16:03:19 631779	INFO [input.cpp->run:173]	
frame_id 3
2020/03/08 16:03:19 663827	INFO [input.cpp->run:196]	Not enough points
2020/03/08 16:03:19 698543	INFO [input.cpp->run:173]	
frame_id 4
2020/03/08 16:03:19 725074	INFO [input.cpp->run:196]	Not enough points
2020/03/08 16:03:19 765573	INFO [input.cpp->run:173]	
frame_id 5
2020/03/08 16:03:19 804239	INFO [input.cpp->run:196]	Not enough points
2020/03/08 16:03:19 831868	INFO [input.cpp->run:173]	
frame_id 6
2020/03/08 16:03:19 860498	INFO [input.cpp->run:196]	Not enough points
2020/03/08 16:03:19 898958	INFO [input.cpp->run:173]	
frame_id 7
2020/03/08 16:03:19 933203	INFO [input.cpp->run:196]	Not enough points
2020/03/08 16:03:19 965584	INFO [input.cpp->run:173]	
frame_id 8
2020/03/08 16:03:19 993590	INFO [input.cpp->run:196]	Not enough points
2020/03/08 16:03:20 032454	INFO [input.cpp->run:173]	
frame_id 9
2020/03/08 16:03:20 071448	INFO [input.cpp->run:196]	Not enough points
2020/03/08 16:03:20 098698	INFO [input.cpp->run:173]	
frame_id 10
2020/03/08 16:03:20 125513	INFO [input.cpp->run:196]	Not enough points
2020/03/08 16:03:20 165748	INFO [input.cpp->run:173]	
frame_id 11
2020/03/08 16:03:20 198356	INFO [input.cpp->run:196]	Not enough points
2020/03/08 16:03:20 232123	INFO [input.cpp->run:173]	
frame_id 12
2020/03/08 16:03:20 261220	INFO [input.cpp->run:196]	Not enough points
2020/03/08 16:03:20 299041	INFO [input.cpp->run:173]	
frame_id 13
2020/03/08 16:03:20 331167	INFO [input.cpp->run:196]	Not enough points
2020/03/08 16:03:20 365357	INFO [input.cpp->run:173]	
frame_id 14
2020/03/08 16:03:20 393807	INFO [input.cpp->run:196]	Not enough points
2020/03/08 16:03:20 432005	INFO [input.cpp->run:173]	
frame_id 15
2020/03/08 16:03:20 462692	INFO [input.cpp->run:196]	Not enough points
2020/03/08 16:03:20 498628	INFO [input.cpp->run:173]	
frame_id 16
2020/03/08 16:03:20 527236	INFO [input.cpp->run:196]	Not enough points
g3log g3FileSink shutdown at: 16:03:20 633727
