		g3log created log at: Sun Mar 08 15:44:13 2020
		LOG format: [YYYY/MM/DD hh:mm:ss uuu* LEVEL FILE->FUNCTION:LINE] message		(uuu*: microseconds fractions of the seconds value)

2020/03/08 15:44:13 536200	INFO [g3logger.h->logBanner:29]	Starting log.
2020/03/08 15:44:13 541839	DEBUG [main.cpp->main:49]	Filepath: /home/mitchell/KITTI/data_odometry_gray/dataset/sequences/00/
2020/03/08 15:44:13 541844	DEBUG [main.cpp->main:53]	Calibration Filepath: /home/mitchell/visual_odom_ws/src/visual_odom/calibration/old/kitti00.yaml
2020/03/08 15:44:13 541924	INFO [main.cpp->main:67]	P_left: 
[718.85602, 0, 607.19281, 0;
 0, 718.85602, 185.2157, 0;
 0, 0, 1, 0]
2020/03/08 15:44:13 541931	INFO [main.cpp->main:68]	P_right: 
[718.85602, 0, 607.19281, -386.14481;
 0, 718.85602, 185.2157, 0;
 0, 0, 1, 0]
2020/03/08 15:44:13 623449	INFO [input.cpp->Input:22]	frame_pose [1, 0, 0, 0;
 0, 1, 0, 0;
 0, 0, 1, 0;
 0, 0, 0, 1]
2020/03/08 15:44:15 662915	INFO [input.cpp->run:173]	
frame_id 1
2020/03/08 15:44:15 695125	WARNING [visualOdometry.cpp->trackingFrame2Frame:179]	The Estimated Rotation and translation matrices(using getTransformation function) are : 
    0.999987 -2.57008e-05   0.00508614   -0.0122881
  2.0585e-05     0.999999   0.00100661    0.0226737
  -0.0050862   -0.0010065     0.999987    -0.845592
           0            0            0            1
2020/03/08 15:44:15 730501	INFO [input.cpp->run:235]	rotation: 
[0.9999868273735046, -2.570077776908875e-05, 0.005086138844490051;
 2.058502286672592e-05, 0.999999463558197, 0.001006614416837692;
 -0.005086198449134827, -0.001006502658128738, 0.9999865293502808]
2020/03/08 15:44:15 730568	INFO [input.cpp->run:256]	frame times (ms): 89.055
2020/03/08 15:44:15 730571	INFO [input.cpp->run:257]	FPS: 11.229
2020/03/08 15:44:15 771389	INFO [input.cpp->run:173]	
frame_id 2
2020/03/08 15:44:15 786622	WARNING [visualOdometry.cpp->trackingFrame2Frame:179]	The Estimated Rotation and translation matrices(using getTransformation function) are : 
    0.999973  -0.00139197   0.00714557   -0.0396762
  0.00139483     0.999999 -0.000396531    0.0451862
   -0.007145  0.000406478     0.999974    -0.983686
           0            0            0            1
2020/03/08 15:44:15 787308	INFO [input.cpp->run:235]	rotation: 
[0.999973475933075, -0.001391970552504063, 0.00714556872844696;
 0.001394834835082293, 0.9999986290931702, -0.0003965310752391815;
 -0.007144995033740997, 0.0004064776003360748, 0.9999741911888123]
2020/03/08 15:44:15 787328	INFO [input.cpp->run:256]	frame times (ms): 30.698
2020/03/08 15:44:15 787330	INFO [input.cpp->run:257]	FPS: 32.5754
2020/03/08 15:44:15 908650	INFO [input.cpp->run:173]	
frame_id 3
2020/03/08 15:44:15 930806	WARNING [visualOdometry.cpp->trackingFrame2Frame:179]	The Estimated Rotation and translation matrices(using getTransformation function) are : 
    0.999971   0.00151575   0.00743019    -0.124689
 -0.00151977     0.999999  0.000535555   -0.0120779
 -0.00742935 -0.000546824     0.999972    -0.707678
           0            0            0            1
2020/03/08 15:44:15 931594	INFO [input.cpp->run:235]	rotation: 
[0.9999714493751526, 0.001515745185315609, 0.007430188357830048;
 -0.001519767101854086, 0.9999989867210388, 0.0005355551838874817;
 -0.007429353892803192, -0.000546824187040329, 0.9999723434448242]
2020/03/08 15:44:15 931622	INFO [input.cpp->run:256]	frame times (ms): 41.543
2020/03/08 15:44:15 931624	INFO [input.cpp->run:257]	FPS: 24.0714
2020/03/08 15:44:16 034232	INFO [input.cpp->run:173]	
frame_id 4
2020/03/08 15:44:16 062381	WARNING [visualOdometry.cpp->trackingFrame2Frame:179]	The Estimated Rotation and translation matrices(using getTransformation function) are : 
   0.999991 -0.00199043  0.00377067   0.0412295
 0.00198653    0.999998  0.00103251   0.0107241
-0.00377277 -0.00102501    0.999993   -0.754332
          0           0           0           1
2020/03/08 15:44:16 063213	INFO [input.cpp->run:235]	rotation: 
[0.9999909400939941, -0.001990425400435925, 0.003770671784877777;
 0.001986526418477297, 0.9999975562095642, 0.001032508909702301;
 -0.003772765398025513, -0.001025013625621796, 0.9999925494194031]
2020/03/08 15:44:16 063237	INFO [input.cpp->run:256]	frame times (ms): 53.053
2020/03/08 15:44:16 063239	INFO [input.cpp->run:257]	FPS: 18.8491
2020/03/08 15:44:16 169392	INFO [input.cpp->run:173]	
frame_id 5
2020/03/08 15:44:16 191019	WARNING [visualOdometry.cpp->trackingFrame2Frame:179]	The Estimated Rotation and translation matrices(using getTransformation function) are : 
    0.999971  -0.00241066   0.00723326   -0.0609443
  0.00240861     0.999997  0.000289481      0.01859
 -0.00723399 -0.000272091     0.999974     -0.95779
           0            0            0            1
2020/03/08 15:44:16 191777	INFO [input.cpp->run:235]	rotation: 
[0.9999708533287048, -0.002410657238215208, 0.007233262062072754;
 0.002408608328551054, 0.9999970197677612, 0.00028948113322258;
 -0.007233992218971252, -0.0002720914781093597, 0.9999740123748779]
2020/03/08 15:44:16 191799	INFO [input.cpp->run:256]	frame times (ms): 43.29
2020/03/08 15:44:16 191802	INFO [input.cpp->run:257]	FPS: 23.1
2020/03/08 15:44:16 304488	INFO [input.cpp->run:173]	
frame_id 6
2020/03/08 15:44:16 333311	WARNING [visualOdometry.cpp->trackingFrame2Frame:179]	The Estimated Rotation and translation matrices(using getTransformation function) are : 
    0.999989 -0.000101279   0.00469662   -0.0202105
 0.000105848            1 -0.000973079   -0.0215929
 -0.00469646  0.000973552     0.999988    -0.670996
           0            0            0            1
2020/03/08 15:44:16 334716	INFO [input.cpp->run:235]	rotation: 
[0.9999892711639404, -0.0001012794673442841, 0.004696622490882874;
 0.0001058480702340603, 0.9999995231628418, -0.0009730793535709381;
 -0.004696458578109741, 0.0009735524654388428, 0.9999884963035583]
2020/03/08 15:44:16 334752	INFO [input.cpp->run:256]	frame times (ms): 62.067
2020/03/08 15:44:16 334756	INFO [input.cpp->run:257]	FPS: 16.1116
2020/03/08 15:44:16 442116	INFO [input.cpp->run:173]	
frame_id 7
2020/03/08 15:44:16 466400	WARNING [visualOdometry.cpp->trackingFrame2Frame:179]	The Estimated Rotation and translation matrices(using getTransformation function) are : 
    0.999999  0.000469775   0.00144335    0.0702307
-0.000465613     0.999996  -0.00289051   0.00189877
 -0.00144472   0.00288983     0.999995    -0.287737
           0            0            0            1
2020/03/08 15:44:16 467276	INFO [input.cpp->run:235]	rotation: 
[0.9999987483024597, 0.0004697754047811031, 0.001443348824977875;
 -0.0004656130913645029, 0.9999956488609314, -0.002890508621931076;
 -0.001444719731807709, 0.002889830619096756, 0.999994695186615]
2020/03/08 15:44:16 467299	INFO [input.cpp->run:256]	frame times (ms): 45.529
2020/03/08 15:44:16 467301	INFO [input.cpp->run:257]	FPS: 21.964
2020/03/08 15:44:16 576217	INFO [input.cpp->run:173]	
frame_id 8
2020/03/08 15:44:16 620345	WARNING [visualOdometry.cpp->trackingFrame2Frame:179]	The Estimated Rotation and translation matrices(using getTransformation function) are : 
    0.999999  0.000726685   0.00134739     0.121546
-0.000723362     0.999997  -0.00246802   0.00328827
 -0.00134918   0.00246704     0.999996    -0.941341
           0            0            0            1
2020/03/08 15:44:16 622548	INFO [input.cpp->run:235]	rotation: 
[0.9999988675117493, 0.000726684695109725, 0.001347389072179794;
 -0.0007233624346554279, 0.9999967217445374, -0.002468015998601913;
 -0.001349180936813354, 0.002467043697834015, 0.9999960660934448]
2020/03/08 15:44:16 622578	INFO [input.cpp->run:256]	frame times (ms): 82.817
2020/03/08 15:44:16 622580	INFO [input.cpp->run:257]	FPS: 12.0748
2020/03/08 15:44:16 692322	INFO [input.cpp->run:173]	
frame_id 9
2020/03/08 15:44:16 723021	WARNING [visualOdometry.cpp->trackingFrame2Frame:179]	The Estimated Rotation and translation matrices(using getTransformation function) are : 
    0.999992  -0.00102538   0.00392373   -0.0324562
  0.00102295     0.999999  0.000624813   0.00408006
 -0.00392437 -0.000620801     0.999992    -0.888874
           0            0            0            1
2020/03/08 15:44:16 724241	INFO [input.cpp->run:235]	rotation: 
[0.9999918937683105, -0.001025375444442034, 0.003923729062080383;
 0.001022949116304517, 0.9999993443489075, 0.0006248131394386292;
 -0.003924369812011719, -0.0006208010017871857, 0.9999921321868896]
2020/03/08 15:44:16 724280	INFO [input.cpp->run:256]	frame times (ms): 64.782
2020/03/08 15:44:16 724284	INFO [input.cpp->run:257]	FPS: 15.4364
2020/03/08 15:44:16 830431	INFO [input.cpp->run:173]	
frame_id 10
2020/03/08 15:44:16 855773	WARNING [visualOdometry.cpp->trackingFrame2Frame:179]	The Estimated Rotation and translation matrices(using getTransformation function) are : 
    0.999997  0.000991166   0.00241296   -0.0635672
-0.000992044     0.999999  0.000371136   -0.0146582
  -0.0024126 -0.000373561     0.999997    -0.409512
           0            0            0            1
2020/03/08 15:44:16 856499	INFO [input.cpp->run:235]	rotation: 
[0.999996542930603, 0.000991166103631258, 0.002412959933280945;
 -0.0009920438751578331, 0.9999991655349731, 0.0003711357712745667;
 -0.002412602305412292, -0.0003735609352588654, 0.999997079372406]
2020/03/08 15:44:16 856524	INFO [input.cpp->run:256]	frame times (ms): 49.194
2020/03/08 15:44:16 856526	INFO [input.cpp->run:257]	FPS: 20.3277
2020/03/08 15:44:16 938871	INFO [input.cpp->run:173]	
frame_id 11
2020/03/08 15:44:16 953588	WARNING [visualOdometry.cpp->trackingFrame2Frame:179]	The Estimated Rotation and translation matrices(using getTransformation function) are : 
   0.999968  0.00484861  0.00632084  -0.0698748
-0.00485677    0.999988  0.00126485  -0.0151629
-0.00631466 -0.00129553    0.999979    -1.36764
          0           0           0           1
2020/03/08 15:44:16 955311	INFO [input.cpp->run:235]	rotation: 
[0.9999679327011108, 0.00484860735014081, 0.006320837885141373;
 -0.004856768064200878, 0.9999875426292419, 0.001264851540327072;
 -0.006314655765891075, -0.001295525580644608, 0.9999792575836182]
2020/03/08 15:44:16 955333	INFO [input.cpp->run:256]	frame times (ms): 31.526
2020/03/08 15:44:16 955335	INFO [input.cpp->run:257]	FPS: 31.7199
2020/03/08 15:44:17 047126	INFO [input.cpp->run:173]	
frame_id 12
2020/03/08 15:44:17 061450	WARNING [visualOdometry.cpp->trackingFrame2Frame:179]	The Estimated Rotation and translation matrices(using getTransformation function) are : 
    0.999998  0.000566187   0.00194329   -0.0637085
-0.000565222            1 -0.000521332   -0.0161462
 -0.00194361  0.000520222     0.999998    -0.461596
           0            0            0            1
2020/03/08 15:44:17 062204	INFO [input.cpp->run:235]	rotation: 
[0.9999978542327881, 0.0005661873146891594, 0.001943290233612061;
 -0.0005652215331792831, 0.9999999403953552, -0.0005213320255279541;
 -0.001943610608577728, 0.0005202218890190125, 0.9999980926513672]
2020/03/08 15:44:17 062224	INFO [input.cpp->run:256]	frame times (ms): 29.933
2020/03/08 15:44:17 062226	INFO [input.cpp->run:257]	FPS: 33.4079
2020/03/08 15:44:17 155649	INFO [input.cpp->run:173]	
frame_id 13
2020/03/08 15:44:17 169004	WARNING [visualOdometry.cpp->trackingFrame2Frame:179]	The Estimated Rotation and translation matrices(using getTransformation function) are : 
    0.999998  0.000968005   0.00160308   -0.0318696
-0.000968109            1  4.01326e-05    0.0123727
 -0.00160308  -4.1686e-05     0.999999    -0.702028
           0            0            0            1
2020/03/08 15:44:17 169667	INFO [input.cpp->run:235]	rotation: 
[0.9999982118606567, 0.0009680050425231457, 0.001603081822395325;
 -0.0009681088849902153, 0.9999997019767761, 4.01325523853302e-05;
 -0.001603081822395325, -4.168599843978882e-05, 0.9999988675117493]
2020/03/08 15:44:17 169689	INFO [input.cpp->run:256]	frame times (ms): 29.601
2020/03/08 15:44:17 169691	INFO [input.cpp->run:257]	FPS: 33.7826
2020/03/08 15:44:17 294284	INFO [input.cpp->run:173]	
frame_id 14
2020/03/08 15:44:17 326066	WARNING [visualOdometry.cpp->trackingFrame2Frame:179]	The Estimated Rotation and translation matrices(using getTransformation function) are : 
   0.999994 -0.00255704  0.00245674   0.0179017
 0.00255283    0.999995  0.00171438   0.0356173
-0.00246109 -0.00170808    0.999995    -1.11811
          0           0           0           1
2020/03/08 15:44:17 327528	INFO [input.cpp->run:235]	rotation: 
[0.999993622303009, -0.002557036001235247, 0.00245673768222332;
 0.002552832011133432, 0.9999952912330627, 0.001714382320642471;
 -0.002461086958646774, -0.001708075404167175, 0.9999954104423523]
2020/03/08 15:44:17 327563	INFO [input.cpp->run:256]	frame times (ms): 67.117
2020/03/08 15:44:17 327567	INFO [input.cpp->run:257]	FPS: 14.8994
2020/03/08 15:44:17 430655	INFO [input.cpp->run:173]	
frame_id 15
2020/03/08 15:44:17 452443	WARNING [visualOdometry.cpp->trackingFrame2Frame:179]	The Estimated Rotation and translation matrices(using getTransformation function) are : 
   0.999998 -0.00121087  0.00155258  -0.0172951
 0.00120767    0.999997      0.0021   0.0259641
-0.00155509 -0.00209813    0.999997   -0.747862
          0           0           0           1
2020/03/08 15:44:17 453289	INFO [input.cpp->run:235]	rotation: 
[0.9999984502792358, -0.001210872316733003, 0.001552581787109375;
 0.001207674853503704, 0.999997079372406, 0.002099998295307159;
 -0.00155508890748024, -0.002098128199577332, 0.999996542930603]
2020/03/08 15:44:17 453313	INFO [input.cpp->run:256]	frame times (ms): 43.03
2020/03/08 15:44:17 453316	INFO [input.cpp->run:257]	FPS: 23.2396
2020/03/08 15:44:17 566607	INFO [input.cpp->run:173]	
frame_id 16
2020/03/08 15:44:17 593495	WARNING [visualOdometry.cpp->trackingFrame2Frame:179]	The Estimated Rotation and translation matrices(using getTransformation function) are : 
   0.999987 -0.00459257  0.00209633   0.0295753
 0.00458988    0.999989  0.00127477   0.0285105
-0.00210217 -0.00126513    0.999997    -1.10578
          0           0           0           1
2020/03/08 15:44:17 594830	INFO [input.cpp->run:235]	rotation: 
[0.9999871850013733, -0.004592567216604948, 0.002096325159072876;
 0.004589881747961044, 0.9999887943267822, 0.001274771988391876;
 -0.002102166414260864, -0.001265130937099457, 0.999997079372406]
2020/03/08 15:44:17 594861	INFO [input.cpp->run:256]	frame times (ms): 57.455
2020/03/08 15:44:17 594865	INFO [input.cpp->run:257]	FPS: 17.4049
2020/03/08 15:44:17 705485	INFO [input.cpp->run:173]	
frame_id 17
2020/03/08 15:44:17 733161	WARNING [visualOdometry.cpp->trackingFrame2Frame:179]	The Estimated Rotation and translation matrices(using getTransformation function) are : 
    0.999999   -0.0014604  0.000451334    0.0921082
   0.0014606     0.999999 -0.000625476    0.0475268
-0.000450447  0.000626147            1      -1.3296
           0            0            0            1
2020/03/08 15:44:17 734509	INFO [input.cpp->run:235]	rotation: 
[0.9999987483024597, -0.00146039854735136, 0.0004513338208198547;
 0.00146059924736619, 0.9999990463256836, -0.0006254762411117554;
 -0.0004504472017288208, 0.0006261467933654785, 0.9999996423721313]
2020/03/08 15:44:17 734545	INFO [input.cpp->run:256]	frame times (ms): 60.101
2020/03/08 15:44:17 734549	INFO [input.cpp->run:257]	FPS: 16.6387
2020/03/08 15:44:17 844456	INFO [input.cpp->run:173]	
frame_id 18
2020/03/08 15:44:17 867754	WARNING [visualOdometry.cpp->trackingFrame2Frame:179]	The Estimated Rotation and translation matrices(using getTransformation function) are : 
   0.999992   0.0019967  0.00343286  -0.0761218
 -0.0019916    0.999997  -0.0014835   0.0104691
-0.00343584  0.00147658    0.999993   -0.966934
          0           0           0           1
2020/03/08 15:44:17 869607	INFO [input.cpp->run:235]	rotation: 
[0.9999921917915344, 0.001996703678742051, 0.003432855010032654;
 -0.001991604920476675, 0.9999967217445374, -0.001483500003814697;
 -0.003435838967561722, 0.001476578414440155, 0.9999934434890747]
2020/03/08 15:44:17 869646	INFO [input.cpp->run:256]	frame times (ms): 47.167
2020/03/08 15:44:17 869649	INFO [input.cpp->run:257]	FPS: 21.2013
2020/03/08 15:44:17 981619	INFO [input.cpp->run:173]	
frame_id 19
2020/03/08 15:44:18 010337	WARNING [visualOdometry.cpp->trackingFrame2Frame:179]	The Estimated Rotation and translation matrices(using getTransformation function) are : 
    0.999998 -0.000508272    0.0018455   -0.0422816
  0.00051044     0.999999  -0.00111789  -0.00652659
 -0.00184494    0.0011188     0.999998    -0.781485
           0            0            0            1
2020/03/08 15:44:18 011600	INFO [input.cpp->run:235]	rotation: 
[0.9999983310699463, -0.0005082720890641212, 0.001845497637987137;
 0.0005104402080178261, 0.9999991059303284, -0.001117885112762451;
 -0.001844935119152069, 0.001118801534175873, 0.9999979138374329]
2020/03/08 15:44:18 011632	INFO [input.cpp->run:256]	frame times (ms): 62.44
2020/03/08 15:44:18 011635	INFO [input.cpp->run:257]	FPS: 16.0154
2020/03/08 15:44:18 120446	INFO [input.cpp->run:173]	
frame_id 20
2020/03/08 15:44:18 144257	WARNING [visualOdometry.cpp->trackingFrame2Frame:179]	The Estimated Rotation and translation matrices(using getTransformation function) are : 
    0.999997   0.00148642   0.00187393   -0.0353723
 -0.00148666     0.999999  0.000138745  -0.00307328
 -0.00187374 -0.000141561     0.999999    -0.900061
           0            0            0            1
2020/03/08 15:44:18 145136	INFO [input.cpp->run:235]	rotation: 
[0.9999971389770508, 0.001486423891037703, 0.001873929053544998;
 -0.001486656721681356, 0.9999988675117493, 0.0001387447118759155;
 -0.001873742789030075, -0.0001415610313415527, 0.9999985694885254]
2020/03/08 15:44:18 145163	INFO [input.cpp->run:256]	frame times (ms): 48.348
2020/03/08 15:44:18 145165	INFO [input.cpp->run:257]	FPS: 20.6834
2020/03/08 15:44:18 257868	INFO [input.cpp->run:173]	
frame_id 21
2020/03/08 15:44:18 288545	WARNING [visualOdometry.cpp->trackingFrame2Frame:179]	The Estimated Rotation and translation matrices(using getTransformation function) are : 
           1 -0.000162606  0.000748087    0.0306988
 0.000161761            1   0.00114431   0.00148106
-0.000748277  -0.00114418     0.999999    -0.838926
           0            0            0            1
2020/03/08 15:44:18 289691	INFO [input.cpp->run:235]	rotation: 
[1.00000011920929, -0.0001626062439754605, 0.0007480867207050323;
 0.0001617606030777097, 0.9999997615814209, 0.001144308596849442;
 -0.0007482767105102539, -0.001144181936979294, 0.9999993443489075]
2020/03/08 15:44:18 289720	INFO [input.cpp->run:256]	frame times (ms): 63.676
2020/03/08 15:44:18 289723	INFO [input.cpp->run:257]	FPS: 15.7045
2020/03/08 15:44:18 372333	INFO [input.cpp->run:173]	
frame_id 22
2020/03/08 15:44:18 395867	WARNING [visualOdometry.cpp->trackingFrame2Frame:179]	The Estimated Rotation and translation matrices(using getTransformation function) are : 
    0.999997   0.00257386 -9.85712e-06    0.0102243
 -0.00257377     0.999996   0.00117105   -0.0453554
 1.28634e-05  -0.00117105     0.999999    -0.414963
           0            0            0            1
2020/03/08 15:44:18 396747	INFO [input.cpp->run:235]	rotation: 
[0.9999967813491821, 0.002573858480900526, -9.857118129730225e-06;
 -0.002573773730546236, 0.9999957084655762, 0.001171045005321503;
 1.286342740058899e-05, -0.001171045005321503, 0.9999993443489075]
2020/03/08 15:44:18 396770	INFO [input.cpp->run:256]	frame times (ms): 48.391
2020/03/08 15:44:18 396772	INFO [input.cpp->run:257]	FPS: 20.665
2020/03/08 15:44:18 508245	INFO [input.cpp->run:173]	
frame_id 23
2020/03/08 15:44:18 529897	WARNING [visualOdometry.cpp->trackingFrame2Frame:179]	The Estimated Rotation and translation matrices(using getTransformation function) are : 
   0.999964   0.0046825  0.00713434   -0.261991
-0.00467475    0.999988 -0.00110453  -0.0315883
-0.00713942  0.00107109    0.999974    -1.18223
          0           0           0           1
2020/03/08 15:44:18 530646	INFO [input.cpp->run:235]	rotation: 
[0.9999637007713318, 0.004682501778006554, 0.007134340703487396;
 -0.004674745723605156, 0.9999884366989136, -0.001104526221752167;
 -0.007139421999454498, 0.001071088016033173, 0.9999741315841675]
2020/03/08 15:44:18 530668	INFO [input.cpp->run:256]	frame times (ms): 43.979
2020/03/08 15:44:18 530670	INFO [input.cpp->run:257]	FPS: 22.7381
2020/03/08 15:44:18 646138	INFO [input.cpp->run:173]	
frame_id 24
2020/03/08 15:44:18 674506	WARNING [visualOdometry.cpp->trackingFrame2Frame:179]	The Estimated Rotation and translation matrices(using getTransformation function) are : 
   0.999997  -0.0013401  -0.0019449  0.00349712
 0.00133512    0.999996 -0.00257039  -0.0508248
 0.00194834  0.00256784    0.999995    -0.34429
          0           0           0           1
2020/03/08 15:44:18 675732	INFO [input.cpp->run:235]	rotation: 
[0.9999973773956299, -0.001340104732662439, -0.001944899559020996;
 0.001335118431597948, 0.9999958872795105, -0.002570390701293945;
 0.001948341727256775, 0.0025678351521492, 0.9999947547912598]
2020/03/08 15:44:18 675769	INFO [input.cpp->run:256]	frame times (ms): 63.447
2020/03/08 15:44:18 675772	INFO [input.cpp->run:257]	FPS: 15.7612
2020/03/08 15:44:18 782232	INFO [input.cpp->run:173]	
frame_id 25
2020/03/08 15:44:18 803859	WARNING [visualOdometry.cpp->trackingFrame2Frame:179]	The Estimated Rotation and translation matrices(using getTransformation function) are : 
           1 -0.000818849  0.000227503   -0.0309176
 0.000819756     0.999992  -0.00400855    0.0343382
-0.000224214   0.00400874     0.999992     -1.02273
           0            0            0            1
2020/03/08 15:44:18 804697	INFO [input.cpp->run:235]	rotation: 
[0.9999997019767761, -0.0008188488427549601, 0.0002275034785270691;
 0.0008197561837732792, 0.9999916553497314, -0.004008553922176361;
 -0.0002242140471935272, 0.004008740186691284, 0.9999920129776001]
2020/03/08 15:44:18 804718	INFO [input.cpp->run:256]	frame times (ms): 44.018
2020/03/08 15:44:18 804720	INFO [input.cpp->run:257]	FPS: 22.718
2020/03/08 15:44:18 903651	INFO [input.cpp->run:173]	
frame_id 26
2020/03/08 15:44:18 926471	WARNING [visualOdometry.cpp->trackingFrame2Frame:179]	The Estimated Rotation and translation matrices(using getTransformation function) are : 
    0.999998   0.00205711   0.00072287   -0.0889692
 -0.00205487     0.999993  -0.00297259    0.0174791
-0.000728961   0.00297111     0.999995     -1.04935
           0            0            0            1
2020/03/08 15:44:18 927342	INFO [input.cpp->run:235]	rotation: 
[0.9999976754188538, 0.002057108096778393, 0.0007228702306747437;
 -0.002054874552413821, 0.9999933838844299, -0.002972587943077087;
 -0.0007289610803127289, 0.002971112728118896, 0.999995231628418]
2020/03/08 15:44:18 927367	INFO [input.cpp->run:256]	frame times (ms): 46.093
2020/03/08 15:44:18 927370	INFO [input.cpp->run:257]	FPS: 21.6953
2020/03/08 15:44:19 020691	INFO [input.cpp->run:173]	
frame_id 27
2020/03/08 15:44:19 043303	WARNING [visualOdometry.cpp->trackingFrame2Frame:179]	The Estimated Rotation and translation matrices(using getTransformation function) are : 
    0.999996  -0.00290452 -0.000535481   -0.0640988
  0.00290372     0.999994  -0.00170013    0.0876927
 0.000540443   0.00169857     0.999999    -0.956392
           0            0            0            1
2020/03/08 15:44:19 044228	INFO [input.cpp->run:235]	rotation: 
[0.9999958276748657, -0.002904520370066166, -0.0005354806780815125;
 0.002903718035668135, 0.9999942183494568, -0.001700125634670258;
 0.0005404427647590637, 0.0016985684633255, 0.9999985098838806]
2020/03/08 15:44:19 044259	INFO [input.cpp->run:256]	frame times (ms): 44.162
2020/03/08 15:44:19 044262	INFO [input.cpp->run:257]	FPS: 22.6439
2020/03/08 15:44:19 157599	INFO [input.cpp->run:173]	
frame_id 28
2020/03/08 15:44:19 185863	WARNING [visualOdometry.cpp->trackingFrame2Frame:179]	The Estimated Rotation and translation matrices(using getTransformation function) are : 
   0.999986  0.00258891  0.00464874   -0.141087
-0.00260245    0.999992  0.00291408   0.0347245
-0.00464117 -0.00292613    0.999985    -2.09612
          0           0           0           1
2020/03/08 15:44:19 186951	INFO [input.cpp->run:235]	rotation: 
[0.9999859929084778, 0.002588910516351461, 0.004648739006370306;
 -0.002602448686957359, 0.9999924898147583, 0.002914078533649445;
 -0.004641167353838682, -0.002926133573055267, 0.9999852776527405]
2020/03/08 15:44:19 186981	INFO [input.cpp->run:256]	frame times (ms): 57.378
2020/03/08 15:44:19 186984	INFO [input.cpp->run:257]	FPS: 17.4283
2020/03/08 15:44:19 295372	INFO [input.cpp->run:173]	
frame_id 29
2020/03/08 15:44:19 317664	WARNING [visualOdometry.cpp->trackingFrame2Frame:179]	The Estimated Rotation and translation matrices(using getTransformation function) are : 
           1 -0.000362578 -0.000623751    0.0109615
 0.000365747     0.999987    0.0050223  -0.00695115
 0.000621933  -0.00502251     0.999987     -1.02664
           0            0            0            1
2020/03/08 15:44:19 318495	INFO [input.cpp->run:235]	rotation: 
[0.9999997615814209, -0.000362577848136425, -0.0006237514317035675;
 0.0003657471388578415, 0.9999873638153076, 0.005022302269935608;
 0.0006219334900379181, -0.005022510886192322, 0.9999871850013733]
2020/03/08 15:44:19 318520	INFO [input.cpp->run:256]	frame times (ms): 43.585
2020/03/08 15:44:19 318522	INFO [input.cpp->run:257]	FPS: 22.9437
2020/03/08 15:44:19 431774	INFO [input.cpp->run:173]	
frame_id 30
2020/03/08 15:44:19 453160	WARNING [visualOdometry.cpp->trackingFrame2Frame:179]	The Estimated Rotation and translation matrices(using getTransformation function) are : 
    0.999986 -7.87703e-05  -0.00521107     0.171462
  9.2186e-05     0.999997   0.00258363    0.0102298
  0.00521087  -0.00258407     0.999983    -0.635803
           0            0            0            1
2020/03/08 15:44:19 454887	INFO [input.cpp->run:235]	rotation: 
[0.999986469745636, -7.877033203840256e-05, -0.005211073905229568;
 9.218603372573853e-05, 0.9999967813491821, 0.002583630383014679;
 0.005210869014263153, -0.002584069967269897, 0.9999829530715942]
2020/03/08 15:44:19 454909	INFO [input.cpp->run:256]	frame times (ms): 43.565
2020/03/08 15:44:19 454911	INFO [input.cpp->run:257]	FPS: 22.9542
2020/03/08 15:44:19 569858	INFO [input.cpp->run:173]	
frame_id 31
2020/03/08 15:44:19 597027	WARNING [visualOdometry.cpp->trackingFrame2Frame:179]	The Estimated Rotation and translation matrices(using getTransformation function) are : 
    0.999988   0.00495755  0.000347026   -0.0637579
 -0.00495736     0.999988 -0.000626698   -0.0412397
-0.000350118  0.000625007            1    -0.871155
           0            0            0            1
2020/03/08 15:44:19 598332	INFO [input.cpp->run:235]	rotation: 
[0.9999878406524658, 0.004957554861903191, 0.0003470256924629211;
 -0.004957358818501234, 0.9999878406524658, -0.0006266981363296509;
 -0.0003501176834106445, 0.0006250068545341492, 0.9999998211860657]
2020/03/08 15:44:19 598370	INFO [input.cpp->run:256]	frame times (ms): 58.024
2020/03/08 15:44:19 598374	INFO [input.cpp->run:257]	FPS: 17.2342
2020/03/08 15:44:19 706851	INFO [input.cpp->run:173]	
frame_id 32
2020/03/08 15:44:19 732854	WARNING [visualOdometry.cpp->trackingFrame2Frame:179]	The Estimated Rotation and translation matrices(using getTransformation function) are : 
    0.999999   0.00142312  0.000501618   0.00172472
 -0.00142014     0.999982  -0.00577763     0.055389
-0.000509828   0.00577688     0.999983     -1.04309
           0            0            0            1
2020/03/08 15:44:19 734299	INFO [input.cpp->run:235]	rotation: 
[0.9999988079071045, 0.001423124689608812, 0.0005016177892684937;
 -0.001420135144144297, 0.9999819397926331, -0.005777627229690552;
 -0.0005098283290863037, 0.005776882171630859, 0.9999832510948181]
2020/03/08 15:44:19 734341	INFO [input.cpp->run:256]	frame times (ms): 56.519
2020/03/08 15:44:19 734346	INFO [input.cpp->run:257]	FPS: 17.6932
2020/03/08 15:44:19 845170	INFO [input.cpp->run:173]	
frame_id 33
2020/03/08 15:44:19 872201	WARNING [visualOdometry.cpp->trackingFrame2Frame:179]	The Estimated Rotation and translation matrices(using getTransformation function) are : 
    0.999995   0.00320491 -8.96007e-05     0.110913
  -0.0032052     0.999987  -0.00410129    0.0943104
 7.64355e-05   0.00410154     0.999992      -1.4047
           0            0            0            1
2020/03/08 15:44:19 873609	INFO [input.cpp->run:235]	rotation: 
[0.9999951124191284, 0.003204911947250366, -8.960068225860596e-05;
 -0.003205200657248497, 0.9999865293502808, -0.004101291298866272;
 7.643550634384155e-05, 0.00410153716802597, 0.9999918937683105]
2020/03/08 15:44:19 873649	INFO [input.cpp->run:256]	frame times (ms): 58.83
2020/03/08 15:44:19 873653	INFO [input.cpp->run:257]	FPS: 16.9981
2020/03/08 15:44:19 981604	INFO [input.cpp->run:173]	
frame_id 34
2020/03/08 15:44:20 003080	WARNING [visualOdometry.cpp->trackingFrame2Frame:179]	The Estimated Rotation and translation matrices(using getTransformation function) are : 
    0.999978   0.00577091  -0.00319851    0.0832353
 -0.00577088     0.999983  5.21317e-05   -0.0230124
  0.00319875 -3.37064e-05     0.999995     0.348022
           0            0            0            1
2020/03/08 15:44:20 004948	INFO [input.cpp->run:235]	rotation: 
[0.9999780654907227, 0.005770910531282425, -0.003198511898517609;
 -0.005770877934992313, 0.9999831318855286, 5.213171243667603e-05;
 0.00319875031709671, -3.37064266204834e-05, 0.9999948740005493]
2020/03/08 15:44:20 004974	INFO [input.cpp->run:256]	frame times (ms): 44.101
2020/03/08 15:44:20 004976	INFO [input.cpp->run:257]	FPS: 22.6752
2020/03/08 15:44:20 119834	INFO [input.cpp->run:173]	
frame_id 35
2020/03/08 15:44:20 151515	WARNING [visualOdometry.cpp->trackingFrame2Frame:179]	The Estimated Rotation and translation matrices(using getTransformation function) are : 
   0.999987  0.00358373  0.00355502  -0.0227518
-0.00359894    0.999984  0.00428689   0.0047791
-0.00353958 -0.00429964    0.999985    -1.59814
          0           0           0           1
2020/03/08 15:44:20 152814	INFO [input.cpp->run:235]	rotation: 
[0.9999874234199524, 0.00358373299241066, 0.003555022180080414;
 -0.003598944284021854, 0.9999843835830688, 0.004286892712116241;
 -0.003539577126502991, -0.004299640655517578, 0.9999846816062927]
2020/03/08 15:44:20 152848	INFO [input.cpp->run:256]	frame times (ms): 65.609
2020/03/08 15:44:20 152854	INFO [input.cpp->run:257]	FPS: 15.2418
2020/03/08 15:44:20 256588	INFO [input.cpp->run:173]	
frame_id 36
2020/03/08 15:44:20 277915	WARNING [visualOdometry.cpp->trackingFrame2Frame:179]	The Estimated Rotation and translation matrices(using getTransformation function) are : 
    0.999997 -0.000215871   0.00270354    0.0885439
 0.000207341     0.999995   0.00315841    0.0842601
 -0.00270426  -0.00315793     0.999992     -1.71942
           0            0            0            1
2020/03/08 15:44:20 278850	INFO [input.cpp->run:235]	rotation: 
[0.9999966025352478, -0.0002158712595701218, 0.002703540027141571;
 0.0002073412761092186, 0.9999951124191284, 0.003158412873744965;
 -0.002704262733459473, -0.003157928586006165, 0.999991774559021]
2020/03/08 15:44:20 278875	INFO [input.cpp->run:256]	frame times (ms): 42.381
2020/03/08 15:44:20 278879	INFO [input.cpp->run:257]	FPS: 23.5955
2020/03/08 15:44:20 378092	INFO [input.cpp->run:173]	
frame_id 37
2020/03/08 15:44:20 391202	WARNING [visualOdometry.cpp->trackingFrame2Frame:179]	The Estimated Rotation and translation matrices(using getTransformation function) are : 
    0.999998 -0.000144682   0.00179496     -0.16328
 0.000142129     0.999999    0.0014995   -0.0974815
 -0.00179514  -0.00149927     0.999997   -0.0294132
           0            0            0            1
2020/03/08 15:44:20 391915	INFO [input.cpp->run:235]	rotation: 
[0.9999984502792358, -0.0001446818932890892, 0.001794956624507904;
 0.0001421291381120682, 0.9999986290931702, 0.00149950385093689;
 -0.00179513543844223, -0.001499265432357788, 0.9999971985816956]
2020/03/08 15:44:20 391934	INFO [input.cpp->run:256]	frame times (ms): 29.306
2020/03/08 15:44:20 391936	INFO [input.cpp->run:257]	FPS: 34.1227
2020/03/08 15:44:20 515964	INFO [input.cpp->run:173]	
frame_id 38
2020/03/08 15:44:20 542985	WARNING [visualOdometry.cpp->trackingFrame2Frame:179]	The Estimated Rotation and translation matrices(using getTransformation function) are : 
    0.999971  -0.00757394  0.000887953     0.306938
  0.00757858     0.999956  -0.00549825     0.325915
-0.000846282   0.00550482     0.999984     -2.44885
           0            0            0            1
2020/03/08 15:44:20 544364	INFO [input.cpp->run:235]	rotation: 
[0.9999707341194153, -0.007573940791189671, 0.0008879527449607849;
 0.007578583899885416, 0.9999562501907349, -0.005498252809047699;
 -0.0008462816476821899, 0.005504824221134186, 0.9999842643737793]
2020/03/08 15:44:20 544401	INFO [input.cpp->run:256]	frame times (ms): 59.724
2020/03/08 15:44:20 544405	INFO [input.cpp->run:257]	FPS: 16.7437
2020/03/08 15:44:20 652124	INFO [input.cpp->run:173]	
frame_id 39
2020/03/08 15:44:20 675683	WARNING [visualOdometry.cpp->trackingFrame2Frame:179]	The Estimated Rotation and translation matrices(using getTransformation function) are : 
   0.999987 -0.00478103 -0.00182878  -0.0965328
 0.00477576    0.999985 -0.00288485  -0.0376463
 0.00184254  0.00287604    0.999994    0.249535
          0           0           0           1
2020/03/08 15:44:20 677231	INFO [input.cpp->run:235]	rotation: 
[0.9999871850013733, -0.004781033843755722, -0.001828776672482491;
 0.0047757588326931, 0.9999845623970032, -0.002884849905967712;
 0.001842537894845009, 0.002876043319702148, 0.9999943375587463]
2020/03/08 15:44:20 677267	INFO [input.cpp->run:256]	frame times (ms): 52.024
2020/03/08 15:44:20 677270	INFO [input.cpp->run:257]	FPS: 19.2219
2020/03/08 15:44:20 789944	INFO [input.cpp->run:173]	
frame_id 40
2020/03/08 15:44:20 812516	WARNING [visualOdometry.cpp->trackingFrame2Frame:179]	The Estimated Rotation and translation matrices(using getTransformation function) are : 
   0.999996  -0.0011228  0.00257166    0.117875
  0.0011288    0.999997 -0.00233539    0.107911
-0.00256902  0.00233829    0.999994    -2.00909
          0           0           0           1
2020/03/08 15:44:20 813353	INFO [input.cpp->run:235]	rotation: 
[0.9999961853027344, -0.001122797839343548, 0.002571657299995422;
 0.001128803007304668, 0.9999967217445374, -0.002335391938686371;
 -0.002569019794464111, 0.002338290214538574, 0.9999939203262329]
2020/03/08 15:44:20 813378	INFO [input.cpp->run:256]	frame times (ms): 45.148
2020/03/08 15:44:20 813380	INFO [input.cpp->run:257]	FPS: 22.1494
2020/03/08 15:44:20 926132	INFO [input.cpp->run:173]	
frame_id 41
2020/03/08 15:44:20 952533	WARNING [visualOdometry.cpp->trackingFrame2Frame:179]	The Estimated Rotation and translation matrices(using getTransformation function) are : 
    0.999994  0.000541023   0.00331558    -0.138326
-0.000534186     0.999998  -0.00209909   -0.0323615
 -0.00331673   0.00209732     0.999992    -0.799761
           0            0            0            1
2020/03/08 15:44:20 953848	INFO [input.cpp->run:235]	rotation: 
[0.9999940991401672, 0.0005410229787230492, 0.003315582871437073;
 -0.0005341856740415096, 0.9999975562095642, -0.002099089324474335;
 -0.003316730260848999, 0.002097316086292267, 0.9999921321868896]
2020/03/08 15:44:20 953889	INFO [input.cpp->run:256]	frame times (ms): 56.342
2020/03/08 15:44:20 953893	INFO [input.cpp->run:257]	FPS: 17.7487
2020/03/08 15:44:21 064515	INFO [input.cpp->run:173]	
frame_id 42
2020/03/08 15:44:21 086965	WARNING [visualOdometry.cpp->trackingFrame2Frame:179]	The Estimated Rotation and translation matrices(using getTransformation function) are : 
    0.999995  1.93906e-05   0.00299374   -0.0104685
-6.97561e-06     0.999991  -0.00414544     0.123374
 -0.00299381   0.00414536     0.999987     -1.81735
           0            0            0            1
2020/03/08 15:44:21 087840	INFO [input.cpp->run:235]	rotation: 
[0.9999953508377075, 1.939060166478157e-05, 0.002993740141391754;
 -6.975606083869934e-06, 0.9999912977218628, -0.004145443439483643;
 -0.002993814647197723, 0.004145361483097076, 0.999987006187439]
2020/03/08 15:44:21 087864	INFO [input.cpp->run:256]	frame times (ms): 46.403
2020/03/08 15:44:21 087866	INFO [input.cpp->run:257]	FPS: 21.5503
2020/03/08 15:44:21 201165	INFO [input.cpp->run:173]	
frame_id 43
2020/03/08 15:44:21 228007	WARNING [visualOdometry.cpp->trackingFrame2Frame:179]	The Estimated Rotation and translation matrices(using getTransformation function) are : 
   0.999968 -0.00788363 -0.00162339  -0.0218472
 0.00787928    0.999966 -0.00266058  -0.0131106
  0.0016443  0.00264769    0.999995    0.101063
          0           0           0           1
2020/03/08 15:44:21 229355	INFO [input.cpp->run:235]	rotation: 
[0.9999677538871765, -0.007883632555603981, -0.001623388379812241;
 0.007879280485212803, 0.9999656677246094, -0.002660579979419708;
 0.001644304022192955, 0.00264769047498703, 0.9999952912330627]
2020/03/08 15:44:21 229393	INFO [input.cpp->run:256]	frame times (ms): 60.47
2020/03/08 15:44:21 229397	INFO [input.cpp->run:257]	FPS: 16.5371
2020/03/08 15:44:21 339757	INFO [input.cpp->run:173]	
frame_id 44
2020/03/08 15:44:21 371296	WARNING [visualOdometry.cpp->trackingFrame2Frame:179]	The Estimated Rotation and translation matrices(using getTransformation function) are : 
    0.999996  -0.00301881  0.000191507    0.0481982
  0.00301881     0.999995  0.000228714     0.123039
-0.000192185 -0.000228118            1      -1.6967
           0            0            0            1
2020/03/08 15:44:21 372595	INFO [input.cpp->run:235]	rotation: 
[0.9999955892562866, -0.003018810413777828, 0.0001915069296956062;
 0.003018814139068127, 0.9999954700469971, 0.0002287141978740692;
 -0.0001921849325299263, -0.0002281181514263153, 0.9999997615814209]
2020/03/08 15:44:21 372631	INFO [input.cpp->run:256]	frame times (ms): 67.05
2020/03/08 15:44:21 372636	INFO [input.cpp->run:257]	FPS: 14.9142
2020/03/08 15:44:21 476188	INFO [input.cpp->run:173]	
frame_id 45
2020/03/08 15:44:21 497675	WARNING [visualOdometry.cpp->trackingFrame2Frame:179]	The Estimated Rotation and translation matrices(using getTransformation function) are : 
           1 -0.000361171 -0.000192441    0.0520473
  0.00036143     0.999999   0.00138934    0.0435374
 0.000191957  -0.00138941     0.999999     -1.30256
           0            0            0            1
2020/03/08 15:44:21 498536	INFO [input.cpp->run:235]	rotation: 
[1, -0.000361170619726181, -0.0001924410462379456;
 0.0003614295274019241, 0.9999990463256836, 0.001389339566230774;
 0.0001919567584991455, -0.001389414072036743, 0.9999989867210388]
2020/03/08 15:44:21 498560	INFO [input.cpp->run:256]	frame times (ms): 42.263
2020/03/08 15:44:21 498562	INFO [input.cpp->run:257]	FPS: 23.6614
2020/03/08 15:44:21 612057	INFO [input.cpp->run:173]	
frame_id 46
2020/03/08 15:44:21 638486	WARNING [visualOdometry.cpp->trackingFrame2Frame:179]	The Estimated Rotation and translation matrices(using getTransformation function) are : 
   0.999985 -0.00370926 -0.00403208  -0.0121427
 0.00371622    0.999992  0.00172493   -0.232931
 0.00402565 -0.00173987     0.99999     4.25449
          0           0           0           1
2020/03/08 15:44:21 639848	INFO [input.cpp->run:235]	rotation: 
[0.9999850392341614, -0.003709262236952782, -0.004032082855701447;
 0.003716218750923872, 0.9999916553497314, 0.001724932342767715;
 0.004025652073323727, -0.001739874482154846, 0.9999904036521912]
2020/03/08 15:44:21 639881	INFO [input.cpp->run:256]	frame times (ms): 56.128
2020/03/08 15:44:21 639886	INFO [input.cpp->run:257]	FPS: 17.8164
2020/03/08 15:44:21 750438	INFO [input.cpp->run:173]	
frame_id 47
2020/03/08 15:44:21 776813	WARNING [visualOdometry.cpp->trackingFrame2Frame:179]	The Estimated Rotation and translation matrices(using getTransformation function) are : 
   0.999995 -0.00205273  0.00245112    0.157578
 0.00205534    0.999997 -0.00106048    0.204041
-0.00244894  0.00106549    0.999996    -2.78862
          0           0           0           1
2020/03/08 15:44:21 777908	INFO [input.cpp->run:235]	rotation: 
[0.9999947547912598, -0.00205273344181478, 0.00245111808180809;
 0.002055342309176922, 0.9999973177909851, -0.001060478389263153;
 -0.00244893878698349, 0.001065492630004883, 0.9999964237213135]
2020/03/08 15:44:21 777940	INFO [input.cpp->run:256]	frame times (ms): 56.776
2020/03/08 15:44:21 777945	INFO [input.cpp->run:257]	FPS: 17.6131
2020/03/08 15:44:21 886617	INFO [input.cpp->run:173]	
frame_id 48
2020/03/08 15:44:21 907975	WARNING [visualOdometry.cpp->trackingFrame2Frame:179]	The Estimated Rotation and translation matrices(using getTransformation function) are : 
    0.999992   0.00383166   0.00111105    -0.146838
 -0.00383204     0.999993  0.000453055    -0.146727
 -0.00110928 -0.000457287     0.999999   -0.0371571
           0            0            0            1
2020/03/08 15:44:21 908805	INFO [input.cpp->run:235]	rotation: 
[0.9999920129776001, 0.003831657581031322, 0.001111052930355072;
 -0.003832039423286915, 0.9999925494194031, 0.0004530549049377441;
 -0.001109279692173004, -0.0004572868347167969, 0.9999992847442627]
2020/03/08 15:44:21 908830	INFO [input.cpp->run:256]	frame times (ms): 42.197
2020/03/08 15:44:21 908833	INFO [input.cpp->run:257]	FPS: 23.6984
2020/03/08 15:44:22 024621	INFO [input.cpp->run:173]	
frame_id 49
2020/03/08 15:44:22 057086	WARNING [visualOdometry.cpp->trackingFrame2Frame:179]	The Estimated Rotation and translation matrices(using getTransformation function) are : 
    0.999999  -0.00125613 -0.000757957     0.107307
  0.00125523     0.999999  -0.00115333    0.0242125
 0.000759403   0.00115237     0.999999    -0.972921
           0            0            0            1
2020/03/08 15:44:22 058556	INFO [input.cpp->run:235]	rotation: 
[0.9999987483024597, -0.001256130286492407, -0.0007579568773508072;
 0.001255232142284513, 0.9999985098838806, -0.001153327524662018;
 0.0007594027556478977, 0.001152373850345612, 0.9999991059303284]
2020/03/08 15:44:22 058597	INFO [input.cpp->run:256]	frame times (ms): 68.536
2020/03/08 15:44:22 058602	INFO [input.cpp->run:257]	FPS: 14.5909
2020/03/08 15:44:22 161415	INFO [input.cpp->run:173]	
frame_id 50
2020/03/08 15:44:22 183408	WARNING [visualOdometry.cpp->trackingFrame2Frame:179]	The Estimated Rotation and translation matrices(using getTransformation function) are : 
   0.999996 -0.00293955 0.000130986   0.0881188
 0.00293908     0.99999  0.00348455   0.0511407
-0.00014123 -0.00348416    0.999994    -1.55342
          0           0           0           1
2020/03/08 15:44:22 184241	INFO [input.cpp->run:235]	rotation: 
[0.9999958276748657, -0.002939550904557109, 0.000130985863506794;
 0.002939075231552124, 0.9999895691871643, 0.003484554588794708;
 -0.0001412299461662769, -0.003484159708023071, 0.9999940991401672]
2020/03/08 15:44:22 184268	INFO [input.cpp->run:256]	frame times (ms): 43.147
2020/03/08 15:44:22 184273	INFO [input.cpp->run:257]	FPS: 23.1766
2020/03/08 15:44:22 300181	INFO [input.cpp->run:173]	
frame_id 51
2020/03/08 15:44:22 326832	WARNING [visualOdometry.cpp->trackingFrame2Frame:179]	The Estimated Rotation and translation matrices(using getTransformation function) are : 
    0.999997  -0.00221443 -0.000734067   -0.0102787
  0.00221735      0.99999   0.00383737   -0.0419567
 0.000725575  -0.00383898     0.999992     0.611053
           0            0            0            1
2020/03/08 15:44:22 328414	INFO [input.cpp->run:235]	rotation: 
[0.9999973773956299, -0.002214427571743727, -0.0007340665906667709;
 0.002217352390289307, 0.9999901056289673, 0.003837369382381439;
 0.000725574791431427, -0.003838982433080673, 0.9999923706054688]
2020/03/08 15:44:22 328457	INFO [input.cpp->run:256]	frame times (ms): 58.942
2020/03/08 15:44:22 328465	INFO [input.cpp->run:257]	FPS: 16.9658
2020/03/08 15:44:22 436857	INFO [input.cpp->run:173]	
frame_id 52
2020/03/08 15:44:22 463332	WARNING [visualOdometry.cpp->trackingFrame2Frame:179]	The Estimated Rotation and translation matrices(using getTransformation function) are : 
           1 -6.36457e-05 -0.000257008   -0.0202022
 6.46915e-05     0.999994   0.00351439    -0.113034
 0.000256829  -0.00351439     0.999994    -0.502836
           0            0            0            1
2020/03/08 15:44:22 464714	INFO [input.cpp->run:235]	rotation: 
[1, -6.364565342664719e-05, -0.0002570077776908875;
 6.469152867794037e-05, 0.9999935626983643, 0.003514386713504791;
 0.0002568289637565613, -0.003514386713504791, 0.9999937415122986]
2020/03/08 15:44:22 464746	INFO [input.cpp->run:256]	frame times (ms): 56.363
2020/03/08 15:44:22 464751	INFO [input.cpp->run:257]	FPS: 17.7421
2020/03/08 15:44:22 572376	INFO [input.cpp->run:173]	
frame_id 53
2020/03/08 15:44:22 593316	WARNING [visualOdometry.cpp->trackingFrame2Frame:179]	The Estimated Rotation and translation matrices(using getTransformation function) are : 
   0.999995  0.00308193  0.00128981  -0.0822868
-0.00307899    0.999993 -0.00222778  -0.0554081
-0.00129664   0.0022238    0.999997   -0.702675
          0           0           0           1
2020/03/08 15:44:22 594157	INFO [input.cpp->run:235]	rotation: 
[0.9999945759773254, 0.003081934526562691, 0.001289814710617065;
 -0.003078985027968884, 0.999992847442627, -0.002227783203125;
 -0.001296639442443848, 0.002223797142505646, 0.9999967217445374]
2020/03/08 15:44:22 594180	INFO [input.cpp->run:256]	frame times (ms): 42.256
2020/03/08 15:44:22 594183	INFO [input.cpp->run:257]	FPS: 23.6653
2020/03/08 15:44:22 705115	INFO [input.cpp->run:173]	
frame_id 54
2020/03/08 15:44:22 736508	WARNING [visualOdometry.cpp->trackingFrame2Frame:179]	The Estimated Rotation and translation matrices(using getTransformation function) are : 
    0.999999 -8.76726e-05   -0.0012472    0.0824673
 8.36005e-05     0.999994  -0.00344342   -0.0375247
   0.0012475   0.00344332     0.999993     0.711693
           0            0            0            1
2020/03/08 15:44:22 737568	INFO [input.cpp->run:235]	rotation: 
[0.999999463558197, -8.767255349084735e-05, -0.001247197389602661;
 8.360052015632391e-05, 0.999994158744812, -0.003443416208028793;
 0.001247497275471687, 0.003443323075771332, 0.9999933838844299]
2020/03/08 15:44:22 737597	INFO [input.cpp->run:256]	frame times (ms): 60.239
2020/03/08 15:44:22 737599	INFO [input.cpp->run:257]	FPS: 16.6005
2020/03/08 15:44:22 841944	INFO [input.cpp->run:173]	
frame_id 55
2020/03/08 15:44:22 868056	WARNING [visualOdometry.cpp->trackingFrame2Frame:179]	The Estimated Rotation and translation matrices(using getTransformation function) are : 
    0.999963   0.00564744   0.00656551    -0.306269
 -0.00564477     0.999984 -0.000418581     0.245123
 -0.00656777  0.000381507     0.999978     -6.10437
           0            0            0            1
2020/03/08 15:44:22 869457	INFO [input.cpp->run:235]	rotation: 
[0.9999625086784363, 0.005647443700581789, 0.006565505638718605;
 -0.005644770804792643, 0.9999839067459106, -0.0004185810685157776;
 -0.006567769218236208, 0.0003815069794654846, 0.9999784827232361]
2020/03/08 15:44:22 869494	INFO [input.cpp->run:256]	frame times (ms): 57.119
2020/03/08 15:44:22 869497	INFO [input.cpp->run:257]	FPS: 17.5073
2020/03/08 15:44:22 980548	INFO [input.cpp->run:173]	
frame_id 56
2020/03/08 15:44:23 007474	WARNING [visualOdometry.cpp->trackingFrame2Frame:179]	The Estimated Rotation and translation matrices(using getTransformation function) are : 
    0.999992   0.00396126 -0.000495892    0.0205739
 -0.00396043     0.999991   0.00167151   -0.0313488
 0.000502509  -0.00166956     0.999999    -0.705397
           0            0            0            1
2020/03/08 15:44:23 008786	INFO [input.cpp->run:235]	rotation: 
[0.9999920129776001, 0.0039612608961761, -0.0004958920180797577;
 -0.003960429225116968, 0.9999907612800598, 0.001671507954597473;
 0.0005025090649724007, -0.001669563353061676, 0.9999985098838806]
2020/03/08 15:44:23 008823	INFO [input.cpp->run:256]	frame times (ms): 56.814
2020/03/08 15:44:23 008826	INFO [input.cpp->run:257]	FPS: 17.6013
2020/03/08 15:44:23 116701	INFO [input.cpp->run:173]	
frame_id 57
2020/03/08 15:44:23 138598	WARNING [visualOdometry.cpp->trackingFrame2Frame:179]	The Estimated Rotation and translation matrices(using getTransformation function) are : 
   0.999999   0.0013348  0.00100392   0.0737088
-0.00133525    0.999999 0.000416219    0.111624
-0.00100337 -0.00041756    0.999999    -1.75659
          0           0           0           1
2020/03/08 15:44:23 139428	INFO [input.cpp->run:235]	rotation: 
[0.9999987483024597, 0.001334795262664557, 0.001003921031951904;
 -0.001335253706201911, 0.9999992251396179, 0.0004162192344665527;
 -0.001003365963697433, -0.000417560338973999, 0.999999463558197]
2020/03/08 15:44:23 139452	INFO [input.cpp->run:256]	frame times (ms): 44.252
2020/03/08 15:44:23 139454	INFO [input.cpp->run:257]	FPS: 22.5978
2020/03/08 15:44:23 255011	INFO [input.cpp->run:173]	
frame_id 58
2020/03/08 15:44:23 287367	WARNING [visualOdometry.cpp->trackingFrame2Frame:179]	The Estimated Rotation and translation matrices(using getTransformation function) are : 
           1  0.000801635 -0.000467323  -0.00899744
 -0.00080224     0.999999  -0.00134352   -0.0382949
 0.000466245   0.00134391     0.999999     0.275427
           0            0            0            1
2020/03/08 15:44:23 288684	INFO [input.cpp->run:235]	rotation: 
[0.9999997615814209, 0.0008016349747776985, -0.0004673225921578705;
 -0.0008022402180358768, 0.9999988079071045, -0.001343522220849991;
 0.000466245342977345, 0.001343905925750732, 0.9999990463256836]
2020/03/08 15:44:23 288719	INFO [input.cpp->run:256]	frame times (ms): 66.709
2020/03/08 15:44:23 288723	INFO [input.cpp->run:257]	FPS: 14.9905
2020/03/08 15:44:23 391492	INFO [input.cpp->run:173]	
frame_id 59
2020/03/08 15:44:23 419827	WARNING [visualOdometry.cpp->trackingFrame2Frame:179]	The Estimated Rotation and translation matrices(using getTransformation function) are : 
   0.999992  0.00362319  0.00165282 -0.00824904
-0.00361632    0.999985 -0.00416834   0.0407828
 -0.0016679  0.00416236     0.99999    -1.37554
          0           0           0           1
2020/03/08 15:44:23 420922	INFO [input.cpp->run:235]	rotation: 
[0.999992311000824, 0.003623191267251968, 0.001652817241847515;
 -0.003616321599110961, 0.9999853372573853, -0.00416833907365799;
 -0.001667896518483758, 0.004162359982728958, 0.9999900460243225]
2020/03/08 15:44:23 420952	INFO [input.cpp->run:256]	frame times (ms): 59.913
2020/03/08 15:44:23 420955	INFO [input.cpp->run:257]	FPS: 16.6909
2020/03/08 15:44:23 529975	INFO [input.cpp->run:173]	
frame_id 60
2020/03/08 15:44:23 552606	WARNING [visualOdometry.cpp->trackingFrame2Frame:179]	The Estimated Rotation and translation matrices(using getTransformation function) are : 
    0.99999  0.00226456  0.00375147   -0.187669
-0.00224712    0.999987 -0.00464195   -0.003757
-0.00376194  0.00463348    0.999982   -0.976187
          0           0           0           1
2020/03/08 15:44:23 553533	INFO [input.cpp->run:235]	rotation: 
[0.9999903440475464, 0.002264557406306267, 0.003751466050744057;
 -0.002247121185064316, 0.9999865889549255, -0.004641950130462646;
 -0.003761935979127884, 0.004633478820323944, 0.9999821782112122]
2020/03/08 15:44:23 553558	INFO [input.cpp->run:256]	frame times (ms): 45.203
2020/03/08 15:44:23 553560	INFO [input.cpp->run:257]	FPS: 22.1224
2020/03/08 15:44:23 666414	INFO [input.cpp->run:173]	
frame_id 61
2020/03/08 15:44:23 693465	WARNING [visualOdometry.cpp->trackingFrame2Frame:179]	The Estimated Rotation and translation matrices(using getTransformation function) are : 
    0.99999 -0.00428572  0.00101254    0.053987
  0.0042884    0.999987 -0.00255199    0.133647
-0.00100159   0.0025563    0.999996    -1.86166
          0           0           0           1
2020/03/08 15:44:23 694749	INFO [input.cpp->run:235]	rotation: 
[0.9999904036521912, -0.004285717848688364, 0.001012541353702545;
 0.004288397263735533, 0.9999873638153076, -0.002551987767219543;
 -0.001001586206257343, 0.002556297928094864, 0.9999962449073792]
2020/03/08 15:44:23 694779	INFO [input.cpp->run:256]	frame times (ms): 59.374
2020/03/08 15:44:23 694782	INFO [input.cpp->run:257]	FPS: 16.8424
2020/03/08 15:44:23 804909	INFO [input.cpp->run:173]	
frame_id 62
2020/03/08 15:44:23 827348	WARNING [visualOdometry.cpp->trackingFrame2Frame:179]	The Estimated Rotation and translation matrices(using getTransformation function) are : 
    0.999999 -0.000711186   0.00106807     0.069531
 0.000706899     0.999992   0.00403523    0.0261894
 -0.00107093  -0.00403449     0.999991     -1.15814
           0            0            0            1
2020/03/08 15:44:23 828179	INFO [input.cpp->run:235]	rotation: 
[0.9999992847442627, -0.0007111863233149052, 0.001068071462213993;
 0.0007068985141813755, 0.9999915957450867, 0.004035234451293945;
 -0.001070933416485786, -0.004034489393234253, 0.9999914169311523]
2020/03/08 15:44:23 828203	INFO [input.cpp->run:256]	frame times (ms): 45.223
2020/03/08 15:44:23 828205	INFO [input.cpp->run:257]	FPS: 22.1126
2020/03/08 15:44:23 941707	INFO [input.cpp->run:173]	
frame_id 63
2020/03/08 15:44:23 967791	WARNING [visualOdometry.cpp->trackingFrame2Frame:179]	The Estimated Rotation and translation matrices(using getTransformation function) are : 
    0.999993 -6.75052e-06   0.00360965   -0.0852027
-2.22311e-05     0.999968   0.00803173  -0.00459361
 -0.00360959  -0.00803176     0.999961      -1.1124
           0            0            0            1
2020/03/08 15:44:23 969202	INFO [input.cpp->run:235]	rotation: 
[0.9999933838844299, -6.750517059117556e-06, 0.003609652630984783;
 -2.223107730969787e-05, 0.9999676942825317, 0.008031725883483887;
 -0.003609590232372284, -0.008031763136386871, 0.9999611973762512]
2020/03/08 15:44:23 969240	INFO [input.cpp->run:256]	frame times (ms): 56.295
2020/03/08 15:44:23 969244	INFO [input.cpp->run:257]	FPS: 17.7636
2020/03/08 15:44:24 077462	INFO [input.cpp->run:173]	
frame_id 64
2020/03/08 15:44:24 098098	WARNING [visualOdometry.cpp->trackingFrame2Frame:179]	The Estimated Rotation and translation matrices(using getTransformation function) are : 
   0.999927  0.00340518   0.0116095   -0.600691
-0.00348363    0.999971  0.00674683   -0.125322
 -0.0115862  -0.0067868     0.99991   -0.830093
          0           0           0           1
2020/03/08 15:44:24 098927	INFO [input.cpp->run:235]	rotation: 
[0.9999268651008606, 0.003405180992558599, 0.01160954497754574;
 -0.003483625128865242, 0.9999710917472839, 0.006746828556060791;
 -0.01158623024821281, -0.006786800920963287, 0.9999101161956787]
2020/03/08 15:44:24 098950	INFO [input.cpp->run:256]	frame times (ms): 41.282
2020/03/08 15:44:24 098953	INFO [input.cpp->run:257]	FPS: 24.2236
2020/03/08 15:44:24 215860	INFO [input.cpp->run:173]	
frame_id 65
2020/03/08 15:44:24 245868	WARNING [visualOdometry.cpp->trackingFrame2Frame:179]	The Estimated Rotation and translation matrices(using getTransformation function) are : 
   0.999978 -0.00481941  0.00446547  -0.0515642
 0.00482818    0.999986 -0.00195333   0.0964768
  -0.004456  0.00197481    0.999988    -1.48575
          0           0           0           1
2020/03/08 15:44:24 248154	INFO [input.cpp->run:235]	rotation: 
[0.9999781250953674, -0.004819413647055626, 0.004465468227863312;
 0.004828180186450481, 0.9999861121177673, -0.001953333616256714;
 -0.00445600226521492, 0.001974813640117645, 0.9999880194664001]
2020/03/08 15:44:24 248187	INFO [input.cpp->run:256]	frame times (ms): 65.816
2020/03/08 15:44:24 248190	INFO [input.cpp->run:257]	FPS: 15.1939
2020/03/08 15:44:24 351714	INFO [input.cpp->run:173]	
frame_id 66
2020/03/08 15:44:24 373154	WARNING [visualOdometry.cpp->trackingFrame2Frame:179]	The Estimated Rotation and translation matrices(using getTransformation function) are : 
    0.999997 -0.000773902  -0.00248053   -0.0776408
 0.000772093            1 -0.000724688    -0.237165
  0.00248109  0.000722788     0.999997      1.80521
           0            0            0            1
2020/03/08 15:44:24 374027	INFO [input.cpp->run:235]	rotation: 
[0.9999967813491821, -0.0007739017019048333, -0.002480534370988607;
 0.0007720928988419473, 0.9999997019767761, -0.0007246881723403931;
 0.002481093630194664, 0.0007227882742881775, 0.9999970197677612]
2020/03/08 15:44:24 374051	INFO [input.cpp->run:256]	frame times (ms): 44.245
2020/03/08 15:44:24 374053	INFO [input.cpp->run:257]	FPS: 22.6014
2020/03/08 15:44:24 489797	INFO [input.cpp->run:173]	
frame_id 67
2020/03/08 15:44:24 522810	WARNING [visualOdometry.cpp->trackingFrame2Frame:179]	The Estimated Rotation and translation matrices(using getTransformation function) are : 
   0.999981 -0.00317957  0.00518788   0.0163155
 0.00320067    0.999986  -0.0040535    0.235839
-0.00517493  0.00407001    0.999978     -2.5145
          0           0           0           1
2020/03/08 15:44:24 525530	INFO [input.cpp->run:235]	rotation: 
[0.9999812245368958, -0.00317957391962409, 0.005187883973121643;
 0.003200666047632694, 0.9999863505363464, -0.004053495824337006;
 -0.005174927413463593, 0.004070006310939789, 0.9999783039093018]
2020/03/08 15:44:24 525566	INFO [input.cpp->run:256]	frame times (ms): 73.116
2020/03/08 15:44:24 525570	INFO [input.cpp->run:257]	FPS: 13.6769
2020/03/08 15:44:24 626372	INFO [input.cpp->run:173]	
frame_id 68
2020/03/08 15:44:24 648153	WARNING [visualOdometry.cpp->trackingFrame2Frame:179]	The Estimated Rotation and translation matrices(using getTransformation function) are : 
    0.999987  -0.00111866   0.00505676    -0.164994
  0.00111888     0.999999 -4.36082e-05    0.0576853
 -0.00505672   4.9226e-05     0.999987     -1.32321
           0            0            0            1
2020/03/08 15:44:24 648978	INFO [input.cpp->run:235]	rotation: 
[0.9999868273735046, -0.00111866369843483, 0.005056764930486679;
 0.001118875108659267, 0.9999992251396179, -4.360824823379517e-05;
 -0.005056720227003098, 4.922598600387573e-05, 0.9999873638153076]
2020/03/08 15:44:24 649002	INFO [input.cpp->run:256]	frame times (ms): 44.639
2020/03/08 15:44:24 649004	INFO [input.cpp->run:257]	FPS: 22.4019
2020/03/08 15:44:24 764423	INFO [input.cpp->run:173]	
frame_id 69
2020/03/08 15:44:24 797287	WARNING [visualOdometry.cpp->trackingFrame2Frame:179]	The Estimated Rotation and translation matrices(using getTransformation function) are : 
    0.999998  -0.00197225  0.000697769    0.0532045
    0.001973     0.999998 -0.000979476    0.0205586
-0.000695843  0.000980861     0.999999     -0.74691
           0            0            0            1
2020/03/08 15:44:24 798584	INFO [input.cpp->run:235]	rotation: 
[0.9999982118606567, -0.001972246449440718, 0.0006977692246437073;
 0.001972998026758432, 0.9999977350234985, -0.0009794756770133972;
 -0.0006958432495594025, 0.000980861485004425, 0.999999463558197]
2020/03/08 15:44:24 798622	INFO [input.cpp->run:256]	frame times (ms): 69.834
2020/03/08 15:44:24 798626	INFO [input.cpp->run:257]	FPS: 14.3197
2020/03/08 15:44:24 901396	INFO [input.cpp->run:173]	
frame_id 70
2020/03/08 15:44:24 927582	WARNING [visualOdometry.cpp->trackingFrame2Frame:179]	The Estimated Rotation and translation matrices(using getTransformation function) are : 
    0.999916   0.00336969    0.0124995    -0.486317
  -0.0033718     0.999994  0.000152394   -0.0450274
  -0.0124989 -0.000194587     0.999922     -0.80591
           0            0            0            1
2020/03/08 15:44:24 930212	INFO [input.cpp->run:235]	rotation: 
[0.9999164342880249, 0.003369688289240003, 0.01249949261546135;
 -0.003371796337887645, 0.9999942779541016, 0.00015239417552948;
 -0.01249890401959419, -0.0001945868134498596, 0.9999220967292786]
2020/03/08 15:44:24 930245	INFO [input.cpp->run:256]	frame times (ms): 59.365
2020/03/08 15:44:24 930248	INFO [input.cpp->run:257]	FPS: 16.8449
2020/03/08 15:44:25 036868	INFO [input.cpp->run:173]	
frame_id 71
2020/03/08 15:44:25 058194	WARNING [visualOdometry.cpp->trackingFrame2Frame:179]	The Estimated Rotation and translation matrices(using getTransformation function) are : 
    0.999997 -0.000992637   0.00242702    0.0649052
 0.000998689     0.999996  -0.00248341     0.152858
 -0.00242454   0.00248579     0.999994     -1.69823
           0            0            0            1
2020/03/08 15:44:25 059027	INFO [input.cpp->run:235]	rotation: 
[0.9999966025352478, -0.0009926366619765759, 0.002427024766802788;
 0.0009986888617277145, 0.9999962449073792, -0.00248340517282486;
 -0.002424543723464012, 0.002485789358615875, 0.9999939799308777]
2020/03/08 15:44:25 059051	INFO [input.cpp->run:256]	frame times (ms): 43.973
2020/03/08 15:44:25 059053	INFO [input.cpp->run:257]	FPS: 22.7412
2020/03/08 15:44:25 174592	INFO [input.cpp->run:173]	
frame_id 72
2020/03/08 15:44:25 205937	WARNING [visualOdometry.cpp->trackingFrame2Frame:179]	The Estimated Rotation and translation matrices(using getTransformation function) are : 
   0.999913 -0.00144011  -0.0131092    0.732898
  0.0014197    0.999998 -0.00156708   0.0517261
  0.0131115  0.00154833    0.999913   -0.946722
          0           0           0           1
2020/03/08 15:44:25 207239	INFO [input.cpp->run:235]	rotation: 
[0.9999130368232727, -0.001440112944692373, -0.0131092444062233;
 0.00141969951801002, 0.9999978542327881, -0.001567080616950989;
 0.01311148330569267, 0.001548334956169128, 0.9999130964279175]
2020/03/08 15:44:25 207275	INFO [input.cpp->run:256]	frame times (ms): 67.546
2020/03/08 15:44:25 207278	INFO [input.cpp->run:257]	FPS: 14.8047
2020/03/08 15:44:25 318468	INFO [input.cpp->run:173]	
frame_id 73
2020/03/08 15:44:25 362103	WARNING [visualOdometry.cpp->trackingFrame2Frame:179]	The Estimated Rotation and translation matrices(using getTransformation function) are : 
   0.999978 -0.00199016  0.00641985   -0.288826
 0.00200505    0.999996  -0.0023139  -0.0303625
-0.00641522  0.00232673    0.999977   -0.409704
          0           0           0           1
2020/03/08 15:44:25 363225	INFO [input.cpp->run:235]	rotation: 
[0.9999775886535645, -0.001990160439163446, 0.006419851444661617;
 0.002005053218454123, 0.9999955892562866, -0.002313897013664246;
 -0.006415218114852905, 0.002326734364032745, 0.9999768733978271]
2020/03/08 15:44:25 363254	INFO [input.cpp->run:256]	frame times (ms): 73.973
2020/03/08 15:44:25 363257	INFO [input.cpp->run:257]	FPS: 13.5184
2020/03/08 15:44:25 455413	INFO [input.cpp->run:173]	
frame_id 74
2020/03/08 15:44:25 477455	WARNING [visualOdometry.cpp->trackingFrame2Frame:179]	The Estimated Rotation and translation matrices(using getTransformation function) are : 
    0.999998  -0.00190049  0.000631586   0.00345063
  0.00190363     0.999986  -0.00501582    0.0362825
-0.000622042   0.00501703     0.999988    -0.436029
           0            0            0            1
2020/03/08 15:44:25 478291	INFO [input.cpp->run:235]	rotation: 
[0.9999983310699463, -0.001900486182421446, 0.0006315857172012329;
 0.001903631258755922, 0.9999858736991882, -0.005015820264816284;
 -0.0006220415234565735, 0.005017027258872986, 0.9999875426292419]
2020/03/08 15:44:25 478317	INFO [input.cpp->run:256]	frame times (ms): 44.172
2020/03/08 15:44:25 478319	INFO [input.cpp->run:257]	FPS: 22.6388
2020/03/08 15:44:25 591616	INFO [input.cpp->run:173]	
frame_id 75
2020/03/08 15:44:25 618955	WARNING [visualOdometry.cpp->trackingFrame2Frame:179]	The Estimated Rotation and translation matrices(using getTransformation function) are : 
   0.999993 -0.00242456  0.00275226  -0.0388548
 0.00242872    0.999996 -0.00150925   0.0111166
 -0.0027486   0.0015159    0.999995   -0.898293
          0           0           0           1
2020/03/08 15:44:25 620164	INFO [input.cpp->run:235]	rotation: 
[0.9999933838844299, -0.002424564678221941, 0.002752255648374557;
 0.002428724197670817, 0.9999958276748657, -0.001509249210357666;
 -0.002748597413301468, 0.001515902578830719, 0.9999950528144836]
2020/03/08 15:44:25 620196	INFO [input.cpp->run:256]	frame times (ms): 58.301
2020/03/08 15:44:25 620199	INFO [input.cpp->run:257]	FPS: 17.1524
2020/03/08 15:44:25 727364	INFO [input.cpp->run:173]	
frame_id 76
2020/03/08 15:44:25 748243	WARNING [visualOdometry.cpp->trackingFrame2Frame:179]	The Estimated Rotation and translation matrices(using getTransformation function) are : 
   0.999995 -0.00293088  0.00112276   0.0437515
 0.00292621    0.999987   0.0041467   0.0227392
 -0.0011349 -0.00414341    0.999991    -1.00639
          0           0           0           1
2020/03/08 15:44:25 749085	INFO [input.cpp->run:235]	rotation: 
[0.9999954700469971, -0.002930880524218082, 0.001122757792472839;
 0.002926207380369306, 0.9999871850013733, 0.004146702587604523;
 -0.001134898513555527, -0.004143409430980682, 0.9999909996986389]
2020/03/08 15:44:25 749118	INFO [input.cpp->run:256]	frame times (ms): 42.401
2020/03/08 15:44:25 749122	INFO [input.cpp->run:257]	FPS: 23.5843
2020/03/08 15:44:25 865056	INFO [input.cpp->run:173]	
frame_id 77
2020/03/08 15:44:25 898291	WARNING [visualOdometry.cpp->trackingFrame2Frame:179]	The Estimated Rotation and translation matrices(using getTransformation function) are : 
    0.999999  -0.00125873   0.00066397    0.0482799
  0.00125414     0.999976   0.00688887    0.0425577
-0.000672616  -0.00688803     0.999976     -0.96554
           0            0            0            1
2020/03/08 15:44:25 899601	INFO [input.cpp->run:235]	rotation: 
[0.9999991059303284, -0.001258732052519917, 0.0006639696657657623;
 0.001254141563549638, 0.9999759793281555, 0.006888873875141144;
 -0.0006726160645484924, -0.006888031959533691, 0.9999762177467346]
2020/03/08 15:44:25 899634	INFO [input.cpp->run:256]	frame times (ms): 70.649
2020/03/08 15:44:25 899637	INFO [input.cpp->run:257]	FPS: 14.1545
2020/03/08 15:44:26 001883	INFO [input.cpp->run:173]	
frame_id 78
2020/03/08 15:44:26 028378	WARNING [visualOdometry.cpp->trackingFrame2Frame:179]	The Estimated Rotation and translation matrices(using getTransformation function) are : 
    0.999999   0.00138407 -0.000213884    0.0819595
 -0.00138253     0.999975   0.00698769   -0.0538703
 0.000223525  -0.00698741     0.999976    -0.689667
           0            0            0            1
2020/03/08 15:44:26 029671	INFO [input.cpp->run:235]	rotation: 
[0.999999463558197, 0.001384067349135876, -0.0002138838171958923;
 -0.001382526941597462, 0.9999746680259705, 0.006987690925598145;
 0.0002235248684883118, -0.006987407803535461, 0.9999758005142212]
2020/03/08 15:44:26 029703	INFO [input.cpp->run:256]	frame times (ms): 56.869
2020/03/08 15:44:26 029705	INFO [input.cpp->run:257]	FPS: 17.5843
2020/03/08 15:44:26 139692	INFO [input.cpp->run:173]	
frame_id 79
2020/03/08 15:44:26 166965	WARNING [visualOdometry.cpp->trackingFrame2Frame:179]	The Estimated Rotation and translation matrices(using getTransformation function) are : 
    0.999997 -0.000250719   0.00241058    -0.078459
 0.000243784     0.999996   0.00287718    -0.061202
  -0.0024113  -0.00287662     0.999993     -0.70857
           0            0            0            1
2020/03/08 15:44:26 168310	INFO [input.cpp->run:235]	rotation: 
[0.9999972581863403, -0.0002507190220057964, 0.002410583198070526;
 0.0002437836956232786, 0.9999958872795105, 0.002877175807952881;
 -0.002411302179098129, -0.002876617014408112, 0.9999929666519165]
2020/03/08 15:44:26 168347	INFO [input.cpp->run:256]	frame times (ms): 56.772
2020/03/08 15:44:26 168351	INFO [input.cpp->run:257]	FPS: 17.6143
2020/03/08 15:44:26 276255	INFO [input.cpp->run:173]	
frame_id 80
2020/03/08 15:44:26 297899	WARNING [visualOdometry.cpp->trackingFrame2Frame:179]	The Estimated Rotation and translation matrices(using getTransformation function) are : 
   0.999998 -0.00192565  0.00100772  -0.0196838
 0.00192846    0.999994 -0.00278136  -0.0362353
-0.00100236   0.0027833    0.999996   -0.255033
          0           0           0           1
2020/03/08 15:44:26 298756	INFO [input.cpp->run:235]	rotation: 
[0.9999979734420776, -0.001925652846693993, 0.001007718965411186;
 0.001928458921611309, 0.9999943375587463, -0.00278136134147644;
 -0.001002360135316849, 0.002783298492431641, 0.9999958872795105]
2020/03/08 15:44:26 298782	INFO [input.cpp->run:256]	frame times (ms): 42.305
2020/03/08 15:44:26 298784	INFO [input.cpp->run:257]	FPS: 23.6379
2020/03/08 15:44:26 412205	INFO [input.cpp->run:173]	
frame_id 81
2020/03/08 15:44:26 438807	WARNING [visualOdometry.cpp->trackingFrame2Frame:179]	The Estimated Rotation and translation matrices(using getTransformation function) are : 
    0.999997  0.000599933   0.00233513   -0.0503619
-0.000597899     0.999999 -0.000875764   -0.0637159
 -0.00233566  0.000874355     0.999997     -0.19721
           0            0            0            1
2020/03/08 15:44:26 440047	INFO [input.cpp->run:235]	rotation: 
[0.9999973177909851, 0.0005999333225190639, 0.002335134893655777;
 -0.0005978993140161037, 0.9999992847442627, -0.0008757635951042175;
 -0.002335663884878159, 0.0008743554353713989, 0.999997079372406]
2020/03/08 15:44:26 440078	INFO [input.cpp->run:256]	frame times (ms): 55.805
2020/03/08 15:44:26 440081	INFO [input.cpp->run:257]	FPS: 17.9195
2020/03/08 15:44:26 550411	INFO [input.cpp->run:173]	
frame_id 82
2020/03/08 15:44:26 577333	WARNING [visualOdometry.cpp->trackingFrame2Frame:179]	The Estimated Rotation and translation matrices(using getTransformation function) are : 
   0.999994  0.00279193  0.00184939  -0.0222628
-0.00279796    0.999991  0.00326493   0.0359992
-0.00184027 -0.00327009    0.999993    -1.18404
          0           0           0           1
2020/03/08 15:44:26 578654	INFO [input.cpp->run:235]	rotation: 
[0.9999943971633911, 0.00279192952439189, 0.00184939056634903;
 -0.002797959372401237, 0.9999906420707703, 0.003264926373958588;
 -0.001840274780988693, -0.003270089626312256, 0.9999927878379822]
2020/03/08 15:44:26 578691	INFO [input.cpp->run:256]	frame times (ms): 55.856
2020/03/08 15:44:26 578695	INFO [input.cpp->run:257]	FPS: 17.9032
2020/03/08 15:44:26 688851	INFO [input.cpp->run:173]	
frame_id 83
2020/03/08 15:44:26 717013	WARNING [visualOdometry.cpp->trackingFrame2Frame:179]	The Estimated Rotation and translation matrices(using getTransformation function) are : 
   0.999971  0.00759948 -0.00116216   0.0261952
-0.00759301    0.999956  0.00548305  -0.0093928
 0.00120378 -0.00547404    0.999984   -0.447182
          0           0           0           1
2020/03/08 15:44:26 718016	INFO [input.cpp->run:235]	rotation: 
[0.9999707937240601, 0.007599483709782362, -0.001162163913249969;
 -0.007593006826937199, 0.9999562501907349, 0.005483053624629974;
 0.001203775405883789, -0.005474038422107697, 0.9999843835830688]
2020/03/08 15:44:26 718045	INFO [input.cpp->run:256]	frame times (ms): 49.365
2020/03/08 15:44:26 718047	INFO [input.cpp->run:257]	FPS: 20.2573
2020/03/08 15:44:26 820718	INFO [input.cpp->run:173]	
frame_id 84
2020/03/08 15:44:26 840215	WARNING [visualOdometry.cpp->trackingFrame2Frame:179]	The Estimated Rotation and translation matrices(using getTransformation function) are : 
    0.999994   0.00359532 -0.000334188   -0.0290664
 -0.00359383     0.999984   0.00435395    0.0186144
 0.000349836   -0.0043527     0.999991    -0.579126
           0            0            0            1
2020/03/08 15:44:26 840978	INFO [input.cpp->run:235]	rotation: 
[0.999993622303009, 0.003595319343730807, -0.0003341884003020823;
 -0.003593834582716227, 0.999984085559845, 0.004353947937488556;
 0.0003498364239931107, -0.00435270369052887, 0.9999905228614807]
2020/03/08 15:44:26 841001	INFO [input.cpp->run:256]	frame times (ms): 36.052
2020/03/08 15:44:26 841003	INFO [input.cpp->run:257]	FPS: 27.7377
2020/03/08 15:44:26 956809	INFO [input.cpp->run:173]	
frame_id 85
2020/03/08 15:44:26 983201	WARNING [visualOdometry.cpp->trackingFrame2Frame:179]	The Estimated Rotation and translation matrices(using getTransformation function) are : 
    0.999989  -0.00261085  -0.00375868    0.0298727
  0.00261119     0.999996  8.58456e-05   0.00745249
  0.00375845 -9.56766e-05     0.999993    -0.509037
           0            0            0            1
2020/03/08 15:44:26 984509	INFO [input.cpp->run:235]	rotation: 
[0.99998939037323, -0.002610848285257816, -0.00375867635011673;
 0.002611190313473344, 0.9999964833259583, 8.584558963775635e-05;
 0.003758449107408524, -9.567663073539734e-05, 0.9999930262565613]
2020/03/08 15:44:26 984559	INFO [input.cpp->run:256]	frame times (ms): 54.236
2020/03/08 15:44:26 984562	INFO [input.cpp->run:257]	FPS: 18.4379
2020/03/08 15:44:27 095219	INFO [input.cpp->run:173]	
frame_id 86
2020/03/08 15:44:27 123170	WARNING [visualOdometry.cpp->trackingFrame2Frame:179]	The Estimated Rotation and translation matrices(using getTransformation function) are : 
   0.999985 -0.00436856 -0.00338411  -0.0138364
 0.00435807    0.999986 -0.00310102   0.0152278
 0.00339761  0.00308622     0.99999   -0.712902
          0           0           0           1
2020/03/08 15:44:27 124587	INFO [input.cpp->run:235]	rotation: 
[0.9999849200248718, -0.004368556663393974, -0.003384111449122429;
 0.004358066245913506, 0.9999858736991882, -0.003101017326116562;
 0.003397608175873756, 0.003086220473051071, 0.9999896287918091]
2020/03/08 15:44:27 124617	INFO [input.cpp->run:256]	frame times (ms): 55.805
2020/03/08 15:44:27 124621	INFO [input.cpp->run:257]	FPS: 17.9195
2020/03/08 15:44:27 207585	INFO [input.cpp->run:173]	
frame_id 87
2020/03/08 15:44:27 222662	WARNING [visualOdometry.cpp->trackingFrame2Frame:179]	The Estimated Rotation and translation matrices(using getTransformation function) are : 
   0.999991  0.00215827 -0.00367147  -0.0382967
-0.00216859    0.999994 -0.00281432 -0.00357926
 0.00366536  0.00282229    0.999989   -0.559793
          0           0           0           1
2020/03/08 15:44:27 223416	INFO [input.cpp->run:235]	rotation: 
[0.9999909996986389, 0.002158268354833126, -0.003671472892165184;
 -0.002168594626709819, 0.9999939203262329, -0.002814318984746933;
 0.003665357828140259, 0.002822287380695343, 0.9999892115592957]
2020/03/08 15:44:27 223438	INFO [input.cpp->run:256]	frame times (ms): 30.745
2020/03/08 15:44:27 223440	INFO [input.cpp->run:257]	FPS: 32.5256
2020/03/08 15:44:27 345765	INFO [input.cpp->run:173]	
frame_id 88
2020/03/08 15:44:27 368364	WARNING [visualOdometry.cpp->trackingFrame2Frame:179]	The Estimated Rotation and translation matrices(using getTransformation function) are : 
   0.999977   0.0041724  -0.0053378  -0.0246846
-0.00419462    0.999983 -0.00415866   0.0221854
 0.00532035  0.00418095    0.999977   -0.823133
          0           0           0           1
2020/03/08 15:44:27 369220	INFO [input.cpp->run:235]	rotation: 
[0.9999769926071167, 0.004172400571405888, -0.005337800830602646;
 -0.004194619599729776, 0.9999825358390808, -0.004158660769462585;
 0.005320345982909203, 0.004180945456027985, 0.9999772906303406]
2020/03/08 15:44:27 369244	INFO [input.cpp->run:256]	frame times (ms): 39.785
2020/03/08 15:44:27 369247	INFO [input.cpp->run:257]	FPS: 25.1351
2020/03/08 15:44:27 468252	INFO [input.cpp->run:173]	
frame_id 89
2020/03/08 15:44:27 493055	WARNING [visualOdometry.cpp->trackingFrame2Frame:179]	The Estimated Rotation and translation matrices(using getTransformation function) are : 
   0.999954   0.0048047 -0.00828102 -0.00273654
-0.00483658    0.999981 -0.00383313   0.0219597
 0.00826245  0.00387301    0.999958   -0.386717
          0           0           0           1
2020/03/08 15:44:27 493924	INFO [input.cpp->run:235]	rotation: 
[0.9999541640281677, 0.004804703872650862, -0.008281024172902107;
 -0.004836577922105789, 0.9999808669090271, -0.00383313000202179;
 0.008262450806796551, 0.003873005509376526, 0.9999582767486572]
2020/03/08 15:44:27 493948	INFO [input.cpp->run:256]	frame times (ms): 42.82
2020/03/08 15:44:27 493951	INFO [input.cpp->run:257]	FPS: 23.3536
2020/03/08 15:44:27 605233	INFO [input.cpp->run:173]	
frame_id 90
2020/03/08 15:44:27 625467	WARNING [visualOdometry.cpp->trackingFrame2Frame:179]	The Estimated Rotation and translation matrices(using getTransformation function) are : 
    0.999938  -0.00352457   -0.0106358  -0.00494045
  0.00352772     0.999994  0.000277862  -0.00507033
   0.0106347 -0.000315353     0.999943    -0.338276
           0            0            0            1
2020/03/08 15:44:27 626225	INFO [input.cpp->run:235]	rotation: 
[0.9999375939369202, -0.003524567931890488, -0.01063578389585018;
 0.003527716966345906, 0.9999939203262329, 0.0002778619527816772;
 0.01063473708927631, -0.0003153532743453979, 0.9999434947967529]
2020/03/08 15:44:27 626246	INFO [input.cpp->run:256]	frame times (ms): 38.692
2020/03/08 15:44:27 626248	INFO [input.cpp->run:257]	FPS: 25.8451
2020/03/08 15:44:27 740142	INFO [input.cpp->run:173]	
frame_id 91
2020/03/08 15:44:27 760475	WARNING [visualOdometry.cpp->trackingFrame2Frame:179]	The Estimated Rotation and translation matrices(using getTransformation function) are : 
    0.999871  -0.00511415   -0.0152191    0.0137846
  0.00511762     0.999987  0.000188537    0.0560344
   0.0152179 -0.000266373     0.999884      -1.3134
           0            0            0            1
2020/03/08 15:44:27 761230	INFO [input.cpp->run:235]	rotation: 
[0.9998708963394165, -0.005114145576953888, -0.01521909981966019;
 0.005117620341479778, 0.9999868869781494, 0.0001885369420051575;
 0.01521794311702251, -0.0002663731575012207, 0.9998838901519775]
2020/03/08 15:44:27 761252	INFO [input.cpp->run:256]	frame times (ms): 38.049
2020/03/08 15:44:27 761254	INFO [input.cpp->run:257]	FPS: 26.2819
2020/03/08 15:44:27 873882	INFO [input.cpp->run:173]	
frame_id 92
2020/03/08 15:44:27 894827	WARNING [visualOdometry.cpp->trackingFrame2Frame:179]	The Estimated Rotation and translation matrices(using getTransformation function) are : 
    0.999841  -0.00501928   -0.0171304   -0.0356639
  0.00501221     0.999987 -0.000455759  -0.00903791
   0.0171324  0.000369854     0.999853    -0.311356
           0            0            0            1
2020/03/08 15:44:27 895600	INFO [input.cpp->run:235]	rotation: 
[0.9998408555984497, -0.005019277334213257, -0.01713035255670547;
 0.005012211389839649, 0.9999874830245972, -0.0004557594656944275;
 0.01713244616985321, 0.0003698542714118958, 0.9998531937599182]
2020/03/08 15:44:27 895622	INFO [input.cpp->run:256]	frame times (ms): 40.251
2020/03/08 15:44:27 895624	INFO [input.cpp->run:257]	FPS: 24.8441
2020/03/08 15:44:28 010932	INFO [input.cpp->run:173]	
frame_id 93
2020/03/08 15:44:28 033216	WARNING [visualOdometry.cpp->trackingFrame2Frame:179]	The Estimated Rotation and translation matrices(using getTransformation function) are : 
   0.999764  0.00206811  -0.0216381  -0.0273858
-0.00209797    0.999997 -0.00135817   0.0337946
  0.0216353  0.00140326    0.999765   -0.651274
          0           0           0           1
2020/03/08 15:44:28 034065	INFO [input.cpp->run:235]	rotation: 
[0.9997638463973999, 0.002068114466965199, -0.02163810282945633;
 -0.002097971737384796, 0.9999967813491821, -0.001358166337013245;
 0.02163531631231308, 0.001403257250785828, 0.9997648000717163]
2020/03/08 15:44:28 034091	INFO [input.cpp->run:256]	frame times (ms): 42.294
2020/03/08 15:44:28 034093	INFO [input.cpp->run:257]	FPS: 23.644
2020/03/08 15:44:28 149553	INFO [input.cpp->run:173]	
frame_id 94
2020/03/08 15:44:28 176962	WARNING [visualOdometry.cpp->trackingFrame2Frame:179]	The Estimated Rotation and translation matrices(using getTransformation function) are : 
    0.999679   0.00331392   -0.0251127   -0.0688696
 -0.00333595     0.999995 -0.000834078  -0.00403458
   0.0251098  0.000917599     0.999684    -0.716379
           0            0            0            1
2020/03/08 15:44:28 178095	INFO [input.cpp->run:235]	rotation: 
[0.9996794462203979, 0.003313921391963959, -0.02511271834373474;
 -0.003335947170853615, 0.9999945163726807, -0.0008340775966644287;
 0.02510979771614075, 0.0009175986051559448, 0.9996843934059143]
2020/03/08 15:44:28 178128	INFO [input.cpp->run:256]	frame times (ms): 56.069
2020/03/08 15:44:28 178131	INFO [input.cpp->run:257]	FPS: 17.8352
2020/03/08 15:44:28 286695	INFO [input.cpp->run:173]	
frame_id 95
2020/03/08 15:44:28 313520	WARNING [visualOdometry.cpp->trackingFrame2Frame:179]	The Estimated Rotation and translation matrices(using getTransformation function) are : 
    0.999581  0.000555987   -0.0289412   -0.0680526
-0.000596115     0.999999  -0.00137905   -0.0203391
   0.0289404   0.00139572      0.99958    -0.614403
           0            0            0            1
2020/03/08 15:44:28 314657	INFO [input.cpp->run:235]	rotation: 
[0.9995810985565186, 0.0005559874698519707, -0.02894122153520584;
 -0.0005961153656244278, 0.9999988079071045, -0.001379050314426422;
 0.02894044667482376, 0.001395724713802338, 0.9995802044868469]
2020/03/08 15:44:28 314689	INFO [input.cpp->run:256]	frame times (ms): 54.309
2020/03/08 15:44:28 314691	INFO [input.cpp->run:257]	FPS: 18.4132
2020/03/08 15:44:28 422394	INFO [input.cpp->run:173]	
frame_id 96
2020/03/08 15:44:28 444357	WARNING [visualOdometry.cpp->trackingFrame2Frame:179]	The Estimated Rotation and translation matrices(using getTransformation function) are : 
    0.999446 -0.000327267   -0.0332707    -0.013725
 0.000279129     0.999999  -0.00144965  -0.00427824
    0.033271   0.00143956     0.999445    -0.320259
           0            0            0            1
2020/03/08 15:44:28 445140	INFO [input.cpp->run:235]	rotation: 
[0.9994460344314575, -0.0003272667527198792, -0.0332707017660141;
 0.0002791285514831543, 0.9999991059303284, -0.001449652016162872;
 0.03327104449272156, 0.001439556479454041, 0.9994453191757202]
2020/03/08 15:44:28 445163	INFO [input.cpp->run:256]	frame times (ms): 43.77
2020/03/08 15:44:28 445166	INFO [input.cpp->run:257]	FPS: 22.8467
2020/03/08 15:44:28 560816	INFO [input.cpp->run:173]	
frame_id 97
2020/03/08 15:44:28 589545	WARNING [visualOdometry.cpp->trackingFrame2Frame:179]	The Estimated Rotation and translation matrices(using getTransformation function) are : 
    0.999234 -0.000817772   -0.0391238     0.310394
 0.000788633            1  -0.00075832     0.087433
   0.0391243   0.00072686     0.999234     -2.08675
           0            0            0            1
2020/03/08 15:44:28 590500	INFO [input.cpp->run:235]	rotation: 
[0.999234139919281, -0.0008177720010280609, -0.03912381827831268;
 0.0007886327803134918, 0.9999998211860657, -0.0007583200931549072;
 0.03912433981895447, 0.0007268600165843964, 0.9992343187332153]
2020/03/08 15:44:28 590526	INFO [input.cpp->run:256]	frame times (ms): 57.055
2020/03/08 15:44:28 590529	INFO [input.cpp->run:257]	FPS: 17.5269
2020/03/08 15:44:28 697304	INFO [input.cpp->run:173]	
frame_id 98
2020/03/08 15:44:28 725497	WARNING [visualOdometry.cpp->trackingFrame2Frame:179]	The Estimated Rotation and translation matrices(using getTransformation function) are : 
    0.999089 -0.000478188   -0.0426555    0.0889848
 0.000463371            1 -0.000355355    0.0298641
   0.0426555  0.000335228      0.99909      -0.8687
           0            0            0            1
2020/03/08 15:44:28 726608	INFO [input.cpp->run:235]	rotation: 
[0.9990894198417664, -0.0004781875759363174, -0.04265552759170532;
 0.0004633711650967598, 0.9999998211860657, -0.000355355441570282;
 0.04265549778938293, 0.0003352276980876923, 0.9990899562835693]
2020/03/08 15:44:28 726640	INFO [input.cpp->run:256]	frame times (ms): 57.821
2020/03/08 15:44:28 726644	INFO [input.cpp->run:257]	FPS: 17.2948
2020/03/08 15:44:28 832861	INFO [input.cpp->run:173]	
frame_id 99
2020/03/08 15:44:28 861205	WARNING [visualOdometry.cpp->trackingFrame2Frame:179]	The Estimated Rotation and translation matrices(using getTransformation function) are : 
   0.998993  0.00377628  -0.0447032   -0.045565
-0.00389014     0.99999 -0.00245953    0.068154
  0.0446934  0.00263093    0.998997   -0.513817
          0           0           0           1
2020/03/08 15:44:28 862313	INFO [input.cpp->run:235]	rotation: 
[0.9989932775497437, 0.003776282072067261, -0.04470321536064148;
 -0.003890138119459152, 0.9999897480010986, -0.002459526062011719;
 0.04469335079193115, 0.002630934119224548, 0.9989973306655884]
2020/03/08 15:44:28 862343	INFO [input.cpp->run:256]	frame times (ms): 58.127
2020/03/08 15:44:28 862346	INFO [input.cpp->run:257]	FPS: 17.2037
2020/03/08 15:44:28 967935	INFO [input.cpp->run:173]	
frame_id 100
2020/03/08 15:44:28 996336	WARNING [visualOdometry.cpp->trackingFrame2Frame:179]	The Estimated Rotation and translation matrices(using getTransformation function) are : 
    0.99889 -0.00160938  -0.0470833   -0.177799
 0.00169886    0.999997  0.00185974   -0.010186
  0.0470802 -0.00193767    0.998889    -0.31897
          0           0           0           1
2020/03/08 15:44:28 997540	INFO [input.cpp->run:235]	rotation: 
[0.9988897442817688, -0.001609377562999725, -0.04708331823348999;
 0.001698862761259079, 0.9999966025352478, 0.001859739422798157;
 0.04708018898963928, -0.001937665045261383, 0.9988892078399658]
2020/03/08 15:44:28 997576	INFO [input.cpp->run:256]	frame times (ms): 60.113
2020/03/08 15:44:28 997579	INFO [input.cpp->run:257]	FPS: 16.6353
2020/03/08 15:44:29 105656	INFO [input.cpp->run:173]	
frame_id 101
2020/03/08 15:44:29 134562	WARNING [visualOdometry.cpp->trackingFrame2Frame:179]	The Estimated Rotation and translation matrices(using getTransformation function) are : 
    0.998719  0.000572355    -0.050595     -0.55757
-0.000489697     0.999999   0.00164615   -0.0338877
   0.0505958  -0.00161926     0.998718     0.408245
           0            0            0            1
2020/03/08 15:44:29 135667	INFO [input.cpp->run:235]	rotation: 
[0.9987191557884216, 0.0005723554641008377, -0.0505949854850769;
 -0.0004896968603134155, 0.9999985694885254, 0.001646149903535843;
 0.05059584975242615, -0.001619264483451843, 0.9987181425094604]
2020/03/08 15:44:29 135698	INFO [input.cpp->run:256]	frame times (ms): 63.397
2020/03/08 15:44:29 135702	INFO [input.cpp->run:257]	FPS: 15.7736
2020/03/08 15:44:29 239927	INFO [input.cpp->run:173]	
frame_id 102
2020/03/08 15:44:29 264938	WARNING [visualOdometry.cpp->trackingFrame2Frame:179]	The Estimated Rotation and translation matrices(using getTransformation function) are : 
    0.998309  0.000964656   -0.0581196   -0.0962939
-0.000917394     0.999999  0.000839796    0.0182382
   0.0581204 -0.000785071     0.998309    -0.427452
           0            0            0            1
2020/03/08 15:44:29 265903	INFO [input.cpp->run:235]	rotation: 
[0.9983092546463013, 0.0009646564722061157, -0.05811962485313416;
 -0.0009173937141895294, 0.9999991655349731, 0.0008397959172725677;
 0.05812036991119385, -0.0007850714027881622, 0.9983093738555908]
2020/03/08 15:44:29 265930	INFO [input.cpp->run:256]	frame times (ms): 52.83
2020/03/08 15:44:29 265933	INFO [input.cpp->run:257]	FPS: 18.9286
2020/03/08 15:44:29 376876	INFO [input.cpp->run:173]	
frame_id 103
2020/03/08 15:44:29 405323	WARNING [visualOdometry.cpp->trackingFrame2Frame:179]	The Estimated Rotation and translation matrices(using getTransformation function) are : 
    0.998267  0.000852618   -0.0588492    -0.626881
-0.000809496            1  0.000757169   -0.0298769
   0.0588497 -0.000708226     0.998267      0.44137
           0            0            0            1
2020/03/08 15:44:29 406493	INFO [input.cpp->run:235]	rotation: 
[0.9982666969299316, 0.0008526183664798737, -0.05884921550750732;
 -0.0008094962686300278, 0.9999997019767761, 0.0007571689784526825;
 0.05884969234466553, -0.0007082261145114899, 0.9982667565345764]
2020/03/08 15:44:29 406524	INFO [input.cpp->run:256]	frame times (ms): 62.145
2020/03/08 15:44:29 406529	INFO [input.cpp->run:257]	FPS: 16.0914
2020/03/08 15:44:29 512675	INFO [input.cpp->run:173]	
frame_id 104
2020/03/08 15:44:29 534953	WARNING [visualOdometry.cpp->trackingFrame2Frame:179]	The Estimated Rotation and translation matrices(using getTransformation function) are : 
    0.998042   0.00195171   -0.0625116    -0.582086
 -0.00194387     0.999998  0.000186425   -0.0123078
    0.062512 -6.45183e-05     0.998044      0.26177
           0            0            0            1
2020/03/08 15:44:29 535722	INFO [input.cpp->run:235]	rotation: 
[0.998042106628418, 0.001951705664396286, -0.06251159310340881;
 -0.00194387324154377, 0.9999979734420776, 0.0001864247024059296;
 0.06251195073127747, -6.451830267906189e-05, 0.9980441331863403]
2020/03/08 15:44:29 535748	INFO [input.cpp->run:256]	frame times (ms): 44.638
2020/03/08 15:44:29 535751	INFO [input.cpp->run:257]	FPS: 22.4024
2020/03/08 15:44:29 651046	INFO [input.cpp->run:173]	
frame_id 105
2020/03/08 15:44:29 678913	WARNING [visualOdometry.cpp->trackingFrame2Frame:179]	The Estimated Rotation and translation matrices(using getTransformation function) are : 
   0.998041  0.00188868  -0.0625382   -0.246156
-0.00172107    0.999995  0.00273458  -0.0270665
  0.0625429  -0.0026216    0.998039   -0.283332
          0           0           0           1
2020/03/08 15:44:29 679958	INFO [input.cpp->run:235]	rotation: 
[0.9980406761169434, 0.001888677477836609, -0.06253820657730103;
 -0.001721072942018509, 0.9999948740005493, 0.002734582871198654;
 0.06254285573959351, -0.002621602267026901, 0.9980387687683105]
2020/03/08 15:44:29 679985	INFO [input.cpp->run:256]	frame times (ms): 57.74
2020/03/08 15:44:29 679988	INFO [input.cpp->run:257]	FPS: 17.319
2020/03/08 15:44:29 787708	INFO [input.cpp->run:173]	
frame_id 106
2020/03/08 15:44:29 815702	WARNING [visualOdometry.cpp->trackingFrame2Frame:179]	The Estimated Rotation and translation matrices(using getTransformation function) are : 
    0.99823  0.00244434  -0.0594275   -0.141345
-0.00207806    0.999979  0.00622417  -0.0532155
  0.0594414 -0.00608966    0.998213   -0.415364
          0           0           0           1
2020/03/08 15:44:29 816814	INFO [input.cpp->run:235]	rotation: 
[0.9982295036315918, 0.002444341778755188, -0.05942752957344055;
 -0.002078056335449219, 0.9999785423278809, 0.006224174052476883;
 0.05944135785102844, -0.006089657545089722, 0.9982132911682129]
2020/03/08 15:44:29 816845	INFO [input.cpp->run:256]	frame times (ms): 61.609
2020/03/08 15:44:29 816848	INFO [input.cpp->run:257]	FPS: 16.2314
2020/03/08 15:44:29 926678	INFO [input.cpp->run:173]	
frame_id 107
2020/03/08 15:44:29 954432	WARNING [visualOdometry.cpp->trackingFrame2Frame:179]	The Estimated Rotation and translation matrices(using getTransformation function) are : 
   0.998273  0.00303755  -0.0586622   -0.136116
-0.00285985    0.999991  0.00311191  -0.0384248
  0.0586708 -0.00293882    0.998273   -0.398808
          0           0           0           1
2020/03/08 15:44:29 955430	INFO [input.cpp->run:235]	rotation: 
[0.9982731342315674, 0.003037549555301666, -0.05866217613220215;
 -0.002859845757484436, 0.9999909400939941, 0.003111906349658966;
 0.05867078900337219, -0.002938821911811829, 0.9982731342315674]
2020/03/08 15:44:29 955459	INFO [input.cpp->run:256]	frame times (ms): 60.313
2020/03/08 15:44:29 955461	INFO [input.cpp->run:257]	FPS: 16.5802
2020/03/08 15:44:30 063137	INFO [input.cpp->run:173]	
frame_id 108
2020/03/08 15:44:30 088254	WARNING [visualOdometry.cpp->trackingFrame2Frame:179]	The Estimated Rotation and translation matrices(using getTransformation function) are : 
   0.998164  0.00111413  -0.0605677  -0.0885009
 -0.0010088    0.999998  0.00177009  -0.0391859
  0.0605696 -0.00170562    0.998163   -0.383219
          0           0           0           1
2020/03/08 15:44:30 090461	INFO [input.cpp->run:235]	rotation: 
[0.9981635212898254, 0.001114130020141602, -0.06056773662567139;
 -0.001008801162242889, 0.9999980330467224, 0.001770086586475372;
 0.0605696439743042, -0.001705624163150787, 0.9981625080108643]
2020/03/08 15:44:30 090489	INFO [input.cpp->run:256]	frame times (ms): 57.017
2020/03/08 15:44:30 090491	INFO [input.cpp->run:257]	FPS: 17.5386
2020/03/08 15:44:30 201678	INFO [input.cpp->run:173]	
frame_id 109
2020/03/08 15:44:30 225531	WARNING [visualOdometry.cpp->trackingFrame2Frame:179]	The Estimated Rotation and translation matrices(using getTransformation function) are : 
    0.997934  0.000678241   -0.0642456   -0.0316651
-0.000777908     0.999999  -0.00152699    0.0121553
   0.0642446    0.0015737     0.997933    -0.401794
           0            0            0            1
2020/03/08 15:44:30 227204	INFO [input.cpp->run:235]	rotation: 
[0.9979340434074402, 0.0006782412528991699, -0.06424564123153687;
 -0.00077790766954422, 0.9999985694885254, -0.001526989042758942;
 0.06424462795257568, 0.001573696732521057, 0.9979329705238342]
2020/03/08 15:44:30 227229	INFO [input.cpp->run:256]	frame times (ms): 46.496
2020/03/08 15:44:30 227232	INFO [input.cpp->run:257]	FPS: 21.5072
2020/03/08 15:44:30 319526	INFO [input.cpp->run:173]	
frame_id 110
2020/03/08 15:44:30 351213	WARNING [visualOdometry.cpp->trackingFrame2Frame:179]	The Estimated Rotation and translation matrices(using getTransformation function) are : 
   0.998375   0.0100792  -0.0560853   -0.208014
-0.00971413     0.99993  0.00677674  -0.0370042
  0.0561498 -0.00622092    0.998403   -0.526603
          0           0           0           1
2020/03/08 15:44:30 353811	INFO [input.cpp->run:235]	rotation: 
[0.9983753561973572, 0.01007916033267975, -0.05608531832695007;
 -0.009714126586914062, 0.9999300837516785, 0.006776735186576843;
 0.05614984035491943, -0.006220921874046326, 0.9984031319618225]
2020/03/08 15:44:30 353853	INFO [input.cpp->run:256]	frame times (ms): 69.819
2020/03/08 15:44:30 353856	INFO [input.cpp->run:257]	FPS: 14.3227
2020/03/08 15:44:30 456718	INFO [input.cpp->run:173]	
frame_id 111
2020/03/08 15:44:30 479555	WARNING [visualOdometry.cpp->trackingFrame2Frame:179]	The Estimated Rotation and translation matrices(using getTransformation function) are : 
   0.998584  0.00995599  -0.0522551   -0.526639
-0.00976639    0.999945  0.00388417   0.0496039
  0.0522907 -0.00336831    0.998626   -0.912296
          0           0           0           1
2020/03/08 15:44:30 480320	INFO [input.cpp->run:235]	rotation: 
[0.9985843300819397, 0.009955994784832001, -0.05225512385368347;
 -0.009766392409801483, 0.9999449253082275, 0.003884173929691315;
 0.05229073762893677, -0.003368310630321503, 0.9986263513565063]
2020/03/08 15:44:30 480344	INFO [input.cpp->run:256]	frame times (ms): 46.758
2020/03/08 15:44:30 480347	INFO [input.cpp->run:257]	FPS: 21.3867
2020/03/08 15:44:30 584888	INFO [input.cpp->run:173]	
frame_id 112
2020/03/08 15:44:30 612878	WARNING [visualOdometry.cpp->trackingFrame2Frame:179]	The Estimated Rotation and translation matrices(using getTransformation function) are : 
   0.998694  0.00544611  -0.0507925   -0.542207
-0.00510002    0.999963  0.00694052  -0.0137323
  0.0508287 -0.00667243    0.998685   -0.980219
          0           0           0           1
2020/03/08 15:44:30 613821	INFO [input.cpp->run:235]	rotation: 
[0.9986940622329712, 0.005446109920740128, -0.05079254508018494;
 -0.005100023001432419, 0.9999628067016602, 0.00694052129983902;
 0.05082869529724121, -0.00667242705821991, 0.9986850023269653]
2020/03/08 15:44:30 613846	INFO [input.cpp->run:256]	frame times (ms): 54.312
2020/03/08 15:44:30 613848	INFO [input.cpp->run:257]	FPS: 18.4121
2020/03/08 15:44:30 721785	INFO [input.cpp->run:173]	
frame_id 113
2020/03/08 15:44:30 749357	WARNING [visualOdometry.cpp->trackingFrame2Frame:179]	The Estimated Rotation and translation matrices(using getTransformation function) are : 
    0.998456  -0.00523926   -0.0552983   -0.0481825
  0.00524099     0.999986 -0.000111975    0.0235474
    0.055298 -0.000177994      0.99847    -0.371342
           0            0            0            1
2020/03/08 15:44:30 751432	INFO [input.cpp->run:235]	rotation: 
[0.9984560608863831, -0.005239259451627731, -0.05529826879501343;
 0.005240991711616516, 0.9999862313270569, -0.0001119747757911682;
 0.05529803037643433, -0.0001779943704605103, 0.9984698295593262]
2020/03/08 15:44:30 751467	INFO [input.cpp->run:256]	frame times (ms): 59.338
2020/03/08 15:44:30 751471	INFO [input.cpp->run:257]	FPS: 16.8526
2020/03/08 15:44:30 860878	INFO [input.cpp->run:173]	
frame_id 114
2020/03/08 15:44:30 883688	WARNING [visualOdometry.cpp->trackingFrame2Frame:179]	The Estimated Rotation and translation matrices(using getTransformation function) are : 
      0.9987   0.00105396   -0.0509603   -0.0639105
-0.000886153     0.999994   0.00331466    -0.014557
   0.0509636  -0.00326522     0.998695    -0.394672
           0            0            0            1
2020/03/08 15:44:30 884553	INFO [input.cpp->run:235]	rotation: 
[0.9987000823020935, 0.001053962856531143, -0.05096033215522766;
 -0.0008861534297466278, 0.999994158744812, 0.003314658999443054;
 0.05096361041069031, -0.003265216946601868, 0.9986952543258667]
2020/03/08 15:44:30 884581	INFO [input.cpp->run:256]	frame times (ms): 45.725
2020/03/08 15:44:30 884583	INFO [input.cpp->run:257]	FPS: 21.8699
2020/03/08 15:44:30 997246	INFO [input.cpp->run:173]	
frame_id 115
2020/03/08 15:44:31 019196	WARNING [visualOdometry.cpp->trackingFrame2Frame:179]	The Estimated Rotation and translation matrices(using getTransformation function) are : 
    0.998882   0.00698683   -0.0467525   -0.0400631
 -0.00695831     0.999976  0.000775173  -0.00250113
   0.0467565 -0.000448935     0.998906    -0.354807
           0            0            0            1
2020/03/08 15:44:31 020059	INFO [input.cpp->run:235]	rotation: 
[0.9988821744918823, 0.006986826658248901, -0.0467524528503418;
 -0.006958305835723877, 0.9999756217002869, 0.0007751733064651489;
 0.04675647616386414, -0.0004489347338676453, 0.9989062547683716]
2020/03/08 15:44:31 020085	INFO [input.cpp->run:256]	frame times (ms): 43.992
2020/03/08 15:44:31 020087	INFO [input.cpp->run:257]	FPS: 22.7314
g3log g3FileSink shutdown at: 15:44:33 072956
