		g3log created log at: Sun Mar 08 15:45:02 2020
		LOG format: [YYYY/MM/DD hh:mm:ss uuu* LEVEL FILE->FUNCTION:LINE] message		(uuu*: microseconds fractions of the seconds value)

2020/03/08 15:45:02 681222	INFO [g3logger.h->logBanner:29]	Starting log.
2020/03/08 15:45:02 685339	DEBUG [main.cpp->main:49]	Filepath: /home/mitchell/KITTI/data_odometry_gray/dataset/sequences/00/
2020/03/08 15:45:02 685343	DEBUG [main.cpp->main:53]	Calibration Filepath: /home/mitchell/visual_odom_ws/src/visual_odom/calibration/old/zed.yaml
2020/03/08 15:45:02 698442	INFO [main.cpp->main:67]	P_left: 
[718.85602, 0, 607.19281, 0;
 0, 718.85602, 185.2157, 0;
 0, 0, 1, 0]
2020/03/08 15:45:02 698454	INFO [main.cpp->main:68]	P_right: 
[718.85602, 0, 607.19281, -386.14481;
 0, 718.85602, 185.2157, 0;
 0, 0, 1, 0]
2020/03/08 15:45:02 769058	INFO [input.cpp->Input:22]	frame_pose [1, 0, 0, 0;
 0, 1, 0, 0;
 0, 0, 1, 0;
 0, 0, 0, 1]
2020/03/08 15:45:09 619641	INFO [input.cpp->run:173]	
frame_id 1
2020/03/08 15:45:09 678962	INFO [input.cpp->run:196]	Not enough points
2020/03/08 15:45:09 680381	INFO [input.cpp->run:173]	
frame_id 2
2020/03/08 15:45:09 703621	INFO [input.cpp->run:196]	Not enough points
2020/03/08 15:45:09 741837	INFO [input.cpp->run:173]	
frame_id 3
2020/03/08 15:45:09 764655	INFO [input.cpp->run:196]	Not enough points
2020/03/08 15:45:09 811633	INFO [input.cpp->run:173]	
frame_id 4
2020/03/08 15:45:09 845213	INFO [input.cpp->run:196]	Not enough points
2020/03/08 15:45:09 875395	INFO [input.cpp->run:173]	
frame_id 5
2020/03/08 15:45:09 902101	INFO [input.cpp->run:196]	Not enough points
2020/03/08 15:45:09 942099	INFO [input.cpp->run:173]	
frame_id 6
2020/03/08 15:45:09 968635	INFO [input.cpp->run:196]	Not enough points
2020/03/08 15:45:10 008787	INFO [input.cpp->run:173]	
frame_id 7
2020/03/08 15:45:10 038271	INFO [input.cpp->run:196]	Not enough points
2020/03/08 15:45:10 076068	INFO [input.cpp->run:173]	
frame_id 8
2020/03/08 15:45:10 114253	INFO [input.cpp->run:196]	Not enough points
2020/03/08 15:45:10 142727	INFO [input.cpp->run:173]	
frame_id 9
2020/03/08 15:45:10 166736	INFO [input.cpp->run:196]	Not enough points
2020/03/08 15:45:10 209121	INFO [input.cpp->run:173]	
frame_id 10
2020/03/08 15:45:10 242647	INFO [input.cpp->run:196]	Not enough points
2020/03/08 15:45:10 275374	INFO [input.cpp->run:173]	
frame_id 11
2020/03/08 15:45:10 299061	INFO [input.cpp->run:196]	Not enough points
2020/03/08 15:45:10 342663	INFO [input.cpp->run:173]	
frame_id 12
2020/03/08 15:45:10 373811	INFO [input.cpp->run:196]	Not enough points
2020/03/08 15:45:10 408877	INFO [input.cpp->run:173]	
frame_id 13
2020/03/08 15:45:10 440870	INFO [input.cpp->run:196]	Not enough points
2020/03/08 15:45:10 476231	INFO [input.cpp->run:173]	
frame_id 14
2020/03/08 15:45:10 507045	INFO [input.cpp->run:196]	Not enough points
2020/03/08 15:45:10 542094	INFO [input.cpp->run:173]	
frame_id 15
2020/03/08 15:45:10 568836	INFO [input.cpp->run:196]	Not enough points
2020/03/08 15:45:10 608729	INFO [input.cpp->run:173]	
frame_id 16
2020/03/08 15:45:10 635373	INFO [input.cpp->run:196]	Not enough points
2020/03/08 15:45:10 676375	INFO [input.cpp->run:173]	
frame_id 17
2020/03/08 15:45:10 711757	INFO [input.cpp->run:196]	Not enough points
2020/03/08 15:45:10 741929	INFO [input.cpp->run:173]	
frame_id 18
2020/03/08 15:45:10 765690	INFO [input.cpp->run:196]	Not enough points
2020/03/08 15:45:10 808974	INFO [input.cpp->run:173]	
frame_id 19
2020/03/08 15:45:10 842517	INFO [input.cpp->run:196]	Not enough points
2020/03/08 15:45:10 875602	INFO [input.cpp->run:173]	
frame_id 20
2020/03/08 15:45:10 907930	INFO [input.cpp->run:196]	Not enough points
2020/03/08 15:45:10 942068	INFO [input.cpp->run:173]	
frame_id 21
2020/03/08 15:45:10 969049	INFO [input.cpp->run:196]	Not enough points
2020/03/08 15:45:11 008746	INFO [input.cpp->run:173]	
frame_id 22
2020/03/08 15:45:11 038017	INFO [input.cpp->run:196]	Not enough points
2020/03/08 15:45:11 075975	INFO [input.cpp->run:173]	
frame_id 23
2020/03/08 15:45:11 105386	INFO [input.cpp->run:196]	Not enough points
2020/03/08 15:45:11 142699	INFO [input.cpp->run:173]	
frame_id 24
2020/03/08 15:45:11 169450	INFO [input.cpp->run:196]	Not enough points
2020/03/08 15:45:11 208965	INFO [input.cpp->run:173]	
frame_id 25
2020/03/08 15:45:11 236146	INFO [input.cpp->run:196]	Not enough points
2020/03/08 15:45:11 276138	INFO [input.cpp->run:173]	
frame_id 26
2020/03/08 15:45:11 301353	INFO [input.cpp->run:196]	Not enough points
2020/03/08 15:45:11 342540	INFO [input.cpp->run:173]	
frame_id 27
2020/03/08 15:45:11 375149	INFO [input.cpp->run:196]	Not enough points
2020/03/08 15:45:11 408922	INFO [input.cpp->run:173]	
frame_id 28
2020/03/08 15:45:11 432582	INFO [input.cpp->run:196]	Not enough points
2020/03/08 15:45:11 475744	INFO [input.cpp->run:173]	
frame_id 29
2020/03/08 15:45:11 507749	INFO [input.cpp->run:196]	Not enough points
2020/03/08 15:45:11 542097	INFO [input.cpp->run:173]	
frame_id 30
2020/03/08 15:45:11 568577	INFO [input.cpp->run:196]	Not enough points
2020/03/08 15:45:11 608976	INFO [input.cpp->run:173]	
frame_id 31
2020/03/08 15:45:11 637255	INFO [input.cpp->run:196]	Not enough points
2020/03/08 15:45:11 675432	INFO [input.cpp->run:173]	
frame_id 32
2020/03/08 15:45:11 703257	INFO [input.cpp->run:196]	Not enough points
2020/03/08 15:45:11 742025	INFO [input.cpp->run:173]	
frame_id 33
2020/03/08 15:45:11 765125	INFO [input.cpp->run:196]	Not enough points
2020/03/08 15:45:11 808872	INFO [input.cpp->run:173]	
frame_id 34
2020/03/08 15:45:11 833091	INFO [input.cpp->run:196]	Not enough points
2020/03/08 15:45:11 876211	INFO [input.cpp->run:173]	
frame_id 35
2020/03/08 15:45:11 903946	INFO [input.cpp->run:196]	Not enough points
2020/03/08 15:45:11 942320	INFO [input.cpp->run:173]	
frame_id 36
2020/03/08 15:45:11 968536	INFO [input.cpp->run:196]	Not enough points
2020/03/08 15:45:12 008904	INFO [input.cpp->run:173]	
frame_id 37
2020/03/08 15:45:12 037025	INFO [input.cpp->run:196]	Not enough points
2020/03/08 15:45:12 075710	INFO [input.cpp->run:173]	
frame_id 38
2020/03/08 15:45:12 107465	INFO [input.cpp->run:196]	Not enough points
2020/03/08 15:45:12 142470	INFO [input.cpp->run:173]	
frame_id 39
2020/03/08 15:45:12 179399	INFO [input.cpp->run:196]	Not enough points
2020/03/08 15:45:12 208994	INFO [input.cpp->run:173]	
frame_id 40
2020/03/08 15:45:12 234657	INFO [input.cpp->run:196]	Not enough points
2020/03/08 15:45:12 275602	INFO [input.cpp->run:173]	
frame_id 41
2020/03/08 15:45:12 304013	INFO [input.cpp->run:196]	Not enough points
2020/03/08 15:45:12 342377	INFO [input.cpp->run:173]	
frame_id 42
2020/03/08 15:45:12 372080	INFO [input.cpp->run:196]	Not enough points
2020/03/08 15:45:12 409062	INFO [input.cpp->run:173]	
frame_id 43
2020/03/08 15:45:12 439737	INFO [input.cpp->run:196]	Not enough points
2020/03/08 15:45:12 475393	INFO [input.cpp->run:173]	
frame_id 44
2020/03/08 15:45:12 499186	INFO [input.cpp->run:196]	Not enough points
2020/03/08 15:45:12 542331	INFO [input.cpp->run:173]	
frame_id 45
2020/03/08 15:45:12 576821	INFO [input.cpp->run:196]	Not enough points
2020/03/08 15:45:12 608983	INFO [input.cpp->run:173]	
frame_id 46
2020/03/08 15:45:12 638211	INFO [input.cpp->run:196]	Not enough points
2020/03/08 15:45:12 675676	INFO [input.cpp->run:173]	
frame_id 47
2020/03/08 15:45:12 702855	INFO [input.cpp->run:196]	Not enough points
2020/03/08 15:45:12 742406	INFO [input.cpp->run:173]	
frame_id 48
2020/03/08 15:45:12 770857	INFO [input.cpp->run:196]	Not enough points
2020/03/08 15:45:12 809229	INFO [input.cpp->run:173]	
frame_id 49
2020/03/08 15:45:12 842087	INFO [input.cpp->run:196]	Not enough points
2020/03/08 15:45:12 875558	INFO [input.cpp->run:173]	
frame_id 50
2020/03/08 15:45:12 901067	INFO [input.cpp->run:196]	Not enough points
2020/03/08 15:45:12 942460	INFO [input.cpp->run:173]	
frame_id 51
2020/03/08 15:45:12 973584	INFO [input.cpp->run:196]	Not enough points
2020/03/08 15:45:13 008872	INFO [input.cpp->run:173]	
frame_id 52
2020/03/08 15:45:13 038546	INFO [input.cpp->run:196]	Not enough points
2020/03/08 15:45:13 075581	INFO [input.cpp->run:173]	
frame_id 53
2020/03/08 15:45:13 103552	INFO [input.cpp->run:196]	Not enough points
2020/03/08 15:45:13 142233	INFO [input.cpp->run:173]	
frame_id 54
2020/03/08 15:45:13 171002	INFO [input.cpp->run:196]	Not enough points
2020/03/08 15:45:13 209132	INFO [input.cpp->run:173]	
frame_id 55
2020/03/08 15:45:13 240891	INFO [input.cpp->run:196]	Not enough points
2020/03/08 15:45:13 275890	INFO [input.cpp->run:173]	
frame_id 56
2020/03/08 15:45:13 309025	INFO [input.cpp->run:196]	Not enough points
2020/03/08 15:45:13 342352	INFO [input.cpp->run:173]	
frame_id 57
2020/03/08 15:45:13 373592	INFO [input.cpp->run:196]	Not enough points
2020/03/08 15:45:13 408914	INFO [input.cpp->run:173]	
frame_id 58
2020/03/08 15:45:13 435428	INFO [input.cpp->run:196]	Not enough points
2020/03/08 15:45:13 476372	INFO [input.cpp->run:173]	
frame_id 59
2020/03/08 15:45:13 504500	INFO [input.cpp->run:196]	Not enough points
2020/03/08 15:45:13 542790	INFO [input.cpp->run:173]	
frame_id 60
2020/03/08 15:45:13 574170	INFO [input.cpp->run:196]	Not enough points
2020/03/08 15:45:13 609237	INFO [input.cpp->run:173]	
frame_id 61
2020/03/08 15:45:13 639081	INFO [input.cpp->run:196]	Not enough points
2020/03/08 15:45:13 675719	INFO [input.cpp->run:173]	
frame_id 62
2020/03/08 15:45:13 702303	INFO [input.cpp->run:196]	Not enough points
2020/03/08 15:45:13 742604	INFO [input.cpp->run:173]	
frame_id 63
2020/03/08 15:45:13 773864	INFO [input.cpp->run:196]	Not enough points
2020/03/08 15:45:13 809158	INFO [input.cpp->run:173]	
frame_id 64
2020/03/08 15:45:13 835600	INFO [input.cpp->run:196]	Not enough points
2020/03/08 15:45:13 875772	INFO [input.cpp->run:173]	
frame_id 65
2020/03/08 15:45:13 907164	INFO [input.cpp->run:196]	Not enough points
2020/03/08 15:45:13 942729	INFO [input.cpp->run:173]	
frame_id 66
2020/03/08 15:45:13 972217	INFO [input.cpp->run:196]	Not enough points
2020/03/08 15:45:14 009129	INFO [input.cpp->run:173]	
frame_id 67
2020/03/08 15:45:14 042766	INFO [input.cpp->run:196]	Not enough points
2020/03/08 15:45:14 075766	INFO [input.cpp->run:173]	
frame_id 68
2020/03/08 15:45:14 102377	INFO [input.cpp->run:196]	Not enough points
2020/03/08 15:45:14 142054	INFO [input.cpp->run:173]	
frame_id 69
2020/03/08 15:45:14 170459	INFO [input.cpp->run:196]	Not enough points
2020/03/08 15:45:14 209036	INFO [input.cpp->run:173]	
frame_id 70
2020/03/08 15:45:14 245279	INFO [input.cpp->run:196]	Not enough points
2020/03/08 15:45:14 276027	INFO [input.cpp->run:173]	
frame_id 71
2020/03/08 15:45:14 301954	INFO [input.cpp->run:196]	Not enough points
2020/03/08 15:45:14 343127	INFO [input.cpp->run:173]	
frame_id 72
2020/03/08 15:45:14 384344	INFO [input.cpp->run:196]	Not enough points
2020/03/08 15:45:14 409155	INFO [input.cpp->run:173]	
frame_id 73
2020/03/08 15:45:14 433947	INFO [input.cpp->run:196]	Not enough points
2020/03/08 15:45:14 475829	INFO [input.cpp->run:173]	
frame_id 74
2020/03/08 15:45:14 504383	INFO [input.cpp->run:196]	Not enough points
2020/03/08 15:45:14 542452	INFO [input.cpp->run:173]	
frame_id 75
2020/03/08 15:45:14 568959	INFO [input.cpp->run:196]	Not enough points
2020/03/08 15:45:14 609131	INFO [input.cpp->run:173]	
frame_id 76
2020/03/08 15:45:14 637478	INFO [input.cpp->run:196]	Not enough points
2020/03/08 15:45:14 675619	INFO [input.cpp->run:173]	
frame_id 77
2020/03/08 15:45:14 701406	INFO [input.cpp->run:196]	Not enough points
2020/03/08 15:45:14 742345	INFO [input.cpp->run:173]	
frame_id 78
2020/03/08 15:45:14 771531	INFO [input.cpp->run:196]	Not enough points
2020/03/08 15:45:14 808978	INFO [input.cpp->run:173]	
frame_id 79
2020/03/08 15:45:14 838062	INFO [input.cpp->run:196]	Not enough points
2020/03/08 15:45:14 875857	INFO [input.cpp->run:173]	
frame_id 80
2020/03/08 15:45:14 902985	INFO [input.cpp->run:196]	Not enough points
2020/03/08 15:45:14 942209	INFO [input.cpp->run:173]	
frame_id 81
2020/03/08 15:45:14 969710	INFO [input.cpp->run:196]	Not enough points
2020/03/08 15:45:15 008989	INFO [input.cpp->run:173]	
frame_id 82
2020/03/08 15:45:15 042007	INFO [input.cpp->run:196]	Not enough points
2020/03/08 15:45:15 075706	INFO [input.cpp->run:173]	
frame_id 83
2020/03/08 15:45:15 101534	INFO [input.cpp->run:196]	Not enough points
2020/03/08 15:45:15 142896	INFO [input.cpp->run:173]	
frame_id 84
2020/03/08 15:45:15 176136	INFO [input.cpp->run:196]	Not enough points
2020/03/08 15:45:15 209210	INFO [input.cpp->run:173]	
frame_id 85
2020/03/08 15:45:15 234063	INFO [input.cpp->run:196]	Not enough points
2020/03/08 15:45:15 275836	INFO [input.cpp->run:173]	
frame_id 86
2020/03/08 15:45:15 302117	INFO [input.cpp->run:196]	Not enough points
2020/03/08 15:45:15 343330	INFO [input.cpp->run:173]	
frame_id 87
2020/03/08 15:45:15 382108	INFO [input.cpp->run:196]	Not enough points
2020/03/08 15:45:15 409166	INFO [input.cpp->run:173]	
frame_id 88
2020/03/08 15:45:15 432351	INFO [input.cpp->run:196]	Not enough points
2020/03/08 15:45:15 475841	INFO [input.cpp->run:173]	
frame_id 89
2020/03/08 15:45:15 505273	INFO [input.cpp->run:196]	Not enough points
2020/03/08 15:45:15 542527	INFO [input.cpp->run:173]	
frame_id 90
2020/03/08 15:45:15 568749	INFO [input.cpp->run:196]	Not enough points
2020/03/08 15:45:15 609483	INFO [input.cpp->run:173]	
frame_id 91
2020/03/08 15:45:15 643283	INFO [input.cpp->run:196]	Not enough points
2020/03/08 15:45:15 675418	INFO [input.cpp->run:173]	
frame_id 92
2020/03/08 15:45:15 697253	INFO [input.cpp->run:196]	Not enough points
2020/03/08 15:45:15 742390	INFO [input.cpp->run:173]	
frame_id 93
2020/03/08 15:45:15 774109	INFO [input.cpp->run:196]	Not enough points
2020/03/08 15:45:15 808950	INFO [input.cpp->run:173]	
frame_id 94
2020/03/08 15:45:15 835353	INFO [input.cpp->run:196]	Not enough points
2020/03/08 15:45:15 876865	INFO [input.cpp->run:173]	
frame_id 95
2020/03/08 15:45:15 915374	INFO [input.cpp->run:196]	Not enough points
2020/03/08 15:45:15 942388	INFO [input.cpp->run:173]	
frame_id 96
2020/03/08 15:45:15 966313	INFO [input.cpp->run:196]	Not enough points
2020/03/08 15:45:16 009615	INFO [input.cpp->run:173]	
frame_id 97
2020/03/08 15:45:16 048567	INFO [input.cpp->run:196]	Not enough points
2020/03/08 15:45:16 075463	INFO [input.cpp->run:173]	
frame_id 98
2020/03/08 15:45:16 098915	INFO [input.cpp->run:196]	Not enough points
2020/03/08 15:45:16 142522	INFO [input.cpp->run:173]	
frame_id 99
2020/03/08 15:45:16 174399	INFO [input.cpp->run:196]	Not enough points
2020/03/08 15:45:16 209576	INFO [input.cpp->run:173]	
frame_id 100
2020/03/08 15:45:16 242569	INFO [input.cpp->run:196]	Not enough points
2020/03/08 15:45:16 275181	INFO [input.cpp->run:173]	
frame_id 101
2020/03/08 15:45:16 296046	INFO [input.cpp->run:196]	Not enough points
2020/03/08 15:45:16 342757	INFO [input.cpp->run:173]	
frame_id 102
2020/03/08 15:45:16 377434	INFO [input.cpp->run:196]	Not enough points
2020/03/08 15:45:16 408930	INFO [input.cpp->run:173]	
frame_id 103
2020/03/08 15:45:16 432897	INFO [input.cpp->run:196]	Not enough points
2020/03/08 15:45:16 476631	INFO [input.cpp->run:173]	
frame_id 104
2020/03/08 15:45:16 515329	INFO [input.cpp->run:196]	Not enough points
2020/03/08 15:45:16 542328	INFO [input.cpp->run:173]	
frame_id 105
2020/03/08 15:45:16 566071	INFO [input.cpp->run:196]	Not enough points
2020/03/08 15:45:16 608858	INFO [input.cpp->run:173]	
frame_id 106
2020/03/08 15:45:16 638533	INFO [input.cpp->run:196]	Not enough points
2020/03/08 15:45:16 676628	INFO [input.cpp->run:173]	
frame_id 107
2020/03/08 15:45:16 705914	INFO [input.cpp->run:196]	Not enough points
2020/03/08 15:45:16 742562	INFO [input.cpp->run:173]	
frame_id 108
2020/03/08 15:45:16 770117	INFO [input.cpp->run:196]	Not enough points
2020/03/08 15:45:16 809689	INFO [input.cpp->run:173]	
frame_id 109
2020/03/08 15:45:16 841318	INFO [input.cpp->run:196]	Not enough points
2020/03/08 15:45:16 875667	INFO [input.cpp->run:173]	
frame_id 110
2020/03/08 15:45:16 897419	INFO [input.cpp->run:196]	Not enough points
2020/03/08 15:45:16 942879	INFO [input.cpp->run:173]	
frame_id 111
2020/03/08 15:45:16 976898	INFO [input.cpp->run:196]	Not enough points
2020/03/08 15:45:17 008884	INFO [input.cpp->run:173]	
frame_id 112
2020/03/08 15:45:17 032625	INFO [input.cpp->run:196]	Not enough points
2020/03/08 15:45:17 075529	INFO [input.cpp->run:173]	
frame_id 113
2020/03/08 15:45:17 100695	INFO [input.cpp->run:196]	Not enough points
2020/03/08 15:45:17 143162	INFO [input.cpp->run:173]	
frame_id 114
2020/03/08 15:45:17 185760	INFO [input.cpp->run:196]	Not enough points
2020/03/08 15:45:17 209444	INFO [input.cpp->run:173]	
frame_id 115
2020/03/08 15:45:17 234234	INFO [input.cpp->run:196]	Not enough points
2020/03/08 15:45:17 276202	INFO [input.cpp->run:173]	
frame_id 116
2020/03/08 15:45:17 310589	INFO [input.cpp->run:196]	Not enough points
2020/03/08 15:45:17 342410	INFO [input.cpp->run:173]	
frame_id 117
2020/03/08 15:45:17 365476	INFO [input.cpp->run:196]	Not enough points
2020/03/08 15:45:17 409287	INFO [input.cpp->run:173]	
frame_id 118
2020/03/08 15:45:17 438251	INFO [input.cpp->run:196]	Not enough points
2020/03/08 15:45:17 476599	INFO [input.cpp->run:173]	
frame_id 119
2020/03/08 15:45:17 506922	INFO [input.cpp->run:196]	Not enough points
2020/03/08 15:45:17 542563	INFO [input.cpp->run:173]	
frame_id 120
2020/03/08 15:45:17 566266	INFO [input.cpp->run:196]	Not enough points
2020/03/08 15:45:17 610655	INFO [input.cpp->run:173]	
frame_id 121
2020/03/08 15:45:17 653979	WARNING [visualOdometry.cpp->trackingFrame2Frame:179]	The Estimated Rotation and translation matrices(using getTransformation function) are : 
   0.998785 -0.00362977   0.0491383    -1.33656
 0.00218895    0.999567   0.0293448   -0.319634
 -0.0492235  -0.0292017    0.998361   0.0122542
          0           0           0           1
2020/03/08 15:45:17 682825	INFO [input.cpp->run:235]	rotation: 
[0.9987854957580566, -0.003629773855209351, 0.04913832247257233;
 0.002188950777053833, 0.9995670318603516, 0.0293448194861412;
 -0.04922348260879517, -0.02920173481106758, 0.9983607530593872]
2020/03/08 15:45:17 682873	INFO [input.cpp->run:256]	frame times (ms): 97.045
2020/03/08 15:45:17 682877	INFO [input.cpp->run:257]	FPS: 10.3045
2020/03/08 15:45:17 693997	INFO [input.cpp->run:173]	
frame_id 122
2020/03/08 15:45:17 716535	WARNING [visualOdometry.cpp->trackingFrame2Frame:179]	The Estimated Rotation and translation matrices(using getTransformation function) are : 
  0.995779  0.0224547  0.0889967   -1.23958
-0.0241905   0.999537  0.0184737  -0.146114
-0.0885407 -0.0205486   0.995861    0.11746
         0          0          0          1
2020/03/08 15:45:17 717850	INFO [input.cpp->run:235]	rotation: 
[0.9957786798477173, 0.02245467901229858, 0.08899673819541931;
 -0.0241905152797699, 0.9995367527008057, 0.01847367361187935;
 -0.08854068070650101, -0.02054856531322002, 0.9958605766296387]
2020/03/08 15:45:17 717875	INFO [input.cpp->run:256]	frame times (ms): 38.838
2020/03/08 15:45:17 717878	INFO [input.cpp->run:257]	FPS: 25.748
2020/03/08 15:45:17 742833	INFO [input.cpp->run:173]	
frame_id 123
2020/03/08 15:45:17 767363	WARNING [visualOdometry.cpp->trackingFrame2Frame:179]	The Estimated Rotation and translation matrices(using getTransformation function) are : 
  0.997751  0.0413105  0.0527972  -0.570307
-0.0399455   0.998846 -0.0266529   0.189489
-0.0538373   0.024484    0.99825 0.00665617
         0          0          0          1
2020/03/08 15:45:17 768603	INFO [input.cpp->run:235]	rotation: 
[0.9977508187294006, 0.04131053388118744, 0.05279717594385147;
 -0.03994546830654144, 0.9988464117050171, -0.0266528557986021;
 -0.05383732914924622, 0.02448400110006332, 0.9982498288154602]
2020/03/08 15:45:17 768628	INFO [input.cpp->run:256]	frame times (ms): 58.203
2020/03/08 15:45:17 768631	INFO [input.cpp->run:257]	FPS: 17.1812
2020/03/08 15:45:17 808688	INFO [input.cpp->run:173]	
frame_id 124
2020/03/08 15:45:17 829827	WARNING [visualOdometry.cpp->trackingFrame2Frame:179]	The Estimated Rotation and translation matrices(using getTransformation function) are : 
   0.999885   0.0139937   0.0059377    -0.25655
 -0.0138937    0.999766  -0.0165622  -0.0233636
-0.00616795   0.0164777    0.999845  -0.0904698
          0           0           0           1
2020/03/08 15:45:17 832021	INFO [input.cpp->run:235]	rotation: 
[0.9998848438262939, 0.01399371773004532, 0.005937695503234863;
 -0.01389367878437042, 0.99976646900177, -0.01656215079128742;
 -0.006167948246002197, 0.01647772639989853, 0.9998453855514526]
2020/03/08 15:45:17 832050	INFO [input.cpp->run:256]	frame times (ms): 38.725
2020/03/08 15:45:17 832052	INFO [input.cpp->run:257]	FPS: 25.8231
2020/03/08 15:45:17 875373	INFO [input.cpp->run:173]	
frame_id 125
2020/03/08 15:45:17 895423	WARNING [visualOdometry.cpp->trackingFrame2Frame:179]	The Estimated Rotation and translation matrices(using getTransformation function) are : 
   0.999976  0.00658569 -0.00232755  -0.0639229
-0.00659978     0.99996 -0.00606322  -0.0596995
 0.00228748  0.00607841    0.999979  -0.0521984
          0           0           0           1
2020/03/08 15:45:17 896680	INFO [input.cpp->run:235]	rotation: 
[0.9999757409095764, 0.006585687398910522, -0.00232754647731781;
 -0.006599783897399902, 0.9999601244926453, -0.006063215434551239;
 0.002287477254867554, 0.006078410893678665, 0.9999791383743286]
2020/03/08 15:45:17 896705	INFO [input.cpp->run:256]	frame times (ms): 38.42
2020/03/08 15:45:17 896708	INFO [input.cpp->run:257]	FPS: 26.0281
2020/03/08 15:45:17 941925	INFO [input.cpp->run:173]	
frame_id 126
2020/03/08 15:45:17 961920	WARNING [visualOdometry.cpp->trackingFrame2Frame:179]	The Estimated Rotation and translation matrices(using getTransformation function) are : 
   0.999855   0.0170131 -0.00105035  -0.0129688
 -0.0170207    0.999826 -0.00765331 -0.00473332
0.000920177  0.00767014     0.99997  -0.0247102
          0           0           0           1
2020/03/08 15:45:17 963196	INFO [input.cpp->run:235]	rotation: 
[0.9998551607131958, 0.01701312698423862, -0.001050353050231934;
 -0.01702069491147995, 0.9998260140419006, -0.007653307169675827;
 0.0009201765060424805, 0.007670139893889427, 0.9999701976776123]
2020/03/08 15:45:17 963219	INFO [input.cpp->run:256]	frame times (ms): 37.237
2020/03/08 15:45:17 963221	INFO [input.cpp->run:257]	FPS: 26.855
2020/03/08 15:45:18 008893	INFO [input.cpp->run:173]	
frame_id 127
2020/03/08 15:45:18 033931	WARNING [visualOdometry.cpp->trackingFrame2Frame:179]	The Estimated Rotation and translation matrices(using getTransformation function) are : 
    0.999891    0.0143554  -0.00343978    0.0216191
  -0.0143576     0.999897 -0.000596436   -0.0400167
  0.00343089  0.000645811     0.999994   -0.0186534
           0            0            0            1
2020/03/08 15:45:18 036182	INFO [input.cpp->run:235]	rotation: 
[0.9998911023139954, 0.01435544341802597, -0.003439784049987793;
 -0.01435759104788303, 0.9998968243598938, -0.0005964355077594519;
 0.003430888056755066, 0.0006458106799982488, 0.9999939203262329]
2020/03/08 15:45:18 036209	INFO [input.cpp->run:256]	frame times (ms): 47.006
2020/03/08 15:45:18 036211	INFO [input.cpp->run:257]	FPS: 21.2739
2020/03/08 15:45:18 075439	INFO [input.cpp->run:173]	
frame_id 128
2020/03/08 15:45:18 098892	WARNING [visualOdometry.cpp->trackingFrame2Frame:179]	The Estimated Rotation and translation matrices(using getTransformation function) are : 
    0.999993   0.00380874  0.000176758   -0.0208027
 -0.00380815     0.999987  -0.00325288   -0.0262511
-0.000189155   0.00325217     0.999995  -0.00808907
           0            0            0            1
2020/03/08 15:45:18 100129	INFO [input.cpp->run:235]	rotation: 
[0.9999926090240479, 0.003808744251728058, 0.0001767575740814209;
 -0.003808148205280304, 0.9999874830245972, -0.003252876922488213;
 -0.0001891553401947021, 0.003252167254686356, 0.9999948143959045]
2020/03/08 15:45:18 100152	INFO [input.cpp->run:256]	frame times (ms): 44.623
2020/03/08 15:45:18 100154	INFO [input.cpp->run:257]	FPS: 22.41
2020/03/08 15:45:18 142001	INFO [input.cpp->run:173]	
frame_id 129
2020/03/08 15:45:18 165320	WARNING [visualOdometry.cpp->trackingFrame2Frame:179]	The Estimated Rotation and translation matrices(using getTransformation function) are : 
   0.999981  0.00564689 -0.00257534   0.0132673
-0.00565397     0.99998 -0.00275534  0.00620508
 0.00255975  0.00276982    0.999993  -0.0145712
          0           0           0           1
2020/03/08 15:45:18 166593	INFO [input.cpp->run:235]	rotation: 
[0.9999808073043823, 0.005646888166666031, -0.002575337886810303;
 -0.005653973668813705, 0.9999803900718689, -0.002755342051386833;
 0.002559751272201538, 0.002769822254776955, 0.9999929666519165]
2020/03/08 15:45:18 166616	INFO [input.cpp->run:256]	frame times (ms): 43.378
2020/03/08 15:45:18 166618	INFO [input.cpp->run:257]	FPS: 23.0532
2020/03/08 15:45:18 208828	INFO [input.cpp->run:173]	
frame_id 130
2020/03/08 15:45:18 233900	WARNING [visualOdometry.cpp->trackingFrame2Frame:179]	The Estimated Rotation and translation matrices(using getTransformation function) are : 
   0.999995 -0.00219484  -0.0023351   0.0387273
 0.00218024    0.999978 -0.00627184   0.0299258
 0.00234857  0.00626667    0.999978   -0.019969
          0           0           0           1
2020/03/08 15:45:18 235329	INFO [input.cpp->run:235]	rotation: 
[0.9999951124191284, -0.002194844186306, -0.002335101366043091;
 0.002180241048336029, 0.9999781847000122, -0.006271839141845703;
 0.002348572015762329, 0.006266668438911438, 0.9999778866767883]
2020/03/08 15:45:18 235354	INFO [input.cpp->run:256]	frame times (ms): 47.218
2020/03/08 15:45:18 235357	INFO [input.cpp->run:257]	FPS: 21.1784
2020/03/08 15:45:18 275458	INFO [input.cpp->run:173]	
frame_id 131
2020/03/08 15:45:18 299607	WARNING [visualOdometry.cpp->trackingFrame2Frame:179]	The Estimated Rotation and translation matrices(using getTransformation function) are : 
   0.999996  0.00235477 -0.00107639   0.0127136
-0.00235657    0.999996 -0.00160867   0.0256035
 0.00107262  0.00161122    0.999998 -0.00712204
          0           0           0           1
2020/03/08 15:45:18 301979	INFO [input.cpp->run:235]	rotation: 
[0.9999964237213135, 0.00235477089881897, -0.001076385378837585;
 -0.002356573939323425, 0.9999958276748657, -0.001608671620488167;
 0.001072615385055542, 0.001611221581697464, 0.9999980330467224]
2020/03/08 15:45:18 302003	INFO [input.cpp->run:256]	frame times (ms): 46.087
2020/03/08 15:45:18 302005	INFO [input.cpp->run:257]	FPS: 21.6981
2020/03/08 15:45:18 342753	INFO [input.cpp->run:173]	
frame_id 132
2020/03/08 15:45:18 367754	WARNING [visualOdometry.cpp->trackingFrame2Frame:179]	The Estimated Rotation and translation matrices(using getTransformation function) are : 
           1 -0.000217654 -0.000875354    0.0335498
 0.000213183     0.999987  -0.00501147    0.0411561
 0.000876248   0.00501122     0.999987  -0.00760317
           0            0            0            1
2020/03/08 15:45:18 369116	INFO [input.cpp->run:235]	rotation: 
[0.9999996423721313, -0.0002176538109779358, -0.0008753538131713867;
 0.0002131834626197815, 0.9999873638153076, -0.005011472851037979;
 0.0008762478828430176, 0.005011223256587982, 0.9999872446060181]
2020/03/08 15:45:18 369140	INFO [input.cpp->run:256]	frame times (ms): 46.205
2020/03/08 15:45:18 369143	INFO [input.cpp->run:257]	FPS: 21.6427
2020/03/08 15:45:18 409306	INFO [input.cpp->run:173]	
frame_id 133
2020/03/08 15:45:18 434654	WARNING [visualOdometry.cpp->trackingFrame2Frame:179]	The Estimated Rotation and translation matrices(using getTransformation function) are : 
    0.999999  9.73493e-05   0.00139844   0.00268626
-0.000106066     0.999981    0.0062207   -0.0221627
 -0.00139776  -0.00622077     0.999979    0.0186305
           0            0            0            1
2020/03/08 15:45:18 436867	INFO [input.cpp->run:235]	rotation: 
[0.9999989867210388, 9.734928607940674e-05, 0.001398444175720215;
 -0.0001060664653778076, 0.9999807476997375, 0.006220698356628418;
 -0.001397758722305298, -0.006220772862434387, 0.9999794960021973]
2020/03/08 15:45:18 436898	INFO [input.cpp->run:256]	frame times (ms): 47.677
2020/03/08 15:45:18 436900	INFO [input.cpp->run:257]	FPS: 20.9745
2020/03/08 15:45:18 475339	INFO [input.cpp->run:173]	
frame_id 134
2020/03/08 15:45:18 498491	WARNING [visualOdometry.cpp->trackingFrame2Frame:179]	The Estimated Rotation and translation matrices(using getTransformation function) are : 
    0.999935 -0.000346735   -0.0113718     0.513506
 0.000505567     0.999902    0.0139628     0.106494
   0.0113658   -0.0139677     0.999838     0.958279
           0            0            0            1
2020/03/08 15:45:18 499954	INFO [input.cpp->run:235]	rotation: 
[0.9999352693557739, -0.0003467351198196411, -0.01137179136276245;
 0.0005055665969848633, 0.9999021887779236, 0.01396283507347107;
 0.01136580109596252, -0.01396769285202026, 0.9998378157615662]
2020/03/08 15:45:18 499984	INFO [input.cpp->run:256]	frame times (ms): 43.501
2020/03/08 15:45:18 499989	INFO [input.cpp->run:257]	FPS: 22.988
2020/03/08 15:45:18 542114	INFO [input.cpp->run:173]	
frame_id 135
2020/03/08 15:45:18 567797	WARNING [visualOdometry.cpp->trackingFrame2Frame:179]	The Estimated Rotation and translation matrices(using getTransformation function) are : 
    0.999995  0.000372708  -0.00331536    0.0311966
-0.000364661     0.999997   0.00239807   -0.0124631
  0.00331612  -0.00239671     0.999992    0.0146127
           0            0            0            1
2020/03/08 15:45:18 569273	INFO [input.cpp->run:235]	rotation: 
[0.9999947547912598, 0.0003727078437805176, -0.003315359354019165;
 -0.0003646612167358398, 0.9999972581863403, 0.002398073673248291;
 0.003316119313240051, -0.002396706491708755, 0.9999918341636658]
2020/03/08 15:45:18 569297	INFO [input.cpp->run:256]	frame times (ms): 48.391
2020/03/08 15:45:18 569299	INFO [input.cpp->run:257]	FPS: 20.665
2020/03/08 15:45:18 608862	INFO [input.cpp->run:173]	
frame_id 136
2020/03/08 15:45:18 635164	WARNING [visualOdometry.cpp->trackingFrame2Frame:179]	The Estimated Rotation and translation matrices(using getTransformation function) are : 
   0.999994 -0.00111184 -0.00325254   0.0360949
  0.0011076    0.999998 -0.00134803 -0.00476718
 0.00325407  0.00134445    0.999994 -0.00406504
          0           0           0           1
2020/03/08 15:45:18 636593	INFO [input.cpp->run:235]	rotation: 
[0.9999943375587463, -0.001111835241317749, -0.0032525435090065;
 0.001107603311538696, 0.9999984502792358, -0.001348026096820831;
 0.00325407087802887, 0.001344453543424606, 0.9999938011169434]
2020/03/08 15:45:18 636619	INFO [input.cpp->run:256]	frame times (ms): 47.864
2020/03/08 15:45:18 636623	INFO [input.cpp->run:257]	FPS: 20.8925
2020/03/08 15:45:18 675491	INFO [input.cpp->run:173]	
frame_id 137
2020/03/08 15:45:18 699225	WARNING [visualOdometry.cpp->trackingFrame2Frame:179]	The Estimated Rotation and translation matrices(using getTransformation function) are : 
    0.999999 -4.87715e-05  -0.00121632    0.0134242
 4.44874e-05     0.999994   -0.0035568    0.0140119
  0.00121653   0.00355639     0.999993  -0.00710297
           0            0            0            1
2020/03/08 15:45:18 700528	INFO [input.cpp->run:235]	rotation: 
[0.9999991655349731, -4.877150058746338e-05, -0.001216322183609009;
 4.448741674423218e-05, 0.9999935030937195, -0.003556802868843079;
 0.001216530799865723, 0.003556394949555397, 0.999992847442627]
2020/03/08 15:45:18 700552	INFO [input.cpp->run:256]	frame times (ms): 43.332
2020/03/08 15:45:18 700555	INFO [input.cpp->run:257]	FPS: 23.0776
2020/03/08 15:45:18 742097	INFO [input.cpp->run:173]	
frame_id 138
2020/03/08 15:45:18 767150	WARNING [visualOdometry.cpp->trackingFrame2Frame:179]	The Estimated Rotation and translation matrices(using getTransformation function) are : 
    0.999994  -0.00193003   0.00279015 -0.000875235
  0.00193197     0.999998 -0.000632033    -0.013938
 -0.00278866  0.000637472     0.999996   0.00232363
           0            0            0            1
2020/03/08 15:45:18 768675	INFO [input.cpp->run:235]	rotation: 
[0.9999942183494568, -0.001930028200149536, 0.002790153026580811;
 0.001931965351104736, 0.9999980330467224, -0.0006320327520370483;
 -0.002788662910461426, 0.0006374716758728027, 0.9999960064888]
2020/03/08 15:45:18 768706	INFO [input.cpp->run:256]	frame times (ms): 47.897
2020/03/08 15:45:18 768710	INFO [input.cpp->run:257]	FPS: 20.8781
2020/03/08 15:45:18 809461	INFO [input.cpp->run:173]	
frame_id 139
2020/03/08 15:45:18 846716	WARNING [visualOdometry.cpp->trackingFrame2Frame:179]	The Estimated Rotation and translation matrices(using getTransformation function) are : 
    0.999997  -0.00258389  0.000639826    0.0134277
  0.00258522     0.999995  -0.00211826  9.46522e-05
-0.000634223   0.00211997     0.999998  -0.00500774
           0            0            0            1
2020/03/08 15:45:18 848577	INFO [input.cpp->run:235]	rotation: 
[0.9999969005584717, -0.002583891153335571, 0.0006398260593414307;
 0.002585217356681824, 0.9999947547912598, -0.002118263393640518;
 -0.0006342232227325439, 0.002119973301887512, 0.9999979734420776]
2020/03/08 15:45:18 848618	INFO [input.cpp->run:256]	frame times (ms): 67.968
2020/03/08 15:45:18 848623	INFO [input.cpp->run:257]	FPS: 14.7128
2020/03/08 15:45:18 875489	INFO [input.cpp->run:173]	
frame_id 140
2020/03/08 15:45:18 898081	WARNING [visualOdometry.cpp->trackingFrame2Frame:179]	The Estimated Rotation and translation matrices(using getTransformation function) are : 
   0.999992 -0.00367691  -0.0013569   0.0448239
 0.00366565    0.999959 -0.00823857   0.0503919
 0.00138727  0.00823354    0.999965  -0.0119038
          0           0           0           1
2020/03/08 15:45:18 899364	INFO [input.cpp->run:235]	rotation: 
[0.9999922513961792, -0.003676913678646088, -0.001356899738311768;
 0.003665652126073837, 0.9999591708183289, -0.008238572627305984;
 0.001387268304824829, 0.008233543485403061, 0.9999650716781616]
2020/03/08 15:45:18 899390	INFO [input.cpp->run:256]	frame times (ms): 41.958
2020/03/08 15:45:18 899393	INFO [input.cpp->run:257]	FPS: 23.8334
2020/03/08 15:45:18 942064	INFO [input.cpp->run:173]	
frame_id 141
2020/03/08 15:45:18 965369	WARNING [visualOdometry.cpp->trackingFrame2Frame:179]	The Estimated Rotation and translation matrices(using getTransformation function) are : 
           1 -0.000985801 -0.000297189      0.01597
 0.000984669     0.999991  -0.00405905    0.0295382
 0.000301212   0.00405863     0.999992   -0.0107703
           0            0            0            1
2020/03/08 15:45:18 967460	INFO [input.cpp->run:235]	rotation: 
[0.9999996423721313, -0.0009858012199401855, -0.0002971887588500977;
 0.0009846687316894531, 0.9999911785125732, -0.004059053957462311;
 0.0003012120723724365, 0.004058629274368286, 0.9999918937683105]
2020/03/08 15:45:18 967482	INFO [input.cpp->run:256]	frame times (ms): 44.562
2020/03/08 15:45:18 967484	INFO [input.cpp->run:257]	FPS: 22.4406
2020/03/08 15:45:19 009002	INFO [input.cpp->run:173]	
frame_id 142
2020/03/08 15:45:19 034226	WARNING [visualOdometry.cpp->trackingFrame2Frame:179]	The Estimated Rotation and translation matrices(using getTransformation function) are : 
    0.999987  -0.00497814 -0.000870675    0.0157368
   0.0049753     0.999983  -0.00308178    0.0102558
 0.000886232   0.00307752     0.999995   -0.0122309
           0            0            0            1
2020/03/08 15:45:19 035615	INFO [input.cpp->run:235]	rotation: 
[0.9999872446060181, -0.004978135228157043, -0.0008706748485565186;
 0.004975304007530212, 0.9999828934669495, -0.003081776201725006;
 0.0008862316608428955, 0.003077518194913864, 0.9999948740005493]
2020/03/08 15:45:19 035644	INFO [input.cpp->run:256]	frame times (ms): 47.29
2020/03/08 15:45:19 035648	INFO [input.cpp->run:257]	FPS: 21.1461
2020/03/08 15:45:19 075448	INFO [input.cpp->run:173]	
frame_id 143
2020/03/08 15:45:19 099513	WARNING [visualOdometry.cpp->trackingFrame2Frame:179]	The Estimated Rotation and translation matrices(using getTransformation function) are : 
           1  0.000553511 -0.000469178    0.0159121
-0.000553757            1 -0.000326261    0.0115032
 0.000469148   0.00032657            1   0.00536823
           0            0            0            1
2020/03/08 15:45:19 100802	INFO [input.cpp->run:235]	rotation: 
[0.9999997019767761, 0.0005535110831260681, -0.0004691779613494873;
 -0.0005537569522857666, 0.9999997019767761, -0.0003262609243392944;
 0.0004691481590270996, 0.0003265701234340668, 0.9999998807907104]
2020/03/08 15:45:19 100826	INFO [input.cpp->run:256]	frame times (ms): 44.635
2020/03/08 15:45:19 100829	INFO [input.cpp->run:257]	FPS: 22.4039
2020/03/08 15:45:19 142602	INFO [input.cpp->run:173]	
frame_id 144
2020/03/08 15:45:19 167634	WARNING [visualOdometry.cpp->trackingFrame2Frame:179]	The Estimated Rotation and translation matrices(using getTransformation function) are : 
   0.999993 -0.00224079 -0.00303416   0.0417039
  0.0022302    0.999992  -0.0034786   0.0124559
 0.00304195  0.00347181    0.999989 -0.00909472
          0           0           0           1
2020/03/08 15:45:19 170116	INFO [input.cpp->run:235]	rotation: 
[0.9999929666519165, -0.002240791916847229, -0.003034159541130066;
 0.002230197191238403, 0.9999915957450867, -0.003478601574897766;
 0.003041952848434448, 0.003471814095973969, 0.9999892711639404]
2020/03/08 15:45:19 170148	INFO [input.cpp->run:256]	frame times (ms): 47.692
2020/03/08 15:45:19 170152	INFO [input.cpp->run:257]	FPS: 20.9679
2020/03/08 15:45:19 209581	INFO [input.cpp->run:173]	
frame_id 145
2020/03/08 15:45:19 239779	WARNING [visualOdometry.cpp->trackingFrame2Frame:179]	The Estimated Rotation and translation matrices(using getTransformation function) are : 
    0.999998  0.000930399  -0.00170483    0.0290029
-0.000931352     0.999999 -0.000659164   0.00151753
  0.00170437  0.000660721     0.999998  -0.00441504
           0            0            0            1
2020/03/08 15:45:19 241212	INFO [input.cpp->run:235]	rotation: 
[0.9999983310699463, 0.00093039870262146, -0.001704826951026917;
 -0.0009313523769378662, 0.9999993443489075, -0.0006591640412807465;
 0.001704365015029907, 0.0006607212126255035, 0.9999983906745911]
2020/03/08 15:45:19 241236	INFO [input.cpp->run:256]	frame times (ms): 55.251
2020/03/08 15:45:19 241238	INFO [input.cpp->run:257]	FPS: 18.0992
2020/03/08 15:45:19 275301	INFO [input.cpp->run:173]	
frame_id 146
2020/03/08 15:45:19 295444	WARNING [visualOdometry.cpp->trackingFrame2Frame:179]	The Estimated Rotation and translation matrices(using getTransformation function) are : 
   0.999968 -0.00381547  -0.0069961   0.0694659
 0.00390963    0.999901   0.0134944  -0.0856495
 0.00694394  -0.0135212    0.999885   0.0317717
          0           0           0           1
2020/03/08 15:45:19 296691	INFO [input.cpp->run:235]	rotation: 
[0.9999682903289795, -0.00381547212600708, -0.006996095180511475;
 0.003909625113010406, 0.9999011158943176, 0.01349436864256859;
 0.006943941116333008, -0.01352123357355595, 0.9998846054077148]
2020/03/08 15:45:19 296715	INFO [input.cpp->run:256]	frame times (ms): 38.098
2020/03/08 15:45:19 296717	INFO [input.cpp->run:257]	FPS: 26.2481
2020/03/08 15:45:19 341929	INFO [input.cpp->run:173]	
frame_id 147
2020/03/08 15:45:19 363581	WARNING [visualOdometry.cpp->trackingFrame2Frame:179]	The Estimated Rotation and translation matrices(using getTransformation function) are : 
           1 -0.000131994 -0.000594914    0.0256076
 0.000130326     0.999996  -0.00285564   0.00374627
 0.000595376   0.00285551     0.999996  -0.00582409
           0            0            0            1
2020/03/08 15:45:19 365223	INFO [input.cpp->run:235]	rotation: 
[0.9999997615814209, -0.0001319944858551025, -0.0005949139595031738;
 0.0001303255558013916, 0.9999960064888, -0.002855639904737473;
 0.0005953758955001831, 0.002855509519577026, 0.9999955892562866]
2020/03/08 15:45:19 365254	INFO [input.cpp->run:256]	frame times (ms): 40.838
2020/03/08 15:45:19 365256	INFO [input.cpp->run:257]	FPS: 24.487
2020/03/08 15:45:19 408983	INFO [input.cpp->run:173]	
frame_id 148
2020/03/08 15:45:19 439357	WARNING [visualOdometry.cpp->trackingFrame2Frame:179]	The Estimated Rotation and translation matrices(using getTransformation function) are : 
   0.999978  0.00273481  0.00607866  -0.0281949
 -0.0027163    0.999992 -0.00305386  0.00721669
-0.00608683  0.00303715    0.999977  0.00214338
          0           0           0           1
2020/03/08 15:45:19 442034	INFO [input.cpp->run:235]	rotation: 
[0.9999779462814331, 0.00273481011390686, 0.006078660488128662;
 -0.002716302871704102, 0.999991774559021, -0.003053858876228333;
 -0.006086826324462891, 0.003037154674530029, 0.9999770522117615]
2020/03/08 15:45:19 442063	INFO [input.cpp->run:256]	frame times (ms): 57.318
2020/03/08 15:45:19 442065	INFO [input.cpp->run:257]	FPS: 17.4465
2020/03/08 15:45:19 475417	INFO [input.cpp->run:173]	
frame_id 149
2020/03/08 15:45:19 497823	WARNING [visualOdometry.cpp->trackingFrame2Frame:179]	The Estimated Rotation and translation matrices(using getTransformation function) are : 
   0.999954  0.00893365  0.00351143  -0.0171685
-0.00895236    0.999946  0.00533307 -0.00839543
-0.00346389 -0.00536433     0.99998   0.0327291
          0           0           0           1
2020/03/08 15:45:19 499099	INFO [input.cpp->run:235]	rotation: 
[0.9999541044235229, 0.008933648467063904, 0.003511428833007812;
 -0.008952364325523376, 0.9999459385871887, 0.005333073437213898;
 -0.003463894128799438, -0.005364328622817993, 0.9999797940254211]
2020/03/08 15:45:19 499124	INFO [input.cpp->run:256]	frame times (ms): 41.451
2020/03/08 15:45:19 499126	INFO [input.cpp->run:257]	FPS: 24.1249
2020/03/08 15:45:19 542021	INFO [input.cpp->run:173]	
frame_id 150
2020/03/08 15:45:19 569403	WARNING [visualOdometry.cpp->trackingFrame2Frame:179]	The Estimated Rotation and translation matrices(using getTransformation function) are : 
   0.999993 -0.00258041 -0.00279579   0.0470483
 0.00256495    0.999982  -0.0054732   0.0278864
 0.00280964  0.00546618    0.999981 -0.00620461
          0           0           0           1
2020/03/08 15:45:19 571133	INFO [input.cpp->run:235]	rotation: 
[0.9999927282333374, -0.002580411732196808, -0.002795785665512085;
 0.002564951777458191, 0.9999817609786987, -0.005473203957080841;
 0.002809643745422363, 0.005466178059577942, 0.9999812841415405]
2020/03/08 15:45:19 571164	INFO [input.cpp->run:256]	frame times (ms): 50.824
2020/03/08 15:45:19 571167	INFO [input.cpp->run:257]	FPS: 19.6757
2020/03/08 15:45:19 609077	INFO [input.cpp->run:173]	
frame_id 151
2020/03/08 15:45:19 638271	WARNING [visualOdometry.cpp->trackingFrame2Frame:179]	The Estimated Rotation and translation matrices(using getTransformation function) are : 
    0.999999   0.00122233  0.000455588    0.0116372
 -0.00122192     0.999999 -0.000877481    0.0101314
-0.000456631  0.000876609     0.999999  -0.00227499
           0            0            0            1
2020/03/08 15:45:19 639751	INFO [input.cpp->run:235]	rotation: 
[0.9999985694885254, 0.001222334802150726, 0.0004555881023406982;
 -0.001221917569637299, 0.9999986886978149, -0.0008774809539318085;
 -0.0004566311836242676, 0.0008766092360019684, 0.9999991655349731]
2020/03/08 15:45:19 639776	INFO [input.cpp->run:256]	frame times (ms): 53.794
2020/03/08 15:45:19 639778	INFO [input.cpp->run:257]	FPS: 18.5894
2020/03/08 15:45:19 675255	INFO [input.cpp->run:173]	
frame_id 152
2020/03/08 15:45:19 695916	WARNING [visualOdometry.cpp->trackingFrame2Frame:179]	The Estimated Rotation and translation matrices(using getTransformation function) are : 
   0.999992 -0.00380071 -0.00171113     0.03509
 0.00379352    0.999984 -0.00417613   0.0175347
 0.00172693   0.0041696     0.99999 -0.00992775
          0           0           0           1
2020/03/08 15:45:19 697115	INFO [input.cpp->run:235]	rotation: 
[0.9999915957450867, -0.003800705075263977, -0.001711130142211914;
 0.003793517127633095, 0.999984085559845, -0.004176128655672073;
 0.001726925373077393, 0.004169599153101444, 0.9999901056289673]
2020/03/08 15:45:19 697137	INFO [input.cpp->run:256]	frame times (ms): 37.51
2020/03/08 15:45:19 697139	INFO [input.cpp->run:257]	FPS: 26.6596
2020/03/08 15:45:19 742287	INFO [input.cpp->run:173]	
frame_id 153
2020/03/08 15:45:19 776360	WARNING [visualOdometry.cpp->trackingFrame2Frame:179]	The Estimated Rotation and translation matrices(using getTransformation function) are : 
           1  0.000996672 -0.000397742     0.013253
-0.000993602     0.999969   0.00784712   -0.0379927
  0.00040549  -0.00784644     0.999969    0.0174861
           0            0            0            1
2020/03/08 15:45:19 779256	INFO [input.cpp->run:235]	rotation: 
[0.9999996423721313, 0.0009966716170310974, -0.0003977417945861816;
 -0.0009936019778251648, 0.9999691843986511, 0.007847119122743607;
 0.0004054903984069824, -0.007846437394618988, 0.999969482421875]
2020/03/08 15:45:19 779287	INFO [input.cpp->run:256]	frame times (ms): 64.245
2020/03/08 15:45:19 779290	INFO [input.cpp->run:257]	FPS: 15.5654
2020/03/08 15:45:19 808625	INFO [input.cpp->run:173]	
frame_id 154
2020/03/08 15:45:19 829859	WARNING [visualOdometry.cpp->trackingFrame2Frame:179]	The Estimated Rotation and translation matrices(using getTransformation function) are : 
           1 -0.000343427 -0.000109583     0.019093
  0.00034295     0.999994  -0.00351949    0.0287681
 0.000110745   0.00351959     0.999994  -0.00222921
           0            0            0            1
2020/03/08 15:45:19 832190	INFO [input.cpp->run:235]	rotation: 
[1, -0.0003434270620346069, -0.0001095831394195557;
 0.0003429502248764038, 0.9999939203262329, -0.003519490361213684;
 0.0001107454299926758, 0.003519590944051743, 0.9999937415122986]
2020/03/08 15:45:19 832214	INFO [input.cpp->run:256]	frame times (ms): 40.541
2020/03/08 15:45:19 832216	INFO [input.cpp->run:257]	FPS: 24.6664
2020/03/08 15:45:19 875545	INFO [input.cpp->run:173]	
frame_id 155
2020/03/08 15:45:19 898903	WARNING [visualOdometry.cpp->trackingFrame2Frame:179]	The Estimated Rotation and translation matrices(using getTransformation function) are : 
   0.999976 -0.00681471 -0.00124043   0.0294619
 0.00680464    0.999946 -0.00791202   0.0293169
 0.00129408  0.00790354    0.999968  -0.0219607
          0           0           0           1
2020/03/08 15:45:19 900196	INFO [input.cpp->run:235]	rotation: 
[0.9999760985374451, -0.00681471498683095, -0.001240432262420654;
 0.006804639007896185, 0.9999456405639648, -0.007912024855613708;
 0.001294076442718506, 0.007903536781668663, 0.9999680519104004]
2020/03/08 15:45:19 900219	INFO [input.cpp->run:256]	frame times (ms): 43.101
2020/03/08 15:45:19 900222	INFO [input.cpp->run:257]	FPS: 23.2013
2020/03/08 15:45:19 942639	INFO [input.cpp->run:173]	
frame_id 156
2020/03/08 15:45:19 966095	WARNING [visualOdometry.cpp->trackingFrame2Frame:179]	The Estimated Rotation and translation matrices(using getTransformation function) are : 
    0.999999  0.000149589   0.00123236  -0.00905681
 -0.00014925            1 -0.000304596  0.000781775
 -0.00123253  0.000304427     0.999999  -0.00230885
           0            0            0            1
2020/03/08 15:45:19 967509	INFO [input.cpp->run:235]	rotation: 
[0.9999992251396179, 0.0001495890319347382, 0.001232355833053589;
 -0.0001492500305175781, 0.9999999403953552, -0.0003045964986085892;
 -0.001232534646987915, 0.0003044269979000092, 0.9999992847442627]
2020/03/08 15:45:19 967536	INFO [input.cpp->run:256]	frame times (ms): 43.627
2020/03/08 15:45:19 967540	INFO [input.cpp->run:257]	FPS: 22.9216
2020/03/08 15:45:20 009485	INFO [input.cpp->run:173]	
frame_id 157
2020/03/08 15:45:20 043253	WARNING [visualOdometry.cpp->trackingFrame2Frame:179]	The Estimated Rotation and translation matrices(using getTransformation function) are : 
    0.999993  4.62644e-05  -0.00370592    0.0293059
-4.92446e-05            1 -0.000799515  -0.00979209
   0.0037059  0.000799693     0.999993  -0.00971556
           0            0            0            1
2020/03/08 15:45:20 044889	INFO [input.cpp->run:235]	rotation: 
[0.9999929070472717, 4.626438021659851e-05, -0.003705918788909912;
 -4.924461245536804e-05, 0.9999995827674866, -0.0007995152845978737;
 0.003705903887748718, 0.0007996931672096252, 0.9999926090240479]
2020/03/08 15:45:20 044919	INFO [input.cpp->run:256]	frame times (ms): 61.983
2020/03/08 15:45:20 044923	INFO [input.cpp->run:257]	FPS: 16.1335
2020/03/08 15:45:20 075564	INFO [input.cpp->run:173]	
frame_id 158
2020/03/08 15:45:20 098402	WARNING [visualOdometry.cpp->trackingFrame2Frame:179]	The Estimated Rotation and translation matrices(using getTransformation function) are : 
    0.999997   0.00216937  0.000991523    0.0152617
 -0.00217086     0.999997    0.0015313   -0.0316157
-0.000988185  -0.00153344     0.999998    0.0127659
           0            0            0            1
2020/03/08 15:45:20 099622	INFO [input.cpp->run:235]	rotation: 
[0.9999974370002747, 0.002169370651245117, 0.000991523265838623;
 -0.002170860767364502, 0.9999966025352478, 0.001531295478343964;
 -0.0009881854057312012, -0.001533437520265579, 0.9999983310699463]
2020/03/08 15:45:20 099647	INFO [input.cpp->run:256]	frame times (ms): 42.208
2020/03/08 15:45:20 099649	INFO [input.cpp->run:257]	FPS: 23.6922
2020/03/08 15:45:20 142200	INFO [input.cpp->run:173]	
frame_id 159
2020/03/08 15:45:20 170228	WARNING [visualOdometry.cpp->trackingFrame2Frame:179]	The Estimated Rotation and translation matrices(using getTransformation function) are : 
   0.999981 -0.00297694 -0.00543503   0.0742824
 0.00294961    0.999983 -0.00502562  -0.0288687
 0.00544994  0.00500949    0.999973  -0.0169935
          0           0           0           1
2020/03/08 15:45:20 171732	INFO [input.cpp->run:235]	rotation: 
[0.9999808073043823, -0.002976939082145691, -0.0054350346326828;
 0.002949610352516174, 0.9999831914901733, -0.005025621503591537;
 0.005449935793876648, 0.005009489133954048, 0.9999725818634033]
2020/03/08 15:45:20 171760	INFO [input.cpp->run:256]	frame times (ms): 51.251
2020/03/08 15:45:20 171762	INFO [input.cpp->run:257]	FPS: 19.5118
2020/03/08 15:45:20 208486	INFO [input.cpp->run:173]	
frame_id 160
2020/03/08 15:45:20 230286	WARNING [visualOdometry.cpp->trackingFrame2Frame:179]	The Estimated Rotation and translation matrices(using getTransformation function) are : 
    0.99998 -0.00467038  -0.0043319    0.075556
  0.0046384    0.999962 -0.00736212  -0.0411034
 0.00436614  0.00734198    0.999963  -0.0128555
          0           0           0           1
2020/03/08 15:45:20 232383	INFO [input.cpp->run:235]	rotation: 
[0.9999796152114868, -0.004670381546020508, -0.004331901669502258;
 0.004638403654098511, 0.9999620318412781, -0.007362121716141701;
 0.004366137087345123, 0.007341975346207619, 0.9999634623527527]
2020/03/08 15:45:20 232410	INFO [input.cpp->run:256]	frame times (ms): 41.25
2020/03/08 15:45:20 232413	INFO [input.cpp->run:257]	FPS: 24.2424
2020/03/08 15:45:20 275845	INFO [input.cpp->run:173]	
frame_id 161
2020/03/08 15:45:20 303416	WARNING [visualOdometry.cpp->trackingFrame2Frame:179]	The Estimated Rotation and translation matrices(using getTransformation function) are : 
   0.999983 -0.00423523 -0.00409149   0.0820985
 0.00416854    0.999861   -0.016162  -0.0492439
 0.00415941   0.0161446    0.999861   -0.033052
          0           0           0           1
2020/03/08 15:45:20 305632	INFO [input.cpp->run:235]	rotation: 
[0.9999830722808838, -0.004235226660966873, -0.004091493785381317;
 0.004168536514043808, 0.9998605251312256, -0.01616201549768448;
 0.004159413278102875, 0.01614455692470074, 0.9998611211776733]
2020/03/08 15:45:20 305656	INFO [input.cpp->run:256]	frame times (ms): 51.475
2020/03/08 15:45:20 305658	INFO [input.cpp->run:257]	FPS: 19.4269
2020/03/08 15:45:20 341980	INFO [input.cpp->run:173]	
frame_id 162
2020/03/08 15:45:20 365232	WARNING [visualOdometry.cpp->trackingFrame2Frame:179]	The Estimated Rotation and translation matrices(using getTransformation function) are : 
   0.999964 -0.00653967  0.00540484   0.0247977
 0.00669742    0.999536  -0.0297124    0.026492
-0.00520807   0.0297475    0.999544  -0.0401416
          0           0           0           1
2020/03/08 15:45:20 366674	INFO [input.cpp->run:235]	rotation: 
[0.9999640583992004, -0.006539672613143921, 0.005404837429523468;
 0.006697416305541992, 0.9995360970497131, -0.02971238642930984;
 -0.00520806759595871, 0.02974753826856613, 0.9995438456535339]
2020/03/08 15:45:20 366699	INFO [input.cpp->run:256]	frame times (ms): 44.038
2020/03/08 15:45:20 366701	INFO [input.cpp->run:257]	FPS: 22.7077
2020/03/08 15:45:20 409418	INFO [input.cpp->run:173]	
frame_id 163
2020/03/08 15:45:20 442804	WARNING [visualOdometry.cpp->trackingFrame2Frame:179]	The Estimated Rotation and translation matrices(using getTransformation function) are : 
   0.999989  -0.0028294 -0.00382756   0.0527735
 0.00280745     0.99998 -0.00573071  -0.0247827
 0.00384369   0.0057199    0.999976  -0.0153136
          0           0           0           1
2020/03/08 15:45:20 445235	INFO [input.cpp->run:235]	rotation: 
[0.9999886155128479, -0.002829402685165405, -0.003827556967735291;
 0.002807445824146271, 0.999979555606842, -0.005730707664042711;
 0.003843694925308228, 0.005719900596886873, 0.9999763369560242]
2020/03/08 15:45:20 445264	INFO [input.cpp->run:256]	frame times (ms): 62.268
2020/03/08 15:45:20 445267	INFO [input.cpp->run:257]	FPS: 16.0596
2020/03/08 15:45:20 475240	INFO [input.cpp->run:173]	
frame_id 164
2020/03/08 15:45:20 496176	WARNING [visualOdometry.cpp->trackingFrame2Frame:179]	The Estimated Rotation and translation matrices(using getTransformation function) are : 
    0.999999  -0.00144365  0.000202786    0.0163729
  0.00144461     0.999983  -0.00560454   0.00290632
-0.000194706   0.00560482     0.999984  -0.00763893
           0            0            0            1
2020/03/08 15:45:20 497387	INFO [input.cpp->run:235]	rotation: 
[0.9999990463256836, -0.001443654298782349, 0.0002027861773967743;
 0.001444607973098755, 0.9999834299087524, -0.005604542791843414;
 -0.0001947060227394104, 0.005604822188615799, 0.9999844431877136]
2020/03/08 15:45:20 497413	INFO [input.cpp->run:256]	frame times (ms): 39.614
2020/03/08 15:45:20 497415	INFO [input.cpp->run:257]	FPS: 25.2436
2020/03/08 15:45:20 542452	INFO [input.cpp->run:173]	
frame_id 165
2020/03/08 15:45:20 577246	WARNING [visualOdometry.cpp->trackingFrame2Frame:179]	The Estimated Rotation and translation matrices(using getTransformation function) are : 
           1  0.000381678 -0.000743523   0.00765824
-0.000383176     0.999998   -0.0020222    0.0048393
 0.000742689   0.00202249     0.999998 -0.000140667
           0            0            0            1
2020/03/08 15:45:20 580078	INFO [input.cpp->run:235]	rotation: 
[0.9999995231628418, 0.0003816783428192139, -0.0007435232400894165;
 -0.0003831759095191956, 0.9999977946281433, -0.002022203989326954;
 0.000742688775062561, 0.002022489905357361, 0.9999975562095642]
2020/03/08 15:45:20 580113	INFO [input.cpp->run:256]	frame times (ms): 66.804
2020/03/08 15:45:20 580118	INFO [input.cpp->run:257]	FPS: 14.9692
2020/03/08 15:45:20 608560	INFO [input.cpp->run:173]	
frame_id 166
2020/03/08 15:45:20 630260	WARNING [visualOdometry.cpp->trackingFrame2Frame:179]	The Estimated Rotation and translation matrices(using getTransformation function) are : 
    0.999991   0.00101432  -0.00406975    0.0301449
 -0.00101769     0.999999 -0.000811398    0.0117879
  0.00406903  0.000815555     0.999991   -0.0150914
           0            0            0            1
2020/03/08 15:45:20 631512	INFO [input.cpp->run:235]	rotation: 
[0.9999911785125732, 0.00101432204246521, -0.004069745540618896;
 -0.00101768970489502, 0.9999992847442627, -0.0008113980293273926;
 0.004069030284881592, 0.0008155554533004761, 0.9999911189079285]
2020/03/08 15:45:20 631535	INFO [input.cpp->run:256]	frame times (ms): 40.54
2020/03/08 15:45:20 631537	INFO [input.cpp->run:257]	FPS: 24.667
2020/03/08 15:45:20 675436	INFO [input.cpp->run:173]	
frame_id 167
2020/03/08 15:45:20 699396	WARNING [visualOdometry.cpp->trackingFrame2Frame:179]	The Estimated Rotation and translation matrices(using getTransformation function) are : 
   0.999984  0.00222161  0.00528109  -0.0267835
-0.00228256    0.999931   0.0115754  -0.0465615
-0.00525501  -0.0115873    0.999919   0.0509906
          0           0           0           1
2020/03/08 15:45:20 700831	INFO [input.cpp->run:235]	rotation: 
[0.9999838471412659, 0.002221614122390747, 0.005281085148453712;
 -0.002282559871673584, 0.9999305605888367, 0.01157543528825045;
 -0.005255014635622501, -0.01158733107149601, 0.9999191761016846]
2020/03/08 15:45:20 700857	INFO [input.cpp->run:256]	frame times (ms): 45.297
2020/03/08 15:45:20 700861	INFO [input.cpp->run:257]	FPS: 22.0765
2020/03/08 15:45:20 742755	INFO [input.cpp->run:173]	
frame_id 168
2020/03/08 15:45:20 767612	WARNING [visualOdometry.cpp->trackingFrame2Frame:179]	The Estimated Rotation and translation matrices(using getTransformation function) are : 
    0.999999  0.000622436    0.0015983   -0.0135257
-0.000625581     0.999998   0.00194828   0.00538969
 -0.00159708  -0.00194929     0.999997    0.0120649
           0            0            0            1
2020/03/08 15:45:20 769155	INFO [input.cpp->run:235]	rotation: 
[0.9999986886978149, 0.0006224364042282104, 0.0015982985496521;
 -0.0006255805492401123, 0.9999980330467224, 0.001948278397321701;
 -0.001597076654434204, -0.001949291676282883, 0.9999968409538269]
2020/03/08 15:45:20 769186	INFO [input.cpp->run:256]	frame times (ms): 48.121
2020/03/08 15:45:20 769204	INFO [input.cpp->run:257]	FPS: 20.7809
2020/03/08 15:45:20 809201	INFO [input.cpp->run:173]	
frame_id 169
2020/03/08 15:45:20 838074	WARNING [visualOdometry.cpp->trackingFrame2Frame:179]	The Estimated Rotation and translation matrices(using getTransformation function) are : 
    0.999996 -0.000190377   0.00291894    -0.013923
 0.000162706     0.999955   0.00945999   -0.0472908
 -0.00292067  -0.00945942     0.999951    0.0142789
           0            0            0            1
2020/03/08 15:45:20 840606	INFO [input.cpp->run:235]	rotation: 
[0.9999957084655762, -0.0001903772354125977, 0.002918943762779236;
 0.0001627057790756226, 0.9999552369117737, 0.009459994733333588;
 -0.002920672297477722, -0.009459421038627625, 0.9999509453773499]
2020/03/08 15:45:20 840633	INFO [input.cpp->run:256]	frame times (ms): 56.825
2020/03/08 15:45:20 840637	INFO [input.cpp->run:257]	FPS: 17.5979
2020/03/08 15:45:20 875419	INFO [input.cpp->run:173]	
frame_id 170
2020/03/08 15:45:20 903270	WARNING [visualOdometry.cpp->trackingFrame2Frame:179]	The Estimated Rotation and translation matrices(using getTransformation function) are : 
    0.999997   0.00211756   0.00165267   -0.0134034
 -0.00211668     0.999997 -0.000588832    0.0169692
 -0.00165398  0.000585321     0.999999   0.00084734
           0            0            0            1
2020/03/08 15:45:20 905689	INFO [input.cpp->run:235]	rotation: 
[0.9999966025352478, 0.002117559313774109, 0.00165267288684845;
 -0.002116680145263672, 0.9999974966049194, -0.0005888324230909348;
 -0.001653984189033508, 0.0005853213369846344, 0.9999985098838806]
2020/03/08 15:45:20 905716	INFO [input.cpp->run:256]	frame times (ms): 54.024
2020/03/08 15:45:20 905721	INFO [input.cpp->run:257]	FPS: 18.5103
2020/03/08 15:45:20 941993	INFO [input.cpp->run:173]	
frame_id 171
2020/03/08 15:45:20 966199	WARNING [visualOdometry.cpp->trackingFrame2Frame:179]	The Estimated Rotation and translation matrices(using getTransformation function) are : 
   0.999986 -0.00118029  -0.0051154   0.0332181
 0.00116763    0.999996 -0.00246894   0.0158186
 0.00511825  0.00246297    0.999984  -0.0154128
          0           0           0           1
2020/03/08 15:45:20 968237	INFO [input.cpp->run:235]	rotation: 
[0.9999864101409912, -0.001180291175842285, -0.005115397274494171;
 0.001167625188827515, 0.9999963045120239, -0.002468941733241081;
 0.005118250846862793, 0.002462967298924923, 0.9999838471412659]
2020/03/08 15:45:20 968262	INFO [input.cpp->run:256]	frame times (ms): 45.028
2020/03/08 15:45:20 968264	INFO [input.cpp->run:257]	FPS: 22.2084
2020/03/08 15:45:21 008588	INFO [input.cpp->run:173]	
frame_id 172
2020/03/08 15:45:21 032532	WARNING [visualOdometry.cpp->trackingFrame2Frame:179]	The Estimated Rotation and translation matrices(using getTransformation function) are : 
    0.999999   0.00144706   0.00060218   0.00104976
 -0.00144594     0.999997   -0.0018621    0.0188692
-0.000604874   0.00186122     0.999998   0.00314474
           0            0            0            1
2020/03/08 15:45:21 034713	INFO [input.cpp->run:235]	rotation: 
[0.9999988079071045, 0.001447063870728016, 0.0006021801382303238;
 -0.001445941627025604, 0.9999973177909851, -0.001862098695710301;
 -0.0006048735231161118, 0.00186122499871999, 0.9999980330467224]
2020/03/08 15:45:21 034736	INFO [input.cpp->run:256]	frame times (ms): 46.666
2020/03/08 15:45:21 034738	INFO [input.cpp->run:257]	FPS: 21.4289
2020/03/08 15:45:21 075384	INFO [input.cpp->run:173]	
frame_id 173
2020/03/08 15:45:21 099668	WARNING [visualOdometry.cpp->trackingFrame2Frame:179]	The Estimated Rotation and translation matrices(using getTransformation function) are : 
   0.999991  0.00248022  0.00341576  -0.0302415
-0.00249532    0.999987  0.00445258  -0.0212882
-0.00340468 -0.00446117    0.999985   0.0146165
          0           0           0           1
2020/03/08 15:45:21 100980	INFO [input.cpp->run:235]	rotation: 
[0.9999914765357971, 0.002480223774909973, 0.003415763378143311;
 -0.002495318651199341, 0.9999873042106628, 0.004452578723430634;
 -0.003404676914215088, -0.004461169242858887, 0.9999846220016479]
2020/03/08 15:45:21 101004	INFO [input.cpp->run:256]	frame times (ms): 45.275
2020/03/08 15:45:21 101006	INFO [input.cpp->run:257]	FPS: 22.0872
2020/03/08 15:45:21 141973	INFO [input.cpp->run:173]	
frame_id 174
2020/03/08 15:45:21 167938	WARNING [visualOdometry.cpp->trackingFrame2Frame:179]	The Estimated Rotation and translation matrices(using getTransformation function) are : 
   0.999989  0.00314853  0.00352436  -0.0355463
-0.00315809    0.999992  0.00272835 -0.00831008
-0.00351572 -0.00273952     0.99999  0.00498104
          0           0           0           1
2020/03/08 15:45:21 169502	INFO [input.cpp->run:235]	rotation: 
[0.9999891519546509, 0.003148525953292847, 0.003524363040924072;
 -0.003158092498779297, 0.9999915957450867, 0.002728346735239029;
 -0.003515720367431641, -0.002739518880844116, 0.9999901652336121]
2020/03/08 15:45:21 169527	INFO [input.cpp->run:256]	frame times (ms): 48.873
2020/03/08 15:45:21 169530	INFO [input.cpp->run:257]	FPS: 20.4612
2020/03/08 15:45:21 208659	INFO [input.cpp->run:173]	
frame_id 175
2020/03/08 15:45:21 233753	WARNING [visualOdometry.cpp->trackingFrame2Frame:179]	The Estimated Rotation and translation matrices(using getTransformation function) are : 
           1  0.000420757 -0.000670097   0.00348306
-0.000421012            1  -0.00039499   0.00698328
 0.000669932  0.000395331            1  -0.00400925
           0            0            0            1
2020/03/08 15:45:21 235832	INFO [input.cpp->run:235]	rotation: 
[0.9999995827674866, 0.0004207566380500793, -0.0006700968369841576;
 -0.000421011820435524, 0.9999995827674866, -0.0003949901729356498;
 0.0006699319928884506, 0.0003953309205826372, 0.9999997019767761]
2020/03/08 15:45:21 235856	INFO [input.cpp->run:256]	frame times (ms): 47.29
2020/03/08 15:45:21 235858	INFO [input.cpp->run:257]	FPS: 21.1461
2020/03/08 15:45:21 275339	INFO [input.cpp->run:173]	
frame_id 176
2020/03/08 15:45:21 299283	WARNING [visualOdometry.cpp->trackingFrame2Frame:179]	The Estimated Rotation and translation matrices(using getTransformation function) are : 
   0.999997 -0.00106227 -0.00221041   0.0186276
  0.0010514    0.999987 -0.00492118   0.0308897
 0.00221559  0.00491864    0.999986   -0.012836
          0           0           0           1
2020/03/08 15:45:21 301747	INFO [input.cpp->run:235]	rotation: 
[0.9999967813491821, -0.001062266528606415, -0.002210408449172974;
 0.0010514035820961, 0.9999871850013733, -0.004921179264783859;
 0.002215594053268433, 0.004918636754155159, 0.9999855756759644]
2020/03/08 15:45:21 301771	INFO [input.cpp->run:256]	frame times (ms): 45.788
2020/03/08 15:45:21 301773	INFO [input.cpp->run:257]	FPS: 21.8398
2020/03/08 15:45:21 342034	INFO [input.cpp->run:173]	
frame_id 177
2020/03/08 15:45:21 365486	WARNING [visualOdometry.cpp->trackingFrame2Frame:179]	The Estimated Rotation and translation matrices(using getTransformation function) are : 
    0.999991   0.00248387   0.00346673   -0.0217814
 -0.00248373     0.999997 -1.63168e-05   0.00710821
  -0.0034667   7.7337e-06     0.999994   0.00156879
           0            0            0            1
2020/03/08 15:45:21 367567	INFO [input.cpp->run:235]	rotation: 
[0.9999911785125732, 0.002483874559402466, 0.00346672534942627;
 -0.002483725547790527, 0.9999971389770508, -1.631677150726318e-05;
 -0.003466695547103882, 7.733702659606934e-06, 0.999994158744812]
2020/03/08 15:45:21 367592	INFO [input.cpp->run:256]	frame times (ms): 45.328
2020/03/08 15:45:21 367594	INFO [input.cpp->run:257]	FPS: 22.0614
2020/03/08 15:45:21 409084	INFO [input.cpp->run:173]	
frame_id 178
2020/03/08 15:45:21 437202	WARNING [visualOdometry.cpp->trackingFrame2Frame:179]	The Estimated Rotation and translation matrices(using getTransformation function) are : 
    0.999999  0.000948071   0.00055474   0.00715733
-0.000948101     0.999999 -4.46066e-05   0.00960183
 -0.00055486  4.43086e-05            1    0.0100503
           0            0            0            1
2020/03/08 15:45:21 438826	INFO [input.cpp->run:235]	rotation: 
[0.9999992847442627, 0.0009480714797973633, 0.0005547404289245605;
 -0.000948101282119751, 0.9999992847442627, -4.460662603378296e-05;
 -0.0005548596382141113, 4.430860280990601e-05, 1]
2020/03/08 15:45:21 438853	INFO [input.cpp->run:256]	frame times (ms): 53.95
2020/03/08 15:45:21 438857	INFO [input.cpp->run:257]	FPS: 18.5357
2020/03/08 15:45:21 475496	INFO [input.cpp->run:173]	
frame_id 179
2020/03/08 15:45:21 500166	WARNING [visualOdometry.cpp->trackingFrame2Frame:179]	The Estimated Rotation and translation matrices(using getTransformation function) are : 
    0.999997  0.000461727   0.00226606   -0.0105855
-0.000451773      0.99999  -0.00441086    0.0300765
 -0.00226807   0.00440981     0.999988  -0.00118828
           0            0            0            1
2020/03/08 15:45:21 502697	INFO [input.cpp->run:235]	rotation: 
[0.9999973773956299, 0.0004617273807525635, 0.002266056835651398;
 -0.0004517734050750732, 0.9999902844429016, -0.00441086245700717;
 -0.002268070355057716, 0.004409811459481716, 0.999987781047821]
2020/03/08 15:45:21 502723	INFO [input.cpp->run:256]	frame times (ms): 47.301
2020/03/08 15:45:21 502725	INFO [input.cpp->run:257]	FPS: 21.1412
2020/03/08 15:45:21 542599	INFO [input.cpp->run:173]	
frame_id 180
2020/03/08 15:45:21 566156	WARNING [visualOdometry.cpp->trackingFrame2Frame:179]	The Estimated Rotation and translation matrices(using getTransformation function) are : 
    0.999999  0.000435784  0.000871271   -0.0124314
-0.000435203            1 -0.000734448   0.00492048
-0.000871629  0.000733942     0.999999  -0.00313759
           0            0            0            1
2020/03/08 15:45:21 568365	INFO [input.cpp->run:235]	rotation: 
[0.9999991655349731, 0.0004357844591140747, 0.0008712708950042725;
 -0.0004352033138275146, 0.9999996423721313, -0.0007344484329223633;
 -0.0008716285228729248, 0.0007339417934417725, 0.9999991655349731]
2020/03/08 15:45:21 568392	INFO [input.cpp->run:256]	frame times (ms): 45.762
2020/03/08 15:45:21 568394	INFO [input.cpp->run:257]	FPS: 21.8522
2020/03/08 15:45:21 609222	INFO [input.cpp->run:173]	
frame_id 181
2020/03/08 15:45:21 634980	WARNING [visualOdometry.cpp->trackingFrame2Frame:179]	The Estimated Rotation and translation matrices(using getTransformation function) are : 
   0.999993  0.00298246  0.00230838  -0.0163925
-0.00298577    0.999995  0.00143447 -0.00234652
-0.00230409 -0.00144135    0.999996    0.007442
          0           0           0           1
2020/03/08 15:45:21 637339	INFO [input.cpp->run:235]	rotation: 
[0.9999929666519165, 0.002982459962368011, 0.002308383584022522;
 -0.002985768020153046, 0.9999946355819702, 0.001434474484995008;
 -0.002304088324308395, -0.001441351138055325, 0.9999963045120239]
2020/03/08 15:45:21 637368	INFO [input.cpp->run:256]	frame times (ms): 49.078
2020/03/08 15:45:21 637370	INFO [input.cpp->run:257]	FPS: 20.3757
2020/03/08 15:45:21 675773	INFO [input.cpp->run:173]	
frame_id 182
2020/03/08 15:45:21 697454	WARNING [visualOdometry.cpp->trackingFrame2Frame:179]	The Estimated Rotation and translation matrices(using getTransformation function) are : 
    0.999997  0.000500128   0.00247061   -0.0205102
-0.000496224     0.999998  -0.00158433   0.00619149
  -0.0024714   0.00158316     0.999996 -0.000640869
           0            0            0            1
2020/03/08 15:45:21 698750	INFO [input.cpp->run:235]	rotation: 
[0.9999969601631165, 0.0005001276731491089, 0.002470612525939941;
 -0.0004962235689163208, 0.9999984502792358, -0.001584332436323166;
 -0.002471402287483215, 0.00158315896987915, 0.9999957680702209]
2020/03/08 15:45:21 698775	INFO [input.cpp->run:256]	frame times (ms): 39.214
2020/03/08 15:45:21 698777	INFO [input.cpp->run:257]	FPS: 25.5011
2020/03/08 15:45:21 742050	INFO [input.cpp->run:173]	
frame_id 183
2020/03/08 15:45:21 766216	WARNING [visualOdometry.cpp->trackingFrame2Frame:179]	The Estimated Rotation and translation matrices(using getTransformation function) are : 
   0.999994  0.00139216  0.00306734  -0.0249903
 -0.0013973    0.999998  0.00169899   -0.002882
-0.00306499 -0.00170366    0.999994   0.0149026
          0           0           0           1
2020/03/08 15:45:21 768509	INFO [input.cpp->run:235]	rotation: 
[0.9999942779541016, 0.001392155885696411, 0.003067344427108765;
 -0.001397296786308289, 0.999997615814209, 0.001698985695838928;
 -0.003064990043640137, -0.001703664660453796, 0.9999937415122986]
2020/03/08 15:45:21 768537	INFO [input.cpp->run:256]	frame times (ms): 45.646
2020/03/08 15:45:21 768540	INFO [input.cpp->run:257]	FPS: 21.9077
2020/03/08 15:45:21 808595	INFO [input.cpp->run:173]	
frame_id 184
2020/03/08 15:45:21 834146	WARNING [visualOdometry.cpp->trackingFrame2Frame:179]	The Estimated Rotation and translation matrices(using getTransformation function) are : 
           1 -0.000490822 -0.000415713  -0.00255513
 0.000490673            1 -0.000353158   -0.0030396
 0.000415713  0.000352878            1  -0.00434589
           0            0            0            1
2020/03/08 15:45:21 835711	INFO [input.cpp->run:235]	rotation: 
[0.9999997019767761, -0.000490821897983551, -0.0004157125949859619;
 0.0004906728863716125, 1.00000011920929, -0.0003531575202941895;
 0.0004157125949859619, 0.0003528781235218048, 1]
2020/03/08 15:45:21 835736	INFO [input.cpp->run:256]	frame times (ms): 48.726
2020/03/08 15:45:21 835739	INFO [input.cpp->run:257]	FPS: 20.5229
2020/03/08 15:45:21 875652	INFO [input.cpp->run:173]	
frame_id 185
2020/03/08 15:45:21 906183	WARNING [visualOdometry.cpp->trackingFrame2Frame:179]	The Estimated Rotation and translation matrices(using getTransformation function) are : 
    0.999993 -0.000391637  -0.00365489    0.0340874
 0.000385934     0.999999  -0.00156129   0.00122166
   0.0036555   0.00155979     0.999992   -0.0154486
           0            0            0            1
2020/03/08 15:45:21 907738	INFO [input.cpp->run:235]	rotation: 
[0.9999930858612061, -0.0003916369751095772, -0.003654893487691879;
 0.0003859340213239193, 0.9999986290931702, -0.001561290351673961;
 0.00365549698472023, 0.001559788710437715, 0.9999921321868896]
2020/03/08 15:45:21 907765	INFO [input.cpp->run:256]	frame times (ms): 56.415
2020/03/08 15:45:21 907767	INFO [input.cpp->run:257]	FPS: 17.7258
2020/03/08 15:45:21 941960	INFO [input.cpp->run:173]	
frame_id 186
2020/03/08 15:45:21 965432	WARNING [visualOdometry.cpp->trackingFrame2Frame:179]	The Estimated Rotation and translation matrices(using getTransformation function) are : 
   0.999991  0.00364546  0.00221482 -0.00184083
-0.00363927     0.99999 -0.00278907   0.0137229
-0.00222498    0.002781    0.999994     -0.0102
          0           0           0           1
2020/03/08 15:45:21 967449	INFO [input.cpp->run:235]	rotation: 
[0.9999911785125732, 0.003645464777946472, 0.002214819192886353;
 -0.003639265894889832, 0.9999898076057434, -0.00278906524181366;
 -0.002224981784820557, 0.002781003713607788, 0.9999939799308777]
2020/03/08 15:45:21 967473	INFO [input.cpp->run:256]	frame times (ms): 44.291
2020/03/08 15:45:21 967475	INFO [input.cpp->run:257]	FPS: 22.5779
2020/03/08 15:45:22 008639	INFO [input.cpp->run:173]	
frame_id 187
2020/03/08 15:45:22 033740	WARNING [visualOdometry.cpp->trackingFrame2Frame:179]	The Estimated Rotation and translation matrices(using getTransformation function) are : 
           1  0.000392079 -0.000411451   0.00999188
-0.000391824            1  0.000660692 -0.000292301
  0.00041163 -0.000660543            1   0.00238419
           0            0            0            1
2020/03/08 15:45:22 036137	INFO [input.cpp->run:235]	rotation: 
[0.9999998807907104, 0.0003920793533325195, -0.0004114508628845215;
 -0.0003918241709470749, 0.9999998807907104, 0.0006606923416256905;
 0.0004116296768188477, -0.000660543330013752, 0.9999997019767761]
2020/03/08 15:45:22 036164	INFO [input.cpp->run:256]	frame times (ms): 44.673
2020/03/08 15:45:22 036167	INFO [input.cpp->run:257]	FPS: 22.3849
2020/03/08 15:45:22 075328	INFO [input.cpp->run:173]	
frame_id 188
2020/03/08 15:45:22 099207	WARNING [visualOdometry.cpp->trackingFrame2Frame:179]	The Estimated Rotation and translation matrices(using getTransformation function) are : 
           1 -3.68953e-05  -0.00018011  -0.00169659
 3.67686e-05            1 -0.000640302   0.00260353
 0.000180095  0.000640304            1  -0.00366688
           0            0            0            1
2020/03/08 15:45:22 101326	INFO [input.cpp->run:235]	rotation: 
[1.000000238418579, -3.68952751159668e-05, -0.0001801103353500366;
 3.676861524581909e-05, 1, -0.0006403024308383465;
 0.0001800954341888428, 0.0006403042934834957, 1.000000238418579]
2020/03/08 15:45:22 101350	INFO [input.cpp->run:256]	frame times (ms): 46.288
2020/03/08 15:45:22 101352	INFO [input.cpp->run:257]	FPS: 21.6039
2020/03/08 15:45:22 141912	INFO [input.cpp->run:173]	
frame_id 189
2020/03/08 15:45:22 164255	WARNING [visualOdometry.cpp->trackingFrame2Frame:179]	The Estimated Rotation and translation matrices(using getTransformation function) are : 
    0.999999  0.000482395   0.00153374   -0.0104499
-0.000472553     0.999979  -0.00638657    0.0339425
 -0.00153678   0.00638584     0.999978  -0.00848198
           0            0            0            1
2020/03/08 15:45:22 166271	INFO [input.cpp->run:235]	rotation: 
[0.9999985694885254, 0.0004823952913284302, 0.001533735543489456;
 -0.0004725530743598938, 0.9999794960021973, -0.006386566907167435;
 -0.001536782830953598, 0.006385841406881809, 0.9999783039093018]
2020/03/08 15:45:22 166306	INFO [input.cpp->run:256]	frame times (ms): 42.093
2020/03/08 15:45:22 166309	INFO [input.cpp->run:257]	FPS: 23.7569
2020/03/08 15:45:22 208771	INFO [input.cpp->run:173]	
frame_id 190
2020/03/08 15:45:22 236629	WARNING [visualOdometry.cpp->trackingFrame2Frame:179]	The Estimated Rotation and translation matrices(using getTransformation function) are : 
   0.999997 -0.00144209 -0.00244354   0.0172203
 0.00142198    0.999966   -0.008186   0.0353255
 0.00245526  0.00818267    0.999964  -0.0228977
          0           0           0           1
2020/03/08 15:45:22 239266	INFO [input.cpp->run:235]	rotation: 
[0.999996542930603, -0.001442085951566696, -0.00244353711605072;
 0.001421976834535599, 0.9999660849571228, -0.008185998536646366;
 0.002455264329910278, 0.00818266998976469, 0.9999638199806213]
2020/03/08 15:45:22 239291	INFO [input.cpp->run:256]	frame times (ms): 54.018
2020/03/08 15:45:22 239294	INFO [input.cpp->run:257]	FPS: 18.5123
2020/03/08 15:45:22 275445	INFO [input.cpp->run:173]	
frame_id 191
2020/03/08 15:45:22 299606	WARNING [visualOdometry.cpp->trackingFrame2Frame:179]	The Estimated Rotation and translation matrices(using getTransformation function) are : 
   0.999988  0.00263691  0.00419632  -0.0504873
-0.00260298    0.999964 -0.00807723   0.0410042
-0.00421748  0.00806618    0.999959 -0.00325584
          0           0           0           1
2020/03/08 15:45:22 302013	INFO [input.cpp->run:235]	rotation: 
[0.9999877214431763, 0.002636909484863281, 0.004196320660412312;
 -0.00260297954082489, 0.9999639987945557, -0.00807722844183445;
 -0.004217478446662426, 0.008066176436841488, 0.9999585151672363]
2020/03/08 15:45:22 302038	INFO [input.cpp->run:256]	frame times (ms): 46.847
2020/03/08 15:45:22 302040	INFO [input.cpp->run:257]	FPS: 21.3461
2020/03/08 15:45:22 342443	INFO [input.cpp->run:173]	
frame_id 192
2020/03/08 15:45:22 364708	WARNING [visualOdometry.cpp->trackingFrame2Frame:179]	The Estimated Rotation and translation matrices(using getTransformation function) are : 
   0.999969  0.00695566  0.00376293   -0.046489
-0.00698525    0.999945  0.00790058  -0.0341127
-0.00370777 -0.00792658    0.999962   0.0264974
          0           0           0           1
2020/03/08 15:45:22 366769	INFO [input.cpp->run:235]	rotation: 
[0.9999690651893616, 0.006955663207918406, 0.003762930631637573;
 -0.006985248532146215, 0.9999447464942932, 0.00790057610720396;
 -0.003707766532897949, -0.00792657770216465, 0.9999619722366333]
2020/03/08 15:45:22 366792	INFO [input.cpp->run:256]	frame times (ms): 42.953
2020/03/08 15:45:22 366795	INFO [input.cpp->run:257]	FPS: 23.2813
2020/03/08 15:45:22 408914	INFO [input.cpp->run:173]	
frame_id 193
2020/03/08 15:45:22 432747	WARNING [visualOdometry.cpp->trackingFrame2Frame:179]	The Estimated Rotation and translation matrices(using getTransformation function) are : 
    0.999999 -8.80808e-05   0.00119594   0.00380921
 9.19998e-05     0.999995  -0.00327931    0.0127265
 -0.00119559   0.00327948     0.999994   0.00070715
           0            0            0            1
2020/03/08 15:45:22 434905	INFO [input.cpp->run:235]	rotation: 
[0.9999992251396179, -8.80807638168335e-05, 0.001195937395095825;
 9.199976921081543e-05, 0.9999945759773254, -0.003279313445091248;
 -0.001195594668388367, 0.003279481083154678, 0.9999938607215881]
2020/03/08 15:45:22 434928	INFO [input.cpp->run:256]	frame times (ms): 46.039
2020/03/08 15:45:22 434930	INFO [input.cpp->run:257]	FPS: 21.7207
2020/03/08 15:45:22 475337	INFO [input.cpp->run:173]	
frame_id 194
2020/03/08 15:45:22 499003	WARNING [visualOdometry.cpp->trackingFrame2Frame:179]	The Estimated Rotation and translation matrices(using getTransformation function) are : 
   0.999935 -0.00679052 -0.00920692    0.136135
 0.00673956    0.999962 -0.00554746   0.0434844
 0.00924402   0.0054851    0.999942   0.0307522
          0           0           0           1
2020/03/08 15:45:22 501159	INFO [input.cpp->run:235]	rotation: 
[0.9999346733093262, -0.006790518760681152, -0.009206920862197876;
 0.006739556789398193, 0.9999621510505676, -0.005547463893890381;
 0.009244024753570557, 0.005485102534294128, 0.9999423027038574]
2020/03/08 15:45:22 501189	INFO [input.cpp->run:256]	frame times (ms): 46.707
2020/03/08 15:45:22 501192	INFO [input.cpp->run:257]	FPS: 21.4101
2020/03/08 15:45:22 541947	INFO [input.cpp->run:173]	
frame_id 195
2020/03/08 15:45:22 563937	WARNING [visualOdometry.cpp->trackingFrame2Frame:179]	The Estimated Rotation and translation matrices(using getTransformation function) are : 
    0.999997  0.000386967  -0.00227316    0.0284317
-0.000378746     0.999994   0.00362682   -0.0305061
   0.0022745  -0.00362578     0.999991  -0.00177288
           0            0            0            1
2020/03/08 15:45:22 565316	INFO [input.cpp->run:235]	rotation: 
[0.9999973773956299, 0.0003869673237204552, -0.002273157238960266;
 -0.000378746073693037, 0.9999937415122986, 0.003626815276220441;
 0.002274498343467712, -0.003625776385888457, 0.9999910593032837]
2020/03/08 15:45:22 565345	INFO [input.cpp->run:256]	frame times (ms): 42.575
2020/03/08 15:45:22 565347	INFO [input.cpp->run:257]	FPS: 23.488
2020/03/08 15:45:22 609131	INFO [input.cpp->run:173]	
frame_id 196
2020/03/08 15:45:22 640165	WARNING [visualOdometry.cpp->trackingFrame2Frame:179]	The Estimated Rotation and translation matrices(using getTransformation function) are : 
   0.999979  0.00524272  0.00372101  -0.0010426
-0.00523123    0.999982 -0.00311062   0.0459554
-0.00373721  0.00309104    0.999988   0.0426049
          0           0           0           1
2020/03/08 15:45:22 642906	INFO [input.cpp->run:235]	rotation: 
[0.9999794363975525, 0.005242720246315002, 0.00372101366519928;
 -0.005231231451034546, 0.9999815225601196, -0.003110617399215698;
 -0.003737211227416992, 0.003091037273406982, 0.9999884366989136]
2020/03/08 15:45:22 642934	INFO [input.cpp->run:256]	frame times (ms): 57.907
2020/03/08 15:45:22 642937	INFO [input.cpp->run:257]	FPS: 17.2691
2020/03/08 15:45:22 675183	INFO [input.cpp->run:173]	
frame_id 197
2020/03/08 15:45:22 696146	WARNING [visualOdometry.cpp->trackingFrame2Frame:179]	The Estimated Rotation and translation matrices(using getTransformation function) are : 
           1  0.000218451  0.000571892   0.00227129
-0.000218958            1  0.000913188   -0.0153432
-0.000571579 -0.000913158            1   0.00531721
           0            0            0            1
2020/03/08 15:45:22 697442	INFO [input.cpp->run:235]	rotation: 
[0.9999998807907104, 0.0002184510231018066, 0.0005718916654586792;
 -0.0002189576625823975, 0.9999995231628418, 0.0009131878614425659;
 -0.0005715787410736084, -0.0009131580591201782, 0.9999995231628418]
2020/03/08 15:45:22 697469	INFO [input.cpp->run:256]	frame times (ms): 39.731
2020/03/08 15:45:22 697471	INFO [input.cpp->run:257]	FPS: 25.1693
2020/03/08 15:45:22 742204	INFO [input.cpp->run:173]	
frame_id 198
2020/03/08 15:45:22 773234	WARNING [visualOdometry.cpp->trackingFrame2Frame:179]	The Estimated Rotation and translation matrices(using getTransformation function) are : 
   0.999988   0.0024546  0.00420004  -0.0285208
-0.00243939    0.999991 -0.00363111   0.0143156
-0.00420892  0.00362085    0.999985 -0.00704765
          0           0           0           1
2020/03/08 15:45:22 775940	INFO [input.cpp->run:235]	rotation: 
[0.9999882578849792, 0.002454601228237152, 0.0042000412940979;
 -0.002439387142658234, 0.9999905824661255, -0.003631114959716797;
 -0.004208922386169434, 0.003620848059654236, 0.9999846816062927]
2020/03/08 15:45:22 775967	INFO [input.cpp->run:256]	frame times (ms): 59.846
2020/03/08 15:45:22 775970	INFO [input.cpp->run:257]	FPS: 16.7096
2020/03/08 15:45:22 808621	INFO [input.cpp->run:173]	
frame_id 199
2020/03/08 15:45:22 830844	WARNING [visualOdometry.cpp->trackingFrame2Frame:179]	The Estimated Rotation and translation matrices(using getTransformation function) are : 
   0.999986 -0.00354651  0.00403769  -0.0370882
 0.00351642    0.999966  0.00740873   -0.044193
-0.00406378  -0.0073942    0.999964   0.0333328
          0           0           0           1
2020/03/08 15:45:22 832943	INFO [input.cpp->run:235]	rotation: 
[0.9999855160713196, -0.00354650616645813, 0.004037685692310333;
 0.003516420722007751, 0.9999662041664124, 0.007408730685710907;
 -0.00406377762556076, -0.007394199259579182, 0.9999644160270691]
2020/03/08 15:45:22 832968	INFO [input.cpp->run:256]	frame times (ms): 41.406
2020/03/08 15:45:22 832971	INFO [input.cpp->run:257]	FPS: 24.1511
2020/03/08 15:45:22 875436	INFO [input.cpp->run:173]	
frame_id 200
2020/03/08 15:45:22 900764	WARNING [visualOdometry.cpp->trackingFrame2Frame:179]	The Estimated Rotation and translation matrices(using getTransformation function) are : 
   0.999991 -0.00369018  0.00214348   -0.051857
 0.00366575     0.99993   0.0112849  -0.0597413
-0.00218498   -0.011277    0.999934   0.0309467
          0           0           0           1
2020/03/08 15:45:22 902324	INFO [input.cpp->run:235]	rotation: 
[0.9999908208847046, -0.003690176643431187, 0.002143476158380508;
 0.003665754571557045, 0.999929666519165, 0.01128491573035717;
 -0.002184979617595673, -0.01127700693905354, 0.9999339580535889]
2020/03/08 15:45:22 902353	INFO [input.cpp->run:256]	frame times (ms): 48.59
2020/03/08 15:45:22 902357	INFO [input.cpp->run:257]	FPS: 20.5804
2020/03/08 15:45:22 941961	INFO [input.cpp->run:173]	
frame_id 201
2020/03/08 15:45:22 962937	WARNING [visualOdometry.cpp->trackingFrame2Frame:179]	The Estimated Rotation and translation matrices(using getTransformation function) are : 
    0.99999  0.00168075  0.00411448  -0.0614631
-0.00168666    0.999998   0.0014369 -0.00973237
-0.00411207  -0.0014439    0.999991  0.00511312
          0           0           0           1
2020/03/08 15:45:22 964191	INFO [input.cpp->run:235]	rotation: 
[0.9999902248382568, 0.001680746674537659, 0.004114483017474413;
 -0.001686662435531616, 0.999997615814209, 0.001436903257854283;
 -0.004112066701054573, -0.001443902612663805, 0.9999905824661255]
2020/03/08 15:45:22 964221	INFO [input.cpp->run:256]	frame times (ms): 40.099
2020/03/08 15:45:22 964224	INFO [input.cpp->run:257]	FPS: 24.9383
2020/03/08 15:45:23 009061	INFO [input.cpp->run:173]	
frame_id 202
2020/03/08 15:45:23 037949	WARNING [visualOdometry.cpp->trackingFrame2Frame:179]	The Estimated Rotation and translation matrices(using getTransformation function) are : 
   0.999986  0.00456072    0.002765  -0.0424204
-0.00454723    0.999978 -0.00486656   0.0177546
-0.00278712  0.00485393    0.999984  -0.0129309
          0           0           0           1
2020/03/08 15:45:23 040267	INFO [input.cpp->run:235]	rotation: 
[0.999985933303833, 0.004560723900794983, 0.002764999866485596;
 -0.004547231830656528, 0.9999780058860779, -0.0048665557987988;
 -0.002787120640277863, 0.004853925202041864, 0.9999843239784241]
2020/03/08 15:45:23 040292	INFO [input.cpp->run:256]	frame times (ms): 55.455
2020/03/08 15:45:23 040295	INFO [input.cpp->run:257]	FPS: 18.0326
2020/03/08 15:45:23 075275	INFO [input.cpp->run:173]	
frame_id 203
2020/03/08 15:45:23 097748	WARNING [visualOdometry.cpp->trackingFrame2Frame:179]	The Estimated Rotation and translation matrices(using getTransformation function) are : 
   0.999995  0.00228199  0.00218859  -0.0494852
-0.00228912    0.999992  0.00326138  -0.0302497
-0.00218116 -0.00326637    0.999992  0.00318003
          0           0           0           1
2020/03/08 15:45:23 099880	INFO [input.cpp->run:235]	rotation: 
[0.9999950528144836, 0.002281991764903069, 0.002188593149185181;
 -0.002289116382598877, 0.9999920129776001, 0.00326137850061059;
 -0.002181157469749451, -0.003266370855271816, 0.9999924898147583]
2020/03/08 15:45:23 099903	INFO [input.cpp->run:256]	frame times (ms): 43.777
2020/03/08 15:45:23 099906	INFO [input.cpp->run:257]	FPS: 22.843
g3log g3FileSink shutdown at: 15:45:23 161266
