		g3log created log at: Sun Mar 08 16:05:04 2020
		LOG format: [YYYY/MM/DD hh:mm:ss uuu* LEVEL FILE->FUNCTION:LINE] message		(uuu*: microseconds fractions of the seconds value)

2020/03/08 16:05:04 329407	INFO [g3logger.h->logBanner:29]	Starting log.
2020/03/08 16:05:04 334939	DEBUG [main.cpp->main:49]	Filepath: /home/mitchell/KITTI/data_odometry_gray/dataset/sequences/00/
2020/03/08 16:05:04 334944	DEBUG [main.cpp->main:53]	Calibration Filepath: /home/mitchell/visual_odom_ws/src/visual_odom/calibration/old/zed.yaml
2020/03/08 16:05:04 335017	INFO [main.cpp->main:67]	P_left: 
[718.85602, 0, 607.19281, 0;
 0, 718.85602, 185.2157, 0;
 0, 0, 1, 0]
2020/03/08 16:05:04 335026	INFO [main.cpp->main:68]	P_right: 
[718.85602, 0, 607.19281, -386.14481;
 0, 718.85602, 185.2157, 0;
 0, 0, 1, 0]
2020/03/08 16:05:04 386821	INFO [input.cpp->Input:22]	frame_pose [1, 0, 0, 0;
 0, 1, 0, 0;
 0, 0, 1, 0;
 0, 0, 0, 1]
2020/03/08 16:05:04 663182	INFO [input.cpp->run:173]	
frame_id 1
2020/03/08 16:05:04 724967	INFO [input.cpp->run:196]	Not enough points
2020/03/08 16:05:04 726572	INFO [input.cpp->run:173]	
frame_id 2
2020/03/08 16:05:04 753268	INFO [input.cpp->run:196]	Not enough points
2020/03/08 16:05:04 787683	INFO [input.cpp->run:173]	
frame_id 3
2020/03/08 16:05:04 814315	INFO [input.cpp->run:196]	Not enough points
2020/03/08 16:05:04 854352	INFO [input.cpp->run:173]	
frame_id 4
2020/03/08 16:05:04 889381	INFO [input.cpp->run:196]	Not enough points
2020/03/08 16:05:04 920693	INFO [input.cpp->run:173]	
frame_id 5
2020/03/08 16:05:04 947349	INFO [input.cpp->run:196]	Not enough points
2020/03/08 16:05:04 987885	INFO [input.cpp->run:173]	
frame_id 6
2020/03/08 16:05:05 026921	INFO [input.cpp->run:196]	Not enough points
2020/03/08 16:05:05 054019	INFO [input.cpp->run:173]	
frame_id 7
2020/03/08 16:05:05 082526	INFO [input.cpp->run:196]	Not enough points
2020/03/08 16:05:05 120782	INFO [input.cpp->run:173]	
frame_id 8
2020/03/08 16:05:05 153497	INFO [input.cpp->run:196]	Not enough points
2020/03/08 16:05:05 187701	INFO [input.cpp->run:173]	
frame_id 9
2020/03/08 16:05:05 214884	INFO [input.cpp->run:196]	Not enough points
2020/03/08 16:05:05 254699	INFO [input.cpp->run:173]	
frame_id 10
2020/03/08 16:05:05 289897	INFO [input.cpp->run:196]	Not enough points
2020/03/08 16:05:05 320850	INFO [input.cpp->run:173]	
frame_id 11
2020/03/08 16:05:05 347666	INFO [input.cpp->run:196]	Not enough points
2020/03/08 16:05:05 387425	INFO [input.cpp->run:173]	
frame_id 12
2020/03/08 16:05:05 417512	INFO [input.cpp->run:196]	Not enough points
2020/03/08 16:05:05 454273	INFO [input.cpp->run:173]	
frame_id 13
2020/03/08 16:05:05 487303	INFO [input.cpp->run:196]	Not enough points
2020/03/08 16:05:05 521654	INFO [input.cpp->run:173]	
frame_id 14
2020/03/08 16:05:05 549809	INFO [input.cpp->run:196]	Not enough points
2020/03/08 16:05:05 587936	INFO [input.cpp->run:173]	
frame_id 15
2020/03/08 16:05:05 618917	INFO [input.cpp->run:196]	Not enough points
2020/03/08 16:05:05 654674	INFO [input.cpp->run:173]	
frame_id 16
2020/03/08 16:05:05 682592	INFO [input.cpp->run:196]	Not enough points
2020/03/08 16:05:05 721724	INFO [input.cpp->run:173]	
frame_id 17
2020/03/08 16:05:05 751300	INFO [input.cpp->run:196]	Not enough points
2020/03/08 16:05:05 787943	INFO [input.cpp->run:173]	
frame_id 18
2020/03/08 16:05:05 818386	INFO [input.cpp->run:196]	Not enough points
2020/03/08 16:05:05 853988	INFO [input.cpp->run:173]	
frame_id 19
2020/03/08 16:05:05 882880	INFO [input.cpp->run:196]	Not enough points
2020/03/08 16:05:05 921060	INFO [input.cpp->run:173]	
frame_id 20
2020/03/08 16:05:05 953763	INFO [input.cpp->run:196]	Not enough points
2020/03/08 16:05:05 987877	INFO [input.cpp->run:173]	
frame_id 21
2020/03/08 16:05:06 016414	INFO [input.cpp->run:196]	Not enough points
2020/03/08 16:05:06 055045	INFO [input.cpp->run:173]	
frame_id 22
2020/03/08 16:05:06 081931	INFO [input.cpp->run:196]	Not enough points
2020/03/08 16:05:06 121030	INFO [input.cpp->run:173]	
frame_id 23
2020/03/08 16:05:06 149879	INFO [input.cpp->run:196]	Not enough points
2020/03/08 16:05:06 187443	INFO [input.cpp->run:173]	
frame_id 24
2020/03/08 16:05:06 217795	INFO [input.cpp->run:196]	Not enough points
2020/03/08 16:05:06 253991	INFO [input.cpp->run:173]	
frame_id 25
2020/03/08 16:05:06 283056	INFO [input.cpp->run:196]	Not enough points
2020/03/08 16:05:06 321152	INFO [input.cpp->run:173]	
frame_id 26
2020/03/08 16:05:06 349689	INFO [input.cpp->run:196]	Not enough points
2020/03/08 16:05:06 387671	INFO [input.cpp->run:173]	
frame_id 27
2020/03/08 16:05:06 414536	INFO [input.cpp->run:196]	Not enough points
2020/03/08 16:05:06 454707	INFO [input.cpp->run:173]	
frame_id 28
2020/03/08 16:05:06 486565	INFO [input.cpp->run:196]	Not enough points
2020/03/08 16:05:06 520912	INFO [input.cpp->run:173]	
frame_id 29
2020/03/08 16:05:06 547782	INFO [input.cpp->run:196]	Not enough points
2020/03/08 16:05:06 587775	INFO [input.cpp->run:173]	
frame_id 30
2020/03/08 16:05:06 621615	INFO [input.cpp->run:196]	Not enough points
2020/03/08 16:05:06 654336	INFO [input.cpp->run:173]	
frame_id 31
2020/03/08 16:05:06 682820	INFO [input.cpp->run:196]	Not enough points
2020/03/08 16:05:06 720976	INFO [input.cpp->run:173]	
frame_id 32
2020/03/08 16:05:06 749501	INFO [input.cpp->run:196]	Not enough points
2020/03/08 16:05:06 787833	INFO [input.cpp->run:173]	
frame_id 33
2020/03/08 16:05:06 823267	INFO [input.cpp->run:196]	Not enough points
2020/03/08 16:05:06 854325	INFO [input.cpp->run:173]	
frame_id 34
2020/03/08 16:05:06 880577	INFO [input.cpp->run:196]	Not enough points
2020/03/08 16:05:06 921119	INFO [input.cpp->run:173]	
frame_id 35
2020/03/08 16:05:06 953318	INFO [input.cpp->run:196]	Not enough points
2020/03/08 16:05:06 987687	INFO [input.cpp->run:173]	
frame_id 36
2020/03/08 16:05:07 015081	INFO [input.cpp->run:196]	Not enough points
2020/03/08 16:05:07 054349	INFO [input.cpp->run:173]	
frame_id 37
2020/03/08 16:05:07 080175	INFO [input.cpp->run:196]	Not enough points
2020/03/08 16:05:07 121951	INFO [input.cpp->run:173]	
frame_id 38
2020/03/08 16:05:07 159109	INFO [input.cpp->run:196]	Not enough points
2020/03/08 16:05:07 187623	INFO [input.cpp->run:173]	
frame_id 39
2020/03/08 16:05:07 212181	INFO [input.cpp->run:196]	Not enough points
2020/03/08 16:05:07 254361	INFO [input.cpp->run:173]	
frame_id 40
2020/03/08 16:05:07 285066	INFO [input.cpp->run:196]	Not enough points
2020/03/08 16:05:07 321041	INFO [input.cpp->run:173]	
frame_id 41
2020/03/08 16:05:07 350777	INFO [input.cpp->run:196]	Not enough points
2020/03/08 16:05:07 387630	INFO [input.cpp->run:173]	
frame_id 42
2020/03/08 16:05:07 414489	INFO [input.cpp->run:196]	Not enough points
2020/03/08 16:05:07 454291	INFO [input.cpp->run:173]	
frame_id 43
2020/03/08 16:05:07 483347	INFO [input.cpp->run:196]	Not enough points
2020/03/08 16:05:07 520917	INFO [input.cpp->run:173]	
frame_id 44
2020/03/08 16:05:07 550547	INFO [input.cpp->run:196]	Not enough points
2020/03/08 16:05:07 587529	INFO [input.cpp->run:173]	
frame_id 45
2020/03/08 16:05:07 618615	INFO [input.cpp->run:196]	Not enough points
2020/03/08 16:05:07 654480	INFO [input.cpp->run:173]	
frame_id 46
2020/03/08 16:05:07 683956	INFO [input.cpp->run:196]	Not enough points
2020/03/08 16:05:07 721399	INFO [input.cpp->run:173]	
frame_id 47
2020/03/08 16:05:07 754178	INFO [input.cpp->run:196]	Not enough points
2020/03/08 16:05:07 787680	INFO [input.cpp->run:173]	
frame_id 48
2020/03/08 16:05:07 815402	INFO [input.cpp->run:196]	Not enough points
2020/03/08 16:05:07 854455	INFO [input.cpp->run:173]	
frame_id 49
2020/03/08 16:05:07 889807	INFO [input.cpp->run:196]	Not enough points
2020/03/08 16:05:07 921141	INFO [input.cpp->run:173]	
frame_id 50
2020/03/08 16:05:07 953473	INFO [input.cpp->run:196]	Not enough points
2020/03/08 16:05:07 987612	INFO [input.cpp->run:173]	
frame_id 51
2020/03/08 16:05:08 021462	INFO [input.cpp->run:196]	Not enough points
2020/03/08 16:05:08 054198	INFO [input.cpp->run:173]	
frame_id 52
2020/03/08 16:05:08 086044	INFO [input.cpp->run:196]	Not enough points
2020/03/08 16:05:08 120858	INFO [input.cpp->run:173]	
frame_id 53
2020/03/08 16:05:08 158909	INFO [input.cpp->run:196]	Not enough points
2020/03/08 16:05:08 187536	INFO [input.cpp->run:173]	
frame_id 54
2020/03/08 16:05:08 219698	INFO [input.cpp->run:196]	Not enough points
2020/03/08 16:05:08 254106	INFO [input.cpp->run:173]	
frame_id 55
2020/03/08 16:05:08 293375	INFO [input.cpp->run:196]	Not enough points
2020/03/08 16:05:08 321157	INFO [input.cpp->run:173]	
frame_id 56
2020/03/08 16:05:08 353047	INFO [input.cpp->run:196]	Not enough points
2020/03/08 16:05:08 387700	INFO [input.cpp->run:173]	
frame_id 57
2020/03/08 16:05:08 424054	INFO [input.cpp->run:196]	Not enough points
2020/03/08 16:05:08 454479	INFO [input.cpp->run:173]	
frame_id 58
2020/03/08 16:05:08 487770	INFO [input.cpp->run:196]	Not enough points
2020/03/08 16:05:08 520930	INFO [input.cpp->run:173]	
frame_id 59
2020/03/08 16:05:08 553912	INFO [input.cpp->run:196]	Not enough points
2020/03/08 16:05:08 587416	INFO [input.cpp->run:173]	
frame_id 60
2020/03/08 16:05:08 615094	INFO [input.cpp->run:196]	Not enough points
2020/03/08 16:05:08 654170	INFO [input.cpp->run:173]	
frame_id 61
2020/03/08 16:05:08 688661	INFO [input.cpp->run:196]	Not enough points
2020/03/08 16:05:08 721236	INFO [input.cpp->run:173]	
frame_id 62
2020/03/08 16:05:08 762668

***** FATAL SIGNAL RECEIVED ******* 
Received fatal signal: SIGABRT(6)	PID: 30507

***** SIGNAL SIGABRT(6)

*******	STACKDUMP *******
	stack dump [1]  /home/mitchell/visual_odom_ws/devel/.private/g3log_catkin/lib/g3log_catkin/src/g3log-build/libg3logger.so.1.3.2-87+0x11d0e [0x7fbd12aacd0e]
	stack dump [2]  /lib/x86_64-linux-gnu/libpthread.so.0+0x12890 [0x7fbd12ce1890]
	stack dump [3]  /lib/x86_64-linux-gnu/libc.so.6gsignal+0xc7 [0x7fbd111ade97]
	stack dump [4]  /lib/x86_64-linux-gnu/libc.so.6abort+0x141 [0x7fbd111af801]
	stack dump [5]  /usr/lib/x86_64-linux-gnu/libstdc++.so.6+0x9987e [0x7fbd1181187e]
	stack dump [6]  /usr/lib/x86_64-linux-gnu/libstdc++.so.6+0xa5486 [0x7fbd1181d486]
	stack dump [7]  /usr/lib/x86_64-linux-gnu/libstdc++.so.6+0xa54f1 [0x7fbd1181d4f1]
	stack dump [8]  /usr/lib/x86_64-linux-gnu/libstdc++.so.6+0xa5745 [0x7fbd1181d745]

	stack dump [9]  /usr/lib/x86_64-linux-gnu/libopencv_core.so.3.2 : cv::error(cv::Exception const&)+0x122 [0x7fbd13ca98a2]

	stack dump [10]  /usr/lib/x86_64-linux-gnu/libopencv_core.so.3.2 : cv::error(int, cv::String const&, char const*, char const*, int)+0x6f [0x7fbd13ca99bf]
	stack dump [11]  /usr/lib/x86_64-linux-gnu/libopencv_video.so.3.2+0x2b901 [0x7fbd0cbf3901]

	stack dump [12]  /usr/lib/x86_64-linux-gnu/libopencv_video.so.3.2 : cv::calcOpticalFlowPyrLK(cv::_InputArray const&, cv::_InputArray const&, cv::_InputArray const&, cv::_InputOutputArray const&, cv::_OutputArray const&, cv::_OutputArray const&, cv::Size_<int>, int, cv::TermCriteria, int, double)+0x83 [0x7fbd0cbf16a3]

	stack dump [13]  /home/mitchell/visual_odom_ws/devel/lib/libfeature.so : circularMatching(cv::Mat, cv::Mat, cv::Mat, cv::Mat, std::vector<cv::Point_<float>, std::allocator<cv::Point_<float> > >&, std::vector<cv::Point_<float>, std::allocator<cv::Point_<float> > >&, std::vector<cv::Point_<float>, std::allocator<cv::Point_<float> > >&, std::vector<cv::Point_<float>, std::allocator<cv::Point_<float> > >&, std::vector<cv::Point_<float>, std::allocator<cv::Point_<float> > >&, FeatureSet&)+0x22e [0x7fbd0ee0afae]

	stack dump [14]  /home/mitchell/visual_odom_ws/devel/lib/libvisualOdometry.so : matchingFeatures(cv::Mat&, cv::Mat&, cv::Mat&, cv::Mat&, FeatureSet&, std::vector<cv::Point_<float>, std::allocator<cv::Point_<float> > >&, std::vector<cv::Point_<float>, std::allocator<cv::Point_<float> > >&, std::vector<cv::Point_<float>, std::allocator<cv::Point_<float> > >&, std::vector<cv::Point_<float>, std::allocator<cv::Point_<float> > >&)+0x136 [0x7fbd1266d526]

	stack dump [15]  /home/mitchell/visual_odom_ws/devel/lib/libinput.so : Input::run()+0x2b5 [0x7fbd12892165]

	stack dump [16]  /home/mitchell/visual_odom_ws/devel/lib/libinput.so : Input::imageSyncCallback(boost::shared_ptr<sensor_msgs::Image_<std::allocator<void> > const> const&, boost::shared_ptr<sensor_msgs::Image_<std::allocator<void> > const> const&)+0x328 [0x7fbd12894b28]

	stack dump [17]  /home/mitchell/visual_odom_ws/devel/lib/stereo_visual_odom/run : boost::detail::function::void_function_obj_invoker9<boost::function<void (boost::shared_ptr<sensor_msgs::Image_<std::allocator<void> > const> const&, boost::shared_ptr<sensor_msgs::Image_<std::allocator<void> > const> const&, boost::shared_ptr<message_filters::NullType const> const&, boost::shared_ptr<message_filters::NullType const> const&, boost::shared_ptr<message_filters::NullType const> const&, boost::shared_ptr<message_filters::NullType const> const&, boost::shared_ptr<message_filters::NullType const> const&, boost::shared_ptr<message_filters::NullType const> const&, boost::shared_ptr<message_filters::NullType const> const&)>, void, boost::shared_ptr<sensor_msgs::Image_<std::allocator<void> > const>, boost::shared_ptr<sensor_msgs::Image_<std::allocator<void> > const>, boost::shared_ptr<message_filters::NullType const>, boost::shared_ptr<message_filters::NullType const>, boost::shared_ptr<message_filters::NullType const>, boost::shared_ptr<message_filters::NullType const>, boost::shared_ptr<message_filters::NullType const>, boost::shared_ptr<message_filters::NullType const>, boost::shared_ptr<message_filters::NullType const> >::invoke(boost::detail::function::function_buffer&, boost::shared_ptr<sensor_msgs::Image_<std::allocator<void> > const>, boost::shared_ptr<sensor_msgs::Image_<std::allocator<void> > const>, boost::shared_ptr<message_filters::NullType const>, boost::shared_ptr<message_filters::NullType const>, boost::shared_ptr<message_filters::NullType const>, boost::shared_ptr<message_filters::NullType const>, boost::shared_ptr<message_filters::NullType const>, boost::shared_ptr<message_filters::NullType const>, boost::shared_ptr<message_filters::NullType const>)+0x48 [0x5584286b7158]

	stack dump [18]  /home/mitchell/visual_odom_ws/devel/lib/stereo_visual_odom/run : message_filters::CallbackHelper9T<boost::shared_ptr<sensor_msgs::Image_<std::allocator<void> > const> const&, boost::shared_ptr<sensor_msgs::Image_<std::allocator<void> > const> const&, boost::shared_ptr<message_filters::NullType const> const&, boost::shared_ptr<message_filters::NullType const> const&, boost::shared_ptr<message_filters::NullType const> const&, boost::shared_ptr<message_filters::NullType const> const&, boost::shared_ptr<message_filters::NullType const> const&, boost::shared_ptr<message_filters::NullType const> const&, boost::shared_ptr<message_filters::NullType const> const&>::call(bool, ros::MessageEvent<sensor_msgs::Image_<std::allocator<void> > const> const&, ros::MessageEvent<sensor_msgs::Image_<std::allocator<void> > const> const&, ros::MessageEvent<message_filters::NullType const> const&, ros::MessageEvent<message_filters::NullType const> const&, ros::MessageEvent<message_filters::NullType const> const&, ros::MessageEvent<message_filters::NullType const> const&, ros::MessageEvent<message_filters::NullType const> const&, ros::MessageEvent<message_filters::NullType const> const&, ros::MessageEvent<message_filters::NullType const> const&)+0x3fe [0x5584286c6e1e]

	stack dump [19]  /home/mitchell/visual_odom_ws/devel/lib/stereo_visual_odom/run : message_filters::sync_policies::ApproximateTime<sensor_msgs::Image_<std::allocator<void> >, sensor_msgs::Image_<std::allocator<void> >, message_filters::NullType, message_filters::NullType, message_filters::NullType, message_filters::NullType, message_filters::NullType, message_filters::NullType, message_filters::NullType>::publishCandidate()+0x12d [0x5584286c343d]

	stack dump [20]  /home/mitchell/visual_odom_ws/devel/lib/stereo_visual_odom/run : message_filters::sync_policies::ApproximateTime<sensor_msgs::Image_<std::allocator<void> >, sensor_msgs::Image_<std::allocator<void> >, message_filters::NullType, message_filters::NullType, message_filters::NullType, message_filters::NullType, message_filters::NullType, message_filters::NullType, message_filters::NullType>::process()+0x388 [0x5584286c4998]

	stack dump [21]  /home/mitchell/visual_odom_ws/devel/lib/stereo_visual_odom/run : void message_filters::sync_policies::ApproximateTime<sensor_msgs::Image_<std::allocator<void> >, sensor_msgs::Image_<std::allocator<void> >, message_filters::NullType, message_filters::NullType, message_filters::NullType, message_filters::NullType, message_filters::NullType, message_filters::NullType, message_filters::NullType>::add<1>(boost::mpl::at_c<boost::mpl::vector<ros::MessageEvent<sensor_msgs::Image_<std::allocator<void> > const>, ros::MessageEvent<sensor_msgs::Image_<std::allocator<void> > const>, ros::MessageEvent<message_filters::NullType const>, ros::MessageEvent<message_filters::NullType const>, ros::MessageEvent<message_filters::NullType const>, ros::MessageEvent<message_filters::NullType const>, ros::MessageEvent<message_filters::NullType const>, ros::MessageEvent<message_filters::NullType const>, ros::MessageEvent<message_filters::NullType const>, mpl_::na, mpl_::na, mpl_::na, mpl_::na, mpl_::na, mpl_::na, mpl_::na, mpl_::na, mpl_::na, mpl_::na, mpl_::na>, 1>::type const&)+0x280 [0x5584286c6490]

	stack dump [22]  /home/mitchell/visual_odom_ws/devel/lib/stereo_visual_odom/run : message_filters::Subscriber<sensor_msgs::Image_<std::allocator<void> > >::cb(ros::MessageEvent<sensor_msgs::Image_<std::allocator<void> > const> const&)+0x115 [0x5584286be025]

	stack dump [23]  /home/mitchell/visual_odom_ws/devel/lib/stereo_visual_odom/run : ros::SubscriptionCallbackHelperT<ros::MessageEvent<sensor_msgs::Image_<std::allocator<void> > const> const&, void>::call(ros::SubscriptionCallbackHelperCallParams&)+0x219 [0x5584286be459]

	stack dump [24]  /opt/ros/melodic/lib/libroscpp.so : ros::SubscriptionQueue::call()+0x832 [0x7fbd1368c792]

	stack dump [25]  /opt/ros/melodic/lib/libroscpp.so : ros::CallbackQueue::callOneCB(ros::CallbackQueue::TLS*)+0x58c [0x7fbd13636e8c]

	stack dump [26]  /opt/ros/melodic/lib/libroscpp.so : ros::CallbackQueue::callAvailable(ros::WallDuration)+0x36b [0x7fbd1363827b]

	stack dump [27]  /opt/ros/melodic/lib/libroscpp.so : ros::SingleThreadedSpinner::spin(ros::CallbackQueue*)+0x309 [0x7fbd136902e9]

	stack dump [28]  /opt/ros/melodic/lib/libroscpp.so : ros::spin()+0x2b [0x7fbd13678b5b]
	stack dump [29]  /home/mitchell/visual_odom_ws/devel/lib/stereo_visual_odom/runmain+0x1365 [0x5584286a79d5]
	stack dump [30]  /lib/x86_64-linux-gnu/libc.so.6__libc_start_main+0xe7 [0x7fbd11190b97]
	stack dump [31]  /home/mitchell/visual_odom_ws/devel/lib/stereo_visual_odom/run_start+0x2a [0x5584286a824a]

Exiting after fatal event  (FATAL_SIGNAL). Fatal type:  SIGABRT
Log content flushed sucessfully to sink


g3log g3FileSink shutdown at: 16:05:08 763289
